[ 2013-09-23T00:04:45+08:00 ] 192.168.132.88 /api/uc.php?time=1379865884&code=1e922q1SPvGXIINVGKu1MYcMrF2J1OhSUrBgTzWkY%2BgB3uyBjO3lUlAKDBCBSfRkEsjmbZ9Lb6X4Ot2lyfSBZUyclaqiAaL0Q03qTganOPdX9mvknBqXbP2YJb89zZWtAWZEh1al3WdVyI6hNQTKdRufigRPAx4wRu8sCR5O3qDcm%2BvTkA
INFO: [ app_begin ] --START--
INFO: Run ReadHtmlCache Behavior [ RunTime:0.001044s ]
INFO: [ app_begin ] --END-- [ RunTime:0.001134s ]
NOTIC: [8] Constant UC_CLIENT_VERSION already defined D:\wwwroot\mainweb\sdk\api\UcApi\Lib\Action\IndexAction.class.php 第 4 行.
NOTIC: [8] Constant UC_CLIENT_RELEASE already defined D:\wwwroot\mainweb\sdk\api\UcApi\Lib\Action\IndexAction.class.php 第 5 行.
NOTIC: [2048] Only variables should be passed by reference D:\wwwroot\mainweb\sdk\api\UcApi\Lib\Action\IndexAction.class.php 第 63 行.
NOTIC: [8] Constant API_RETURN_FAILED already defined D:\wwwroot\mainweb\sdk\uc_client\model\note.php 第 16 行.
SQL: SHOW COLUMNS FROM `sdk_accounts` [ RunTime:0.002020s ]
SQL: SELECT * FROM `sdk_accounts` WHERE ( `account_id` = 454 ) LIMIT 1   [ RunTime:0.000425s ]

[ 2013-09-23T08:24:42+08:00 ] 192.168.203.143 /api/uc.php?time=1379895882&code=8ffdlaP8MxsSyLUEQO%2BbBOLPUvZu8r234bc%2FRP95owAqmhPj4mSkMeN5Yw%2FdG2OPSZspygeN7pApVW75mRwQCQfh47ok7Ea4dZpkLQis%2B9AbznCtZQdlzq9hRWUNlR4%2BN2eVd2QmLRs4cxICnrGoxi3nf1RiBoqiF6fK
INFO: [ app_begin ] --START--
INFO: Run ReadHtmlCache Behavior [ RunTime:0.001189s ]
INFO: [ app_begin ] --END-- [ RunTime:0.001282s ]
NOTIC: [8] Constant UC_CLIENT_VERSION already defined D:\wwwroot\mainweb\sdk\api\UcApi\Lib\Action\IndexAction.class.php 第 4 行.
NOTIC: [8] Constant UC_CLIENT_RELEASE already defined D:\wwwroot\mainweb\sdk\api\UcApi\Lib\Action\IndexAction.class.php 第 5 行.
NOTIC: [2048] Only variables should be passed by reference D:\wwwroot\mainweb\sdk\api\UcApi\Lib\Action\IndexAction.class.php 第 63 行.
NOTIC: [8] Constant API_RETURN_FAILED already defined D:\wwwroot\mainweb\sdk\uc_client\model\note.php 第 16 行.
SQL: SHOW COLUMNS FROM `sdk_accounts` [ RunTime:0.002184s ]
SQL: SELECT * FROM `sdk_accounts` WHERE ( `account_id` = 648 ) LIMIT 1   [ RunTime:0.000334s ]

[ 2013-09-23T09:09:38+08:00 ] 192.168.185.2 /api/uc.php?time=1379898578&code=f67aYCRODRD3XZaI%2BsWq83gM9%2BlWcpkPdnJCsMozHwArfocAoxWh0MJm%2BOVJ49qp5L%2BGIjQWHGf2Y8GIFWvZuN17tmkn%2BejbFnaNmN%2BqyTCl%2BJDB%2FBm7ndHPi4abFXgIk2Oj7A78ja3Mod%2FHXLqrguKh0hxaZSAhM2ZIq%2FfyTRYd9g
INFO: [ app_begin ] --START--
INFO: Run ReadHtmlCache Behavior [ RunTime:0.001049s ]
INFO: [ app_begin ] --END-- [ RunTime:0.001141s ]
NOTIC: [8] Constant UC_CLIENT_VERSION already defined D:\wwwroot\mainweb\sdk\api\UcApi\Lib\Action\IndexAction.class.php 第 4 行.
NOTIC: [8] Constant UC_CLIENT_RELEASE already defined D:\wwwroot\mainweb\sdk\api\UcApi\Lib\Action\IndexAction.class.php 第 5 行.
NOTIC: [2048] Only variables should be passed by reference D:\wwwroot\mainweb\sdk\api\UcApi\Lib\Action\IndexAction.class.php 第 63 行.
NOTIC: [8] Constant API_RETURN_FAILED already defined D:\wwwroot\mainweb\sdk\uc_client\model\note.php 第 16 行.
SQL: SHOW COLUMNS FROM `sdk_accounts` [ RunTime:0.002293s ]
SQL: SELECT * FROM `sdk_accounts` WHERE ( `account_id` = 2177 ) LIMIT 1   [ RunTime:0.000461s ]

[ 2013-09-23T09:12:05+08:00 ] 192.168.186.134 /api/uc.php?time=1379898724&code=3e51HGsES5I6F3FEFRIt44BJabtL0WG0kZXYjJeUHjQIDTXBAZWGWte6oMoJOBoTYGBpfls0yBw5Z5BZ7PLhyoNapSDKAgWfbDyOFJIbVFSXpYLg1We2Ck0ZkQYlyt1kWCqi4kj8imYuxgMuAGjuQuIBahB7V6bGSFlYg8BC0yGutA
INFO: [ app_begin ] --START--
INFO: Run ReadHtmlCache Behavior [ RunTime:0.001114s ]
INFO: [ app_begin ] --END-- [ RunTime:0.001204s ]
NOTIC: [8] Constant UC_CLIENT_VERSION already defined D:\wwwroot\mainweb\sdk\api\UcApi\Lib\Action\IndexAction.class.php 第 4 行.
NOTIC: [8] Constant UC_CLIENT_RELEASE already defined D:\wwwroot\mainweb\sdk\api\UcApi\Lib\Action\IndexAction.class.php 第 5 行.
NOTIC: [2048] Only variables should be passed by reference D:\wwwroot\mainweb\sdk\api\UcApi\Lib\Action\IndexAction.class.php 第 63 行.
NOTIC: [8] Constant API_RETURN_FAILED already defined D:\wwwroot\mainweb\sdk\uc_client\model\note.php 第 16 行.
SQL: SHOW COLUMNS FROM `sdk_accounts` [ RunTime:0.002194s ]
SQL: SELECT * FROM `sdk_accounts` WHERE ( `account_id` = 1471 ) LIMIT 1   [ RunTime:0.000603s ]

[ 2013-09-23T09:46:25+08:00 ] 192.168.164.201 /api/uc.php?time=1379900784&code=6752TzzF3Fb46hxFKcDlFQAs67v5x7sDlVzB3ZorsdKTHh%2FJuVH4f4LAhzi8iCUJ027jZE8c6NQ%2BzxbyhA8iC15h5a0qigy5qa4MERY6mErNC1ABhKToAQwmQpFLzEEaeHuVv2qrw%2Bj8YwSla1WOOsRYEnJ4gkJqlF6kK4%2FFlPnzsYo
INFO: [ app_begin ] --START--
INFO: Run ReadHtmlCache Behavior [ RunTime:0.001259s ]
INFO: [ app_begin ] --END-- [ RunTime:0.001353s ]
NOTIC: [8] Constant UC_CLIENT_VERSION already defined D:\wwwroot\mainweb\sdk\api\UcApi\Lib\Action\IndexAction.class.php 第 4 行.
NOTIC: [8] Constant UC_CLIENT_RELEASE already defined D:\wwwroot\mainweb\sdk\api\UcApi\Lib\Action\IndexAction.class.php 第 5 行.
NOTIC: [2048] Only variables should be passed by reference D:\wwwroot\mainweb\sdk\api\UcApi\Lib\Action\IndexAction.class.php 第 63 行.
NOTIC: [8] Constant API_RETURN_FAILED already defined D:\wwwroot\mainweb\sdk\uc_client\model\note.php 第 16 行.
SQL: SHOW COLUMNS FROM `sdk_accounts` [ RunTime:0.002470s ]
SQL: SELECT * FROM `sdk_accounts` WHERE ( `account_id` = 2290 ) LIMIT 1   [ RunTime:0.000506s ]

[ 2013-09-23T11:35:29+08:00 ] 192.168.137.65 /api/uc.php?time=1379907329&code=864eZRchQf4uIA7fvbJsmDxKqJ%2FaW%2BCOCpyX20ARK84mimtuBX1ZE4sPDwRPJKGfLBGeJlUdFFofNswcb5X33ns7RsUeiz7zf%2FQpGQkzPd3d0YXvHz1rcAXJkO1LUM%2BpdreBMnstY6RniY%2F3C3nlYMNKvro3kcztVLyHaXs
INFO: [ app_begin ] --START--
INFO: Run ReadHtmlCache Behavior [ RunTime:0.001391s ]
INFO: [ app_begin ] --END-- [ RunTime:0.001485s ]
NOTIC: [8] Constant UC_CLIENT_VERSION already defined D:\wwwroot\mainweb\sdk\api\UcApi\Lib\Action\IndexAction.class.php 第 4 行.
NOTIC: [8] Constant UC_CLIENT_RELEASE already defined D:\wwwroot\mainweb\sdk\api\UcApi\Lib\Action\IndexAction.class.php 第 5 行.
NOTIC: [2048] Only variables should be passed by reference D:\wwwroot\mainweb\sdk\api\UcApi\Lib\Action\IndexAction.class.php 第 63 行.
NOTIC: [8] Constant API_RETURN_FAILED already defined D:\wwwroot\mainweb\sdk\uc_client\model\note.php 第 16 行.
SQL: SHOW COLUMNS FROM `sdk_accounts` [ RunTime:0.002628s ]
SQL: SELECT * FROM `sdk_accounts` WHERE ( `account_id` = 875 ) LIMIT 1   [ RunTime:0.000606s ]

[ 2013-09-23T11:56:47+08:00 ] 192.168.192.16 /api/uc.php?time=1379908607&code=2dedcejNDohwDIfD3jaPbWArQ%2BzoloDgXD%2B6TjzdyHE3S5Om%2BbYs1AuZmMmDPN9DBPbhlB1MejJotfpszy251A7qmr7Tb%2FMNzzB4pfOqOjBvLpoma2TSImYmaf%2FqkcFyX5WKk8FiJTgM2gdCSHo7cWuNay60QTKivyhsiDMHFw
INFO: [ app_begin ] --START--
INFO: Run ReadHtmlCache Behavior [ RunTime:0.001331s ]
INFO: [ app_begin ] --END-- [ RunTime:0.001422s ]
NOTIC: [8] Constant UC_CLIENT_VERSION already defined D:\wwwroot\mainweb\sdk\api\UcApi\Lib\Action\IndexAction.class.php 第 4 行.
NOTIC: [8] Constant UC_CLIENT_RELEASE already defined D:\wwwroot\mainweb\sdk\api\UcApi\Lib\Action\IndexAction.class.php 第 5 行.
NOTIC: [2048] Only variables should be passed by reference D:\wwwroot\mainweb\sdk\api\UcApi\Lib\Action\IndexAction.class.php 第 63 行.
NOTIC: [8] Constant API_RETURN_FAILED already defined D:\wwwroot\mainweb\sdk\uc_client\model\note.php 第 16 行.
SQL: SHOW COLUMNS FROM `sdk_accounts` [ RunTime:0.002361s ]
SQL: SELECT * FROM `sdk_accounts` WHERE ( `account_id` = 833 ) LIMIT 1   [ RunTime:0.000258s ]

[ 2013-09-23T13:10:47+08:00 ] 192.168.153.141 /api/uc.php?time=1379913047&code=d7b68F5LSULv517Mmx%2Fo5FjiLXKlulfeUDOOBBV0GCvbUvL%2FiseN4MQW6n51a0L1mTNhHPsNm4PVsZO0eZ29bO8u%2FYq5FChes2X4ipKruPZz%2Bw76MTmMyy8lrJfVq4XQOt7CBkP02vkmzpi3PA7SjsSb9bAn%2B82vTXCL
INFO: [ app_begin ] --START--
INFO: Run ReadHtmlCache Behavior [ RunTime:0.001016s ]
INFO: [ app_begin ] --END-- [ RunTime:0.001107s ]
NOTIC: [8] Constant UC_CLIENT_VERSION already defined D:\wwwroot\mainweb\sdk\api\UcApi\Lib\Action\IndexAction.class.php 第 4 行.
NOTIC: [8] Constant UC_CLIENT_RELEASE already defined D:\wwwroot\mainweb\sdk\api\UcApi\Lib\Action\IndexAction.class.php 第 5 行.
NOTIC: [2048] Only variables should be passed by reference D:\wwwroot\mainweb\sdk\api\UcApi\Lib\Action\IndexAction.class.php 第 63 行.
NOTIC: [8] Constant API_RETURN_FAILED already defined D:\wwwroot\mainweb\sdk\uc_client\model\note.php 第 16 行.
SQL: SHOW COLUMNS FROM `sdk_accounts` [ RunTime:0.002337s ]
SQL: SELECT * FROM `sdk_accounts` WHERE ( `account_id` = 798 ) LIMIT 1   [ RunTime:0.000564s ]

[ 2013-09-23T13:13:04+08:00 ] 192.168.183.159 /api/uc.php?time=1379913184&code=5ad6iZA8GH1rvyo0tYgAzJY1pd9VO%2FOc%2FshR%2FeNLaUCdrGI0UrOVvNbhAF%2FsYl7SgC7agxJh%2BnkO%2FKK7AGSOcOc8wgWqRFJT1zofzheMqREz1%2Bx1lW22fA65UgvWKicUvLQO3L5JSyO%2FNCsB4YX2%2FHvXBv1Wq%2B7K5E1j0x8A5%2BJPxw
INFO: [ app_begin ] --START--
INFO: Run ReadHtmlCache Behavior [ RunTime:0.001620s ]
INFO: [ app_begin ] --END-- [ RunTime:0.001710s ]
NOTIC: [8] Constant UC_CLIENT_VERSION already defined D:\wwwroot\mainweb\sdk\api\UcApi\Lib\Action\IndexAction.class.php 第 4 行.
NOTIC: [8] Constant UC_CLIENT_RELEASE already defined D:\wwwroot\mainweb\sdk\api\UcApi\Lib\Action\IndexAction.class.php 第 5 行.
NOTIC: [2048] Only variables should be passed by reference D:\wwwroot\mainweb\sdk\api\UcApi\Lib\Action\IndexAction.class.php 第 63 行.
NOTIC: [8] Constant API_RETURN_FAILED already defined D:\wwwroot\mainweb\sdk\uc_client\model\note.php 第 16 行.
SQL: SHOW COLUMNS FROM `sdk_accounts` [ RunTime:0.002256s ]
SQL: SELECT * FROM `sdk_accounts` WHERE ( `account_id` = 1266 ) LIMIT 1   [ RunTime:0.000501s ]

[ 2013-09-23T13:14:24+08:00 ] 192.168.165.204 /api/uc.php?time=1379913264&code=93abU8vdNIB7agAYxkRRtCBTeh2WQdYgUsfKeqg5g6otaVPccEjDZUcR0O0Agt2Nw2io8e9ICAzeYzzbMAb%2BH0ppmkQB6SXQEYYY47Zrkgg8BuZAcLVLk69yEL%2BJrXjNslfriASA1MI%2FATxkScOSSVaZGGKTydALoqV5aEokvHNsog
INFO: [ app_begin ] --START--
INFO: Run ReadHtmlCache Behavior [ RunTime:0.001297s ]
INFO: [ app_begin ] --END-- [ RunTime:0.001388s ]
NOTIC: [8] Constant UC_CLIENT_VERSION already defined D:\wwwroot\mainweb\sdk\api\UcApi\Lib\Action\IndexAction.class.php 第 4 行.
NOTIC: [8] Constant UC_CLIENT_RELEASE already defined D:\wwwroot\mainweb\sdk\api\UcApi\Lib\Action\IndexAction.class.php 第 5 行.
NOTIC: [2048] Only variables should be passed by reference D:\wwwroot\mainweb\sdk\api\UcApi\Lib\Action\IndexAction.class.php 第 63 行.
NOTIC: [8] Constant API_RETURN_FAILED already defined D:\wwwroot\mainweb\sdk\uc_client\model\note.php 第 16 行.
SQL: SHOW COLUMNS FROM `sdk_accounts` [ RunTime:0.002150s ]
SQL: SELECT * FROM `sdk_accounts` WHERE ( `account_id` = 1084 ) LIMIT 1   [ RunTime:0.000440s ]

[ 2013-09-23T13:33:41+08:00 ] 192.168.206.74 /api/uc.php?time=1379914421&code=6f87qlw3nyP%2FlVNbyuu513SdZAhqzipsroQOEYEcv7I1RhRzJ5EGDknL9EBKjeQXRoQeQNt61PVHl26RZgzGffgBgSJHY9sDqysUkAchL%2Bk902a4mU8qnZfpuU5GqSnYWdSh3op26Z7eWHFJ%2BJNcBvV%2FqSGBRMUUw91yBA8AzxeG9pxQDw
INFO: [ app_begin ] --START--
INFO: Run ReadHtmlCache Behavior [ RunTime:0.001231s ]
INFO: [ app_begin ] --END-- [ RunTime:0.001324s ]
NOTIC: [8] Constant UC_CLIENT_VERSION already defined D:\wwwroot\mainweb\sdk\api\UcApi\Lib\Action\IndexAction.class.php 第 4 行.
NOTIC: [8] Constant UC_CLIENT_RELEASE already defined D:\wwwroot\mainweb\sdk\api\UcApi\Lib\Action\IndexAction.class.php 第 5 行.
NOTIC: [2048] Only variables should be passed by reference D:\wwwroot\mainweb\sdk\api\UcApi\Lib\Action\IndexAction.class.php 第 63 行.
NOTIC: [8] Constant API_RETURN_FAILED already defined D:\wwwroot\mainweb\sdk\uc_client\model\note.php 第 16 行.
SQL: SHOW COLUMNS FROM `sdk_accounts` [ RunTime:0.002320s ]
SQL: SELECT * FROM `sdk_accounts` WHERE ( `account_id` = 1460 ) LIMIT 1   [ RunTime:0.000318s ]

[ 2013-09-23T13:37:09+08:00 ] 183.3.190.100 /api/uc.php?time=1379914627&code=3b72kJxJuVzexDsuXfQ3axA%2BgDE7btH0wB8tDQsIYbOluXkzoLmg0Dhr7TiU7BvndeHzt0qR5hXCzYPjj%2BcygmfqslpB2d4tWi7PaMHt1YuAEL3nEWppiDUlB9duawT8ejgtwyZSYv76mRnTZgFAoDhqjQiEpGR279aZL7eb
INFO: [ app_begin ] --START--
INFO: Run ReadHtmlCache Behavior [ RunTime:0.001249s ]
INFO: [ app_begin ] --END-- [ RunTime:0.001340s ]
NOTIC: [8] Constant UC_CLIENT_VERSION already defined D:\wwwroot\mainweb\sdk\api\UcApi\Lib\Action\IndexAction.class.php 第 4 行.
NOTIC: [8] Constant UC_CLIENT_RELEASE already defined D:\wwwroot\mainweb\sdk\api\UcApi\Lib\Action\IndexAction.class.php 第 5 行.
NOTIC: [2048] Only variables should be passed by reference D:\wwwroot\mainweb\sdk\api\UcApi\Lib\Action\IndexAction.class.php 第 63 行.
NOTIC: [8] Constant API_RETURN_FAILED already defined D:\wwwroot\mainweb\sdk\uc_client\model\note.php 第 16 行.
SQL: SHOW COLUMNS FROM `sdk_accounts` [ RunTime:0.002201s ]
SQL: SELECT * FROM `sdk_accounts` WHERE ( `account_id` = 1006 ) LIMIT 1   [ RunTime:0.000584s ]

[ 2013-09-23T13:48:21+08:00 ] 192.168.205.223 /api/uc.php?time=1379915300&code=444cjqfX9Fvhu67F4Xf%2FGJy3tyF30u%2FS5Ix5iClG5truaeAPc776Ppx4sH6wvt%2FSTRyO6LKU%2F69vd9WhLtYyOGsCDIZwjI6nxWQ4s75juu4wfqOJnFjbhBgk%2FhhzVs7w3MCb7Hj2hwJPCmiF0f0VBHFmY%2FojN8BNnXzDRFiitg
INFO: [ app_begin ] --START--
INFO: Run ReadHtmlCache Behavior [ RunTime:0.001238s ]
INFO: [ app_begin ] --END-- [ RunTime:0.001329s ]
NOTIC: [8] Constant UC_CLIENT_VERSION already defined D:\wwwroot\mainweb\sdk\api\UcApi\Lib\Action\IndexAction.class.php 第 4 行.
NOTIC: [8] Constant UC_CLIENT_RELEASE already defined D:\wwwroot\mainweb\sdk\api\UcApi\Lib\Action\IndexAction.class.php 第 5 行.
NOTIC: [2048] Only variables should be passed by reference D:\wwwroot\mainweb\sdk\api\UcApi\Lib\Action\IndexAction.class.php 第 63 行.
NOTIC: [8] Constant API_RETURN_FAILED already defined D:\wwwroot\mainweb\sdk\uc_client\model\note.php 第 16 行.
SQL: SHOW COLUMNS FROM `sdk_accounts` [ RunTime:0.001883s ]
SQL: SELECT * FROM `sdk_accounts` WHERE ( `account_id` = 1440 ) LIMIT 1   [ RunTime:0.000445s ]

[ 2013-09-23T13:58:30+08:00 ] 192.168.201.22 /api/uc.php?time=1379915909&code=95c2u9nKXpZBMMkRFjZdOEiR0cUMGEFl9osDSBeGX7BDq8AetGL5UCVdeaVusDj2MJgiFK2f%2BZEYCumPfT%2B8uhLFwBVQPEvIlD5IQEphkABSxtBbh%2BDLTnhN1zEttUBN2Ft5w7hA0g9NCKY6UhJ5%2Fxw0%2B70W%2BT1ZRLpCXYuF7qIF
INFO: [ app_begin ] --START--
INFO: Run ReadHtmlCache Behavior [ RunTime:0.000945s ]
INFO: [ app_begin ] --END-- [ RunTime:0.001040s ]
NOTIC: [8] Constant UC_CLIENT_VERSION already defined D:\wwwroot\mainweb\sdk\api\UcApi\Lib\Action\IndexAction.class.php 第 4 行.
NOTIC: [8] Constant UC_CLIENT_RELEASE already defined D:\wwwroot\mainweb\sdk\api\UcApi\Lib\Action\IndexAction.class.php 第 5 行.
NOTIC: [2048] Only variables should be passed by reference D:\wwwroot\mainweb\sdk\api\UcApi\Lib\Action\IndexAction.class.php 第 63 行.
NOTIC: [8] Constant API_RETURN_FAILED already defined D:\wwwroot\mainweb\sdk\uc_client\model\note.php 第 16 行.
SQL: SHOW COLUMNS FROM `sdk_accounts` [ RunTime:0.002185s ]
SQL: SELECT * FROM `sdk_accounts` WHERE ( `account_id` = 2228 ) LIMIT 1   [ RunTime:0.000623s ]

[ 2013-09-23T15:35:51+08:00 ] 192.168.201.89 /api/uc.php?time=1379921750&code=ca6bmsfmDBNsnjI9OxfNri0Bd%2FqSWn5%2BxdEFJ%2Bt4%2FriqKoUEx%2BmaapPdmA2EPE%2Fdu0hzmhSna2t3j9%2BUCcWJadtiJeW4xV538w4CXSC2JZ9Y4D%2BYggwl3NzYocZ%2FMsL3towB1ks2upztOj%2BSo5w%2Fkq6utgzQy%2FczLbcm9OTYeoc
INFO: [ app_begin ] --START--
INFO: Run ReadHtmlCache Behavior [ RunTime:0.001360s ]
INFO: [ app_begin ] --END-- [ RunTime:0.001450s ]
NOTIC: [8] Constant UC_CLIENT_VERSION already defined D:\wwwroot\mainweb\sdk\api\UcApi\Lib\Action\IndexAction.class.php 第 4 行.
NOTIC: [8] Constant UC_CLIENT_RELEASE already defined D:\wwwroot\mainweb\sdk\api\UcApi\Lib\Action\IndexAction.class.php 第 5 行.
NOTIC: [2048] Only variables should be passed by reference D:\wwwroot\mainweb\sdk\api\UcApi\Lib\Action\IndexAction.class.php 第 63 行.
NOTIC: [8] Constant API_RETURN_FAILED already defined D:\wwwroot\mainweb\sdk\uc_client\model\note.php 第 16 行.
SQL: SHOW COLUMNS FROM `sdk_accounts` [ RunTime:0.002833s ]
SQL: SELECT * FROM `sdk_accounts` WHERE ( `account_id` = 2017 ) LIMIT 1   [ RunTime:0.000664s ]

[ 2013-09-23T15:36:01+08:00 ] 192.168.205.14 /api/uc.php?time=1379921760&code=96cbX7zI%2FEplfVnda7tGIeJFRM7anVH6M%2FjPy%2FAM5ZhX49i%2F0IO0IYxzyd9p2LAnnDgH9cQXOeTh7TMmCNnXl%2FyYwOL1J24X5sjn%2FG78NtnBO8GhgytXv%2FuqW2OsopAah7%2F77aCiNV71WGBZGiMSv1FPqT8ESidHuesl9sBsol7xeg
INFO: [ app_begin ] --START--
INFO: Run ReadHtmlCache Behavior [ RunTime:0.001126s ]
INFO: [ app_begin ] --END-- [ RunTime:0.001216s ]
NOTIC: [8] Constant UC_CLIENT_VERSION already defined D:\wwwroot\mainweb\sdk\api\UcApi\Lib\Action\IndexAction.class.php 第 4 行.
NOTIC: [8] Constant UC_CLIENT_RELEASE already defined D:\wwwroot\mainweb\sdk\api\UcApi\Lib\Action\IndexAction.class.php 第 5 行.
NOTIC: [2048] Only variables should be passed by reference D:\wwwroot\mainweb\sdk\api\UcApi\Lib\Action\IndexAction.class.php 第 63 行.
NOTIC: [8] Constant API_RETURN_FAILED already defined D:\wwwroot\mainweb\sdk\uc_client\model\note.php 第 16 行.
SQL: SHOW COLUMNS FROM `sdk_accounts` [ RunTime:0.002163s ]
SQL: SELECT * FROM `sdk_accounts` WHERE ( `account_id` = 1758 ) LIMIT 1   [ RunTime:0.000452s ]

[ 2013-09-23T15:45:54+08:00 ] 192.168.135.79 /api/uc.php?time=1379922352&code=0d94k6DRvBJqGvgivLsEvzYRdfylQFVD%2Fj5EEcE%2FOWR%2BzniSpigoYzuocxk%2FloKIQwrDZCGbPXIOxf4PyBiQPcUltcKODIdOs4zoiq0idyv%2B4Zv1pQ9E2W6xd2jFwhGJqm%2BzUJRVud3oBwOgfxekvbtFyshAyHie6srU3o0
INFO: [ app_begin ] --START--
INFO: Run ReadHtmlCache Behavior [ RunTime:0.001202s ]
INFO: [ app_begin ] --END-- [ RunTime:0.001292s ]
NOTIC: [8] Constant UC_CLIENT_VERSION already defined D:\wwwroot\mainweb\sdk\api\UcApi\Lib\Action\IndexAction.class.php 第 4 行.
NOTIC: [8] Constant UC_CLIENT_RELEASE already defined D:\wwwroot\mainweb\sdk\api\UcApi\Lib\Action\IndexAction.class.php 第 5 行.
NOTIC: [2048] Only variables should be passed by reference D:\wwwroot\mainweb\sdk\api\UcApi\Lib\Action\IndexAction.class.php 第 63 行.
NOTIC: [8] Constant API_RETURN_FAILED already defined D:\wwwroot\mainweb\sdk\uc_client\model\note.php 第 16 行.
SQL: SHOW COLUMNS FROM `sdk_accounts` [ RunTime:0.002122s ]
SQL: SELECT * FROM `sdk_accounts` WHERE ( `account_id` = 846 ) LIMIT 1   [ RunTime:0.000182s ]

[ 2013-09-23T16:08:43+08:00 ] 192.168.137.72 /api/uc.php?time=1379923723&code=96c08t1iEA6L379T0hjInZ1yBsgePz4DC4GCm3Cog7a%2B35c54HGCxrjEtkDYz2vbDaFW1z8arFXU7hEt%2BQeSGin8XB0sZMlpx788phYzNsTjsJtOvrvgDoRfqDrj0CBZmKYa%2FD1eepYFq5P2e4g7IhDS2dNNn8H%2F49NfbQmb
INFO: [ app_begin ] --START--
INFO: Run ReadHtmlCache Behavior [ RunTime:0.001459s ]
INFO: [ app_begin ] --END-- [ RunTime:0.001560s ]
NOTIC: [8] Constant UC_CLIENT_VERSION already defined D:\wwwroot\mainweb\sdk\api\UcApi\Lib\Action\IndexAction.class.php 第 4 行.
NOTIC: [8] Constant UC_CLIENT_RELEASE already defined D:\wwwroot\mainweb\sdk\api\UcApi\Lib\Action\IndexAction.class.php 第 5 行.
NOTIC: [2048] Only variables should be passed by reference D:\wwwroot\mainweb\sdk\api\UcApi\Lib\Action\IndexAction.class.php 第 63 行.
NOTIC: [8] Constant API_RETURN_FAILED already defined D:\wwwroot\mainweb\sdk\uc_client\model\note.php 第 16 行.
SQL: SHOW COLUMNS FROM `sdk_accounts` [ RunTime:0.002439s ]
SQL: SELECT * FROM `sdk_accounts` WHERE ( `account_id` = 1488 ) LIMIT 1   [ RunTime:0.000498s ]

[ 2013-09-23T16:38:45+08:00 ] 101.226.33.224 /api/uc.php?time=1379923723&code=96c08t1iEA6L379T0hjInZ1yBsgePz4DC4GCm3Cog7a+35c54HGCxrjEtkDYz2vbDaFW1z8arFXU7hEt+QeSGin8XB0sZMlpx788phYzNsTjsJtOvrvgDoRfqDrj0CBZmKYa/D1eepYFq5P2e4g7IhDS2dNNn8H/49NfbQmb
INFO: [ app_begin ] --START--
INFO: Run ReadHtmlCache Behavior [ RunTime:0.001325s ]
INFO: [ app_begin ] --END-- [ RunTime:0.001418s ]
NOTIC: [8] Constant UC_CLIENT_VERSION already defined D:\wwwroot\mainweb\sdk\api\UcApi\Lib\Action\IndexAction.class.php 第 4 行.
NOTIC: [8] Constant UC_CLIENT_RELEASE already defined D:\wwwroot\mainweb\sdk\api\UcApi\Lib\Action\IndexAction.class.php 第 5 行.
NOTIC: [8] Undefined index:  time D:\wwwroot\mainweb\sdk\api\UcApi\Lib\Action\IndexAction.class.php 第 54 行.

[ 2013-09-23T17:23:36+08:00 ] 192.168.203.138 /api/uc.php?time=1379928216&code=3b24FCSV5prpxATA%2B0ighzcZAYGt9Pvm%2F3bHTCP%2BpFjz7YP%2F30GvP8Dr496ldFI%2Br7maqlI0oUHCAmOXvF%2BPqSdn0fVgLyKn7y49fpFpODR1r9UhFvs1eX26Er9GbPuCAJsDeuH4AMBj%2Bw6ag%2Bkj6enwxjzZiOcZUGI4zU%2BirA
INFO: [ app_begin ] --START--
INFO: Run ReadHtmlCache Behavior [ RunTime:0.000811s ]
INFO: [ app_begin ] --END-- [ RunTime:0.000920s ]
NOTIC: [8] Constant UC_CLIENT_VERSION already defined D:\wwwroot\mainweb\sdk\api\UcApi\Lib\Action\IndexAction.class.php 第 4 行.
NOTIC: [8] Constant UC_CLIENT_RELEASE already defined D:\wwwroot\mainweb\sdk\api\UcApi\Lib\Action\IndexAction.class.php 第 5 行.
NOTIC: [2048] Only variables should be passed by reference D:\wwwroot\mainweb\sdk\api\UcApi\Lib\Action\IndexAction.class.php 第 63 行.
NOTIC: [8] Constant API_RETURN_FAILED already defined D:\wwwroot\mainweb\sdk\uc_client\model\note.php 第 16 行.
SQL: SHOW COLUMNS FROM `sdk_accounts` [ RunTime:0.002283s ]
SQL: SELECT * FROM `sdk_accounts` WHERE ( `account_id` = 2013 ) LIMIT 1   [ RunTime:0.000481s ]

[ 2013-09-23T17:38:27+08:00 ] 113.67.106.126 /api/uc.php?time=1379929106&code=3c102Du92qnHsF9LoPB7GaYqCcaX1pWDL%2BNFS01CcmCVkd0L5DzXqpskWffnpfMGQeiuv5nSRhswrfTykpfk8mU%2Fsocdbkrcnp56MqevkJkdcVzBzW6vM0l%2BPRzLpaK9t1Pt8y5qEVfW2KpVi5W6KJQ%2BArP2DUcEv%2FrUjDHh
INFO: [ app_begin ] --START--
INFO: Run ReadHtmlCache Behavior [ RunTime:0.001072s ]
INFO: [ app_begin ] --END-- [ RunTime:0.001162s ]
NOTIC: [8] Constant UC_CLIENT_VERSION already defined D:\wwwroot\mainweb\sdk\api\UcApi\Lib\Action\IndexAction.class.php 第 4 行.
NOTIC: [8] Constant UC_CLIENT_RELEASE already defined D:\wwwroot\mainweb\sdk\api\UcApi\Lib\Action\IndexAction.class.php 第 5 行.
NOTIC: [2048] Only variables should be passed by reference D:\wwwroot\mainweb\sdk\api\UcApi\Lib\Action\IndexAction.class.php 第 63 行.
NOTIC: [8] Constant API_RETURN_FAILED already defined D:\wwwroot\mainweb\sdk\uc_client\model\note.php 第 16 行.
SQL: SHOW COLUMNS FROM `sdk_accounts` [ RunTime:0.001919s ]
SQL: SELECT * FROM `sdk_accounts` WHERE ( `account_id` = 1006 ) LIMIT 1   [ RunTime:0.000157s ]

[ 2013-09-23T18:56:26+08:00 ] 192.168.158.133 /api/uc.php?time=1379933786&code=83f7jBb3fM7Ge7qi2my4pqlskPAO7%2FD5u7vpB77KgCZiM2UJ2O%2F%2BrF6XSeTRRiBqgQkv5PMI3f03H5z1NYOpoJg0eB7V8k21Hv466%2FR8BTSDUiPOgstN0f1clbG6Xr3g32RQCGDRi7MjDbw80T1XNnejITCu%2F9%2FTQtbHv4eMkQ
INFO: [ app_begin ] --START--
INFO: Run ReadHtmlCache Behavior [ RunTime:0.000714s ]
INFO: [ app_begin ] --END-- [ RunTime:0.000806s ]
NOTIC: [8] Constant UC_CLIENT_VERSION already defined D:\wwwroot\mainweb\sdk\api\UcApi\Lib\Action\IndexAction.class.php 第 4 行.
NOTIC: [8] Constant UC_CLIENT_RELEASE already defined D:\wwwroot\mainweb\sdk\api\UcApi\Lib\Action\IndexAction.class.php 第 5 行.
NOTIC: [2048] Only variables should be passed by reference D:\wwwroot\mainweb\sdk\api\UcApi\Lib\Action\IndexAction.class.php 第 63 行.
NOTIC: [8] Constant API_RETURN_FAILED already defined D:\wwwroot\mainweb\sdk\uc_client\model\note.php 第 16 行.
SQL: SHOW COLUMNS FROM `sdk_accounts` [ RunTime:0.002409s ]
SQL: SELECT * FROM `sdk_accounts` WHERE ( `account_id` = 1035 ) LIMIT 1   [ RunTime:0.000608s ]

[ 2013-09-23T19:24:51+08:00 ] 192.168.203.17 /api/uc.php?time=1379935490&code=8136WGIziHk%2F2PgRN6%2F9VXch2wyxG7W%2Fm6vVy9Y9Lf%2F4u0J4ms5nxVO8TMqDmGYJc7iWfh56i%2FOL%2B0e2h8p48oCOhKgRnbPkGwGu9%2FXfrDMdzkYlg518oXO2K6wm31tE7XZoCy6HjJGcWPTOR%2F%2FKRgvs7mEmf0nW1IQ%2B
INFO: [ app_begin ] --START--
INFO: Run ReadHtmlCache Behavior [ RunTime:0.001046s ]
INFO: [ app_begin ] --END-- [ RunTime:0.001136s ]
NOTIC: [8] Constant UC_CLIENT_VERSION already defined D:\wwwroot\mainweb\sdk\api\UcApi\Lib\Action\IndexAction.class.php 第 4 行.
NOTIC: [8] Constant UC_CLIENT_RELEASE already defined D:\wwwroot\mainweb\sdk\api\UcApi\Lib\Action\IndexAction.class.php 第 5 行.
NOTIC: [2048] Only variables should be passed by reference D:\wwwroot\mainweb\sdk\api\UcApi\Lib\Action\IndexAction.class.php 第 63 行.
NOTIC: [8] Constant API_RETURN_FAILED already defined D:\wwwroot\mainweb\sdk\uc_client\model\note.php 第 16 行.
SQL: SHOW COLUMNS FROM `sdk_accounts` [ RunTime:0.002458s ]
SQL: SELECT * FROM `sdk_accounts` WHERE ( `account_id` = 523 ) LIMIT 1   [ RunTime:0.000601s ]

[ 2013-09-23T19:53:39+08:00 ] 192.168.128.132 /api/uc.php?time=1379937218&code=0506fp2%2FtDJThuHX5AowFDhp48ihjHyOdubNj7NPjVaPC%2BpDek%2FpBj8TQDPudhu51NNZbisxPODB%2FXyHFYvhOKHjqTinmidzJ5gz7vz3ywbHjUmXT9dzV1YSuuhYxZzElpkYZ59srVFpe5KsjoYJCDu5zb2ZSsyEhpn5kvHL
INFO: [ app_begin ] --START--
INFO: Run ReadHtmlCache Behavior [ RunTime:0.001100s ]
INFO: [ app_begin ] --END-- [ RunTime:0.001193s ]
NOTIC: [8] Constant UC_CLIENT_VERSION already defined D:\wwwroot\mainweb\sdk\api\UcApi\Lib\Action\IndexAction.class.php 第 4 行.
NOTIC: [8] Constant UC_CLIENT_RELEASE already defined D:\wwwroot\mainweb\sdk\api\UcApi\Lib\Action\IndexAction.class.php 第 5 行.
NOTIC: [2048] Only variables should be passed by reference D:\wwwroot\mainweb\sdk\api\UcApi\Lib\Action\IndexAction.class.php 第 63 行.
NOTIC: [8] Constant API_RETURN_FAILED already defined D:\wwwroot\mainweb\sdk\uc_client\model\note.php 第 16 行.
SQL: SHOW COLUMNS FROM `sdk_accounts` [ RunTime:0.002258s ]
SQL: SELECT * FROM `sdk_accounts` WHERE ( `account_id` = 1628 ) LIMIT 1   [ RunTime:0.000546s ]

[ 2013-09-23T20:16:54+08:00 ] 192.168.171.70 /api/uc.php?time=1379938613&code=972eQ7Zo4QA710sLU8cuyFg5dEEogwrKMLJod%2BlDa8qDiR6PVMIW4j1fmIkYnQVBA0Zzqhz%2F5BEn802pAJccMyUebnJaJ%2F%2BzCbe9Il4YrGYLXEQDN23syNhr8sYyv6VhwTHt97l7cRsA8o7xqBxU33ruPItrplwShBFxMA
INFO: [ app_begin ] --START--
INFO: Run ReadHtmlCache Behavior [ RunTime:0.001079s ]
INFO: [ app_begin ] --END-- [ RunTime:0.001173s ]
NOTIC: [8] Constant UC_CLIENT_VERSION already defined D:\wwwroot\mainweb\sdk\api\UcApi\Lib\Action\IndexAction.class.php 第 4 行.
NOTIC: [8] Constant UC_CLIENT_RELEASE already defined D:\wwwroot\mainweb\sdk\api\UcApi\Lib\Action\IndexAction.class.php 第 5 行.
NOTIC: [2048] Only variables should be passed by reference D:\wwwroot\mainweb\sdk\api\UcApi\Lib\Action\IndexAction.class.php 第 63 行.
NOTIC: [8] Constant API_RETURN_FAILED already defined D:\wwwroot\mainweb\sdk\uc_client\model\note.php 第 16 行.
SQL: SHOW COLUMNS FROM `sdk_accounts` [ RunTime:0.002075s ]
SQL: SELECT * FROM `sdk_accounts` WHERE ( `account_id` = 1727 ) LIMIT 1   [ RunTime:0.000444s ]

[ 2013-09-23T20:31:55+08:00 ] 192.168.154.80 /api/uc.php?time=1379939515&code=2a18DkJiUUwfPeo3P987gZ6OU8QDk%2FQ25GJO9mocNpotiLMyGzGpJTEh7JgOnLdPNW0Wu5SOsZORP5smj48x57zMfddPQN0X%2BGEE5O%2FeXmPLdjVMomTpY%2FN4MAN01ygT5Jzm1OKN4VmS3JxeF%2FYn9H%2FTeM8KMBs67U%2BiYP0s%2F0Qbhw
INFO: [ app_begin ] --START--
INFO: Run ReadHtmlCache Behavior [ RunTime:0.001042s ]
INFO: [ app_begin ] --END-- [ RunTime:0.001136s ]
NOTIC: [8] Constant UC_CLIENT_VERSION already defined D:\wwwroot\mainweb\sdk\api\UcApi\Lib\Action\IndexAction.class.php 第 4 行.
NOTIC: [8] Constant UC_CLIENT_RELEASE already defined D:\wwwroot\mainweb\sdk\api\UcApi\Lib\Action\IndexAction.class.php 第 5 行.
NOTIC: [2048] Only variables should be passed by reference D:\wwwroot\mainweb\sdk\api\UcApi\Lib\Action\IndexAction.class.php 第 63 行.
NOTIC: [8] Constant API_RETURN_FAILED already defined D:\wwwroot\mainweb\sdk\uc_client\model\note.php 第 16 行.
SQL: SHOW COLUMNS FROM `sdk_accounts` [ RunTime:0.002406s ]
SQL: SELECT * FROM `sdk_accounts` WHERE ( `account_id` = 2232 ) LIMIT 1   [ RunTime:0.000237s ]

[ 2013-09-23T21:17:36+08:00 ] 192.168.204.7 /api/uc.php?time=1379942256&code=cabd2%2Bc%2FRvtNumupXt70pUKX%2FfyODaBOjcU6P%2FLVv8pp%2Fk0JeBPkdkUrG8BXPYzIxgpVZF5RjmXp70BS6nxxQv4biLFyt0gEnjiYa%2B0gIl1Ro4ypOVxfW3VDl7TLwd4xfJVOCxIcefqzRv0JdMFBbNHi2dOMmdG4%2BmsX2zQ
INFO: [ app_begin ] --START--
INFO: Run ReadHtmlCache Behavior [ RunTime:0.001048s ]
INFO: [ app_begin ] --END-- [ RunTime:0.001139s ]
NOTIC: [8] Constant UC_CLIENT_VERSION already defined D:\wwwroot\mainweb\sdk\api\UcApi\Lib\Action\IndexAction.class.php 第 4 行.
NOTIC: [8] Constant UC_CLIENT_RELEASE already defined D:\wwwroot\mainweb\sdk\api\UcApi\Lib\Action\IndexAction.class.php 第 5 行.
NOTIC: [2048] Only variables should be passed by reference D:\wwwroot\mainweb\sdk\api\UcApi\Lib\Action\IndexAction.class.php 第 63 行.
NOTIC: [8] Constant API_RETURN_FAILED already defined D:\wwwroot\mainweb\sdk\uc_client\model\note.php 第 16 行.
SQL: SHOW COLUMNS FROM `sdk_accounts` [ RunTime:0.002181s ]
SQL: SELECT * FROM `sdk_accounts` WHERE ( `account_id` = 107 ) LIMIT 1   [ RunTime:0.016598s ]

[ 2013-09-23T21:18:49+08:00 ] 192.168.153.204 /api/uc.php?time=1379942329&code=ee2ftG3%2FROMP9mwMy9%2BMz6%2Fb4ZduNpJHrvRzBkC4dIx9KDcbCk2JxBnBAIQhIFCt2OMkP2oibKaJAR9Tw950QAzX3HaYarBWpLzYDIGXDSpQwrILUpUFpELv6GE4Zhy1Tl0%2BWlcS2drIMMUKBiN1LnJ7WRyQErnRTD2QXA
INFO: [ app_begin ] --START--
INFO: Run ReadHtmlCache Behavior [ RunTime:0.000927s ]
INFO: [ app_begin ] --END-- [ RunTime:0.001016s ]
NOTIC: [8] Constant UC_CLIENT_VERSION already defined D:\wwwroot\mainweb\sdk\api\UcApi\Lib\Action\IndexAction.class.php 第 4 行.
NOTIC: [8] Constant UC_CLIENT_RELEASE already defined D:\wwwroot\mainweb\sdk\api\UcApi\Lib\Action\IndexAction.class.php 第 5 行.
NOTIC: [2048] Only variables should be passed by reference D:\wwwroot\mainweb\sdk\api\UcApi\Lib\Action\IndexAction.class.php 第 63 行.
NOTIC: [8] Constant API_RETURN_FAILED already defined D:\wwwroot\mainweb\sdk\uc_client\model\note.php 第 16 行.
SQL: SHOW COLUMNS FROM `sdk_accounts` [ RunTime:0.002212s ]
SQL: SELECT * FROM `sdk_accounts` WHERE ( `account_id` = 1172 ) LIMIT 1   [ RunTime:0.000486s ]

[ 2013-09-23T21:19:08+08:00 ] 192.168.153.204 /api/uc.php?time=1379942348&code=eba7UCc%2BFGbiA6sHYBVVhxr0aitGTIp5K8xNmA9jFimJ0OnK37cV1Xxy4qaWIBoCxr6omthLkMZEWPcCeA
INFO: [ app_begin ] --START--
INFO: Run ReadHtmlCache Behavior [ RunTime:0.002061s ]
INFO: [ app_begin ] --END-- [ RunTime:0.002156s ]
NOTIC: [8] Constant UC_CLIENT_VERSION already defined D:\wwwroot\mainweb\sdk\api\UcApi\Lib\Action\IndexAction.class.php 第 4 行.
NOTIC: [8] Constant UC_CLIENT_RELEASE already defined D:\wwwroot\mainweb\sdk\api\UcApi\Lib\Action\IndexAction.class.php 第 5 行.
NOTIC: [2048] Only variables should be passed by reference D:\wwwroot\mainweb\sdk\api\UcApi\Lib\Action\IndexAction.class.php 第 63 行.

[ 2013-09-23T21:21:42+08:00 ] 192.168.189.139 /api/uc.php?time=1379942502&code=015ePs%2FTq4PtIRJQOwDtHRAPIOos%2Fn%2BKAoRQ3o27NVt4fwrMKOPmiypjfwxxVYf9%2BedB%2FBl%2Bag2yN3ekDgtoRc%2B86CrpwWk7fpI18IJlQDdOi%2ByuDQlLerhYCrRwJHv5xWW2LMpJJs3Et5418sFU0rmmyP7Gth2WxrOgVo8Thw
INFO: [ app_begin ] --START--
INFO: Run ReadHtmlCache Behavior [ RunTime:0.001213s ]
INFO: [ app_begin ] --END-- [ RunTime:0.001304s ]
NOTIC: [8] Constant UC_CLIENT_VERSION already defined D:\wwwroot\mainweb\sdk\api\UcApi\Lib\Action\IndexAction.class.php 第 4 行.
NOTIC: [8] Constant UC_CLIENT_RELEASE already defined D:\wwwroot\mainweb\sdk\api\UcApi\Lib\Action\IndexAction.class.php 第 5 行.
NOTIC: [2048] Only variables should be passed by reference D:\wwwroot\mainweb\sdk\api\UcApi\Lib\Action\IndexAction.class.php 第 63 行.
NOTIC: [8] Constant API_RETURN_FAILED already defined D:\wwwroot\mainweb\sdk\uc_client\model\note.php 第 16 行.
SQL: SHOW COLUMNS FROM `sdk_accounts` [ RunTime:0.002256s ]
SQL: SELECT * FROM `sdk_accounts` WHERE ( `account_id` = 1772 ) LIMIT 1   [ RunTime:0.000178s ]

[ 2013-09-23T21:53:04+08:00 ] 192.168.151.206 /api/uc.php?time=1379944384&code=0c400g1AjjoHkYxrFsjp89enEoGngx1BL3%2BXM73R8XKeJbriYOjWlaSnpMoG77IcrpyYMewJTnchVujg7APxXM388FvUUhFxZiBtMc2r%2BFGzzXpS42rcjGTjLsAUWV2fTVD4MjpnGiLMoIV9%2BLOa5DpROXb0P6Dc3nbPgiPIq0Ka
INFO: [ app_begin ] --START--
INFO: Run ReadHtmlCache Behavior [ RunTime:0.001050s ]
INFO: [ app_begin ] --END-- [ RunTime:0.001142s ]
NOTIC: [8] Constant UC_CLIENT_VERSION already defined D:\wwwroot\mainweb\sdk\api\UcApi\Lib\Action\IndexAction.class.php 第 4 行.
NOTIC: [8] Constant UC_CLIENT_RELEASE already defined D:\wwwroot\mainweb\sdk\api\UcApi\Lib\Action\IndexAction.class.php 第 5 行.
NOTIC: [2048] Only variables should be passed by reference D:\wwwroot\mainweb\sdk\api\UcApi\Lib\Action\IndexAction.class.php 第 63 行.
NOTIC: [8] Constant API_RETURN_FAILED already defined D:\wwwroot\mainweb\sdk\uc_client\model\note.php 第 16 行.
SQL: SHOW COLUMNS FROM `sdk_accounts` [ RunTime:0.002483s ]
SQL: SELECT * FROM `sdk_accounts` WHERE ( `account_id` = 2039 ) LIMIT 1   [ RunTime:0.000581s ]

[ 2013-09-23T23:28:29+08:00 ] 192.168.184.6 /api/uc.php?time=1379950109&code=6efakI76C97Up48kiNDc3KKnz9qypeRW27GSCMao16bIU%2FBS01D3g%2FxlATh6LuF9iiTwiMfJkrwID%2FyFa%2FHzuSc4TCLir4l8lw5xnOiudCPviQ9Q8iymJCtK%2Buc2J9eis01%2FDx%2BiuK2Mul9fqVusqK10Fl3HaGr4S6VcshA
INFO: [ app_begin ] --START--
INFO: Run ReadHtmlCache Behavior [ RunTime:0.001030s ]
INFO: [ app_begin ] --END-- [ RunTime:0.001121s ]
NOTIC: [8] Constant UC_CLIENT_VERSION already defined D:\wwwroot\mainweb\sdk\api\UcApi\Lib\Action\IndexAction.class.php 第 4 行.
NOTIC: [8] Constant UC_CLIENT_RELEASE already defined D:\wwwroot\mainweb\sdk\api\UcApi\Lib\Action\IndexAction.class.php 第 5 行.
NOTIC: [2048] Only variables should be passed by reference D:\wwwroot\mainweb\sdk\api\UcApi\Lib\Action\IndexAction.class.php 第 63 行.
NOTIC: [8] Constant API_RETURN_FAILED already defined D:\wwwroot\mainweb\sdk\uc_client\model\note.php 第 16 行.
SQL: SHOW COLUMNS FROM `sdk_accounts` [ RunTime:0.002303s ]
SQL: SELECT * FROM `sdk_accounts` WHERE ( `account_id` = 2090 ) LIMIT 1   [ RunTime:0.000400s ]

[ 2013-09-23T23:58:30+08:00 ] 101.226.33.220 /api/uc.php?time=1379950109&code=6efakI76C97Up48kiNDc3KKnz9qypeRW27GSCMao16bIU%2FBS01D3g%2FxlATh6LuF9iiTwiMfJkrwID%2FyFa%2FHzuSc4TCLir4l8lw5xnOiudCPviQ9Q8iymJCtK%2Buc2J9eis01%2FDx%2BiuK2Mul9fqVusqK10Fl3HaGr4S6VcshA
INFO: [ app_begin ] --START--
INFO: Run ReadHtmlCache Behavior [ RunTime:0.001268s ]
INFO: [ app_begin ] --END-- [ RunTime:0.001359s ]
NOTIC: [8] Constant UC_CLIENT_VERSION already defined D:\wwwroot\mainweb\sdk\api\UcApi\Lib\Action\IndexAction.class.php 第 4 行.
NOTIC: [8] Constant UC_CLIENT_RELEASE already defined D:\wwwroot\mainweb\sdk\api\UcApi\Lib\Action\IndexAction.class.php 第 5 行.
NOTIC: [2048] Only variables should be passed by reference D:\wwwroot\mainweb\sdk\api\UcApi\Lib\Action\IndexAction.class.php 第 63 行.
NOTIC: [8] Constant API_RETURN_FAILED already defined D:\wwwroot\mainweb\sdk\uc_client\model\note.php 第 16 行.
SQL: SHOW COLUMNS FROM `sdk_accounts` [ RunTime:0.002402s ]
SQL: SELECT * FROM `sdk_accounts` WHERE ( `account_id` = 2090 ) LIMIT 1   [ RunTime:0.000426s ]

