[ 2013-09-05T16:04:44+08:00 ] 192.168.202.73 /api/uc.php?time=1378368284&code=2f0biKURJXO6%2BC1RR%2FKl3KWH0MBi%2FcHnpXeJep0UYeYinkQ4%2BbzG0ZsvLLLCHJAptXNCO2mym2YOE8v6NTDoj4I4%2F5e2YOc8%2BtLvZXUSpB5oWPz7D8cNDJSvMO6VvX9BLWEa61lBAVECK9SIgv6tuuFWsb2BXIA%2F6uYiP4A
INFO: [ app_begin ] --START--
INFO: Run ReadHtmlCache Behavior [ RunTime:0.001092s ]
INFO: [ app_begin ] --END-- [ RunTime:0.001202s ]
NOTIC: [8] Constant UC_CLIENT_VERSION already defined D:\wwwroot\mainweb\sdk\api\UcApi\Lib\Action\IndexAction.class.php 第 4 行.
NOTIC: [8] Constant UC_CLIENT_RELEASE already defined D:\wwwroot\mainweb\sdk\api\UcApi\Lib\Action\IndexAction.class.php 第 5 行.
NOTIC: [2048] Only variables should be passed by reference D:\wwwroot\mainweb\sdk\api\UcApi\Lib\Action\IndexAction.class.php 第 63 行.
NOTIC: [8] Constant API_RETURN_FAILED already defined D:\wwwroot\mainweb\sdk\uc_client\model\note.php 第 16 行.
SQL: SHOW COLUMNS FROM `sdk_accounts` [ RunTime:0.002199s ]
SQL: SELECT * FROM `sdk_accounts` WHERE ( `account_id` = 218 ) LIMIT 1   [ RunTime:0.000511s ]

[ 2013-09-05T16:54:23+08:00 ] 192.168.202.132 /api/uc.php?time=1378371263&code=01feZzD1Y2keOK0wcyO7Y9vrb2Uzc25ha3Fm5kcyq0whVN1tTcz4UxoDQY%2Bd0S0IINoJslUcIELjzE5WQME%2B0WQf3qXqrOs5YPKa7M8uZ789oZpt8RWQVmaYN%2Bv0Isj3qIVvo%2F2U4iDS4e80n3ERpFY515nbH%2FhKFloigbxZhzg
INFO: [ app_begin ] --START--
INFO: Run ReadHtmlCache Behavior [ RunTime:0.001129s ]
INFO: [ app_begin ] --END-- [ RunTime:0.001223s ]
NOTIC: [8] Constant UC_CLIENT_VERSION already defined D:\wwwroot\mainweb\sdk\api\UcApi\Lib\Action\IndexAction.class.php 第 4 行.
NOTIC: [8] Constant UC_CLIENT_RELEASE already defined D:\wwwroot\mainweb\sdk\api\UcApi\Lib\Action\IndexAction.class.php 第 5 行.
NOTIC: [2048] Only variables should be passed by reference D:\wwwroot\mainweb\sdk\api\UcApi\Lib\Action\IndexAction.class.php 第 63 行.
NOTIC: [8] Constant API_RETURN_FAILED already defined D:\wwwroot\mainweb\sdk\uc_client\model\note.php 第 16 行.
SQL: SHOW COLUMNS FROM `sdk_accounts` [ RunTime:0.002332s ]
SQL: SELECT * FROM `sdk_accounts` WHERE ( `account_id` = 354 ) LIMIT 1   [ RunTime:0.000487s ]

[ 2013-09-05T16:56:41+08:00 ] 192.168.189.141 /api/uc.php?time=1378371401&code=2beclzN1zH%2B3tZzqq6oVlvXAkaDeFI%2BwcAGG%2FyQbdG6BZWLF0yb31GBk6bKIRpdQCVgSwSdNl9b0gzLb5uvolb%2F3k8JtomnaB1bMva5bo2ifcmBAfg6JrvdAu8TXaVq%2FGErkCbuCkscAVGvbCeInrUFZrKkZdJOCkA6Im5NQIA
INFO: [ app_begin ] --START--
INFO: Run ReadHtmlCache Behavior [ RunTime:0.001089s ]
INFO: [ app_begin ] --END-- [ RunTime:0.001185s ]
NOTIC: [8] Constant UC_CLIENT_VERSION already defined D:\wwwroot\mainweb\sdk\api\UcApi\Lib\Action\IndexAction.class.php 第 4 行.
NOTIC: [8] Constant UC_CLIENT_RELEASE already defined D:\wwwroot\mainweb\sdk\api\UcApi\Lib\Action\IndexAction.class.php 第 5 行.
NOTIC: [2048] Only variables should be passed by reference D:\wwwroot\mainweb\sdk\api\UcApi\Lib\Action\IndexAction.class.php 第 63 行.
NOTIC: [8] Constant API_RETURN_FAILED already defined D:\wwwroot\mainweb\sdk\uc_client\model\note.php 第 16 行.
SQL: SHOW COLUMNS FROM `sdk_accounts` [ RunTime:0.001967s ]
SQL: SELECT * FROM `sdk_accounts` WHERE ( `account_id` = 1772 ) LIMIT 1   [ RunTime:0.000424s ]

[ 2013-09-05T19:10:36+08:00 ] 192.168.200.204 /api/uc.php?time=1378379435&code=e840bQTfTjUntfy%2FYN8FuIQOohJBoBc1ysAXQHeq2Ha2SKG0AO%2BIxpDIy1JohWTFAPCc%2BVSBOsq7c6M9mwKjlIPINiPXzf1YAGRJnL9xslYizNV4hHs5ESVrYqgpJAHeEHFAYJKiPFD2Pv%2FAi4NzigntvdEK4NhnFjftPwGkwmROKQ
INFO: [ app_begin ] --START--
INFO: Run ReadHtmlCache Behavior [ RunTime:0.001052s ]
INFO: [ app_begin ] --END-- [ RunTime:0.001146s ]
NOTIC: [8] Constant UC_CLIENT_VERSION already defined D:\wwwroot\mainweb\sdk\api\UcApi\Lib\Action\IndexAction.class.php 第 4 行.
NOTIC: [8] Constant UC_CLIENT_RELEASE already defined D:\wwwroot\mainweb\sdk\api\UcApi\Lib\Action\IndexAction.class.php 第 5 行.
NOTIC: [2048] Only variables should be passed by reference D:\wwwroot\mainweb\sdk\api\UcApi\Lib\Action\IndexAction.class.php 第 63 行.
NOTIC: [8] Constant API_RETURN_FAILED already defined D:\wwwroot\mainweb\sdk\uc_client\model\note.php 第 16 行.
SQL: SHOW COLUMNS FROM `sdk_accounts` [ RunTime:0.002215s ]
SQL: SELECT * FROM `sdk_accounts` WHERE ( `account_id` = 1657 ) LIMIT 1   [ RunTime:0.000524s ]

[ 2013-09-05T19:47:37+08:00 ] 192.168.200.84 /api/uc.php?time=1378381657&code=41d3uz%2BnVe8CVqULs561DgRLM0Fae67vM2ZYLx6NwTg0OiPvpPuRhDOl5b4WrECGiY9oWKsIfq8o4aNwbBwzh3AZSeFPGZgad6%2BHgEoOkCWgnmIuH3fvQo0uNLlMZft8MkGwT%2Fn8kUT5%2F86kmmvjunBN26nDCb0dgZZ1O1DQ8Q
INFO: [ app_begin ] --START--
INFO: Run ReadHtmlCache Behavior [ RunTime:0.001741s ]
INFO: [ app_begin ] --END-- [ RunTime:0.001833s ]
NOTIC: [8] Constant UC_CLIENT_VERSION already defined D:\wwwroot\mainweb\sdk\api\UcApi\Lib\Action\IndexAction.class.php 第 4 行.
NOTIC: [8] Constant UC_CLIENT_RELEASE already defined D:\wwwroot\mainweb\sdk\api\UcApi\Lib\Action\IndexAction.class.php 第 5 行.
NOTIC: [2048] Only variables should be passed by reference D:\wwwroot\mainweb\sdk\api\UcApi\Lib\Action\IndexAction.class.php 第 63 行.
NOTIC: [8] Constant API_RETURN_FAILED already defined D:\wwwroot\mainweb\sdk\uc_client\model\note.php 第 16 行.
SQL: SHOW COLUMNS FROM `sdk_accounts` [ RunTime:0.002184s ]
SQL: SELECT * FROM `sdk_accounts` WHERE ( `account_id` = 2262 ) LIMIT 1   [ RunTime:0.000402s ]

[ 2013-09-05T20:17:37+08:00 ] 180.153.214.192 /api/uc.php?time=1378381657&code=41d3uz%2BnVe8CVqULs561DgRLM0Fae67vM2ZYLx6NwTg0OiPvpPuRhDOl5b4WrECGiY9oWKsIfq8o4aNwbBwzh3AZSeFPGZgad6%2BHgEoOkCWgnmIuH3fvQo0uNLlMZft8MkGwT%2Fn8kUT5%2F86kmmvjunBN26nDCb0dgZZ1O1DQ8Q
INFO: [ app_begin ] --START--
INFO: Run ReadHtmlCache Behavior [ RunTime:0.000989s ]
INFO: [ app_begin ] --END-- [ RunTime:0.001084s ]
NOTIC: [8] Constant UC_CLIENT_VERSION already defined D:\wwwroot\mainweb\sdk\api\UcApi\Lib\Action\IndexAction.class.php 第 4 行.
NOTIC: [8] Constant UC_CLIENT_RELEASE already defined D:\wwwroot\mainweb\sdk\api\UcApi\Lib\Action\IndexAction.class.php 第 5 行.
NOTIC: [2048] Only variables should be passed by reference D:\wwwroot\mainweb\sdk\api\UcApi\Lib\Action\IndexAction.class.php 第 63 行.
NOTIC: [8] Constant API_RETURN_FAILED already defined D:\wwwroot\mainweb\sdk\uc_client\model\note.php 第 16 行.
SQL: SHOW COLUMNS FROM `sdk_accounts` [ RunTime:0.002365s ]
SQL: SELECT * FROM `sdk_accounts` WHERE ( `account_id` = 2262 ) LIMIT 1   [ RunTime:0.000334s ]

[ 2013-09-05T20:43:33+08:00 ] 192.168.203.90 /api/uc.php?time=1378385012&code=d8a9b%2FV3MbE1JT8o5VSTEWGB8kWWoLV6JuyByzlt73tA%2B4wD7b4OBbi37tDQtkwuGbxy0IXnGi9mRN86H5MWB0K8eY8aoNZSHnQyqHvf%2BJozRkyEF14jUKN%2Bxz4QNsDBzYmePM1ILF7YQyi4jIfvmqNcTu%2FpLyaDhKB1jw
INFO: [ app_begin ] --START--
INFO: Run ReadHtmlCache Behavior [ RunTime:0.001303s ]
INFO: [ app_begin ] --END-- [ RunTime:0.001400s ]
NOTIC: [8] Constant UC_CLIENT_VERSION already defined D:\wwwroot\mainweb\sdk\api\UcApi\Lib\Action\IndexAction.class.php 第 4 行.
NOTIC: [8] Constant UC_CLIENT_RELEASE already defined D:\wwwroot\mainweb\sdk\api\UcApi\Lib\Action\IndexAction.class.php 第 5 行.
NOTIC: [2048] Only variables should be passed by reference D:\wwwroot\mainweb\sdk\api\UcApi\Lib\Action\IndexAction.class.php 第 63 行.
NOTIC: [8] Constant API_RETURN_FAILED already defined D:\wwwroot\mainweb\sdk\uc_client\model\note.php 第 16 行.
SQL: SHOW COLUMNS FROM `sdk_accounts` [ RunTime:0.002100s ]
SQL: SELECT * FROM `sdk_accounts` WHERE ( `account_id` = 1520 ) LIMIT 1   [ RunTime:0.000140s ]

[ 2013-09-05T22:55:23+08:00 ] 192.168.175.216 /api/uc.php?time=1378392923&code=8232yaBxBjZdL0IPut9AqlcFGN0Bsuio5qcVFvtOlv69fc3nNPa6V9HYPAj90xsPnl%2F4Swy2BV1DpI0nimHPJMxVE6Z99v6Wz4ilP5XX44NRf5%2BD2YABFYTNDh252zzcVw8HPg8mGQda8B7qbp7e%2Flatn7trBdlXfMWPyVM
INFO: [ app_begin ] --START--
INFO: Run ReadHtmlCache Behavior [ RunTime:0.002357s ]
INFO: [ app_begin ] --END-- [ RunTime:0.002451s ]
NOTIC: [8] Constant UC_CLIENT_VERSION already defined D:\wwwroot\mainweb\sdk\api\UcApi\Lib\Action\IndexAction.class.php 第 4 行.
NOTIC: [8] Constant UC_CLIENT_RELEASE already defined D:\wwwroot\mainweb\sdk\api\UcApi\Lib\Action\IndexAction.class.php 第 5 行.
NOTIC: [2048] Only variables should be passed by reference D:\wwwroot\mainweb\sdk\api\UcApi\Lib\Action\IndexAction.class.php 第 63 行.
NOTIC: [8] Constant API_RETURN_FAILED already defined D:\wwwroot\mainweb\sdk\uc_client\model\note.php 第 16 行.
SQL: SHOW COLUMNS FROM `sdk_accounts` [ RunTime:0.002338s ]
SQL: SELECT * FROM `sdk_accounts` WHERE ( `account_id` = 687 ) LIMIT 1   [ RunTime:0.000428s ]
SQL: INSERT INTO `sdk_accounts` (`account_id`,`user_name`,`email`,`password`,`reg_time`) VALUES (687,'2-305','414837286@qq.com','1a014852ceea545cf2dd53eac6b9aeb1b0799070',1378392923) [ RunTime:0.002911s ]

[ 2013-09-05T22:55:50+08:00 ] 192.168.175.216 /api/uc.php?time=1378392950&code=cf14NW9vYn84LUafW7Mh2ali80cSj0t7XfenoXw7hmO7p6OspAWMPZLl43hNRnzQ8QWNvq0KqbQnIwCnNzTjpEBV2CMw3RCyZlRhN%2Bfnp81zbVTyXUauTbdJHqG3MjvnCUhGiLqXA9iVxiMrXGEINOcA%2B7IAFX9aoq1IHY0
INFO: [ app_begin ] --START--
INFO: Run ReadHtmlCache Behavior [ RunTime:0.001097s ]
INFO: [ app_begin ] --END-- [ RunTime:0.001859s ]
NOTIC: [8] Constant UC_CLIENT_VERSION already defined D:\wwwroot\mainweb\sdk\api\UcApi\Lib\Action\IndexAction.class.php 第 4 行.
NOTIC: [8] Constant UC_CLIENT_RELEASE already defined D:\wwwroot\mainweb\sdk\api\UcApi\Lib\Action\IndexAction.class.php 第 5 行.
NOTIC: [2048] Only variables should be passed by reference D:\wwwroot\mainweb\sdk\api\UcApi\Lib\Action\IndexAction.class.php 第 63 行.
NOTIC: [8] Constant API_RETURN_FAILED already defined D:\wwwroot\mainweb\sdk\uc_client\model\note.php 第 16 行.
SQL: SHOW COLUMNS FROM `sdk_accounts` [ RunTime:0.002027s ]
SQL: SELECT * FROM `sdk_accounts` WHERE ( `account_id` = 687 ) LIMIT 1   [ RunTime:0.000282s ]

[ 2013-09-05T23:17:30+08:00 ] 192.168.137.13 /api/uc.php?time=1378394250&code=3fc1FgG%2BbVrKa2jjWszsBOlXGpkZjjXjZTInzwtGUlXOme1gBct%2FXjTvUUjAu4cNIGN5%2FBwr8l7n%2BwzB3aXOTQXJdQtn%2BLajw0gZUEnhY%2BY2Ps8JqsckSNGg97otD0cuQ5UuCFKBFnyZK8u%2BGKAbW0pU92A%2BXhdeoG5Exg
INFO: [ app_begin ] --START--
INFO: Run ReadHtmlCache Behavior [ RunTime:0.001092s ]
INFO: [ app_begin ] --END-- [ RunTime:0.001188s ]
NOTIC: [8] Constant UC_CLIENT_VERSION already defined D:\wwwroot\mainweb\sdk\api\UcApi\Lib\Action\IndexAction.class.php 第 4 行.
NOTIC: [8] Constant UC_CLIENT_RELEASE already defined D:\wwwroot\mainweb\sdk\api\UcApi\Lib\Action\IndexAction.class.php 第 5 行.
NOTIC: [2048] Only variables should be passed by reference D:\wwwroot\mainweb\sdk\api\UcApi\Lib\Action\IndexAction.class.php 第 63 行.
NOTIC: [8] Constant API_RETURN_FAILED already defined D:\wwwroot\mainweb\sdk\uc_client\model\note.php 第 16 行.
SQL: SHOW COLUMNS FROM `sdk_accounts` [ RunTime:0.002125s ]
SQL: SELECT * FROM `sdk_accounts` WHERE ( `account_id` = 2320 ) LIMIT 1   [ RunTime:0.000579s ]

[ 2013-09-05T23:58:59+08:00 ] 192.168.176.140 /api/uc.php?time=1378396739&code=cc04yOipEuF4ahukCkjOrH1usJGSww36Cy6uAbIf43h6L07jZPQwExNuZn7dgwTsnoxu7MLOKCN%2BI%2FF989%2B4yS%2F9LlJNzEwlDffyHd0ncmwvVrc%2BS7DSieUJ0X6oZmZnnHbtiQ9xgmpHdJzNZu%2FkM5EVF2XTHTu6KyIc3NxJJ%2BkK
INFO: [ app_begin ] --START--
INFO: Run ReadHtmlCache Behavior [ RunTime:0.001064s ]
INFO: [ app_begin ] --END-- [ RunTime:0.001158s ]
NOTIC: [8] Constant UC_CLIENT_VERSION already defined D:\wwwroot\mainweb\sdk\api\UcApi\Lib\Action\IndexAction.class.php 第 4 行.
NOTIC: [8] Constant UC_CLIENT_RELEASE already defined D:\wwwroot\mainweb\sdk\api\UcApi\Lib\Action\IndexAction.class.php 第 5 行.
NOTIC: [2048] Only variables should be passed by reference D:\wwwroot\mainweb\sdk\api\UcApi\Lib\Action\IndexAction.class.php 第 63 行.
NOTIC: [8] Constant API_RETURN_FAILED already defined D:\wwwroot\mainweb\sdk\uc_client\model\note.php 第 16 行.
SQL: SHOW COLUMNS FROM `sdk_accounts` [ RunTime:0.001982s ]
SQL: SELECT * FROM `sdk_accounts` WHERE ( `account_id` = 694 ) LIMIT 1   [ RunTime:0.000287s ]

