[ 2013-09-01T00:11:21+08:00 ] 192.168.131.6 /api/uc.php?time=1377965481&code=ef9cTsTigzaKbRuf91TvQwrglEXKEd2%2Bz7nh6bpdZOtgggZolLjDi4Bl%2BFU5BnxRID558RDBDaBxXJFkhqU6AxKUXkMmJx9d35CiGhikOMUb8TOm2DAIq0GhqvctZmLCq8I2%2Bm7fF8RTwf9DEXUVQQM66cYJAiV3O4y177s
INFO: [ app_begin ] --START--
INFO: Run ReadHtmlCache Behavior [ RunTime:0.002447s ]
INFO: [ app_begin ] --END-- [ RunTime:0.002544s ]
NOTIC: [8] Constant UC_CLIENT_VERSION already defined D:\wwwroot\mainweb\sdk\api\UcApi\Lib\Action\IndexAction.class.php 第 4 行.
NOTIC: [8] Constant UC_CLIENT_RELEASE already defined D:\wwwroot\mainweb\sdk\api\UcApi\Lib\Action\IndexAction.class.php 第 5 行.
NOTIC: [2048] Only variables should be passed by reference D:\wwwroot\mainweb\sdk\api\UcApi\Lib\Action\IndexAction.class.php 第 63 行.
NOTIC: [8] Constant API_RETURN_FAILED already defined D:\wwwroot\mainweb\sdk\uc_client\model\note.php 第 16 行.
SQL: SHOW COLUMNS FROM `sdk_accounts` [ RunTime:0.002980s ]
SQL: SELECT * FROM `sdk_accounts` WHERE ( `account_id` = 683 ) LIMIT 1   [ RunTime:0.000295s ]

[ 2013-09-01T09:25:36+08:00 ] 192.168.163.195 /api/uc.php?time=1377998736&code=bafeXab%2BaQ8B3OFdiTsq2O9n%2BSDVPfDknYKiGhaDhTrnvMnJNRBWnNbeZH4r3aYv5jyrAhkTMQW0XWubwq%2F6ncI3%2BIYx9Uysrv2UTf0CVR4%2Bau2y6zc1czBUVJEHEaY7snNVnPgijEu3NI%2FVda8GOZXJfmAoDlbyiRDus84zxyFXnAMmWQ
INFO: [ app_begin ] --START--
INFO: Run ReadHtmlCache Behavior [ RunTime:0.001345s ]
INFO: [ app_begin ] --END-- [ RunTime:0.001439s ]
NOTIC: [8] Constant UC_CLIENT_VERSION already defined D:\wwwroot\mainweb\sdk\api\UcApi\Lib\Action\IndexAction.class.php 第 4 行.
NOTIC: [8] Constant UC_CLIENT_RELEASE already defined D:\wwwroot\mainweb\sdk\api\UcApi\Lib\Action\IndexAction.class.php 第 5 行.
NOTIC: [2048] Only variables should be passed by reference D:\wwwroot\mainweb\sdk\api\UcApi\Lib\Action\IndexAction.class.php 第 63 行.
NOTIC: [8] Constant API_RETURN_FAILED already defined D:\wwwroot\mainweb\sdk\uc_client\model\note.php 第 16 行.
SQL: SHOW COLUMNS FROM `sdk_accounts` [ RunTime:0.002534s ]
SQL: SELECT * FROM `sdk_accounts` WHERE ( `account_id` = 2089 ) LIMIT 1   [ RunTime:0.000348s ]

[ 2013-09-01T09:28:03+08:00 ] 192.168.185.141 /api/uc.php?time=1377998883&code=8d5eKTRxFf1OAAc3bp3yizV5hdODLgwqPh2blGmlEOFZECwWHTtFBN%2Fn8IdNK3wJQ5Ae8Y%2F6juzSGhPwj1zZDglBi9%2B5%2B%2FtgS9VklnVD%2FtleIErPvpzeNPXD64OIaUauD19huBHvdMh2C3YUQB%2BeyL%2FqLNQgjO9XZefJukh5
INFO: [ app_begin ] --START--
INFO: Run ReadHtmlCache Behavior [ RunTime:0.001184s ]
INFO: [ app_begin ] --END-- [ RunTime:0.001285s ]
NOTIC: [8] Constant UC_CLIENT_VERSION already defined D:\wwwroot\mainweb\sdk\api\UcApi\Lib\Action\IndexAction.class.php 第 4 行.
NOTIC: [8] Constant UC_CLIENT_RELEASE already defined D:\wwwroot\mainweb\sdk\api\UcApi\Lib\Action\IndexAction.class.php 第 5 行.
NOTIC: [2048] Only variables should be passed by reference D:\wwwroot\mainweb\sdk\api\UcApi\Lib\Action\IndexAction.class.php 第 63 行.
NOTIC: [8] Constant API_RETURN_FAILED already defined D:\wwwroot\mainweb\sdk\uc_client\model\note.php 第 16 行.
SQL: SHOW COLUMNS FROM `sdk_accounts` [ RunTime:0.002305s ]
SQL: SELECT * FROM `sdk_accounts` WHERE ( `account_id` = 2275 ) LIMIT 1   [ RunTime:0.000648s ]

[ 2013-09-01T09:43:39+08:00 ] 192.168.187.74 /api/uc.php?time=1377999819&code=b6b6VBk2G9cQOJlQA3i3Zu3rFJgqaZrGh9915XoEYVGgNDkKOG8yn60EoM119lKKn0ZhfIerhWpvkS1vxUAH2eNF2PEJZyJ8apeizy%2BjFEu1lt%2BO0sK%2FVEfRJzFU1nYTzS6zO9l4JAKSgLpU4JVNypb27k1Jss0EcD%2FSXHGjEhSK
INFO: [ app_begin ] --START--
INFO: Run ReadHtmlCache Behavior [ RunTime:0.001186s ]
INFO: [ app_begin ] --END-- [ RunTime:0.001279s ]
NOTIC: [8] Constant UC_CLIENT_VERSION already defined D:\wwwroot\mainweb\sdk\api\UcApi\Lib\Action\IndexAction.class.php 第 4 行.
NOTIC: [8] Constant UC_CLIENT_RELEASE already defined D:\wwwroot\mainweb\sdk\api\UcApi\Lib\Action\IndexAction.class.php 第 5 行.
NOTIC: [2048] Only variables should be passed by reference D:\wwwroot\mainweb\sdk\api\UcApi\Lib\Action\IndexAction.class.php 第 63 行.
NOTIC: [8] Constant API_RETURN_FAILED already defined D:\wwwroot\mainweb\sdk\uc_client\model\note.php 第 16 行.
SQL: SHOW COLUMNS FROM `sdk_accounts` [ RunTime:0.002114s ]
SQL: SELECT * FROM `sdk_accounts` WHERE ( `account_id` = 2406 ) LIMIT 1   [ RunTime:0.000332s ]
SQL: INSERT INTO `sdk_accounts` (`account_id`,`user_name`,`email`,`password`,`reg_time`) VALUES (2406,'creamlee','279976679@qq.com','56912dae2606c8839ab59a368b47682f13f25416',1377999819) [ RunTime:0.001032s ]

[ 2013-09-01T09:44:30+08:00 ] 192.168.187.80 /api/uc.php?time=1377999870&code=ecbegyExKYl6P7wciynvTK%2BX9YFd3%2FZjWFhbqaEVsMEkps8OEfdPhl6rL0x4WCgKf47NJObfDmT7GTvKu9h%2BPSH14G%2FmfF4By4XedGLnxLXq%2F6LV0R3oLRtVGYaYN3bkfFMKecWPNDnaeyebsVZ2xi%2FlfvTQt3l4xP3p17s
INFO: [ app_begin ] --START--
INFO: Run ReadHtmlCache Behavior [ RunTime:0.001136s ]
INFO: [ app_begin ] --END-- [ RunTime:0.001228s ]
NOTIC: [8] Constant UC_CLIENT_VERSION already defined D:\wwwroot\mainweb\sdk\api\UcApi\Lib\Action\IndexAction.class.php 第 4 行.
NOTIC: [8] Constant UC_CLIENT_RELEASE already defined D:\wwwroot\mainweb\sdk\api\UcApi\Lib\Action\IndexAction.class.php 第 5 行.
NOTIC: [2048] Only variables should be passed by reference D:\wwwroot\mainweb\sdk\api\UcApi\Lib\Action\IndexAction.class.php 第 63 行.
NOTIC: [8] Constant API_RETURN_FAILED already defined D:\wwwroot\mainweb\sdk\uc_client\model\note.php 第 16 行.
SQL: SHOW COLUMNS FROM `sdk_accounts` [ RunTime:0.002015s ]
SQL: SELECT * FROM `sdk_accounts` WHERE ( `account_id` = 2407 ) LIMIT 1   [ RunTime:0.000384s ]
SQL: INSERT INTO `sdk_accounts` (`account_id`,`user_name`,`email`,`password`,`reg_time`) VALUES (2407,'Warm','491267772@qq.com','e963df71a94c602acc485bc7ba0a0d53f7fe571b',1377999870) [ RunTime:0.000290s ]

[ 2013-09-01T09:45:36+08:00 ] 202.116.192.50 /api/uc.php?code=83ca%2BEdHZvgvd%2FYjPy7s6o8FxtfoLQUAn49uXa4xTJrT31ZqsZmu7s%2BqEm%2BZg8wKagETlYiUBL45iNGISs6DVbW5ZBjwcQw5dQ5gP853n0k90RONr225FPc&__times__=1
INFO: [ app_begin ] --START--
INFO: Run ReadHtmlCache Behavior [ RunTime:0.001133s ]
INFO: [ app_begin ] --END-- [ RunTime:0.001225s ]
NOTIC: [8] Constant UC_CLIENT_VERSION already defined D:\wwwroot\mainweb\sdk\api\UcApi\Lib\Action\IndexAction.class.php 第 4 行.
NOTIC: [8] Constant UC_CLIENT_RELEASE already defined D:\wwwroot\mainweb\sdk\api\UcApi\Lib\Action\IndexAction.class.php 第 5 行.
NOTIC: [2048] Only variables should be passed by reference D:\wwwroot\mainweb\sdk\api\UcApi\Lib\Action\IndexAction.class.php 第 63 行.

[ 2013-09-01T09:45:36+08:00 ] 192.168.187.80 /api/uc.php?time=1377999931&code=e0a6qVYRrE8xL1buuc3d6ee4%2BTTK25hTK2zB3jK%2FjOFmim%2BdI2tEj5Bz4FNj79ybZ92qFRIvMS8FLHgFogJcmRyyuHrLzn%2B3y4q8dyGokl%2FAH5ozg9zB%2F4QLl%2BrQtxgdYGRnc%2BWTITvBsjg5XaPSOg6ifQ2ncffPpQ8XjLY
INFO: [ app_begin ] --START--
INFO: Run ReadHtmlCache Behavior [ RunTime:0.002019s ]
INFO: [ app_begin ] --END-- [ RunTime:0.002113s ]
NOTIC: [8] Constant UC_CLIENT_VERSION already defined D:\wwwroot\mainweb\sdk\api\UcApi\Lib\Action\IndexAction.class.php 第 4 行.
NOTIC: [8] Constant UC_CLIENT_RELEASE already defined D:\wwwroot\mainweb\sdk\api\UcApi\Lib\Action\IndexAction.class.php 第 5 行.
NOTIC: [2048] Only variables should be passed by reference D:\wwwroot\mainweb\sdk\api\UcApi\Lib\Action\IndexAction.class.php 第 63 行.
NOTIC: [8] Constant API_RETURN_FAILED already defined D:\wwwroot\mainweb\sdk\uc_client\model\note.php 第 16 行.
SQL: SHOW COLUMNS FROM `sdk_accounts` [ RunTime:0.002066s ]
SQL: SELECT * FROM `sdk_accounts` WHERE ( `account_id` = 2407 ) LIMIT 1   [ RunTime:0.000419s ]
NOTIC: [8] Undefined index:  apph D:\wwwroot\mainweb\sdk\uc_client\model\note.php 第 169 行.
NOTIC: [8] Undefined offset:  2 D:\wwwroot\mainweb\sdk\uc_client\model\note.php 第 141 行.

[ 2013-09-01T09:46:27+08:00 ] 192.168.187.74 /api/uc.php?time=1377999987&code=4a336DyzFj1FoRJOl4f%2BosnpefGeIJBFIplPD8T9yfPY13exiCYbxaRiX3NMfa%2FO%2BXECwn6hOjqxGCYMG2tharZJoP2CpzngTZk1NugxElic6%2ByteN7OirFr0B%2B4jPY3YbJTqQJ67dqGLeVxyx%2BLNF%2B09PZAtYaw8Cc%2FavQMxNmG4g
INFO: [ app_begin ] --START--
INFO: Run ReadHtmlCache Behavior [ RunTime:0.001173s ]
INFO: [ app_begin ] --END-- [ RunTime:0.001267s ]
NOTIC: [8] Constant UC_CLIENT_VERSION already defined D:\wwwroot\mainweb\sdk\api\UcApi\Lib\Action\IndexAction.class.php 第 4 行.
NOTIC: [8] Constant UC_CLIENT_RELEASE already defined D:\wwwroot\mainweb\sdk\api\UcApi\Lib\Action\IndexAction.class.php 第 5 行.
NOTIC: [2048] Only variables should be passed by reference D:\wwwroot\mainweb\sdk\api\UcApi\Lib\Action\IndexAction.class.php 第 63 行.
NOTIC: [8] Constant API_RETURN_FAILED already defined D:\wwwroot\mainweb\sdk\uc_client\model\note.php 第 16 行.
SQL: SHOW COLUMNS FROM `sdk_accounts` [ RunTime:0.002236s ]
SQL: SELECT * FROM `sdk_accounts` WHERE ( `account_id` = 2406 ) LIMIT 1   [ RunTime:0.000621s ]

[ 2013-09-01T10:07:20+08:00 ] 192.168.193.79 /api/uc.php?time=1378001240&code=dc2be3z7ZF4%2FCOD0HmoFmi4lrZRPnYsCCohd8U%2FA8kUz%2BCkP%2BSzy39Gt97UMqihyRA7bLdETXgcVRwPhWL2jCbg%2FVoSZyxFmOIud5ABin3i1jAUaIOAvAm51hYb4x1z0VJPFM5frFuJOaAoFmQp1kKwAeoV1%2BRlFuBqLT6A1vZBVqQ
INFO: [ app_begin ] --START--
INFO: Run ReadHtmlCache Behavior [ RunTime:0.001515s ]
INFO: [ app_begin ] --END-- [ RunTime:0.001617s ]
NOTIC: [8] Constant UC_CLIENT_VERSION already defined D:\wwwroot\mainweb\sdk\api\UcApi\Lib\Action\IndexAction.class.php 第 4 行.
NOTIC: [8] Constant UC_CLIENT_RELEASE already defined D:\wwwroot\mainweb\sdk\api\UcApi\Lib\Action\IndexAction.class.php 第 5 行.
NOTIC: [2048] Only variables should be passed by reference D:\wwwroot\mainweb\sdk\api\UcApi\Lib\Action\IndexAction.class.php 第 63 行.
NOTIC: [8] Constant API_RETURN_FAILED already defined D:\wwwroot\mainweb\sdk\uc_client\model\note.php 第 16 行.
SQL: SHOW COLUMNS FROM `sdk_accounts` [ RunTime:0.002132s ]
SQL: SELECT * FROM `sdk_accounts` WHERE ( `account_id` = 1217 ) LIMIT 1   [ RunTime:0.000391s ]

[ 2013-09-01T10:12:42+08:00 ] 192.168.152.71 /api/uc.php?time=1378001562&code=9580mBU4q4HWP7oNMMJExuUOtCVsPvj9MonC0wIiJGjJuNBNUnlWrglftW30o4K6XOak1hbzc2eIrRB5RCrwtSpekybbDkW4aqbcqRu8PjAUvzkAUMUd9cGALLLt7srXDm%2B5zg2%2BJUYVOoeZiQqUYbldYxxIno7%2BEGJsd95Dn80
INFO: [ app_begin ] --START--
INFO: Run ReadHtmlCache Behavior [ RunTime:0.001434s ]
INFO: [ app_begin ] --END-- [ RunTime:0.001526s ]
NOTIC: [8] Constant UC_CLIENT_VERSION already defined D:\wwwroot\mainweb\sdk\api\UcApi\Lib\Action\IndexAction.class.php 第 4 行.
NOTIC: [8] Constant UC_CLIENT_RELEASE already defined D:\wwwroot\mainweb\sdk\api\UcApi\Lib\Action\IndexAction.class.php 第 5 行.
NOTIC: [2048] Only variables should be passed by reference D:\wwwroot\mainweb\sdk\api\UcApi\Lib\Action\IndexAction.class.php 第 63 行.
NOTIC: [8] Constant API_RETURN_FAILED already defined D:\wwwroot\mainweb\sdk\uc_client\model\note.php 第 16 行.
SQL: SHOW COLUMNS FROM `sdk_accounts` [ RunTime:0.002229s ]
SQL: SELECT * FROM `sdk_accounts` WHERE ( `account_id` = 1228 ) LIMIT 1   [ RunTime:0.000914s ]

[ 2013-09-01T10:37:20+08:00 ] 180.153.214.199 /api/uc.php?time=1378001240&code=dc2be3z7ZF4%2FCOD0HmoFmi4lrZRPnYsCCohd8U%2FA8kUz%2BCkP%2BSzy39Gt97UMqihyRA7bLdETXgcVRwPhWL2jCbg%2FVoSZyxFmOIud5ABin3i1jAUaIOAvAm51hYb4x1z0VJPFM5frFuJOaAoFmQp1kKwAeoV1%2BRlFuBqLT6A1vZBVqQ
INFO: [ app_begin ] --START--
INFO: Run ReadHtmlCache Behavior [ RunTime:0.001336s ]
INFO: [ app_begin ] --END-- [ RunTime:0.001430s ]
NOTIC: [8] Constant UC_CLIENT_VERSION already defined D:\wwwroot\mainweb\sdk\api\UcApi\Lib\Action\IndexAction.class.php 第 4 行.
NOTIC: [8] Constant UC_CLIENT_RELEASE already defined D:\wwwroot\mainweb\sdk\api\UcApi\Lib\Action\IndexAction.class.php 第 5 行.
NOTIC: [2048] Only variables should be passed by reference D:\wwwroot\mainweb\sdk\api\UcApi\Lib\Action\IndexAction.class.php 第 63 行.
NOTIC: [8] Constant API_RETURN_FAILED already defined D:\wwwroot\mainweb\sdk\uc_client\model\note.php 第 16 行.
SQL: SHOW COLUMNS FROM `sdk_accounts` [ RunTime:0.001983s ]
SQL: SELECT * FROM `sdk_accounts` WHERE ( `account_id` = 1217 ) LIMIT 1   [ RunTime:0.000206s ]

[ 2013-09-01T10:56:22+08:00 ] 192.168.137.71 /api/uc.php?time=1378004181&code=f6f4NApYEedsutkZwSUMfswHcod2pQeab9V92JS8glQUN5xzH6S9fVsftXVpLx48Fho4Y5P3KGxObEnd5x4Zzcxy%2FixQwVQhd4wJIrYepnxEJtiyuD%2FVCfAY0hBiUVjYH%2Bbc9lEZVE3IoADSyD6pYGi%2BaHYmYe3%2B7qafRLou
INFO: [ app_begin ] --START--
INFO: Run ReadHtmlCache Behavior [ RunTime:0.001241s ]
INFO: [ app_begin ] --END-- [ RunTime:0.001334s ]
NOTIC: [8] Constant UC_CLIENT_VERSION already defined D:\wwwroot\mainweb\sdk\api\UcApi\Lib\Action\IndexAction.class.php 第 4 行.
NOTIC: [8] Constant UC_CLIENT_RELEASE already defined D:\wwwroot\mainweb\sdk\api\UcApi\Lib\Action\IndexAction.class.php 第 5 行.
NOTIC: [2048] Only variables should be passed by reference D:\wwwroot\mainweb\sdk\api\UcApi\Lib\Action\IndexAction.class.php 第 63 行.
NOTIC: [8] Constant API_RETURN_FAILED already defined D:\wwwroot\mainweb\sdk\uc_client\model\note.php 第 16 行.
SQL: SHOW COLUMNS FROM `sdk_accounts` [ RunTime:0.001860s ]
SQL: SELECT * FROM `sdk_accounts` WHERE ( `account_id` = 1488 ) LIMIT 1   [ RunTime:0.000355s ]

[ 2013-09-01T11:26:21+08:00 ] 101.226.89.115 /api/uc.php?time=1378004181&code=f6f4NApYEedsutkZwSUMfswHcod2pQeab9V92JS8glQUN5xzH6S9fVsftXVpLx48Fho4Y5P3KGxObEnd5x4Zzcxy%2FixQwVQhd4wJIrYepnxEJtiyuD%2FVCfAY0hBiUVjYH%2Bbc9lEZVE3IoADSyD6pYGi%2BaHYmYe3%2B7qafRLou
INFO: [ app_begin ] --START--
INFO: Run ReadHtmlCache Behavior [ RunTime:0.001269s ]
INFO: [ app_begin ] --END-- [ RunTime:0.001362s ]
NOTIC: [8] Constant UC_CLIENT_VERSION already defined D:\wwwroot\mainweb\sdk\api\UcApi\Lib\Action\IndexAction.class.php 第 4 行.
NOTIC: [8] Constant UC_CLIENT_RELEASE already defined D:\wwwroot\mainweb\sdk\api\UcApi\Lib\Action\IndexAction.class.php 第 5 行.
NOTIC: [2048] Only variables should be passed by reference D:\wwwroot\mainweb\sdk\api\UcApi\Lib\Action\IndexAction.class.php 第 63 行.
NOTIC: [8] Constant API_RETURN_FAILED already defined D:\wwwroot\mainweb\sdk\uc_client\model\note.php 第 16 行.
SQL: SHOW COLUMNS FROM `sdk_accounts` [ RunTime:0.002097s ]
SQL: SELECT * FROM `sdk_accounts` WHERE ( `account_id` = 1488 ) LIMIT 1   [ RunTime:0.000249s ]

[ 2013-09-01T11:27:38+08:00 ] 192.168.156.132 /api/uc.php?time=1378006058&code=552fBrffZvk%2BKj7i7uvFzWc05pHwcmGPl8t4xNZMlQTYQzIDwZ%2B9NEtgxwahI6Q9XyZkvQqUeDYXz33JWZ96FljKxxuChSIkCjye2itIDMlZMiHz7YSttKF1czO7qzKil%2BYQgKcHCdSQwCGWZHHWv%2B7pHve2ot6bvpmJk1FcMdY7
INFO: [ app_begin ] --START--
INFO: Run ReadHtmlCache Behavior [ RunTime:0.001129s ]
INFO: [ app_begin ] --END-- [ RunTime:0.001220s ]
NOTIC: [8] Constant UC_CLIENT_VERSION already defined D:\wwwroot\mainweb\sdk\api\UcApi\Lib\Action\IndexAction.class.php 第 4 行.
NOTIC: [8] Constant UC_CLIENT_RELEASE already defined D:\wwwroot\mainweb\sdk\api\UcApi\Lib\Action\IndexAction.class.php 第 5 行.
NOTIC: [2048] Only variables should be passed by reference D:\wwwroot\mainweb\sdk\api\UcApi\Lib\Action\IndexAction.class.php 第 63 行.
NOTIC: [8] Constant API_RETURN_FAILED already defined D:\wwwroot\mainweb\sdk\uc_client\model\note.php 第 16 行.
SQL: SHOW COLUMNS FROM `sdk_accounts` [ RunTime:0.002052s ]
SQL: SELECT * FROM `sdk_accounts` WHERE ( `account_id` = 880 ) LIMIT 1   [ RunTime:0.000388s ]

[ 2013-09-01T11:36:03+08:00 ] 192.168.186.130 /api/uc.php?time=1378006563&code=a194gRYwm01A7XvpsX9LTOxcmqKiYlZadyjAjZXb0XgayGD2lCMVfDWQ98R8yyQRHwlGcuumNVhJS3udx3SBPVbmIFIJkWZjhi%2Bfxnt0eVr0sf%2Fxg0kCGVRvaX9gKnJAZNfR0Tw5Zuqlh7J8PfeGHPDICO6YXYabTVYxyHFuzS0XBg
INFO: [ app_begin ] --START--
INFO: Run ReadHtmlCache Behavior [ RunTime:0.001238s ]
INFO: [ app_begin ] --END-- [ RunTime:0.001332s ]
NOTIC: [8] Constant UC_CLIENT_VERSION already defined D:\wwwroot\mainweb\sdk\api\UcApi\Lib\Action\IndexAction.class.php 第 4 行.
NOTIC: [8] Constant UC_CLIENT_RELEASE already defined D:\wwwroot\mainweb\sdk\api\UcApi\Lib\Action\IndexAction.class.php 第 5 行.
NOTIC: [2048] Only variables should be passed by reference D:\wwwroot\mainweb\sdk\api\UcApi\Lib\Action\IndexAction.class.php 第 63 行.
NOTIC: [8] Constant API_RETURN_FAILED already defined D:\wwwroot\mainweb\sdk\uc_client\model\note.php 第 16 行.
SQL: SHOW COLUMNS FROM `sdk_accounts` [ RunTime:0.002005s ]
SQL: SELECT * FROM `sdk_accounts` WHERE ( `account_id` = 1471 ) LIMIT 1   [ RunTime:0.000373s ]

[ 2013-09-01T11:40:15+08:00 ] 192.168.145.129 /api/uc.php?time=1378006814&code=62ce0z5RzFrVRsjvV55H8LGE%2F8p1FI0kBeg9dQqJHiyh%2B0A4%2BdGx9SLONbQL%2BM1rn1xTa7cI1x3VsJduIz8XAO1H0C1lwcpH6G1uoWj%2B11QQQhcOOZQTOOVPBvG5u7LTgR4XkyNltz%2BQfvUtEup9eFROQmlcfSNAaLsz1OnEeEQuSg
INFO: [ app_begin ] --START--
INFO: Run ReadHtmlCache Behavior [ RunTime:0.001310s ]
INFO: [ app_begin ] --END-- [ RunTime:0.001404s ]
NOTIC: [8] Constant UC_CLIENT_VERSION already defined D:\wwwroot\mainweb\sdk\api\UcApi\Lib\Action\IndexAction.class.php 第 4 行.
NOTIC: [8] Constant UC_CLIENT_RELEASE already defined D:\wwwroot\mainweb\sdk\api\UcApi\Lib\Action\IndexAction.class.php 第 5 行.
NOTIC: [2048] Only variables should be passed by reference D:\wwwroot\mainweb\sdk\api\UcApi\Lib\Action\IndexAction.class.php 第 63 行.
NOTIC: [8] Constant API_RETURN_FAILED already defined D:\wwwroot\mainweb\sdk\uc_client\model\note.php 第 16 行.
SQL: SHOW COLUMNS FROM `sdk_accounts` [ RunTime:0.001954s ]
SQL: SELECT * FROM `sdk_accounts` WHERE ( `account_id` = 1171 ) LIMIT 1   [ RunTime:0.000656s ]

[ 2013-09-01T11:40:50+08:00 ] 192.168.142.9 /api/uc.php?time=1378006850&code=2da07ckDRUZREOunT%2BrF84ySFCqwir5pGc4fOL6%2FZXixLtaRvrvrdrZJ5%2FM9DHEZL1HYNobvajOVm1m3sOjphl3Sl6fZj3Sg8UU%2BYDZUonYkVJqzBQcq9wM%2BfOiLD7QXt433DCtMmkS0Jk7J7My9GAGW%2BjgmhjO3DwuSAQ
INFO: [ app_begin ] --START--
INFO: Run ReadHtmlCache Behavior [ RunTime:0.001239s ]
INFO: [ app_begin ] --END-- [ RunTime:0.001331s ]
NOTIC: [8] Constant UC_CLIENT_VERSION already defined D:\wwwroot\mainweb\sdk\api\UcApi\Lib\Action\IndexAction.class.php 第 4 行.
NOTIC: [8] Constant UC_CLIENT_RELEASE already defined D:\wwwroot\mainweb\sdk\api\UcApi\Lib\Action\IndexAction.class.php 第 5 行.
NOTIC: [2048] Only variables should be passed by reference D:\wwwroot\mainweb\sdk\api\UcApi\Lib\Action\IndexAction.class.php 第 63 行.
NOTIC: [8] Constant API_RETURN_FAILED already defined D:\wwwroot\mainweb\sdk\uc_client\model\note.php 第 16 行.
SQL: SHOW COLUMNS FROM `sdk_accounts` [ RunTime:0.002691s ]
SQL: SELECT * FROM `sdk_accounts` WHERE ( `account_id` = 659 ) LIMIT 1   [ RunTime:0.000857s ]

[ 2013-09-01T12:12:16+08:00 ] 192.168.143.141 /api/uc.php?time=1378008736&code=67a4tnukKaLKB%2BZDSw%2FcHOJyL0Xwthdfn6O3gc8qzDsbnx%2BVc%2Bwz18Zx6Cfy6ygWmlOJTEAmDtucfd8jtS4O7FpXc7yVe34DdvJciaHaFFUGLvduR6cnW%2B6E0QtZuQ%2FEV%2BuSd88piHWf0a7JHw%2B4lvolAauuumQLZ8IIxDVjATiU4w
INFO: [ app_begin ] --START--
INFO: Run ReadHtmlCache Behavior [ RunTime:0.001432s ]
INFO: [ app_begin ] --END-- [ RunTime:0.001526s ]
NOTIC: [8] Constant UC_CLIENT_VERSION already defined D:\wwwroot\mainweb\sdk\api\UcApi\Lib\Action\IndexAction.class.php 第 4 行.
NOTIC: [8] Constant UC_CLIENT_RELEASE already defined D:\wwwroot\mainweb\sdk\api\UcApi\Lib\Action\IndexAction.class.php 第 5 行.
NOTIC: [2048] Only variables should be passed by reference D:\wwwroot\mainweb\sdk\api\UcApi\Lib\Action\IndexAction.class.php 第 63 行.
NOTIC: [8] Constant API_RETURN_FAILED already defined D:\wwwroot\mainweb\sdk\uc_client\model\note.php 第 16 行.
SQL: SHOW COLUMNS FROM `sdk_accounts` [ RunTime:0.002372s ]
SQL: SELECT * FROM `sdk_accounts` WHERE ( `account_id` = 2293 ) LIMIT 1   [ RunTime:0.000473s ]
SQL: INSERT INTO `sdk_accounts` (`account_id`,`user_name`,`email`,`password`,`reg_time`) VALUES (2293,'林荣敏','183720492@qq.com','442e0c1d9529cd7c25466048b3241294e5ff7eb0',1378008736) [ RunTime:0.000920s ]

[ 2013-09-01T13:02:02+08:00 ] 192.168.138.147 /api/uc.php?time=1378011722&code=cce3ZwEC9DlAHTJrqyZJBpWc3YiMZLegar%2BLPrSZ40q6iDr9RuPc6JtKR3cbFdsfGsNpjety3rl%2F%2FdH%2Fcdp8MjiumfwE7%2FGJ%2B42JfJW4d1sMD05IFynsWYnomB2xQRX5hLKMX4grr5XSh9I4tRykwFVF04MKD2AQDmaIuIcr
INFO: [ app_begin ] --START--
INFO: Run ReadHtmlCache Behavior [ RunTime:0.001310s ]
INFO: [ app_begin ] --END-- [ RunTime:0.001403s ]
NOTIC: [8] Constant UC_CLIENT_VERSION already defined D:\wwwroot\mainweb\sdk\api\UcApi\Lib\Action\IndexAction.class.php 第 4 行.
NOTIC: [8] Constant UC_CLIENT_RELEASE already defined D:\wwwroot\mainweb\sdk\api\UcApi\Lib\Action\IndexAction.class.php 第 5 行.
NOTIC: [2048] Only variables should be passed by reference D:\wwwroot\mainweb\sdk\api\UcApi\Lib\Action\IndexAction.class.php 第 63 行.
NOTIC: [8] Constant API_RETURN_FAILED already defined D:\wwwroot\mainweb\sdk\uc_client\model\note.php 第 16 行.
SQL: SHOW COLUMNS FROM `sdk_accounts` [ RunTime:0.001954s ]
SQL: SELECT * FROM `sdk_accounts` WHERE ( `account_id` = 1942 ) LIMIT 1   [ RunTime:0.000501s ]

[ 2013-09-01T13:08:13+08:00 ] 192.168.133.132 /api/uc.php?time=1378012093&code=fd27W4m9wePnxKi2Hc1z7qbuir%2FFMD2TGBHgZcgOx5FSaX4B0vQcI2xYqWaM4WOOF%2BAGwaz4GNJM%2FAkM53hMHF4390nh1VAbMNro%2B96%2FKZo7exD%2BKsi51dds8HdzXVNEO2h8Ex6T6WpWaoCArsSNdAhf28Hlap38WkGQ6xiFFFQg5Q
INFO: [ app_begin ] --START--
INFO: Run ReadHtmlCache Behavior [ RunTime:0.001243s ]
INFO: [ app_begin ] --END-- [ RunTime:0.001336s ]
NOTIC: [8] Constant UC_CLIENT_VERSION already defined D:\wwwroot\mainweb\sdk\api\UcApi\Lib\Action\IndexAction.class.php 第 4 行.
NOTIC: [8] Constant UC_CLIENT_RELEASE already defined D:\wwwroot\mainweb\sdk\api\UcApi\Lib\Action\IndexAction.class.php 第 5 行.
NOTIC: [2048] Only variables should be passed by reference D:\wwwroot\mainweb\sdk\api\UcApi\Lib\Action\IndexAction.class.php 第 63 行.
NOTIC: [8] Constant API_RETURN_FAILED already defined D:\wwwroot\mainweb\sdk\uc_client\model\note.php 第 16 行.
SQL: SHOW COLUMNS FROM `sdk_accounts` [ RunTime:0.002237s ]
SQL: SELECT * FROM `sdk_accounts` WHERE ( `account_id` = 2043 ) LIMIT 1   [ RunTime:0.000669s ]

[ 2013-09-01T13:22:44+08:00 ] 192.168.162.4 /api/uc.php?time=1378012964&code=12f8OtDAEp8EX%2BXSDjMRA7iAbgGFFdm14i8Hd1XQv2Gnx8WdFThdxe4u95GEF%2FzUW7MVve5yUvmGu0ctUIeivB3UiX2qLTJ8p2ZyRSSlkwgE1PgzWUCl3Xg62zGJB7OJXQsE2QlKk0azAFYPH4ty4sGwxZ2fEk44s7AE2TtE
INFO: [ app_begin ] --START--
INFO: Run ReadHtmlCache Behavior [ RunTime:0.001255s ]
INFO: [ app_begin ] --END-- [ RunTime:0.001347s ]
NOTIC: [8] Constant UC_CLIENT_VERSION already defined D:\wwwroot\mainweb\sdk\api\UcApi\Lib\Action\IndexAction.class.php 第 4 行.
NOTIC: [8] Constant UC_CLIENT_RELEASE already defined D:\wwwroot\mainweb\sdk\api\UcApi\Lib\Action\IndexAction.class.php 第 5 行.
NOTIC: [2048] Only variables should be passed by reference D:\wwwroot\mainweb\sdk\api\UcApi\Lib\Action\IndexAction.class.php 第 63 行.
NOTIC: [8] Constant API_RETURN_FAILED already defined D:\wwwroot\mainweb\sdk\uc_client\model\note.php 第 16 行.
SQL: SHOW COLUMNS FROM `sdk_accounts` [ RunTime:0.002396s ]
SQL: SELECT * FROM `sdk_accounts` WHERE ( `account_id` = 668 ) LIMIT 1   [ RunTime:0.000560s ]

[ 2013-09-01T13:23:39+08:00 ] 192.168.191.140 /api/uc.php?time=1378013019&code=620e%2B4VLBfVBHuv2lnabqCy9cXV%2BjRo0S0dqiuX2lklIzHEKzsVIqOoHRMvNRQ37%2FPGzTGiNmGJnuJ4E85XUCHHaj8M1ADj6gC7FjpN3GWSP3ej10U0CW97zQayIzJa8erjnZ5dOHyfvNd3LnQFUmH1JAC%2FHOlUVNQRGVPOXSg
INFO: [ app_begin ] --START--
INFO: Run ReadHtmlCache Behavior [ RunTime:0.001238s ]
INFO: [ app_begin ] --END-- [ RunTime:0.001331s ]
NOTIC: [8] Constant UC_CLIENT_VERSION already defined D:\wwwroot\mainweb\sdk\api\UcApi\Lib\Action\IndexAction.class.php 第 4 行.
NOTIC: [8] Constant UC_CLIENT_RELEASE already defined D:\wwwroot\mainweb\sdk\api\UcApi\Lib\Action\IndexAction.class.php 第 5 行.
NOTIC: [2048] Only variables should be passed by reference D:\wwwroot\mainweb\sdk\api\UcApi\Lib\Action\IndexAction.class.php 第 63 行.
NOTIC: [8] Constant API_RETURN_FAILED already defined D:\wwwroot\mainweb\sdk\uc_client\model\note.php 第 16 行.
SQL: SHOW COLUMNS FROM `sdk_accounts` [ RunTime:0.001980s ]
SQL: SELECT * FROM `sdk_accounts` WHERE ( `account_id` = 1318 ) LIMIT 1   [ RunTime:0.000633s ]

[ 2013-09-01T13:25:15+08:00 ] 192.168.162.4 /api/uc.php?time=1378013115&code=ca7fk%2Fa2NF3QeEz%2FbTN1RGZXiDMnHw4b1DBAQGBLaNkK3UHLgOz6Eu3%2FKMbWFbkR9%2B3IdAbYJgnZbBLpN3PqIausnHw%2BFs3oa%2F4Bg8WTHDu2KCqf4xNWr9A%2BqWrA%2BWH4DllkkV%2B6oQ6FrE05VLijLao%2FiHdEdaqMYrfKnM07
INFO: [ app_begin ] --START--
INFO: Run ReadHtmlCache Behavior [ RunTime:0.001254s ]
INFO: [ app_begin ] --END-- [ RunTime:0.001348s ]
NOTIC: [8] Constant UC_CLIENT_VERSION already defined D:\wwwroot\mainweb\sdk\api\UcApi\Lib\Action\IndexAction.class.php 第 4 行.
NOTIC: [8] Constant UC_CLIENT_RELEASE already defined D:\wwwroot\mainweb\sdk\api\UcApi\Lib\Action\IndexAction.class.php 第 5 行.
NOTIC: [2048] Only variables should be passed by reference D:\wwwroot\mainweb\sdk\api\UcApi\Lib\Action\IndexAction.class.php 第 63 行.
NOTIC: [8] Constant API_RETURN_FAILED already defined D:\wwwroot\mainweb\sdk\uc_client\model\note.php 第 16 行.
SQL: SHOW COLUMNS FROM `sdk_accounts` [ RunTime:0.002098s ]
SQL: SELECT * FROM `sdk_accounts` WHERE ( `account_id` = 668 ) LIMIT 1   [ RunTime:0.000238s ]

[ 2013-09-01T13:39:45+08:00 ] 219.137.70.9 /api/uc.php?time=1378013985&code=3835t%2Fci6GrDJRlyAHGBPfEW9VNuw%2Fze7QXLIw30t46DujiaVXH%2FB8FuX8F0BJDxHX9Pd55z3Xik2IX%2BdLcojBhaJz7Iyr1z5kF1urhxxhtbKkbREEUTzjllMPHyqRRrVAQPZs2jjyU5XxOMxHqIO204near6L3e3OrAHriO9g
INFO: [ app_begin ] --START--
INFO: Run ReadHtmlCache Behavior [ RunTime:0.001177s ]
INFO: [ app_begin ] --END-- [ RunTime:0.001268s ]
NOTIC: [8] Constant UC_CLIENT_VERSION already defined D:\wwwroot\mainweb\sdk\api\UcApi\Lib\Action\IndexAction.class.php 第 4 行.
NOTIC: [8] Constant UC_CLIENT_RELEASE already defined D:\wwwroot\mainweb\sdk\api\UcApi\Lib\Action\IndexAction.class.php 第 5 行.
NOTIC: [2048] Only variables should be passed by reference D:\wwwroot\mainweb\sdk\api\UcApi\Lib\Action\IndexAction.class.php 第 63 行.
NOTIC: [8] Constant API_RETURN_FAILED already defined D:\wwwroot\mainweb\sdk\uc_client\model\note.php 第 16 行.
SQL: SHOW COLUMNS FROM `sdk_accounts` [ RunTime:0.002149s ]
SQL: SELECT * FROM `sdk_accounts` WHERE ( `account_id` = 1458 ) LIMIT 1   [ RunTime:0.000441s ]

[ 2013-09-01T14:33:01+08:00 ] 192.168.153.72 /api/uc.php?time=1378017180&code=1beezmgJ6xMDCFlPOD4tl78XN%2FhsgyDwf4wTC6apVG%2BrwTLkeNKTDaHZ9b%2B%2FWspIAXejl8%2FLeK0DxP4BJNxea268k4jAQrF1sU0oYxW6fsFqpriPZMDTyOajLuAdGQc9kNPC2imUPtTO5DVuatrrb871cXlj7Tg6s3jIO%2BQEOw
INFO: [ app_begin ] --START--
INFO: Run ReadHtmlCache Behavior [ RunTime:0.002104s ]
INFO: [ app_begin ] --END-- [ RunTime:0.002258s ]
NOTIC: [8] Constant UC_CLIENT_VERSION already defined D:\wwwroot\mainweb\sdk\api\UcApi\Lib\Action\IndexAction.class.php 第 4 行.
NOTIC: [8] Constant UC_CLIENT_RELEASE already defined D:\wwwroot\mainweb\sdk\api\UcApi\Lib\Action\IndexAction.class.php 第 5 行.
NOTIC: [2048] Only variables should be passed by reference D:\wwwroot\mainweb\sdk\api\UcApi\Lib\Action\IndexAction.class.php 第 63 行.
NOTIC: [8] Constant API_RETURN_FAILED already defined D:\wwwroot\mainweb\sdk\uc_client\model\note.php 第 16 行.
SQL: SHOW COLUMNS FROM `sdk_accounts` [ RunTime:0.003313s ]
SQL: SELECT * FROM `sdk_accounts` WHERE ( `account_id` = 1055 ) LIMIT 1   [ RunTime:0.000606s ]

[ 2013-09-01T14:42:54+08:00 ] 192.168.159.1 /api/uc.php?time=1378017773&code=ef88ZsFvf1ED3AIdmAelaPTV7N7CxdZU6UJArk7tKY2kqicMXL6dqOaF%2B2LJHFD%2BMYV%2BWcjSNtXThJGF1MwV3R2%2Bv6Z98FylSj7Vt%2BTCGtx1D7s8Nsi6pXWbLNEp6a8Iz7DBlpNlRmdD8Hf4X8NE%2B9w%2FA2rE6XxJ6xwiU7KmcRs%2BzKw
INFO: [ app_begin ] --START--
INFO: Run ReadHtmlCache Behavior [ RunTime:0.001213s ]
INFO: [ app_begin ] --END-- [ RunTime:0.001308s ]
NOTIC: [8] Constant UC_CLIENT_VERSION already defined D:\wwwroot\mainweb\sdk\api\UcApi\Lib\Action\IndexAction.class.php 第 4 行.
NOTIC: [8] Constant UC_CLIENT_RELEASE already defined D:\wwwroot\mainweb\sdk\api\UcApi\Lib\Action\IndexAction.class.php 第 5 行.
NOTIC: [2048] Only variables should be passed by reference D:\wwwroot\mainweb\sdk\api\UcApi\Lib\Action\IndexAction.class.php 第 63 行.
NOTIC: [8] Constant API_RETURN_FAILED already defined D:\wwwroot\mainweb\sdk\uc_client\model\note.php 第 16 行.
SQL: SHOW COLUMNS FROM `sdk_accounts` [ RunTime:0.002175s ]
SQL: SELECT * FROM `sdk_accounts` WHERE ( `account_id` = 1513 ) LIMIT 1   [ RunTime:0.000484s ]

[ 2013-09-01T15:12:55+08:00 ] 101.226.66.21 /api/uc.php?time=1378017773&code=ef88ZsFvf1ED3AIdmAelaPTV7N7CxdZU6UJArk7tKY2kqicMXL6dqOaF%2B2LJHFD%2BMYV%2BWcjSNtXThJGF1MwV3R2%2Bv6Z98FylSj7Vt%2BTCGtx1D7s8Nsi6pXWbLNEp6a8Iz7DBlpNlRmdD8Hf4X8NE%2B9w%2FA2rE6XxJ6xwiU7KmcRs%2BzKw
INFO: [ app_begin ] --START--
INFO: Run ReadHtmlCache Behavior [ RunTime:0.001256s ]
INFO: [ app_begin ] --END-- [ RunTime:0.001348s ]
NOTIC: [8] Constant UC_CLIENT_VERSION already defined D:\wwwroot\mainweb\sdk\api\UcApi\Lib\Action\IndexAction.class.php 第 4 行.
NOTIC: [8] Constant UC_CLIENT_RELEASE already defined D:\wwwroot\mainweb\sdk\api\UcApi\Lib\Action\IndexAction.class.php 第 5 行.
NOTIC: [2048] Only variables should be passed by reference D:\wwwroot\mainweb\sdk\api\UcApi\Lib\Action\IndexAction.class.php 第 63 行.
NOTIC: [8] Constant API_RETURN_FAILED already defined D:\wwwroot\mainweb\sdk\uc_client\model\note.php 第 16 行.
SQL: SHOW COLUMNS FROM `sdk_accounts` [ RunTime:0.002356s ]
SQL: SELECT * FROM `sdk_accounts` WHERE ( `account_id` = 1513 ) LIMIT 1   [ RunTime:0.000376s ]

[ 2013-09-01T15:33:53+08:00 ] 192.168.155.202 /api/uc.php?time=1378020832&code=e11covbYG8PWIWj8WwI0cW3N1actDIteDgOzUGSF5%2BFmG4%2FDKdg%2FJ%2F%2Fi56MwRgLXpMe02BMNn5PqkkeSsGBVTI036V9MatKBJkxeMCcTGhtO5dVh4Gy8OdGsaUEG0T8%2FSe7ZXP4SvfxNYlsvjrfl%2ByRLOOhf%2B%2FBHACbA70I8MQ
INFO: [ app_begin ] --START--
INFO: Run ReadHtmlCache Behavior [ RunTime:0.001314s ]
INFO: [ app_begin ] --END-- [ RunTime:0.001408s ]
NOTIC: [8] Constant UC_CLIENT_VERSION already defined D:\wwwroot\mainweb\sdk\api\UcApi\Lib\Action\IndexAction.class.php 第 4 行.
NOTIC: [8] Constant UC_CLIENT_RELEASE already defined D:\wwwroot\mainweb\sdk\api\UcApi\Lib\Action\IndexAction.class.php 第 5 行.
NOTIC: [2048] Only variables should be passed by reference D:\wwwroot\mainweb\sdk\api\UcApi\Lib\Action\IndexAction.class.php 第 63 行.
NOTIC: [8] Constant API_RETURN_FAILED already defined D:\wwwroot\mainweb\sdk\uc_client\model\note.php 第 16 行.
SQL: SHOW COLUMNS FROM `sdk_accounts` [ RunTime:0.002441s ]
SQL: SELECT * FROM `sdk_accounts` WHERE ( `account_id` = 1793 ) LIMIT 1   [ RunTime:0.000547s ]

[ 2013-09-01T15:46:45+08:00 ] 192.168.182.201 /api/uc.php?time=1378021604&code=4341vL8%2B1HCOiNS3VUkKxtJDUGYJpKIymUxKY9JGCb7B4hfKHnZ%2FdLRJ7y379RBr1U9GP0x0uAO2bLq%2BllRljXMTelPGkrTxQPF03BfuQZUmQmdLhKLmhccTxOI2DD7TLTwB14daCsUL%2BFPs2FpKj2t0lzoPEMdhrwYunibw
INFO: [ app_begin ] --START--
INFO: Run ReadHtmlCache Behavior [ RunTime:0.001252s ]
INFO: [ app_begin ] --END-- [ RunTime:0.001345s ]
NOTIC: [8] Constant UC_CLIENT_VERSION already defined D:\wwwroot\mainweb\sdk\api\UcApi\Lib\Action\IndexAction.class.php 第 4 行.
NOTIC: [8] Constant UC_CLIENT_RELEASE already defined D:\wwwroot\mainweb\sdk\api\UcApi\Lib\Action\IndexAction.class.php 第 5 行.
NOTIC: [2048] Only variables should be passed by reference D:\wwwroot\mainweb\sdk\api\UcApi\Lib\Action\IndexAction.class.php 第 63 行.
NOTIC: [8] Constant API_RETURN_FAILED already defined D:\wwwroot\mainweb\sdk\uc_client\model\note.php 第 16 行.
SQL: SHOW COLUMNS FROM `sdk_accounts` [ RunTime:0.002200s ]
SQL: SELECT * FROM `sdk_accounts` WHERE ( `account_id` = 1945 ) LIMIT 1   [ RunTime:0.000504s ]

[ 2013-09-01T15:48:27+08:00 ] 192.168.153.138 /api/uc.php?time=1378021707&code=c5d7hB1MqRLOAXX43EBATa29VIkQXCTCvzpHiCfp%2Bj2k%2B%2FO3g2djSclCX5VoKAL0j29OPG1Rz%2FU%2B8pSAPOF4iASmL4wnKHYOe%2Fqn10R6fa%2FsFvsTY1R52AgXqHp4j36miPhsB3bnJmIxa2zV60uxjdgPbijge8H3KnUK%2Fug
INFO: [ app_begin ] --START--
INFO: Run ReadHtmlCache Behavior [ RunTime:0.001336s ]
INFO: [ app_begin ] --END-- [ RunTime:0.001433s ]
NOTIC: [8] Constant UC_CLIENT_VERSION already defined D:\wwwroot\mainweb\sdk\api\UcApi\Lib\Action\IndexAction.class.php 第 4 行.
NOTIC: [8] Constant UC_CLIENT_RELEASE already defined D:\wwwroot\mainweb\sdk\api\UcApi\Lib\Action\IndexAction.class.php 第 5 行.
NOTIC: [2048] Only variables should be passed by reference D:\wwwroot\mainweb\sdk\api\UcApi\Lib\Action\IndexAction.class.php 第 63 行.
NOTIC: [8] Constant API_RETURN_FAILED already defined D:\wwwroot\mainweb\sdk\uc_client\model\note.php 第 16 行.
SQL: SHOW COLUMNS FROM `sdk_accounts` [ RunTime:0.002215s ]
SQL: SELECT * FROM `sdk_accounts` WHERE ( `account_id` = 788 ) LIMIT 1   [ RunTime:0.000467s ]

[ 2013-09-01T16:22:29+08:00 ] 192.168.178.196 /api/uc.php?time=1378023749&code=b8fckOitCfziTFF2tpqkPferHADDIXk47Fv%2BmVpSxoD2Ov65mERt%2FlH3s1CzgdPVLL8%2FP2IYOC7o40%2BoAvfPD2CueSmqNaM3Mk5Yd5pygJ4Qgny0KHiMq8g3VYJDgitMgn74oy75vH%2BxMuoQM66LEj%2F55Z70OWQfyedKSedzsiEh
INFO: [ app_begin ] --START--
INFO: Run ReadHtmlCache Behavior [ RunTime:0.001247s ]
INFO: [ app_begin ] --END-- [ RunTime:0.001340s ]
NOTIC: [8] Constant UC_CLIENT_VERSION already defined D:\wwwroot\mainweb\sdk\api\UcApi\Lib\Action\IndexAction.class.php 第 4 行.
NOTIC: [8] Constant UC_CLIENT_RELEASE already defined D:\wwwroot\mainweb\sdk\api\UcApi\Lib\Action\IndexAction.class.php 第 5 行.
NOTIC: [2048] Only variables should be passed by reference D:\wwwroot\mainweb\sdk\api\UcApi\Lib\Action\IndexAction.class.php 第 63 行.
NOTIC: [8] Constant API_RETURN_FAILED already defined D:\wwwroot\mainweb\sdk\uc_client\model\note.php 第 16 行.
SQL: SHOW COLUMNS FROM `sdk_accounts` [ RunTime:0.002280s ]
SQL: SELECT * FROM `sdk_accounts` WHERE ( `account_id` = 1029 ) LIMIT 1   [ RunTime:0.000471s ]

[ 2013-09-01T16:42:13+08:00 ] 192.168.137.73 /api/uc.php?time=1378024932&code=f9e4lMGcNmNyT1znJSqTukQ0hz0cFndHtRJZLaHM6AM4hG2%2B82g2BRaGEbUJZx%2FwsP3epGLWpK%2BB9YCkeZIlHCxCbmLvBayiWbizEVAvazGomOVsjWthW2PcrwsQWmhFXU3U%2B7YyoijRvXcXR908mA8W4Z%2Bcno5Wl9wmpo8gwrPz8g
INFO: [ app_begin ] --START--
INFO: Run ReadHtmlCache Behavior [ RunTime:0.001267s ]
INFO: [ app_begin ] --END-- [ RunTime:0.001361s ]
NOTIC: [8] Constant UC_CLIENT_VERSION already defined D:\wwwroot\mainweb\sdk\api\UcApi\Lib\Action\IndexAction.class.php 第 4 行.
NOTIC: [8] Constant UC_CLIENT_RELEASE already defined D:\wwwroot\mainweb\sdk\api\UcApi\Lib\Action\IndexAction.class.php 第 5 行.
NOTIC: [2048] Only variables should be passed by reference D:\wwwroot\mainweb\sdk\api\UcApi\Lib\Action\IndexAction.class.php 第 63 行.
NOTIC: [8] Constant API_RETURN_FAILED already defined D:\wwwroot\mainweb\sdk\uc_client\model\note.php 第 16 行.
SQL: SHOW COLUMNS FROM `sdk_accounts` [ RunTime:0.002079s ]
SQL: SELECT * FROM `sdk_accounts` WHERE ( `account_id` = 1992 ) LIMIT 1   [ RunTime:0.000264s ]

[ 2013-09-01T16:46:04+08:00 ] 192.168.188.18 /api/uc.php?time=1378025164&code=e548mfI4F1Y6H4uzfsFxk4X8szvH9qd15kAvi1LyVD%2FRRz0G0C9BXcYwVZiDWKWZgUqNNfU7L8uV7oUw4Y70rn%2FkaQKz1L2L0R5SukziJBW7WRhdA4QSSrYCDfYYBUPbzrYxA%2Bujqrt8dTFXNk4%2FiIGDEzK1MZmtzGNf
INFO: [ app_begin ] --START--
INFO: Run ReadHtmlCache Behavior [ RunTime:0.001330s ]
INFO: [ app_begin ] --END-- [ RunTime:0.001426s ]
NOTIC: [8] Constant UC_CLIENT_VERSION already defined D:\wwwroot\mainweb\sdk\api\UcApi\Lib\Action\IndexAction.class.php 第 4 行.
NOTIC: [8] Constant UC_CLIENT_RELEASE already defined D:\wwwroot\mainweb\sdk\api\UcApi\Lib\Action\IndexAction.class.php 第 5 行.
NOTIC: [2048] Only variables should be passed by reference D:\wwwroot\mainweb\sdk\api\UcApi\Lib\Action\IndexAction.class.php 第 63 行.
NOTIC: [8] Constant API_RETURN_FAILED already defined D:\wwwroot\mainweb\sdk\uc_client\model\note.php 第 16 行.
SQL: SHOW COLUMNS FROM `sdk_accounts` [ RunTime:0.002011s ]
SQL: SELECT * FROM `sdk_accounts` WHERE ( `account_id` = 899 ) LIMIT 1   [ RunTime:0.000304s ]

[ 2013-09-01T16:59:09+08:00 ] 192.168.205.15 /api/uc.php?time=1378025948&code=dafdQCfojjUuhoLkbr6Oxa1%2FFrY%2BYOp19ts2mIyO60U1%2BiBbuPbaQ5tDfwtIM5dicGsqFnkdBaJKtQqZw52StVvyCtt5DCYf8MBTnnaGj8coZ2gBy7fngpy5eCWeo%2B7pSmJc%2F1%2Felav8N1rQrw4zt%2F8pqayiD6zYUSO1RAl53opK
INFO: [ app_begin ] --START--
INFO: Run ReadHtmlCache Behavior [ RunTime:0.001210s ]
INFO: [ app_begin ] --END-- [ RunTime:0.001305s ]
NOTIC: [8] Constant UC_CLIENT_VERSION already defined D:\wwwroot\mainweb\sdk\api\UcApi\Lib\Action\IndexAction.class.php 第 4 行.
NOTIC: [8] Constant UC_CLIENT_RELEASE already defined D:\wwwroot\mainweb\sdk\api\UcApi\Lib\Action\IndexAction.class.php 第 5 行.
NOTIC: [2048] Only variables should be passed by reference D:\wwwroot\mainweb\sdk\api\UcApi\Lib\Action\IndexAction.class.php 第 63 行.
NOTIC: [8] Constant API_RETURN_FAILED already defined D:\wwwroot\mainweb\sdk\uc_client\model\note.php 第 16 行.
SQL: SHOW COLUMNS FROM `sdk_accounts` [ RunTime:0.002153s ]
SQL: SELECT * FROM `sdk_accounts` WHERE ( `account_id` = 494 ) LIMIT 1   [ RunTime:0.000514s ]

[ 2013-09-01T18:07:14+08:00 ] 192.168.185.14 /api/uc.php?time=1378030033&code=212axAGL8AJxn38MtLhy%2B%2FP0aG6hjClV6Wqlg3IKrXeMkS8D90chLhlDill9lmiw2Ssi1bm23kjryQw24dAKI54oCRAsyymg40yF66uRedSClKjCr2rnEA3%2BSIeHktXyE5Tlxm2%2FOUWdDg6rLXKBL53d5baB%2FECPkNNgOlyC8vpcBg
INFO: [ app_begin ] --START--
INFO: Run ReadHtmlCache Behavior [ RunTime:0.001429s ]
INFO: [ app_begin ] --END-- [ RunTime:0.001523s ]
NOTIC: [8] Constant UC_CLIENT_VERSION already defined D:\wwwroot\mainweb\sdk\api\UcApi\Lib\Action\IndexAction.class.php 第 4 行.
NOTIC: [8] Constant UC_CLIENT_RELEASE already defined D:\wwwroot\mainweb\sdk\api\UcApi\Lib\Action\IndexAction.class.php 第 5 行.
NOTIC: [2048] Only variables should be passed by reference D:\wwwroot\mainweb\sdk\api\UcApi\Lib\Action\IndexAction.class.php 第 63 行.
NOTIC: [8] Constant API_RETURN_FAILED already defined D:\wwwroot\mainweb\sdk\uc_client\model\note.php 第 16 行.
SQL: SHOW COLUMNS FROM `sdk_accounts` [ RunTime:0.002316s ]
SQL: SELECT * FROM `sdk_accounts` WHERE ( `account_id` = 2177 ) LIMIT 1   [ RunTime:0.012812s ]

[ 2013-09-01T18:10:26+08:00 ] 192.168.193.208 /api/uc.php?time=1378030226&code=b17cuvwZUQtMcGpsrAJOIcxrFiNdulImmaTyg6pK2SH1LSV810Myh2oSWrhxpzKiZV%2B%2B7cicpTaMqfDporUxzjIKpB%2FkgIgmCyPJXsf0do1kSaaFGVmC6CzquKpZoAbWp7rwzt%2Bb7GfxYhOkAqrs9Wn60gYp9GFhCiCbLfRYtogQ1NmJ3AVLSLEB
INFO: [ app_begin ] --START--
INFO: Run ReadHtmlCache Behavior [ RunTime:0.001484s ]
INFO: [ app_begin ] --END-- [ RunTime:0.001590s ]
NOTIC: [8] Constant UC_CLIENT_VERSION already defined D:\wwwroot\mainweb\sdk\api\UcApi\Lib\Action\IndexAction.class.php 第 4 行.
NOTIC: [8] Constant UC_CLIENT_RELEASE already defined D:\wwwroot\mainweb\sdk\api\UcApi\Lib\Action\IndexAction.class.php 第 5 行.
NOTIC: [2048] Only variables should be passed by reference D:\wwwroot\mainweb\sdk\api\UcApi\Lib\Action\IndexAction.class.php 第 63 行.
NOTIC: [8] Constant API_RETURN_FAILED already defined D:\wwwroot\mainweb\sdk\uc_client\model\note.php 第 16 行.
SQL: SHOW COLUMNS FROM `sdk_accounts` [ RunTime:0.002076s ]
SQL: SELECT * FROM `sdk_accounts` WHERE ( `account_id` = 579 ) LIMIT 1   [ RunTime:0.000436s ]
SQL: INSERT INTO `sdk_accounts` (`account_id`,`user_name`,`email`,`password`,`reg_time`) VALUES (579,'毛泽东的亲戚','cindylee41@qq.com','e73f689b5c8128c57ae760b6da9f63cc385e97bc',1378030226) [ RunTime:0.001230s ]

[ 2013-09-01T18:10:50+08:00 ] 192.168.193.208 /api/uc.php?time=1378030250&code=b66ed%2F4D9bN2QM3LWYMSeOFiMVwMYjBR5I4UlPy%2Bir64EF7oapARYAtg%2FZmMOZW6AmiwYWdd0ALCQIbE12a8Ui1Cl1FC6CIk8d3hkC2WCCnVj5UTtNIi8K18XJVuAmZGU3siCywD6xZNnHhQhUfg1o4f%2Bric3zqkmPy1bZrZRhJP5uWz8rjy3rmW
INFO: [ app_begin ] --START--
INFO: Run ReadHtmlCache Behavior [ RunTime:0.001289s ]
INFO: [ app_begin ] --END-- [ RunTime:0.001384s ]
NOTIC: [8] Constant UC_CLIENT_VERSION already defined D:\wwwroot\mainweb\sdk\api\UcApi\Lib\Action\IndexAction.class.php 第 4 行.
NOTIC: [8] Constant UC_CLIENT_RELEASE already defined D:\wwwroot\mainweb\sdk\api\UcApi\Lib\Action\IndexAction.class.php 第 5 行.
NOTIC: [2048] Only variables should be passed by reference D:\wwwroot\mainweb\sdk\api\UcApi\Lib\Action\IndexAction.class.php 第 63 行.
NOTIC: [8] Constant API_RETURN_FAILED already defined D:\wwwroot\mainweb\sdk\uc_client\model\note.php 第 16 行.
SQL: SHOW COLUMNS FROM `sdk_accounts` [ RunTime:0.002265s ]
SQL: SELECT * FROM `sdk_accounts` WHERE ( `account_id` = 579 ) LIMIT 1   [ RunTime:0.000521s ]

[ 2013-09-01T18:29:31+08:00 ] 192.168.177.205 /api/uc.php?time=1378031370&code=df3ekGhA6mRSQ%2BVRgjOB3QGfNy5z6f9vJ6iRlowKvwion%2F4lHV7A70FHq6sQh7SsLwNrlnMQFcxHS6Z8EathLlXvjraZWjso%2FSvUEBgXdJCkByPCyzuLEqK7eENmnaeNo0oPoR9wqnuqmjv7uphBAtNITWIn2rb1f7%2F9tLuFcfGSw5Y
INFO: [ app_begin ] --START--
INFO: Run ReadHtmlCache Behavior [ RunTime:0.001235s ]
INFO: [ app_begin ] --END-- [ RunTime:0.001341s ]
NOTIC: [8] Constant UC_CLIENT_VERSION already defined D:\wwwroot\mainweb\sdk\api\UcApi\Lib\Action\IndexAction.class.php 第 4 行.
NOTIC: [8] Constant UC_CLIENT_RELEASE already defined D:\wwwroot\mainweb\sdk\api\UcApi\Lib\Action\IndexAction.class.php 第 5 行.
NOTIC: [2048] Only variables should be passed by reference D:\wwwroot\mainweb\sdk\api\UcApi\Lib\Action\IndexAction.class.php 第 63 行.
NOTIC: [8] Constant API_RETURN_FAILED already defined D:\wwwroot\mainweb\sdk\uc_client\model\note.php 第 16 行.
SQL: SHOW COLUMNS FROM `sdk_accounts` [ RunTime:0.002752s ]
SQL: SELECT * FROM `sdk_accounts` WHERE ( `account_id` = 2111 ) LIMIT 1   [ RunTime:0.000451s ]

[ 2013-09-01T18:32:06+08:00 ] 192.168.156.137 /api/uc.php?time=1378031525&code=8695GEon4JjWy9dz8COWvmBNMewvsOp6VvZUY0F8Jo%2F%2FZMcQS3EedE6bHKblCQ5%2F3qo6bFqvS4vx03kdM5D8BIedaod6jtDr58HL%2F9PNOIVF9Ud5bcD1a6mimJ7q4Y74kdZYpb8sZWisyr9W9HyznHyzRBaZC83I%2BI83q2LPA51Scw
INFO: [ app_begin ] --START--
INFO: Run ReadHtmlCache Behavior [ RunTime:0.001463s ]
INFO: [ app_begin ] --END-- [ RunTime:0.001559s ]
NOTIC: [8] Constant UC_CLIENT_VERSION already defined D:\wwwroot\mainweb\sdk\api\UcApi\Lib\Action\IndexAction.class.php 第 4 行.
NOTIC: [8] Constant UC_CLIENT_RELEASE already defined D:\wwwroot\mainweb\sdk\api\UcApi\Lib\Action\IndexAction.class.php 第 5 行.
NOTIC: [2048] Only variables should be passed by reference D:\wwwroot\mainweb\sdk\api\UcApi\Lib\Action\IndexAction.class.php 第 63 行.
NOTIC: [8] Constant API_RETURN_FAILED already defined D:\wwwroot\mainweb\sdk\uc_client\model\note.php 第 16 行.
SQL: SHOW COLUMNS FROM `sdk_accounts` [ RunTime:0.002224s ]
SQL: SELECT * FROM `sdk_accounts` WHERE ( `account_id` = 2376 ) LIMIT 1   [ RunTime:0.000459s ]

[ 2013-09-01T18:32:17+08:00 ] 192.168.156.137 /api/uc.php?time=1378031537&code=753dPs07%2BfLrw6WdPakj079CI4xAaWRGAKwhCaiVlNwbb9cRL9XLOeMXTaPMsNUSBJ2uZRMeuX3a58hAAQ
INFO: [ app_begin ] --START--
INFO: Run ReadHtmlCache Behavior [ RunTime:0.001201s ]
INFO: [ app_begin ] --END-- [ RunTime:0.001295s ]
NOTIC: [8] Constant UC_CLIENT_VERSION already defined D:\wwwroot\mainweb\sdk\api\UcApi\Lib\Action\IndexAction.class.php 第 4 行.
NOTIC: [8] Constant UC_CLIENT_RELEASE already defined D:\wwwroot\mainweb\sdk\api\UcApi\Lib\Action\IndexAction.class.php 第 5 行.
NOTIC: [2048] Only variables should be passed by reference D:\wwwroot\mainweb\sdk\api\UcApi\Lib\Action\IndexAction.class.php 第 63 行.

[ 2013-09-01T19:14:46+08:00 ] 192.168.186.203 /api/uc.php?time=1378034085&code=c695UAD5BV%2BHovfLECmT3SiGRjDEMiKVPFIsWyPW9RfxIUFOan17R6gxjpyh7PdkQULvgNIYj8cFJwxCgd9fAPUGJlScLNqsnYTAVVhQ6DcsezCxGHQnaGoTuPHmiwb0FrYBXVjm6aXOASoa5U4xFe37J1RcBoyhZpCLOw
INFO: [ app_begin ] --START--
INFO: Run ReadHtmlCache Behavior [ RunTime:0.001372s ]
INFO: [ app_begin ] --END-- [ RunTime:0.001467s ]
NOTIC: [8] Constant UC_CLIENT_VERSION already defined D:\wwwroot\mainweb\sdk\api\UcApi\Lib\Action\IndexAction.class.php 第 4 行.
NOTIC: [8] Constant UC_CLIENT_RELEASE already defined D:\wwwroot\mainweb\sdk\api\UcApi\Lib\Action\IndexAction.class.php 第 5 行.
NOTIC: [2048] Only variables should be passed by reference D:\wwwroot\mainweb\sdk\api\UcApi\Lib\Action\IndexAction.class.php 第 63 行.
NOTIC: [8] Constant API_RETURN_FAILED already defined D:\wwwroot\mainweb\sdk\uc_client\model\note.php 第 16 行.
SQL: SHOW COLUMNS FROM `sdk_accounts` [ RunTime:0.002305s ]
SQL: SELECT * FROM `sdk_accounts` WHERE ( `account_id` = 537 ) LIMIT 1   [ RunTime:0.000469s ]

[ 2013-09-01T19:27:19+08:00 ] 192.168.166.5 /api/uc.php?time=1378034838&code=a89cODhk8hNq4YOqgKghoHGNQWrkluiShTqpkMDr9s86zJqIzY6PDrfCBlEnYaR8QRXKsWwkxBHzhle6YBZqHm2GjAm%2B%2FdyXOGVdTWHV1FRnPG9RUGNXaqwtGHeZGoeKBsYVSc4Ux1UlmqX0LUUbolNPfKhy2bAisgrAAvbPGA
INFO: [ app_begin ] --START--
INFO: Run ReadHtmlCache Behavior [ RunTime:0.002551s ]
INFO: [ app_begin ] --END-- [ RunTime:0.002645s ]
NOTIC: [8] Constant UC_CLIENT_VERSION already defined D:\wwwroot\mainweb\sdk\api\UcApi\Lib\Action\IndexAction.class.php 第 4 行.
NOTIC: [8] Constant UC_CLIENT_RELEASE already defined D:\wwwroot\mainweb\sdk\api\UcApi\Lib\Action\IndexAction.class.php 第 5 行.
NOTIC: [2048] Only variables should be passed by reference D:\wwwroot\mainweb\sdk\api\UcApi\Lib\Action\IndexAction.class.php 第 63 行.
NOTIC: [8] Constant API_RETURN_FAILED already defined D:\wwwroot\mainweb\sdk\uc_client\model\note.php 第 16 行.
SQL: SHOW COLUMNS FROM `sdk_accounts` [ RunTime:0.007437s ]
SQL: SELECT * FROM `sdk_accounts` WHERE ( `account_id` = 2240 ) LIMIT 1   [ RunTime:0.000468s ]

[ 2013-09-01T19:45:32+08:00 ] 192.168.147.77 /api/uc.php?time=1378035931&code=e487V8cJ5S5KMbK5uiXEWazCcOaZX1pLqcJQ%2BorJ5tCw6qFhB%2BjLwL4FCWhJk2JKjCwKJBApUoBSkDKIbfQC1hMpsS3OKHquMH8t2pGiX55U55d%2BwL65MWchHI42%2B6uE5I5OCnXfRTy8Xo5WTqXBtT0OPSEflh0E5z0nBZk
INFO: [ app_begin ] --START--
INFO: Run ReadHtmlCache Behavior [ RunTime:0.001341s ]
INFO: [ app_begin ] --END-- [ RunTime:0.001433s ]
NOTIC: [8] Constant UC_CLIENT_VERSION already defined D:\wwwroot\mainweb\sdk\api\UcApi\Lib\Action\IndexAction.class.php 第 4 行.
NOTIC: [8] Constant UC_CLIENT_RELEASE already defined D:\wwwroot\mainweb\sdk\api\UcApi\Lib\Action\IndexAction.class.php 第 5 行.
NOTIC: [2048] Only variables should be passed by reference D:\wwwroot\mainweb\sdk\api\UcApi\Lib\Action\IndexAction.class.php 第 63 行.
NOTIC: [8] Constant API_RETURN_FAILED already defined D:\wwwroot\mainweb\sdk\uc_client\model\note.php 第 16 行.
SQL: SHOW COLUMNS FROM `sdk_accounts` [ RunTime:0.002269s ]
SQL: SELECT * FROM `sdk_accounts` WHERE ( `account_id` = 1344 ) LIMIT 1   [ RunTime:0.000492s ]

[ 2013-09-01T19:57:19+08:00 ] 192.168.164.97 /api/uc.php?time=1378036639&code=cae4vPn728VfJ8rblhpucADLzveO7A1JY8TL02mr%2F94me%2BYR4SIoZEPrl3NVMTPhNg0bZhdYbrS5nbiBHluD3iv2qXRj69F0AbQbzDPYSsa7m49rzcWagdY8HLmI1LklE2wG%2BWmlC9yFBpINk0LZRL5Dete4d9%2FwulkenzDIszRKWQ
INFO: [ app_begin ] --START--
INFO: Run ReadHtmlCache Behavior [ RunTime:0.001386s ]
INFO: [ app_begin ] --END-- [ RunTime:0.001479s ]
NOTIC: [8] Constant UC_CLIENT_VERSION already defined D:\wwwroot\mainweb\sdk\api\UcApi\Lib\Action\IndexAction.class.php 第 4 行.
NOTIC: [8] Constant UC_CLIENT_RELEASE already defined D:\wwwroot\mainweb\sdk\api\UcApi\Lib\Action\IndexAction.class.php 第 5 行.
NOTIC: [2048] Only variables should be passed by reference D:\wwwroot\mainweb\sdk\api\UcApi\Lib\Action\IndexAction.class.php 第 63 行.
NOTIC: [8] Constant API_RETURN_FAILED already defined D:\wwwroot\mainweb\sdk\uc_client\model\note.php 第 16 行.
SQL: SHOW COLUMNS FROM `sdk_accounts` [ RunTime:0.002564s ]
SQL: SELECT * FROM `sdk_accounts` WHERE ( `account_id` = 2408 ) LIMIT 1   [ RunTime:0.000503s ]
SQL: INSERT INTO `sdk_accounts` (`account_id`,`user_name`,`email`,`password`,`reg_time`) VALUES (2408,'airtimeup','465711091@qq.com','f7840c920fbd03e7a546050c9f3ddf3a7da50b4e',1378036639) [ RunTime:0.000700s ]

[ 2013-09-01T19:58:00+08:00 ] 192.168.164.97 /api/uc.php?time=1378036680&code=9d21HQlFQrN2Jio%2BrWvCi0SixlN6cXYxqNfJRaJ05C8tp3cHxNFK9xDuwKtFqqfKYNN5fgXS7YXkfZQbibV%2FCYC9mWrE9NyT75YnY7WQXid28nF%2FhhvgsGOfjJa6cuMwOfMpT50QjJFgMCf3VxGpKGG7H6b167T17eWpNSYA8VP1Bw
INFO: [ app_begin ] --START--
INFO: Run ReadHtmlCache Behavior [ RunTime:0.001248s ]
INFO: [ app_begin ] --END-- [ RunTime:0.001346s ]
NOTIC: [8] Constant UC_CLIENT_VERSION already defined D:\wwwroot\mainweb\sdk\api\UcApi\Lib\Action\IndexAction.class.php 第 4 行.
NOTIC: [8] Constant UC_CLIENT_RELEASE already defined D:\wwwroot\mainweb\sdk\api\UcApi\Lib\Action\IndexAction.class.php 第 5 行.
NOTIC: [2048] Only variables should be passed by reference D:\wwwroot\mainweb\sdk\api\UcApi\Lib\Action\IndexAction.class.php 第 63 行.
NOTIC: [8] Constant API_RETURN_FAILED already defined D:\wwwroot\mainweb\sdk\uc_client\model\note.php 第 16 行.
SQL: SHOW COLUMNS FROM `sdk_accounts` [ RunTime:0.002158s ]
SQL: SELECT * FROM `sdk_accounts` WHERE ( `account_id` = 2408 ) LIMIT 1   [ RunTime:0.000439s ]

[ 2013-09-01T20:00:13+08:00 ] 192.168.193.78 /api/uc.php?time=1378036812&code=31056TC8P6hdErhAkc%2FbPcYwET16WDsdSPCDBZ8thyb0clbB2mbUvZgkvFqWba%2Bl4ealsdgwkGF9wSqS4tnIzYazHhFVyyOE9jHMHytNJULa%2BnTtc4AZTiW723zcq%2BUXFMI%2F%2FLGunxnzdhJn0HqPICz%2BIios4mO27K%2BbMawARg
INFO: [ app_begin ] --START--
INFO: Run ReadHtmlCache Behavior [ RunTime:0.001560s ]
INFO: [ app_begin ] --END-- [ RunTime:0.001684s ]
NOTIC: [8] Constant UC_CLIENT_VERSION already defined D:\wwwroot\mainweb\sdk\api\UcApi\Lib\Action\IndexAction.class.php 第 4 行.
NOTIC: [8] Constant UC_CLIENT_RELEASE already defined D:\wwwroot\mainweb\sdk\api\UcApi\Lib\Action\IndexAction.class.php 第 5 行.
NOTIC: [2048] Only variables should be passed by reference D:\wwwroot\mainweb\sdk\api\UcApi\Lib\Action\IndexAction.class.php 第 63 行.
NOTIC: [8] Constant API_RETURN_FAILED already defined D:\wwwroot\mainweb\sdk\uc_client\model\note.php 第 16 行.
SQL: SHOW COLUMNS FROM `sdk_accounts` [ RunTime:0.002143s ]
SQL: SELECT * FROM `sdk_accounts` WHERE ( `account_id` = 2008 ) LIMIT 1   [ RunTime:0.000484s ]

[ 2013-09-01T20:13:29+08:00 ] 192.168.158.203 /api/uc.php?time=1378037608&code=667bABZaV3Mkt4saqG8EmNkqUWGnVZCh95lFWtOb60gUjP54Dj8CFlnif87HV%2BZDdTCqmWS300XG%2F%2BRIl0NRVLQz%2B36Ta3m%2FIfthDwmu7mv%2BbWeBObUFiUcn2ALb2pe%2Fp950x9GX0q%2FO4u%2BEpawwgfCFX5xm17pUVJ3KghxE
INFO: [ app_begin ] --START--
INFO: Run ReadHtmlCache Behavior [ RunTime:0.001141s ]
INFO: [ app_begin ] --END-- [ RunTime:0.001268s ]
NOTIC: [8] Constant UC_CLIENT_VERSION already defined D:\wwwroot\mainweb\sdk\api\UcApi\Lib\Action\IndexAction.class.php 第 4 行.
NOTIC: [8] Constant UC_CLIENT_RELEASE already defined D:\wwwroot\mainweb\sdk\api\UcApi\Lib\Action\IndexAction.class.php 第 5 行.
NOTIC: [2048] Only variables should be passed by reference D:\wwwroot\mainweb\sdk\api\UcApi\Lib\Action\IndexAction.class.php 第 63 行.
NOTIC: [8] Constant API_RETURN_FAILED already defined D:\wwwroot\mainweb\sdk\uc_client\model\note.php 第 16 行.
SQL: SHOW COLUMNS FROM `sdk_accounts` [ RunTime:0.002089s ]
SQL: SELECT * FROM `sdk_accounts` WHERE ( `account_id` = 728 ) LIMIT 1   [ RunTime:0.000570s ]

[ 2013-09-01T20:28:49+08:00 ] 192.168.135.24 /api/uc.php?time=1378038528&code=5ebcMGwc0903DXly1GarhPyTzsBY6SYQFhhf5PmL9KkZI5fYdo1knJMM6hc8FosVhawiC4O%2F9WADUIjcW8kX0SJPjkq8unjhc0rwKKWemB5Vilvl4SCDVh8%2BObGSDVlS6mdRdgs59UZK%2F9lER5nNwXnS%2BIxUgfnn7VG1Y8WtF37Vzeo
INFO: [ app_begin ] --START--
INFO: Run ReadHtmlCache Behavior [ RunTime:0.002296s ]
INFO: [ app_begin ] --END-- [ RunTime:0.002398s ]
NOTIC: [8] Constant UC_CLIENT_VERSION already defined D:\wwwroot\mainweb\sdk\api\UcApi\Lib\Action\IndexAction.class.php 第 4 行.
NOTIC: [8] Constant UC_CLIENT_RELEASE already defined D:\wwwroot\mainweb\sdk\api\UcApi\Lib\Action\IndexAction.class.php 第 5 行.
NOTIC: [2048] Only variables should be passed by reference D:\wwwroot\mainweb\sdk\api\UcApi\Lib\Action\IndexAction.class.php 第 63 行.
NOTIC: [8] Constant API_RETURN_FAILED already defined D:\wwwroot\mainweb\sdk\uc_client\model\note.php 第 16 行.
SQL: SHOW COLUMNS FROM `sdk_accounts` [ RunTime:0.003288s ]
SQL: SELECT * FROM `sdk_accounts` WHERE ( `account_id` = 1125 ) LIMIT 1   [ RunTime:0.000353s ]

[ 2013-09-01T21:13:41+08:00 ] 192.168.166.159 /api/uc.php?time=1378041221&code=76faYOiarpW60%2BgkT2l1KQkj1XSiPv9CFDPmJhXARRs529eFxSArQ2XQKe3q8n6m4PvZnoZERb23eP9rn0dW1T8Gg0M%2B%2BbaETbHIpu4pCmjGJUGv%2FGX21kcX%2FZnYxbI13Y0zg086LHQUuKl7XtnDbtfQ671LUQrgBfnot%2FRy0AM7DQ
INFO: [ app_begin ] --START--
INFO: Run ReadHtmlCache Behavior [ RunTime:0.001289s ]
INFO: [ app_begin ] --END-- [ RunTime:0.001381s ]
NOTIC: [8] Constant UC_CLIENT_VERSION already defined D:\wwwroot\mainweb\sdk\api\UcApi\Lib\Action\IndexAction.class.php 第 4 行.
NOTIC: [8] Constant UC_CLIENT_RELEASE already defined D:\wwwroot\mainweb\sdk\api\UcApi\Lib\Action\IndexAction.class.php 第 5 行.
NOTIC: [2048] Only variables should be passed by reference D:\wwwroot\mainweb\sdk\api\UcApi\Lib\Action\IndexAction.class.php 第 63 行.
NOTIC: [8] Constant API_RETURN_FAILED already defined D:\wwwroot\mainweb\sdk\uc_client\model\note.php 第 16 行.
SQL: SHOW COLUMNS FROM `sdk_accounts` [ RunTime:0.002258s ]
SQL: SELECT * FROM `sdk_accounts` WHERE ( `account_id` = 2409 ) LIMIT 1   [ RunTime:0.000501s ]
SQL: INSERT INTO `sdk_accounts` (`account_id`,`user_name`,`email`,`password`,`reg_time`) VALUES (2409,'蔡润生','545788779@qq.com','9f9a3fad334ac508aa2d2646b2d11a16ef182371',1378041221) [ RunTime:0.000660s ]

[ 2013-09-01T21:14:25+08:00 ] 192.168.166.159 /api/uc.php?time=1378041265&code=0f91oNyiNRwtZCU3V5%2FJ2o6ovcE3Ok3cgHL%2BSJU7cQC1Wg1b3sKTK52jt2mWe3qD1tHtwxBc0WNR0anEwZbuuIdElILRN0M6ppYUfaXRPttCiPUVvcXyJiuvMSIHS08JG4Jay3R%2BgDuw3VtQA5ieVzYkiHVfUV9yGgAcRsooREybsQ
INFO: [ app_begin ] --START--
INFO: Run ReadHtmlCache Behavior [ RunTime:0.001912s ]
INFO: [ app_begin ] --END-- [ RunTime:0.002008s ]
NOTIC: [8] Constant UC_CLIENT_VERSION already defined D:\wwwroot\mainweb\sdk\api\UcApi\Lib\Action\IndexAction.class.php 第 4 行.
NOTIC: [8] Constant UC_CLIENT_RELEASE already defined D:\wwwroot\mainweb\sdk\api\UcApi\Lib\Action\IndexAction.class.php 第 5 行.
NOTIC: [2048] Only variables should be passed by reference D:\wwwroot\mainweb\sdk\api\UcApi\Lib\Action\IndexAction.class.php 第 63 行.
NOTIC: [8] Constant API_RETURN_FAILED already defined D:\wwwroot\mainweb\sdk\uc_client\model\note.php 第 16 行.
SQL: SHOW COLUMNS FROM `sdk_accounts` [ RunTime:0.002340s ]
SQL: SELECT * FROM `sdk_accounts` WHERE ( `account_id` = 2409 ) LIMIT 1   [ RunTime:0.000526s ]

[ 2013-09-01T21:15:11+08:00 ] 192.168.153.210 /api/uc.php?time=1378041310&code=6b77QyUY4rllu7qaBLZy52FfYamsBMInrL0JrNQ%2FPl1mk7rZNNnyFj1Hvb2zCW59odDr2f%2Fcv4MuLNWK9bSkuohIukYi8gXF3G6JSw5sX7EtiL3KpeDDw0MxgYuTiLq6jlZIdOeLrq%2BO9abIVPccFXgpyyyKOkBTLmb3tQ
INFO: [ app_begin ] --START--
INFO: Run ReadHtmlCache Behavior [ RunTime:0.001357s ]
INFO: [ app_begin ] --END-- [ RunTime:0.001451s ]
NOTIC: [8] Constant UC_CLIENT_VERSION already defined D:\wwwroot\mainweb\sdk\api\UcApi\Lib\Action\IndexAction.class.php 第 4 行.
NOTIC: [8] Constant UC_CLIENT_RELEASE already defined D:\wwwroot\mainweb\sdk\api\UcApi\Lib\Action\IndexAction.class.php 第 5 行.
NOTIC: [2048] Only variables should be passed by reference D:\wwwroot\mainweb\sdk\api\UcApi\Lib\Action\IndexAction.class.php 第 63 行.
NOTIC: [8] Constant API_RETURN_FAILED already defined D:\wwwroot\mainweb\sdk\uc_client\model\note.php 第 16 行.
SQL: SHOW COLUMNS FROM `sdk_accounts` [ RunTime:0.001887s ]
SQL: SELECT * FROM `sdk_accounts` WHERE ( `account_id` = 1172 ) LIMIT 1   [ RunTime:0.000295s ]

[ 2013-09-01T21:21:48+08:00 ] 192.168.151.10 /api/uc.php?time=1378041708&code=7e360oWMtAFJ2%2BVc0cEUFzdHG1qhu9dunhGAYvOkkCJPlVz2tlTYMsUP1wYyX7DB5zsuz%2FKvT5%2B40iF4MC1%2FOuI7mz%2F4Wj4Qvmxa0MDTHmeg%2Bk%2FNhYUkyFtbDWg7HI6kjQs8Feo%2BSG9ghRSHDyCnpYOz5PIAkmMJwqb66IAM1IWpwQ
INFO: [ app_begin ] --START--
INFO: Run ReadHtmlCache Behavior [ RunTime:0.001262s ]
INFO: [ app_begin ] --END-- [ RunTime:0.001356s ]
NOTIC: [8] Constant UC_CLIENT_VERSION already defined D:\wwwroot\mainweb\sdk\api\UcApi\Lib\Action\IndexAction.class.php 第 4 行.
NOTIC: [8] Constant UC_CLIENT_RELEASE already defined D:\wwwroot\mainweb\sdk\api\UcApi\Lib\Action\IndexAction.class.php 第 5 行.
NOTIC: [2048] Only variables should be passed by reference D:\wwwroot\mainweb\sdk\api\UcApi\Lib\Action\IndexAction.class.php 第 63 行.
NOTIC: [8] Constant API_RETURN_FAILED already defined D:\wwwroot\mainweb\sdk\uc_client\model\note.php 第 16 行.
SQL: SHOW COLUMNS FROM `sdk_accounts` [ RunTime:0.002286s ]
SQL: SELECT * FROM `sdk_accounts` WHERE ( `account_id` = 1751 ) LIMIT 1   [ RunTime:0.000789s ]

[ 2013-09-01T22:13:25+08:00 ] 192.168.160.148 /api/uc.php?time=1378044805&code=fc0eVwjMVFvQTw66VwbeIckQGr7EpAfl%2BBXysQjeQzIv02pKKReC034yNllRaj2k4UqNXF%2FUqMrTtBOOF52uqaAfIEYkpAcJH2YwUl%2BG0eQtZ%2FxpcEZixDO7itKRxdWfAmInPENjy%2Fy7iIP2yzh1%2BjC3nWC3rI%2FDEIfWyLh1AmCFawzD
INFO: [ app_begin ] --START--
INFO: Run ReadHtmlCache Behavior [ RunTime:0.001303s ]
INFO: [ app_begin ] --END-- [ RunTime:0.001398s ]
NOTIC: [8] Constant UC_CLIENT_VERSION already defined D:\wwwroot\mainweb\sdk\api\UcApi\Lib\Action\IndexAction.class.php 第 4 行.
NOTIC: [8] Constant UC_CLIENT_RELEASE already defined D:\wwwroot\mainweb\sdk\api\UcApi\Lib\Action\IndexAction.class.php 第 5 行.
NOTIC: [2048] Only variables should be passed by reference D:\wwwroot\mainweb\sdk\api\UcApi\Lib\Action\IndexAction.class.php 第 63 行.
NOTIC: [8] Constant API_RETURN_FAILED already defined D:\wwwroot\mainweb\sdk\uc_client\model\note.php 第 16 行.
SQL: SHOW COLUMNS FROM `sdk_accounts` [ RunTime:0.002227s ]
SQL: SELECT * FROM `sdk_accounts` WHERE ( `account_id` = 2251 ) LIMIT 1   [ RunTime:0.000563s ]

[ 2013-09-01T22:13:59+08:00 ] 192.168.160.148 /api/uc.php?time=1378044838&code=0c1aC2xPQGpiFQQjRtYPTjLovIbW%2Fi7ZWdbhKFQO14EU5NDuhLy%2B7a9qVXWNSonQ%2BHv6BKVVTqZKbuPO9dPYB3uFLraiFR0m1DyCVo1plGBTDi1xGhDf66EyoBBn1Xww8YxQMFfx%2FsfcfAroU8OQJRQMiKRQQZmXnPZkSKnQdhuxX8h%2F
INFO: [ app_begin ] --START--
INFO: Run ReadHtmlCache Behavior [ RunTime:0.001113s ]
INFO: [ app_begin ] --END-- [ RunTime:0.001206s ]
NOTIC: [8] Constant UC_CLIENT_VERSION already defined D:\wwwroot\mainweb\sdk\api\UcApi\Lib\Action\IndexAction.class.php 第 4 行.
NOTIC: [8] Constant UC_CLIENT_RELEASE already defined D:\wwwroot\mainweb\sdk\api\UcApi\Lib\Action\IndexAction.class.php 第 5 行.
NOTIC: [2048] Only variables should be passed by reference D:\wwwroot\mainweb\sdk\api\UcApi\Lib\Action\IndexAction.class.php 第 63 行.
NOTIC: [8] Constant API_RETURN_FAILED already defined D:\wwwroot\mainweb\sdk\uc_client\model\note.php 第 16 行.
SQL: SHOW COLUMNS FROM `sdk_accounts` [ RunTime:0.002324s ]
SQL: SELECT * FROM `sdk_accounts` WHERE ( `account_id` = 2251 ) LIMIT 1   [ RunTime:0.000241s ]

[ 2013-09-01T22:14:34+08:00 ] 192.168.204.202 /api/uc.php?time=1378044874&code=9a31NGv3M%2FqV5yi8oTAXTzWKY1Ms%2FzZH1QJwB6tyFGW8SdHSrey54bGc0OnPrJhH55OFOH7KuPV5rHvEiHsaTAXwK22ASF0T0WzglBPby%2BHwgjc0748l4SpLCCUhMsH%2FjjO6Dm2PGyxv0FatIR9cLHZ5P6ks6bDWQ5ixRI9czwncFWk
INFO: [ app_begin ] --START--
INFO: Run ReadHtmlCache Behavior [ RunTime:0.001231s ]
INFO: [ app_begin ] --END-- [ RunTime:0.001321s ]
NOTIC: [8] Constant UC_CLIENT_VERSION already defined D:\wwwroot\mainweb\sdk\api\UcApi\Lib\Action\IndexAction.class.php 第 4 行.
NOTIC: [8] Constant UC_CLIENT_RELEASE already defined D:\wwwroot\mainweb\sdk\api\UcApi\Lib\Action\IndexAction.class.php 第 5 行.
NOTIC: [2048] Only variables should be passed by reference D:\wwwroot\mainweb\sdk\api\UcApi\Lib\Action\IndexAction.class.php 第 63 行.
NOTIC: [8] Constant API_RETURN_FAILED already defined D:\wwwroot\mainweb\sdk\uc_client\model\note.php 第 16 行.
SQL: SHOW COLUMNS FROM `sdk_accounts` [ RunTime:0.001941s ]
SQL: SELECT * FROM `sdk_accounts` WHERE ( `account_id` = 1636 ) LIMIT 1   [ RunTime:0.000487s ]

[ 2013-09-01T22:14:38+08:00 ] 192.168.160.148 /api/uc.php?time=1378044878&code=5513hdonMPQ7ZkSIrhh2GPDuiX7KZU%2FktKtBI0W0Tbn2846IN2DBHIXQnWV6wxOjv%2FIMHNEqGDe%2BuWf72g
INFO: [ app_begin ] --START--
INFO: Run ReadHtmlCache Behavior [ RunTime:0.001269s ]
INFO: [ app_begin ] --END-- [ RunTime:0.001364s ]
NOTIC: [8] Constant UC_CLIENT_VERSION already defined D:\wwwroot\mainweb\sdk\api\UcApi\Lib\Action\IndexAction.class.php 第 4 行.
NOTIC: [8] Constant UC_CLIENT_RELEASE already defined D:\wwwroot\mainweb\sdk\api\UcApi\Lib\Action\IndexAction.class.php 第 5 行.
NOTIC: [2048] Only variables should be passed by reference D:\wwwroot\mainweb\sdk\api\UcApi\Lib\Action\IndexAction.class.php 第 63 行.

[ 2013-09-01T22:20:48+08:00 ] 192.168.180.199 /api/uc.php?time=1378045248&code=41addP6nICIrZvKMPeOS3sAZ%2B8B%2Faul3OVy%2FsCdr%2FmfhcDpQFFxhKJMOlDCdFbx12quGKsO1FVVNnamqdXyUTjGFVa8sa3vwNBmMhXM0gZp7YIuDr1uMlt49uZWPKt8DWTP5U%2F4%2BYprrhXe2r5rTUXGJOJTTpupgGPgN%2FD%2Bd
INFO: [ app_begin ] --START--
INFO: Run ReadHtmlCache Behavior [ RunTime:0.001208s ]
INFO: [ app_begin ] --END-- [ RunTime:0.001301s ]
NOTIC: [8] Constant UC_CLIENT_VERSION already defined D:\wwwroot\mainweb\sdk\api\UcApi\Lib\Action\IndexAction.class.php 第 4 行.
NOTIC: [8] Constant UC_CLIENT_RELEASE already defined D:\wwwroot\mainweb\sdk\api\UcApi\Lib\Action\IndexAction.class.php 第 5 行.
NOTIC: [2048] Only variables should be passed by reference D:\wwwroot\mainweb\sdk\api\UcApi\Lib\Action\IndexAction.class.php 第 63 行.
NOTIC: [8] Constant API_RETURN_FAILED already defined D:\wwwroot\mainweb\sdk\uc_client\model\note.php 第 16 行.
SQL: SHOW COLUMNS FROM `sdk_accounts` [ RunTime:0.015394s ]
SQL: SELECT * FROM `sdk_accounts` WHERE ( `account_id` = 1718 ) LIMIT 1   [ RunTime:0.000578s ]

[ 2013-09-01T22:34:08+08:00 ] 192.168.156.205 /api/uc.php?time=1378046047&code=e692d2k0JOH%2BoXCLqXzm6eUV%2Fvz5C7ST78m9UWFHn%2FZ%2Fw3fblPNb%2FGw6Uxjles%2BLTi2XtcE7B%2B2sMj%2BqgdVMpPzjR1roawLe%2Fy%2BPbU1dDmOTxh0YKzAJjAt5P4AjkJmaJzffBwOfSEuVUCtQZ%2Fggqw6ZL3R%2Fr0tnZhmU1Me%2F7Q
INFO: [ app_begin ] --START--
INFO: Run ReadHtmlCache Behavior [ RunTime:0.001514s ]
INFO: [ app_begin ] --END-- [ RunTime:0.001617s ]
NOTIC: [8] Constant UC_CLIENT_VERSION already defined D:\wwwroot\mainweb\sdk\api\UcApi\Lib\Action\IndexAction.class.php 第 4 行.
NOTIC: [8] Constant UC_CLIENT_RELEASE already defined D:\wwwroot\mainweb\sdk\api\UcApi\Lib\Action\IndexAction.class.php 第 5 行.
NOTIC: [2048] Only variables should be passed by reference D:\wwwroot\mainweb\sdk\api\UcApi\Lib\Action\IndexAction.class.php 第 63 行.
NOTIC: [8] Constant API_RETURN_FAILED already defined D:\wwwroot\mainweb\sdk\uc_client\model\note.php 第 16 行.
SQL: SHOW COLUMNS FROM `sdk_accounts` [ RunTime:0.002107s ]
SQL: SELECT * FROM `sdk_accounts` WHERE ( `account_id` = 1556 ) LIMIT 1   [ RunTime:0.000339s ]

[ 2013-09-01T22:44:46+08:00 ] 192.168.134.215 /api/uc.php?time=1378046686&code=1a15c2KSgvOzsFI6sFEQCHzf4Ld66S%2Bjs8AzfkF6IKr7KjlnDoy8rToFJjRNYKYNCgljMXFP6FlTWb2bDnpB3i9dIb6oi7R0BMGhUWckc%2FV%2BGi9jAp%2BJ7H5%2BGZZ%2BKoOH2WhH%2B%2FeATV3TKHVQwv1fW3FBexgtt%2F2sAEPMUrgfiOiyvA
INFO: [ app_begin ] --START--
INFO: Run ReadHtmlCache Behavior [ RunTime:0.002165s ]
INFO: [ app_begin ] --END-- [ RunTime:0.002262s ]
NOTIC: [8] Constant UC_CLIENT_VERSION already defined D:\wwwroot\mainweb\sdk\api\UcApi\Lib\Action\IndexAction.class.php 第 4 行.
NOTIC: [8] Constant UC_CLIENT_RELEASE already defined D:\wwwroot\mainweb\sdk\api\UcApi\Lib\Action\IndexAction.class.php 第 5 行.
NOTIC: [2048] Only variables should be passed by reference D:\wwwroot\mainweb\sdk\api\UcApi\Lib\Action\IndexAction.class.php 第 63 行.
NOTIC: [8] Constant API_RETURN_FAILED already defined D:\wwwroot\mainweb\sdk\uc_client\model\note.php 第 16 行.
SQL: SHOW COLUMNS FROM `sdk_accounts` [ RunTime:0.002495s ]
SQL: SELECT * FROM `sdk_accounts` WHERE ( `account_id` = 1777 ) LIMIT 1   [ RunTime:0.000557s ]

[ 2013-09-01T22:59:54+08:00 ] 192.168.179.79 /api/uc.php?time=1378047594&code=8d4anjC1w8pWCa8XOYIA6vMlORX4jiStDMv0T3d6klGQglvAKjm6IRzddNmxNHFlxnAWqKEMo6F7qgZIA72USfufL526bnclJtC3rp8BKJq%2ForOSattQermhys8aYn7CuUwzMB5fBaoVRSruZovH%2BtLGeyOR15HOj86qIQ
INFO: [ app_begin ] --START--
INFO: Run ReadHtmlCache Behavior [ RunTime:0.002322s ]
INFO: [ app_begin ] --END-- [ RunTime:0.002416s ]
NOTIC: [8] Constant UC_CLIENT_VERSION already defined D:\wwwroot\mainweb\sdk\api\UcApi\Lib\Action\IndexAction.class.php 第 4 行.
NOTIC: [8] Constant UC_CLIENT_RELEASE already defined D:\wwwroot\mainweb\sdk\api\UcApi\Lib\Action\IndexAction.class.php 第 5 行.
NOTIC: [2048] Only variables should be passed by reference D:\wwwroot\mainweb\sdk\api\UcApi\Lib\Action\IndexAction.class.php 第 63 行.
NOTIC: [8] Constant API_RETURN_FAILED already defined D:\wwwroot\mainweb\sdk\uc_client\model\note.php 第 16 行.
SQL: SHOW COLUMNS FROM `sdk_accounts` [ RunTime:0.002201s ]
SQL: SELECT * FROM `sdk_accounts` WHERE ( `account_id` = 1185 ) LIMIT 1   [ RunTime:0.000445s ]

[ 2013-09-01T23:00:12+08:00 ] 192.168.186.86 /api/uc.php?time=1378047612&code=d0eafOyRg4fJJtpV6i04413861MqcuWf2TdB8KDwpclb3yQqH6IsiQ%2Bh6QbjVVucBwCEBlJCwljxm6xZhFglNCImeJsrCUVh8msazQo2jzJrMxbNfpHhwPgjM47pyflnrLOFH6DSj%2F0mnj9ndal1vw0e1cRXrJoKG%2FbiM9o
INFO: [ app_begin ] --START--
INFO: Run ReadHtmlCache Behavior [ RunTime:0.001370s ]
INFO: [ app_begin ] --END-- [ RunTime:0.001463s ]
NOTIC: [8] Constant UC_CLIENT_VERSION already defined D:\wwwroot\mainweb\sdk\api\UcApi\Lib\Action\IndexAction.class.php 第 4 行.
NOTIC: [8] Constant UC_CLIENT_RELEASE already defined D:\wwwroot\mainweb\sdk\api\UcApi\Lib\Action\IndexAction.class.php 第 5 行.
NOTIC: [2048] Only variables should be passed by reference D:\wwwroot\mainweb\sdk\api\UcApi\Lib\Action\IndexAction.class.php 第 63 行.
NOTIC: [8] Constant API_RETURN_FAILED already defined D:\wwwroot\mainweb\sdk\uc_client\model\note.php 第 16 行.
SQL: SHOW COLUMNS FROM `sdk_accounts` [ RunTime:0.002185s ]
SQL: SELECT * FROM `sdk_accounts` WHERE ( `account_id` = 1109 ) LIMIT 1   [ RunTime:0.000621s ]

[ 2013-09-01T23:15:23+08:00 ] 192.168.138.152 /api/uc.php?time=1378048523&code=f355jw1UE0%2BeoxT1%2F0P7bgTx4vJZGRjp25zSroHXpkjcj4HIpe2NIO5cLK14Y1GxHNUSiTTsT77rXRP%2FSsFf9mtBUlygipOHBs03x7xkf4xPM8J2ctnSfkrsun2WqT71YCEc3ryjaFy0cwj8JB9LzkzGoO2gChnQbToO33Xk
INFO: [ app_begin ] --START--
INFO: Run ReadHtmlCache Behavior [ RunTime:0.001288s ]
INFO: [ app_begin ] --END-- [ RunTime:0.001384s ]
NOTIC: [8] Constant UC_CLIENT_VERSION already defined D:\wwwroot\mainweb\sdk\api\UcApi\Lib\Action\IndexAction.class.php 第 4 行.
NOTIC: [8] Constant UC_CLIENT_RELEASE already defined D:\wwwroot\mainweb\sdk\api\UcApi\Lib\Action\IndexAction.class.php 第 5 行.
NOTIC: [2048] Only variables should be passed by reference D:\wwwroot\mainweb\sdk\api\UcApi\Lib\Action\IndexAction.class.php 第 63 行.
NOTIC: [8] Constant API_RETURN_FAILED already defined D:\wwwroot\mainweb\sdk\uc_client\model\note.php 第 16 行.
SQL: SHOW COLUMNS FROM `sdk_accounts` [ RunTime:0.002056s ]
SQL: SELECT * FROM `sdk_accounts` WHERE ( `account_id` = 1942 ) LIMIT 1   [ RunTime:0.000423s ]

[ 2013-09-01T23:31:17+08:00 ] 192.168.156.145 /api/uc.php?time=1378049476&code=7738y5VfAITGFIeAFHgv87J0liLsHMM6pW5x9sNkuNR1Nn%2Fe9HzzTToHBVGdG41oUgAlmo1e%2BJdGdbtYylLUuVyhXJjg4zjjRpejWnkG6zGSDvtiHucOl7vCvwIqzH2ZHhsSqSGrNUCTf4LM1MCPJ0kX2vlon9UlHuWb2Sjb4tPX
INFO: [ app_begin ] --START--
INFO: Run ReadHtmlCache Behavior [ RunTime:0.001393s ]
INFO: [ app_begin ] --END-- [ RunTime:0.001489s ]
NOTIC: [8] Constant UC_CLIENT_VERSION already defined D:\wwwroot\mainweb\sdk\api\UcApi\Lib\Action\IndexAction.class.php 第 4 行.
NOTIC: [8] Constant UC_CLIENT_RELEASE already defined D:\wwwroot\mainweb\sdk\api\UcApi\Lib\Action\IndexAction.class.php 第 5 行.
NOTIC: [2048] Only variables should be passed by reference D:\wwwroot\mainweb\sdk\api\UcApi\Lib\Action\IndexAction.class.php 第 63 行.
NOTIC: [8] Constant API_RETURN_FAILED already defined D:\wwwroot\mainweb\sdk\uc_client\model\note.php 第 16 行.
SQL: SHOW COLUMNS FROM `sdk_accounts` [ RunTime:0.002060s ]
SQL: SELECT * FROM `sdk_accounts` WHERE ( `account_id` = 880 ) LIMIT 1   [ RunTime:0.000307s ]

[ 2013-09-01T23:44:34+08:00 ] 192.168.132.79 /api/uc.php?time=1378050274&code=9892e8iOMZPwQjvo0%2Bj%2BHMzPg9XUk3HtQzHnYhTTaBPU%2BF5%2BGWTd6Alqv4nAq3jUuwA%2BUDuhFYXVnXon8FhhR55dFwaYMm%2F2VQ8Ru60E0WPYj4tOUHYy7u4%2FYHjHEYoXen0XCb%2FdY3ntjXdf2oQWKCYGpB2LYXbLa2%2BbfWzLxw
INFO: [ app_begin ] --START--
INFO: Run ReadHtmlCache Behavior [ RunTime:0.001254s ]
INFO: [ app_begin ] --END-- [ RunTime:0.001346s ]
NOTIC: [8] Constant UC_CLIENT_VERSION already defined D:\wwwroot\mainweb\sdk\api\UcApi\Lib\Action\IndexAction.class.php 第 4 行.
NOTIC: [8] Constant UC_CLIENT_RELEASE already defined D:\wwwroot\mainweb\sdk\api\UcApi\Lib\Action\IndexAction.class.php 第 5 行.
NOTIC: [2048] Only variables should be passed by reference D:\wwwroot\mainweb\sdk\api\UcApi\Lib\Action\IndexAction.class.php 第 63 行.
NOTIC: [8] Constant API_RETURN_FAILED already defined D:\wwwroot\mainweb\sdk\uc_client\model\note.php 第 16 行.
SQL: SHOW COLUMNS FROM `sdk_accounts` [ RunTime:0.002045s ]
SQL: SELECT * FROM `sdk_accounts` WHERE ( `account_id` = 1606 ) LIMIT 1   [ RunTime:0.000447s ]

