[ 2013-08-10T00:06:07+08:00 ] 192.168.205.199 /api/uc.php?time=1376064366&code=e10ehgxk1W8fJ5b1ThfrGg%2Bxnk6kc7rO5sL2P6P2hq%2FGeXFArC7R5hvHQUENIvJrhe1il08dqj0GFbDKLw9kqTJybTb%2BprUgK64CwlXboMZnzJapTqi8wfwwa9n%2B5HXh3nEnfBYyy8ReSJ4Jx5uK00OFar2T8zb1Bkm3srwa
INFO: [ app_begin ] --START--
INFO: Run ReadHtmlCache Behavior [ RunTime:0.001118s ]
INFO: [ app_begin ] --END-- [ RunTime:0.001215s ]
NOTIC: [8] Constant UC_CLIENT_VERSION already defined D:\wwwroot\mainweb\sdk\api\UcApi\Lib\Action\IndexAction.class.php 第 4 行.
NOTIC: [8] Constant UC_CLIENT_RELEASE already defined D:\wwwroot\mainweb\sdk\api\UcApi\Lib\Action\IndexAction.class.php 第 5 行.
NOTIC: [2048] Only variables should be passed by reference D:\wwwroot\mainweb\sdk\api\UcApi\Lib\Action\IndexAction.class.php 第 63 行.
NOTIC: [8] Constant API_RETURN_FAILED already defined D:\wwwroot\mainweb\sdk\uc_client\model\note.php 第 16 行.
SQL: SHOW COLUMNS FROM `sdk_accounts` [ RunTime:0.002272s ]
SQL: SELECT * FROM `sdk_accounts` WHERE ( `account_id` = 480 ) LIMIT 1   [ RunTime:0.000521s ]

[ 2013-08-10T10:22:10+08:00 ] 192.168.206.72 /api/uc.php?time=1376101328&code=06d0RyMVk4bjHPSRLZ7PiQ%2B6K%2BNy1hBXVrXCr7fctu5izlVQz0iGzV80hDLQAMzRVi6iFUlQOhyd579zn6Fz6A3lKEYDv0jdwbsl6gDXb7JDjOSjP0sJ9zQHFL%2BdS%2BQ4ht6FOrLqq4NESDSuvQkcr37muHzc%2BvgxgouZ3w
INFO: [ app_begin ] --START--
INFO: Run ReadHtmlCache Behavior [ RunTime:0.001116s ]
INFO: [ app_begin ] --END-- [ RunTime:0.001212s ]
NOTIC: [8] Constant UC_CLIENT_VERSION already defined D:\wwwroot\mainweb\sdk\api\UcApi\Lib\Action\IndexAction.class.php 第 4 行.
NOTIC: [8] Constant UC_CLIENT_RELEASE already defined D:\wwwroot\mainweb\sdk\api\UcApi\Lib\Action\IndexAction.class.php 第 5 行.
NOTIC: [2048] Only variables should be passed by reference D:\wwwroot\mainweb\sdk\api\UcApi\Lib\Action\IndexAction.class.php 第 63 行.
NOTIC: [8] Constant API_RETURN_FAILED already defined D:\wwwroot\mainweb\sdk\uc_client\model\note.php 第 16 行.
SQL: SHOW COLUMNS FROM `sdk_accounts` [ RunTime:0.002233s ]
SQL: SELECT * FROM `sdk_accounts` WHERE ( `account_id` = 909 ) LIMIT 1   [ RunTime:0.000365s ]

[ 2013-08-10T13:16:06+08:00 ] 192.168.181.194 /api/uc.php?time=1376111766&code=cfb13%2FpCbZgp4o5HaOJ1jAXoJyAzXHHbaEdoHZltah0taoXmMiw0HJF6d64kSg7XkfXMqcBEfJTUF5yM83CWTqouIfJjnlTXGrlKazyU7IeqrDyXRwuLMCF0Jy4JbDCZnowxg6gCYvkvQ69nsIX%2BjpGnbkm10TQp4I7lec5Fbrkh
INFO: [ app_begin ] --START--
INFO: Run ReadHtmlCache Behavior [ RunTime:0.001078s ]
INFO: [ app_begin ] --END-- [ RunTime:0.001172s ]
NOTIC: [8] Constant UC_CLIENT_VERSION already defined D:\wwwroot\mainweb\sdk\api\UcApi\Lib\Action\IndexAction.class.php 第 4 行.
NOTIC: [8] Constant UC_CLIENT_RELEASE already defined D:\wwwroot\mainweb\sdk\api\UcApi\Lib\Action\IndexAction.class.php 第 5 行.
NOTIC: [2048] Only variables should be passed by reference D:\wwwroot\mainweb\sdk\api\UcApi\Lib\Action\IndexAction.class.php 第 63 行.
NOTIC: [8] Constant API_RETURN_FAILED already defined D:\wwwroot\mainweb\sdk\uc_client\model\note.php 第 16 行.
SQL: SHOW COLUMNS FROM `sdk_accounts` [ RunTime:0.012416s ]
SQL: SELECT * FROM `sdk_accounts` WHERE ( `account_id` = 1480 ) LIMIT 1   [ RunTime:0.000574s ]

[ 2013-08-10T13:18:34+08:00 ] 119.147.146.118 /api/uc.php?time=1376111766&code=cfb13%2fpcbzgp4o5haoj1jaxojyazxhhbaedohzltah0taoxmmiw0hjf6d64ksg7xkfxmqcbefjtuf5ym83cwtqouifjjnltxgrlkazyu7ieqrdyxrwulmcf0jy4jbdcznowxg6gcyvkvq69nsix%2bjpgnbkm10tqp4i7lec5fbrkh
INFO: [ app_begin ] --START--
INFO: Run ReadHtmlCache Behavior [ RunTime:0.000990s ]
INFO: [ app_begin ] --END-- [ RunTime:0.001087s ]
NOTIC: [8] Constant UC_CLIENT_VERSION already defined D:\wwwroot\mainweb\sdk\api\UcApi\Lib\Action\IndexAction.class.php 第 4 行.
NOTIC: [8] Constant UC_CLIENT_RELEASE already defined D:\wwwroot\mainweb\sdk\api\UcApi\Lib\Action\IndexAction.class.php 第 5 行.
NOTIC: [8] Undefined index:  time D:\wwwroot\mainweb\sdk\api\UcApi\Lib\Action\IndexAction.class.php 第 54 行.

[ 2013-08-10T13:26:31+08:00 ] 119.147.146.118 /api/uc.php?time=1376111766&code=cfb13%2fpcbzgp4o5haoj1jaxojyazxhhbaedohzltah0taoxmmiw0hjf6d64ksg7xkfxmqcbefjtuf5ym83cwtqouifjjnltxgrlkazyu7ieqrdyxrwulmcf0jy4jbdcznowxg6gcyvkvq69nsix%2bjpgnbkm10tqp4i7lec5fbrkh
INFO: [ app_begin ] --START--
INFO: Run ReadHtmlCache Behavior [ RunTime:0.001043s ]
INFO: [ app_begin ] --END-- [ RunTime:0.001139s ]
NOTIC: [8] Constant UC_CLIENT_VERSION already defined D:\wwwroot\mainweb\sdk\api\UcApi\Lib\Action\IndexAction.class.php 第 4 行.
NOTIC: [8] Constant UC_CLIENT_RELEASE already defined D:\wwwroot\mainweb\sdk\api\UcApi\Lib\Action\IndexAction.class.php 第 5 行.
NOTIC: [8] Undefined index:  time D:\wwwroot\mainweb\sdk\api\UcApi\Lib\Action\IndexAction.class.php 第 54 行.

[ 2013-08-10T13:46:07+08:00 ] 101.226.65.106 /api/uc.php?time=1376111766&code=cfb13%2FpCbZgp4o5HaOJ1jAXoJyAzXHHbaEdoHZltah0taoXmMiw0HJF6d64kSg7XkfXMqcBEfJTUF5yM83CWTqouIfJjnlTXGrlKazyU7IeqrDyXRwuLMCF0Jy4JbDCZnowxg6gCYvkvQ69nsIX%2BjpGnbkm10TQp4I7lec5Fbrkh
INFO: [ app_begin ] --START--
INFO: Run ReadHtmlCache Behavior [ RunTime:0.002084s ]
INFO: [ app_begin ] --END-- [ RunTime:0.002182s ]
NOTIC: [8] Constant UC_CLIENT_VERSION already defined D:\wwwroot\mainweb\sdk\api\UcApi\Lib\Action\IndexAction.class.php 第 4 行.
NOTIC: [8] Constant UC_CLIENT_RELEASE already defined D:\wwwroot\mainweb\sdk\api\UcApi\Lib\Action\IndexAction.class.php 第 5 行.
NOTIC: [2048] Only variables should be passed by reference D:\wwwroot\mainweb\sdk\api\UcApi\Lib\Action\IndexAction.class.php 第 63 行.
NOTIC: [8] Constant API_RETURN_FAILED already defined D:\wwwroot\mainweb\sdk\uc_client\model\note.php 第 16 行.
SQL: SHOW COLUMNS FROM `sdk_accounts` [ RunTime:0.002351s ]
SQL: SELECT * FROM `sdk_accounts` WHERE ( `account_id` = 1480 ) LIMIT 1   [ RunTime:0.000435s ]

[ 2013-08-10T14:33:40+08:00 ] 59.41.171.124 /api/uc.php?time=1376116417&code=792aLCEawoSqUZ3iM8XtWu%2BrWZK6blvqBU48pInDRL%2FZbPgYa2iFDBnZREGtkqMP8JroQsVRRt4dHt8TLY7jYFVlsKZDf1nYigLKHrgmUCvmXTO5Jj5E%2Bmm2SCZcepiIXrdx1dVk%2Bxbf8HPTkOsWTG4byrBsPQiQHIvw
INFO: [ app_begin ] --START--
INFO: Run ReadHtmlCache Behavior [ RunTime:0.001061s ]
INFO: [ app_begin ] --END-- [ RunTime:0.001158s ]
NOTIC: [8] Constant UC_CLIENT_VERSION already defined D:\wwwroot\mainweb\sdk\api\UcApi\Lib\Action\IndexAction.class.php 第 4 行.
NOTIC: [8] Constant UC_CLIENT_RELEASE already defined D:\wwwroot\mainweb\sdk\api\UcApi\Lib\Action\IndexAction.class.php 第 5 行.
NOTIC: [2048] Only variables should be passed by reference D:\wwwroot\mainweb\sdk\api\UcApi\Lib\Action\IndexAction.class.php 第 63 行.
NOTIC: [8] Constant API_RETURN_FAILED already defined D:\wwwroot\mainweb\sdk\uc_client\model\note.php 第 16 行.
SQL: SHOW COLUMNS FROM `sdk_accounts` [ RunTime:0.002218s ]
SQL: SELECT * FROM `sdk_accounts` WHERE ( `account_id` = 997 ) LIMIT 1   [ RunTime:0.000439s ]

[ 2013-08-10T15:35:32+08:00 ] 192.168.166.17 /api/uc.php?time=1376120132&code=1fe9es8dGKgDRVFvndS1iXEHsz8e%2FPgXiWpVU11XflpVkVUlbz8AZaK%2BaIUdmGhBUk043Lf43FrawfTqVp5ytfP7YSdOKKHkAZ%2FIAej5mJIrs5RcE4%2BkdeQQKtbfiRCffHqdmUz0Bdx432n13%2BHkicfQlKM%2BgrRlIP8JeU8m
INFO: [ app_begin ] --START--
INFO: Run ReadHtmlCache Behavior [ RunTime:0.001081s ]
INFO: [ app_begin ] --END-- [ RunTime:0.001175s ]
NOTIC: [8] Constant UC_CLIENT_VERSION already defined D:\wwwroot\mainweb\sdk\api\UcApi\Lib\Action\IndexAction.class.php 第 4 行.
NOTIC: [8] Constant UC_CLIENT_RELEASE already defined D:\wwwroot\mainweb\sdk\api\UcApi\Lib\Action\IndexAction.class.php 第 5 行.
NOTIC: [2048] Only variables should be passed by reference D:\wwwroot\mainweb\sdk\api\UcApi\Lib\Action\IndexAction.class.php 第 63 行.
NOTIC: [8] Constant API_RETURN_FAILED already defined D:\wwwroot\mainweb\sdk\uc_client\model\note.php 第 16 行.
SQL: SHOW COLUMNS FROM `sdk_accounts` [ RunTime:0.002119s ]
SQL: SELECT * FROM `sdk_accounts` WHERE ( `account_id` = 1093 ) LIMIT 1   [ RunTime:0.000483s ]

[ 2013-08-10T16:26:22+08:00 ] 192.168.164.1 /api/uc.php?time=1376123182&code=ba71Xa4EmWEap8CJ%2BiVt7Dzkopat5nd2r9NoFaO5Am07ZcuMMt7w2FfJ8TvV8E5p%2BTSS%2BrHItYYn%2B%2FO8S8DkSF6QfP9E8eW6qdicqOXXiwi%2BbGO%2FEGQtjFIdy2w0WMEclhw1BssjCJpnDRoJCV14J4sGEG5s%2BZA%2FWBa6w%2BfLOBIauJlA8K99Tg
INFO: [ app_begin ] --START--
INFO: Run ReadHtmlCache Behavior [ RunTime:0.001193s ]
INFO: [ app_begin ] --END-- [ RunTime:0.001291s ]
NOTIC: [8] Constant UC_CLIENT_VERSION already defined D:\wwwroot\mainweb\sdk\api\UcApi\Lib\Action\IndexAction.class.php 第 4 行.
NOTIC: [8] Constant UC_CLIENT_RELEASE already defined D:\wwwroot\mainweb\sdk\api\UcApi\Lib\Action\IndexAction.class.php 第 5 行.
NOTIC: [2048] Only variables should be passed by reference D:\wwwroot\mainweb\sdk\api\UcApi\Lib\Action\IndexAction.class.php 第 63 行.
NOTIC: [8] Constant API_RETURN_FAILED already defined D:\wwwroot\mainweb\sdk\uc_client\model\note.php 第 16 行.
SQL: SHOW COLUMNS FROM `sdk_accounts` [ RunTime:0.002218s ]
SQL: SELECT * FROM `sdk_accounts` WHERE ( `account_id` = 1448 ) LIMIT 1   [ RunTime:0.000538s ]

[ 2013-08-10T21:04:42+08:00 ] 183.4.32.145 /api/uc.php?time=1376139881&code=ac514EBO%2BXFKmnoi5vDcyaRrQzTy4AKjkQNuavmHqZBE1gcT7t9PtrB2woZCV69pBh1JsL4lNmHfWo%2Fu18BTXJzGAr8KiVxh2P7oDR14yL9E0DaHxdZN%2FTynr7jT2riOKQFVsPiUCugiHSMeoXKRcgxgbaf1GABVmpPUCx1d3g
INFO: [ app_begin ] --START--
INFO: Run ReadHtmlCache Behavior [ RunTime:0.001044s ]
INFO: [ app_begin ] --END-- [ RunTime:0.001139s ]
NOTIC: [8] Constant UC_CLIENT_VERSION already defined D:\wwwroot\mainweb\sdk\api\UcApi\Lib\Action\IndexAction.class.php 第 4 行.
NOTIC: [8] Constant UC_CLIENT_RELEASE already defined D:\wwwroot\mainweb\sdk\api\UcApi\Lib\Action\IndexAction.class.php 第 5 行.
NOTIC: [2048] Only variables should be passed by reference D:\wwwroot\mainweb\sdk\api\UcApi\Lib\Action\IndexAction.class.php 第 63 行.
NOTIC: [8] Constant API_RETURN_FAILED already defined D:\wwwroot\mainweb\sdk\uc_client\model\note.php 第 16 行.
SQL: SHOW COLUMNS FROM `sdk_accounts` [ RunTime:0.002206s ]
SQL: SELECT * FROM `sdk_accounts` WHERE ( `account_id` = 1285 ) LIMIT 1   [ RunTime:0.000509s ]

