[ 2013-08-23T10:51:36+08:00 ] 192.168.235.6 /api/uc.php?time=1377226295&code=6fa7jfhWtkCeDMHvIbZI%2BaLkpZvFu8%2BJz5UknqY1idmVth3O8gMABO27t5xyxM9e0YRz70s4kx2kQfrggDMZDeRBGjAkyFrkbQh3lnOrfmR7%2FcJZIzXyXbaySQQhq6Ln26Ll5vOs%2FcxJBdpafxHW37pVoyp34VoimO8JcMc%2BD%2FA5
INFO: [ app_begin ] --START--
INFO: Run ReadHtmlCache Behavior [ RunTime:0.001814s ]
INFO: [ app_begin ] --END-- [ RunTime:0.001906s ]
NOTIC: [8] Constant UC_CLIENT_VERSION already defined D:\wwwroot\mainweb\sdk\api\UcApi\Lib\Action\IndexAction.class.php 第 4 行.
NOTIC: [8] Constant UC_CLIENT_RELEASE already defined D:\wwwroot\mainweb\sdk\api\UcApi\Lib\Action\IndexAction.class.php 第 5 行.
NOTIC: [2048] Only variables should be passed by reference D:\wwwroot\mainweb\sdk\api\UcApi\Lib\Action\IndexAction.class.php 第 63 行.
NOTIC: [8] Constant API_RETURN_FAILED already defined D:\wwwroot\mainweb\sdk\uc_client\model\note.php 第 16 行.
SQL: SHOW COLUMNS FROM `sdk_accounts` [ RunTime:0.002406s ]
SQL: SELECT * FROM `sdk_accounts` WHERE ( `account_id` = 155 ) LIMIT 1   [ RunTime:0.000367s ]

[ 2013-08-23T14:22:41+08:00 ] 192.168.166.3 /api/uc.php?time=1377238961&code=53acR58hfaPVcgeOPwIVG%2FCxSV8zBRWiCRAgjb4FqUqCa7NUWXEgIpKrqlPNXZHRmOzfTuLUk%2F%2BM6JgmiJonztlLctj%2BYW66pm3FWxnMQSV5E%2BGKd70FIwYgVaNoTpPX4sz%2BpcwiZ86Tt6noMn%2BoxwrPAioLvrrsvI1v05OHNlw
INFO: [ app_begin ] --START--
INFO: Run ReadHtmlCache Behavior [ RunTime:0.001341s ]
INFO: [ app_begin ] --END-- [ RunTime:0.001435s ]
NOTIC: [8] Constant UC_CLIENT_VERSION already defined D:\wwwroot\mainweb\sdk\api\UcApi\Lib\Action\IndexAction.class.php 第 4 行.
NOTIC: [8] Constant UC_CLIENT_RELEASE already defined D:\wwwroot\mainweb\sdk\api\UcApi\Lib\Action\IndexAction.class.php 第 5 行.
NOTIC: [2048] Only variables should be passed by reference D:\wwwroot\mainweb\sdk\api\UcApi\Lib\Action\IndexAction.class.php 第 63 行.
NOTIC: [8] Constant API_RETURN_FAILED already defined D:\wwwroot\mainweb\sdk\uc_client\model\note.php 第 16 行.
SQL: SHOW COLUMNS FROM `sdk_accounts` [ RunTime:0.002263s ]
SQL: SELECT * FROM `sdk_accounts` WHERE ( `account_id` = 2402 ) LIMIT 1   [ RunTime:0.000415s ]
SQL: INSERT INTO `sdk_accounts` (`account_id`,`user_name`,`email`,`password`,`reg_time`) VALUES (2402,'vincent','334740887@qq.com','7dd0dd59f25f38037c5a0248173181e28aa24ad0',1377238961) [ RunTime:0.002298s ]

[ 2013-08-23T17:51:54+08:00 ] 192.168.133.69 /api/uc.php?time=1377251513&code=4bc4S30yyni5HwsdkJFpoGS1Zfr10XLOrkSzPDmUQIM3LzhXBl6ghxFsA9dewsx%2Fdudxpc9uh9WEXorY92i8hhT0SVgzHHM%2FyzDIy9bpnwNRhZzSjlLEtnNYsw1SG04kJQxhgurtfpcQwqhoejkGH%2Bnm4CfMUozpLcsnGgkZyTtCZi%2BD
INFO: [ app_begin ] --START--
INFO: Run ReadHtmlCache Behavior [ RunTime:0.001329s ]
INFO: [ app_begin ] --END-- [ RunTime:0.001424s ]
NOTIC: [8] Constant UC_CLIENT_VERSION already defined D:\wwwroot\mainweb\sdk\api\UcApi\Lib\Action\IndexAction.class.php 第 4 行.
NOTIC: [8] Constant UC_CLIENT_RELEASE already defined D:\wwwroot\mainweb\sdk\api\UcApi\Lib\Action\IndexAction.class.php 第 5 行.
NOTIC: [2048] Only variables should be passed by reference D:\wwwroot\mainweb\sdk\api\UcApi\Lib\Action\IndexAction.class.php 第 63 行.
NOTIC: [8] Constant API_RETURN_FAILED already defined D:\wwwroot\mainweb\sdk\uc_client\model\note.php 第 16 行.
SQL: SHOW COLUMNS FROM `sdk_accounts` [ RunTime:0.002097s ]
SQL: SELECT * FROM `sdk_accounts` WHERE ( `account_id` = 2040 ) LIMIT 1   [ RunTime:0.000494s ]

[ 2013-08-23T19:13:50+08:00 ] 192.168.189.131 /api/uc.php?time=1377256427&code=1892dQ93IaarYH3UNi1HgwUsXnjIcJzP%2FDaqgmiDQ%2BbTVNw7VN115%2By3JpSnTfCzL%2FaACTw%2BUaNuhluMG31pOJiXNkv8WGh8rRdXvpQLGflv8bOkn%2B0C6FKH1%2FXED337becmuwtaNfEfeRKjXB49SqrvKHTTXU0jzFY507i7Ito
INFO: [ app_begin ] --START--
INFO: Run ReadHtmlCache Behavior [ RunTime:0.001566s ]
INFO: [ app_begin ] --END-- [ RunTime:0.001659s ]
NOTIC: [8] Constant UC_CLIENT_VERSION already defined D:\wwwroot\mainweb\sdk\api\UcApi\Lib\Action\IndexAction.class.php 第 4 行.
NOTIC: [8] Constant UC_CLIENT_RELEASE already defined D:\wwwroot\mainweb\sdk\api\UcApi\Lib\Action\IndexAction.class.php 第 5 行.
NOTIC: [2048] Only variables should be passed by reference D:\wwwroot\mainweb\sdk\api\UcApi\Lib\Action\IndexAction.class.php 第 63 行.
NOTIC: [8] Constant API_RETURN_FAILED already defined D:\wwwroot\mainweb\sdk\uc_client\model\note.php 第 16 行.
SQL: SHOW COLUMNS FROM `sdk_accounts` [ RunTime:0.002183s ]
SQL: SELECT * FROM `sdk_accounts` WHERE ( `account_id` = 452 ) LIMIT 1   [ RunTime:0.000497s ]

