[ 2013-09-17T00:27:49+08:00 ] 192.168.133.12 /api/uc.php?time=1379348869&code=deffncoiHJCgyshAmPxqMeS%2B59DadG3oNzYDwxof27e%2BnbMsKWtBmNDr41ils9VnWBil8NiJl%2FBblhH4GDDJtr%2BlzixECYleNLXiE%2FIIHIfy%2FuW9EtSc4%2BhE%2BgddO7AB%2FUxa0EHhRLlfpFUPTsA4sZ%2B%2BAFcb%2Ft4NajH3CWQcicvDaQ
INFO: [ app_begin ] --START--
INFO: Run ReadHtmlCache Behavior [ RunTime:0.001662s ]
INFO: [ app_begin ] --END-- [ RunTime:0.001775s ]
NOTIC: [8] Constant UC_CLIENT_VERSION already defined D:\wwwroot\mainweb\sdk\api\UcApi\Lib\Action\IndexAction.class.php 第 4 行.
NOTIC: [8] Constant UC_CLIENT_RELEASE already defined D:\wwwroot\mainweb\sdk\api\UcApi\Lib\Action\IndexAction.class.php 第 5 行.
NOTIC: [2048] Only variables should be passed by reference D:\wwwroot\mainweb\sdk\api\UcApi\Lib\Action\IndexAction.class.php 第 63 行.
NOTIC: [8] Constant API_RETURN_FAILED already defined D:\wwwroot\mainweb\sdk\uc_client\model\note.php 第 16 行.
SQL: SHOW COLUMNS FROM `sdk_accounts` [ RunTime:0.002285s ]
SQL: SELECT * FROM `sdk_accounts` WHERE ( `account_id` = 1890 ) LIMIT 1   [ RunTime:0.000322s ]

[ 2013-09-17T00:27:49+08:00 ] 192.168.133.12 /api/uc.php?time=1379348869&code=4f47vpxb%2F%2FvZI0dv5mynfkV0IRh3FxhovGloXPozU87tDPiXZFm7VkWZ%2FOfKtPHTOHp7ppN9%2FxVZLSYC5lD%2BoEmrab22eSnkIUPfeD2s93oxXmuNNDzUuOUggQ7AyhLlRctqwbaJZlWjHvKCNZju42ca8I8xliDOmprd1Cefaix5gw
INFO: [ app_begin ] --START--
INFO: Run ReadHtmlCache Behavior [ RunTime:0.001592s ]
INFO: [ app_begin ] --END-- [ RunTime:0.001690s ]
NOTIC: [8] Constant UC_CLIENT_VERSION already defined D:\wwwroot\mainweb\sdk\api\UcApi\Lib\Action\IndexAction.class.php 第 4 行.
NOTIC: [8] Constant UC_CLIENT_RELEASE already defined D:\wwwroot\mainweb\sdk\api\UcApi\Lib\Action\IndexAction.class.php 第 5 行.
NOTIC: [2048] Only variables should be passed by reference D:\wwwroot\mainweb\sdk\api\UcApi\Lib\Action\IndexAction.class.php 第 63 行.
NOTIC: [8] Constant API_RETURN_FAILED already defined D:\wwwroot\mainweb\sdk\uc_client\model\note.php 第 16 行.
SQL: SHOW COLUMNS FROM `sdk_accounts` [ RunTime:0.001959s ]
SQL: SELECT * FROM `sdk_accounts` WHERE ( `account_id` = 1890 ) LIMIT 1   [ RunTime:0.000162s ]

[ 2013-09-17T00:27:49+08:00 ] 192.168.133.12 /api/uc.php?time=1379348869&code=ee01ROvLXek1jvpePRdPbdO3nEURe6J2Ohn4DwPg6Qrj2TFDTX5vpi3KUfveUJjwBzji91TV8kBQAqD9Jn4boJ%2B9ChJg5OQu7r57eSKU1qDb6UiCoewhM9P0B7Tp6yZA%2Fw9tqBfNjaV8fG260ySMzRFjAQBkqxVNSSayNMvHZY4MiA
INFO: [ app_begin ] --START--
INFO: Run ReadHtmlCache Behavior [ RunTime:0.001273s ]
INFO: [ app_begin ] --END-- [ RunTime:0.001441s ]
NOTIC: [8] Constant UC_CLIENT_VERSION already defined D:\wwwroot\mainweb\sdk\api\UcApi\Lib\Action\IndexAction.class.php 第 4 行.
NOTIC: [8] Constant UC_CLIENT_RELEASE already defined D:\wwwroot\mainweb\sdk\api\UcApi\Lib\Action\IndexAction.class.php 第 5 行.
NOTIC: [2048] Only variables should be passed by reference D:\wwwroot\mainweb\sdk\api\UcApi\Lib\Action\IndexAction.class.php 第 63 行.
NOTIC: [8] Constant API_RETURN_FAILED already defined D:\wwwroot\mainweb\sdk\uc_client\model\note.php 第 16 行.
SQL: SHOW COLUMNS FROM `sdk_accounts` [ RunTime:0.002065s ]
SQL: SELECT * FROM `sdk_accounts` WHERE ( `account_id` = 1890 ) LIMIT 1   [ RunTime:0.000113s ]

[ 2013-09-17T08:15:08+08:00 ] 192.168.166.7 /api/uc.php?time=1379376907&code=570budJZHkzOTBuSZLkcJOicJme38VuPseIVoWwy6m5A8ve4yejV14SPjUnsRRP08bnmY4hgAfERtz3ID%2BILDm9podb34mdGbLgpEs%2FAjimv0Y64Th%2BHds60tZpLZLhccl7ZOwIC89eDMowgTOvcMNDsHdkzfgI0y4AQcts
INFO: [ app_begin ] --START--
INFO: Run ReadHtmlCache Behavior [ RunTime:0.001273s ]
INFO: [ app_begin ] --END-- [ RunTime:0.001365s ]
NOTIC: [8] Constant UC_CLIENT_VERSION already defined D:\wwwroot\mainweb\sdk\api\UcApi\Lib\Action\IndexAction.class.php 第 4 行.
NOTIC: [8] Constant UC_CLIENT_RELEASE already defined D:\wwwroot\mainweb\sdk\api\UcApi\Lib\Action\IndexAction.class.php 第 5 行.
NOTIC: [2048] Only variables should be passed by reference D:\wwwroot\mainweb\sdk\api\UcApi\Lib\Action\IndexAction.class.php 第 63 行.
NOTIC: [8] Constant API_RETURN_FAILED already defined D:\wwwroot\mainweb\sdk\uc_client\model\note.php 第 16 行.
SQL: SHOW COLUMNS FROM `sdk_accounts` [ RunTime:0.002156s ]
SQL: SELECT * FROM `sdk_accounts` WHERE ( `account_id` = 1830 ) LIMIT 1   [ RunTime:0.000449s ]

[ 2013-09-17T08:57:58+08:00 ] 192.168.143.76 /api/uc.php?time=1379379478&code=8023ZZGSROY09a1Zq9xgRqsFgN%2B7zMAKTePSDa7I1CbGxxdaSU0%2B%2BxUfXX4U4qxt%2Fn58XNkSpkwr%2BGuEu5OdsC%2BHR8PQvQvmbH2qGSyCqZRhRYoZzSxXxXddihWgNBilwErUFg8txiRTr%2B4M2bkR5VYDE9Yt4ebVGjgQSg%2BoaFw
INFO: [ app_begin ] --START--
INFO: Run ReadHtmlCache Behavior [ RunTime:0.001377s ]
INFO: [ app_begin ] --END-- [ RunTime:0.001468s ]
NOTIC: [8] Constant UC_CLIENT_VERSION already defined D:\wwwroot\mainweb\sdk\api\UcApi\Lib\Action\IndexAction.class.php 第 4 行.
NOTIC: [8] Constant UC_CLIENT_RELEASE already defined D:\wwwroot\mainweb\sdk\api\UcApi\Lib\Action\IndexAction.class.php 第 5 行.
NOTIC: [2048] Only variables should be passed by reference D:\wwwroot\mainweb\sdk\api\UcApi\Lib\Action\IndexAction.class.php 第 63 行.
NOTIC: [8] Constant API_RETURN_FAILED already defined D:\wwwroot\mainweb\sdk\uc_client\model\note.php 第 16 行.
SQL: SHOW COLUMNS FROM `sdk_accounts` [ RunTime:0.002489s ]
SQL: SELECT * FROM `sdk_accounts` WHERE ( `account_id` = 406 ) LIMIT 1   [ RunTime:0.000515s ]

[ 2013-09-17T09:20:38+08:00 ] 221.179.85.151 /api/uc.php?time=1379380834&code=af6594fXPagOsQ3CItLWpN3HcZZ3U794TVryxS071NUyvlishhpy0gI29CKQ21O1CzN%2BMIqF8bNoWCsyF6yszEdWX2viRi2o9s4jrYzkaJKTNzvqm0aLrkMQTdsH450I%2B3J7H48C1crswU72eUiqepK3DndLUokC5jMNfuFiKOYDeA
INFO: [ app_begin ] --START--
INFO: Run ReadHtmlCache Behavior [ RunTime:0.001302s ]
INFO: [ app_begin ] --END-- [ RunTime:0.001394s ]
NOTIC: [8] Constant UC_CLIENT_VERSION already defined D:\wwwroot\mainweb\sdk\api\UcApi\Lib\Action\IndexAction.class.php 第 4 行.
NOTIC: [8] Constant UC_CLIENT_RELEASE already defined D:\wwwroot\mainweb\sdk\api\UcApi\Lib\Action\IndexAction.class.php 第 5 行.
NOTIC: [2048] Only variables should be passed by reference D:\wwwroot\mainweb\sdk\api\UcApi\Lib\Action\IndexAction.class.php 第 63 行.
NOTIC: [8] Constant API_RETURN_FAILED already defined D:\wwwroot\mainweb\sdk\uc_client\model\note.php 第 16 行.
SQL: SHOW COLUMNS FROM `sdk_accounts` [ RunTime:0.002350s ]
SQL: SELECT * FROM `sdk_accounts` WHERE ( `account_id` = 2423 ) LIMIT 1   [ RunTime:0.000501s ]
SQL: INSERT INTO `sdk_accounts` (`account_id`,`user_name`,`email`,`password`,`reg_time`) VALUES (2423,'宿舍205','kumono@163.com','5ceab11ef3cb438ad6220efe6389a4cde437f175',1379380838) [ RunTime:0.002265s ]

[ 2013-09-17T09:31:31+08:00 ] 202.116.192.50 /api/uc.php?code=9bb5eW%2FLqd%2FmLRvZyXlMiTn8C4yputpELDC5FV73skoKG%2BDkAJd6o42FtDk%2FauXOwMNICCxPpISmLtqWDWgaoxohRvRREb0cPPwd2l9V0t8rqIeAoGE%2FGZipR3rLZgZafO7wr8CKjAWAb%2FLkCfitJALv8uI&__times__=1
INFO: [ app_begin ] --START--
INFO: Run ReadHtmlCache Behavior [ RunTime:0.001079s ]
INFO: [ app_begin ] --END-- [ RunTime:0.001168s ]
NOTIC: [8] Constant UC_CLIENT_VERSION already defined D:\wwwroot\mainweb\sdk\api\UcApi\Lib\Action\IndexAction.class.php 第 4 行.
NOTIC: [8] Constant UC_CLIENT_RELEASE already defined D:\wwwroot\mainweb\sdk\api\UcApi\Lib\Action\IndexAction.class.php 第 5 行.
NOTIC: [2048] Only variables should be passed by reference D:\wwwroot\mainweb\sdk\api\UcApi\Lib\Action\IndexAction.class.php 第 63 行.

[ 2013-09-17T09:31:31+08:00 ] 221.179.85.151 /api/uc.php?time=1379381467&code=626ej0vGijU5etcHT37EpqH%2BW3XZW%2FK8jxvrdVWd1aWW4bdjIkfYyun1HWUtkhQsV0m3dhSNmhpEmvC7Jpf5eDrtPNnQwOlhT%2FZy2eQ%2BEO1Vz38latLPfr9knWRdF0i1%2BpPmoUHDTxtMkaxgpx0qz%2F%2B6K%2FF34dZgmRCC%2FGLnVTxnpZMrbg
INFO: [ app_begin ] --START--
INFO: Run ReadHtmlCache Behavior [ RunTime:0.000906s ]
INFO: [ app_begin ] --END-- [ RunTime:0.000996s ]
NOTIC: [8] Constant UC_CLIENT_VERSION already defined D:\wwwroot\mainweb\sdk\api\UcApi\Lib\Action\IndexAction.class.php 第 4 行.
NOTIC: [8] Constant UC_CLIENT_RELEASE already defined D:\wwwroot\mainweb\sdk\api\UcApi\Lib\Action\IndexAction.class.php 第 5 行.
NOTIC: [2048] Only variables should be passed by reference D:\wwwroot\mainweb\sdk\api\UcApi\Lib\Action\IndexAction.class.php 第 63 行.
NOTIC: [8] Constant API_RETURN_FAILED already defined D:\wwwroot\mainweb\sdk\uc_client\model\note.php 第 16 行.
SQL: SHOW COLUMNS FROM `sdk_accounts` [ RunTime:0.002231s ]
SQL: SELECT * FROM `sdk_accounts` WHERE ( `account_id` = 2423 ) LIMIT 1   [ RunTime:0.000576s ]
NOTIC: [8] Undefined index:  apph D:\wwwroot\mainweb\sdk\uc_client\model\note.php 第 169 行.
NOTIC: [8] Undefined offset:  2 D:\wwwroot\mainweb\sdk\uc_client\model\note.php 第 141 行.

[ 2013-09-17T09:32:02+08:00 ] 192.168.158.146 /api/uc.php?time=1379381522&code=21c7esnuNgzsQfJmUPtkJwekNCjtUzPm5ZyZ8P8Suktxj5D1FwwomwJzNKOUalDDHd0C10IvUeXi9L994uFIdOsa3P0OVVjOOfXQx6QYPCYj6XWeEgJR0UwHuvefcn6twFRN01jkPHn%2FDyUIDQ%2BsQHKrEEzEvOprw25Pbyw
INFO: [ app_begin ] --START--
INFO: Run ReadHtmlCache Behavior [ RunTime:0.001304s ]
INFO: [ app_begin ] --END-- [ RunTime:0.001393s ]
NOTIC: [8] Constant UC_CLIENT_VERSION already defined D:\wwwroot\mainweb\sdk\api\UcApi\Lib\Action\IndexAction.class.php 第 4 行.
NOTIC: [8] Constant UC_CLIENT_RELEASE already defined D:\wwwroot\mainweb\sdk\api\UcApi\Lib\Action\IndexAction.class.php 第 5 行.
NOTIC: [2048] Only variables should be passed by reference D:\wwwroot\mainweb\sdk\api\UcApi\Lib\Action\IndexAction.class.php 第 63 行.
NOTIC: [8] Constant API_RETURN_FAILED already defined D:\wwwroot\mainweb\sdk\uc_client\model\note.php 第 16 行.
SQL: SHOW COLUMNS FROM `sdk_accounts` [ RunTime:0.002213s ]
SQL: SELECT * FROM `sdk_accounts` WHERE ( `account_id` = 2424 ) LIMIT 1   [ RunTime:0.000533s ]
SQL: INSERT INTO `sdk_accounts` (`account_id`,`user_name`,`email`,`password`,`reg_time`) VALUES (2424,'lexi','1953282089@qq.com','d031f1a1604348acec4ab10086d94b267a235295',1379381522) [ RunTime:0.000562s ]

[ 2013-09-17T09:33:13+08:00 ] 192.168.158.146 /api/uc.php?time=1379381593&code=a2d2kxQgCj6kHP5YkzB54vc0t4qZpbMwG28CxJFNqzCK6dnhO9gmlNVA22CZxi0df5iC%2F5tJBrrHDIk%2F1i6Nf9Xcrz2gfpqtYLwrnjhJhBFOE8qgPXKmBJKjYydCdIwb7OlNg6ZcY%2B65W005mDE0Y3hM3DLMHnDR4OrFu04
INFO: [ app_begin ] --START--
INFO: Run ReadHtmlCache Behavior [ RunTime:0.001431s ]
INFO: [ app_begin ] --END-- [ RunTime:0.001525s ]
NOTIC: [8] Constant UC_CLIENT_VERSION already defined D:\wwwroot\mainweb\sdk\api\UcApi\Lib\Action\IndexAction.class.php 第 4 行.
NOTIC: [8] Constant UC_CLIENT_RELEASE already defined D:\wwwroot\mainweb\sdk\api\UcApi\Lib\Action\IndexAction.class.php 第 5 行.
NOTIC: [2048] Only variables should be passed by reference D:\wwwroot\mainweb\sdk\api\UcApi\Lib\Action\IndexAction.class.php 第 63 行.
NOTIC: [8] Constant API_RETURN_FAILED already defined D:\wwwroot\mainweb\sdk\uc_client\model\note.php 第 16 行.
SQL: SHOW COLUMNS FROM `sdk_accounts` [ RunTime:0.002182s ]
SQL: SELECT * FROM `sdk_accounts` WHERE ( `account_id` = 2424 ) LIMIT 1   [ RunTime:0.000441s ]

[ 2013-09-17T10:17:41+08:00 ] 14.146.83.214 /api/uc.php?time=1379384260&code=f8df%2FwTasGoDMJBjAJtSlxbfV714n9OQtwENe7XTExsPLCdQWwkp7nZzvvZ%2F9QMVJbch6fanEyE5gVh%2BZEzvydybcv6VFLlrnCE4VYLeAONdDIpi02W9jwgKdMYuUYoB1TIRf7JpBdHY%2BugWEzTEAwMb39kMDRXflmMF53qt8GUt
INFO: [ app_begin ] --START--
INFO: Run ReadHtmlCache Behavior [ RunTime:0.001421s ]
INFO: [ app_begin ] --END-- [ RunTime:0.001513s ]
NOTIC: [8] Constant UC_CLIENT_VERSION already defined D:\wwwroot\mainweb\sdk\api\UcApi\Lib\Action\IndexAction.class.php 第 4 行.
NOTIC: [8] Constant UC_CLIENT_RELEASE already defined D:\wwwroot\mainweb\sdk\api\UcApi\Lib\Action\IndexAction.class.php 第 5 行.
NOTIC: [2048] Only variables should be passed by reference D:\wwwroot\mainweb\sdk\api\UcApi\Lib\Action\IndexAction.class.php 第 63 行.
NOTIC: [8] Constant API_RETURN_FAILED already defined D:\wwwroot\mainweb\sdk\uc_client\model\note.php 第 16 行.
SQL: SHOW COLUMNS FROM `sdk_accounts` [ RunTime:0.002667s ]
SQL: SELECT * FROM `sdk_accounts` WHERE ( `account_id` = 2425 ) LIMIT 1   [ RunTime:0.000591s ]
SQL: INSERT INTO `sdk_accounts` (`account_id`,`user_name`,`email`,`password`,`reg_time`) VALUES (2425,'bboyayan','ayanwork@126.com','80450cfe7ec5a4cdddc818ddf1ff597afefd95c6',1379384261) [ RunTime:0.000462s ]

[ 2013-09-17T10:30:10+08:00 ] 192.168.137.87 /api/uc.php?time=1379385010&code=ffc1vuWFru9h1B4VdjzRn0g7UrKda8VuDlG%2FQDc2vAqlfFruy7j0TDdlNvu7yjAvnknIqZmh%2FogXG2VsG3F0Zaqv8DuzV0U8218YGSxWlnIx%2FYROlEbTBuZ9C4DwYgTd8A1UDVSMhEIjm%2BsQpVqLXvfDty%2F%2BSiLINgjDpoZclvMv7A
INFO: [ app_begin ] --START--
INFO: Run ReadHtmlCache Behavior [ RunTime:0.001329s ]
INFO: [ app_begin ] --END-- [ RunTime:0.001420s ]
NOTIC: [8] Constant UC_CLIENT_VERSION already defined D:\wwwroot\mainweb\sdk\api\UcApi\Lib\Action\IndexAction.class.php 第 4 行.
NOTIC: [8] Constant UC_CLIENT_RELEASE already defined D:\wwwroot\mainweb\sdk\api\UcApi\Lib\Action\IndexAction.class.php 第 5 行.
NOTIC: [2048] Only variables should be passed by reference D:\wwwroot\mainweb\sdk\api\UcApi\Lib\Action\IndexAction.class.php 第 63 行.
NOTIC: [8] Constant API_RETURN_FAILED already defined D:\wwwroot\mainweb\sdk\uc_client\model\note.php 第 16 行.
SQL: SHOW COLUMNS FROM `sdk_accounts` [ RunTime:0.002502s ]
SQL: SELECT * FROM `sdk_accounts` WHERE ( `account_id` = 1992 ) LIMIT 1   [ RunTime:0.000535s ]

[ 2013-09-17T10:30:33+08:00 ] 192.168.137.87 /api/uc.php?time=1379385033&code=2077t3tUUAyUr6lnLYXIvk4byqbdYNRHu%2BXFW3Ptwj5m1LhjlQA8mm7RkjfXrvfYBH8J4PXopCVCltQH2A
INFO: [ app_begin ] --START--
INFO: Run ReadHtmlCache Behavior [ RunTime:0.000810s ]
INFO: [ app_begin ] --END-- [ RunTime:0.000944s ]
NOTIC: [8] Constant UC_CLIENT_VERSION already defined D:\wwwroot\mainweb\sdk\api\UcApi\Lib\Action\IndexAction.class.php 第 4 行.
NOTIC: [8] Constant UC_CLIENT_RELEASE already defined D:\wwwroot\mainweb\sdk\api\UcApi\Lib\Action\IndexAction.class.php 第 5 行.
NOTIC: [2048] Only variables should be passed by reference D:\wwwroot\mainweb\sdk\api\UcApi\Lib\Action\IndexAction.class.php 第 63 行.

[ 2013-09-17T10:46:11+08:00 ] 192.168.164.216 /api/uc.php?time=1379385971&code=81d1jk2buZvhZ%2FMGmxfdiz0OoGSWe4SwAzIL4cRbRs4myn3dW7L%2Fdg6Mebl4Ayk%2Br1LIH7M1QqWyzT9oEz0tBClmzfjrw8G0gEW0ZpTY978HfxSSdrg94BfHz%2Fwf2p3ZBdoWWbOrnEAWJbhxliKUAe71hZmWQ5AjIfpX65oV6g
INFO: [ app_begin ] --START--
INFO: Run ReadHtmlCache Behavior [ RunTime:0.001400s ]
INFO: [ app_begin ] --END-- [ RunTime:0.001490s ]
NOTIC: [8] Constant UC_CLIENT_VERSION already defined D:\wwwroot\mainweb\sdk\api\UcApi\Lib\Action\IndexAction.class.php 第 4 行.
NOTIC: [8] Constant UC_CLIENT_RELEASE already defined D:\wwwroot\mainweb\sdk\api\UcApi\Lib\Action\IndexAction.class.php 第 5 行.
NOTIC: [2048] Only variables should be passed by reference D:\wwwroot\mainweb\sdk\api\UcApi\Lib\Action\IndexAction.class.php 第 63 行.
NOTIC: [8] Constant API_RETURN_FAILED already defined D:\wwwroot\mainweb\sdk\uc_client\model\note.php 第 16 行.
SQL: SHOW COLUMNS FROM `sdk_accounts` [ RunTime:0.002028s ]
SQL: SELECT * FROM `sdk_accounts` WHERE ( `account_id` = 1079 ) LIMIT 1   [ RunTime:0.000337s ]

[ 2013-09-17T13:33:15+08:00 ] 192.168.185.79 /api/uc.php?time=1379395995&code=cbb2RKnskTss2vOXqHwqIHzSSRbS%2BuIlXuBs7rFDZNaRXRt26SndQtmbHDEXPLjuSx%2BDLjwqYknADeo%2FVNuonHxUBmU30VfWAokVfZunvBc%2B5CCtUhwzgi%2FoeGaC%2BjVHZ7mI9pY93kJ3DR9EUIEsFenPLCA4UJ1SMlQjy06L7g
INFO: [ app_begin ] --START--
INFO: Run ReadHtmlCache Behavior [ RunTime:0.001375s ]
INFO: [ app_begin ] --END-- [ RunTime:0.001469s ]
NOTIC: [8] Constant UC_CLIENT_VERSION already defined D:\wwwroot\mainweb\sdk\api\UcApi\Lib\Action\IndexAction.class.php 第 4 行.
NOTIC: [8] Constant UC_CLIENT_RELEASE already defined D:\wwwroot\mainweb\sdk\api\UcApi\Lib\Action\IndexAction.class.php 第 5 行.
NOTIC: [2048] Only variables should be passed by reference D:\wwwroot\mainweb\sdk\api\UcApi\Lib\Action\IndexAction.class.php 第 63 行.
NOTIC: [8] Constant API_RETURN_FAILED already defined D:\wwwroot\mainweb\sdk\uc_client\model\note.php 第 16 行.
SQL: SHOW COLUMNS FROM `sdk_accounts` [ RunTime:0.002490s ]
SQL: SELECT * FROM `sdk_accounts` WHERE ( `account_id` = 2268 ) LIMIT 1   [ RunTime:0.000522s ]

[ 2013-09-17T13:40:49+08:00 ] 192.168.166.229 /api/uc.php?time=1379396449&code=36d7IrzzpbyAfrr0%2BVHF8JTnd4EFwnzUIlbFyjIgvvCyF6QQhzfTLZUZF%2Fzw5%2FK3IUtPlzfw1Fq3D3gZUT%2FeOdlPEOtKBO6qkn6GSpKmm4JWZs14jMD1h8ej46ETwIYDR846imeuNWquTYhs0%2FNWNu2hMe0yHCo5vZ2k5A
INFO: [ app_begin ] --START--
INFO: Run ReadHtmlCache Behavior [ RunTime:0.001254s ]
INFO: [ app_begin ] --END-- [ RunTime:0.001343s ]
NOTIC: [8] Constant UC_CLIENT_VERSION already defined D:\wwwroot\mainweb\sdk\api\UcApi\Lib\Action\IndexAction.class.php 第 4 行.
NOTIC: [8] Constant UC_CLIENT_RELEASE already defined D:\wwwroot\mainweb\sdk\api\UcApi\Lib\Action\IndexAction.class.php 第 5 行.
NOTIC: [2048] Only variables should be passed by reference D:\wwwroot\mainweb\sdk\api\UcApi\Lib\Action\IndexAction.class.php 第 63 行.
NOTIC: [8] Constant API_RETURN_FAILED already defined D:\wwwroot\mainweb\sdk\uc_client\model\note.php 第 16 行.
SQL: SHOW COLUMNS FROM `sdk_accounts` [ RunTime:0.002241s ]
SQL: SELECT * FROM `sdk_accounts` WHERE ( `account_id` = 1569 ) LIMIT 1   [ RunTime:0.000502s ]

[ 2013-09-17T13:57:13+08:00 ] 192.168.201.215 /api/uc.php?time=1379397433&code=73d2WTflDXdjaH6dR54%2B9foaXKAKHH080bxhzzhezhJIObPAM%2F27rnypSUcdTlXxOpD7NS8te961GZRoQ3p1oGl8v776oUnPj531Zf7jNj9xs6i7SFUrja97s8Kc9sn6dxEwxEuSljZty9gRSjNd9rZ6XXxm3pIBQm2rfw
INFO: [ app_begin ] --START--
INFO: Run ReadHtmlCache Behavior [ RunTime:0.001521s ]
INFO: [ app_begin ] --END-- [ RunTime:0.001614s ]
NOTIC: [8] Constant UC_CLIENT_VERSION already defined D:\wwwroot\mainweb\sdk\api\UcApi\Lib\Action\IndexAction.class.php 第 4 行.
NOTIC: [8] Constant UC_CLIENT_RELEASE already defined D:\wwwroot\mainweb\sdk\api\UcApi\Lib\Action\IndexAction.class.php 第 5 行.
NOTIC: [2048] Only variables should be passed by reference D:\wwwroot\mainweb\sdk\api\UcApi\Lib\Action\IndexAction.class.php 第 63 行.
NOTIC: [8] Constant API_RETURN_FAILED already defined D:\wwwroot\mainweb\sdk\uc_client\model\note.php 第 16 行.
SQL: SHOW COLUMNS FROM `sdk_accounts` [ RunTime:0.002818s ]
SQL: SELECT * FROM `sdk_accounts` WHERE ( `account_id` = 1773 ) LIMIT 1   [ RunTime:0.000814s ]

[ 2013-09-17T14:00:04+08:00 ] 192.168.164.97 /api/uc.php?time=1379397604&code=1a527f4rKAkCeffbL%2F8H3%2BPdb%2B2QyMfO%2BZQgfDetwJy3eQR1xxOBtxOEX1%2Bef3EoNEbHAlusHfng3v2tF%2BY%2B3ym3XoEyNHGVRT8674B83Qk3ThG%2Fqdr8B6mvrSmbwa6EZh%2FyZ9oLiyvc63bI4BeDX1fJ4gAfxRFFlKjeZg
INFO: [ app_begin ] --START--
INFO: Run ReadHtmlCache Behavior [ RunTime:0.001058s ]
INFO: [ app_begin ] --END-- [ RunTime:0.001148s ]
NOTIC: [8] Constant UC_CLIENT_VERSION already defined D:\wwwroot\mainweb\sdk\api\UcApi\Lib\Action\IndexAction.class.php 第 4 行.
NOTIC: [8] Constant UC_CLIENT_RELEASE already defined D:\wwwroot\mainweb\sdk\api\UcApi\Lib\Action\IndexAction.class.php 第 5 行.
NOTIC: [2048] Only variables should be passed by reference D:\wwwroot\mainweb\sdk\api\UcApi\Lib\Action\IndexAction.class.php 第 63 行.
NOTIC: [8] Constant API_RETURN_FAILED already defined D:\wwwroot\mainweb\sdk\uc_client\model\note.php 第 16 行.
SQL: SHOW COLUMNS FROM `sdk_accounts` [ RunTime:0.002174s ]
SQL: SELECT * FROM `sdk_accounts` WHERE ( `account_id` = 1702 ) LIMIT 1   [ RunTime:0.000439s ]

[ 2013-09-17T14:29:25+08:00 ] 192.168.163.204 /api/uc.php?time=1379399365&code=c261Y0FVKYQ771HrvNOlpGysNiRPe1ZpHtVx8zfokD5Gnv7bzooV7OFPCSnJExsqtMJVSBtGanrXFQkpu6RWLFpFfcIrrnIq8Q22SELADM5TwLlLL0a%2BVY8l62fjyh%2F2pI9Y8LWMClQ1idA%2FX6TcJLj9nCze6c%2BWpcXFx8awV3kRrA
INFO: [ app_begin ] --START--
INFO: Run ReadHtmlCache Behavior [ RunTime:0.001487s ]
INFO: [ app_begin ] --END-- [ RunTime:0.001576s ]
NOTIC: [8] Constant UC_CLIENT_VERSION already defined D:\wwwroot\mainweb\sdk\api\UcApi\Lib\Action\IndexAction.class.php 第 4 行.
NOTIC: [8] Constant UC_CLIENT_RELEASE already defined D:\wwwroot\mainweb\sdk\api\UcApi\Lib\Action\IndexAction.class.php 第 5 行.
NOTIC: [2048] Only variables should be passed by reference D:\wwwroot\mainweb\sdk\api\UcApi\Lib\Action\IndexAction.class.php 第 63 行.
NOTIC: [8] Constant API_RETURN_FAILED already defined D:\wwwroot\mainweb\sdk\uc_client\model\note.php 第 16 行.
SQL: SHOW COLUMNS FROM `sdk_accounts` [ RunTime:0.002541s ]
SQL: SELECT * FROM `sdk_accounts` WHERE ( `account_id` = 1566 ) LIMIT 1   [ RunTime:0.000413s ]

[ 2013-09-17T18:18:13+08:00 ] 192.168.136.130 /api/uc.php?time=1379413093&code=d7d0T50%2Fs4Dyj60UyXvUAwC7KeOje8TvebZYqMwFud0dHpJPZrUqfa7D9xllxGplELEsDScwVG4rRI6MuuJn5Za7tBQXiXlQYkF7fpS0baPMvFiB54UlcNsxbToliLl0ZFDa1I92ySF0PIoGpaNJObXpzkYsflPOl1P3YwiExojXCA
INFO: [ app_begin ] --START--
INFO: Run ReadHtmlCache Behavior [ RunTime:0.001851s ]
INFO: [ app_begin ] --END-- [ RunTime:0.001958s ]
NOTIC: [8] Constant UC_CLIENT_VERSION already defined D:\wwwroot\mainweb\sdk\api\UcApi\Lib\Action\IndexAction.class.php 第 4 行.
NOTIC: [8] Constant UC_CLIENT_RELEASE already defined D:\wwwroot\mainweb\sdk\api\UcApi\Lib\Action\IndexAction.class.php 第 5 行.
NOTIC: [2048] Only variables should be passed by reference D:\wwwroot\mainweb\sdk\api\UcApi\Lib\Action\IndexAction.class.php 第 63 行.
NOTIC: [8] Constant API_RETURN_FAILED already defined D:\wwwroot\mainweb\sdk\uc_client\model\note.php 第 16 行.
SQL: SHOW COLUMNS FROM `sdk_accounts` [ RunTime:0.002297s ]
SQL: SELECT * FROM `sdk_accounts` WHERE ( `account_id` = 2318 ) LIMIT 1   [ RunTime:0.000499s ]

[ 2013-09-17T19:35:13+08:00 ] 192.168.143.133 /api/uc.php?time=1379417713&code=ea7bO5nefzIR4m659ixXLeA5wdExoY2h7xkxOquoHtirtGocK3dUpSfbeHjBbrlc7krBvxawZcUUmAJw9hfizsqSOiHmWCB51Iz7pVUL7kzul9ojvZBoJ6fvaGnOlFwfIVKxx%2Bna3WhzUwnEKy5jczfL9TmH2EvLwmb4al78VQ
INFO: [ app_begin ] --START--
INFO: Run ReadHtmlCache Behavior [ RunTime:0.001609s ]
INFO: [ app_begin ] --END-- [ RunTime:0.001700s ]
NOTIC: [8] Constant UC_CLIENT_VERSION already defined D:\wwwroot\mainweb\sdk\api\UcApi\Lib\Action\IndexAction.class.php 第 4 行.
NOTIC: [8] Constant UC_CLIENT_RELEASE already defined D:\wwwroot\mainweb\sdk\api\UcApi\Lib\Action\IndexAction.class.php 第 5 行.
NOTIC: [2048] Only variables should be passed by reference D:\wwwroot\mainweb\sdk\api\UcApi\Lib\Action\IndexAction.class.php 第 63 行.
NOTIC: [8] Constant API_RETURN_FAILED already defined D:\wwwroot\mainweb\sdk\uc_client\model\note.php 第 16 行.
SQL: SHOW COLUMNS FROM `sdk_accounts` [ RunTime:0.002586s ]
SQL: SELECT * FROM `sdk_accounts` WHERE ( `account_id` = 1241 ) LIMIT 1   [ RunTime:0.000569s ]

[ 2013-09-17T19:44:06+08:00 ] 192.168.163.201 /api/uc.php?time=1379418246&code=be7ao%2B3G2Dfz%2FJ4MFYGARUD4T8OYLbMq7HK8TGZZw%2BC6Y%2FbGS75pJmAzaD7tOngpKjQXxMR00xoJ2TnMp%2FWa%2F3UZnNt%2BcvIRWqrmvmeNhk9ZvP8otOaW%2FEEBTwU2CyKUrCfOqdTbpUinZ9zygTGq97PGYAPvzr93pt%2FTb1Fnlbz%2B
INFO: [ app_begin ] --START--
INFO: Run ReadHtmlCache Behavior [ RunTime:0.001292s ]
INFO: [ app_begin ] --END-- [ RunTime:0.001383s ]
NOTIC: [8] Constant UC_CLIENT_VERSION already defined D:\wwwroot\mainweb\sdk\api\UcApi\Lib\Action\IndexAction.class.php 第 4 行.
NOTIC: [8] Constant UC_CLIENT_RELEASE already defined D:\wwwroot\mainweb\sdk\api\UcApi\Lib\Action\IndexAction.class.php 第 5 行.
NOTIC: [2048] Only variables should be passed by reference D:\wwwroot\mainweb\sdk\api\UcApi\Lib\Action\IndexAction.class.php 第 63 行.
NOTIC: [8] Constant API_RETURN_FAILED already defined D:\wwwroot\mainweb\sdk\uc_client\model\note.php 第 16 行.
SQL: SHOW COLUMNS FROM `sdk_accounts` [ RunTime:0.002070s ]
SQL: SELECT * FROM `sdk_accounts` WHERE ( `account_id` = 423 ) LIMIT 1   [ RunTime:0.000366s ]

[ 2013-09-17T19:54:13+08:00 ] 192.168.137.65 /api/uc.php?time=1379418853&code=e382pm2nEp6Ig85QVJcjLaVKdlKstrBK4GlQjeDdQfkeOZIr6dM9DQqETCeG0gZIWvtumA0GQ8Q%2F86F1qfSnikw7%2BM0usQyXUmQyQ0vWkzBAWakI1%2FHZs6FZXBQXssdfVX%2B3uIZyJkXq7ERwiCUnE5DCwr6dNwCVNIQ8kZk
INFO: [ app_begin ] --START--
INFO: Run ReadHtmlCache Behavior [ RunTime:0.001261s ]
INFO: [ app_begin ] --END-- [ RunTime:0.001351s ]
NOTIC: [8] Constant UC_CLIENT_VERSION already defined D:\wwwroot\mainweb\sdk\api\UcApi\Lib\Action\IndexAction.class.php 第 4 行.
NOTIC: [8] Constant UC_CLIENT_RELEASE already defined D:\wwwroot\mainweb\sdk\api\UcApi\Lib\Action\IndexAction.class.php 第 5 行.
NOTIC: [2048] Only variables should be passed by reference D:\wwwroot\mainweb\sdk\api\UcApi\Lib\Action\IndexAction.class.php 第 63 行.
NOTIC: [8] Constant API_RETURN_FAILED already defined D:\wwwroot\mainweb\sdk\uc_client\model\note.php 第 16 行.
SQL: SHOW COLUMNS FROM `sdk_accounts` [ RunTime:0.002044s ]
SQL: SELECT * FROM `sdk_accounts` WHERE ( `account_id` = 875 ) LIMIT 1   [ RunTime:0.000366s ]

[ 2013-09-17T20:29:39+08:00 ] 192.168.198.88 /api/uc.php?time=1379420978&code=38b4KVuBREmcqW3ozbBALoE02vpn4G9F%2F3Iu4ado%2F8fkc5bsgc8Lari0Y9N970%2BUNRKewC4KgjsxYGYHVskzHjsSq%2BWzl0JQsw%2FI1tiF2XPTr%2BtftwXHDInOBEshRu2GIJ8tUN33tcEpOVyOc0uxtYuStoJvayP1A8fQg6zPRf8vRA
INFO: [ app_begin ] --START--
INFO: Run ReadHtmlCache Behavior [ RunTime:0.001257s ]
INFO: [ app_begin ] --END-- [ RunTime:0.001347s ]
NOTIC: [8] Constant UC_CLIENT_VERSION already defined D:\wwwroot\mainweb\sdk\api\UcApi\Lib\Action\IndexAction.class.php 第 4 行.
NOTIC: [8] Constant UC_CLIENT_RELEASE already defined D:\wwwroot\mainweb\sdk\api\UcApi\Lib\Action\IndexAction.class.php 第 5 行.
NOTIC: [2048] Only variables should be passed by reference D:\wwwroot\mainweb\sdk\api\UcApi\Lib\Action\IndexAction.class.php 第 63 行.
NOTIC: [8] Constant API_RETURN_FAILED already defined D:\wwwroot\mainweb\sdk\uc_client\model\note.php 第 16 行.
SQL: SHOW COLUMNS FROM `sdk_accounts` [ RunTime:0.002228s ]
SQL: SELECT * FROM `sdk_accounts` WHERE ( `account_id` = 2426 ) LIMIT 1   [ RunTime:0.000498s ]
SQL: INSERT INTO `sdk_accounts` (`account_id`,`user_name`,`email`,`password`,`reg_time`) VALUES (2426,'龚老师','421548475@qq.com','b8ef50cad1bf3903c9b4fc5d16c941ef38d59535',1379420979) [ RunTime:0.001657s ]

[ 2013-09-17T20:30:39+08:00 ] 192.168.190.157 /api/uc.php?time=1379421039&code=b0fevVEWrClluKsNJHSct5kSnacgyDO%2Bb82zr2eBGvv%2F%2FsUeDLkuwYltKtFvKa4W7MAPtxV3kIOPW4krRZIh2SzTUCH7cx01MI1%2Bp6WcZLMocdxVc%2BO6Ez%2Fjm%2BAL9kh4unA3Kg%2FT2tq3Z4LXMZVNB8G7T1pU%2FJUuQJTted3848zwfQ
INFO: [ app_begin ] --START--
INFO: Run ReadHtmlCache Behavior [ RunTime:0.001153s ]
INFO: [ app_begin ] --END-- [ RunTime:0.001242s ]
NOTIC: [8] Constant UC_CLIENT_VERSION already defined D:\wwwroot\mainweb\sdk\api\UcApi\Lib\Action\IndexAction.class.php 第 4 行.
NOTIC: [8] Constant UC_CLIENT_RELEASE already defined D:\wwwroot\mainweb\sdk\api\UcApi\Lib\Action\IndexAction.class.php 第 5 行.
NOTIC: [2048] Only variables should be passed by reference D:\wwwroot\mainweb\sdk\api\UcApi\Lib\Action\IndexAction.class.php 第 63 行.
NOTIC: [8] Constant API_RETURN_FAILED already defined D:\wwwroot\mainweb\sdk\uc_client\model\note.php 第 16 行.
SQL: SHOW COLUMNS FROM `sdk_accounts` [ RunTime:0.002192s ]
SQL: SELECT * FROM `sdk_accounts` WHERE ( `account_id` = 1789 ) LIMIT 1   [ RunTime:0.000618s ]

[ 2013-09-17T20:31:54+08:00 ] 202.116.192.50 /api/uc.php?code=decffY%2FjNzFVlQ37NE%2Fm%2Fhc%2BSsHE%2BzdEvJNFkKwg5v65ndoNqJyrVa2edgbWKSkaPZzFLh4aY%2FodJr3cuJRJaFL3JOedtHXhZ3Ynt8aKWhJg02hQs2kacXQq64pt7jA6rhVaQ6Vcbj5nHV4&__times__=1
INFO: [ app_begin ] --START--
INFO: Run ReadHtmlCache Behavior [ RunTime:0.001080s ]
INFO: [ app_begin ] --END-- [ RunTime:0.001170s ]
NOTIC: [8] Constant UC_CLIENT_VERSION already defined D:\wwwroot\mainweb\sdk\api\UcApi\Lib\Action\IndexAction.class.php 第 4 行.
NOTIC: [8] Constant UC_CLIENT_RELEASE already defined D:\wwwroot\mainweb\sdk\api\UcApi\Lib\Action\IndexAction.class.php 第 5 行.
NOTIC: [2048] Only variables should be passed by reference D:\wwwroot\mainweb\sdk\api\UcApi\Lib\Action\IndexAction.class.php 第 63 行.

[ 2013-09-17T20:31:54+08:00 ] 192.168.198.88 /api/uc.php?time=1379421113&code=4c977E9fK%2B25jHvdBTPvU%2F3rQgovxoxD6ktpUcuF8kbrgogUhlm4dPgOCM6L3KG0IDqJjdKiIShEwAeRuGgPBJSIF2iAfRAibKCjst%2BTUoF0IBMj81CZCy0YJZEW6MyNsT0Lhv9IMxq15iOlfohWiEJ7pvHYwa1sQc3%2FkrfwIMToLA
INFO: [ app_begin ] --START--
INFO: Run ReadHtmlCache Behavior [ RunTime:0.001231s ]
INFO: [ app_begin ] --END-- [ RunTime:0.001324s ]
NOTIC: [8] Constant UC_CLIENT_VERSION already defined D:\wwwroot\mainweb\sdk\api\UcApi\Lib\Action\IndexAction.class.php 第 4 行.
NOTIC: [8] Constant UC_CLIENT_RELEASE already defined D:\wwwroot\mainweb\sdk\api\UcApi\Lib\Action\IndexAction.class.php 第 5 行.
NOTIC: [2048] Only variables should be passed by reference D:\wwwroot\mainweb\sdk\api\UcApi\Lib\Action\IndexAction.class.php 第 63 行.
NOTIC: [8] Constant API_RETURN_FAILED already defined D:\wwwroot\mainweb\sdk\uc_client\model\note.php 第 16 行.
SQL: SHOW COLUMNS FROM `sdk_accounts` [ RunTime:0.002364s ]
SQL: SELECT * FROM `sdk_accounts` WHERE ( `account_id` = 2426 ) LIMIT 1   [ RunTime:0.000570s ]
NOTIC: [8] Undefined index:  apph D:\wwwroot\mainweb\sdk\uc_client\model\note.php 第 169 行.
NOTIC: [8] Undefined offset:  2 D:\wwwroot\mainweb\sdk\uc_client\model\note.php 第 141 行.

[ 2013-09-17T21:16:28+08:00 ] 192.168.201.86 /api/uc.php?time=1379423788&code=f7e9FlAQpXptkj%2FSdpJBZUcS8LmLqy9BX%2FvKab5m6dqUw5EJL0NfbODedgngdln2G4B9XtFdJaL4lm%2BfbN0eFRaMWnYpOznMf0HyyCwmrOo1lPCK9xDC%2FBx%2FQA2qEKcd93maiYuS6UiSaIkRL0wlBE4nnhMNxNmBVNQCMPfAEoXc0Q
INFO: [ app_begin ] --START--
INFO: Run ReadHtmlCache Behavior [ RunTime:0.001469s ]
INFO: [ app_begin ] --END-- [ RunTime:0.001561s ]
NOTIC: [8] Constant UC_CLIENT_VERSION already defined D:\wwwroot\mainweb\sdk\api\UcApi\Lib\Action\IndexAction.class.php 第 4 行.
NOTIC: [8] Constant UC_CLIENT_RELEASE already defined D:\wwwroot\mainweb\sdk\api\UcApi\Lib\Action\IndexAction.class.php 第 5 行.
NOTIC: [2048] Only variables should be passed by reference D:\wwwroot\mainweb\sdk\api\UcApi\Lib\Action\IndexAction.class.php 第 63 行.
NOTIC: [8] Constant API_RETURN_FAILED already defined D:\wwwroot\mainweb\sdk\uc_client\model\note.php 第 16 行.
SQL: SHOW COLUMNS FROM `sdk_accounts` [ RunTime:0.002682s ]
SQL: SELECT * FROM `sdk_accounts` WHERE ( `account_id` = 2288 ) LIMIT 1   [ RunTime:0.000595s ]

[ 2013-09-17T21:18:04+08:00 ] 192.168.160.92 /api/uc.php?time=1379423884&code=60f8jasibSqA%2FuHhpDrDLr%2FM1KT7S4KSpdpUtKKRwNhDyFw43kSV6IDXAk2N8MeU6elWjKLJ4e0O7ly2T2Ba%2B0zDDMGRmuE4L%2F8ggSE0DyCBI1jfkyxpMGDS4xnNNXjUj5%2B6f04Qyc7bFKWbnjUWAppulmtuY0il%2B1YqiXWKc67m
INFO: [ app_begin ] --START--
INFO: Run ReadHtmlCache Behavior [ RunTime:0.001452s ]
INFO: [ app_begin ] --END-- [ RunTime:0.001560s ]
NOTIC: [8] Constant UC_CLIENT_VERSION already defined D:\wwwroot\mainweb\sdk\api\UcApi\Lib\Action\IndexAction.class.php 第 4 行.
NOTIC: [8] Constant UC_CLIENT_RELEASE already defined D:\wwwroot\mainweb\sdk\api\UcApi\Lib\Action\IndexAction.class.php 第 5 行.
NOTIC: [2048] Only variables should be passed by reference D:\wwwroot\mainweb\sdk\api\UcApi\Lib\Action\IndexAction.class.php 第 63 行.
NOTIC: [8] Constant API_RETURN_FAILED already defined D:\wwwroot\mainweb\sdk\uc_client\model\note.php 第 16 行.
SQL: SHOW COLUMNS FROM `sdk_accounts` [ RunTime:0.002125s ]
SQL: SELECT * FROM `sdk_accounts` WHERE ( `account_id` = 926 ) LIMIT 1   [ RunTime:0.000492s ]

[ 2013-09-17T21:18:17+08:00 ] 192.168.160.92 /api/uc.php?time=1379423897&code=173eM8MDkWUADdcc9wHlqh1zKpCQZBFv0Xxebm84LrDrhR%2F6DILIJkBiuFLVk%2BXAFGPlp8NkK2We8QJ3Vw
INFO: [ app_begin ] --START--
INFO: Run ReadHtmlCache Behavior [ RunTime:0.001229s ]
INFO: [ app_begin ] --END-- [ RunTime:0.001320s ]
NOTIC: [8] Constant UC_CLIENT_VERSION already defined D:\wwwroot\mainweb\sdk\api\UcApi\Lib\Action\IndexAction.class.php 第 4 行.
NOTIC: [8] Constant UC_CLIENT_RELEASE already defined D:\wwwroot\mainweb\sdk\api\UcApi\Lib\Action\IndexAction.class.php 第 5 行.
NOTIC: [2048] Only variables should be passed by reference D:\wwwroot\mainweb\sdk\api\UcApi\Lib\Action\IndexAction.class.php 第 63 行.

[ 2013-09-17T21:32:57+08:00 ] 192.168.206.149 /api/uc.php?time=1379424777&code=a5a7DgCuAUlhc7kYHJJdXsiDlvG%2BGnHVLusGfuuv7TdC9qu9JLzy2GyAiDLfz6iyPEYPVaJTpe8mET%2B7zfAfnuffO4DAILxi91X8ZtRwLatq7SZXFYoeWjSocDC9pvCF46m8eYWs4oJ4Y48rSI9Tcj0zJJOJK1lRvDYamgEciCGKGA
INFO: [ app_begin ] --START--
INFO: Run ReadHtmlCache Behavior [ RunTime:0.001609s ]
INFO: [ app_begin ] --END-- [ RunTime:0.001700s ]
NOTIC: [8] Constant UC_CLIENT_VERSION already defined D:\wwwroot\mainweb\sdk\api\UcApi\Lib\Action\IndexAction.class.php 第 4 行.
NOTIC: [8] Constant UC_CLIENT_RELEASE already defined D:\wwwroot\mainweb\sdk\api\UcApi\Lib\Action\IndexAction.class.php 第 5 行.
NOTIC: [2048] Only variables should be passed by reference D:\wwwroot\mainweb\sdk\api\UcApi\Lib\Action\IndexAction.class.php 第 63 行.
NOTIC: [8] Constant API_RETURN_FAILED already defined D:\wwwroot\mainweb\sdk\uc_client\model\note.php 第 16 行.
SQL: SHOW COLUMNS FROM `sdk_accounts` [ RunTime:0.002484s ]
SQL: SELECT * FROM `sdk_accounts` WHERE ( `account_id` = 1601 ) LIMIT 1   [ RunTime:0.000580s ]

[ 2013-09-17T21:35:58+08:00 ] 192.168.137.13 /api/uc.php?time=1379424958&code=ff1fppNr%2F05mv3OC0PJ3jvBNQSMJ1%2FqwL5AFbtGSRHWzUWCkW7Xro0CPrf6p485rVbLW5Yd923sQrWFGA6WL7MZLcTt3boszmrPe7sb5Qe8Aq0zd5dweNn%2F14sUsEn3YxasML7LXXswafnS0lsyd47W9SVWV1DYUQijWHQ
INFO: [ app_begin ] --START--
INFO: Run ReadHtmlCache Behavior [ RunTime:0.001307s ]
INFO: [ app_begin ] --END-- [ RunTime:0.001398s ]
NOTIC: [8] Constant UC_CLIENT_VERSION already defined D:\wwwroot\mainweb\sdk\api\UcApi\Lib\Action\IndexAction.class.php 第 4 行.
NOTIC: [8] Constant UC_CLIENT_RELEASE already defined D:\wwwroot\mainweb\sdk\api\UcApi\Lib\Action\IndexAction.class.php 第 5 行.
NOTIC: [2048] Only variables should be passed by reference D:\wwwroot\mainweb\sdk\api\UcApi\Lib\Action\IndexAction.class.php 第 63 行.
NOTIC: [8] Constant API_RETURN_FAILED already defined D:\wwwroot\mainweb\sdk\uc_client\model\note.php 第 16 行.
SQL: SHOW COLUMNS FROM `sdk_accounts` [ RunTime:0.002163s ]
SQL: SELECT * FROM `sdk_accounts` WHERE ( `account_id` = 2320 ) LIMIT 1   [ RunTime:0.000536s ]

[ 2013-09-17T21:37:10+08:00 ] 192.168.137.13 /api/uc.php?time=1379425029&code=f420hqdx0dPp9N1mmruL4O4YP80aAmqTSD5OMU6iQkQTVQ7xHwRIGVs%2F%2FCJIFpFLmZhOKZvDb6dVCFwNvImDAdkCtMZfPzdcmwyAanO9JQJKkPh1lIMjEfmJ3vZ5XTcu96yFrFbdxWsCNlZAu34yl9ro0azQn6xh8P224w
INFO: [ app_begin ] --START--
INFO: Run ReadHtmlCache Behavior [ RunTime:0.001567s ]
INFO: [ app_begin ] --END-- [ RunTime:0.001660s ]
NOTIC: [8] Constant UC_CLIENT_VERSION already defined D:\wwwroot\mainweb\sdk\api\UcApi\Lib\Action\IndexAction.class.php 第 4 行.
NOTIC: [8] Constant UC_CLIENT_RELEASE already defined D:\wwwroot\mainweb\sdk\api\UcApi\Lib\Action\IndexAction.class.php 第 5 行.
NOTIC: [2048] Only variables should be passed by reference D:\wwwroot\mainweb\sdk\api\UcApi\Lib\Action\IndexAction.class.php 第 63 行.
NOTIC: [8] Constant API_RETURN_FAILED already defined D:\wwwroot\mainweb\sdk\uc_client\model\note.php 第 16 行.
SQL: SHOW COLUMNS FROM `sdk_accounts` [ RunTime:0.002064s ]
SQL: SELECT * FROM `sdk_accounts` WHERE ( `account_id` = 2320 ) LIMIT 1   [ RunTime:0.000297s ]

[ 2013-09-17T22:21:23+08:00 ] 192.168.205.146 /api/uc.php?time=1379427683&code=861bZU7WNXdVqUK0GgMpHBXUJXcu%2Fc1gpcFVHoVu9agjyaVySM2u9bHD7Rogtleo1CGM%2BNxs8AaB3%2FBHXiwzpySYHv8KiSZqozAdVubgh41vdZ5%2BJJYYZ5X8MFsIeTcY9TTtKMM5q%2BUcCuD0Ch%2FLvatGT5Vf4vmd922lY3Z%2B8p%2BwvA
INFO: [ app_begin ] --START--
INFO: Run ReadHtmlCache Behavior [ RunTime:0.001346s ]
INFO: [ app_begin ] --END-- [ RunTime:0.001438s ]
NOTIC: [8] Constant UC_CLIENT_VERSION already defined D:\wwwroot\mainweb\sdk\api\UcApi\Lib\Action\IndexAction.class.php 第 4 行.
NOTIC: [8] Constant UC_CLIENT_RELEASE already defined D:\wwwroot\mainweb\sdk\api\UcApi\Lib\Action\IndexAction.class.php 第 5 行.
NOTIC: [2048] Only variables should be passed by reference D:\wwwroot\mainweb\sdk\api\UcApi\Lib\Action\IndexAction.class.php 第 63 行.
NOTIC: [8] Constant API_RETURN_FAILED already defined D:\wwwroot\mainweb\sdk\uc_client\model\note.php 第 16 行.
SQL: SHOW COLUMNS FROM `sdk_accounts` [ RunTime:0.002453s ]
SQL: SELECT * FROM `sdk_accounts` WHERE ( `account_id` = 1832 ) LIMIT 1   [ RunTime:0.000506s ]

[ 2013-09-17T22:22:17+08:00 ] 183.4.13.157 /api/uc.php?time=1379427732&code=0350Zn2UImIdHUSstn%2FGjYk%2FjdEtxMqFmMDdXzpy3rJV%2BKtFkTypvKI%2F51Tx%2BjncpMisp53U3xeyGtPn6qvSSESF8MU%2BhBG4dmBMaJM3iIaq5Ys5DQWn88BScDyR6JL9XNJ4%2BW0xGHajpwJm%2F%2Fkc00QYXiPOZj7OTluNoQYR
INFO: [ app_begin ] --START--
INFO: Run ReadHtmlCache Behavior [ RunTime:0.001237s ]
INFO: [ app_begin ] --END-- [ RunTime:0.001328s ]
NOTIC: [8] Constant UC_CLIENT_VERSION already defined D:\wwwroot\mainweb\sdk\api\UcApi\Lib\Action\IndexAction.class.php 第 4 行.
NOTIC: [8] Constant UC_CLIENT_RELEASE already defined D:\wwwroot\mainweb\sdk\api\UcApi\Lib\Action\IndexAction.class.php 第 5 行.
NOTIC: [2048] Only variables should be passed by reference D:\wwwroot\mainweb\sdk\api\UcApi\Lib\Action\IndexAction.class.php 第 63 行.
NOTIC: [8] Constant API_RETURN_FAILED already defined D:\wwwroot\mainweb\sdk\uc_client\model\note.php 第 16 行.
SQL: SHOW COLUMNS FROM `sdk_accounts` [ RunTime:0.002274s ]
SQL: SELECT * FROM `sdk_accounts` WHERE ( `account_id` = 558 ) LIMIT 1   [ RunTime:0.000604s ]

[ 2013-09-17T22:41:00+08:00 ] 121.14.162.88 /api/uc.php?time=1379428859&code=b939mB2qSV70A%2BxY4DxbY03X50ntWygnqKg4M8CztpWuEBt1Ah7eTGwT1ve6nKoxljn%2F1z%2FuTqn3QLlBoKMPxtoS5iiNujjRZmBHOv0%2FZjtBXnxj7WOUspQThBTvwo0ru%2F0WWwCiYnZSWLQpyrObKHHy8f4Xa%2FDpoEO%2F33NG
INFO: [ app_begin ] --START--
INFO: Run ReadHtmlCache Behavior [ RunTime:0.001323s ]
INFO: [ app_begin ] --END-- [ RunTime:0.001415s ]
NOTIC: [8] Constant UC_CLIENT_VERSION already defined D:\wwwroot\mainweb\sdk\api\UcApi\Lib\Action\IndexAction.class.php 第 4 行.
NOTIC: [8] Constant UC_CLIENT_RELEASE already defined D:\wwwroot\mainweb\sdk\api\UcApi\Lib\Action\IndexAction.class.php 第 5 行.
NOTIC: [2048] Only variables should be passed by reference D:\wwwroot\mainweb\sdk\api\UcApi\Lib\Action\IndexAction.class.php 第 63 行.
NOTIC: [8] Constant API_RETURN_FAILED already defined D:\wwwroot\mainweb\sdk\uc_client\model\note.php 第 16 行.
SQL: SHOW COLUMNS FROM `sdk_accounts` [ RunTime:0.002120s ]
SQL: SELECT * FROM `sdk_accounts` WHERE ( `account_id` = 2417 ) LIMIT 1   [ RunTime:0.000615s ]

[ 2013-09-17T22:44:32+08:00 ] 112.96.172.52 /api/uc.php?time=1379429049&code=f824LVoILLNJp5Igr8VcScmRTno%2FWJ4k4dKDVYZdj1Zrx29Z9m8QPRw56y1khlJSPipR6NeBA94r0AMDqC6FhETtwJvR%2B6u1CfmGlChQ3U13yTw0sqH%2FuqXHfYi0qZDJW8zJaHpja%2F%2FovdK4jZJzX4ybPAaEgb7mZOXVtxGd
INFO: [ app_begin ] --START--
INFO: Run ReadHtmlCache Behavior [ RunTime:0.001312s ]
INFO: [ app_begin ] --END-- [ RunTime:0.001403s ]
NOTIC: [8] Constant UC_CLIENT_VERSION already defined D:\wwwroot\mainweb\sdk\api\UcApi\Lib\Action\IndexAction.class.php 第 4 行.
NOTIC: [8] Constant UC_CLIENT_RELEASE already defined D:\wwwroot\mainweb\sdk\api\UcApi\Lib\Action\IndexAction.class.php 第 5 行.
NOTIC: [2048] Only variables should be passed by reference D:\wwwroot\mainweb\sdk\api\UcApi\Lib\Action\IndexAction.class.php 第 63 行.
NOTIC: [8] Constant API_RETURN_FAILED already defined D:\wwwroot\mainweb\sdk\uc_client\model\note.php 第 16 行.
SQL: SHOW COLUMNS FROM `sdk_accounts` [ RunTime:0.002209s ]
SQL: SELECT * FROM `sdk_accounts` WHERE ( `account_id` = 2417 ) LIMIT 1   [ RunTime:0.000431s ]

[ 2013-09-17T23:25:09+08:00 ] 192.168.145.76 /api/uc.php?time=1379431509&code=4d26EobnZ62%2FNOhkm%2F8%2FQBQfDH02LGzTUCC9zWTs9V%2B66Dje%2BcUw%2FUnwz9Uajqv1z1qJr45pfvbvbGZ1YWgU%2B8XhWzASFCPSd7JtLWzPXeTLZNVLQDkK%2BSoixRNAl1FFY56LSJIBCan8gs2aZxkT6%2Fc0eEZ8GRWbTKTRhp4Tol1ckQ
INFO: [ app_begin ] --START--
INFO: Run ReadHtmlCache Behavior [ RunTime:0.001235s ]
INFO: [ app_begin ] --END-- [ RunTime:0.001326s ]
NOTIC: [8] Constant UC_CLIENT_VERSION already defined D:\wwwroot\mainweb\sdk\api\UcApi\Lib\Action\IndexAction.class.php 第 4 行.
NOTIC: [8] Constant UC_CLIENT_RELEASE already defined D:\wwwroot\mainweb\sdk\api\UcApi\Lib\Action\IndexAction.class.php 第 5 行.
NOTIC: [2048] Only variables should be passed by reference D:\wwwroot\mainweb\sdk\api\UcApi\Lib\Action\IndexAction.class.php 第 63 行.
NOTIC: [8] Constant API_RETURN_FAILED already defined D:\wwwroot\mainweb\sdk\uc_client\model\note.php 第 16 行.
SQL: SHOW COLUMNS FROM `sdk_accounts` [ RunTime:0.002108s ]
SQL: SELECT * FROM `sdk_accounts` WHERE ( `account_id` = 2257 ) LIMIT 1   [ RunTime:0.000491s ]

