[ 2013-09-28T00:25:48+08:00 ] 192.168.166.172 /api/uc.php?time=1380299147&code=3fb1uIK5as4ud%2BHunR8vDRio3YPtaO4S5VJXfsISACW7bYGA%2BcvWrVtG51Rwh4Mjx9B1uxnjBAxuoMHYrIMLHDE6ewTWfMgotX5CsXW7ZVwkhIAjSpHvEbEEkIOOxFVpYMzoZfozoKwINy3B04ZJhMY%2F1UpSXcsABBaHjhm%2FB%2B%2Fimg
INFO: [ app_begin ] --START--
INFO: Run ReadHtmlCache Behavior [ RunTime:0.001518s ]
INFO: [ app_begin ] --END-- [ RunTime:0.001612s ]
NOTIC: [8] Constant UC_CLIENT_VERSION already defined D:\wwwroot\mainweb\sdk\api\UcApi\Lib\Action\IndexAction.class.php 第 4 行.
NOTIC: [8] Constant UC_CLIENT_RELEASE already defined D:\wwwroot\mainweb\sdk\api\UcApi\Lib\Action\IndexAction.class.php 第 5 行.
NOTIC: [2048] Only variables should be passed by reference D:\wwwroot\mainweb\sdk\api\UcApi\Lib\Action\IndexAction.class.php 第 63 行.
NOTIC: [8] Constant API_RETURN_FAILED already defined D:\wwwroot\mainweb\sdk\uc_client\model\note.php 第 16 行.
SQL: SHOW COLUMNS FROM `sdk_accounts` [ RunTime:0.002220s ]
SQL: SELECT * FROM `sdk_accounts` WHERE ( `account_id` = 2409 ) LIMIT 1   [ RunTime:0.000333s ]

[ 2013-09-28T00:41:01+08:00 ] 192.168.205.30 /api/uc.php?time=1380300061&code=7ccalCn55elbboNYy2kRu17eg93MbXF9VDcwgAnpuM0yw0fxKU3vG60CeXOjj4Hi4LovRAw3so%2FfWnn1qgJZTPZ4dTCcUnb0RbeH2xitw8qTMEuGvEoE8%2FulyB%2Bx6FGZzHfJeX15UMv96x4dAnZCrLB8L69PmQynIS8likC1NLaOWg
INFO: [ app_begin ] --START--
INFO: Run ReadHtmlCache Behavior [ RunTime:0.001766s ]
INFO: [ app_begin ] --END-- [ RunTime:0.001856s ]
NOTIC: [8] Constant UC_CLIENT_VERSION already defined D:\wwwroot\mainweb\sdk\api\UcApi\Lib\Action\IndexAction.class.php 第 4 行.
NOTIC: [8] Constant UC_CLIENT_RELEASE already defined D:\wwwroot\mainweb\sdk\api\UcApi\Lib\Action\IndexAction.class.php 第 5 行.
NOTIC: [2048] Only variables should be passed by reference D:\wwwroot\mainweb\sdk\api\UcApi\Lib\Action\IndexAction.class.php 第 63 行.
NOTIC: [8] Constant API_RETURN_FAILED already defined D:\wwwroot\mainweb\sdk\uc_client\model\note.php 第 16 行.
SQL: SHOW COLUMNS FROM `sdk_accounts` [ RunTime:0.001907s ]
SQL: SELECT * FROM `sdk_accounts` WHERE ( `account_id` = 647 ) LIMIT 1   [ RunTime:0.000354s ]

[ 2013-09-28T08:59:23+08:00 ] 192.168.206.146 /api/uc.php?time=1380329962&code=fc6dikR8AXYMZXcTJq3p8IbkD6gN6296Mr3BINWnfrIPA6hgikNv5NcEy%2Bjn5etPv4WVvMSHTF72mRkGj42lB%2FrZ0XIwpUQRXGDm6xacoeuCxW97%2FFzYW1skH%2BvtUOikVOPlXG%2FFsqypVIHROvNGhafqfZl3GBf86pzIog
INFO: [ app_begin ] --START--
INFO: Run ReadHtmlCache Behavior [ RunTime:0.001262s ]
INFO: [ app_begin ] --END-- [ RunTime:0.001353s ]
NOTIC: [8] Constant UC_CLIENT_VERSION already defined D:\wwwroot\mainweb\sdk\api\UcApi\Lib\Action\IndexAction.class.php 第 4 行.
NOTIC: [8] Constant UC_CLIENT_RELEASE already defined D:\wwwroot\mainweb\sdk\api\UcApi\Lib\Action\IndexAction.class.php 第 5 行.
NOTIC: [2048] Only variables should be passed by reference D:\wwwroot\mainweb\sdk\api\UcApi\Lib\Action\IndexAction.class.php 第 63 行.
NOTIC: [8] Constant API_RETURN_FAILED already defined D:\wwwroot\mainweb\sdk\uc_client\model\note.php 第 16 行.
SQL: SHOW COLUMNS FROM `sdk_accounts` [ RunTime:0.002173s ]
SQL: SELECT * FROM `sdk_accounts` WHERE ( `account_id` = 909 ) LIMIT 1   [ RunTime:0.000553s ]

[ 2013-09-28T09:17:49+08:00 ] 192.168.201.89 /api/uc.php?time=1380331069&code=7c8ckPViRIy4Xqb0UNDec9FAN8A2l8Y0sTt1eefXqw4jK%2FBxWJKdcvCtEG31DOtZFzvBeIDWUtfB7NVb%2BaMSem8LnQzRE%2BQ%2FmatzT2rBLPd9qpvHXwMiAkTli%2Byi6zqYo8aUFCwaBbDMCwI1Ij%2BIDJLP6MWuEa6vWUFtoDWIhlQ
INFO: [ app_begin ] --START--
INFO: Run ReadHtmlCache Behavior [ RunTime:0.001181s ]
INFO: [ app_begin ] --END-- [ RunTime:0.001276s ]
NOTIC: [8] Constant UC_CLIENT_VERSION already defined D:\wwwroot\mainweb\sdk\api\UcApi\Lib\Action\IndexAction.class.php 第 4 行.
NOTIC: [8] Constant UC_CLIENT_RELEASE already defined D:\wwwroot\mainweb\sdk\api\UcApi\Lib\Action\IndexAction.class.php 第 5 行.
NOTIC: [2048] Only variables should be passed by reference D:\wwwroot\mainweb\sdk\api\UcApi\Lib\Action\IndexAction.class.php 第 63 行.
NOTIC: [8] Constant API_RETURN_FAILED already defined D:\wwwroot\mainweb\sdk\uc_client\model\note.php 第 16 行.
SQL: SHOW COLUMNS FROM `sdk_accounts` [ RunTime:0.002083s ]
SQL: SELECT * FROM `sdk_accounts` WHERE ( `account_id` = 2017 ) LIMIT 1   [ RunTime:0.000514s ]

[ 2013-09-28T09:52:36+08:00 ] 192.168.251.49 /api/uc.php?time=1380333156&code=d16ftIxoIa%2B93F4mktY9pZTORH0%2B1IGsu9WS4L2qscp8qspV3Odj8mpW5vov4ygX6dBJqLOdHul1atJd%2BWDiu7tEJFfgjqhli%2B9evvHXiS30CJgzXd6NRaluR9Zxs3%2Be1UBYG7RPdkfMOqM9ZPCdrnB2a67YHQ8G%2BUSj8Q
INFO: [ app_begin ] --START--
INFO: Run ReadHtmlCache Behavior [ RunTime:0.001307s ]
INFO: [ app_begin ] --END-- [ RunTime:0.001398s ]
NOTIC: [8] Constant UC_CLIENT_VERSION already defined D:\wwwroot\mainweb\sdk\api\UcApi\Lib\Action\IndexAction.class.php 第 4 行.
NOTIC: [8] Constant UC_CLIENT_RELEASE already defined D:\wwwroot\mainweb\sdk\api\UcApi\Lib\Action\IndexAction.class.php 第 5 行.
NOTIC: [2048] Only variables should be passed by reference D:\wwwroot\mainweb\sdk\api\UcApi\Lib\Action\IndexAction.class.php 第 63 行.
NOTIC: [8] Constant API_RETURN_FAILED already defined D:\wwwroot\mainweb\sdk\uc_client\model\note.php 第 16 行.
SQL: SHOW COLUMNS FROM `sdk_accounts` [ RunTime:0.002299s ]
SQL: SELECT * FROM `sdk_accounts` WHERE ( `account_id` = 2441 ) LIMIT 1   [ RunTime:0.000372s ]
SQL: INSERT INTO `sdk_accounts` (`account_id`,`user_name`,`email`,`password`,`reg_time`) VALUES (2441,'Ant','yi769394@qq.com','1df7439bdf5d71dac04b8095e8c05297b20f7671',1380333156) [ RunTime:0.001394s ]

[ 2013-09-28T09:53:24+08:00 ] 192.168.200.220 /api/uc.php?time=1380333203&code=2a92Jw1DVz829Y%2FYr9d%2Bn9cdjnooYCRXOsdLV6E%2FkQH7hpGWPqpr0nWWeA7rRpB8%2FEKmVsnReLO3UtQIREcC1setKIgOH9GJRLY92yAgY%2FShz0POx3HVSyCoLn0GeKxZ0nTcb90z1D3%2Buf06uAdefQt7z6DgtZOk4cICKa1MzzXgEis6HUYuuw
INFO: [ app_begin ] --START--
INFO: Run ReadHtmlCache Behavior [ RunTime:0.001238s ]
INFO: [ app_begin ] --END-- [ RunTime:0.001330s ]
NOTIC: [8] Constant UC_CLIENT_VERSION already defined D:\wwwroot\mainweb\sdk\api\UcApi\Lib\Action\IndexAction.class.php 第 4 行.
NOTIC: [8] Constant UC_CLIENT_RELEASE already defined D:\wwwroot\mainweb\sdk\api\UcApi\Lib\Action\IndexAction.class.php 第 5 行.
NOTIC: [2048] Only variables should be passed by reference D:\wwwroot\mainweb\sdk\api\UcApi\Lib\Action\IndexAction.class.php 第 63 行.
NOTIC: [8] Constant API_RETURN_FAILED already defined D:\wwwroot\mainweb\sdk\uc_client\model\note.php 第 16 行.
SQL: SHOW COLUMNS FROM `sdk_accounts` [ RunTime:0.002123s ]
SQL: SELECT * FROM `sdk_accounts` WHERE ( `account_id` = 1686 ) LIMIT 1   [ RunTime:0.000523s ]

[ 2013-09-28T09:58:07+08:00 ] 202.116.192.50 /api/uc.php?code=f5d9onRwZZegQX7dDl%2BcdUjGRy45%2BvWh%2FX4VQVTGmksd5moSjTcqMzJ5tA3YqWz6ebr2NWiMcShdIewOCbuaZSqauOoeHOCP9LTI6OFbWmeNDOHoD8Yl%2Bg&__times__=1
INFO: [ app_begin ] --START--
INFO: Run ReadHtmlCache Behavior [ RunTime:0.001078s ]
INFO: [ app_begin ] --END-- [ RunTime:0.001167s ]
NOTIC: [8] Constant UC_CLIENT_VERSION already defined D:\wwwroot\mainweb\sdk\api\UcApi\Lib\Action\IndexAction.class.php 第 4 行.
NOTIC: [8] Constant UC_CLIENT_RELEASE already defined D:\wwwroot\mainweb\sdk\api\UcApi\Lib\Action\IndexAction.class.php 第 5 行.
NOTIC: [2048] Only variables should be passed by reference D:\wwwroot\mainweb\sdk\api\UcApi\Lib\Action\IndexAction.class.php 第 63 行.

[ 2013-09-28T09:58:07+08:00 ] 192.168.222.82 /api/uc.php?time=1380333487&code=ab04pTo6na%2FamdD1YgUDNZw5cL3fhtfbnltUDSkqYsAKKw0U56SIVnkiUYjQKRkdD%2B9k5RHuDd0uhmNSOKsEe%2FGynxbA2TvPcKXw6Fl81YkWkTdOQzwcRDYIY2Zg%2BmQ6SGONb%2FBOuhNXts%2BDBEysG8rktFoIMeA6djjw4FSsl0iI
INFO: [ app_begin ] --START--
INFO: Run ReadHtmlCache Behavior [ RunTime:0.001204s ]
INFO: [ app_begin ] --END-- [ RunTime:0.001304s ]
NOTIC: [8] Constant UC_CLIENT_VERSION already defined D:\wwwroot\mainweb\sdk\api\UcApi\Lib\Action\IndexAction.class.php 第 4 行.
NOTIC: [8] Constant UC_CLIENT_RELEASE already defined D:\wwwroot\mainweb\sdk\api\UcApi\Lib\Action\IndexAction.class.php 第 5 行.
NOTIC: [2048] Only variables should be passed by reference D:\wwwroot\mainweb\sdk\api\UcApi\Lib\Action\IndexAction.class.php 第 63 行.
NOTIC: [8] Constant API_RETURN_FAILED already defined D:\wwwroot\mainweb\sdk\uc_client\model\note.php 第 16 行.
SQL: SHOW COLUMNS FROM `sdk_accounts` [ RunTime:0.002248s ]
SQL: SELECT * FROM `sdk_accounts` WHERE ( `account_id` = 900 ) LIMIT 1   [ RunTime:0.000508s ]
NOTIC: [8] Undefined index:  apph D:\wwwroot\mainweb\sdk\uc_client\model\note.php 第 169 行.
NOTIC: [8] Undefined offset:  2 D:\wwwroot\mainweb\sdk\uc_client\model\note.php 第 141 行.

[ 2013-09-28T10:40:42+08:00 ] 192.168.133.68 /api/uc.php?time=1380336041&code=4acbc81%2FUC77IRoO84J12IlScWRuawYD%2FAsQC7WsngbQwo0thrGmDhbdcCYXYyo6IFGJtbULZfHAm5KqosvZR%2Fhpp%2BIVGUMnjOgOUUHlbWczPr1MqVOOEdllEiwfKIn4bvpkjmZELjYnUZkH2TdYPa%2BotxSsVj3gyjjH1lG9GnYO5e7M
INFO: [ app_begin ] --START--
INFO: Run ReadHtmlCache Behavior [ RunTime:0.001417s ]
INFO: [ app_begin ] --END-- [ RunTime:0.001508s ]
NOTIC: [8] Constant UC_CLIENT_VERSION already defined D:\wwwroot\mainweb\sdk\api\UcApi\Lib\Action\IndexAction.class.php 第 4 行.
NOTIC: [8] Constant UC_CLIENT_RELEASE already defined D:\wwwroot\mainweb\sdk\api\UcApi\Lib\Action\IndexAction.class.php 第 5 行.
NOTIC: [2048] Only variables should be passed by reference D:\wwwroot\mainweb\sdk\api\UcApi\Lib\Action\IndexAction.class.php 第 63 行.
NOTIC: [8] Constant API_RETURN_FAILED already defined D:\wwwroot\mainweb\sdk\uc_client\model\note.php 第 16 行.
SQL: SHOW COLUMNS FROM `sdk_accounts` [ RunTime:0.001879s ]
SQL: SELECT * FROM `sdk_accounts` WHERE ( `account_id` = 2040 ) LIMIT 1   [ RunTime:0.000470s ]

[ 2013-09-28T10:53:47+08:00 ] 192.168.204.65 /api/uc.php?time=1380336827&code=937a9hx4JxBTATm3VccWf3Va%2BtVhu7cW%2FYx93ppVbSFPkjDiO0K2thz%2BROG9P6xyyOf2eLQ2BR8%2BnSH4a8VlWigZG7t%2Bczx9%2F4CPJ1b7Fp61rJW7%2FRYwG4uE5HOvwYy9K260ZYT7HSVQCVAyl15rOrQUamwborrR
INFO: [ app_begin ] --START--
INFO: Run ReadHtmlCache Behavior [ RunTime:0.001290s ]
INFO: [ app_begin ] --END-- [ RunTime:0.001378s ]
NOTIC: [8] Constant UC_CLIENT_VERSION already defined D:\wwwroot\mainweb\sdk\api\UcApi\Lib\Action\IndexAction.class.php 第 4 行.
NOTIC: [8] Constant UC_CLIENT_RELEASE already defined D:\wwwroot\mainweb\sdk\api\UcApi\Lib\Action\IndexAction.class.php 第 5 行.
NOTIC: [2048] Only variables should be passed by reference D:\wwwroot\mainweb\sdk\api\UcApi\Lib\Action\IndexAction.class.php 第 63 行.
NOTIC: [8] Constant API_RETURN_FAILED already defined D:\wwwroot\mainweb\sdk\uc_client\model\note.php 第 16 行.
SQL: SHOW COLUMNS FROM `sdk_accounts` [ RunTime:0.001864s ]
SQL: SELECT * FROM `sdk_accounts` WHERE ( `account_id` = 2 ) LIMIT 1   [ RunTime:0.000469s ]

[ 2013-09-28T12:20:03+08:00 ] 192.168.138.140 /api/uc.php?time=1380342003&code=5a99U95sqVrVM3QN41hugWEqb%2BzGEkwTnesfUnnNeD5jJ4%2F92V%2BIksaUft7ZKb1VjtY02oIeiQf6FZMotxcsenmgEV7e0xg9rAH%2BvxcyQj1hyXK3iPdRKh2yxe4rT%2BWg2DpnlkwENFPgva5ff3T7ZQ%2FpMcOFoTcGIslaYfwI
INFO: [ app_begin ] --START--
INFO: Run ReadHtmlCache Behavior [ RunTime:0.001759s ]
INFO: [ app_begin ] --END-- [ RunTime:0.001850s ]
NOTIC: [8] Constant UC_CLIENT_VERSION already defined D:\wwwroot\mainweb\sdk\api\UcApi\Lib\Action\IndexAction.class.php 第 4 行.
NOTIC: [8] Constant UC_CLIENT_RELEASE already defined D:\wwwroot\mainweb\sdk\api\UcApi\Lib\Action\IndexAction.class.php 第 5 行.
NOTIC: [2048] Only variables should be passed by reference D:\wwwroot\mainweb\sdk\api\UcApi\Lib\Action\IndexAction.class.php 第 63 行.
NOTIC: [8] Constant API_RETURN_FAILED already defined D:\wwwroot\mainweb\sdk\uc_client\model\note.php 第 16 行.
SQL: SHOW COLUMNS FROM `sdk_accounts` [ RunTime:0.002495s ]
SQL: SELECT * FROM `sdk_accounts` WHERE ( `account_id` = 1942 ) LIMIT 1   [ RunTime:0.000641s ]

[ 2013-09-28T12:26:23+08:00 ] 192.168.138.140 /api/uc.php?time=1380342383&code=16edqfNfFTT6v75aHDxrMBxWAK1HTeVy7WeDUy2zny5kUMo%2Bw2PRatlt%2BZdPmhnq8XZxcK60bW%2FXJAc%2FLlLbDBSAPaUYEv4hPgXEqO9FmduuF5YBYxakTf%2FJO07dp9nEyrII6OSEWqdnl5Jgb1XwN8YXelbxdsS8%2Box9MZEW
INFO: [ app_begin ] --START--
INFO: Run ReadHtmlCache Behavior [ RunTime:0.001248s ]
INFO: [ app_begin ] --END-- [ RunTime:0.001341s ]
NOTIC: [8] Constant UC_CLIENT_VERSION already defined D:\wwwroot\mainweb\sdk\api\UcApi\Lib\Action\IndexAction.class.php 第 4 行.
NOTIC: [8] Constant UC_CLIENT_RELEASE already defined D:\wwwroot\mainweb\sdk\api\UcApi\Lib\Action\IndexAction.class.php 第 5 行.
NOTIC: [2048] Only variables should be passed by reference D:\wwwroot\mainweb\sdk\api\UcApi\Lib\Action\IndexAction.class.php 第 63 行.
NOTIC: [8] Constant API_RETURN_FAILED already defined D:\wwwroot\mainweb\sdk\uc_client\model\note.php 第 16 行.
SQL: SHOW COLUMNS FROM `sdk_accounts` [ RunTime:0.001974s ]
SQL: SELECT * FROM `sdk_accounts` WHERE ( `account_id` = 1942 ) LIMIT 1   [ RunTime:0.000460s ]

[ 2013-09-28T12:55:18+08:00 ] 192.168.205.29 /api/uc.php?time=1380344118&code=a5dau1yxlVyzqjTlBcQjI0Q9hG5hqOYYPk3hFNM2fFjSuCS5MOV8%2BOoRQj%2F1TfM0nRTknQWMu8b81IWBBcOkYMQvRCj6S%2FDY%2BXjEw%2F4HUocEF7m686VX9A8Sx0Ivf5bBnRm6Neir48uNocjsGeoL%2FepLHqKCV0ssx0k09XkL6FU
INFO: [ app_begin ] --START--
INFO: Run ReadHtmlCache Behavior [ RunTime:0.001392s ]
INFO: [ app_begin ] --END-- [ RunTime:0.001482s ]
NOTIC: [8] Constant UC_CLIENT_VERSION already defined D:\wwwroot\mainweb\sdk\api\UcApi\Lib\Action\IndexAction.class.php 第 4 行.
NOTIC: [8] Constant UC_CLIENT_RELEASE already defined D:\wwwroot\mainweb\sdk\api\UcApi\Lib\Action\IndexAction.class.php 第 5 行.
NOTIC: [2048] Only variables should be passed by reference D:\wwwroot\mainweb\sdk\api\UcApi\Lib\Action\IndexAction.class.php 第 63 行.
NOTIC: [8] Constant API_RETURN_FAILED already defined D:\wwwroot\mainweb\sdk\uc_client\model\note.php 第 16 行.
SQL: SHOW COLUMNS FROM `sdk_accounts` [ RunTime:0.002351s ]
SQL: SELECT * FROM `sdk_accounts` WHERE ( `account_id` = 2421 ) LIMIT 1   [ RunTime:0.000344s ]

[ 2013-09-28T13:43:14+08:00 ] 192.168.142.155 /api/uc.php?time=1380346993&code=7e159x2rZT7L1JeXlCTNJpI3TH7YeZCHCI%2F991z75Zhxo1kfOwv73cn99%2BN8%2BiDIMDDIBEGAM8XaML588qDy3m3qjdPf603XZkhro8hg13mu42EZC2ugsazv60xv%2BwCL5ZMN2U4OEJ2hB5DJ33SL%2Bxp%2Blp7QTqtOldPCPTb7uNCrhg
INFO: [ app_begin ] --START--
INFO: Run ReadHtmlCache Behavior [ RunTime:0.001432s ]
INFO: [ app_begin ] --END-- [ RunTime:0.001523s ]
NOTIC: [8] Constant UC_CLIENT_VERSION already defined D:\wwwroot\mainweb\sdk\api\UcApi\Lib\Action\IndexAction.class.php 第 4 行.
NOTIC: [8] Constant UC_CLIENT_RELEASE already defined D:\wwwroot\mainweb\sdk\api\UcApi\Lib\Action\IndexAction.class.php 第 5 行.
NOTIC: [2048] Only variables should be passed by reference D:\wwwroot\mainweb\sdk\api\UcApi\Lib\Action\IndexAction.class.php 第 63 行.
NOTIC: [8] Constant API_RETURN_FAILED already defined D:\wwwroot\mainweb\sdk\uc_client\model\note.php 第 16 行.
SQL: SHOW COLUMNS FROM `sdk_accounts` [ RunTime:0.002151s ]
SQL: SELECT * FROM `sdk_accounts` WHERE ( `account_id` = 2181 ) LIMIT 1   [ RunTime:0.000431s ]

[ 2013-09-28T13:46:50+08:00 ] 192.168.178.224 /api/uc.php?time=1380347210&code=ecdaS%2B1G4be%2BXfZP6vsTy%2B60MdmHVQZIzdcl%2BvlHzQT1cmmVx5iSX1oPsEXOcW4lkxNuXacfnNuItLfnUEtkmvkU8dOZiqLqlQyWGev%2Fd6rZOCfz8hTODKSwXpX5WBpSlaZHIPO4xfMQL%2Bn8poef4m7ktYOCXI2grkfrDmR5
INFO: [ app_begin ] --START--
INFO: Run ReadHtmlCache Behavior [ RunTime:0.001304s ]
INFO: [ app_begin ] --END-- [ RunTime:0.001395s ]
NOTIC: [8] Constant UC_CLIENT_VERSION already defined D:\wwwroot\mainweb\sdk\api\UcApi\Lib\Action\IndexAction.class.php 第 4 行.
NOTIC: [8] Constant UC_CLIENT_RELEASE already defined D:\wwwroot\mainweb\sdk\api\UcApi\Lib\Action\IndexAction.class.php 第 5 行.
NOTIC: [2048] Only variables should be passed by reference D:\wwwroot\mainweb\sdk\api\UcApi\Lib\Action\IndexAction.class.php 第 63 行.
NOTIC: [8] Constant API_RETURN_FAILED already defined D:\wwwroot\mainweb\sdk\uc_client\model\note.php 第 16 行.
SQL: SHOW COLUMNS FROM `sdk_accounts` [ RunTime:0.002024s ]
SQL: SELECT * FROM `sdk_accounts` WHERE ( `account_id` = 1110 ) LIMIT 1   [ RunTime:0.000299s ]

[ 2013-09-28T14:16:59+08:00 ] 192.168.188.3 /api/uc.php?time=1380349019&code=2527w28HRPfy7BL0h9PSItMEoHbzihZfw2Va90v8DPIjWrgY0m4%2Bt%2BU7XsGejyRMbjBpcxFeIdLpTFX9%2FQ2UGGn672CFBq0IfLtFOQcD3TuHGV0n5QSwvAeQEHXV0f4GJ5sRdX5GiIfNC0J50K2Tuv3VglUbzYJLXpbwtcOg
INFO: [ app_begin ] --START--
INFO: Run ReadHtmlCache Behavior [ RunTime:0.001316s ]
INFO: [ app_begin ] --END-- [ RunTime:0.001406s ]
NOTIC: [8] Constant UC_CLIENT_VERSION already defined D:\wwwroot\mainweb\sdk\api\UcApi\Lib\Action\IndexAction.class.php 第 4 行.
NOTIC: [8] Constant UC_CLIENT_RELEASE already defined D:\wwwroot\mainweb\sdk\api\UcApi\Lib\Action\IndexAction.class.php 第 5 行.
NOTIC: [2048] Only variables should be passed by reference D:\wwwroot\mainweb\sdk\api\UcApi\Lib\Action\IndexAction.class.php 第 63 行.
NOTIC: [8] Constant API_RETURN_FAILED already defined D:\wwwroot\mainweb\sdk\uc_client\model\note.php 第 16 行.
SQL: SHOW COLUMNS FROM `sdk_accounts` [ RunTime:0.002168s ]
SQL: SELECT * FROM `sdk_accounts` WHERE ( `account_id` = 745 ) LIMIT 1   [ RunTime:0.000407s ]
SQL: INSERT INTO `sdk_accounts` (`account_id`,`user_name`,`email`,`password`,`reg_time`) VALUES (745,'husuru','812672373@qq.com','21a404ae600c55aefdf4fa949b8d0f05fe9b5b3c',1380349019) [ RunTime:0.000732s ]

[ 2013-09-28T14:17:28+08:00 ] 192.168.188.3 /api/uc.php?time=1380349048&code=b4d173eMJ5Ewhg26s5JhAj6E60nRTi7Pydz4YJqvk5075%2Bhgwvamyfe5pAQckVjkbQTZEHr1hTLFKhO3XAGB2bLxNnvUVUwk%2BxLnOD18x26IdyDtUaGrmngc3XN528xci4Psa7g1UlYNQNgjbfFvcPVfrgLPCeBbwGQwGA
INFO: [ app_begin ] --START--
INFO: Run ReadHtmlCache Behavior [ RunTime:0.001138s ]
INFO: [ app_begin ] --END-- [ RunTime:0.001231s ]
NOTIC: [8] Constant UC_CLIENT_VERSION already defined D:\wwwroot\mainweb\sdk\api\UcApi\Lib\Action\IndexAction.class.php 第 4 行.
NOTIC: [8] Constant UC_CLIENT_RELEASE already defined D:\wwwroot\mainweb\sdk\api\UcApi\Lib\Action\IndexAction.class.php 第 5 行.
NOTIC: [2048] Only variables should be passed by reference D:\wwwroot\mainweb\sdk\api\UcApi\Lib\Action\IndexAction.class.php 第 63 行.
NOTIC: [8] Constant API_RETURN_FAILED already defined D:\wwwroot\mainweb\sdk\uc_client\model\note.php 第 16 行.
SQL: SHOW COLUMNS FROM `sdk_accounts` [ RunTime:0.002050s ]
SQL: SELECT * FROM `sdk_accounts` WHERE ( `account_id` = 745 ) LIMIT 1   [ RunTime:0.000421s ]

[ 2013-09-28T14:18:03+08:00 ] 192.168.188.3 /api/uc.php?time=1380349083&code=11c6kRfeVy7%2F%2BZ5sHU9pz76jxOc2ynirgGoC%2BP%2F3Sf57nQVuKLCjWil4X6iUUWqogG9uH6hoH2e6SEfTW9MDqI5Y2U7XPbUHZ2haMhyNXf6B3ggJJA1D2n8GIA9tOOJYmoZi0r9fmxBILK8dEVxuWemvJENHYaIgSrHfOw
INFO: [ app_begin ] --START--
INFO: Run ReadHtmlCache Behavior [ RunTime:0.001234s ]
INFO: [ app_begin ] --END-- [ RunTime:0.001323s ]
NOTIC: [8] Constant UC_CLIENT_VERSION already defined D:\wwwroot\mainweb\sdk\api\UcApi\Lib\Action\IndexAction.class.php 第 4 行.
NOTIC: [8] Constant UC_CLIENT_RELEASE already defined D:\wwwroot\mainweb\sdk\api\UcApi\Lib\Action\IndexAction.class.php 第 5 行.
NOTIC: [2048] Only variables should be passed by reference D:\wwwroot\mainweb\sdk\api\UcApi\Lib\Action\IndexAction.class.php 第 63 行.
NOTIC: [8] Constant API_RETURN_FAILED already defined D:\wwwroot\mainweb\sdk\uc_client\model\note.php 第 16 行.
SQL: SHOW COLUMNS FROM `sdk_accounts` [ RunTime:0.001947s ]
SQL: SELECT * FROM `sdk_accounts` WHERE ( `account_id` = 745 ) LIMIT 1   [ RunTime:0.000232s ]

[ 2013-09-28T14:23:44+08:00 ] 192.168.201.154 /api/uc.php?time=1380349424&code=587cniGEti6iIZEmD8i0UJma%2Brh58DoaxYMGL1v4z6jTREnGScMWuKpZHVwY%2FB8uBeTh5z9IUm8XbweRtQ
INFO: [ app_begin ] --START--
INFO: Run ReadHtmlCache Behavior [ RunTime:0.001478s ]
INFO: [ app_begin ] --END-- [ RunTime:0.001583s ]
NOTIC: [8] Constant UC_CLIENT_VERSION already defined D:\wwwroot\mainweb\sdk\api\UcApi\Lib\Action\IndexAction.class.php 第 4 行.
NOTIC: [8] Constant UC_CLIENT_RELEASE already defined D:\wwwroot\mainweb\sdk\api\UcApi\Lib\Action\IndexAction.class.php 第 5 行.
NOTIC: [2048] Only variables should be passed by reference D:\wwwroot\mainweb\sdk\api\UcApi\Lib\Action\IndexAction.class.php 第 63 行.

[ 2013-09-28T15:57:27+08:00 ] 192.168.201.154 /api/uc.php?time=1380355046&code=07cfYwcYGfMl6h2%2B%2Bj%2Ff1EAzpr36l2%2BkCNiYiSmj9%2BYBGgE%2F3IYdOPOAyLQWv7pXCEkrm3H1HNqSPDiMjcdfO7ZqbzHQb14koIIrvfaq14K9idjj%2F6P%2BUMXLVj5n3rHqgindvAnsw4%2B6PJ0HPXS8aj8a6tgqpO9VSCQo05I
INFO: [ app_begin ] --START--
INFO: Run ReadHtmlCache Behavior [ RunTime:0.001259s ]
INFO: [ app_begin ] --END-- [ RunTime:0.001349s ]
NOTIC: [8] Constant UC_CLIENT_VERSION already defined D:\wwwroot\mainweb\sdk\api\UcApi\Lib\Action\IndexAction.class.php 第 4 行.
NOTIC: [8] Constant UC_CLIENT_RELEASE already defined D:\wwwroot\mainweb\sdk\api\UcApi\Lib\Action\IndexAction.class.php 第 5 行.
NOTIC: [2048] Only variables should be passed by reference D:\wwwroot\mainweb\sdk\api\UcApi\Lib\Action\IndexAction.class.php 第 63 行.
NOTIC: [8] Constant API_RETURN_FAILED already defined D:\wwwroot\mainweb\sdk\uc_client\model\note.php 第 16 行.
SQL: SHOW COLUMNS FROM `sdk_accounts` [ RunTime:0.002350s ]
SQL: SELECT * FROM `sdk_accounts` WHERE ( `account_id` = 1750 ) LIMIT 1   [ RunTime:0.000607s ]

[ 2013-09-28T15:57:32+08:00 ] 192.168.201.154 /api/uc.php?time=1380355052&code=27a5tpjQ7aC1Q3px%2BJvGwVwroVMOf1u4oN88YsU6CUxERIJarOhTzGAva2%2Fy5JNMMRQ01dKxC4NShVEzkg
INFO: [ app_begin ] --START--
INFO: Run ReadHtmlCache Behavior [ RunTime:0.001147s ]
INFO: [ app_begin ] --END-- [ RunTime:0.001240s ]
NOTIC: [8] Constant UC_CLIENT_VERSION already defined D:\wwwroot\mainweb\sdk\api\UcApi\Lib\Action\IndexAction.class.php 第 4 行.
NOTIC: [8] Constant UC_CLIENT_RELEASE already defined D:\wwwroot\mainweb\sdk\api\UcApi\Lib\Action\IndexAction.class.php 第 5 行.
NOTIC: [2048] Only variables should be passed by reference D:\wwwroot\mainweb\sdk\api\UcApi\Lib\Action\IndexAction.class.php 第 63 行.

[ 2013-09-28T16:07:23+08:00 ] 192.168.204.81 /api/uc.php?time=1380355643&code=41a4v3%2FIUV9D7WRhYTVFNqxndZB5bkqoSeQEmkMcA%2BNjenDfC23nrZCOlihBakti1DEwBGyxOAFDBvC2fKC2nQYQbPo4PXySdBmwRJolYfRHvWGv0d%2FFKNszYSOMdyGHsHSLkj2roWU3h9G%2F4GLT1pHOp56SMku8ZJU%2F11AGjqRFzQ
INFO: [ app_begin ] --START--
INFO: Run ReadHtmlCache Behavior [ RunTime:0.001520s ]
INFO: [ app_begin ] --END-- [ RunTime:0.001613s ]
NOTIC: [8] Constant UC_CLIENT_VERSION already defined D:\wwwroot\mainweb\sdk\api\UcApi\Lib\Action\IndexAction.class.php 第 4 行.
NOTIC: [8] Constant UC_CLIENT_RELEASE already defined D:\wwwroot\mainweb\sdk\api\UcApi\Lib\Action\IndexAction.class.php 第 5 行.
NOTIC: [2048] Only variables should be passed by reference D:\wwwroot\mainweb\sdk\api\UcApi\Lib\Action\IndexAction.class.php 第 63 行.
NOTIC: [8] Constant API_RETURN_FAILED already defined D:\wwwroot\mainweb\sdk\uc_client\model\note.php 第 16 行.
SQL: SHOW COLUMNS FROM `sdk_accounts` [ RunTime:0.001998s ]
SQL: SELECT * FROM `sdk_accounts` WHERE ( `account_id` = 1813 ) LIMIT 1   [ RunTime:0.000494s ]

[ 2013-09-28T16:16:57+08:00 ] 192.168.200.218 /api/uc.php?time=1380356217&code=e78en9Z1qsKDfMlxgF2MBtV0un1mT502gvox8dNGTzS%2FRaPRVJd9U91Y3l%2FGdZpcsU%2FUsNhpm8YzZAKF7ascADlv8tZTDli9AuB9j6GMHwFxVSQBH4HpFlewd1Nc8ocK76grZndS0JrfV%2BpcOhaa8joFYTTyYXXhe3pCPUFIwVD%2FVg
INFO: [ app_begin ] --START--
INFO: Run ReadHtmlCache Behavior [ RunTime:0.001244s ]
INFO: [ app_begin ] --END-- [ RunTime:0.001335s ]
NOTIC: [8] Constant UC_CLIENT_VERSION already defined D:\wwwroot\mainweb\sdk\api\UcApi\Lib\Action\IndexAction.class.php 第 4 行.
NOTIC: [8] Constant UC_CLIENT_RELEASE already defined D:\wwwroot\mainweb\sdk\api\UcApi\Lib\Action\IndexAction.class.php 第 5 行.
NOTIC: [2048] Only variables should be passed by reference D:\wwwroot\mainweb\sdk\api\UcApi\Lib\Action\IndexAction.class.php 第 63 行.
NOTIC: [8] Constant API_RETURN_FAILED already defined D:\wwwroot\mainweb\sdk\uc_client\model\note.php 第 16 行.
SQL: SHOW COLUMNS FROM `sdk_accounts` [ RunTime:0.002212s ]
SQL: SELECT * FROM `sdk_accounts` WHERE ( `account_id` = 1657 ) LIMIT 1   [ RunTime:0.000553s ]

[ 2013-09-28T17:21:07+08:00 ] 192.168.141.26 /api/uc.php?time=1380360067&code=ccc81P%2BoqoLekw0Sb6%2FocEhAkYr3b3Y%2Bylg5s1EdIEMUg2n81EUBx4q8w4yPqAIUgLvlGjUSjFQRe5bG8fyQ3cGJ6IEAmjNMqxYFTi3oJ3tzkCJYnLRXCX1dlLDERmd3O0jbSb6gKvHTK05kxOWkNB9pn5qytPJ3%2F98M7P4
INFO: [ app_begin ] --START--
INFO: Run ReadHtmlCache Behavior [ RunTime:0.001325s ]
INFO: [ app_begin ] --END-- [ RunTime:0.001417s ]
NOTIC: [8] Constant UC_CLIENT_VERSION already defined D:\wwwroot\mainweb\sdk\api\UcApi\Lib\Action\IndexAction.class.php 第 4 行.
NOTIC: [8] Constant UC_CLIENT_RELEASE already defined D:\wwwroot\mainweb\sdk\api\UcApi\Lib\Action\IndexAction.class.php 第 5 行.
NOTIC: [2048] Only variables should be passed by reference D:\wwwroot\mainweb\sdk\api\UcApi\Lib\Action\IndexAction.class.php 第 63 行.
NOTIC: [8] Constant API_RETURN_FAILED already defined D:\wwwroot\mainweb\sdk\uc_client\model\note.php 第 16 行.
SQL: SHOW COLUMNS FROM `sdk_accounts` [ RunTime:0.002066s ]
SQL: SELECT * FROM `sdk_accounts` WHERE ( `account_id` = 783 ) LIMIT 1   [ RunTime:0.000446s ]

[ 2013-09-28T18:05:41+08:00 ] 192.168.200.206 /api/uc.php?time=1380362740&code=34f8iAp%2BLq9CtbDxlqAQooLQElvybeSjDLSPF4t4WIjbx0YWLwvg3I5rm9fG%2BZb%2BNyFP8EcB6PtmFltlpe7rLDHqHyQz4%2FWISpxqw6AZBFRigat5GYs%2FtrVQKJw2uJhjxhmOqDcXKL7lIPaa%2Frplq3bQRUdnMeAVZK3BfETWaWA
INFO: [ app_begin ] --START--
INFO: Run ReadHtmlCache Behavior [ RunTime:0.001247s ]
INFO: [ app_begin ] --END-- [ RunTime:0.001338s ]
NOTIC: [8] Constant UC_CLIENT_VERSION already defined D:\wwwroot\mainweb\sdk\api\UcApi\Lib\Action\IndexAction.class.php 第 4 行.
NOTIC: [8] Constant UC_CLIENT_RELEASE already defined D:\wwwroot\mainweb\sdk\api\UcApi\Lib\Action\IndexAction.class.php 第 5 行.
NOTIC: [2048] Only variables should be passed by reference D:\wwwroot\mainweb\sdk\api\UcApi\Lib\Action\IndexAction.class.php 第 63 行.
NOTIC: [8] Constant API_RETURN_FAILED already defined D:\wwwroot\mainweb\sdk\uc_client\model\note.php 第 16 行.
SQL: SHOW COLUMNS FROM `sdk_accounts` [ RunTime:0.002145s ]
SQL: SELECT * FROM `sdk_accounts` WHERE ( `account_id` = 348 ) LIMIT 1   [ RunTime:0.000440s ]

[ 2013-09-28T18:07:13+08:00 ] 192.168.200.206 /api/uc.php?time=1380362833&code=ee3d6rDW%2FoJvz34AJh5TsS78z8aau9NaBgIOjKyeczISkfWH6yXtbXSTUvBtP0IoRUKv8fJAy6JjQU6TaQ
INFO: [ app_begin ] --START--
INFO: Run ReadHtmlCache Behavior [ RunTime:0.001244s ]
INFO: [ app_begin ] --END-- [ RunTime:0.001338s ]
NOTIC: [8] Constant UC_CLIENT_VERSION already defined D:\wwwroot\mainweb\sdk\api\UcApi\Lib\Action\IndexAction.class.php 第 4 行.
NOTIC: [8] Constant UC_CLIENT_RELEASE already defined D:\wwwroot\mainweb\sdk\api\UcApi\Lib\Action\IndexAction.class.php 第 5 行.
NOTIC: [2048] Only variables should be passed by reference D:\wwwroot\mainweb\sdk\api\UcApi\Lib\Action\IndexAction.class.php 第 63 行.

[ 2013-09-28T19:40:23+08:00 ] 192.168.156.140 /api/uc.php?time=1380368421&code=d19flkrrlJMFMV0IyipHuxkRo9%2BgKLsrNjxmjR0wDutswrRxSjpR3090nOmfCpowDrbFPUpbpWa2pE21XHhEOcVjVVQiFDUq8Rm623RlclYbes9qo1BGFHxF7VofpAv3rKuMZhmi%2FYxtNAq%2FUxUeaVpFiyC1lnLuX0gP7NbrZ0MMdg
INFO: [ app_begin ] --START--
INFO: Run ReadHtmlCache Behavior [ RunTime:0.001340s ]
INFO: [ app_begin ] --END-- [ RunTime:0.001432s ]
NOTIC: [8] Constant UC_CLIENT_VERSION already defined D:\wwwroot\mainweb\sdk\api\UcApi\Lib\Action\IndexAction.class.php 第 4 行.
NOTIC: [8] Constant UC_CLIENT_RELEASE already defined D:\wwwroot\mainweb\sdk\api\UcApi\Lib\Action\IndexAction.class.php 第 5 行.
NOTIC: [2048] Only variables should be passed by reference D:\wwwroot\mainweb\sdk\api\UcApi\Lib\Action\IndexAction.class.php 第 63 行.
NOTIC: [8] Constant API_RETURN_FAILED already defined D:\wwwroot\mainweb\sdk\uc_client\model\note.php 第 16 行.
SQL: SHOW COLUMNS FROM `sdk_accounts` [ RunTime:0.002175s ]
SQL: SELECT * FROM `sdk_accounts` WHERE ( `account_id` = 2376 ) LIMIT 1   [ RunTime:0.000595s ]

[ 2013-09-28T19:40:51+08:00 ] 192.168.132.221 /api/uc.php?time=1380368450&code=b7ebgJ7RQ5CmGKMYuLxZB4M3k6rkRC9vH8hwgsK3lwa2lRMl6Km5ZQsfUoQWx3zo4VEEQRMitVIWfYC1eUFOabSgHlm61OA4GMjo0fFYlg8Oye1zniuJ%2FJR4XIVk%2BuG3vBhHzviPb0nXbodQhGrzaz5iOWcr%2F9bxAoUsiydqqb50CA
INFO: [ app_begin ] --START--
INFO: Run ReadHtmlCache Behavior [ RunTime:0.001209s ]
INFO: [ app_begin ] --END-- [ RunTime:0.001299s ]
NOTIC: [8] Constant UC_CLIENT_VERSION already defined D:\wwwroot\mainweb\sdk\api\UcApi\Lib\Action\IndexAction.class.php 第 4 行.
NOTIC: [8] Constant UC_CLIENT_RELEASE already defined D:\wwwroot\mainweb\sdk\api\UcApi\Lib\Action\IndexAction.class.php 第 5 行.
NOTIC: [2048] Only variables should be passed by reference D:\wwwroot\mainweb\sdk\api\UcApi\Lib\Action\IndexAction.class.php 第 63 行.
NOTIC: [8] Constant API_RETURN_FAILED already defined D:\wwwroot\mainweb\sdk\uc_client\model\note.php 第 16 行.
SQL: SHOW COLUMNS FROM `sdk_accounts` [ RunTime:0.001874s ]
SQL: SELECT * FROM `sdk_accounts` WHERE ( `account_id` = 1049 ) LIMIT 1   [ RunTime:0.000379s ]

[ 2013-09-28T19:56:33+08:00 ] 192.168.201.144 /api/uc.php?time=1380369393&code=ec65BXcFuG3feoL1rm6UTVX%2F5Ew4j3RCEZvyeEwEuHtpj%2F6lssgAUUmBDTefid5v0X1yax6tWDEu%2F4Z1dLCE09utQLXNQT3N3%2BvB4tjHWBPzh8Nr3rmJFuCsk9%2FuFdBu25OUndTUItY2s3NhNjXqdVDEFquPLfgkmLSXLg
INFO: [ app_begin ] --START--
INFO: Run ReadHtmlCache Behavior [ RunTime:0.001238s ]
INFO: [ app_begin ] --END-- [ RunTime:0.001328s ]
NOTIC: [8] Constant UC_CLIENT_VERSION already defined D:\wwwroot\mainweb\sdk\api\UcApi\Lib\Action\IndexAction.class.php 第 4 行.
NOTIC: [8] Constant UC_CLIENT_RELEASE already defined D:\wwwroot\mainweb\sdk\api\UcApi\Lib\Action\IndexAction.class.php 第 5 行.
NOTIC: [2048] Only variables should be passed by reference D:\wwwroot\mainweb\sdk\api\UcApi\Lib\Action\IndexAction.class.php 第 63 行.
NOTIC: [8] Constant API_RETURN_FAILED already defined D:\wwwroot\mainweb\sdk\uc_client\model\note.php 第 16 行.
SQL: SHOW COLUMNS FROM `sdk_accounts` [ RunTime:0.002287s ]
SQL: SELECT * FROM `sdk_accounts` WHERE ( `account_id` = 1640 ) LIMIT 1   [ RunTime:0.000604s ]

[ 2013-09-28T20:10:52+08:00 ] 180.153.114.200 /api/uc.php?time=1380368450&code=b7ebgJ7RQ5CmGKMYuLxZB4M3k6rkRC9vH8hwgsK3lwa2lRMl6Km5ZQsfUoQWx3zo4VEEQRMitVIWfYC1eUFOabSgHlm61OA4GMjo0fFYlg8Oye1zniuJ/JR4XIVk+uG3vBhHzviPb0nXbodQhGrzaz5iOWcr/9bxAoUsiydqqb50CA
INFO: [ app_begin ] --START--
INFO: Run ReadHtmlCache Behavior [ RunTime:0.001248s ]
INFO: [ app_begin ] --END-- [ RunTime:0.001337s ]
NOTIC: [8] Constant UC_CLIENT_VERSION already defined D:\wwwroot\mainweb\sdk\api\UcApi\Lib\Action\IndexAction.class.php 第 4 行.
NOTIC: [8] Constant UC_CLIENT_RELEASE already defined D:\wwwroot\mainweb\sdk\api\UcApi\Lib\Action\IndexAction.class.php 第 5 行.
NOTIC: [8] Undefined index:  time D:\wwwroot\mainweb\sdk\api\UcApi\Lib\Action\IndexAction.class.php 第 54 行.

[ 2013-09-28T21:59:21+08:00 ] 192.168.160.149 /api/uc.php?time=1380376761&code=9878XHEwZ48iwEnReRxYB6XVmnZHPukSxHlS%2BDiP2l%2Fwn1wuyzn71xWNcx1QqS%2BVBKvmixlf%2BSXOB7NVSihamIAR4U0t%2Bf2Px%2FRBVApPOUTgCmPcEgQ0Q5PU2PAYHInVi4JWXTiXqFHFl2kQhKFXcxsWkMH%2F6KXtRLL8Qnd2hMEuMcR9
INFO: [ app_begin ] --START--
INFO: Run ReadHtmlCache Behavior [ RunTime:0.001316s ]
INFO: [ app_begin ] --END-- [ RunTime:0.001407s ]
NOTIC: [8] Constant UC_CLIENT_VERSION already defined D:\wwwroot\mainweb\sdk\api\UcApi\Lib\Action\IndexAction.class.php 第 4 行.
NOTIC: [8] Constant UC_CLIENT_RELEASE already defined D:\wwwroot\mainweb\sdk\api\UcApi\Lib\Action\IndexAction.class.php 第 5 行.
NOTIC: [2048] Only variables should be passed by reference D:\wwwroot\mainweb\sdk\api\UcApi\Lib\Action\IndexAction.class.php 第 63 行.
NOTIC: [8] Constant API_RETURN_FAILED already defined D:\wwwroot\mainweb\sdk\uc_client\model\note.php 第 16 行.
SQL: SHOW COLUMNS FROM `sdk_accounts` [ RunTime:0.002260s ]
SQL: SELECT * FROM `sdk_accounts` WHERE ( `account_id` = 2251 ) LIMIT 1   [ RunTime:0.000448s ]

[ 2013-09-28T21:59:49+08:00 ] 192.168.160.149 /api/uc.php?time=1380376788&code=03177shW4%2BuMWZ54uEmEPyn4vs8pNZFThT3Jik0IM5397RrvEDIGnUrPZUIE%2B0spHpNYA6n%2B66%2BwoYNtwjizU2mg%2FMrRMcDiXLoiLFH9D5OyEm2zKtWvlLkeW9obOlCemJCEL0LZBh%2Fc1TR05LoikBMDXmxbyEPrerMOb5lIK1sYN9X1
INFO: [ app_begin ] --START--
INFO: Run ReadHtmlCache Behavior [ RunTime:0.001212s ]
INFO: [ app_begin ] --END-- [ RunTime:0.001303s ]
NOTIC: [8] Constant UC_CLIENT_VERSION already defined D:\wwwroot\mainweb\sdk\api\UcApi\Lib\Action\IndexAction.class.php 第 4 行.
NOTIC: [8] Constant UC_CLIENT_RELEASE already defined D:\wwwroot\mainweb\sdk\api\UcApi\Lib\Action\IndexAction.class.php 第 5 行.
NOTIC: [2048] Only variables should be passed by reference D:\wwwroot\mainweb\sdk\api\UcApi\Lib\Action\IndexAction.class.php 第 63 行.
NOTIC: [8] Constant API_RETURN_FAILED already defined D:\wwwroot\mainweb\sdk\uc_client\model\note.php 第 16 行.
SQL: SHOW COLUMNS FROM `sdk_accounts` [ RunTime:0.002212s ]
SQL: SELECT * FROM `sdk_accounts` WHERE ( `account_id` = 2251 ) LIMIT 1   [ RunTime:0.000484s ]

[ 2013-09-28T22:00:07+08:00 ] 192.168.160.149 /api/uc.php?time=1380376807&code=86d37yQbCoL4f27bUK%2B8z1iZOfkrdvVaN8Tq3WnID4qxBPij4rwgbqO83oSKf1VyDCQ5m7gX9IFVIfzB9Q
INFO: [ app_begin ] --START--
INFO: Run ReadHtmlCache Behavior [ RunTime:0.001127s ]
INFO: [ app_begin ] --END-- [ RunTime:0.001220s ]
NOTIC: [8] Constant UC_CLIENT_VERSION already defined D:\wwwroot\mainweb\sdk\api\UcApi\Lib\Action\IndexAction.class.php 第 4 行.
NOTIC: [8] Constant UC_CLIENT_RELEASE already defined D:\wwwroot\mainweb\sdk\api\UcApi\Lib\Action\IndexAction.class.php 第 5 行.
NOTIC: [2048] Only variables should be passed by reference D:\wwwroot\mainweb\sdk\api\UcApi\Lib\Action\IndexAction.class.php 第 63 行.

[ 2013-09-28T22:00:07+08:00 ] 192.168.160.149 /api/uc.php?time=1380376807&code=86d37yQbCoL4f27bUK%2B8z1iZOfkrdvVaN8Tq3WnID4qxBPij4rwgbqO83oSKf1VyDCQ5m7gX9IFVIfzB9Q
INFO: [ app_begin ] --START--
INFO: Run ReadHtmlCache Behavior [ RunTime:0.001076s ]
INFO: [ app_begin ] --END-- [ RunTime:0.001165s ]
NOTIC: [8] Constant UC_CLIENT_VERSION already defined D:\wwwroot\mainweb\sdk\api\UcApi\Lib\Action\IndexAction.class.php 第 4 行.
NOTIC: [8] Constant UC_CLIENT_RELEASE already defined D:\wwwroot\mainweb\sdk\api\UcApi\Lib\Action\IndexAction.class.php 第 5 行.
NOTIC: [2048] Only variables should be passed by reference D:\wwwroot\mainweb\sdk\api\UcApi\Lib\Action\IndexAction.class.php 第 63 行.

[ 2013-09-28T23:12:41+08:00 ] 192.168.206.202 /api/uc.php?time=1380381161&code=e532zQeUqgVyyd6eu2NxjcGW8rDfI4ZADeuiKLADe%2B%2FQimgZdg1MGz2fTtuZMNsNniANSUb70I%2FXCMquzGANKDKvO5idhelalmeq1oTePMel3%2BMScgwFpQ2WHTQfMESnsmTlnCOUWVYZDfL0FbcQjjU5WmY%2FuCUcPy2RiSDFkttJaAszovbl
INFO: [ app_begin ] --START--
INFO: Run ReadHtmlCache Behavior [ RunTime:0.001265s ]
INFO: [ app_begin ] --END-- [ RunTime:0.001355s ]
NOTIC: [8] Constant UC_CLIENT_VERSION already defined D:\wwwroot\mainweb\sdk\api\UcApi\Lib\Action\IndexAction.class.php 第 4 行.
NOTIC: [8] Constant UC_CLIENT_RELEASE already defined D:\wwwroot\mainweb\sdk\api\UcApi\Lib\Action\IndexAction.class.php 第 5 行.
NOTIC: [2048] Only variables should be passed by reference D:\wwwroot\mainweb\sdk\api\UcApi\Lib\Action\IndexAction.class.php 第 63 行.
NOTIC: [8] Constant API_RETURN_FAILED already defined D:\wwwroot\mainweb\sdk\uc_client\model\note.php 第 16 行.
SQL: SHOW COLUMNS FROM `sdk_accounts` [ RunTime:0.001921s ]
SQL: SELECT * FROM `sdk_accounts` WHERE ( `account_id` = 2115 ) LIMIT 1   [ RunTime:0.000358s ]

