[ 2013-08-25T00:43:04+08:00 ] 192.168.180.193 /api/uc.php?time=1377362583&code=6df3ncNfmawY0UVnBtZrboyklBksMFSXgvcbFRBo0ruBDY1RJIO7sKgVuqzmuX%2FJG6CR1U0vLlvW12f5Y%2FeFBDs23znXpZ8PUTMGP4hyoLKOt8bMK963411cwzsdpzkR3wZCOUxj%2FHI%2B5J7lwccMuA3ii%2BNY4OA%2BiaPWc7QK
INFO: [ app_begin ] --START--
INFO: Run ReadHtmlCache Behavior [ RunTime:0.001278s ]
INFO: [ app_begin ] --END-- [ RunTime:0.001374s ]
NOTIC: [8] Constant UC_CLIENT_VERSION already defined D:\wwwroot\mainweb\sdk\api\UcApi\Lib\Action\IndexAction.class.php 第 4 行.
NOTIC: [8] Constant UC_CLIENT_RELEASE already defined D:\wwwroot\mainweb\sdk\api\UcApi\Lib\Action\IndexAction.class.php 第 5 行.
NOTIC: [2048] Only variables should be passed by reference D:\wwwroot\mainweb\sdk\api\UcApi\Lib\Action\IndexAction.class.php 第 63 行.
NOTIC: [8] Constant API_RETURN_FAILED already defined D:\wwwroot\mainweb\sdk\uc_client\model\note.php 第 16 行.
SQL: SHOW COLUMNS FROM `sdk_accounts` [ RunTime:0.002393s ]
SQL: SELECT * FROM `sdk_accounts` WHERE ( `account_id` = 1718 ) LIMIT 1   [ RunTime:0.000492s ]

[ 2013-08-25T00:54:10+08:00 ] 113.66.204.125 /api/uc.php?time=1377363249&code=a1603APaAmFGChq2HTNnlzOplfryMPRAKeXfa8JqD0T0E3Y2IIToWs9Ek1wj%2FWg%2BP7LA%2BLVid760Ejp93IlNyw9cNLMhzmFY03HqSkC%2BLBTQEp6PLGebLq1oORH2%2Fzl4zSeMD0Vg4qn26Fjx%2FJdACWoM8QJt6SYa26GEjFNx
INFO: [ app_begin ] --START--
INFO: Run ReadHtmlCache Behavior [ RunTime:0.001250s ]
INFO: [ app_begin ] --END-- [ RunTime:0.001344s ]
NOTIC: [8] Constant UC_CLIENT_VERSION already defined D:\wwwroot\mainweb\sdk\api\UcApi\Lib\Action\IndexAction.class.php 第 4 行.
NOTIC: [8] Constant UC_CLIENT_RELEASE already defined D:\wwwroot\mainweb\sdk\api\UcApi\Lib\Action\IndexAction.class.php 第 5 行.
NOTIC: [2048] Only variables should be passed by reference D:\wwwroot\mainweb\sdk\api\UcApi\Lib\Action\IndexAction.class.php 第 63 行.
NOTIC: [8] Constant API_RETURN_FAILED already defined D:\wwwroot\mainweb\sdk\uc_client\model\note.php 第 16 行.
SQL: SHOW COLUMNS FROM `sdk_accounts` [ RunTime:0.002186s ]
SQL: SELECT * FROM `sdk_accounts` WHERE ( `account_id` = 1181 ) LIMIT 1   [ RunTime:0.000286s ]

