[ 2013-09-18T07:53:38+08:00 ] 121.14.162.56 /api/uc.php?time=1379462017&code=ebfclBo0jqJoOsCWDL8j8QMXCPubBa1e3vW4I7GZy6mlDJcmWa7fENVksleeKJiR3LzGiHXuarX6JXBHjfP5cz%2F%2FjrV7hZDLf2%2FneJXWBequJwJOm%2BdZgFd1xO3C4CsZi%2FswueRy1%2F2ZuFRPEUf77NJQnUrlrHA5HhO2cFKh
INFO: [ app_begin ] --START--
INFO: Run ReadHtmlCache Behavior [ RunTime:0.001362s ]
INFO: [ app_begin ] --END-- [ RunTime:0.001454s ]
NOTIC: [8] Constant UC_CLIENT_VERSION already defined D:\wwwroot\mainweb\sdk\api\UcApi\Lib\Action\IndexAction.class.php 第 4 行.
NOTIC: [8] Constant UC_CLIENT_RELEASE already defined D:\wwwroot\mainweb\sdk\api\UcApi\Lib\Action\IndexAction.class.php 第 5 行.
NOTIC: [2048] Only variables should be passed by reference D:\wwwroot\mainweb\sdk\api\UcApi\Lib\Action\IndexAction.class.php 第 63 行.
NOTIC: [8] Constant API_RETURN_FAILED already defined D:\wwwroot\mainweb\sdk\uc_client\model\note.php 第 16 行.
SQL: SHOW COLUMNS FROM `sdk_accounts` [ RunTime:0.002183s ]
SQL: SELECT * FROM `sdk_accounts` WHERE ( `account_id` = 2417 ) LIMIT 1   [ RunTime:0.000245s ]

[ 2013-09-18T09:49:03+08:00 ] 192.168.159.15 /api/uc.php?time=1379468943&code=e24bfPwG7dpsZ4YgvSgBDRrPBBwwPMiN%2BhBtZFTyhtwPz3mSB9dRa1YHJEmcwtX2vRo6QTArQPzYLOzoHshlhflJi2Doi%2FJBIGBNlgF4sKKzTFPfkEJYz4G%2FlMRx%2B1cPSyLJnLDKHAEH6PXVzfch8JQlB5eg9NWga2f2cMHJHirNqA8
INFO: [ app_begin ] --START--
INFO: Run ReadHtmlCache Behavior [ RunTime:0.001026s ]
INFO: [ app_begin ] --END-- [ RunTime:0.001124s ]
NOTIC: [8] Constant UC_CLIENT_VERSION already defined D:\wwwroot\mainweb\sdk\api\UcApi\Lib\Action\IndexAction.class.php 第 4 行.
NOTIC: [8] Constant UC_CLIENT_RELEASE already defined D:\wwwroot\mainweb\sdk\api\UcApi\Lib\Action\IndexAction.class.php 第 5 行.
NOTIC: [2048] Only variables should be passed by reference D:\wwwroot\mainweb\sdk\api\UcApi\Lib\Action\IndexAction.class.php 第 63 行.
NOTIC: [8] Constant API_RETURN_FAILED already defined D:\wwwroot\mainweb\sdk\uc_client\model\note.php 第 16 行.
SQL: SHOW COLUMNS FROM `sdk_accounts` [ RunTime:0.002421s ]
SQL: SELECT * FROM `sdk_accounts` WHERE ( `account_id` = 1513 ) LIMIT 1   [ RunTime:0.000640s ]

[ 2013-09-18T09:51:39+08:00 ] 119.147.146.118 /api/uc.php?time=1379468943&code=e24bfpwg7dpsz4ygvsgbdrrpbbwwpmin%2bhbtzftyhtwpz3msb9dra1yhjemcwtx2vro6qtarqpzylozohshlhflji2doi%2fjbigbnlgf4skkztfpfkejyz4g%2flmrx%2b1cpsyljnldkhaeh6pxvzfch8jqlb5eg9nwga2f2cmhjhirnqa8
INFO: [ app_begin ] --START--
INFO: Run ReadHtmlCache Behavior [ RunTime:0.000714s ]
INFO: [ app_begin ] --END-- [ RunTime:0.000817s ]
NOTIC: [8] Constant UC_CLIENT_VERSION already defined D:\wwwroot\mainweb\sdk\api\UcApi\Lib\Action\IndexAction.class.php 第 4 行.
NOTIC: [8] Constant UC_CLIENT_RELEASE already defined D:\wwwroot\mainweb\sdk\api\UcApi\Lib\Action\IndexAction.class.php 第 5 行.
NOTIC: [8] Undefined index:  time D:\wwwroot\mainweb\sdk\api\UcApi\Lib\Action\IndexAction.class.php 第 54 行.

[ 2013-09-18T10:19:04+08:00 ] 101.226.33.206 /api/uc.php?time=1379468943&code=e24bfPwG7dpsZ4YgvSgBDRrPBBwwPMiN%2BhBtZFTyhtwPz3mSB9dRa1YHJEmcwtX2vRo6QTArQPzYLOzoHshlhflJi2Doi%2FJBIGBNlgF4sKKzTFPfkEJYz4G%2FlMRx%2B1cPSyLJnLDKHAEH6PXVzfch8JQlB5eg9NWga2f2cMHJHirNqA8
INFO: [ app_begin ] --START--
INFO: Run ReadHtmlCache Behavior [ RunTime:0.001085s ]
INFO: [ app_begin ] --END-- [ RunTime:0.001176s ]
NOTIC: [8] Constant UC_CLIENT_VERSION already defined D:\wwwroot\mainweb\sdk\api\UcApi\Lib\Action\IndexAction.class.php 第 4 行.
NOTIC: [8] Constant UC_CLIENT_RELEASE already defined D:\wwwroot\mainweb\sdk\api\UcApi\Lib\Action\IndexAction.class.php 第 5 行.
NOTIC: [2048] Only variables should be passed by reference D:\wwwroot\mainweb\sdk\api\UcApi\Lib\Action\IndexAction.class.php 第 63 行.
NOTIC: [8] Constant API_RETURN_FAILED already defined D:\wwwroot\mainweb\sdk\uc_client\model\note.php 第 16 行.
SQL: SHOW COLUMNS FROM `sdk_accounts` [ RunTime:0.002216s ]
SQL: SELECT * FROM `sdk_accounts` WHERE ( `account_id` = 1513 ) LIMIT 1   [ RunTime:0.000167s ]

[ 2013-09-18T10:30:09+08:00 ] 192.168.191.5 /api/uc.php?time=1379471409&code=5976RsQB7mJ4iV6BA93typLazxNZxjC%2FbY%2BqU%2BUJjj0%2Fr6iw0sQeoH6L9mRTHG81kNeoT%2FmnASIRaSsZbSLCQQnJOawB5JsUY%2B7I3x9ko2sWPixgDFeZRhuz%2FVMPr7Wvh8vCn86uq4%2F7O4%2Ftd7A%2BjemFXC4tNbWwMz9KGXd2vw
INFO: [ app_begin ] --START--
INFO: Run ReadHtmlCache Behavior [ RunTime:0.001017s ]
INFO: [ app_begin ] --END-- [ RunTime:0.001108s ]
NOTIC: [8] Constant UC_CLIENT_VERSION already defined D:\wwwroot\mainweb\sdk\api\UcApi\Lib\Action\IndexAction.class.php 第 4 行.
NOTIC: [8] Constant UC_CLIENT_RELEASE already defined D:\wwwroot\mainweb\sdk\api\UcApi\Lib\Action\IndexAction.class.php 第 5 行.
NOTIC: [2048] Only variables should be passed by reference D:\wwwroot\mainweb\sdk\api\UcApi\Lib\Action\IndexAction.class.php 第 63 行.
NOTIC: [8] Constant API_RETURN_FAILED already defined D:\wwwroot\mainweb\sdk\uc_client\model\note.php 第 16 行.
SQL: SHOW COLUMNS FROM `sdk_accounts` [ RunTime:0.002390s ]
SQL: SELECT * FROM `sdk_accounts` WHERE ( `account_id` = 1782 ) LIMIT 1   [ RunTime:0.000395s ]
SQL: INSERT INTO `sdk_accounts` (`account_id`,`user_name`,`email`,`password`,`reg_time`) VALUES (1782,'卡卡','kakiyan@163.com','76d6eb2916d38b21402e791fb1da708feb053a1d',1379471409) [ RunTime:0.001608s ]

[ 2013-09-18T12:44:33+08:00 ] 192.168.133.82 /api/uc.php?time=1379479473&code=8b41THTjpz33LtELU8vvONRlpzLe%2F1QXvpBJGWWu3QcBE%2FQTjsuYWFfdcKeHt%2Fva5l5%2BsVq8RkVJtSUZS59SJIbaHq7qu%2Bg1omTYwSuqk7m5fn%2F1kpxSLPoeE3sFZuokm70YDtuZROYli7OTc0P2UqDq3zK3BwMyjn8wdG5k
INFO: [ app_begin ] --START--
INFO: Run ReadHtmlCache Behavior [ RunTime:0.001731s ]
INFO: [ app_begin ] --END-- [ RunTime:0.001822s ]
NOTIC: [8] Constant UC_CLIENT_VERSION already defined D:\wwwroot\mainweb\sdk\api\UcApi\Lib\Action\IndexAction.class.php 第 4 行.
NOTIC: [8] Constant UC_CLIENT_RELEASE already defined D:\wwwroot\mainweb\sdk\api\UcApi\Lib\Action\IndexAction.class.php 第 5 行.
NOTIC: [2048] Only variables should be passed by reference D:\wwwroot\mainweb\sdk\api\UcApi\Lib\Action\IndexAction.class.php 第 63 行.
NOTIC: [8] Constant API_RETURN_FAILED already defined D:\wwwroot\mainweb\sdk\uc_client\model\note.php 第 16 行.
SQL: SHOW COLUMNS FROM `sdk_accounts` [ RunTime:0.002222s ]
SQL: SELECT * FROM `sdk_accounts` WHERE ( `account_id` = 1321 ) LIMIT 1   [ RunTime:0.000397s ]

[ 2013-09-18T16:28:02+08:00 ] 192.168.149.167 /api/uc.php?time=1379492882&code=43b3FGyUnUH%2BQ%2F8PV5gUqa7ci8JWn0HzCJM2hIK%2BsvK5ZWUcbh0WttKxMkQZZ9AxOSLNP6VCBF561k1CiIy8FHcBDSvY2%2BW8Cz7K1Y5GZhdQXN7ozRY4yQgmMo2vw5vGUz7PHmO78VqLI5ipQE9Cxsf0IEoj7%2FnXiVo9w%2B4MInc
INFO: [ app_begin ] --START--
INFO: Run ReadHtmlCache Behavior [ RunTime:0.001046s ]
INFO: [ app_begin ] --END-- [ RunTime:0.001138s ]
NOTIC: [8] Constant UC_CLIENT_VERSION already defined D:\wwwroot\mainweb\sdk\api\UcApi\Lib\Action\IndexAction.class.php 第 4 行.
NOTIC: [8] Constant UC_CLIENT_RELEASE already defined D:\wwwroot\mainweb\sdk\api\UcApi\Lib\Action\IndexAction.class.php 第 5 行.
NOTIC: [2048] Only variables should be passed by reference D:\wwwroot\mainweb\sdk\api\UcApi\Lib\Action\IndexAction.class.php 第 63 行.
NOTIC: [8] Constant API_RETURN_FAILED already defined D:\wwwroot\mainweb\sdk\uc_client\model\note.php 第 16 行.
SQL: SHOW COLUMNS FROM `sdk_accounts` [ RunTime:0.002247s ]
SQL: SELECT * FROM `sdk_accounts` WHERE ( `account_id` = 1891 ) LIMIT 1   [ RunTime:0.000590s ]

[ 2013-09-18T16:28:35+08:00 ] 192.168.194.6 /api/uc.php?time=1379492915&code=a602x%2FV%2BBK8KgfnnkvPAQi8fXlWi0l2yUmjZ83VsTvcgq8NCWMHD0uU60qLe6Df%2BwXJC51Xv8nnrLo2cOxFwO2v8ZxBAHGvo9OshVsXRuP8VioWjRwd8U%2FmXZpJ%2FGcYiAbs%2B%2BZQIPYPsKTGqkIwJSlMo5lxiBJ0XG%2B3T
INFO: [ app_begin ] --START--
INFO: Run ReadHtmlCache Behavior [ RunTime:0.000924s ]
INFO: [ app_begin ] --END-- [ RunTime:0.001015s ]
NOTIC: [8] Constant UC_CLIENT_VERSION already defined D:\wwwroot\mainweb\sdk\api\UcApi\Lib\Action\IndexAction.class.php 第 4 行.
NOTIC: [8] Constant UC_CLIENT_RELEASE already defined D:\wwwroot\mainweb\sdk\api\UcApi\Lib\Action\IndexAction.class.php 第 5 行.
NOTIC: [2048] Only variables should be passed by reference D:\wwwroot\mainweb\sdk\api\UcApi\Lib\Action\IndexAction.class.php 第 63 行.
NOTIC: [8] Constant API_RETURN_FAILED already defined D:\wwwroot\mainweb\sdk\uc_client\model\note.php 第 16 行.
SQL: SHOW COLUMNS FROM `sdk_accounts` [ RunTime:0.002216s ]
SQL: SELECT * FROM `sdk_accounts` WHERE ( `account_id` = 932 ) LIMIT 1   [ RunTime:0.000550s ]

[ 2013-09-18T17:23:58+08:00 ] 192.168.200.195 /api/uc.php?time=1379496235&code=0b6dFTPfKWAYvc565x%2FTR7kJURYBc%2F9N7ezfV7BzuYX%2FF%2BtpTH3fCGOUaHszZBvyjhEZkJu0GsM4s2Tn4VgOYmbWX6t%2FTX0GR4qvZcmELcUQfwrpIneZ1dsHyzmOs6hH0i77p5rZn1Z5qY1l%2F0Qt8YPK%2F%2BHntf9BkbFSLTHltMI
INFO: [ app_begin ] --START--
INFO: Run ReadHtmlCache Behavior [ RunTime:0.001156s ]
INFO: [ app_begin ] --END-- [ RunTime:0.001252s ]
NOTIC: [8] Constant UC_CLIENT_VERSION already defined D:\wwwroot\mainweb\sdk\api\UcApi\Lib\Action\IndexAction.class.php 第 4 行.
NOTIC: [8] Constant UC_CLIENT_RELEASE already defined D:\wwwroot\mainweb\sdk\api\UcApi\Lib\Action\IndexAction.class.php 第 5 行.
NOTIC: [2048] Only variables should be passed by reference D:\wwwroot\mainweb\sdk\api\UcApi\Lib\Action\IndexAction.class.php 第 63 行.
NOTIC: [8] Constant API_RETURN_FAILED already defined D:\wwwroot\mainweb\sdk\uc_client\model\note.php 第 16 行.
SQL: SHOW COLUMNS FROM `sdk_accounts` [ RunTime:0.002345s ]
SQL: SELECT * FROM `sdk_accounts` WHERE ( `account_id` = 1797 ) LIMIT 1   [ RunTime:0.000598s ]

[ 2013-09-18T18:16:11+08:00 ] 192.168.201.206 /api/uc.php?time=1379499371&code=625fuE7OY8T5j8gHKP51WKqULNNJS24AHzpo6bx9zQ2WC3KnQ9hr6f9%2FMywU6KfnboL5yXWgUHrHh0wJVsP0E91t0t7otzG%2BvynHcBkj0efTbStuqD7kSSkyJSOQj0z%2BINi2nj57SM9OGrr%2Fs7Lsq3yCJZog4nPf7yak
INFO: [ app_begin ] --START--
INFO: Run ReadHtmlCache Behavior [ RunTime:0.001167s ]
INFO: [ app_begin ] --END-- [ RunTime:0.001259s ]
NOTIC: [8] Constant UC_CLIENT_VERSION already defined D:\wwwroot\mainweb\sdk\api\UcApi\Lib\Action\IndexAction.class.php 第 4 行.
NOTIC: [8] Constant UC_CLIENT_RELEASE already defined D:\wwwroot\mainweb\sdk\api\UcApi\Lib\Action\IndexAction.class.php 第 5 行.
NOTIC: [2048] Only variables should be passed by reference D:\wwwroot\mainweb\sdk\api\UcApi\Lib\Action\IndexAction.class.php 第 63 行.
NOTIC: [8] Constant API_RETURN_FAILED already defined D:\wwwroot\mainweb\sdk\uc_client\model\note.php 第 16 行.
SQL: SHOW COLUMNS FROM `sdk_accounts` [ RunTime:0.002160s ]
SQL: SELECT * FROM `sdk_accounts` WHERE ( `account_id` = 748 ) LIMIT 1   [ RunTime:0.000421s ]

[ 2013-09-18T19:12:58+08:00 ] 192.168.200.95 /api/uc.php?time=1379502777&code=e4d8dLh3AVsV1z9QWzC2CD8na1Us2iEH406SDB2tVgZI0eZOgML4rKkW9qYtldW479ha8duSrTs8iHWU9IOCHvMZUWf6zQMHG%2Bi4q4PvxLaYSXfvSw7qQHlV8qPP%2BnpZ1U368ZtC3y2rzhvpPZFoMO%2FsZ67GEuWNTCDylQ1BpA
INFO: [ app_begin ] --START--
INFO: Run ReadHtmlCache Behavior [ RunTime:0.001076s ]
INFO: [ app_begin ] --END-- [ RunTime:0.001167s ]
NOTIC: [8] Constant UC_CLIENT_VERSION already defined D:\wwwroot\mainweb\sdk\api\UcApi\Lib\Action\IndexAction.class.php 第 4 行.
NOTIC: [8] Constant UC_CLIENT_RELEASE already defined D:\wwwroot\mainweb\sdk\api\UcApi\Lib\Action\IndexAction.class.php 第 5 行.
NOTIC: [2048] Only variables should be passed by reference D:\wwwroot\mainweb\sdk\api\UcApi\Lib\Action\IndexAction.class.php 第 63 行.
NOTIC: [8] Constant API_RETURN_FAILED already defined D:\wwwroot\mainweb\sdk\uc_client\model\note.php 第 16 行.
SQL: SHOW COLUMNS FROM `sdk_accounts` [ RunTime:0.002300s ]
SQL: SELECT * FROM `sdk_accounts` WHERE ( `account_id` = 1223 ) LIMIT 1   [ RunTime:0.000461s ]

[ 2013-09-18T20:00:12+08:00 ] 59.41.174.148 /api/uc.php?time=1379505611&code=56f3DyK2YjSUdVyjnpx0ziyyWZBb0yezkdZSqhPyE%2FoFNn5UUSaIU4nVz317fbbn540F6aQ57vgqk5ewzzRdx1ycWO40DPBotVXMwig%2B0bJp4k5SnnXofMIEdofspmwLvXzKDPVj8oyFBVOFK9%2FxBHQJDpsqiWv%2BnoKP72H1
INFO: [ app_begin ] --START--
INFO: Run ReadHtmlCache Behavior [ RunTime:0.000720s ]
INFO: [ app_begin ] --END-- [ RunTime:0.000829s ]
NOTIC: [8] Constant UC_CLIENT_VERSION already defined D:\wwwroot\mainweb\sdk\api\UcApi\Lib\Action\IndexAction.class.php 第 4 行.
NOTIC: [8] Constant UC_CLIENT_RELEASE already defined D:\wwwroot\mainweb\sdk\api\UcApi\Lib\Action\IndexAction.class.php 第 5 行.
NOTIC: [2048] Only variables should be passed by reference D:\wwwroot\mainweb\sdk\api\UcApi\Lib\Action\IndexAction.class.php 第 63 行.
NOTIC: [8] Constant API_RETURN_FAILED already defined D:\wwwroot\mainweb\sdk\uc_client\model\note.php 第 16 行.
SQL: SHOW COLUMNS FROM `sdk_accounts` [ RunTime:0.002196s ]
SQL: SELECT * FROM `sdk_accounts` WHERE ( `account_id` = 1006 ) LIMIT 1   [ RunTime:0.000561s ]

[ 2013-09-18T20:44:01+08:00 ] 192.168.201.224 /api/uc.php?time=1379508241&code=1ba8EkeKY8wTd6DeRw2%2FkqKsxAmh7c7kQ9dZ%2FmYcHS4GCJaRdF3opqfBOKH87Q%2FnHr%2FSQ0zJD9OCMxGQdve9vL0fmKnlT%2BzpnxiB3pxNa6AezKLqSQYYW2iIxIhtmGSDU0LUmzssQQTCxnYVcTBvVDUObr3toZvKADS4pDvw
INFO: [ app_begin ] --START--
INFO: Run ReadHtmlCache Behavior [ RunTime:0.001098s ]
INFO: [ app_begin ] --END-- [ RunTime:0.001189s ]
NOTIC: [8] Constant UC_CLIENT_VERSION already defined D:\wwwroot\mainweb\sdk\api\UcApi\Lib\Action\IndexAction.class.php 第 4 行.
NOTIC: [8] Constant UC_CLIENT_RELEASE already defined D:\wwwroot\mainweb\sdk\api\UcApi\Lib\Action\IndexAction.class.php 第 5 行.
NOTIC: [2048] Only variables should be passed by reference D:\wwwroot\mainweb\sdk\api\UcApi\Lib\Action\IndexAction.class.php 第 63 行.
NOTIC: [8] Constant API_RETURN_FAILED already defined D:\wwwroot\mainweb\sdk\uc_client\model\note.php 第 16 行.
SQL: SHOW COLUMNS FROM `sdk_accounts` [ RunTime:0.002447s ]
SQL: SELECT * FROM `sdk_accounts` WHERE ( `account_id` = 2427 ) LIMIT 1   [ RunTime:0.000672s ]
SQL: INSERT INTO `sdk_accounts` (`account_id`,`user_name`,`email`,`password`,`reg_time`) VALUES (2427,'elyas','327703926@qq.com','4c48e677612beed0357ab96933832b1ad9317ba8',1379508241) [ RunTime:0.001678s ]

[ 2013-09-18T20:44:49+08:00 ] 192.168.201.224 /api/uc.php?time=1379508289&code=bef7bHSPWeU5%2Ff0aJrb5WjRJIPF4JenFhuPAg6tsH7wzgGDhIIeSpdBBlCMpvCHO6YAIvNf0WOivGUZ%2BsQ
INFO: [ app_begin ] --START--
INFO: Run ReadHtmlCache Behavior [ RunTime:0.001593s ]
INFO: [ app_begin ] --END-- [ RunTime:0.001687s ]
NOTIC: [8] Constant UC_CLIENT_VERSION already defined D:\wwwroot\mainweb\sdk\api\UcApi\Lib\Action\IndexAction.class.php 第 4 行.
NOTIC: [8] Constant UC_CLIENT_RELEASE already defined D:\wwwroot\mainweb\sdk\api\UcApi\Lib\Action\IndexAction.class.php 第 5 行.
NOTIC: [2048] Only variables should be passed by reference D:\wwwroot\mainweb\sdk\api\UcApi\Lib\Action\IndexAction.class.php 第 63 行.

[ 2013-09-18T21:33:48+08:00 ] 192.168.185.111 /api/uc.php?time=1379511227&code=4d439kz9JkcSD6UPtyrOe%2BF0yqu8gMTrhWrp2YozNWIz6U3Q0rEmHCxXPvFOI0GtNvRuj4MDmiIlGcjhwrgwR44GOzwZN9bu1gPUD6dLxwW7380cbZbSE%2BT1hcWFDpZtjtmEig7kif1u4Cpqv8Cvb%2FcVvbowJxh1FZj76Z7AHBLnPw
INFO: [ app_begin ] --START--
INFO: Run ReadHtmlCache Behavior [ RunTime:0.001041s ]
INFO: [ app_begin ] --END-- [ RunTime:0.001134s ]
NOTIC: [8] Constant UC_CLIENT_VERSION already defined D:\wwwroot\mainweb\sdk\api\UcApi\Lib\Action\IndexAction.class.php 第 4 行.
NOTIC: [8] Constant UC_CLIENT_RELEASE already defined D:\wwwroot\mainweb\sdk\api\UcApi\Lib\Action\IndexAction.class.php 第 5 行.
NOTIC: [2048] Only variables should be passed by reference D:\wwwroot\mainweb\sdk\api\UcApi\Lib\Action\IndexAction.class.php 第 63 行.
NOTIC: [8] Constant API_RETURN_FAILED already defined D:\wwwroot\mainweb\sdk\uc_client\model\note.php 第 16 行.
SQL: SHOW COLUMNS FROM `sdk_accounts` [ RunTime:0.002038s ]
SQL: SELECT * FROM `sdk_accounts` WHERE ( `account_id` = 2428 ) LIMIT 1   [ RunTime:0.000530s ]
SQL: INSERT INTO `sdk_accounts` (`account_id`,`user_name`,`email`,`password`,`reg_time`) VALUES (2428,'小小敏','369411636@qq.com','d36facd5922004a7120de017bc077c9cb03c3a41',1379511228) [ RunTime:0.000994s ]

[ 2013-09-18T21:58:06+08:00 ] 192.168.145.219 /api/uc.php?time=1379512685&code=aef2DV7qWacghnpXae%2BBwI3htyA65kWZnr0AXnnv9zbSTQTqEb%2FQU44Y0T1cfb3%2BVFsLk56tNwbfMCQdavaMMNBDR4i%2BIzPaoxEtR37gLEMdUr2hqwHTpsFu6N6ibDKORYACthG7CF8g%2FJWbLq%2BhlW0wxBoYnkxmPOdSRelXb2M
INFO: [ app_begin ] --START--
INFO: Run ReadHtmlCache Behavior [ RunTime:0.001053s ]
INFO: [ app_begin ] --END-- [ RunTime:0.001142s ]
NOTIC: [8] Constant UC_CLIENT_VERSION already defined D:\wwwroot\mainweb\sdk\api\UcApi\Lib\Action\IndexAction.class.php 第 4 行.
NOTIC: [8] Constant UC_CLIENT_RELEASE already defined D:\wwwroot\mainweb\sdk\api\UcApi\Lib\Action\IndexAction.class.php 第 5 行.
NOTIC: [2048] Only variables should be passed by reference D:\wwwroot\mainweb\sdk\api\UcApi\Lib\Action\IndexAction.class.php 第 63 行.
NOTIC: [8] Constant API_RETURN_FAILED already defined D:\wwwroot\mainweb\sdk\uc_client\model\note.php 第 16 行.
SQL: SHOW COLUMNS FROM `sdk_accounts` [ RunTime:0.002398s ]
SQL: SELECT * FROM `sdk_accounts` WHERE ( `account_id` = 2296 ) LIMIT 1   [ RunTime:0.000706s ]

[ 2013-09-18T22:02:52+08:00 ] 192.168.201.34 /api/uc.php?time=1379512971&code=ff8ayENYvYIGshtoBDM1QplBfy1k%2Ft%2B%2FAd848qaPvH92pqQOZJqoBjwWaQEs25UV2jswd3Qd%2Fq%2FgdN0aWr4HH%2BoUHQqeWjnK%2B8DUgvz150C584dNvb%2Fg%2FvQe6nHRmkwHUTdqM4pghl55M8uxvCeBZS%2BRViOpXDF2Y6p7pYkMqCqubw
INFO: [ app_begin ] --START--
INFO: Run ReadHtmlCache Behavior [ RunTime:0.000705s ]
INFO: [ app_begin ] --END-- [ RunTime:0.000793s ]
NOTIC: [8] Constant UC_CLIENT_VERSION already defined D:\wwwroot\mainweb\sdk\api\UcApi\Lib\Action\IndexAction.class.php 第 4 行.
NOTIC: [8] Constant UC_CLIENT_RELEASE already defined D:\wwwroot\mainweb\sdk\api\UcApi\Lib\Action\IndexAction.class.php 第 5 行.
NOTIC: [2048] Only variables should be passed by reference D:\wwwroot\mainweb\sdk\api\UcApi\Lib\Action\IndexAction.class.php 第 63 行.
NOTIC: [8] Constant API_RETURN_FAILED already defined D:\wwwroot\mainweb\sdk\uc_client\model\note.php 第 16 行.
SQL: SHOW COLUMNS FROM `sdk_accounts` [ RunTime:0.002004s ]
SQL: SELECT * FROM `sdk_accounts` WHERE ( `account_id` = 1965 ) LIMIT 1   [ RunTime:0.000405s ]

[ 2013-09-18T22:24:50+08:00 ] 192.168.203.35 /api/uc.php?time=1379514290&code=2ab03sVQvX23IiiG9KE9xlJAk2dQcndSFdqsx0stTJHp2qO8ckppLlPOInc%2B2qep0Diendz7EMkvPeFxZhj93iNtsu371zeb%2B1gInA%2FywXu5ihS7QyiRRxNRgRqRB7QeYd8oMMJ%2BFRklT5pJjO17o3uL8j6fLcQAm%2ForXw
INFO: [ app_begin ] --START--
INFO: Run ReadHtmlCache Behavior [ RunTime:0.001086s ]
INFO: [ app_begin ] --END-- [ RunTime:0.001182s ]
NOTIC: [8] Constant UC_CLIENT_VERSION already defined D:\wwwroot\mainweb\sdk\api\UcApi\Lib\Action\IndexAction.class.php 第 4 行.
NOTIC: [8] Constant UC_CLIENT_RELEASE already defined D:\wwwroot\mainweb\sdk\api\UcApi\Lib\Action\IndexAction.class.php 第 5 行.
NOTIC: [2048] Only variables should be passed by reference D:\wwwroot\mainweb\sdk\api\UcApi\Lib\Action\IndexAction.class.php 第 63 行.
NOTIC: [8] Constant API_RETURN_FAILED already defined D:\wwwroot\mainweb\sdk\uc_client\model\note.php 第 16 行.
SQL: SHOW COLUMNS FROM `sdk_accounts` [ RunTime:0.002065s ]
SQL: SELECT * FROM `sdk_accounts` WHERE ( `account_id` = 2429 ) LIMIT 1   [ RunTime:0.000212s ]
SQL: INSERT INTO `sdk_accounts` (`account_id`,`user_name`,`email`,`password`,`reg_time`) VALUES (2429,'Enm','597145685@qq.com','558b63968dd30d25619b3eb6f2623d5fb1fb9dc1',1379514290) [ RunTime:0.000385s ]

[ 2013-09-18T22:29:50+08:00 ] 202.116.192.50 /api/uc.php?code=71a5Od72ENt4wyWBPLERTblHnyCUhc9kXdf9aRJ0jJwUjN3YXUtp3pVK%2BTaWSMyTjPwBzg3xiRhJunFL5%2BLfZAIoU7ATU7674Kadgz3AN8JF0Lmq&__times__=1
INFO: [ app_begin ] --START--
INFO: Run ReadHtmlCache Behavior [ RunTime:0.000923s ]
INFO: [ app_begin ] --END-- [ RunTime:0.001014s ]
NOTIC: [8] Constant UC_CLIENT_VERSION already defined D:\wwwroot\mainweb\sdk\api\UcApi\Lib\Action\IndexAction.class.php 第 4 行.
NOTIC: [8] Constant UC_CLIENT_RELEASE already defined D:\wwwroot\mainweb\sdk\api\UcApi\Lib\Action\IndexAction.class.php 第 5 行.
NOTIC: [2048] Only variables should be passed by reference D:\wwwroot\mainweb\sdk\api\UcApi\Lib\Action\IndexAction.class.php 第 63 行.

[ 2013-09-18T22:29:50+08:00 ] 192.168.203.35 /api/uc.php?time=1379514590&code=878fKnFddWnk1sKBjiua8hNVd4ffe7pUB%2Fe7v7txuc7Hw9uCPAO0YOOMd%2FsoC9SxHySrlRbfhN4aqhkynGaZS6ajv6E5PK3QJRdyqJoJ6hAqMhGdRZvsXbzUjD%2FaXXTBWh%2BE3JsCLTgcuYDGtVClgrfB1cIhv0D7VbjS6TM
INFO: [ app_begin ] --START--
INFO: Run ReadHtmlCache Behavior [ RunTime:0.001054s ]
INFO: [ app_begin ] --END-- [ RunTime:0.001145s ]
NOTIC: [8] Constant UC_CLIENT_VERSION already defined D:\wwwroot\mainweb\sdk\api\UcApi\Lib\Action\IndexAction.class.php 第 4 行.
NOTIC: [8] Constant UC_CLIENT_RELEASE already defined D:\wwwroot\mainweb\sdk\api\UcApi\Lib\Action\IndexAction.class.php 第 5 行.
NOTIC: [2048] Only variables should be passed by reference D:\wwwroot\mainweb\sdk\api\UcApi\Lib\Action\IndexAction.class.php 第 63 行.
NOTIC: [8] Constant API_RETURN_FAILED already defined D:\wwwroot\mainweb\sdk\uc_client\model\note.php 第 16 行.
SQL: SHOW COLUMNS FROM `sdk_accounts` [ RunTime:0.002234s ]
SQL: SELECT * FROM `sdk_accounts` WHERE ( `account_id` = 2429 ) LIMIT 1   [ RunTime:0.000503s ]
NOTIC: [8] Undefined index:  apph D:\wwwroot\mainweb\sdk\uc_client\model\note.php 第 169 行.
NOTIC: [8] Undefined offset:  2 D:\wwwroot\mainweb\sdk\uc_client\model\note.php 第 141 行.

[ 2013-09-18T23:27:30+08:00 ] 192.168.170.12 /api/uc.php?time=1379518050&code=4e6bYB0YnEHakuFjwhGX7fapvDJEsxZ16LLa%2FfcSE6cOcyR8riFOL%2Fa3GqxL8crNn4HRRxTwlgegVVUHwI7U0c1T6dcparcoYRCvRzjfkh0QyGXAub9W4DBvUMnmgLoPYbcZh%2BHLIQ9qPhqGzj9RISM53LlwnKBpCqmO
INFO: [ app_begin ] --START--
INFO: Run ReadHtmlCache Behavior [ RunTime:0.001039s ]
INFO: [ app_begin ] --END-- [ RunTime:0.001132s ]
NOTIC: [8] Constant UC_CLIENT_VERSION already defined D:\wwwroot\mainweb\sdk\api\UcApi\Lib\Action\IndexAction.class.php 第 4 行.
NOTIC: [8] Constant UC_CLIENT_RELEASE already defined D:\wwwroot\mainweb\sdk\api\UcApi\Lib\Action\IndexAction.class.php 第 5 行.
NOTIC: [2048] Only variables should be passed by reference D:\wwwroot\mainweb\sdk\api\UcApi\Lib\Action\IndexAction.class.php 第 63 行.
NOTIC: [8] Constant API_RETURN_FAILED already defined D:\wwwroot\mainweb\sdk\uc_client\model\note.php 第 16 行.
SQL: SHOW COLUMNS FROM `sdk_accounts` [ RunTime:0.002223s ]
SQL: SELECT * FROM `sdk_accounts` WHERE ( `account_id` = 805 ) LIMIT 1   [ RunTime:0.000349s ]

