[ 2013-07-17T00:18:32+08:00 ] 192.168.135.18 /api/uc.php?time=1373991512&code=a130m3a%2FAwcm%2BH2rMH%2BU5vQvx%2Bw6ZpXTcL665EXupYtYT%2FTWO%2FqpwfrtC9DPZdxWQCYlty6DMxabVlyydjUN7kBGldPikUfpopotRJozRLc4xSdrbAxte7xRE2bvuItPuv7wRdFifW0riasQhJVAL%2BBgIx%2F0WWwB2WOqikU
INFO: [ app_begin ] --START--
INFO: Run ReadHtmlCache Behavior [ RunTime:0.001238s ]
INFO: [ app_begin ] --END-- [ RunTime:0.001329s ]
NOTIC: [8] Constant UC_CLIENT_VERSION already defined D:\wwwroot\mainweb\sdk\api\UcApi\Lib\Action\IndexAction.class.php 第 4 行.
NOTIC: [8] Constant UC_CLIENT_RELEASE already defined D:\wwwroot\mainweb\sdk\api\UcApi\Lib\Action\IndexAction.class.php 第 5 行.
NOTIC: [2048] Only variables should be passed by reference D:\wwwroot\mainweb\sdk\api\UcApi\Lib\Action\IndexAction.class.php 第 63 行.
NOTIC: [8] Constant API_RETURN_FAILED already defined D:\wwwroot\mainweb\sdk\uc_client\model\note.php 第 16 行.
SQL: SHOW COLUMNS FROM `sdk_accounts` [ RunTime:0.002232s ]
SQL: SELECT * FROM `sdk_accounts` WHERE ( `account_id` = 846 ) LIMIT 1   [ RunTime:0.000441s ]

[ 2013-07-17T00:26:22+08:00 ] 59.41.191.30 /api/uc.php?time=1373991981&code=6debf4ABr2YbBWHpXTJC3dYQCi8eKFk9kP22EfHjPwzeaLDCDEaM6CYoeZHWEnt4yJMNFPLE38aOrQXuqEF8EeojMviW9u8O7qLPi1DdXP%2Fs6j2OOIBtbIAXerYWljrKRl0gKRap8hG4mgXWQTw%2FWoK4t%2BxDeIIh8jteyVFk
INFO: [ app_begin ] --START--
INFO: Run ReadHtmlCache Behavior [ RunTime:0.002217s ]
INFO: [ app_begin ] --END-- [ RunTime:0.002311s ]
NOTIC: [8] Constant UC_CLIENT_VERSION already defined D:\wwwroot\mainweb\sdk\api\UcApi\Lib\Action\IndexAction.class.php 第 4 行.
NOTIC: [8] Constant UC_CLIENT_RELEASE already defined D:\wwwroot\mainweb\sdk\api\UcApi\Lib\Action\IndexAction.class.php 第 5 行.
NOTIC: [2048] Only variables should be passed by reference D:\wwwroot\mainweb\sdk\api\UcApi\Lib\Action\IndexAction.class.php 第 63 行.
NOTIC: [8] Constant API_RETURN_FAILED already defined D:\wwwroot\mainweb\sdk\uc_client\model\note.php 第 16 行.
SQL: SHOW COLUMNS FROM `sdk_accounts` [ RunTime:0.002054s ]
SQL: SELECT * FROM `sdk_accounts` WHERE ( `account_id` = 1181 ) LIMIT 1   [ RunTime:0.000577s ]

[ 2013-07-17T12:24:31+08:00 ] 202.116.192.50 /api/uc.php?code=2369hLVqBRilEzJMvO4J6yC2jJpX7X5g7aAugmoY%2F5BUITUgoqAVQPnpZvqzDswNjF2KWkCdn93rZ7VIlru9uMkgKYJ0xH%2FENtFdyCEu1lKZbPFeNA8uKPi5LbpU8yo&__times__=1
INFO: [ app_begin ] --START--
INFO: Run ReadHtmlCache Behavior [ RunTime:0.001327s ]
INFO: [ app_begin ] --END-- [ RunTime:0.001419s ]
NOTIC: [8] Constant UC_CLIENT_VERSION already defined D:\wwwroot\mainweb\sdk\api\UcApi\Lib\Action\IndexAction.class.php 第 4 行.
NOTIC: [8] Constant UC_CLIENT_RELEASE already defined D:\wwwroot\mainweb\sdk\api\UcApi\Lib\Action\IndexAction.class.php 第 5 行.
NOTIC: [2048] Only variables should be passed by reference D:\wwwroot\mainweb\sdk\api\UcApi\Lib\Action\IndexAction.class.php 第 63 行.

[ 2013-07-17T12:24:31+08:00 ] 192.168.204.135 /api/uc.php?time=1374035071&code=98c3ms92xeDBBgYaaJsi1fmc8UlwpOrGhLC3XRBdunhjrjBTua9mGSb5rNqcEDmX05AYLTLZRxUOGU%2FOsetthlZEj94dXRNbC4mnMfOhItfk%2Fa4PT%2BNks1ciG9%2BzAido2viSvarN0omTH%2BcCPkVBF6Xf4oAmTNxu6e2I%2FA0gKOI%2BRe%2Bwt5Dmwg
INFO: [ app_begin ] --START--
INFO: Run ReadHtmlCache Behavior [ RunTime:0.001233s ]
INFO: [ app_begin ] --END-- [ RunTime:0.001327s ]
NOTIC: [8] Constant UC_CLIENT_VERSION already defined D:\wwwroot\mainweb\sdk\api\UcApi\Lib\Action\IndexAction.class.php 第 4 行.
NOTIC: [8] Constant UC_CLIENT_RELEASE already defined D:\wwwroot\mainweb\sdk\api\UcApi\Lib\Action\IndexAction.class.php 第 5 行.
NOTIC: [2048] Only variables should be passed by reference D:\wwwroot\mainweb\sdk\api\UcApi\Lib\Action\IndexAction.class.php 第 63 行.
NOTIC: [8] Constant API_RETURN_FAILED already defined D:\wwwroot\mainweb\sdk\uc_client\model\note.php 第 16 行.
SQL: SHOW COLUMNS FROM `sdk_accounts` [ RunTime:0.002458s ]
SQL: SELECT * FROM `sdk_accounts` WHERE ( `account_id` = 1385 ) LIMIT 1   [ RunTime:0.000310s ]
SQL: INSERT INTO `sdk_accounts` (`account_id`,`user_name`,`email`,`password`,`reg_time`) VALUES (1385,'ds51051fb94e590','344626217@qq.com','8adca87b6639c767d3a4cd353ea555e86c923ed4',1374035071) [ RunTime:0.003173s ]
NOTIC: [8] Undefined index:  apph D:\wwwroot\mainweb\sdk\uc_client\model\note.php 第 169 行.
NOTIC: [8] Undefined offset:  2 D:\wwwroot\mainweb\sdk\uc_client\model\note.php 第 141 行.

[ 2013-07-17T12:25:03+08:00 ] 192.168.204.135 /api/uc.php?time=1374035103&code=11fce3qpzsXPueJzbeOA78HQobYWNKLBEQW1K2iWC7dOTTjoIFsX8QhW8f843ZVXRJ2JGqLBW0y6WR4niwp%2Fv3N9g2D1If5BQa7pTDfFyCf7vGCIq2biZbTvyuEnQzt0CZJnmaf%2FubrTFB17zeuuDyUHS6Y6FG4CL6UOEyAOQ5XWo3nsvx%2B8tA
INFO: [ app_begin ] --START--
INFO: Run ReadHtmlCache Behavior [ RunTime:0.001310s ]
INFO: [ app_begin ] --END-- [ RunTime:0.001406s ]
NOTIC: [8] Constant UC_CLIENT_VERSION already defined D:\wwwroot\mainweb\sdk\api\UcApi\Lib\Action\IndexAction.class.php 第 4 行.
NOTIC: [8] Constant UC_CLIENT_RELEASE already defined D:\wwwroot\mainweb\sdk\api\UcApi\Lib\Action\IndexAction.class.php 第 5 行.
NOTIC: [2048] Only variables should be passed by reference D:\wwwroot\mainweb\sdk\api\UcApi\Lib\Action\IndexAction.class.php 第 63 行.
NOTIC: [8] Constant API_RETURN_FAILED already defined D:\wwwroot\mainweb\sdk\uc_client\model\note.php 第 16 行.
SQL: SHOW COLUMNS FROM `sdk_accounts` [ RunTime:0.002012s ]
SQL: SELECT * FROM `sdk_accounts` WHERE ( `account_id` = 1385 ) LIMIT 1   [ RunTime:0.000403s ]

[ 2013-07-17T12:27:52+08:00 ] 192.168.204.135 /api/uc.php?time=1374035271&code=5c3eG9vgl9swAmHd1V6vZYQUzehiZRhQXZFKj5ZS8uXuy4MWJcNQ7C7jBbyv3HYKB5sOeLspefHLv7foFw
INFO: [ app_begin ] --START--
INFO: Run ReadHtmlCache Behavior [ RunTime:0.001237s ]
INFO: [ app_begin ] --END-- [ RunTime:0.001329s ]
NOTIC: [8] Constant UC_CLIENT_VERSION already defined D:\wwwroot\mainweb\sdk\api\UcApi\Lib\Action\IndexAction.class.php 第 4 行.
NOTIC: [8] Constant UC_CLIENT_RELEASE already defined D:\wwwroot\mainweb\sdk\api\UcApi\Lib\Action\IndexAction.class.php 第 5 行.
NOTIC: [2048] Only variables should be passed by reference D:\wwwroot\mainweb\sdk\api\UcApi\Lib\Action\IndexAction.class.php 第 63 行.

[ 2013-07-17T12:28:10+08:00 ] 192.168.204.135 /api/uc.php?time=1374035289&code=c55cR0lMFS9hv8BpzEQYBB8bFL%2B1brkES4yXWsGSDhHab19qLedlfl3U5sh7Iwp%2BrgDYQj%2BN8TDMDU7DOLPdew2VTbKzdN4D6Iujd0T4NrVn3QAJo1h0%2FZPvOWVgsahsiSUMep3mpeN59EswpMkTCog29CUZx%2B%2FTym1QN6FhMOAsWW1CVHHF9A
INFO: [ app_begin ] --START--
INFO: Run ReadHtmlCache Behavior [ RunTime:0.002412s ]
INFO: [ app_begin ] --END-- [ RunTime:0.002504s ]
NOTIC: [8] Constant UC_CLIENT_VERSION already defined D:\wwwroot\mainweb\sdk\api\UcApi\Lib\Action\IndexAction.class.php 第 4 行.
NOTIC: [8] Constant UC_CLIENT_RELEASE already defined D:\wwwroot\mainweb\sdk\api\UcApi\Lib\Action\IndexAction.class.php 第 5 行.
NOTIC: [2048] Only variables should be passed by reference D:\wwwroot\mainweb\sdk\api\UcApi\Lib\Action\IndexAction.class.php 第 63 行.
NOTIC: [8] Constant API_RETURN_FAILED already defined D:\wwwroot\mainweb\sdk\uc_client\model\note.php 第 16 行.
SQL: SHOW COLUMNS FROM `sdk_accounts` [ RunTime:0.002032s ]
SQL: SELECT * FROM `sdk_accounts` WHERE ( `account_id` = 1385 ) LIMIT 1   [ RunTime:0.000240s ]

[ 2013-07-17T12:33:16+08:00 ] 192.168.184.1 /api/uc.php?time=1374035596&code=0da4C9F5xMqCLq2eZP44wlXCVW2bjkqE1eBc3KXfptQpXkGPyljxChsQTtS6ku9JCGWgZdRrG%2BoWRWiRaYrYRb3%2Fa8ob6Heh22wOqNex87KYTxTkH6uVP3FA2qeBodZmxfUmzvwWSrr9t3lBDvOMWa8fvJNlLILxdVlFrrDhQQ
INFO: [ app_begin ] --START--
INFO: Run ReadHtmlCache Behavior [ RunTime:0.001258s ]
INFO: [ app_begin ] --END-- [ RunTime:0.001349s ]
NOTIC: [8] Constant UC_CLIENT_VERSION already defined D:\wwwroot\mainweb\sdk\api\UcApi\Lib\Action\IndexAction.class.php 第 4 行.
NOTIC: [8] Constant UC_CLIENT_RELEASE already defined D:\wwwroot\mainweb\sdk\api\UcApi\Lib\Action\IndexAction.class.php 第 5 行.
NOTIC: [2048] Only variables should be passed by reference D:\wwwroot\mainweb\sdk\api\UcApi\Lib\Action\IndexAction.class.php 第 63 行.
NOTIC: [8] Constant API_RETURN_FAILED already defined D:\wwwroot\mainweb\sdk\uc_client\model\note.php 第 16 行.
SQL: SHOW COLUMNS FROM `sdk_accounts` [ RunTime:0.002082s ]
SQL: SELECT * FROM `sdk_accounts` WHERE ( `account_id` = 2010 ) LIMIT 1   [ RunTime:0.000307s ]

[ 2013-07-17T14:06:50+08:00 ] 192.168.200.133 /api/uc.php?time=1374041209&code=47a8yPqSJH5B77xl8uACtxLltgXdD3YFWbBAvWzr29X3wDpdcG7hsJQ6sbLmBwSmxAgRQRZfBaFspn5rpiSPE9c21UnBsocixBsBgZpg00TkiVD8UTmFzcEspwfbbflAOhiO1ccRrVec5D54mECE5KRr7tbTmnoWTCVVclDzKFOdRg
INFO: [ app_begin ] --START--
INFO: Run ReadHtmlCache Behavior [ RunTime:0.002048s ]
INFO: [ app_begin ] --END-- [ RunTime:0.002140s ]
NOTIC: [8] Constant UC_CLIENT_VERSION already defined D:\wwwroot\mainweb\sdk\api\UcApi\Lib\Action\IndexAction.class.php 第 4 行.
NOTIC: [8] Constant UC_CLIENT_RELEASE already defined D:\wwwroot\mainweb\sdk\api\UcApi\Lib\Action\IndexAction.class.php 第 5 行.
NOTIC: [2048] Only variables should be passed by reference D:\wwwroot\mainweb\sdk\api\UcApi\Lib\Action\IndexAction.class.php 第 63 行.
NOTIC: [8] Constant API_RETURN_FAILED already defined D:\wwwroot\mainweb\sdk\uc_client\model\note.php 第 16 行.
SQL: SHOW COLUMNS FROM `sdk_accounts` [ RunTime:0.002536s ]
SQL: SELECT * FROM `sdk_accounts` WHERE ( `account_id` = 2056 ) LIMIT 1   [ RunTime:0.000377s ]

[ 2013-07-17T17:38:51+08:00 ] 192.168.203.79 /api/uc.php?time=1374053931&code=4d92qv69SAaNsU6%2F6q9kRCC8YpSVJNBDAcQQcsVtOKNYM%2FMD%2FhILTG60XgPdOPJSK%2FB%2BeBCYjdJURMVE2y4pptsFHLfXcDz2Qpuv3qnIosBrdbR6r03GkUmoByyMgjtGY4gCKdhGuUbTo9MmW0dJLvQejCANCFphXq2HtKVCd41cFQ
INFO: [ app_begin ] --START--
INFO: Run ReadHtmlCache Behavior [ RunTime:0.001365s ]
INFO: [ app_begin ] --END-- [ RunTime:0.001460s ]
NOTIC: [8] Constant UC_CLIENT_VERSION already defined D:\wwwroot\mainweb\sdk\api\UcApi\Lib\Action\IndexAction.class.php 第 4 行.
NOTIC: [8] Constant UC_CLIENT_RELEASE already defined D:\wwwroot\mainweb\sdk\api\UcApi\Lib\Action\IndexAction.class.php 第 5 行.
NOTIC: [2048] Only variables should be passed by reference D:\wwwroot\mainweb\sdk\api\UcApi\Lib\Action\IndexAction.class.php 第 63 行.
NOTIC: [8] Constant API_RETURN_FAILED already defined D:\wwwroot\mainweb\sdk\uc_client\model\note.php 第 16 行.
SQL: SHOW COLUMNS FROM `sdk_accounts` [ RunTime:0.002682s ]
SQL: SELECT * FROM `sdk_accounts` WHERE ( `account_id` = 1807 ) LIMIT 1   [ RunTime:0.000448s ]
SQL: INSERT INTO `sdk_accounts` (`account_id`,`user_name`,`email`,`password`,`reg_time`) VALUES (1807,'阿-_-川','252983361@qq.com','f50abf97a08c52d006dff575c57606e07efff9eb',1374053931) [ RunTime:0.000563s ]

[ 2013-07-17T17:39:18+08:00 ] 192.168.203.79 /api/uc.php?time=1374053957&code=a137%2BDc1wwDVejqkuvHn4cywoHSmvVCki198jRYhith7CDb1Ij6cMNgd9wXc1SaN7gI9CqDeLf4rET1NKL3hVuw0Ondi3TT8%2FozR8pBKKJfW987Rvu8ZSgVIqtWl3sLMOPZXgwVDxB75nEN2M2HBZqhICe%2BvkbCabB5vwpNev2D2ag
INFO: [ app_begin ] --START--
INFO: Run ReadHtmlCache Behavior [ RunTime:0.001671s ]
INFO: [ app_begin ] --END-- [ RunTime:0.001771s ]
NOTIC: [8] Constant UC_CLIENT_VERSION already defined D:\wwwroot\mainweb\sdk\api\UcApi\Lib\Action\IndexAction.class.php 第 4 行.
NOTIC: [8] Constant UC_CLIENT_RELEASE already defined D:\wwwroot\mainweb\sdk\api\UcApi\Lib\Action\IndexAction.class.php 第 5 行.
NOTIC: [2048] Only variables should be passed by reference D:\wwwroot\mainweb\sdk\api\UcApi\Lib\Action\IndexAction.class.php 第 63 行.
NOTIC: [8] Constant API_RETURN_FAILED already defined D:\wwwroot\mainweb\sdk\uc_client\model\note.php 第 16 行.
SQL: SHOW COLUMNS FROM `sdk_accounts` [ RunTime:0.002153s ]
SQL: SELECT * FROM `sdk_accounts` WHERE ( `account_id` = 1807 ) LIMIT 1   [ RunTime:0.000426s ]

[ 2013-07-17T18:53:18+08:00 ] 192.168.178.79 /api/uc.php?time=1374058398&code=280bZbFTW1qqhui3ufptxLH0oefE6Qixwfaf5gu%2FkY0F6X8OsmAUk8ym2u7LTRQOQXnYY9WAJbZ7pTF2Bbwiqy67ZpwxsFqUl0EsKEdhUvpDcEOVL7Me1ceAWNmyUy6ko0BIVTmW8aZ2fF8ynhj1eAXUtSbvuTj1xCmq8APlGyCCBDsB%2Fg
INFO: [ app_begin ] --START--
INFO: Run ReadHtmlCache Behavior [ RunTime:0.001542s ]
INFO: [ app_begin ] --END-- [ RunTime:0.001640s ]
NOTIC: [8] Constant UC_CLIENT_VERSION already defined D:\wwwroot\mainweb\sdk\api\UcApi\Lib\Action\IndexAction.class.php 第 4 行.
NOTIC: [8] Constant UC_CLIENT_RELEASE already defined D:\wwwroot\mainweb\sdk\api\UcApi\Lib\Action\IndexAction.class.php 第 5 行.
NOTIC: [2048] Only variables should be passed by reference D:\wwwroot\mainweb\sdk\api\UcApi\Lib\Action\IndexAction.class.php 第 63 行.
NOTIC: [8] Constant API_RETURN_FAILED already defined D:\wwwroot\mainweb\sdk\uc_client\model\note.php 第 16 行.
SQL: SHOW COLUMNS FROM `sdk_accounts` [ RunTime:0.002702s ]
SQL: SELECT * FROM `sdk_accounts` WHERE ( `account_id` = 485 ) LIMIT 1   [ RunTime:0.000575s ]

[ 2013-07-17T22:44:47+08:00 ] 192.168.206.139 /api/uc.php?time=1374072286&code=1b3cmiG2eVgx95nFvQP%2Baj69D1xtrZJcE1pmwRGvFrbivmqliKmUI7JAok4q0xqqlgTaXsr%2FNeyacdu0m18JDIYebqf1jVb2Tqrm3EcNHek9lEbfkXbdpuL%2Bp%2BeZ59mf8Uhllh1vOBtRuXNdVPgm1evFqBK3Y6F6S9Sh1mL4
INFO: [ app_begin ] --START--
INFO: Run ReadHtmlCache Behavior [ RunTime:0.001251s ]
INFO: [ app_begin ] --END-- [ RunTime:0.001344s ]
NOTIC: [8] Constant UC_CLIENT_VERSION already defined D:\wwwroot\mainweb\sdk\api\UcApi\Lib\Action\IndexAction.class.php 第 4 行.
NOTIC: [8] Constant UC_CLIENT_RELEASE already defined D:\wwwroot\mainweb\sdk\api\UcApi\Lib\Action\IndexAction.class.php 第 5 行.
NOTIC: [2048] Only variables should be passed by reference D:\wwwroot\mainweb\sdk\api\UcApi\Lib\Action\IndexAction.class.php 第 63 行.
NOTIC: [8] Constant API_RETURN_FAILED already defined D:\wwwroot\mainweb\sdk\uc_client\model\note.php 第 16 行.
SQL: SHOW COLUMNS FROM `sdk_accounts` [ RunTime:0.002563s ]
SQL: SELECT * FROM `sdk_accounts` WHERE ( `account_id` = 379 ) LIMIT 1   [ RunTime:0.000487s ]

