[ 2013-07-22T10:33:10+08:00 ] 192.168.206.200 /api/uc.php?time=1374460390&code=d8e91N%2F%2FkCNf%2F%2BM2hlxX0PsxZjK%2FWrl0fW4e%2BcgGuEKIZpFbhhPyyfdGqnTspjsx1Eyme0ksQQCmwTS%2FdVDyk1K0MsPn%2FgKWDLD5jU3sRflCtiWleDk%2BF56lEjOOKho9e51fI2Moum%2FE6cXFeDeiXZSGjprdciVJXHlTBhNGBgevS624GEIL
INFO: [ app_begin ] --START--
INFO: Run ReadHtmlCache Behavior [ RunTime:0.001343s ]
INFO: [ app_begin ] --END-- [ RunTime:0.001435s ]
NOTIC: [8] Constant UC_CLIENT_VERSION already defined D:\wwwroot\mainweb\sdk\api\UcApi\Lib\Action\IndexAction.class.php 第 4 行.
NOTIC: [8] Constant UC_CLIENT_RELEASE already defined D:\wwwroot\mainweb\sdk\api\UcApi\Lib\Action\IndexAction.class.php 第 5 行.
NOTIC: [2048] Only variables should be passed by reference D:\wwwroot\mainweb\sdk\api\UcApi\Lib\Action\IndexAction.class.php 第 63 行.
NOTIC: [8] Constant API_RETURN_FAILED already defined D:\wwwroot\mainweb\sdk\uc_client\model\note.php 第 16 行.
SQL: SHOW COLUMNS FROM `sdk_accounts` [ RunTime:0.002353s ]
SQL: SELECT * FROM `sdk_accounts` WHERE ( `account_id` = 2115 ) LIMIT 1   [ RunTime:0.009684s ]

[ 2013-07-22T11:46:28+08:00 ] 192.168.203.132 /api/uc.php?time=1374464788&code=0bdaK6Wat35nMRp6UvvkxamfE6hY6iwRpFLj4p9JuMCWB4z60Ubp0wjHzlzXYr%2B0CzL14tfA%2FHgAoRNOXAOLEnpzUQf8EQGrbbjkz%2Fu58sobCmX%2F%2F66bJHFMGRIv9eDOou2GH9XoLWp%2B65837rDZQXKPQAMbmEGF6TO91lNUQA
INFO: [ app_begin ] --START--
INFO: Run ReadHtmlCache Behavior [ RunTime:0.001586s ]
INFO: [ app_begin ] --END-- [ RunTime:0.001683s ]
NOTIC: [8] Constant UC_CLIENT_VERSION already defined D:\wwwroot\mainweb\sdk\api\UcApi\Lib\Action\IndexAction.class.php 第 4 行.
NOTIC: [8] Constant UC_CLIENT_RELEASE already defined D:\wwwroot\mainweb\sdk\api\UcApi\Lib\Action\IndexAction.class.php 第 5 行.
NOTIC: [2048] Only variables should be passed by reference D:\wwwroot\mainweb\sdk\api\UcApi\Lib\Action\IndexAction.class.php 第 63 行.
NOTIC: [8] Constant API_RETURN_FAILED already defined D:\wwwroot\mainweb\sdk\uc_client\model\note.php 第 16 行.
SQL: SHOW COLUMNS FROM `sdk_accounts` [ RunTime:0.003038s ]
SQL: SELECT * FROM `sdk_accounts` WHERE ( `account_id` = 2013 ) LIMIT 1   [ RunTime:0.006995s ]

[ 2013-07-22T19:18:08+08:00 ] 192.168.132.67 /api/uc.php?time=1374491888&code=671fjbs7EaF2hS3jqIYbBokgmhPsR%2BkqVj222CQJM%2BwNj%2F9ZLtoTFT93rF0EgD6EgareBQKI8hPgOcUs8f4imzspsv52FlR1l0a%2BRwnfYDYezjycc3%2FBiFNu6CAE6nSojX7q4NN3aL3q4LEA3qq475tcISTCzntO9KOZZwvZKA
INFO: [ app_begin ] --START--
INFO: Run ReadHtmlCache Behavior [ RunTime:0.001716s ]
INFO: [ app_begin ] --END-- [ RunTime:0.001811s ]
NOTIC: [8] Constant UC_CLIENT_VERSION already defined D:\wwwroot\mainweb\sdk\api\UcApi\Lib\Action\IndexAction.class.php 第 4 行.
NOTIC: [8] Constant UC_CLIENT_RELEASE already defined D:\wwwroot\mainweb\sdk\api\UcApi\Lib\Action\IndexAction.class.php 第 5 行.
NOTIC: [2048] Only variables should be passed by reference D:\wwwroot\mainweb\sdk\api\UcApi\Lib\Action\IndexAction.class.php 第 63 行.
NOTIC: [8] Constant API_RETURN_FAILED already defined D:\wwwroot\mainweb\sdk\uc_client\model\note.php 第 16 行.
SQL: SHOW COLUMNS FROM `sdk_accounts` [ RunTime:0.016206s ]
SQL: SELECT * FROM `sdk_accounts` WHERE ( `account_id` = 1606 ) LIMIT 1   [ RunTime:0.000687s ]

[ 2013-07-22T21:48:03+08:00 ] 192.168.192.7 /api/uc.php?time=1374500883&code=1d77zetms%2BEiE5KQBSw439SghTC36%2B8mrFIPzI3mt20vhXF9FQi5z4L2oRf93t48NIRlSkXG%2Bf984%2BIJnmAi%2FEt60uLFBwvDHTivgzlj%2BX8Bcm6nu40Q76Q8AOqCMv6FnnmZKCdhByox64kyIAlbT6xEA%2B7wWVGsYC6ytVo
INFO: [ app_begin ] --START--
INFO: Run ReadHtmlCache Behavior [ RunTime:0.002208s ]
INFO: [ app_begin ] --END-- [ RunTime:0.002302s ]
NOTIC: [8] Constant UC_CLIENT_VERSION already defined D:\wwwroot\mainweb\sdk\api\UcApi\Lib\Action\IndexAction.class.php 第 4 行.
NOTIC: [8] Constant UC_CLIENT_RELEASE already defined D:\wwwroot\mainweb\sdk\api\UcApi\Lib\Action\IndexAction.class.php 第 5 行.
NOTIC: [2048] Only variables should be passed by reference D:\wwwroot\mainweb\sdk\api\UcApi\Lib\Action\IndexAction.class.php 第 63 行.
NOTIC: [8] Constant API_RETURN_FAILED already defined D:\wwwroot\mainweb\sdk\uc_client\model\note.php 第 16 行.
SQL: SHOW COLUMNS FROM `sdk_accounts` [ RunTime:0.018552s ]
SQL: SELECT * FROM `sdk_accounts` WHERE ( `account_id` = 711 ) LIMIT 1   [ RunTime:0.016355s ]

