[ 2013-07-11T07:20:03+08:00 ] 192.168.203.140 /api/uc.php?time=1373498402&code=e3dbPPgXe%2B1aN14lc0LeJFHb0enN89YxXVu7bi8K3X4XHoEgEGb6juoybJLo0j3dNt8tqQb%2FekyeUaycaUXK6SOx7%2Fe%2BIsHPEpy%2FyKcOMjG6h0CeKjbFuAe%2Brqcowhr95JS0r1%2B1bjQh2o8IYt6s%2BTIE%2BGmlR%2BoXPv4Gf%2Fw
INFO: [ app_begin ] --START--
INFO: Run ReadHtmlCache Behavior [ RunTime:0.001522s ]
INFO: [ app_begin ] --END-- [ RunTime:0.001618s ]
NOTIC: [8] Constant UC_CLIENT_VERSION already defined D:\wwwroot\mainweb\sdk\api\UcApi\Lib\Action\IndexAction.class.php 第 4 行.
NOTIC: [8] Constant UC_CLIENT_RELEASE already defined D:\wwwroot\mainweb\sdk\api\UcApi\Lib\Action\IndexAction.class.php 第 5 行.
NOTIC: [2048] Only variables should be passed by reference D:\wwwroot\mainweb\sdk\api\UcApi\Lib\Action\IndexAction.class.php 第 63 行.
NOTIC: [8] Constant API_RETURN_FAILED already defined D:\wwwroot\mainweb\sdk\uc_client\model\note.php 第 16 行.
SQL: SHOW COLUMNS FROM `sdk_accounts` [ RunTime:0.002301s ]
SQL: SELECT * FROM `sdk_accounts` WHERE ( `account_id` = 628 ) LIMIT 1   [ RunTime:0.000413s ]

[ 2013-07-11T07:29:37+08:00 ] 192.168.204.132 /api/uc.php?time=1373498976&code=fc07Jn%2BCGLVV%2BpBhZhJUSA950m3OO%2BaEJb%2F6KQMmXAUPNKdRaxKWvguxwqttMSh3onRvLXNjKL8if%2F%2FgFvkHpH3pCqFgn3TdJ6d1C4PGdlCaoiCXqPNs5X2liqvkJGiCy1%2B8ME6Esp4OpXR9M3m483MZJVunZgCiC1Kv5myQ
INFO: [ app_begin ] --START--
INFO: Run ReadHtmlCache Behavior [ RunTime:0.001248s ]
INFO: [ app_begin ] --END-- [ RunTime:0.001343s ]
NOTIC: [8] Constant UC_CLIENT_VERSION already defined D:\wwwroot\mainweb\sdk\api\UcApi\Lib\Action\IndexAction.class.php 第 4 行.
NOTIC: [8] Constant UC_CLIENT_RELEASE already defined D:\wwwroot\mainweb\sdk\api\UcApi\Lib\Action\IndexAction.class.php 第 5 行.
NOTIC: [2048] Only variables should be passed by reference D:\wwwroot\mainweb\sdk\api\UcApi\Lib\Action\IndexAction.class.php 第 63 行.
NOTIC: [8] Constant API_RETURN_FAILED already defined D:\wwwroot\mainweb\sdk\uc_client\model\note.php 第 16 行.
SQL: SHOW COLUMNS FROM `sdk_accounts` [ RunTime:0.002074s ]
SQL: SELECT * FROM `sdk_accounts` WHERE ( `account_id` = 440 ) LIMIT 1   [ RunTime:0.000404s ]

[ 2013-07-11T07:51:06+08:00 ] 121.14.162.72 /api/uc.php?time=1373500265&code=b9bdtXgxULnKDjGMbJ6fVfNS4ECnQqL8xVePm%2FAE2kh4kEn3J3QR%2Bq7iEj%2FYuzbbDw%2FhC61HXkkySO7m8peSr1S8illrxnzUA4gwbgzCpP3L1%2FxA1uj%2FvsVRfg4MUIDSCmmihUjVSA40KpfCGNZc551LsYpHPA9YdqpbeTY
INFO: [ app_begin ] --START--
INFO: Run ReadHtmlCache Behavior [ RunTime:0.001697s ]
INFO: [ app_begin ] --END-- [ RunTime:0.001799s ]
NOTIC: [8] Constant UC_CLIENT_VERSION already defined D:\wwwroot\mainweb\sdk\api\UcApi\Lib\Action\IndexAction.class.php 第 4 行.
NOTIC: [8] Constant UC_CLIENT_RELEASE already defined D:\wwwroot\mainweb\sdk\api\UcApi\Lib\Action\IndexAction.class.php 第 5 行.
NOTIC: [2048] Only variables should be passed by reference D:\wwwroot\mainweb\sdk\api\UcApi\Lib\Action\IndexAction.class.php 第 63 行.
NOTIC: [8] Constant API_RETURN_FAILED already defined D:\wwwroot\mainweb\sdk\uc_client\model\note.php 第 16 行.
SQL: SHOW COLUMNS FROM `sdk_accounts` [ RunTime:0.002791s ]
SQL: SELECT * FROM `sdk_accounts` WHERE ( `account_id` = 711 ) LIMIT 1   [ RunTime:0.000422s ]

[ 2013-07-11T08:01:25+08:00 ] 192.168.185.10 /api/uc.php?time=1373500885&code=0f90XmHSmK9Y%2Fd5gk5WhJRQL9%2B71slA6s5quD1XgtkMxe7TvEUM5S%2Fgr7nhJTSUautaUDfxT0%2BTZlDhi2ljyrzbND7k8GO64twdUNK5lKzS%2FigfQWU%2BSPXXEWCPowfoA8ZjNQTWWpg8PctIlDbkaSgSS34bBbp3rtZ8uUduR%2BA
INFO: [ app_begin ] --START--
INFO: Run ReadHtmlCache Behavior [ RunTime:0.001288s ]
INFO: [ app_begin ] --END-- [ RunTime:0.001380s ]
NOTIC: [8] Constant UC_CLIENT_VERSION already defined D:\wwwroot\mainweb\sdk\api\UcApi\Lib\Action\IndexAction.class.php 第 4 行.
NOTIC: [8] Constant UC_CLIENT_RELEASE already defined D:\wwwroot\mainweb\sdk\api\UcApi\Lib\Action\IndexAction.class.php 第 5 行.
NOTIC: [2048] Only variables should be passed by reference D:\wwwroot\mainweb\sdk\api\UcApi\Lib\Action\IndexAction.class.php 第 63 行.
NOTIC: [8] Constant API_RETURN_FAILED already defined D:\wwwroot\mainweb\sdk\uc_client\model\note.php 第 16 行.
SQL: SHOW COLUMNS FROM `sdk_accounts` [ RunTime:0.002481s ]
SQL: SELECT * FROM `sdk_accounts` WHERE ( `account_id` = 2347 ) LIMIT 1   [ RunTime:0.001206s ]

[ 2013-07-11T09:06:46+08:00 ] 192.168.164.15 /api/uc.php?time=1373504806&code=ef942DmZ8pYdDqd1ho2UES%2BRAhVTFO%2F8JNVlszYlTV1guZQPfIemY5aVvD1Z9jD5pc0nDI9lgD9Ojs1ACNifde4VERAASJRBqhaCov1l9tGInXurtjVeqxMgxpDgWE9Sb58ITWlOCe59%2Btmuxj7MV2O1sdm9m%2Fph3tFXLMc5eKOw5zJTNL%2BUcg
INFO: [ app_begin ] --START--
INFO: Run ReadHtmlCache Behavior [ RunTime:0.001509s ]
INFO: [ app_begin ] --END-- [ RunTime:0.001601s ]
NOTIC: [8] Constant UC_CLIENT_VERSION already defined D:\wwwroot\mainweb\sdk\api\UcApi\Lib\Action\IndexAction.class.php 第 4 行.
NOTIC: [8] Constant UC_CLIENT_RELEASE already defined D:\wwwroot\mainweb\sdk\api\UcApi\Lib\Action\IndexAction.class.php 第 5 行.
NOTIC: [2048] Only variables should be passed by reference D:\wwwroot\mainweb\sdk\api\UcApi\Lib\Action\IndexAction.class.php 第 63 行.
NOTIC: [8] Constant API_RETURN_FAILED already defined D:\wwwroot\mainweb\sdk\uc_client\model\note.php 第 16 行.
SQL: SHOW COLUMNS FROM `sdk_accounts` [ RunTime:0.001976s ]
SQL: SELECT * FROM `sdk_accounts` WHERE ( `account_id` = 1448 ) LIMIT 1   [ RunTime:0.000525s ]

[ 2013-07-11T10:43:34+08:00 ] 192.168.137.74 /api/uc.php?time=1373510614&code=a3abOAM15%2BgZBLgB3eqBnfCTldYtrco9mik%2FGyiBTBZ9Mlvz3mEcg0rCr0B1OkE8lPnN6uQGamD4xXC%2B%2BJrTbYoYIFWHd1oiFzP2QXCv2X8is2X%2B45czIF3wXmTaODHpO7QXJuBzQMGiP92prB%2FK%2F7SmUiG%2FpuFa5cEJc1zj
INFO: [ app_begin ] --START--
INFO: Run ReadHtmlCache Behavior [ RunTime:0.001503s ]
INFO: [ app_begin ] --END-- [ RunTime:0.001597s ]
NOTIC: [8] Constant UC_CLIENT_VERSION already defined D:\wwwroot\mainweb\sdk\api\UcApi\Lib\Action\IndexAction.class.php 第 4 行.
NOTIC: [8] Constant UC_CLIENT_RELEASE already defined D:\wwwroot\mainweb\sdk\api\UcApi\Lib\Action\IndexAction.class.php 第 5 行.
NOTIC: [2048] Only variables should be passed by reference D:\wwwroot\mainweb\sdk\api\UcApi\Lib\Action\IndexAction.class.php 第 63 行.
NOTIC: [8] Constant API_RETURN_FAILED already defined D:\wwwroot\mainweb\sdk\uc_client\model\note.php 第 16 行.
SQL: SHOW COLUMNS FROM `sdk_accounts` [ RunTime:0.002581s ]
SQL: SELECT * FROM `sdk_accounts` WHERE ( `account_id` = 1389 ) LIMIT 1   [ RunTime:0.000553s ]

[ 2013-07-11T11:13:34+08:00 ] 101.226.33.218 /api/uc.php?time=1373510614&code=a3abOAM15+gZBLgB3eqBnfCTldYtrco9mik/GyiBTBZ9Mlvz3mEcg0rCr0B1OkE8lPnN6uQGamD4xXC++JrTbYoYIFWHd1oiFzP2QXCv2X8is2X+45czIF3wXmTaODHpO7QXJuBzQMGiP92prB/K/7SmUiG/puFa5cEJc1zj
INFO: [ app_begin ] --START--
INFO: Run ReadHtmlCache Behavior [ RunTime:0.001321s ]
INFO: [ app_begin ] --END-- [ RunTime:0.001415s ]
NOTIC: [8] Constant UC_CLIENT_VERSION already defined D:\wwwroot\mainweb\sdk\api\UcApi\Lib\Action\IndexAction.class.php 第 4 行.
NOTIC: [8] Constant UC_CLIENT_RELEASE already defined D:\wwwroot\mainweb\sdk\api\UcApi\Lib\Action\IndexAction.class.php 第 5 行.
NOTIC: [8] Undefined index:  time D:\wwwroot\mainweb\sdk\api\UcApi\Lib\Action\IndexAction.class.php 第 54 行.

[ 2013-07-11T16:20:39+08:00 ] 59.41.175.51 /api/uc.php?time=1373530837&code=02dcbbO%2F7Pv7L7JivqOL%2FeEnIbOqrKN2E%2FNvjOTnxRGj%2BFL0DNDG9YrSi3mAR7SNobu88bb%2BV%2BfjYCCh%2F8WWkToSS%2BolDVdmNY%2BNWkvBV8R4fe0xOC0Ni3FOsm6GQMMJodFXtr4rnM%2FTe8U%2FuOwfmpSl7s54Bi6L4sR%2B
INFO: [ app_begin ] --START--
INFO: Run ReadHtmlCache Behavior [ RunTime:0.001866s ]
INFO: [ app_begin ] --END-- [ RunTime:0.001964s ]
NOTIC: [8] Constant UC_CLIENT_VERSION already defined D:\wwwroot\mainweb\sdk\api\UcApi\Lib\Action\IndexAction.class.php 第 4 行.
NOTIC: [8] Constant UC_CLIENT_RELEASE already defined D:\wwwroot\mainweb\sdk\api\UcApi\Lib\Action\IndexAction.class.php 第 5 行.
NOTIC: [2048] Only variables should be passed by reference D:\wwwroot\mainweb\sdk\api\UcApi\Lib\Action\IndexAction.class.php 第 63 行.
NOTIC: [8] Constant API_RETURN_FAILED already defined D:\wwwroot\mainweb\sdk\uc_client\model\note.php 第 16 行.
SQL: SHOW COLUMNS FROM `sdk_accounts` [ RunTime:0.002442s ]
SQL: SELECT * FROM `sdk_accounts` WHERE ( `account_id` = 997 ) LIMIT 1   [ RunTime:0.000353s ]

[ 2013-07-11T16:31:16+08:00 ] 192.168.156.134 /api/uc.php?time=1373531471&code=e09d2ybFD0s70a92rGaHFbO37OaLPrvk%2BEp%2BkFXHidaR81i2jlNhd7g71X1w2NfjUujBufWsfIjC4i3Jt9NmVN0anQkl1XK%2FCSQyOj77A%2BFAoxYP0vRcxCsvfo9MNpL5KLDBlt%2FALDqFN03SufERAgpcPn%2FFhlWoZlfmLhyCgAIs
INFO: [ app_begin ] --START--
INFO: Run ReadHtmlCache Behavior [ RunTime:0.002141s ]
INFO: [ app_begin ] --END-- [ RunTime:0.002235s ]
NOTIC: [8] Constant UC_CLIENT_VERSION already defined D:\wwwroot\mainweb\sdk\api\UcApi\Lib\Action\IndexAction.class.php 第 4 行.
NOTIC: [8] Constant UC_CLIENT_RELEASE already defined D:\wwwroot\mainweb\sdk\api\UcApi\Lib\Action\IndexAction.class.php 第 5 行.
NOTIC: [2048] Only variables should be passed by reference D:\wwwroot\mainweb\sdk\api\UcApi\Lib\Action\IndexAction.class.php 第 63 行.
NOTIC: [8] Constant API_RETURN_FAILED already defined D:\wwwroot\mainweb\sdk\uc_client\model\note.php 第 16 行.
SQL: SHOW COLUMNS FROM `sdk_accounts` [ RunTime:0.002163s ]
SQL: SELECT * FROM `sdk_accounts` WHERE ( `account_id` = 880 ) LIMIT 1   [ RunTime:0.000390s ]

[ 2013-07-11T18:56:31+08:00 ] 192.168.200.199 /api/uc.php?time=1373540191&code=4058huZzaB83U34MFtRykOqNFlTlk%2FDGsUfK8ajNfQ7A7ez8FCmlEf9I90TIVJ%2FBi9Xhu%2BW2ofdBWUuekEplZIu2qedH9EiBmNOGQAcl5dRgrOzdYoctxIpXOpaUKYa4alCJyFcktdnPBbQfAI6hCdlywqQAuUhE78tLVdR97SKBZg
INFO: [ app_begin ] --START--
INFO: Run ReadHtmlCache Behavior [ RunTime:0.001397s ]
INFO: [ app_begin ] --END-- [ RunTime:0.001493s ]
NOTIC: [8] Constant UC_CLIENT_VERSION already defined D:\wwwroot\mainweb\sdk\api\UcApi\Lib\Action\IndexAction.class.php 第 4 行.
NOTIC: [8] Constant UC_CLIENT_RELEASE already defined D:\wwwroot\mainweb\sdk\api\UcApi\Lib\Action\IndexAction.class.php 第 5 行.
NOTIC: [2048] Only variables should be passed by reference D:\wwwroot\mainweb\sdk\api\UcApi\Lib\Action\IndexAction.class.php 第 63 行.
NOTIC: [8] Constant API_RETURN_FAILED already defined D:\wwwroot\mainweb\sdk\uc_client\model\note.php 第 16 行.
SQL: SHOW COLUMNS FROM `sdk_accounts` [ RunTime:0.002345s ]
SQL: SELECT * FROM `sdk_accounts` WHERE ( `account_id` = 1657 ) LIMIT 1   [ RunTime:0.000378s ]

[ 2013-07-11T19:04:27+08:00 ] 192.168.205.200 /api/uc.php?time=1373540667&code=15bc0Q6x6C%2Bdfu16IlNqp9l0e6HFx%2FFieGbBmo94A1wvMdcxmZWsjDAarxSR62FGS5jm5axthvCFvZxSDIxmVxGlN%2F9K9GuLUsJHPVTCyWp9FG2zI2jEBq7RbRAwEtgIw4ZnF5CmmNLbb7i%2F0lz6aC4uLH3sLGia9v%2BtQbOQ
INFO: [ app_begin ] --START--
INFO: Run ReadHtmlCache Behavior [ RunTime:0.001994s ]
INFO: [ app_begin ] --END-- [ RunTime:0.002088s ]
NOTIC: [8] Constant UC_CLIENT_VERSION already defined D:\wwwroot\mainweb\sdk\api\UcApi\Lib\Action\IndexAction.class.php 第 4 行.
NOTIC: [8] Constant UC_CLIENT_RELEASE already defined D:\wwwroot\mainweb\sdk\api\UcApi\Lib\Action\IndexAction.class.php 第 5 行.
NOTIC: [2048] Only variables should be passed by reference D:\wwwroot\mainweb\sdk\api\UcApi\Lib\Action\IndexAction.class.php 第 63 行.
NOTIC: [8] Constant API_RETURN_FAILED already defined D:\wwwroot\mainweb\sdk\uc_client\model\note.php 第 16 行.
SQL: SHOW COLUMNS FROM `sdk_accounts` [ RunTime:0.002128s ]
SQL: SELECT * FROM `sdk_accounts` WHERE ( `account_id` = 480 ) LIMIT 1   [ RunTime:0.000436s ]

[ 2013-07-11T19:04:38+08:00 ] 192.168.205.200 /api/uc.php?time=1373540678&code=824eQ25%2F8%2FEoWzEVRtQood2KIu4KSbVFJwfkzdRuIok%2F8Mj5OsPdfwKuOA%2BB1prdvRpzkyeGynqQgYAAFA
INFO: [ app_begin ] --START--
INFO: Run ReadHtmlCache Behavior [ RunTime:0.001103s ]
INFO: [ app_begin ] --END-- [ RunTime:0.001200s ]
NOTIC: [8] Constant UC_CLIENT_VERSION already defined D:\wwwroot\mainweb\sdk\api\UcApi\Lib\Action\IndexAction.class.php 第 4 行.
NOTIC: [8] Constant UC_CLIENT_RELEASE already defined D:\wwwroot\mainweb\sdk\api\UcApi\Lib\Action\IndexAction.class.php 第 5 行.
NOTIC: [2048] Only variables should be passed by reference D:\wwwroot\mainweb\sdk\api\UcApi\Lib\Action\IndexAction.class.php 第 63 行.

[ 2013-07-11T19:19:01+08:00 ] 192.168.145.66 /api/uc.php?time=1373541540&code=f78aLNn0AAs5gFW39LkxT17bJcfUClytEk%2F5JhILqKqAvHLPIVnPY8vpYCZ0j4fVnLnX0VRSZgvPCuury9Uau2dj5dOhQl0qvyow1topoREh2jY7AROeH2uaEbJFMtjbzLslMpC6sLlmcLRBnAnzbvQymlay24zMGkfXG2MFP%2F9AOw
INFO: [ app_begin ] --START--
INFO: Run ReadHtmlCache Behavior [ RunTime:0.001261s ]
INFO: [ app_begin ] --END-- [ RunTime:0.001353s ]
NOTIC: [8] Constant UC_CLIENT_VERSION already defined D:\wwwroot\mainweb\sdk\api\UcApi\Lib\Action\IndexAction.class.php 第 4 行.
NOTIC: [8] Constant UC_CLIENT_RELEASE already defined D:\wwwroot\mainweb\sdk\api\UcApi\Lib\Action\IndexAction.class.php 第 5 行.
NOTIC: [2048] Only variables should be passed by reference D:\wwwroot\mainweb\sdk\api\UcApi\Lib\Action\IndexAction.class.php 第 63 行.
NOTIC: [8] Constant API_RETURN_FAILED already defined D:\wwwroot\mainweb\sdk\uc_client\model\note.php 第 16 行.
SQL: SHOW COLUMNS FROM `sdk_accounts` [ RunTime:0.002271s ]
SQL: SELECT * FROM `sdk_accounts` WHERE ( `account_id` = 2257 ) LIMIT 1   [ RunTime:0.000498s ]

[ 2013-07-11T19:37:21+08:00 ] 192.168.201.195 /api/uc.php?time=1373542640&code=85903oNRHZzb8BL9mVK3BkTDbc4UbOgqktvXWiRLNJRuMsS0gEjA5tZzNJCY1iWQnCUoZhUNWp7DA1UZjiqj5Me0ZwjQL51e5wNyZuGYWTsNRwHJgit9mgdB0gw7zlGBxMqyhOU1pjxh3GnAfa7V6CFBPNZ9bmbe27Y46w
INFO: [ app_begin ] --START--
INFO: Run ReadHtmlCache Behavior [ RunTime:0.001671s ]
INFO: [ app_begin ] --END-- [ RunTime:0.001831s ]
NOTIC: [8] Constant UC_CLIENT_VERSION already defined D:\wwwroot\mainweb\sdk\api\UcApi\Lib\Action\IndexAction.class.php 第 4 行.
NOTIC: [8] Constant UC_CLIENT_RELEASE already defined D:\wwwroot\mainweb\sdk\api\UcApi\Lib\Action\IndexAction.class.php 第 5 行.
NOTIC: [2048] Only variables should be passed by reference D:\wwwroot\mainweb\sdk\api\UcApi\Lib\Action\IndexAction.class.php 第 63 行.
NOTIC: [8] Constant API_RETURN_FAILED already defined D:\wwwroot\mainweb\sdk\uc_client\model\note.php 第 16 行.
SQL: SHOW COLUMNS FROM `sdk_accounts` [ RunTime:0.002226s ]
SQL: SELECT * FROM `sdk_accounts` WHERE ( `account_id` = 1773 ) LIMIT 1   [ RunTime:0.000652s ]

[ 2013-07-11T21:09:24+08:00 ] 192.168.166.83 /api/uc.php?time=1373548164&code=1e84LlMAlSM4VD%2BO2i0p4LAqvMAlhh40KfMawnxN0wsoydiOwuUL%2FmssoKyVme%2FPvvz2vsa0gnu1j7q89Owo0r%2BKSE4ivrk9h2TA95xJSMp0mMMJPZJyutF0dojzrtIeW9ak7kkRppw5lfIAsJZpEcyOaFfBVZND3zLzJwQcHPLr
INFO: [ app_begin ] --START--
INFO: Run ReadHtmlCache Behavior [ RunTime:0.001276s ]
INFO: [ app_begin ] --END-- [ RunTime:0.001370s ]
NOTIC: [8] Constant UC_CLIENT_VERSION already defined D:\wwwroot\mainweb\sdk\api\UcApi\Lib\Action\IndexAction.class.php 第 4 行.
NOTIC: [8] Constant UC_CLIENT_RELEASE already defined D:\wwwroot\mainweb\sdk\api\UcApi\Lib\Action\IndexAction.class.php 第 5 行.
NOTIC: [2048] Only variables should be passed by reference D:\wwwroot\mainweb\sdk\api\UcApi\Lib\Action\IndexAction.class.php 第 63 行.
NOTIC: [8] Constant API_RETURN_FAILED already defined D:\wwwroot\mainweb\sdk\uc_client\model\note.php 第 16 行.
SQL: SHOW COLUMNS FROM `sdk_accounts` [ RunTime:0.002305s ]
SQL: SELECT * FROM `sdk_accounts` WHERE ( `account_id` = 2381 ) LIMIT 1   [ RunTime:0.000318s ]
SQL: INSERT INTO `sdk_accounts` (`account_id`,`user_name`,`email`,`password`,`reg_time`) VALUES (2381,'JasonLaw','774193269@qq.com','b6fe6d11fa61275d2117c728dc99b7bdb68511ef',1373548164) [ RunTime:0.003673s ]

[ 2013-07-11T21:10:08+08:00 ] 192.168.166.83 /api/uc.php?time=1373548208&code=2a51PmyBQAxIDD2lpWpBHWAMpyMzLNYoVG54K%2FYa4zDf5voORtz8JSsQw9ziEpmh0sp1cZasabYqLykwMbMuNUvceFt2ohYASIplp38PwJJMfhn555CgDf4JEFVniZcJBfb7aqmcaCdQ%2F0mFnv7CKbTbmOKlmeHEdeCS68KoDsi8
INFO: [ app_begin ] --START--
INFO: Run ReadHtmlCache Behavior [ RunTime:0.002301s ]
INFO: [ app_begin ] --END-- [ RunTime:0.002395s ]
NOTIC: [8] Constant UC_CLIENT_VERSION already defined D:\wwwroot\mainweb\sdk\api\UcApi\Lib\Action\IndexAction.class.php 第 4 行.
NOTIC: [8] Constant UC_CLIENT_RELEASE already defined D:\wwwroot\mainweb\sdk\api\UcApi\Lib\Action\IndexAction.class.php 第 5 行.
NOTIC: [2048] Only variables should be passed by reference D:\wwwroot\mainweb\sdk\api\UcApi\Lib\Action\IndexAction.class.php 第 63 行.
NOTIC: [8] Constant API_RETURN_FAILED already defined D:\wwwroot\mainweb\sdk\uc_client\model\note.php 第 16 行.
SQL: SHOW COLUMNS FROM `sdk_accounts` [ RunTime:0.001935s ]
SQL: SELECT * FROM `sdk_accounts` WHERE ( `account_id` = 2381 ) LIMIT 1   [ RunTime:0.000285s ]

[ 2013-07-11T21:28:14+08:00 ] 192.168.137.67 /api/uc.php?time=1373549294&code=042afvEM%2FsR8uUSJ40Cq6IhaMQ6YmRg649VVpdZ6wzIqu9Zd1kx2t8OAOUi%2FYINCk5m0iP7FsDyl%2BsLUzrt421kzYbwHVwjkus23weV8JrRnpQmSJ13sCaKXU7O35WMCGJ4zwTUNuls%2BIcsFmCnVBwZPhaz8He7fWZal7Fs
INFO: [ app_begin ] --START--
INFO: Run ReadHtmlCache Behavior [ RunTime:0.001248s ]
INFO: [ app_begin ] --END-- [ RunTime:0.001339s ]
NOTIC: [8] Constant UC_CLIENT_VERSION already defined D:\wwwroot\mainweb\sdk\api\UcApi\Lib\Action\IndexAction.class.php 第 4 行.
NOTIC: [8] Constant UC_CLIENT_RELEASE already defined D:\wwwroot\mainweb\sdk\api\UcApi\Lib\Action\IndexAction.class.php 第 5 行.
NOTIC: [2048] Only variables should be passed by reference D:\wwwroot\mainweb\sdk\api\UcApi\Lib\Action\IndexAction.class.php 第 63 行.
NOTIC: [8] Constant API_RETURN_FAILED already defined D:\wwwroot\mainweb\sdk\uc_client\model\note.php 第 16 行.
SQL: SHOW COLUMNS FROM `sdk_accounts` [ RunTime:0.002052s ]
SQL: SELECT * FROM `sdk_accounts` WHERE ( `account_id` = 875 ) LIMIT 1   [ RunTime:0.000546s ]

[ 2013-07-11T23:06:29+08:00 ] 192.168.203.210 /api/uc.php?time=1373555188&code=e21aAVOOid7Z2F2ZVlf3eNLBmMs%2BzvLKPTLFDhgIq05M5yXhIrllNtPpipxTW5ZtiABUypLAU6Ziym6Ko6TWU0Wo917i24QM5vFaGIBw8WKRl1d3A8lK48bV2WdiT9HTY05JqArK4O7VW%2F0waQk9ysfqa0QGuFpCrY0VAsyDdJNS17n2ng
INFO: [ app_begin ] --START--
INFO: Run ReadHtmlCache Behavior [ RunTime:0.001357s ]
INFO: [ app_begin ] --END-- [ RunTime:0.001450s ]
NOTIC: [8] Constant UC_CLIENT_VERSION already defined D:\wwwroot\mainweb\sdk\api\UcApi\Lib\Action\IndexAction.class.php 第 4 行.
NOTIC: [8] Constant UC_CLIENT_RELEASE already defined D:\wwwroot\mainweb\sdk\api\UcApi\Lib\Action\IndexAction.class.php 第 5 行.
NOTIC: [2048] Only variables should be passed by reference D:\wwwroot\mainweb\sdk\api\UcApi\Lib\Action\IndexAction.class.php 第 63 行.
NOTIC: [8] Constant API_RETURN_FAILED already defined D:\wwwroot\mainweb\sdk\uc_client\model\note.php 第 16 行.
SQL: SHOW COLUMNS FROM `sdk_accounts` [ RunTime:0.002358s ]
SQL: SELECT * FROM `sdk_accounts` WHERE ( `account_id` = 1912 ) LIMIT 1   [ RunTime:0.000500s ]

