[ 2013-08-22T22:26:13+08:00 ] 192.168.206.135 /api/uc.php?time=1377181573&code=9615ZRi5g94%2B5hbSoq11ioKgNWIzQQ8tlaQJNMvKAEtznpUBmaoHDg6fiQCVeBpFZBSGKxGd68%2FesS3zpBAxcfA3H5bW%2FWRE%2BKo0xibcG0qfgPOAc7Xy%2F%2FUxudDRLTmRBlnA77aoDky4yFsaQ5vDba38d5DFhCqmxmJI58wz
INFO: [ app_begin ] --START--
INFO: Run ReadHtmlCache Behavior [ RunTime:0.001519s ]
INFO: [ app_begin ] --END-- [ RunTime:0.001623s ]
NOTIC: [8] Constant UC_CLIENT_VERSION already defined D:\wwwroot\mainweb\sdk\api\UcApi\Lib\Action\IndexAction.class.php 第 4 行.
NOTIC: [8] Constant UC_CLIENT_RELEASE already defined D:\wwwroot\mainweb\sdk\api\UcApi\Lib\Action\IndexAction.class.php 第 5 行.
NOTIC: [2048] Only variables should be passed by reference D:\wwwroot\mainweb\sdk\api\UcApi\Lib\Action\IndexAction.class.php 第 63 行.
NOTIC: [8] Constant API_RETURN_FAILED already defined D:\wwwroot\mainweb\sdk\uc_client\model\note.php 第 16 行.
SQL: SHOW COLUMNS FROM `sdk_accounts` [ RunTime:0.002323s ]
SQL: SELECT * FROM `sdk_accounts` WHERE ( `account_id` = 379 ) LIMIT 1   [ RunTime:0.000556s ]

[ 2013-08-22T23:52:22+08:00 ] 192.168.166.72 /api/uc.php?time=1377186742&code=e5acTSano3vEws5ZWRhoJm%2FLAQC5oCNZKAimRlAZ7a3yyhAVZ3Z3GzSylepT0h5q7xJMkUancOkah1N4XopQWQQ1EMPMqMmfLp5VjgU76cogD3Yi47PKbUcrGO4nBpvNMxAKUbjg4buIxWsPfBNYp67J3EQ9u2Ogf%2BTTbV6tVuRn
INFO: [ app_begin ] --START--
INFO: Run ReadHtmlCache Behavior [ RunTime:0.000990s ]
INFO: [ app_begin ] --END-- [ RunTime:0.001108s ]
NOTIC: [8] Constant UC_CLIENT_VERSION already defined D:\wwwroot\mainweb\sdk\api\UcApi\Lib\Action\IndexAction.class.php 第 4 行.
NOTIC: [8] Constant UC_CLIENT_RELEASE already defined D:\wwwroot\mainweb\sdk\api\UcApi\Lib\Action\IndexAction.class.php 第 5 行.
NOTIC: [2048] Only variables should be passed by reference D:\wwwroot\mainweb\sdk\api\UcApi\Lib\Action\IndexAction.class.php 第 63 行.
NOTIC: [8] Constant API_RETURN_FAILED already defined D:\wwwroot\mainweb\sdk\uc_client\model\note.php 第 16 行.
SQL: SHOW COLUMNS FROM `sdk_accounts` [ RunTime:0.002064s ]
SQL: SELECT * FROM `sdk_accounts` WHERE ( `account_id` = 2381 ) LIMIT 1   [ RunTime:0.000515s ]

