[ 2013-06-23T00:17:23+08:00 ] 192.168.155.146 /api/uc.php?time=1371917843&code=8278sMVpUVKlYq%2Fau%2B9tN19q4pWJpRTHTTQ3SnwP%2Ba%2FgjmE6yhHo8dYkZkK6xENsVZlUxJ5OHNo%2FyRWzmQo0xvsewcs1hYz8%2BkPDkhR7jn1IR3dFwQ9jA0f9gNXR87YsfBz3YYXprFFqxFkqcP4OQdvOL9qCPV8dGLrGr%2BAQXA
INFO: [ app_begin ] --START--
INFO: Run ReadHtmlCache Behavior [ RunTime:0.001339s ]
INFO: [ app_begin ] --END-- [ RunTime:0.001434s ]
NOTIC: [8] Constant UC_CLIENT_VERSION already defined D:\wwwroot\mainweb\sdk\api\UcApi\Lib\Action\IndexAction.class.php 第 4 行.
NOTIC: [8] Constant UC_CLIENT_RELEASE already defined D:\wwwroot\mainweb\sdk\api\UcApi\Lib\Action\IndexAction.class.php 第 5 行.
NOTIC: [2048] Only variables should be passed by reference D:\wwwroot\mainweb\sdk\api\UcApi\Lib\Action\IndexAction.class.php 第 63 行.
NOTIC: [8] Constant API_RETURN_FAILED already defined D:\wwwroot\mainweb\sdk\uc_client\model\note.php 第 16 行.
SQL: SHOW COLUMNS FROM `sdk_accounts` [ RunTime:0.002308s ]
SQL: SELECT * FROM `sdk_accounts` WHERE ( `account_id` = 2343 ) LIMIT 1   [ RunTime:0.000491s ]
SQL: INSERT INTO `sdk_accounts` (`account_id`,`user_name`,`email`,`password`,`reg_time`) VALUES (2343,'mio810','286006725@qq.com','1c81eed4302c78fffe94a83f90b1352e16e8965e',1371917843) [ RunTime:0.000728s ]

[ 2013-06-23T00:18:26+08:00 ] 192.168.155.146 /api/uc.php?time=1371917906&code=cbabmuARyLNJpALJuGad1mmLnQSzPO7M0ImhNXPLaXuCpCbztvXTJ72SqO36i9OEzRVKb4NNQlq2N%2FTr3NhMSb8C37E%2F9T%2F8FofuxeWkbdzdbDgWkedqyVBiGbM%2FaDGlydNSPAp2yfKwhd2cl%2BlFZULBhPQxOUxSXgiemYEUyg
INFO: [ app_begin ] --START--
INFO: Run ReadHtmlCache Behavior [ RunTime:0.001238s ]
INFO: [ app_begin ] --END-- [ RunTime:0.001340s ]
NOTIC: [8] Constant UC_CLIENT_VERSION already defined D:\wwwroot\mainweb\sdk\api\UcApi\Lib\Action\IndexAction.class.php 第 4 行.
NOTIC: [8] Constant UC_CLIENT_RELEASE already defined D:\wwwroot\mainweb\sdk\api\UcApi\Lib\Action\IndexAction.class.php 第 5 行.
NOTIC: [2048] Only variables should be passed by reference D:\wwwroot\mainweb\sdk\api\UcApi\Lib\Action\IndexAction.class.php 第 63 行.
NOTIC: [8] Constant API_RETURN_FAILED already defined D:\wwwroot\mainweb\sdk\uc_client\model\note.php 第 16 行.
SQL: SHOW COLUMNS FROM `sdk_accounts` [ RunTime:0.002446s ]
SQL: SELECT * FROM `sdk_accounts` WHERE ( `account_id` = 2343 ) LIMIT 1   [ RunTime:0.000513s ]

[ 2013-06-23T00:50:45+08:00 ] 192.168.136.10 /api/uc.php?time=1371919845&code=bcd90sevOcDV9P3%2BJArEqc2qzGXFEzW0xKgsNP%2BnZbhNldffWn2gRHa0ic6w2yS6bs6cxrWV6xU1PmnU9lXmu4y0E3CnnYcqAMxwQlKjE7stUtgJYVrllUzZkSx%2FobsF8%2FPMCSkptr%2BpikYSYJdsYmXX2pNo7AXe%2BElnxvo
INFO: [ app_begin ] --START--
INFO: Run ReadHtmlCache Behavior [ RunTime:0.001337s ]
INFO: [ app_begin ] --END-- [ RunTime:0.001433s ]
NOTIC: [8] Constant UC_CLIENT_VERSION already defined D:\wwwroot\mainweb\sdk\api\UcApi\Lib\Action\IndexAction.class.php 第 4 行.
NOTIC: [8] Constant UC_CLIENT_RELEASE already defined D:\wwwroot\mainweb\sdk\api\UcApi\Lib\Action\IndexAction.class.php 第 5 行.
NOTIC: [2048] Only variables should be passed by reference D:\wwwroot\mainweb\sdk\api\UcApi\Lib\Action\IndexAction.class.php 第 63 行.
NOTIC: [8] Constant API_RETURN_FAILED already defined D:\wwwroot\mainweb\sdk\uc_client\model\note.php 第 16 行.
SQL: SHOW COLUMNS FROM `sdk_accounts` [ RunTime:0.003631s ]
SQL: SELECT * FROM `sdk_accounts` WHERE ( `account_id` = 1580 ) LIMIT 1   [ RunTime:0.000742s ]

[ 2013-06-23T00:50:47+08:00 ] 183.3.150.202 /api/uc.php?time=1371919846&code=4e3bbKafaFO7BmHmGzFx70jAHDlyopF8ZojdJ9L5szDcvLOWptI5OpCW5v3wo1Pefe2SKjxrHLl1R7JkNXaOg21Qe8K%2BmT2SiKiquAUJY7UBVyvgIDcWePyXd%2Bqq9sWJYsWBmaYRf0um5QuDEt9UyfDjVEa3WknhiAaciaVD
INFO: [ app_begin ] --START--
INFO: Run ReadHtmlCache Behavior [ RunTime:0.002665s ]
INFO: [ app_begin ] --END-- [ RunTime:0.002767s ]
NOTIC: [8] Constant UC_CLIENT_VERSION already defined D:\wwwroot\mainweb\sdk\api\UcApi\Lib\Action\IndexAction.class.php 第 4 行.
NOTIC: [8] Constant UC_CLIENT_RELEASE already defined D:\wwwroot\mainweb\sdk\api\UcApi\Lib\Action\IndexAction.class.php 第 5 行.
NOTIC: [2048] Only variables should be passed by reference D:\wwwroot\mainweb\sdk\api\UcApi\Lib\Action\IndexAction.class.php 第 63 行.
NOTIC: [8] Constant API_RETURN_FAILED already defined D:\wwwroot\mainweb\sdk\uc_client\model\note.php 第 16 行.
SQL: SHOW COLUMNS FROM `sdk_accounts` [ RunTime:0.002123s ]
SQL: SELECT * FROM `sdk_accounts` WHERE ( `account_id` = 893 ) LIMIT 1   [ RunTime:0.000600s ]

[ 2013-06-23T09:12:05+08:00 ] 192.168.173.138 /api/uc.php?time=1371949924&code=2973m2CNk4tijs650yiDIyXkgCjfhI0RWX9h%2F4r%2B%2FkPuOka%2BpI5Bu2JpuTC3%2FdAvCqrM1lUIlfOtpwtM2hNL9ZbDTQRFs4srX13CNwKvoyWHxqb0I5LdGbQvj02%2FyT%2FjJ8jd61vcFW6h5mnEpeNq4tvnsLJmNHgciCwc
INFO: [ app_begin ] --START--
INFO: Run ReadHtmlCache Behavior [ RunTime:0.001332s ]
INFO: [ app_begin ] --END-- [ RunTime:0.001428s ]
NOTIC: [8] Constant UC_CLIENT_VERSION already defined D:\wwwroot\mainweb\sdk\api\UcApi\Lib\Action\IndexAction.class.php 第 4 行.
NOTIC: [8] Constant UC_CLIENT_RELEASE already defined D:\wwwroot\mainweb\sdk\api\UcApi\Lib\Action\IndexAction.class.php 第 5 行.
NOTIC: [2048] Only variables should be passed by reference D:\wwwroot\mainweb\sdk\api\UcApi\Lib\Action\IndexAction.class.php 第 63 行.
NOTIC: [8] Constant API_RETURN_FAILED already defined D:\wwwroot\mainweb\sdk\uc_client\model\note.php 第 16 行.
SQL: SHOW COLUMNS FROM `sdk_accounts` [ RunTime:0.002332s ]
SQL: SELECT * FROM `sdk_accounts` WHERE ( `account_id` = 827 ) LIMIT 1   [ RunTime:0.000355s ]

[ 2013-06-23T09:22:43+08:00 ] 192.168.184.134 /api/uc.php?time=1371950563&code=058fuoyOTFac0bXeiRy62mgqXpnQlgQ0wKC6VXcDhGiDvy%2BfZ1aem7gMNWAa%2BAoxVLYOY8UbT6%2F06DfsnUDh3YXc3Zz1%2BTeTR47Mk1kgKz9ASZCrDfzJvuAjR2W5dzM0tI3r9uscb5a3bbwTCZSLrJbCxWCBJpiYcXJXsM2K7S2WnA
INFO: [ app_begin ] --START--
INFO: Run ReadHtmlCache Behavior [ RunTime:0.001476s ]
INFO: [ app_begin ] --END-- [ RunTime:0.001574s ]
NOTIC: [8] Constant UC_CLIENT_VERSION already defined D:\wwwroot\mainweb\sdk\api\UcApi\Lib\Action\IndexAction.class.php 第 4 行.
NOTIC: [8] Constant UC_CLIENT_RELEASE already defined D:\wwwroot\mainweb\sdk\api\UcApi\Lib\Action\IndexAction.class.php 第 5 行.
NOTIC: [2048] Only variables should be passed by reference D:\wwwroot\mainweb\sdk\api\UcApi\Lib\Action\IndexAction.class.php 第 63 行.
NOTIC: [8] Constant API_RETURN_FAILED already defined D:\wwwroot\mainweb\sdk\uc_client\model\note.php 第 16 行.
SQL: SHOW COLUMNS FROM `sdk_accounts` [ RunTime:0.002175s ]
SQL: SELECT * FROM `sdk_accounts` WHERE ( `account_id` = 2344 ) LIMIT 1   [ RunTime:0.000484s ]
SQL: INSERT INTO `sdk_accounts` (`account_id`,`user_name`,`email`,`password`,`reg_time`) VALUES (2344,'caini0312','541984163@qq.com','2f0b05fd358aace6d844fe9a270297eb9f841188',1371950563) [ RunTime:0.001416s ]

[ 2013-06-23T09:23:23+08:00 ] 192.168.184.134 /api/uc.php?time=1371950603&code=155fz3p3CFfI8OKtx%2F1MmiHuBAHL%2F7HuCLPjXBrvLBQTfpTo2o5Yxk4szhj2HqKBBIT6qEnxsvLcfV%2FchPYpGz7T%2BvQUGVXtZAN9G2KNihmLjq54ffU8zcx%2BLX6DQYriFOWDXCxoDEV2D9aU9R99ute2nBT2ForCOoxw0SQzI1vvGA
INFO: [ app_begin ] --START--
INFO: Run ReadHtmlCache Behavior [ RunTime:0.001147s ]
INFO: [ app_begin ] --END-- [ RunTime:0.001243s ]
NOTIC: [8] Constant UC_CLIENT_VERSION already defined D:\wwwroot\mainweb\sdk\api\UcApi\Lib\Action\IndexAction.class.php 第 4 行.
NOTIC: [8] Constant UC_CLIENT_RELEASE already defined D:\wwwroot\mainweb\sdk\api\UcApi\Lib\Action\IndexAction.class.php 第 5 行.
NOTIC: [2048] Only variables should be passed by reference D:\wwwroot\mainweb\sdk\api\UcApi\Lib\Action\IndexAction.class.php 第 63 行.
NOTIC: [8] Constant API_RETURN_FAILED already defined D:\wwwroot\mainweb\sdk\uc_client\model\note.php 第 16 行.
SQL: SHOW COLUMNS FROM `sdk_accounts` [ RunTime:0.002070s ]
SQL: SELECT * FROM `sdk_accounts` WHERE ( `account_id` = 2344 ) LIMIT 1   [ RunTime:0.000501s ]

[ 2013-06-23T09:28:44+08:00 ] 192.168.230.10 /api/uc.php?time=1371950922&code=7891nzo7npRz6XsD3DPtN%2BtoLlmfSnRru5rm6ajibznOYe8OZfoa2cQUf3JNCbqrJ8995v70VeqZuGBzQki4X%2FlFK6gaAYu1dxB8c1mGK7Uga1lk5prEWE%2BBWz91XgqpA5GapAg9EzLGx0NB8UF%2BubYGz%2F4duLyI4YaY%2FpK29z0HH36zIjaUEQ
INFO: [ app_begin ] --START--
INFO: Run ReadHtmlCache Behavior [ RunTime:0.001245s ]
INFO: [ app_begin ] --END-- [ RunTime:0.001341s ]
NOTIC: [8] Constant UC_CLIENT_VERSION already defined D:\wwwroot\mainweb\sdk\api\UcApi\Lib\Action\IndexAction.class.php 第 4 行.
NOTIC: [8] Constant UC_CLIENT_RELEASE already defined D:\wwwroot\mainweb\sdk\api\UcApi\Lib\Action\IndexAction.class.php 第 5 行.
NOTIC: [2048] Only variables should be passed by reference D:\wwwroot\mainweb\sdk\api\UcApi\Lib\Action\IndexAction.class.php 第 63 行.
NOTIC: [8] Constant API_RETURN_FAILED already defined D:\wwwroot\mainweb\sdk\uc_client\model\note.php 第 16 行.
SQL: SHOW COLUMNS FROM `sdk_accounts` [ RunTime:0.002055s ]
SQL: SELECT * FROM `sdk_accounts` WHERE ( `account_id` = 2086 ) LIMIT 1   [ RunTime:0.000498s ]

[ 2013-06-23T09:29:18+08:00 ] 192.168.203.137 /api/uc.php?time=1371950958&code=f7a6YqK2pnO0WO2uLTBRyTYv0f%2Fh06Ip7uLVi4KXA%2FpAf76FCgk5T%2BbqR5jplgh9G9AdqVMfzR6f8qhF2Rox0l6zIFXyGcyhmJu52EnvsQN8GrIALB8OsKw2X1rNHicG%2BCOK0bR6Do7eKZotbxTpaMAAX9L5%2BpzDwlli7%2FQh
INFO: [ app_begin ] --START--
INFO: Run ReadHtmlCache Behavior [ RunTime:0.001825s ]
INFO: [ app_begin ] --END-- [ RunTime:0.001919s ]
NOTIC: [8] Constant UC_CLIENT_VERSION already defined D:\wwwroot\mainweb\sdk\api\UcApi\Lib\Action\IndexAction.class.php 第 4 行.
NOTIC: [8] Constant UC_CLIENT_RELEASE already defined D:\wwwroot\mainweb\sdk\api\UcApi\Lib\Action\IndexAction.class.php 第 5 行.
NOTIC: [2048] Only variables should be passed by reference D:\wwwroot\mainweb\sdk\api\UcApi\Lib\Action\IndexAction.class.php 第 63 行.
NOTIC: [8] Constant API_RETURN_FAILED already defined D:\wwwroot\mainweb\sdk\uc_client\model\note.php 第 16 行.
SQL: SHOW COLUMNS FROM `sdk_accounts` [ RunTime:0.001845s ]
SQL: SELECT * FROM `sdk_accounts` WHERE ( `account_id` = 517 ) LIMIT 1   [ RunTime:0.000339s ]

[ 2013-06-23T09:29:25+08:00 ] 192.168.230.10 /api/uc.php?time=1371950963&code=ad37KYeamudaKnSfsTBPDjSqBvv3woAIE%2FXsba7t0Vl2UJZBqM1OW8JeH7HglXdqzcatRn2XCtibBzrCkA
INFO: [ app_begin ] --START--
INFO: Run ReadHtmlCache Behavior [ RunTime:0.001259s ]
INFO: [ app_begin ] --END-- [ RunTime:0.001359s ]
NOTIC: [8] Constant UC_CLIENT_VERSION already defined D:\wwwroot\mainweb\sdk\api\UcApi\Lib\Action\IndexAction.class.php 第 4 行.
NOTIC: [8] Constant UC_CLIENT_RELEASE already defined D:\wwwroot\mainweb\sdk\api\UcApi\Lib\Action\IndexAction.class.php 第 5 行.
NOTIC: [2048] Only variables should be passed by reference D:\wwwroot\mainweb\sdk\api\UcApi\Lib\Action\IndexAction.class.php 第 63 行.

[ 2013-06-23T09:29:57+08:00 ] 192.168.230.10 /api/uc.php?time=1371950997&code=e044kMipN45pP2aU1MXZxPY3eRj6et5LQ8vPzfH01Tvn6e5JwGyhXvbTQBHepwiRK1a4GhzAVDdDVmc%2BVe%2FE9tMyqppsUk0Iz%2FUNNW3tMBfucl6LvfHf35LZrSAyWrs0C%2BjU%2BOrOflqGr3wdgJK6CuKWN%2BzDPZkBrGhebSf0sVnmsI%2FLDZ4jmw
INFO: [ app_begin ] --START--
INFO: Run ReadHtmlCache Behavior [ RunTime:0.001220s ]
INFO: [ app_begin ] --END-- [ RunTime:0.001314s ]
NOTIC: [8] Constant UC_CLIENT_VERSION already defined D:\wwwroot\mainweb\sdk\api\UcApi\Lib\Action\IndexAction.class.php 第 4 行.
NOTIC: [8] Constant UC_CLIENT_RELEASE already defined D:\wwwroot\mainweb\sdk\api\UcApi\Lib\Action\IndexAction.class.php 第 5 行.
NOTIC: [2048] Only variables should be passed by reference D:\wwwroot\mainweb\sdk\api\UcApi\Lib\Action\IndexAction.class.php 第 63 行.
NOTIC: [8] Constant API_RETURN_FAILED already defined D:\wwwroot\mainweb\sdk\uc_client\model\note.php 第 16 行.
SQL: SHOW COLUMNS FROM `sdk_accounts` [ RunTime:0.001847s ]
SQL: SELECT * FROM `sdk_accounts` WHERE ( `account_id` = 2086 ) LIMIT 1   [ RunTime:0.000225s ]

[ 2013-06-23T09:31:36+08:00 ] 192.168.133.193 /api/uc.php?time=1371951095&code=7688MxuxFnzfSTJ9%2FNxWTd8QwU8qsFKOaC0BApI3JuJszok%2BlYgZm5XF0QLchm%2BrFzAkW%2BhAjrKzYkR1Acs24LRjnTNS%2BEbLTom6cEDcRsEScmtwjnWB1NviixHvJz8fKivJoYmvm9kQb63r%2BSU%2FotXIa2EuanfgSTHeAFjeY9T5pydf7Q
INFO: [ app_begin ] --START--
INFO: Run ReadHtmlCache Behavior [ RunTime:0.001450s ]
INFO: [ app_begin ] --END-- [ RunTime:0.001548s ]
NOTIC: [8] Constant UC_CLIENT_VERSION already defined D:\wwwroot\mainweb\sdk\api\UcApi\Lib\Action\IndexAction.class.php 第 4 行.
NOTIC: [8] Constant UC_CLIENT_RELEASE already defined D:\wwwroot\mainweb\sdk\api\UcApi\Lib\Action\IndexAction.class.php 第 5 行.
NOTIC: [2048] Only variables should be passed by reference D:\wwwroot\mainweb\sdk\api\UcApi\Lib\Action\IndexAction.class.php 第 63 行.
NOTIC: [8] Constant API_RETURN_FAILED already defined D:\wwwroot\mainweb\sdk\uc_client\model\note.php 第 16 行.
SQL: SHOW COLUMNS FROM `sdk_accounts` [ RunTime:0.001904s ]
SQL: SELECT * FROM `sdk_accounts` WHERE ( `account_id` = 1713 ) LIMIT 1   [ RunTime:0.000556s ]

[ 2013-06-23T09:32:21+08:00 ] 192.168.230.10 /api/uc.php?time=1371951140&code=7c3fHm4k1UEVjr4WnTf%2BWCFAxJU9m5hbWRZHnLUIAh6tTu9bEGauUmrQd09TAlMpNtzwZi7vgR%2Fx0tZRSA
INFO: [ app_begin ] --START--
INFO: Run ReadHtmlCache Behavior [ RunTime:0.001100s ]
INFO: [ app_begin ] --END-- [ RunTime:0.001192s ]
NOTIC: [8] Constant UC_CLIENT_VERSION already defined D:\wwwroot\mainweb\sdk\api\UcApi\Lib\Action\IndexAction.class.php 第 4 行.
NOTIC: [8] Constant UC_CLIENT_RELEASE already defined D:\wwwroot\mainweb\sdk\api\UcApi\Lib\Action\IndexAction.class.php 第 5 行.
NOTIC: [2048] Only variables should be passed by reference D:\wwwroot\mainweb\sdk\api\UcApi\Lib\Action\IndexAction.class.php 第 63 行.

[ 2013-06-23T09:39:11+08:00 ] 192.168.205.28 /api/uc.php?time=1371951551&code=2093u7ocwVlU0cphviiobvPMhJhXDf47TlMusOm0xlPTIh12wDQ9AyDHIXIzQFK0zAe7Cx8VALm3eTfxig
INFO: [ app_begin ] --START--
INFO: Run ReadHtmlCache Behavior [ RunTime:0.001301s ]
INFO: [ app_begin ] --END-- [ RunTime:0.001432s ]
NOTIC: [8] Constant UC_CLIENT_VERSION already defined D:\wwwroot\mainweb\sdk\api\UcApi\Lib\Action\IndexAction.class.php 第 4 行.
NOTIC: [8] Constant UC_CLIENT_RELEASE already defined D:\wwwroot\mainweb\sdk\api\UcApi\Lib\Action\IndexAction.class.php 第 5 行.
NOTIC: [2048] Only variables should be passed by reference D:\wwwroot\mainweb\sdk\api\UcApi\Lib\Action\IndexAction.class.php 第 63 行.

[ 2013-06-23T09:39:11+08:00 ] 202.116.192.50 /api/uc.php?code=a6c4kjGlUKUWZFg8EOFByxleWhGtHwOXmjV4RVvAOcs4iHaouWmZXW4iHum6jIqSODNZs7rvRNVpLtCjDiAjyyqwFgq9Hqg3xDw65MK9B%2BSNEw1XYw&__times__=1
INFO: [ app_begin ] --START--
INFO: Run ReadHtmlCache Behavior [ RunTime:0.002431s ]
INFO: [ app_begin ] --END-- [ RunTime:0.002528s ]
NOTIC: [8] Constant UC_CLIENT_VERSION already defined D:\wwwroot\mainweb\sdk\api\UcApi\Lib\Action\IndexAction.class.php 第 4 行.
NOTIC: [8] Constant UC_CLIENT_RELEASE already defined D:\wwwroot\mainweb\sdk\api\UcApi\Lib\Action\IndexAction.class.php 第 5 行.
NOTIC: [2048] Only variables should be passed by reference D:\wwwroot\mainweb\sdk\api\UcApi\Lib\Action\IndexAction.class.php 第 63 行.

[ 2013-06-23T09:39:38+08:00 ] 192.168.235.79 /api/uc.php?time=1371951578&code=54a2EqV6lB9by7ETrKUdVdbv9lTwSguHnsiDLt%2FQwBWpyiJ0NoNaHlaG%2BdefQkGML0R46ZZrXeDM5D3z4wVPqvqoRjRFjaQHmWCrCaCQmDz4g5WqGlUiGn06oXZo36GvbW6mST02yx9PMZouzOhSdeTUpgv8ajHs967d%2Bvo
INFO: [ app_begin ] --START--
INFO: Run ReadHtmlCache Behavior [ RunTime:0.001133s ]
INFO: [ app_begin ] --END-- [ RunTime:0.001228s ]
NOTIC: [8] Constant UC_CLIENT_VERSION already defined D:\wwwroot\mainweb\sdk\api\UcApi\Lib\Action\IndexAction.class.php 第 4 行.
NOTIC: [8] Constant UC_CLIENT_RELEASE already defined D:\wwwroot\mainweb\sdk\api\UcApi\Lib\Action\IndexAction.class.php 第 5 行.
NOTIC: [2048] Only variables should be passed by reference D:\wwwroot\mainweb\sdk\api\UcApi\Lib\Action\IndexAction.class.php 第 63 行.
NOTIC: [8] Constant API_RETURN_FAILED already defined D:\wwwroot\mainweb\sdk\uc_client\model\note.php 第 16 行.
SQL: SHOW COLUMNS FROM `sdk_accounts` [ RunTime:0.002132s ]
SQL: SELECT * FROM `sdk_accounts` WHERE ( `account_id` = 218 ) LIMIT 1   [ RunTime:0.000466s ]

[ 2013-06-23T09:39:40+08:00 ] 192.168.205.28 /api/uc.php?time=1371951580&code=c66amkl1lFp7BOBuEtWWYB%2FhkkfDiPQeb97fjQtRz%2Blx4VDTi8y4hsg%2BU81rHfxK2D%2BF3SYDTwkXWSuW3OT0AOIXJMHxfv%2FQCM92hcA%2FkOtZshZSEJ56p2hEl4S3O18LTOTMRIXl6RPNa%2BYjeY2HH22e%2F37p3o%2F243JtEGg
INFO: [ app_begin ] --START--
INFO: Run ReadHtmlCache Behavior [ RunTime:0.002850s ]
INFO: [ app_begin ] --END-- [ RunTime:0.002945s ]
NOTIC: [8] Constant UC_CLIENT_VERSION already defined D:\wwwroot\mainweb\sdk\api\UcApi\Lib\Action\IndexAction.class.php 第 4 行.
NOTIC: [8] Constant UC_CLIENT_RELEASE already defined D:\wwwroot\mainweb\sdk\api\UcApi\Lib\Action\IndexAction.class.php 第 5 行.
NOTIC: [2048] Only variables should be passed by reference D:\wwwroot\mainweb\sdk\api\UcApi\Lib\Action\IndexAction.class.php 第 63 行.
NOTIC: [8] Constant API_RETURN_FAILED already defined D:\wwwroot\mainweb\sdk\uc_client\model\note.php 第 16 行.
SQL: SHOW COLUMNS FROM `sdk_accounts` [ RunTime:0.002003s ]
SQL: SELECT * FROM `sdk_accounts` WHERE ( `account_id` = 218 ) LIMIT 1   [ RunTime:0.000244s ]

[ 2013-06-23T09:39:49+08:00 ] 192.168.230.10 /api/uc.php?time=1371951589&code=00e6GK9ZnCelgnbL%2Fhk6xUZUARnC2f%2FmawFcACLVXu8nfL8y4zk5gzicONeU%2F5TD2JyYPZw5zlZVxFVrcS0jEcwajPZiQpQJ%2BneRfr%2F87GHW6eCKUpIQt%2Bf0opCboXduevfRdngDLijZgmVADJtA5d3z0xJIWvX6TsnzHV1jt9YOIBeBQ5YiCQ
INFO: [ app_begin ] --START--
INFO: Run ReadHtmlCache Behavior [ RunTime:0.001254s ]
INFO: [ app_begin ] --END-- [ RunTime:0.001349s ]
NOTIC: [8] Constant UC_CLIENT_VERSION already defined D:\wwwroot\mainweb\sdk\api\UcApi\Lib\Action\IndexAction.class.php 第 4 行.
NOTIC: [8] Constant UC_CLIENT_RELEASE already defined D:\wwwroot\mainweb\sdk\api\UcApi\Lib\Action\IndexAction.class.php 第 5 行.
NOTIC: [2048] Only variables should be passed by reference D:\wwwroot\mainweb\sdk\api\UcApi\Lib\Action\IndexAction.class.php 第 63 行.
NOTIC: [8] Constant API_RETURN_FAILED already defined D:\wwwroot\mainweb\sdk\uc_client\model\note.php 第 16 行.
SQL: SHOW COLUMNS FROM `sdk_accounts` [ RunTime:0.002042s ]
SQL: SELECT * FROM `sdk_accounts` WHERE ( `account_id` = 2086 ) LIMIT 1   [ RunTime:0.000322s ]

[ 2013-06-23T09:41:18+08:00 ] 192.168.235.79 /api/uc.php?time=1371951678&code=c7a6Jn09hr0iIjOynJjdvonI%2BvRMed%2Bcyw6yahfPkeUXxhYo85lDNpuu9uBrHIJ1GWQy8fCoUsHyB91LEg
INFO: [ app_begin ] --START--
INFO: Run ReadHtmlCache Behavior [ RunTime:0.001892s ]
INFO: [ app_begin ] --END-- [ RunTime:0.001992s ]
NOTIC: [8] Constant UC_CLIENT_VERSION already defined D:\wwwroot\mainweb\sdk\api\UcApi\Lib\Action\IndexAction.class.php 第 4 行.
NOTIC: [8] Constant UC_CLIENT_RELEASE already defined D:\wwwroot\mainweb\sdk\api\UcApi\Lib\Action\IndexAction.class.php 第 5 行.
NOTIC: [2048] Only variables should be passed by reference D:\wwwroot\mainweb\sdk\api\UcApi\Lib\Action\IndexAction.class.php 第 63 行.

[ 2013-06-23T09:45:36+08:00 ] 192.168.201.80 /api/uc.php?time=1371951935&code=4ba9ZGGMVh5iQESWX0G3Acr9VLkubrMJRD4xLxw5xYw8Nm0eBrpmRp9C50cCDvOvyJXEEr7NXKzRjVCoVpfA8WX6A0rJq9cf4LyFDehTUrrqg4qhAwz4Eh0cUJy33P488MmMKnlMHxBC6gPfdoI4jdK0Ukg5Wjj%2BRXHQaLYfrWwJZQ
INFO: [ app_begin ] --START--
INFO: Run ReadHtmlCache Behavior [ RunTime:0.001215s ]
INFO: [ app_begin ] --END-- [ RunTime:0.001311s ]
NOTIC: [8] Constant UC_CLIENT_VERSION already defined D:\wwwroot\mainweb\sdk\api\UcApi\Lib\Action\IndexAction.class.php 第 4 行.
NOTIC: [8] Constant UC_CLIENT_RELEASE already defined D:\wwwroot\mainweb\sdk\api\UcApi\Lib\Action\IndexAction.class.php 第 5 行.
NOTIC: [2048] Only variables should be passed by reference D:\wwwroot\mainweb\sdk\api\UcApi\Lib\Action\IndexAction.class.php 第 63 行.
NOTIC: [8] Constant API_RETURN_FAILED already defined D:\wwwroot\mainweb\sdk\uc_client\model\note.php 第 16 行.
SQL: SHOW COLUMNS FROM `sdk_accounts` [ RunTime:0.002026s ]
SQL: SELECT * FROM `sdk_accounts` WHERE ( `account_id` = 2288 ) LIMIT 1   [ RunTime:0.000340s ]
SQL: INSERT INTO `sdk_accounts` (`account_id`,`user_name`,`email`,`password`,`reg_time`) VALUES (2288,'343315285','343315285@qq.com','8579c5af1da1cab088f68a3f2c4383963dbaa9a4',1371951936) [ RunTime:0.000637s ]

[ 2013-06-23T09:52:08+08:00 ] 192.168.235.79 /api/uc.php?time=1371952328&code=27eaxvBOcLdFfjU4CqwwCZM6dz4OCJsuygrIbSYtzQNrYq9UMJKpWP0uQIG%2FEKqJAym3Bk280UVPAvZr2SUujjLWpz2sqB4hWo5fCIkk5VqKM4b9%2BUE6p6BdlilSwQcw1y2xRU62MRrEmjVLq9QVejdFATZS2G3qQuiI4Oc
INFO: [ app_begin ] --START--
INFO: Run ReadHtmlCache Behavior [ RunTime:0.001327s ]
INFO: [ app_begin ] --END-- [ RunTime:0.001423s ]
NOTIC: [8] Constant UC_CLIENT_VERSION already defined D:\wwwroot\mainweb\sdk\api\UcApi\Lib\Action\IndexAction.class.php 第 4 行.
NOTIC: [8] Constant UC_CLIENT_RELEASE already defined D:\wwwroot\mainweb\sdk\api\UcApi\Lib\Action\IndexAction.class.php 第 5 行.
NOTIC: [2048] Only variables should be passed by reference D:\wwwroot\mainweb\sdk\api\UcApi\Lib\Action\IndexAction.class.php 第 63 行.
NOTIC: [8] Constant API_RETURN_FAILED already defined D:\wwwroot\mainweb\sdk\uc_client\model\note.php 第 16 行.
SQL: SHOW COLUMNS FROM `sdk_accounts` [ RunTime:0.001955s ]
SQL: SELECT * FROM `sdk_accounts` WHERE ( `account_id` = 218 ) LIMIT 1   [ RunTime:0.000587s ]

[ 2013-06-23T10:33:05+08:00 ] 192.168.205.28 /api/uc.php?time=1371954785&code=cac96QfpEo%2Ff4R%2BV%2FqCT8dtHUQCP7DzDYy%2FI0D53uYGi6JLZnbFTXnedBz7Da15GcXIwa6EfiSAuTAiqb41VhutuT%2BKb7TV007luXEiTUfHP2TRRFlG8cEJyTjRWM%2FXWOaDcl13Zvkg0PQZbAGeUv1wvLFyQcrrMbUCWUR4JiWxwYPHfBA
INFO: [ app_begin ] --START--
INFO: Run ReadHtmlCache Behavior [ RunTime:0.001266s ]
INFO: [ app_begin ] --END-- [ RunTime:0.001361s ]
NOTIC: [8] Constant UC_CLIENT_VERSION already defined D:\wwwroot\mainweb\sdk\api\UcApi\Lib\Action\IndexAction.class.php 第 4 行.
NOTIC: [8] Constant UC_CLIENT_RELEASE already defined D:\wwwroot\mainweb\sdk\api\UcApi\Lib\Action\IndexAction.class.php 第 5 行.
NOTIC: [2048] Only variables should be passed by reference D:\wwwroot\mainweb\sdk\api\UcApi\Lib\Action\IndexAction.class.php 第 63 行.
NOTIC: [8] Constant API_RETURN_FAILED already defined D:\wwwroot\mainweb\sdk\uc_client\model\note.php 第 16 行.
SQL: SHOW COLUMNS FROM `sdk_accounts` [ RunTime:0.002195s ]
SQL: SELECT * FROM `sdk_accounts` WHERE ( `account_id` = 2337 ) LIMIT 1   [ RunTime:0.000409s ]

[ 2013-06-23T11:37:20+08:00 ] 192.168.185.196 /api/uc.php?time=1371958640&code=dfeb3Fh%2BDhr9lQUn0hKZBFefc5Eo6isTHRQxK9VtbJhqqGeXeB0ffrpyiBaZOd2paWANm6WgJ9nusmHvNjf2%2FV8RsyazIbjSWaqTOpLiaJZlQy3D1xzqUJ9UTlqK8hyZaf7TiZ8bJAyTNqlzHhTHgg2JcCdrMZxxlFkxXGU
INFO: [ app_begin ] --START--
INFO: Run ReadHtmlCache Behavior [ RunTime:0.001363s ]
INFO: [ app_begin ] --END-- [ RunTime:0.001462s ]
NOTIC: [8] Constant UC_CLIENT_VERSION already defined D:\wwwroot\mainweb\sdk\api\UcApi\Lib\Action\IndexAction.class.php 第 4 行.
NOTIC: [8] Constant UC_CLIENT_RELEASE already defined D:\wwwroot\mainweb\sdk\api\UcApi\Lib\Action\IndexAction.class.php 第 5 行.
NOTIC: [2048] Only variables should be passed by reference D:\wwwroot\mainweb\sdk\api\UcApi\Lib\Action\IndexAction.class.php 第 63 行.
NOTIC: [8] Constant API_RETURN_FAILED already defined D:\wwwroot\mainweb\sdk\uc_client\model\note.php 第 16 行.
SQL: SHOW COLUMNS FROM `sdk_accounts` [ RunTime:0.001986s ]
SQL: SELECT * FROM `sdk_accounts` WHERE ( `account_id` = 2090 ) LIMIT 1   [ RunTime:0.000346s ]

[ 2013-06-23T12:14:11+08:00 ] 192.168.172.148 /api/uc.php?time=1371960851&code=2c420W3oJB6a%2FlO%2B9JkVNV4vpQY2B4wiOO8NVpaoHsBM1jKYzsp1%2BlVUY10PEUZhZWW%2FNGbdqfu8vICKQBRjs9nusSterMSvnHI5mwbVgx7JGusqh0i2tR5HZ3QzWdbb2mdI3KpMfe8rTnhTXnBxpmivED9y9iJtMec9Jmo%2B
INFO: [ app_begin ] --START--
INFO: Run ReadHtmlCache Behavior [ RunTime:0.001243s ]
INFO: [ app_begin ] --END-- [ RunTime:0.001338s ]
NOTIC: [8] Constant UC_CLIENT_VERSION already defined D:\wwwroot\mainweb\sdk\api\UcApi\Lib\Action\IndexAction.class.php 第 4 行.
NOTIC: [8] Constant UC_CLIENT_RELEASE already defined D:\wwwroot\mainweb\sdk\api\UcApi\Lib\Action\IndexAction.class.php 第 5 行.
NOTIC: [2048] Only variables should be passed by reference D:\wwwroot\mainweb\sdk\api\UcApi\Lib\Action\IndexAction.class.php 第 63 行.
NOTIC: [8] Constant API_RETURN_FAILED already defined D:\wwwroot\mainweb\sdk\uc_client\model\note.php 第 16 行.
SQL: SHOW COLUMNS FROM `sdk_accounts` [ RunTime:0.002117s ]
SQL: SELECT * FROM `sdk_accounts` WHERE ( `account_id` = 2299 ) LIMIT 1   [ RunTime:0.000465s ]

[ 2013-06-23T12:40:42+08:00 ] 192.168.178.150 /api/uc.php?time=1371962442&code=da3fBBzI2iNT6%2FdHsWYpmL%2BIj%2FhfDIHtUl5rL49wlMOKIDMp5ELYEU74dC3t%2FDIYV3tHWHKf35zHPI1mZwerRdZC6gCeb9%2FWLDKenYZm483QlWiykw6VsY2uUe7i9Wvs5SzwwA3tz7CBO4I%2BbTXtMPaCEXTwHhOToYqCBzssBg
INFO: [ app_begin ] --START--
INFO: Run ReadHtmlCache Behavior [ RunTime:0.001326s ]
INFO: [ app_begin ] --END-- [ RunTime:0.001421s ]
NOTIC: [8] Constant UC_CLIENT_VERSION already defined D:\wwwroot\mainweb\sdk\api\UcApi\Lib\Action\IndexAction.class.php 第 4 行.
NOTIC: [8] Constant UC_CLIENT_RELEASE already defined D:\wwwroot\mainweb\sdk\api\UcApi\Lib\Action\IndexAction.class.php 第 5 行.
NOTIC: [2048] Only variables should be passed by reference D:\wwwroot\mainweb\sdk\api\UcApi\Lib\Action\IndexAction.class.php 第 63 行.
NOTIC: [8] Constant API_RETURN_FAILED already defined D:\wwwroot\mainweb\sdk\uc_client\model\note.php 第 16 行.
SQL: SHOW COLUMNS FROM `sdk_accounts` [ RunTime:0.001979s ]
SQL: SELECT * FROM `sdk_accounts` WHERE ( `account_id` = 2173 ) LIMIT 1   [ RunTime:0.000333s ]

[ 2013-06-23T13:58:01+08:00 ] 192.168.222.59 /api/uc.php?time=1371967081&code=f18b%2BVHy7nObAZWD%2FEztR7pH%2FxYxPERyGN3wjGV%2FTEIhPBJyq7w5JaR1X4SKNExfpyiGTr1NiTpW%2FKAJlYK1rDeUdpJzIkivzQzl7NqZvgyXR0CLjFgxGp%2FtzoCH%2B9mx5pFpIizpYeoPdVKVi3454A0ybUKpoup2%2FWqGyYiR3Ixw
INFO: [ app_begin ] --START--
INFO: Run ReadHtmlCache Behavior [ RunTime:0.001232s ]
INFO: [ app_begin ] --END-- [ RunTime:0.001331s ]
NOTIC: [8] Constant UC_CLIENT_VERSION already defined D:\wwwroot\mainweb\sdk\api\UcApi\Lib\Action\IndexAction.class.php 第 4 行.
NOTIC: [8] Constant UC_CLIENT_RELEASE already defined D:\wwwroot\mainweb\sdk\api\UcApi\Lib\Action\IndexAction.class.php 第 5 行.
NOTIC: [2048] Only variables should be passed by reference D:\wwwroot\mainweb\sdk\api\UcApi\Lib\Action\IndexAction.class.php 第 63 行.
NOTIC: [8] Constant API_RETURN_FAILED already defined D:\wwwroot\mainweb\sdk\uc_client\model\note.php 第 16 行.
SQL: SHOW COLUMNS FROM `sdk_accounts` [ RunTime:0.002391s ]
SQL: SELECT * FROM `sdk_accounts` WHERE ( `account_id` = 900 ) LIMIT 1   [ RunTime:0.000534s ]

[ 2013-06-23T14:53:09+08:00 ] 192.168.206.211 /api/uc.php?time=1371970389&code=fbbcptlhXvcogOcUt5S6vOe44VoEERSItjRqORP1LIcR95uDkaK4NyeSYoUZ7z2nZUT9u90g2gIU47qponjCD6kxoM0hsxi0qb%2FLI9qJupF64rHwvpSsccCbcJlIvqEa%2Bs4g9xlga3SbjUNM8%2B%2FjikNYaFTaAuXm%2FIXbnj00Hg
INFO: [ app_begin ] --START--
INFO: Run ReadHtmlCache Behavior [ RunTime:0.000835s ]
INFO: [ app_begin ] --END-- [ RunTime:0.000946s ]
NOTIC: [8] Constant UC_CLIENT_VERSION already defined D:\wwwroot\mainweb\sdk\api\UcApi\Lib\Action\IndexAction.class.php 第 4 行.
NOTIC: [8] Constant UC_CLIENT_RELEASE already defined D:\wwwroot\mainweb\sdk\api\UcApi\Lib\Action\IndexAction.class.php 第 5 行.
NOTIC: [2048] Only variables should be passed by reference D:\wwwroot\mainweb\sdk\api\UcApi\Lib\Action\IndexAction.class.php 第 63 行.
NOTIC: [8] Constant API_RETURN_FAILED already defined D:\wwwroot\mainweb\sdk\uc_client\model\note.php 第 16 行.
SQL: SHOW COLUMNS FROM `sdk_accounts` [ RunTime:0.002292s ]
SQL: SELECT * FROM `sdk_accounts` WHERE ( `account_id` = 1092 ) LIMIT 1   [ RunTime:0.000502s ]

[ 2013-06-23T15:25:49+08:00 ] 192.168.150.136 /api/uc.php?time=1371972349&code=04ebGDOVw0Q0g54Fx8BxrdhKc39AGFO6lVbOR2fd92QWcpHZD1jCHgiq%2B%2Fuf3nut8WhaNi4%2B2DbYZcuCxuZgMEOGrwF4cy8F%2Fnr6bmoauZ%2Bjc8jftc%2Fu9VP%2B0PHX7z6K%2BzQD8NtgfrU0urK5OBLozM1gSq0GcqmZGZq2iaIPIgOpOYhwqCk%2Ftw
INFO: [ app_begin ] --START--
INFO: Run ReadHtmlCache Behavior [ RunTime:0.001004s ]
INFO: [ app_begin ] --END-- [ RunTime:0.001098s ]
NOTIC: [8] Constant UC_CLIENT_VERSION already defined D:\wwwroot\mainweb\sdk\api\UcApi\Lib\Action\IndexAction.class.php 第 4 行.
NOTIC: [8] Constant UC_CLIENT_RELEASE already defined D:\wwwroot\mainweb\sdk\api\UcApi\Lib\Action\IndexAction.class.php 第 5 行.
NOTIC: [2048] Only variables should be passed by reference D:\wwwroot\mainweb\sdk\api\UcApi\Lib\Action\IndexAction.class.php 第 63 行.
NOTIC: [8] Constant API_RETURN_FAILED already defined D:\wwwroot\mainweb\sdk\uc_client\model\note.php 第 16 行.
SQL: SHOW COLUMNS FROM `sdk_accounts` [ RunTime:0.002212s ]
SQL: SELECT * FROM `sdk_accounts` WHERE ( `account_id` = 1779 ) LIMIT 1   [ RunTime:0.000436s ]

[ 2013-06-23T15:37:33+08:00 ] 192.168.235.79 /api/uc.php?time=1371973052&code=3a5bzzI6%2BqIsdDoCRxENGeFabPBP41T5pFQuIeedIZa2tqX0LkMZ5JD1fOL3g2ND6gCbabF47Z8R%2F%2FxlMQ
INFO: [ app_begin ] --START--
INFO: Run ReadHtmlCache Behavior [ RunTime:0.001199s ]
INFO: [ app_begin ] --END-- [ RunTime:0.001295s ]
NOTIC: [8] Constant UC_CLIENT_VERSION already defined D:\wwwroot\mainweb\sdk\api\UcApi\Lib\Action\IndexAction.class.php 第 4 行.
NOTIC: [8] Constant UC_CLIENT_RELEASE already defined D:\wwwroot\mainweb\sdk\api\UcApi\Lib\Action\IndexAction.class.php 第 5 行.
NOTIC: [2048] Only variables should be passed by reference D:\wwwroot\mainweb\sdk\api\UcApi\Lib\Action\IndexAction.class.php 第 63 行.

[ 2013-06-23T15:41:55+08:00 ] 192.168.140.11 /api/uc.php?time=1371973314&code=ba99FSLwKdQ7ASzvZ5xUq%2BwhBK3a3G%2Fg4OuJmJ3hxrDB7Xbm8fMUPMO3guQR3smvCfmE0iAAiRsxyLw%2BvuzS2O46HzkgM18Mqvz68OPQ54HnRJn1%2FdTU3zcnS%2BquMwRgPWi4L7dUeztORFxqqU%2Fs%2B4nwjbnmZ6gvNW53EHQ
INFO: [ app_begin ] --START--
INFO: Run ReadHtmlCache Behavior [ RunTime:0.001236s ]
INFO: [ app_begin ] --END-- [ RunTime:0.001330s ]
NOTIC: [8] Constant UC_CLIENT_VERSION already defined D:\wwwroot\mainweb\sdk\api\UcApi\Lib\Action\IndexAction.class.php 第 4 行.
NOTIC: [8] Constant UC_CLIENT_RELEASE already defined D:\wwwroot\mainweb\sdk\api\UcApi\Lib\Action\IndexAction.class.php 第 5 行.
NOTIC: [2048] Only variables should be passed by reference D:\wwwroot\mainweb\sdk\api\UcApi\Lib\Action\IndexAction.class.php 第 63 行.
NOTIC: [8] Constant API_RETURN_FAILED already defined D:\wwwroot\mainweb\sdk\uc_client\model\note.php 第 16 行.
SQL: SHOW COLUMNS FROM `sdk_accounts` [ RunTime:0.002375s ]
SQL: SELECT * FROM `sdk_accounts` WHERE ( `account_id` = 1216 ) LIMIT 1   [ RunTime:0.000459s ]

[ 2013-06-23T15:47:58+08:00 ] 192.168.235.79 /api/uc.php?time=1371973678&code=9c8aetynoD%2B%2F7ahSYa9LVLUIw8XHWFp1xnHgQbbtjj1k9I%2FsFlGGGueLnErSntdoHnMjdEnyzbAXNurJGny7F4xHv0QoUrr1tY94NDEBF4tL2rHV%2B4U9kzDaYH3hYFVu87gz775ylEFqY%2FdOC2VQ2TormUWicyp%2BhlhWUj8
INFO: [ app_begin ] --START--
INFO: Run ReadHtmlCache Behavior [ RunTime:0.002314s ]
INFO: [ app_begin ] --END-- [ RunTime:0.002410s ]
NOTIC: [8] Constant UC_CLIENT_VERSION already defined D:\wwwroot\mainweb\sdk\api\UcApi\Lib\Action\IndexAction.class.php 第 4 行.
NOTIC: [8] Constant UC_CLIENT_RELEASE already defined D:\wwwroot\mainweb\sdk\api\UcApi\Lib\Action\IndexAction.class.php 第 5 行.
NOTIC: [2048] Only variables should be passed by reference D:\wwwroot\mainweb\sdk\api\UcApi\Lib\Action\IndexAction.class.php 第 63 行.
NOTIC: [8] Constant API_RETURN_FAILED already defined D:\wwwroot\mainweb\sdk\uc_client\model\note.php 第 16 行.
SQL: SHOW COLUMNS FROM `sdk_accounts` [ RunTime:0.042177s ]
SQL: SELECT * FROM `sdk_accounts` WHERE ( `account_id` = 218 ) LIMIT 1   [ RunTime:0.000346s ]

[ 2013-06-23T15:53:37+08:00 ] 192.168.135.28 /api/uc.php?time=1371974016&code=ad1dPkiBkh60caxAgWttoGDn0e2r8O19FfpFlqp1A7OaHomrAnXkhfZiSShoKFuc6mXqZ6hZvpzGoK%2FYUKaZGGfilNQ3o1KeVC31EEyW5fERfa8T%2BL3OqfBWLHHpho0bN4h3UQrDn7l6rULTTRVkk%2BP%2F1CIlDhxzVpYnsVM
INFO: [ app_begin ] --START--
INFO: Run ReadHtmlCache Behavior [ RunTime:0.001251s ]
INFO: [ app_begin ] --END-- [ RunTime:0.001344s ]
NOTIC: [8] Constant UC_CLIENT_VERSION already defined D:\wwwroot\mainweb\sdk\api\UcApi\Lib\Action\IndexAction.class.php 第 4 行.
NOTIC: [8] Constant UC_CLIENT_RELEASE already defined D:\wwwroot\mainweb\sdk\api\UcApi\Lib\Action\IndexAction.class.php 第 5 行.
NOTIC: [2048] Only variables should be passed by reference D:\wwwroot\mainweb\sdk\api\UcApi\Lib\Action\IndexAction.class.php 第 63 行.
NOTIC: [8] Constant API_RETURN_FAILED already defined D:\wwwroot\mainweb\sdk\uc_client\model\note.php 第 16 行.
SQL: SHOW COLUMNS FROM `sdk_accounts` [ RunTime:0.002140s ]
SQL: SELECT * FROM `sdk_accounts` WHERE ( `account_id` = 846 ) LIMIT 1   [ RunTime:0.000481s ]

[ 2013-06-23T17:19:58+08:00 ] 192.168.161.210 /api/uc.php?time=1371979198&code=197ef5ZFx4go%2FNeMw%2BxWnLvQtDsYfezKlKAcimHVTc4wreb4A6SrayQ37xoh7cJgo38ChKKeMh%2FE9HUYbsZwwLcSXNRuoel7HXl4uwCmuFDar7ypC79xGIXiyFtwz8Cny5mS4ExGKeUJRl2QADZqp7PjJtCFbxGNf94cDoR2HL6L
INFO: [ app_begin ] --START--
INFO: Run ReadHtmlCache Behavior [ RunTime:0.001757s ]
INFO: [ app_begin ] --END-- [ RunTime:0.001852s ]
NOTIC: [8] Constant UC_CLIENT_VERSION already defined D:\wwwroot\mainweb\sdk\api\UcApi\Lib\Action\IndexAction.class.php 第 4 行.
NOTIC: [8] Constant UC_CLIENT_RELEASE already defined D:\wwwroot\mainweb\sdk\api\UcApi\Lib\Action\IndexAction.class.php 第 5 行.
NOTIC: [2048] Only variables should be passed by reference D:\wwwroot\mainweb\sdk\api\UcApi\Lib\Action\IndexAction.class.php 第 63 行.
NOTIC: [8] Constant API_RETURN_FAILED already defined D:\wwwroot\mainweb\sdk\uc_client\model\note.php 第 16 行.
SQL: SHOW COLUMNS FROM `sdk_accounts` [ RunTime:0.003193s ]
SQL: SELECT * FROM `sdk_accounts` WHERE ( `account_id` = 1724 ) LIMIT 1   [ RunTime:0.000454s ]

[ 2013-06-23T17:29:06+08:00 ] 112.96.166.57 /api/uc.php?time=1371979742&code=6fb3RhjlH0%2F1Yxm2SIEY7o53hQihWol31TXh9158eQJuF6WOalS6MDNrVHOLPb6XM3KJOAPji4mG3sjyPZOmg387sEIJ3eOkj2hC2iaeK9UHfm4xGMGS78o1AjRAaV3foyA2%2F%2B96%2FSrprNyZPaYoYgZCYXflKmhsmiEvlBtf
INFO: [ app_begin ] --START--
INFO: Run ReadHtmlCache Behavior [ RunTime:0.001206s ]
INFO: [ app_begin ] --END-- [ RunTime:0.001301s ]
NOTIC: [8] Constant UC_CLIENT_VERSION already defined D:\wwwroot\mainweb\sdk\api\UcApi\Lib\Action\IndexAction.class.php 第 4 行.
NOTIC: [8] Constant UC_CLIENT_RELEASE already defined D:\wwwroot\mainweb\sdk\api\UcApi\Lib\Action\IndexAction.class.php 第 5 行.
NOTIC: [2048] Only variables should be passed by reference D:\wwwroot\mainweb\sdk\api\UcApi\Lib\Action\IndexAction.class.php 第 63 行.
NOTIC: [8] Constant API_RETURN_FAILED already defined D:\wwwroot\mainweb\sdk\uc_client\model\note.php 第 16 行.
SQL: SHOW COLUMNS FROM `sdk_accounts` [ RunTime:0.002087s ]
SQL: SELECT * FROM `sdk_accounts` WHERE ( `account_id` = 876 ) LIMIT 1   [ RunTime:0.000391s ]

[ 2013-06-23T18:31:53+08:00 ] 192.168.179.130 /api/uc.php?time=1371983513&code=e301Ek8HUWFWgvqZ8vgDiOMYGTQbFmyi2Oe6PlhYDf7FwKKR1TKzARiLshYs0WwFloAqgmcB%2Bb5VUh%2FX2atOQE1UrWQrliOztAVWMuHnmAVZPWe4VuRiF1C7uIB4hHKyfftHIyRThKOGILeb%2BUN8SmcO%2B8hQbETP33%2BS
INFO: [ app_begin ] --START--
INFO: Run ReadHtmlCache Behavior [ RunTime:0.001457s ]
INFO: [ app_begin ] --END-- [ RunTime:0.001577s ]
NOTIC: [8] Constant UC_CLIENT_VERSION already defined D:\wwwroot\mainweb\sdk\api\UcApi\Lib\Action\IndexAction.class.php 第 4 行.
NOTIC: [8] Constant UC_CLIENT_RELEASE already defined D:\wwwroot\mainweb\sdk\api\UcApi\Lib\Action\IndexAction.class.php 第 5 行.
NOTIC: [2048] Only variables should be passed by reference D:\wwwroot\mainweb\sdk\api\UcApi\Lib\Action\IndexAction.class.php 第 63 行.
NOTIC: [8] Constant API_RETURN_FAILED already defined D:\wwwroot\mainweb\sdk\uc_client\model\note.php 第 16 行.
SQL: SHOW COLUMNS FROM `sdk_accounts` [ RunTime:0.002418s ]
SQL: SELECT * FROM `sdk_accounts` WHERE ( `account_id` = 462 ) LIMIT 1   [ RunTime:0.000421s ]

[ 2013-06-23T19:43:15+08:00 ] 192.168.184.129 /api/uc.php?time=1371987794&code=ee85ga3FVqAt5einFm%2F53VHCzC8E845YZ1ArW5DEGEc%2BI2CN0EAOkiMvTvdXMOPRQLDs2pWSaBwcsELXSmBeyt5x4Fh4M8%2BK9DykDlru4D1OwEzY0UiAzTWl%2BNO08A1BfVyNteGRsJu2XA3QULTV4yRdiV7PAqpl2Gnapnj4
INFO: [ app_begin ] --START--
INFO: Run ReadHtmlCache Behavior [ RunTime:0.001287s ]
INFO: [ app_begin ] --END-- [ RunTime:0.001384s ]
NOTIC: [8] Constant UC_CLIENT_VERSION already defined D:\wwwroot\mainweb\sdk\api\UcApi\Lib\Action\IndexAction.class.php 第 4 行.
NOTIC: [8] Constant UC_CLIENT_RELEASE already defined D:\wwwroot\mainweb\sdk\api\UcApi\Lib\Action\IndexAction.class.php 第 5 行.
NOTIC: [2048] Only variables should be passed by reference D:\wwwroot\mainweb\sdk\api\UcApi\Lib\Action\IndexAction.class.php 第 63 行.
NOTIC: [8] Constant API_RETURN_FAILED already defined D:\wwwroot\mainweb\sdk\uc_client\model\note.php 第 16 行.
SQL: SHOW COLUMNS FROM `sdk_accounts` [ RunTime:0.002147s ]
SQL: SELECT * FROM `sdk_accounts` WHERE ( `account_id` = 1709 ) LIMIT 1   [ RunTime:0.000596s ]

[ 2013-06-23T19:48:17+08:00 ] 192.168.164.198 /api/uc.php?time=1371988097&code=949dUijjYW0MuNVXH8SC%2FjB5KNemHABhAGbXBq%2FxcgATduLDa4QPe8YL8zM1nyiX8yk5O%2FSXo7suQzeTb1csp8%2BFjKCBbZaQzqcNenV%2FMcCyoSA%2BzDvB%2F6ZTcRx57lJSWLwztufEJxqvuqTXeAJmCUUXZVCmaL0ZQkmkj5AsIQ
INFO: [ app_begin ] --START--
INFO: Run ReadHtmlCache Behavior [ RunTime:0.001289s ]
INFO: [ app_begin ] --END-- [ RunTime:0.001384s ]
NOTIC: [8] Constant UC_CLIENT_VERSION already defined D:\wwwroot\mainweb\sdk\api\UcApi\Lib\Action\IndexAction.class.php 第 4 行.
NOTIC: [8] Constant UC_CLIENT_RELEASE already defined D:\wwwroot\mainweb\sdk\api\UcApi\Lib\Action\IndexAction.class.php 第 5 行.
NOTIC: [2048] Only variables should be passed by reference D:\wwwroot\mainweb\sdk\api\UcApi\Lib\Action\IndexAction.class.php 第 63 行.
NOTIC: [8] Constant API_RETURN_FAILED already defined D:\wwwroot\mainweb\sdk\uc_client\model\note.php 第 16 行.
SQL: SHOW COLUMNS FROM `sdk_accounts` [ RunTime:0.001861s ]
SQL: SELECT * FROM `sdk_accounts` WHERE ( `account_id` = 1079 ) LIMIT 1   [ RunTime:0.000424s ]

[ 2013-06-23T20:36:23+08:00 ] 192.168.204.77 /api/uc.php?time=1371990983&code=1a0ddv%2BELGCU5Ds%2FtnwQ1OxMa24feVTRpdDlCLAoiQg%2FeykuJiV8WhWiaVQPfbz%2FyI6lSsgomTwx054ow0j3uznQ4Q%2FHAXPxCcEgxsCDCbtCGvKmSubinzneCHNgddwpkz%2B4uXaROJB6IBeDqyxpXZXdtqDVq9sU6RFYflaSBA
INFO: [ app_begin ] --START--
INFO: Run ReadHtmlCache Behavior [ RunTime:0.001378s ]
INFO: [ app_begin ] --END-- [ RunTime:0.001472s ]
NOTIC: [8] Constant UC_CLIENT_VERSION already defined D:\wwwroot\mainweb\sdk\api\UcApi\Lib\Action\IndexAction.class.php 第 4 行.
NOTIC: [8] Constant UC_CLIENT_RELEASE already defined D:\wwwroot\mainweb\sdk\api\UcApi\Lib\Action\IndexAction.class.php 第 5 行.
NOTIC: [2048] Only variables should be passed by reference D:\wwwroot\mainweb\sdk\api\UcApi\Lib\Action\IndexAction.class.php 第 63 行.
NOTIC: [8] Constant API_RETURN_FAILED already defined D:\wwwroot\mainweb\sdk\uc_client\model\note.php 第 16 行.
SQL: SHOW COLUMNS FROM `sdk_accounts` [ RunTime:0.002364s ]
SQL: SELECT * FROM `sdk_accounts` WHERE ( `account_id` = 1704 ) LIMIT 1   [ RunTime:0.000363s ]
SQL: INSERT INTO `sdk_accounts` (`account_id`,`user_name`,`email`,`password`,`reg_time`) VALUES (1704,'陈亨','463390556@qq.com','87cf2901b9793dbade6a14b09458843215f5cb5e',1371990983) [ RunTime:0.003001s ]

[ 2013-06-23T20:36:48+08:00 ] 192.168.204.77 /api/uc.php?time=1371991007&code=361fFHxIYN5CMN%2BgvVdjWUjVkik5SeZdRPTEXW9XQ2Rl5fxQCILyL%2BjH1wPdRoArtS34gSkuDUiqSx%2FEWvJjNzug%2FQQJh1Z1IpCb7Ku06ZqTfbsR4NCz5nqHxRZX2e7g4K%2B4xh7QMWSPD4grZLNZ0NUmOldg5kCtQStn6A7SjQ
INFO: [ app_begin ] --START--
INFO: Run ReadHtmlCache Behavior [ RunTime:0.001137s ]
INFO: [ app_begin ] --END-- [ RunTime:0.001233s ]
NOTIC: [8] Constant UC_CLIENT_VERSION already defined D:\wwwroot\mainweb\sdk\api\UcApi\Lib\Action\IndexAction.class.php 第 4 行.
NOTIC: [8] Constant UC_CLIENT_RELEASE already defined D:\wwwroot\mainweb\sdk\api\UcApi\Lib\Action\IndexAction.class.php 第 5 行.
NOTIC: [2048] Only variables should be passed by reference D:\wwwroot\mainweb\sdk\api\UcApi\Lib\Action\IndexAction.class.php 第 63 行.
NOTIC: [8] Constant API_RETURN_FAILED already defined D:\wwwroot\mainweb\sdk\uc_client\model\note.php 第 16 行.
SQL: SHOW COLUMNS FROM `sdk_accounts` [ RunTime:0.002087s ]
SQL: SELECT * FROM `sdk_accounts` WHERE ( `account_id` = 1704 ) LIMIT 1   [ RunTime:0.000341s ]

[ 2013-06-23T20:39:57+08:00 ] 192.168.160.67 /api/uc.php?time=1371991197&code=eabeJpwEyU4nTuztbpprNLN8%2Bd1Kh%2FFV8WjaV9MGrec%2ByVTjS4QEWtEZVHqKEFjNB3MMOG4bbm3yWeUuY9lckV9WLy34%2B%2FTGlhnO87dx2XtjqWr20uSz2ddFtMp4r5B%2FCrq3eEomHD8cv0FDxsYx7j2WyziaNajbUmN21RVoTPIT
INFO: [ app_begin ] --START--
INFO: Run ReadHtmlCache Behavior [ RunTime:0.001247s ]
INFO: [ app_begin ] --END-- [ RunTime:0.001344s ]
NOTIC: [8] Constant UC_CLIENT_VERSION already defined D:\wwwroot\mainweb\sdk\api\UcApi\Lib\Action\IndexAction.class.php 第 4 行.
NOTIC: [8] Constant UC_CLIENT_RELEASE already defined D:\wwwroot\mainweb\sdk\api\UcApi\Lib\Action\IndexAction.class.php 第 5 行.
NOTIC: [2048] Only variables should be passed by reference D:\wwwroot\mainweb\sdk\api\UcApi\Lib\Action\IndexAction.class.php 第 63 行.
NOTIC: [8] Constant API_RETURN_FAILED already defined D:\wwwroot\mainweb\sdk\uc_client\model\note.php 第 16 行.
SQL: SHOW COLUMNS FROM `sdk_accounts` [ RunTime:0.002247s ]
SQL: SELECT * FROM `sdk_accounts` WHERE ( `account_id` = 926 ) LIMIT 1   [ RunTime:0.000444s ]

[ 2013-06-23T20:40:06+08:00 ] 192.168.160.67 /api/uc.php?time=1371991206&code=a4c73w8Vul%2FKesjcvsrrCscRxhGWhAvUwgnaVWV9wAvDN7jKAd72E0lvseolu2xvXnKh8CgTQwY%2BC34fqQ
INFO: [ app_begin ] --START--
INFO: Run ReadHtmlCache Behavior [ RunTime:0.001384s ]
INFO: [ app_begin ] --END-- [ RunTime:0.001491s ]
NOTIC: [8] Constant UC_CLIENT_VERSION already defined D:\wwwroot\mainweb\sdk\api\UcApi\Lib\Action\IndexAction.class.php 第 4 行.
NOTIC: [8] Constant UC_CLIENT_RELEASE already defined D:\wwwroot\mainweb\sdk\api\UcApi\Lib\Action\IndexAction.class.php 第 5 行.
NOTIC: [2048] Only variables should be passed by reference D:\wwwroot\mainweb\sdk\api\UcApi\Lib\Action\IndexAction.class.php 第 63 行.

[ 2013-06-23T21:25:30+08:00 ] 192.168.232.78 /api/uc.php?time=1371993930&code=168bBC7av66EKRNxuQMhvssDmsw%2BtyNjpoeq0jvK0QikSybeaa7SNj4Z8zi5GrWnTbufcjMVE8sc9daAGi1TlEiqTQ8h3aW5S2im0U76o7mOVYXZFAXs8ohcAO22uBvYuOEJ1GRZ%2BP2wLVL%2FMvlxNwaLFnjFVSQaRAlIksE
INFO: [ app_begin ] --START--
INFO: Run ReadHtmlCache Behavior [ RunTime:0.001317s ]
INFO: [ app_begin ] --END-- [ RunTime:0.001412s ]
NOTIC: [8] Constant UC_CLIENT_VERSION already defined D:\wwwroot\mainweb\sdk\api\UcApi\Lib\Action\IndexAction.class.php 第 4 行.
NOTIC: [8] Constant UC_CLIENT_RELEASE already defined D:\wwwroot\mainweb\sdk\api\UcApi\Lib\Action\IndexAction.class.php 第 5 行.
NOTIC: [2048] Only variables should be passed by reference D:\wwwroot\mainweb\sdk\api\UcApi\Lib\Action\IndexAction.class.php 第 63 行.
NOTIC: [8] Constant API_RETURN_FAILED already defined D:\wwwroot\mainweb\sdk\uc_client\model\note.php 第 16 行.
SQL: SHOW COLUMNS FROM `sdk_accounts` [ RunTime:0.002156s ]
SQL: SELECT * FROM `sdk_accounts` WHERE ( `account_id` = 218 ) LIMIT 1   [ RunTime:0.000575s ]

[ 2013-06-23T21:26:08+08:00 ] 192.168.232.78 /api/uc.php?time=1371993968&code=376cvDK0Em4N38lsFjZCeUop4LCQi%2FCaPv1gt41R1blos3UsACtpsUaCzwLEgyjDXHWJdpOVovOKhj1%2Bx5IkamXfM%2Fq430UP6GeI4ve8tP%2FghuHYpdWKU%2Bu8Js%2BFyoqoEMgAtx753mMJE1lNMZxUiIj49H4nbEgebSWsHzw
INFO: [ app_begin ] --START--
INFO: Run ReadHtmlCache Behavior [ RunTime:0.001239s ]
INFO: [ app_begin ] --END-- [ RunTime:0.001332s ]
NOTIC: [8] Constant UC_CLIENT_VERSION already defined D:\wwwroot\mainweb\sdk\api\UcApi\Lib\Action\IndexAction.class.php 第 4 行.
NOTIC: [8] Constant UC_CLIENT_RELEASE already defined D:\wwwroot\mainweb\sdk\api\UcApi\Lib\Action\IndexAction.class.php 第 5 行.
NOTIC: [2048] Only variables should be passed by reference D:\wwwroot\mainweb\sdk\api\UcApi\Lib\Action\IndexAction.class.php 第 63 行.
NOTIC: [8] Constant API_RETURN_FAILED already defined D:\wwwroot\mainweb\sdk\uc_client\model\note.php 第 16 行.
SQL: SHOW COLUMNS FROM `sdk_accounts` [ RunTime:0.002655s ]
SQL: SELECT * FROM `sdk_accounts` WHERE ( `account_id` = 218 ) LIMIT 1   [ RunTime:0.000383s ]

[ 2013-06-23T21:29:42+08:00 ] 192.168.164.213 /api/uc.php?time=1371994182&code=5272%2FjCjefKKjTvN3o9wLy2gwymyBuQziWSY2g62jjTrHaqgNLCdMSvPckryGuQ7mqOFIPjAuNomG0txUYkI2PkRlQzeLHNHgprI%2FWXe3AURnDuMr8r7muR7wSX6fPxgBlsiZmHe1DSwGWTq2p2KdUc7EMkBmAB%2F1m0qIvDNWQtVOg
INFO: [ app_begin ] --START--
INFO: Run ReadHtmlCache Behavior [ RunTime:0.001361s ]
INFO: [ app_begin ] --END-- [ RunTime:0.001457s ]
NOTIC: [8] Constant UC_CLIENT_VERSION already defined D:\wwwroot\mainweb\sdk\api\UcApi\Lib\Action\IndexAction.class.php 第 4 行.
NOTIC: [8] Constant UC_CLIENT_RELEASE already defined D:\wwwroot\mainweb\sdk\api\UcApi\Lib\Action\IndexAction.class.php 第 5 行.
NOTIC: [2048] Only variables should be passed by reference D:\wwwroot\mainweb\sdk\api\UcApi\Lib\Action\IndexAction.class.php 第 63 行.
NOTIC: [8] Constant API_RETURN_FAILED already defined D:\wwwroot\mainweb\sdk\uc_client\model\note.php 第 16 行.
SQL: SHOW COLUMNS FROM `sdk_accounts` [ RunTime:0.002010s ]
SQL: SELECT * FROM `sdk_accounts` WHERE ( `account_id` = 2345 ) LIMIT 1   [ RunTime:0.000467s ]
SQL: INSERT INTO `sdk_accounts` (`account_id`,`user_name`,`email`,`password`,`reg_time`) VALUES (2345,'冯思远','123319662@qq.com','2883cd7752a13d5c83e52a70d3e4db4040cfb1d0',1371994182) [ RunTime:0.002436s ]

[ 2013-06-23T21:32:15+08:00 ] 202.116.192.50 /api/uc.php?code=c973CPlO%2B%2B9Rp26XPmWjFlFJ8mZfslO5pQUjXngyGqvNC3Z9W7iW0zrBxMFxT8h6sVXn%2FFcxu80sXg9fQ5aguZCUBiJd6pep7D17lSeqKyjrbi6mc2qyTOuOBN9jJzEKZvdwlQGrwWCwTI2s5CQjZLlK0SLdI4EAJmuUTct8%2FoLOnnk3qWA&__times__=1
INFO: [ app_begin ] --START--
INFO: Run ReadHtmlCache Behavior [ RunTime:0.001366s ]
INFO: [ app_begin ] --END-- [ RunTime:0.001462s ]
NOTIC: [8] Constant UC_CLIENT_VERSION already defined D:\wwwroot\mainweb\sdk\api\UcApi\Lib\Action\IndexAction.class.php 第 4 行.
NOTIC: [8] Constant UC_CLIENT_RELEASE already defined D:\wwwroot\mainweb\sdk\api\UcApi\Lib\Action\IndexAction.class.php 第 5 行.
NOTIC: [2048] Only variables should be passed by reference D:\wwwroot\mainweb\sdk\api\UcApi\Lib\Action\IndexAction.class.php 第 63 行.

[ 2013-06-23T21:32:15+08:00 ] 192.168.129.11 /api/uc.php?time=1371994335&code=0fb8It%2B%2BbbBILlK%2B5FbQiAftulnt1KVFFgVnnXvw1N%2B%2FE%2FmvamnmXXnq9pSPgQRwavbadCdr8VJJErZroaip0RaQuZeAyRHyuQE6lA7ceNDx9fgG%2BxJC6IVzKmWl1MWVuxNgz%2Fwx3uDGShQBcjbXRmb1zKdHUx0cNMHR7VEv
INFO: [ app_begin ] --START--
INFO: Run ReadHtmlCache Behavior [ RunTime:0.001525s ]
INFO: [ app_begin ] --END-- [ RunTime:0.001620s ]
NOTIC: [8] Constant UC_CLIENT_VERSION already defined D:\wwwroot\mainweb\sdk\api\UcApi\Lib\Action\IndexAction.class.php 第 4 行.
NOTIC: [8] Constant UC_CLIENT_RELEASE already defined D:\wwwroot\mainweb\sdk\api\UcApi\Lib\Action\IndexAction.class.php 第 5 行.
NOTIC: [2048] Only variables should be passed by reference D:\wwwroot\mainweb\sdk\api\UcApi\Lib\Action\IndexAction.class.php 第 63 行.
NOTIC: [8] Constant API_RETURN_FAILED already defined D:\wwwroot\mainweb\sdk\uc_client\model\note.php 第 16 行.
SQL: SHOW COLUMNS FROM `sdk_accounts` [ RunTime:0.002038s ]
SQL: SELECT * FROM `sdk_accounts` WHERE ( `account_id` = 2052 ) LIMIT 1   [ RunTime:0.000466s ]
NOTIC: [8] Undefined index:  apph D:\wwwroot\mainweb\sdk\uc_client\model\note.php 第 169 行.
NOTIC: [8] Undefined offset:  2 D:\wwwroot\mainweb\sdk\uc_client\model\note.php 第 141 行.

[ 2013-06-23T21:32:37+08:00 ] 192.168.164.213 /api/uc.php?time=1371994357&code=f739UjxdUlphud9WCgDgq8HEM47fjc3HXRwAOOSu7fjWNATiI%2FiRQDLkLaOfpuUM0Z305kgrP8AtqdBYknph7IX9DCarNtFjWvLW81bYBQjlExPpoolU%2BEnnXjnen9dvk6kYxKpIoAgZRnNdr3ut%2FWcFKJc9BvZYS5kUy6rYZ8KUT7jocdflfEe3DQ
INFO: [ app_begin ] --START--
INFO: Run ReadHtmlCache Behavior [ RunTime:0.001236s ]
INFO: [ app_begin ] --END-- [ RunTime:0.001334s ]
NOTIC: [8] Constant UC_CLIENT_VERSION already defined D:\wwwroot\mainweb\sdk\api\UcApi\Lib\Action\IndexAction.class.php 第 4 行.
NOTIC: [8] Constant UC_CLIENT_RELEASE already defined D:\wwwroot\mainweb\sdk\api\UcApi\Lib\Action\IndexAction.class.php 第 5 行.
NOTIC: [2048] Only variables should be passed by reference D:\wwwroot\mainweb\sdk\api\UcApi\Lib\Action\IndexAction.class.php 第 63 行.
NOTIC: [8] Constant API_RETURN_FAILED already defined D:\wwwroot\mainweb\sdk\uc_client\model\note.php 第 16 行.
SQL: SHOW COLUMNS FROM `sdk_accounts` [ RunTime:0.002014s ]
SQL: SELECT * FROM `sdk_accounts` WHERE ( `account_id` = 2345 ) LIMIT 1   [ RunTime:0.000470s ]

[ 2013-06-23T21:56:56+08:00 ] 192.168.143.209 /api/uc.php?time=1371995815&code=da59MtfvPvQyL9meBS26rLdNVw%2BK2MenPsqNlg6LiOF5qTWygJXI0m289rjG5InnE2uhuiSRxFMvYIu%2FyHy%2B04AUbub4XI6aAGMDfVQo2NtXccrSqhSYijCSlCn7FNpH38YZXPheUzk%2FRYjcQUhoSkpSRmIzOlS4utCPxoI
INFO: [ app_begin ] --START--
INFO: Run ReadHtmlCache Behavior [ RunTime:0.001302s ]
INFO: [ app_begin ] --END-- [ RunTime:0.001398s ]
NOTIC: [8] Constant UC_CLIENT_VERSION already defined D:\wwwroot\mainweb\sdk\api\UcApi\Lib\Action\IndexAction.class.php 第 4 行.
NOTIC: [8] Constant UC_CLIENT_RELEASE already defined D:\wwwroot\mainweb\sdk\api\UcApi\Lib\Action\IndexAction.class.php 第 5 行.
NOTIC: [2048] Only variables should be passed by reference D:\wwwroot\mainweb\sdk\api\UcApi\Lib\Action\IndexAction.class.php 第 63 行.
NOTIC: [8] Constant API_RETURN_FAILED already defined D:\wwwroot\mainweb\sdk\uc_client\model\note.php 第 16 行.
SQL: SHOW COLUMNS FROM `sdk_accounts` [ RunTime:0.002184s ]
SQL: SELECT * FROM `sdk_accounts` WHERE ( `account_id` = 662 ) LIMIT 1   [ RunTime:0.000586s ]

[ 2013-06-23T22:00:44+08:00 ] 192.168.156.202 /api/uc.php?time=1371996044&code=fb78bNhEy%2FaWOEVMU%2BEu63WwwSlFkysA5Fpkkqe9QYfbQ5xP4FueyB97OS5pL6EkCFYupDBAepH2DOF6XiPYyPYK5qqrDNT0TKs4NO7kmoD7DMqTTmODINvE9HxYuoRm08sv7bO981ZMCFnleKj%2FatvlvzVZi1CfKuGJ2Ej8CQ
INFO: [ app_begin ] --START--
INFO: Run ReadHtmlCache Behavior [ RunTime:0.001267s ]
INFO: [ app_begin ] --END-- [ RunTime:0.001360s ]
NOTIC: [8] Constant UC_CLIENT_VERSION already defined D:\wwwroot\mainweb\sdk\api\UcApi\Lib\Action\IndexAction.class.php 第 4 行.
NOTIC: [8] Constant UC_CLIENT_RELEASE already defined D:\wwwroot\mainweb\sdk\api\UcApi\Lib\Action\IndexAction.class.php 第 5 行.
NOTIC: [2048] Only variables should be passed by reference D:\wwwroot\mainweb\sdk\api\UcApi\Lib\Action\IndexAction.class.php 第 63 行.
NOTIC: [8] Constant API_RETURN_FAILED already defined D:\wwwroot\mainweb\sdk\uc_client\model\note.php 第 16 行.
SQL: SHOW COLUMNS FROM `sdk_accounts` [ RunTime:0.001968s ]
SQL: SELECT * FROM `sdk_accounts` WHERE ( `account_id` = 1556 ) LIMIT 1   [ RunTime:0.000363s ]

[ 2013-06-23T22:32:58+08:00 ] 192.168.178.220 /api/uc.php?time=1371997978&code=e4fccNyTxLI0FGEumSA%2BEaYhX536ukCrAIV5tYgrC6dvDDV9ZlpvzwKQbTjQmiKDm8nqsmDfhehA26BfYWqArqbz3qIGr%2Fn%2FgCVKQydCw5sC%2B8PRFix5ZjCLMqnZW0K55UhQs5mnVKEEa3zaWBJeRlNkuCw5KzoLVy36
INFO: [ app_begin ] --START--
INFO: Run ReadHtmlCache Behavior [ RunTime:0.001474s ]
INFO: [ app_begin ] --END-- [ RunTime:0.001568s ]
NOTIC: [8] Constant UC_CLIENT_VERSION already defined D:\wwwroot\mainweb\sdk\api\UcApi\Lib\Action\IndexAction.class.php 第 4 行.
NOTIC: [8] Constant UC_CLIENT_RELEASE already defined D:\wwwroot\mainweb\sdk\api\UcApi\Lib\Action\IndexAction.class.php 第 5 行.
NOTIC: [2048] Only variables should be passed by reference D:\wwwroot\mainweb\sdk\api\UcApi\Lib\Action\IndexAction.class.php 第 63 行.
NOTIC: [8] Constant API_RETURN_FAILED already defined D:\wwwroot\mainweb\sdk\uc_client\model\note.php 第 16 行.
SQL: SHOW COLUMNS FROM `sdk_accounts` [ RunTime:0.002306s ]
SQL: SELECT * FROM `sdk_accounts` WHERE ( `account_id` = 577 ) LIMIT 1   [ RunTime:0.000521s ]

[ 2013-06-23T22:45:26+08:00 ] 192.168.205.95 /api/uc.php?time=1371998725&code=491aBilmvQIERi32ofPIPgQd8cNEmJZlH5x8QsnaWLexqOlpK%2BvAd1ZwOGYitmHQ3bYd%2FegbQEyjLtOdbdLDUkJhLl6lkZeZfOsib8nJjhA%2B8n1Dx2Hws%2FLliakxq9IQRGGCtVbdYk40x4NbNf1CU8tftrd3aDZW%2BT8eTbU6jQ
INFO: [ app_begin ] --START--
INFO: Run ReadHtmlCache Behavior [ RunTime:0.001596s ]
INFO: [ app_begin ] --END-- [ RunTime:0.001693s ]
NOTIC: [8] Constant UC_CLIENT_VERSION already defined D:\wwwroot\mainweb\sdk\api\UcApi\Lib\Action\IndexAction.class.php 第 4 行.
NOTIC: [8] Constant UC_CLIENT_RELEASE already defined D:\wwwroot\mainweb\sdk\api\UcApi\Lib\Action\IndexAction.class.php 第 5 行.
NOTIC: [2048] Only variables should be passed by reference D:\wwwroot\mainweb\sdk\api\UcApi\Lib\Action\IndexAction.class.php 第 63 行.
NOTIC: [8] Constant API_RETURN_FAILED already defined D:\wwwroot\mainweb\sdk\uc_client\model\note.php 第 16 行.
SQL: SHOW COLUMNS FROM `sdk_accounts` [ RunTime:0.002253s ]
SQL: SELECT * FROM `sdk_accounts` WHERE ( `account_id` = 519 ) LIMIT 1   [ RunTime:0.000553s ]

[ 2013-06-23T22:52:49+08:00 ] 192.168.194.212 /api/uc.php?time=1371999169&code=b917AdFIq%2FXSMTNQ1kj0anRNy6uPsO689HlNAsUFQpm9t6cU1cR0L9Y4ysS0CglOWaugW8E9GS9sBjcFGvedJ%2FEGxajMRk5MkUuZ7ez1%2FbkZpNbUjFPk0pnZe2UtFojAM87A%2BKFh2kr%2BtUQv9U7yN82KexbGxRZEepHUzv3Q8A
INFO: [ app_begin ] --START--
INFO: Run ReadHtmlCache Behavior [ RunTime:0.001631s ]
INFO: [ app_begin ] --END-- [ RunTime:0.001766s ]
NOTIC: [8] Constant UC_CLIENT_VERSION already defined D:\wwwroot\mainweb\sdk\api\UcApi\Lib\Action\IndexAction.class.php 第 4 行.
NOTIC: [8] Constant UC_CLIENT_RELEASE already defined D:\wwwroot\mainweb\sdk\api\UcApi\Lib\Action\IndexAction.class.php 第 5 行.
NOTIC: [2048] Only variables should be passed by reference D:\wwwroot\mainweb\sdk\api\UcApi\Lib\Action\IndexAction.class.php 第 63 行.
NOTIC: [8] Constant API_RETURN_FAILED already defined D:\wwwroot\mainweb\sdk\uc_client\model\note.php 第 16 行.
SQL: SHOW COLUMNS FROM `sdk_accounts` [ RunTime:0.002078s ]
SQL: SELECT * FROM `sdk_accounts` WHERE ( `account_id` = 1381 ) LIMIT 1   [ RunTime:0.000441s ]

[ 2013-06-23T22:57:26+08:00 ] 192.168.139.221 /api/uc.php?time=1371999445&code=d4c692D2KkTgnEvxuKAMXTSNpo1QawwmSEYOhsdSc2Q0tY27sX8lf4vvdWfz4behLwo2r9oUflbdiNsEtlb0UenhE1M0fWeZ496eZ14r9XziQV3cSd5TO8YINC207UPFW%2FdPfPZaIsWUaSrkEPlokRYF88vRPFrdzx5eYPdtnXQ
INFO: [ app_begin ] --START--
INFO: Run ReadHtmlCache Behavior [ RunTime:0.001349s ]
INFO: [ app_begin ] --END-- [ RunTime:0.001443s ]
NOTIC: [8] Constant UC_CLIENT_VERSION already defined D:\wwwroot\mainweb\sdk\api\UcApi\Lib\Action\IndexAction.class.php 第 4 行.
NOTIC: [8] Constant UC_CLIENT_RELEASE already defined D:\wwwroot\mainweb\sdk\api\UcApi\Lib\Action\IndexAction.class.php 第 5 行.
NOTIC: [2048] Only variables should be passed by reference D:\wwwroot\mainweb\sdk\api\UcApi\Lib\Action\IndexAction.class.php 第 63 行.
NOTIC: [8] Constant API_RETURN_FAILED already defined D:\wwwroot\mainweb\sdk\uc_client\model\note.php 第 16 行.
SQL: SHOW COLUMNS FROM `sdk_accounts` [ RunTime:0.002170s ]
SQL: SELECT * FROM `sdk_accounts` WHERE ( `account_id` = 1418 ) LIMIT 1   [ RunTime:0.000377s ]

[ 2013-06-23T22:58:28+08:00 ] 192.168.205.28 /api/uc.php?time=1371999503&code=280cXldEFCy3VIc9%2Ba9%2FOwHodYw6oardiFS%2B9ax20fbnvla3O78C2HHJVRNeV1alEmp7YlbEnWTLMlOdagwa38AEKz2YvKY%2Bx3QeI4FotvPFaX4T8ky9E7pY1OLIywWlLxiAgc2zEZOOSpjufaIFiZhd5PvWJoZ2kjFkUVE
INFO: [ app_begin ] --START--
INFO: Run ReadHtmlCache Behavior [ RunTime:0.001109s ]
INFO: [ app_begin ] --END-- [ RunTime:0.001205s ]
NOTIC: [8] Constant UC_CLIENT_VERSION already defined D:\wwwroot\mainweb\sdk\api\UcApi\Lib\Action\IndexAction.class.php 第 4 行.
NOTIC: [8] Constant UC_CLIENT_RELEASE already defined D:\wwwroot\mainweb\sdk\api\UcApi\Lib\Action\IndexAction.class.php 第 5 行.
NOTIC: [2048] Only variables should be passed by reference D:\wwwroot\mainweb\sdk\api\UcApi\Lib\Action\IndexAction.class.php 第 63 行.
NOTIC: [8] Constant API_RETURN_FAILED already defined D:\wwwroot\mainweb\sdk\uc_client\model\note.php 第 16 行.
SQL: SHOW COLUMNS FROM `sdk_accounts` [ RunTime:0.002333s ]
SQL: SELECT * FROM `sdk_accounts` WHERE ( `account_id` = 218 ) LIMIT 1   [ RunTime:0.000512s ]

[ 2013-06-23T23:18:29+08:00 ] 192.168.235.79 /api/uc.php?time=1372000709&code=5072H14RHeQ6SKQY2xVEbwh6w4MrgjFzE9h%2B4GIe3Onnp23ViHd%2ByibV8Wa2Tr1XnBmWfK2rqIoaOrin%2Bks%2Fj6XIFUKxOOHGYDPCNlq2Df9j2UYZjlKIqU8NjxAOKKvPTfsaaamQNy%2Fmgg%2FZGkMBJ9Dye1SyWAKIsZt2Nzc
INFO: [ app_begin ] --START--
INFO: Run ReadHtmlCache Behavior [ RunTime:0.001302s ]
INFO: [ app_begin ] --END-- [ RunTime:0.001397s ]
NOTIC: [8] Constant UC_CLIENT_VERSION already defined D:\wwwroot\mainweb\sdk\api\UcApi\Lib\Action\IndexAction.class.php 第 4 行.
NOTIC: [8] Constant UC_CLIENT_RELEASE already defined D:\wwwroot\mainweb\sdk\api\UcApi\Lib\Action\IndexAction.class.php 第 5 行.
NOTIC: [2048] Only variables should be passed by reference D:\wwwroot\mainweb\sdk\api\UcApi\Lib\Action\IndexAction.class.php 第 63 行.
NOTIC: [8] Constant API_RETURN_FAILED already defined D:\wwwroot\mainweb\sdk\uc_client\model\note.php 第 16 行.
SQL: SHOW COLUMNS FROM `sdk_accounts` [ RunTime:0.002068s ]
SQL: SELECT * FROM `sdk_accounts` WHERE ( `account_id` = 218 ) LIMIT 1   [ RunTime:0.000189s ]

[ 2013-06-23T23:24:21+08:00 ] 192.168.180.79 /api/uc.php?time=1372001061&code=c1ef9pKkUxtS6xjUIccc4IEEbGC%2FY6eeIz0s%2F8Dfbm5AvWSwmeDxXCBcWvB6U3RutzwTUZfgli53WRyPr31Rev2aenhJnXkeJjXuu8ff%2FbDb%2BBDMHn8hy3tkeSmQ6z31qj4kRKvCEGh4BidGfDFjuDDsUw%2BtT7LRFZc0Ww51CA
INFO: [ app_begin ] --START--
INFO: Run ReadHtmlCache Behavior [ RunTime:0.001211s ]
INFO: [ app_begin ] --END-- [ RunTime:0.001305s ]
NOTIC: [8] Constant UC_CLIENT_VERSION already defined D:\wwwroot\mainweb\sdk\api\UcApi\Lib\Action\IndexAction.class.php 第 4 行.
NOTIC: [8] Constant UC_CLIENT_RELEASE already defined D:\wwwroot\mainweb\sdk\api\UcApi\Lib\Action\IndexAction.class.php 第 5 行.
NOTIC: [2048] Only variables should be passed by reference D:\wwwroot\mainweb\sdk\api\UcApi\Lib\Action\IndexAction.class.php 第 63 行.
NOTIC: [8] Constant API_RETURN_FAILED already defined D:\wwwroot\mainweb\sdk\uc_client\model\note.php 第 16 行.
SQL: SHOW COLUMNS FROM `sdk_accounts` [ RunTime:0.002111s ]
SQL: SELECT * FROM `sdk_accounts` WHERE ( `account_id` = 844 ) LIMIT 1   [ RunTime:0.000358s ]

[ 2013-06-23T23:27:49+08:00 ] 192.168.205.94 /api/uc.php?time=1372001268&code=7e64x39Cv0AEAyJVP6OfSIGYGX%2BjxG7%2FX2ju7yso5l6flMEWcpI8Gi2XcF4AZPs6fq0TYohsDWjKiCyNaqxQmszZbT4MIEkLQkRWbpTzgCpGteOGpDaiw33JFTrwY1SD2CeveHqVa6jC131NQpnnIAlIBvCJd7GWosFK
INFO: [ app_begin ] --START--
INFO: Run ReadHtmlCache Behavior [ RunTime:0.001337s ]
INFO: [ app_begin ] --END-- [ RunTime:0.001434s ]
NOTIC: [8] Constant UC_CLIENT_VERSION already defined D:\wwwroot\mainweb\sdk\api\UcApi\Lib\Action\IndexAction.class.php 第 4 行.
NOTIC: [8] Constant UC_CLIENT_RELEASE already defined D:\wwwroot\mainweb\sdk\api\UcApi\Lib\Action\IndexAction.class.php 第 5 行.
NOTIC: [2048] Only variables should be passed by reference D:\wwwroot\mainweb\sdk\api\UcApi\Lib\Action\IndexAction.class.php 第 63 行.
NOTIC: [8] Constant API_RETURN_FAILED already defined D:\wwwroot\mainweb\sdk\uc_client\model\note.php 第 16 行.
SQL: SHOW COLUMNS FROM `sdk_accounts` [ RunTime:0.001939s ]
SQL: SELECT * FROM `sdk_accounts` WHERE ( `account_id` = 353 ) LIMIT 1   [ RunTime:0.000348s ]

[ 2013-06-23T23:28:13+08:00 ] 192.168.181.199 /api/uc.php?time=1372001292&code=85097ewQ4ZaMd6KwYDKuBY8h%2FLMaWNM5HETmcRWQ%2FrF%2BSjL4SPRmLDMwg59DR%2FSoMGx1j8ScVFfolH5TUkCuZoBV4%2Fn7zHA9vUM71n%2Bl5hGXWQ9OKvAJBeUw%2BNwHEue7VqL8qfxRL4jZmXxMmq9cDv2Ca%2BBUWTbHRtyFBwvYrCw
INFO: [ app_begin ] --START--
INFO: Run ReadHtmlCache Behavior [ RunTime:0.001117s ]
INFO: [ app_begin ] --END-- [ RunTime:0.001212s ]
NOTIC: [8] Constant UC_CLIENT_VERSION already defined D:\wwwroot\mainweb\sdk\api\UcApi\Lib\Action\IndexAction.class.php 第 4 行.
NOTIC: [8] Constant UC_CLIENT_RELEASE already defined D:\wwwroot\mainweb\sdk\api\UcApi\Lib\Action\IndexAction.class.php 第 5 行.
NOTIC: [2048] Only variables should be passed by reference D:\wwwroot\mainweb\sdk\api\UcApi\Lib\Action\IndexAction.class.php 第 63 行.
NOTIC: [8] Constant API_RETURN_FAILED already defined D:\wwwroot\mainweb\sdk\uc_client\model\note.php 第 16 行.
SQL: SHOW COLUMNS FROM `sdk_accounts` [ RunTime:0.002113s ]
SQL: SELECT * FROM `sdk_accounts` WHERE ( `account_id` = 1529 ) LIMIT 1   [ RunTime:0.000486s ]

[ 2013-06-23T23:30:02+08:00 ] 192.168.205.28 /api/uc.php?time=1372001401&code=50267qNOspMaldebZa3EjKmlhpjS2QefV66i7UlhJQN5XQ3iTMjT3Md9lpIJticezZGfpBGgfVutsUnOAA
INFO: [ app_begin ] --START--
INFO: Run ReadHtmlCache Behavior [ RunTime:0.001300s ]
INFO: [ app_begin ] --END-- [ RunTime:0.001399s ]
NOTIC: [8] Constant UC_CLIENT_VERSION already defined D:\wwwroot\mainweb\sdk\api\UcApi\Lib\Action\IndexAction.class.php 第 4 行.
NOTIC: [8] Constant UC_CLIENT_RELEASE already defined D:\wwwroot\mainweb\sdk\api\UcApi\Lib\Action\IndexAction.class.php 第 5 行.
NOTIC: [2048] Only variables should be passed by reference D:\wwwroot\mainweb\sdk\api\UcApi\Lib\Action\IndexAction.class.php 第 63 行.

[ 2013-06-23T23:30:32+08:00 ] 192.168.205.28 /api/uc.php?time=1372001432&code=1c89ZlaWYhnsTHojmdDm9KOz1HZ5Hw%2BMuz3YFel7jxa9pBWGxx4ng72J4ePICfSEklSkG0vwyhogygJ6%2FHW7jojdGG8vW%2BG2UTmOE%2BzXi1U0upsLOBHzULZB%2Bx6ZokpNMsYRl9fjFJE47cAleNOohPuvjyAqsb5WsKMj2Y%2F3qygU35VYxIELoeep
INFO: [ app_begin ] --START--
INFO: Run ReadHtmlCache Behavior [ RunTime:0.001101s ]
INFO: [ app_begin ] --END-- [ RunTime:0.001196s ]
NOTIC: [8] Constant UC_CLIENT_VERSION already defined D:\wwwroot\mainweb\sdk\api\UcApi\Lib\Action\IndexAction.class.php 第 4 行.
NOTIC: [8] Constant UC_CLIENT_RELEASE already defined D:\wwwroot\mainweb\sdk\api\UcApi\Lib\Action\IndexAction.class.php 第 5 行.
NOTIC: [2048] Only variables should be passed by reference D:\wwwroot\mainweb\sdk\api\UcApi\Lib\Action\IndexAction.class.php 第 63 行.
NOTIC: [8] Constant API_RETURN_FAILED already defined D:\wwwroot\mainweb\sdk\uc_client\model\note.php 第 16 行.
SQL: SHOW COLUMNS FROM `sdk_accounts` [ RunTime:0.002293s ]
SQL: SELECT * FROM `sdk_accounts` WHERE ( `account_id` = 475 ) LIMIT 1   [ RunTime:0.000502s ]

[ 2013-06-23T23:31:33+08:00 ] 192.168.203.143 /api/uc.php?time=1372001493&code=f5fawZUh6veUdM70xI34k%2BN0jwPEavaohXskWTcz9fYQ4oyqNjAihW6CNbiu1TJerss9nx1OhId2OjfaL9fEWR6yUgIrPcgyhKpVucfouDb2YTblo4iV3vRbECcec16e8jSF0yJ5zr6%2FoGyPn5tKZcC%2BcAMu54XtKBZ9
INFO: [ app_begin ] --START--
INFO: Run ReadHtmlCache Behavior [ RunTime:0.001438s ]
INFO: [ app_begin ] --END-- [ RunTime:0.001556s ]
NOTIC: [8] Constant UC_CLIENT_VERSION already defined D:\wwwroot\mainweb\sdk\api\UcApi\Lib\Action\IndexAction.class.php 第 4 行.
NOTIC: [8] Constant UC_CLIENT_RELEASE already defined D:\wwwroot\mainweb\sdk\api\UcApi\Lib\Action\IndexAction.class.php 第 5 行.
NOTIC: [2048] Only variables should be passed by reference D:\wwwroot\mainweb\sdk\api\UcApi\Lib\Action\IndexAction.class.php 第 63 行.
NOTIC: [8] Constant API_RETURN_FAILED already defined D:\wwwroot\mainweb\sdk\uc_client\model\note.php 第 16 行.
SQL: SHOW COLUMNS FROM `sdk_accounts` [ RunTime:0.002066s ]
SQL: SELECT * FROM `sdk_accounts` WHERE ( `account_id` = 648 ) LIMIT 1   [ RunTime:0.000312s ]

