[ 2013-06-18T00:09:23+08:00 ] 192.168.153.202 /api/uc.php?time=1371485363&code=8f47TYjmO%2Fp9yXfDBlIW4Qk71RTZbzX1NicVCkDItDTxXCasoamH7DyOO2mU61UgZUZheEaZ2ReElKko%2FQM8v7rhJw1a67gnFFqAPlxO19rs8qIm1628Iha8oG5PQz4yWC8SUybR3mZpc6ROEbON0aLL%2BLpXyvkKZoovsw
INFO: [ app_begin ] --START--
INFO: Run ReadHtmlCache Behavior [ RunTime:0.001815s ]
INFO: [ app_begin ] --END-- [ RunTime:0.001910s ]
NOTIC: [8] Constant UC_CLIENT_VERSION already defined D:\wwwroot\mainweb\sdk\api\UcApi\Lib\Action\IndexAction.class.php 第 4 行.
NOTIC: [8] Constant UC_CLIENT_RELEASE already defined D:\wwwroot\mainweb\sdk\api\UcApi\Lib\Action\IndexAction.class.php 第 5 行.
NOTIC: [2048] Only variables should be passed by reference D:\wwwroot\mainweb\sdk\api\UcApi\Lib\Action\IndexAction.class.php 第 63 行.
NOTIC: [8] Constant API_RETURN_FAILED already defined D:\wwwroot\mainweb\sdk\uc_client\model\note.php 第 16 行.
SQL: SHOW COLUMNS FROM `sdk_accounts` [ RunTime:0.002015s ]
SQL: SELECT * FROM `sdk_accounts` WHERE ( `account_id` = 1172 ) LIMIT 1   [ RunTime:0.000309s ]

[ 2013-06-18T07:42:17+08:00 ] 192.168.175.130 /api/uc.php?time=1371512536&code=59e14GmJZ7A5zat%2F%2FGZ9RxMfpUhFYxnpOkrwQLbvzkmDh7imxOLNU9ERyo6HYDMEFk0afZiJOiYB5Mvze3lNJ6ArIqI6gsSr%2FggAluajVlt198JD3TejYNJnpct4USt2YJ2IgB5DXMgWDLwQEjwPst8VPev1iPsyqT9I2lT655UH31M
INFO: [ app_begin ] --START--
INFO: Run ReadHtmlCache Behavior [ RunTime:0.001128s ]
INFO: [ app_begin ] --END-- [ RunTime:0.001224s ]
NOTIC: [8] Constant UC_CLIENT_VERSION already defined D:\wwwroot\mainweb\sdk\api\UcApi\Lib\Action\IndexAction.class.php 第 4 行.
NOTIC: [8] Constant UC_CLIENT_RELEASE already defined D:\wwwroot\mainweb\sdk\api\UcApi\Lib\Action\IndexAction.class.php 第 5 行.
NOTIC: [2048] Only variables should be passed by reference D:\wwwroot\mainweb\sdk\api\UcApi\Lib\Action\IndexAction.class.php 第 63 行.
NOTIC: [8] Constant API_RETURN_FAILED already defined D:\wwwroot\mainweb\sdk\uc_client\model\note.php 第 16 行.
SQL: SHOW COLUMNS FROM `sdk_accounts` [ RunTime:0.002267s ]
SQL: SELECT * FROM `sdk_accounts` WHERE ( `account_id` = 733 ) LIMIT 1   [ RunTime:0.000658s ]

[ 2013-06-18T09:22:42+08:00 ] 192.168.189.142 /api/uc.php?time=1371518562&code=438f1r0Nros%2B7aWVks8Uq8B0EpYQvArUV56RR83m4701XC4T2G35ptsVsDIeOAn%2F7qL%2BcAmytGQtsXymtcCn8zYdAsqIg8GINXpFAwQMqWLIbaa8HESrb6MqXziSmAhCe0fN439RReB4%2FmGQih17zlNML0ph9TcyThWw0fIo3oA
INFO: [ app_begin ] --START--
INFO: Run ReadHtmlCache Behavior [ RunTime:0.001225s ]
INFO: [ app_begin ] --END-- [ RunTime:0.001320s ]
NOTIC: [8] Constant UC_CLIENT_VERSION already defined D:\wwwroot\mainweb\sdk\api\UcApi\Lib\Action\IndexAction.class.php 第 4 行.
NOTIC: [8] Constant UC_CLIENT_RELEASE already defined D:\wwwroot\mainweb\sdk\api\UcApi\Lib\Action\IndexAction.class.php 第 5 行.
NOTIC: [2048] Only variables should be passed by reference D:\wwwroot\mainweb\sdk\api\UcApi\Lib\Action\IndexAction.class.php 第 63 行.
NOTIC: [8] Constant API_RETURN_FAILED already defined D:\wwwroot\mainweb\sdk\uc_client\model\note.php 第 16 行.
SQL: SHOW COLUMNS FROM `sdk_accounts` [ RunTime:0.002123s ]
SQL: SELECT * FROM `sdk_accounts` WHERE ( `account_id` = 452 ) LIMIT 1   [ RunTime:0.000435s ]

[ 2013-06-18T09:24:14+08:00 ] 192.168.137.150 /api/uc.php?time=1371518654&code=e5e9EqbYwU9fsd39d2T6rWo9O3gzp30JDhnPpyEf9ZQg3ryZxdKN5r6ygWp9X7r4Aw97VyuB8EeZ89C9WNZ1cM1NwuP67yA1cHeO7NIE9z72zDpUPlp2%2F4S8LnNk4l8pXKXuO5gY9SU1OcPokdVCPadV3pQh3wTa00nFtNSJKnI
INFO: [ app_begin ] --START--
INFO: Run ReadHtmlCache Behavior [ RunTime:0.001137s ]
INFO: [ app_begin ] --END-- [ RunTime:0.001233s ]
NOTIC: [8] Constant UC_CLIENT_VERSION already defined D:\wwwroot\mainweb\sdk\api\UcApi\Lib\Action\IndexAction.class.php 第 4 行.
NOTIC: [8] Constant UC_CLIENT_RELEASE already defined D:\wwwroot\mainweb\sdk\api\UcApi\Lib\Action\IndexAction.class.php 第 5 行.
NOTIC: [2048] Only variables should be passed by reference D:\wwwroot\mainweb\sdk\api\UcApi\Lib\Action\IndexAction.class.php 第 63 行.
NOTIC: [8] Constant API_RETURN_FAILED already defined D:\wwwroot\mainweb\sdk\uc_client\model\note.php 第 16 行.
SQL: SHOW COLUMNS FROM `sdk_accounts` [ RunTime:0.001856s ]
SQL: SELECT * FROM `sdk_accounts` WHERE ( `account_id` = 543 ) LIMIT 1   [ RunTime:0.000387s ]

[ 2013-06-18T10:12:07+08:00 ] 192.168.204.198 /api/uc.php?time=1371521526&code=e094s7jVvFx3Bmbveei%2Bzb8oxHXhMpGUsLFJif84Khk5aB%2BbE8B26%2Bvfjx9mXwVDEejf8z2FtXs4sV6BnxwB%2FLHuwTgir6w%2B9IqeOgJi3BgY5lUSD51zKtjHXb%2BEJfHl9vT7VGnf0c3DhqaQIcw%2FFrdboHjLWy%2BnePogi3eTK94
INFO: [ app_begin ] --START--
INFO: Run ReadHtmlCache Behavior [ RunTime:0.001748s ]
INFO: [ app_begin ] --END-- [ RunTime:0.001843s ]
NOTIC: [8] Constant UC_CLIENT_VERSION already defined D:\wwwroot\mainweb\sdk\api\UcApi\Lib\Action\IndexAction.class.php 第 4 行.
NOTIC: [8] Constant UC_CLIENT_RELEASE already defined D:\wwwroot\mainweb\sdk\api\UcApi\Lib\Action\IndexAction.class.php 第 5 行.
NOTIC: [2048] Only variables should be passed by reference D:\wwwroot\mainweb\sdk\api\UcApi\Lib\Action\IndexAction.class.php 第 63 行.
NOTIC: [8] Constant API_RETURN_FAILED already defined D:\wwwroot\mainweb\sdk\uc_client\model\note.php 第 16 行.
SQL: SHOW COLUMNS FROM `sdk_accounts` [ RunTime:0.002124s ]
SQL: SELECT * FROM `sdk_accounts` WHERE ( `account_id` = 89 ) LIMIT 1   [ RunTime:0.000295s ]

[ 2013-06-18T10:45:20+08:00 ] 119.147.146.118 /api/uc.php?time=1371456787&code=0845yf10it4dvkybyrehjwidqss67v5jyeduwktymohpostgfm1ja55lqj7dv6q1ucpt8hyvijacjoxhcvyw9s2ifmehsbjyj5tmpyvxh54vnftlfcb%2fzzuz%2bz0gfvi44syszp3exyd86vehfjnan3wgqybmm6axavb39hczvg
INFO: [ app_begin ] --START--
INFO: Run ReadHtmlCache Behavior [ RunTime:0.001175s ]
INFO: [ app_begin ] --END-- [ RunTime:0.001271s ]
NOTIC: [8] Constant UC_CLIENT_VERSION already defined D:\wwwroot\mainweb\sdk\api\UcApi\Lib\Action\IndexAction.class.php 第 4 行.
NOTIC: [8] Constant UC_CLIENT_RELEASE already defined D:\wwwroot\mainweb\sdk\api\UcApi\Lib\Action\IndexAction.class.php 第 5 行.
NOTIC: [8] Undefined index:  time D:\wwwroot\mainweb\sdk\api\UcApi\Lib\Action\IndexAction.class.php 第 54 行.

[ 2013-06-18T11:47:40+08:00 ] 192.168.232.14 /api/uc.php?time=1371527260&code=1326%2FlLh6r1AmEwWfeL7fTOu9yM3VrhrxkTqwf7fWMepOJYODz%2F8IzHDrdP2%2B%2BLpzJeecdXeZEINXRuX9eC8u5qoTKR%2BmIKiA5M7VFukBNqL8d2pph6jGLERMeXfLjLAPafQfQ9UsPCm4%2FYa8ryvrzz3lziMFc5KxcibVK4
INFO: [ app_begin ] --START--
INFO: Run ReadHtmlCache Behavior [ RunTime:0.001164s ]
INFO: [ app_begin ] --END-- [ RunTime:0.001260s ]
NOTIC: [8] Constant UC_CLIENT_VERSION already defined D:\wwwroot\mainweb\sdk\api\UcApi\Lib\Action\IndexAction.class.php 第 4 行.
NOTIC: [8] Constant UC_CLIENT_RELEASE already defined D:\wwwroot\mainweb\sdk\api\UcApi\Lib\Action\IndexAction.class.php 第 5 行.
NOTIC: [2048] Only variables should be passed by reference D:\wwwroot\mainweb\sdk\api\UcApi\Lib\Action\IndexAction.class.php 第 63 行.
NOTIC: [8] Constant API_RETURN_FAILED already defined D:\wwwroot\mainweb\sdk\uc_client\model\note.php 第 16 行.
SQL: SHOW COLUMNS FROM `sdk_accounts` [ RunTime:0.001866s ]
SQL: SELECT * FROM `sdk_accounts` WHERE ( `account_id` = 218 ) LIMIT 1   [ RunTime:0.000407s ]

[ 2013-06-18T11:55:45+08:00 ] 192.168.166.149 /api/uc.php?time=1371527745&code=544f3XiVkHT9UwyLuySMZjeTo6Ru%2Blq3lDxon9lQMYKRlaRYVvBY7UKpjtDDIf88jCdXHpLA2AoC7Zdn5MWVq1zFqxqmX5J5g6YSP6nA2va53%2FVwugarasjTOyJXLWZOCdyT9rawOpMrBfmIqmnabDzVb3p59UILA%2BEQwOF3aQ
INFO: [ app_begin ] --START--
INFO: Run ReadHtmlCache Behavior [ RunTime:0.001564s ]
INFO: [ app_begin ] --END-- [ RunTime:0.001660s ]
NOTIC: [8] Constant UC_CLIENT_VERSION already defined D:\wwwroot\mainweb\sdk\api\UcApi\Lib\Action\IndexAction.class.php 第 4 行.
NOTIC: [8] Constant UC_CLIENT_RELEASE already defined D:\wwwroot\mainweb\sdk\api\UcApi\Lib\Action\IndexAction.class.php 第 5 行.
NOTIC: [2048] Only variables should be passed by reference D:\wwwroot\mainweb\sdk\api\UcApi\Lib\Action\IndexAction.class.php 第 63 行.
NOTIC: [8] Constant API_RETURN_FAILED already defined D:\wwwroot\mainweb\sdk\uc_client\model\note.php 第 16 行.
SQL: SHOW COLUMNS FROM `sdk_accounts` [ RunTime:0.001807s ]
SQL: SELECT * FROM `sdk_accounts` WHERE ( `account_id` = 1506 ) LIMIT 1   [ RunTime:0.000337s ]

[ 2013-06-18T12:11:15+08:00 ] 192.168.188.80 /api/uc.php?time=1371528675&code=da65Vqxyms2YrYiasRjbN20CK5NaMSwEcvNdUSRgd4A7gTQ01OdGSaJcWSu4BXhPtxQmDMQDLyyZvNZLeXtrrTcg2XaqikG1UTg2MuN5r4npVJhm%2B0s6PvxI91jLWm827oNTod5dDbdvzLIHf6HHlhkSNFzcGyEmu99zXvmaeG37JQ
INFO: [ app_begin ] --START--
INFO: Run ReadHtmlCache Behavior [ RunTime:0.001933s ]
INFO: [ app_begin ] --END-- [ RunTime:0.002028s ]
NOTIC: [8] Constant UC_CLIENT_VERSION already defined D:\wwwroot\mainweb\sdk\api\UcApi\Lib\Action\IndexAction.class.php 第 4 行.
NOTIC: [8] Constant UC_CLIENT_RELEASE already defined D:\wwwroot\mainweb\sdk\api\UcApi\Lib\Action\IndexAction.class.php 第 5 行.
NOTIC: [2048] Only variables should be passed by reference D:\wwwroot\mainweb\sdk\api\UcApi\Lib\Action\IndexAction.class.php 第 63 行.
NOTIC: [8] Constant API_RETURN_FAILED already defined D:\wwwroot\mainweb\sdk\uc_client\model\note.php 第 16 行.
SQL: SHOW COLUMNS FROM `sdk_accounts` [ RunTime:0.002317s ]
SQL: SELECT * FROM `sdk_accounts` WHERE ( `account_id` = 1541 ) LIMIT 1   [ RunTime:0.000417s ]

[ 2013-06-18T12:26:00+08:00 ] 192.168.205.153 /api/uc.php?time=1371529560&code=6c20ijXrriBdHjYIbLh8JNPZtTb1U2dBPMisgLXvd1bNKk4lUEBUPqIVD5cUjIJDTapSeLSTvxgRynXxHGQuAot4NnCj54y90gRm6m0r3eZDHVC4fGJSGQY7HXuU8XY5SjjWTSI4YQdfUaVZ9LP7BQTSACKyxnTsyYHFJP8
INFO: [ app_begin ] --START--
INFO: Run ReadHtmlCache Behavior [ RunTime:0.001138s ]
INFO: [ app_begin ] --END-- [ RunTime:0.001234s ]
NOTIC: [8] Constant UC_CLIENT_VERSION already defined D:\wwwroot\mainweb\sdk\api\UcApi\Lib\Action\IndexAction.class.php 第 4 行.
NOTIC: [8] Constant UC_CLIENT_RELEASE already defined D:\wwwroot\mainweb\sdk\api\UcApi\Lib\Action\IndexAction.class.php 第 5 行.
NOTIC: [2048] Only variables should be passed by reference D:\wwwroot\mainweb\sdk\api\UcApi\Lib\Action\IndexAction.class.php 第 63 行.
NOTIC: [8] Constant API_RETURN_FAILED already defined D:\wwwroot\mainweb\sdk\uc_client\model\note.php 第 16 行.
SQL: SHOW COLUMNS FROM `sdk_accounts` [ RunTime:0.002140s ]
SQL: SELECT * FROM `sdk_accounts` WHERE ( `account_id` = 222 ) LIMIT 1   [ RunTime:0.000466s ]

[ 2013-06-18T12:27:52+08:00 ] 192.168.140.145 /api/uc.php?time=1371529672&code=c321gIqg0bZSAkkImyIVcPps8ih8EOD6S%2BW7VQeCpiFoukgWNZ448oUHX95FdE6yd1Pb3hgzia%2Btre%2FcisU7ONEd32XPu4dOQPseF3ZfaXH4DZ1Udq8rJcOUfFyYlc8I9jIuYg%2F5Lu0HHHPXZS67YyUi%2BXcYWQHWQxvkyO6mvfl6%2Bd7r9A
INFO: [ app_begin ] --START--
INFO: Run ReadHtmlCache Behavior [ RunTime:0.001128s ]
INFO: [ app_begin ] --END-- [ RunTime:0.001222s ]
NOTIC: [8] Constant UC_CLIENT_VERSION already defined D:\wwwroot\mainweb\sdk\api\UcApi\Lib\Action\IndexAction.class.php 第 4 行.
NOTIC: [8] Constant UC_CLIENT_RELEASE already defined D:\wwwroot\mainweb\sdk\api\UcApi\Lib\Action\IndexAction.class.php 第 5 行.
NOTIC: [2048] Only variables should be passed by reference D:\wwwroot\mainweb\sdk\api\UcApi\Lib\Action\IndexAction.class.php 第 63 行.
NOTIC: [8] Constant API_RETURN_FAILED already defined D:\wwwroot\mainweb\sdk\uc_client\model\note.php 第 16 行.
SQL: SHOW COLUMNS FROM `sdk_accounts` [ RunTime:0.002309s ]
SQL: SELECT * FROM `sdk_accounts` WHERE ( `account_id` = 1188 ) LIMIT 1   [ RunTime:0.000361s ]

[ 2013-06-18T12:29:53+08:00 ] 192.168.200.136 /api/uc.php?time=1371529792&code=aa26r4O3OEJeLDPLJzehPoeFG9E01pPCxh1SshZP1sWwCH25pchcKEoOj3%2BeNOWmuCIMW4UI7zs%2F%2FVgnFRX9VGYXR%2BdiJBcc5DMAB4DmgK7MJ8VC%2Fp%2FlRHjr89tPqKtmh%2BOmsqBW83cOClfmfPpi27lB7pqeLuYah5UsVGudEiXwDg
INFO: [ app_begin ] --START--
INFO: Run ReadHtmlCache Behavior [ RunTime:0.001156s ]
INFO: [ app_begin ] --END-- [ RunTime:0.001251s ]
NOTIC: [8] Constant UC_CLIENT_VERSION already defined D:\wwwroot\mainweb\sdk\api\UcApi\Lib\Action\IndexAction.class.php 第 4 行.
NOTIC: [8] Constant UC_CLIENT_RELEASE already defined D:\wwwroot\mainweb\sdk\api\UcApi\Lib\Action\IndexAction.class.php 第 5 行.
NOTIC: [2048] Only variables should be passed by reference D:\wwwroot\mainweb\sdk\api\UcApi\Lib\Action\IndexAction.class.php 第 63 行.
NOTIC: [8] Constant API_RETURN_FAILED already defined D:\wwwroot\mainweb\sdk\uc_client\model\note.php 第 16 行.
SQL: SHOW COLUMNS FROM `sdk_accounts` [ RunTime:0.003141s ]
SQL: SELECT * FROM `sdk_accounts` WHERE ( `account_id` = 2056 ) LIMIT 1   [ RunTime:0.000411s ]

[ 2013-06-18T12:32:15+08:00 ] 192.168.204.29 /api/uc.php?time=1371529935&code=bdd5Da9sXNFfP034KLCqfsaXVtuPbiowAOOJcMK33AvYyfmo7xgAhD44cNV3CTI6CGD7ZAaegVRRMH0cKshAc8%2F2%2Bklj%2Fe2bmeepa7i0uze6wlXPWeTOV1C17msLd2cV3wvjQ%2Fn2CYT2tr%2BWX3wL%2B7TYHJWd3Nw2ZbLy
INFO: [ app_begin ] --START--
INFO: Run ReadHtmlCache Behavior [ RunTime:0.001189s ]
INFO: [ app_begin ] --END-- [ RunTime:0.001293s ]
NOTIC: [8] Constant UC_CLIENT_VERSION already defined D:\wwwroot\mainweb\sdk\api\UcApi\Lib\Action\IndexAction.class.php 第 4 行.
NOTIC: [8] Constant UC_CLIENT_RELEASE already defined D:\wwwroot\mainweb\sdk\api\UcApi\Lib\Action\IndexAction.class.php 第 5 行.
NOTIC: [2048] Only variables should be passed by reference D:\wwwroot\mainweb\sdk\api\UcApi\Lib\Action\IndexAction.class.php 第 63 行.
NOTIC: [8] Constant API_RETURN_FAILED already defined D:\wwwroot\mainweb\sdk\uc_client\model\note.php 第 16 行.
SQL: SHOW COLUMNS FROM `sdk_accounts` [ RunTime:0.002002s ]
SQL: SELECT * FROM `sdk_accounts` WHERE ( `account_id` = 425 ) LIMIT 1   [ RunTime:0.000510s ]

[ 2013-06-18T12:39:54+08:00 ] 192.168.139.200 /api/uc.php?time=1371530394&code=b102g1b%2FIAiJZ5b4u8BuyiimbY7uSlnv%2FmV6SHt0VGP2iLFpZaIseKdIMeTiIplNFt5okhqeKMpyteKYOw5%2B7n3OwjSf5ca7uvdv5hauUmVuhNiC6OCU%2Fax4QsSPs4w2YF99264C0nKc5Eju6fYfetVBYcWxoSwtCRsK%2Fp9tI18DGw
INFO: [ app_begin ] --START--
INFO: Run ReadHtmlCache Behavior [ RunTime:0.001185s ]
INFO: [ app_begin ] --END-- [ RunTime:0.001280s ]
NOTIC: [8] Constant UC_CLIENT_VERSION already defined D:\wwwroot\mainweb\sdk\api\UcApi\Lib\Action\IndexAction.class.php 第 4 行.
NOTIC: [8] Constant UC_CLIENT_RELEASE already defined D:\wwwroot\mainweb\sdk\api\UcApi\Lib\Action\IndexAction.class.php 第 5 行.
NOTIC: [2048] Only variables should be passed by reference D:\wwwroot\mainweb\sdk\api\UcApi\Lib\Action\IndexAction.class.php 第 63 行.
NOTIC: [8] Constant API_RETURN_FAILED already defined D:\wwwroot\mainweb\sdk\uc_client\model\note.php 第 16 行.
SQL: SHOW COLUMNS FROM `sdk_accounts` [ RunTime:0.001970s ]
SQL: SELECT * FROM `sdk_accounts` WHERE ( `account_id` = 2334 ) LIMIT 1   [ RunTime:0.000300s ]
SQL: INSERT INTO `sdk_accounts` (`account_id`,`user_name`,`email`,`password`,`reg_time`) VALUES (2334,'八栋613','673915440@qq.com','dc4321a6a28b63463c35e800bad6c5c8299c5edf',1371530394) [ RunTime:0.001607s ]

[ 2013-06-18T12:41:56+08:00 ] 202.116.192.50 /api/uc.php?code=28250NmladRWoXXtSkq%2F0biBeYN5YkVTXmzamrEpDXPsK9v8EaG8w2IXMQOaXymyTUHf%2Bt9wmq8YOPSA%2F6xOxuLmfw9EF79FnDLu6cpy7LdSpeIYcyKGZLUeEoloisQCawpNz0Jy6g&__times__=1
INFO: [ app_begin ] --START--
INFO: Run ReadHtmlCache Behavior [ RunTime:0.001081s ]
INFO: [ app_begin ] --END-- [ RunTime:0.001175s ]
NOTIC: [8] Constant UC_CLIENT_VERSION already defined D:\wwwroot\mainweb\sdk\api\UcApi\Lib\Action\IndexAction.class.php 第 4 行.
NOTIC: [8] Constant UC_CLIENT_RELEASE already defined D:\wwwroot\mainweb\sdk\api\UcApi\Lib\Action\IndexAction.class.php 第 5 行.
NOTIC: [2048] Only variables should be passed by reference D:\wwwroot\mainweb\sdk\api\UcApi\Lib\Action\IndexAction.class.php 第 63 行.

[ 2013-06-18T12:41:56+08:00 ] 192.168.139.200 /api/uc.php?time=1371530516&code=b2d0mecp7gZva9Vu9V7%2Fam9BTKidyLEvWbxnAudGEjxg0x2EFhIaApMY4TEHWMueDbmPEkXfVUUh5rHvGZz0iJuP8UIGSOmIXqZchWQG42kByi%2Bkepdi96Cw08wopMT6I%2BQx1gaqNzIRLygNysJkHn%2F4%2BcYr38ctvlJcNeKHbfVDGH%2Fo
INFO: [ app_begin ] --START--
INFO: Run ReadHtmlCache Behavior [ RunTime:0.001105s ]
INFO: [ app_begin ] --END-- [ RunTime:0.001203s ]
NOTIC: [8] Constant UC_CLIENT_VERSION already defined D:\wwwroot\mainweb\sdk\api\UcApi\Lib\Action\IndexAction.class.php 第 4 行.
NOTIC: [8] Constant UC_CLIENT_RELEASE already defined D:\wwwroot\mainweb\sdk\api\UcApi\Lib\Action\IndexAction.class.php 第 5 行.
NOTIC: [2048] Only variables should be passed by reference D:\wwwroot\mainweb\sdk\api\UcApi\Lib\Action\IndexAction.class.php 第 63 行.
NOTIC: [8] Constant API_RETURN_FAILED already defined D:\wwwroot\mainweb\sdk\uc_client\model\note.php 第 16 行.
SQL: SHOW COLUMNS FROM `sdk_accounts` [ RunTime:0.002244s ]
SQL: SELECT * FROM `sdk_accounts` WHERE ( `account_id` = 2334 ) LIMIT 1   [ RunTime:0.000392s ]
NOTIC: [8] Undefined index:  apph D:\wwwroot\mainweb\sdk\uc_client\model\note.php 第 169 行.
NOTIC: [8] Undefined offset:  2 D:\wwwroot\mainweb\sdk\uc_client\model\note.php 第 141 行.

[ 2013-06-18T12:56:07+08:00 ] 192.168.230.200 /api/uc.php?time=1371531367&code=99fb0dmVOoEF7GDe%2FmPkskhRHZkdB%2BDTHR3ODXX%2BydIm9zbGBJQRwtopzdizMYzfCtH44oNenMAxxrYTt6gYoKApxnkp4SYAU0GOZSe1rUnykF%2FZzhkW1UKHVKqMrwLKI7hcwWdU1Ej4TYAUGb6vKpTm9VtOBe7tqSqmpz0SmWU
INFO: [ app_begin ] --START--
INFO: Run ReadHtmlCache Behavior [ RunTime:0.001144s ]
INFO: [ app_begin ] --END-- [ RunTime:0.001240s ]
NOTIC: [8] Constant UC_CLIENT_VERSION already defined D:\wwwroot\mainweb\sdk\api\UcApi\Lib\Action\IndexAction.class.php 第 4 行.
NOTIC: [8] Constant UC_CLIENT_RELEASE already defined D:\wwwroot\mainweb\sdk\api\UcApi\Lib\Action\IndexAction.class.php 第 5 行.
NOTIC: [2048] Only variables should be passed by reference D:\wwwroot\mainweb\sdk\api\UcApi\Lib\Action\IndexAction.class.php 第 63 行.
NOTIC: [8] Constant API_RETURN_FAILED already defined D:\wwwroot\mainweb\sdk\uc_client\model\note.php 第 16 行.
SQL: SHOW COLUMNS FROM `sdk_accounts` [ RunTime:0.001962s ]
SQL: SELECT * FROM `sdk_accounts` WHERE ( `account_id` = 2335 ) LIMIT 1   [ RunTime:0.000363s ]
SQL: INSERT INTO `sdk_accounts` (`account_id`,`user_name`,`email`,`password`,`reg_time`) VALUES (2335,'hjh_306','569905527@qq.com','fe8099f40538835a75d1b912ab435b026bb8b196',1371531367) [ RunTime:0.000332s ]

[ 2013-06-18T12:56:53+08:00 ] 192.168.230.200 /api/uc.php?time=1371531413&code=7189MSJtii6gOo88sgks81P2zQ%2B4fOAv0xb9o%2BZmL1%2B4d3yBWD34jB7TegWg2E%2Fo8PAU5M7Gse%2BvcRYPRAY4uh0QSn9U9%2ByG03gBHY10e6LzeLf7f9%2B5t%2FQ%2FwECh%2Fjv9AoN6Mij8s6N%2BvsTeMphfVCstg4KuS4Iv%2B006dgIH8fk
INFO: [ app_begin ] --START--
INFO: Run ReadHtmlCache Behavior [ RunTime:0.001245s ]
INFO: [ app_begin ] --END-- [ RunTime:0.001341s ]
NOTIC: [8] Constant UC_CLIENT_VERSION already defined D:\wwwroot\mainweb\sdk\api\UcApi\Lib\Action\IndexAction.class.php 第 4 行.
NOTIC: [8] Constant UC_CLIENT_RELEASE already defined D:\wwwroot\mainweb\sdk\api\UcApi\Lib\Action\IndexAction.class.php 第 5 行.
NOTIC: [2048] Only variables should be passed by reference D:\wwwroot\mainweb\sdk\api\UcApi\Lib\Action\IndexAction.class.php 第 63 行.
NOTIC: [8] Constant API_RETURN_FAILED already defined D:\wwwroot\mainweb\sdk\uc_client\model\note.php 第 16 行.
SQL: SHOW COLUMNS FROM `sdk_accounts` [ RunTime:0.002055s ]
SQL: SELECT * FROM `sdk_accounts` WHERE ( `account_id` = 2335 ) LIMIT 1   [ RunTime:0.000504s ]

[ 2013-06-18T12:59:09+08:00 ] 192.168.182.18 /api/uc.php?time=1371531549&code=9427vAZAugJg1I6Q9%2BEnsb1scd4ucBAyrebetNuFCLXi2IazGxerG5wi1xWEJuPPyrsioJ4N3%2B6VBq2InxwoARbm7bjyrQ2GKpMDL%2BgSHU4HDlLf9HbK33ISBqejn9cp8A%2B9ntGYYnpOqlH1%2FQsVgRUKyIjcpBHFeWKcka76eenXi%2F83rA
INFO: [ app_begin ] --START--
INFO: Run ReadHtmlCache Behavior [ RunTime:0.001200s ]
INFO: [ app_begin ] --END-- [ RunTime:0.001293s ]
NOTIC: [8] Constant UC_CLIENT_VERSION already defined D:\wwwroot\mainweb\sdk\api\UcApi\Lib\Action\IndexAction.class.php 第 4 行.
NOTIC: [8] Constant UC_CLIENT_RELEASE already defined D:\wwwroot\mainweb\sdk\api\UcApi\Lib\Action\IndexAction.class.php 第 5 行.
NOTIC: [2048] Only variables should be passed by reference D:\wwwroot\mainweb\sdk\api\UcApi\Lib\Action\IndexAction.class.php 第 63 行.
NOTIC: [8] Constant API_RETURN_FAILED already defined D:\wwwroot\mainweb\sdk\uc_client\model\note.php 第 16 行.
SQL: SHOW COLUMNS FROM `sdk_accounts` [ RunTime:0.002025s ]
SQL: SELECT * FROM `sdk_accounts` WHERE ( `account_id` = 1767 ) LIMIT 1   [ RunTime:0.000544s ]

[ 2013-06-18T13:29:54+08:00 ] 202.116.192.50 /api/uc.php?code=b21eU5f1wQvs2Pl%2FGZlOsk5cPg7dkTq2eeGTS2mZl3%2BHBJOJvAVp8wCxrbKCbiV9C2245UXvOV7jD2JZiptBPsGlywL2HwS%2F1TI9SF8pJVFf07Lj4t6XNFhHq%2Fy1BQlhYOU8uzIgZrEC%2BxEN5cA&__times__=1
INFO: [ app_begin ] --START--
INFO: Run ReadHtmlCache Behavior [ RunTime:0.001130s ]
INFO: [ app_begin ] --END-- [ RunTime:0.001225s ]
NOTIC: [8] Constant UC_CLIENT_VERSION already defined D:\wwwroot\mainweb\sdk\api\UcApi\Lib\Action\IndexAction.class.php 第 4 行.
NOTIC: [8] Constant UC_CLIENT_RELEASE already defined D:\wwwroot\mainweb\sdk\api\UcApi\Lib\Action\IndexAction.class.php 第 5 行.
NOTIC: [2048] Only variables should be passed by reference D:\wwwroot\mainweb\sdk\api\UcApi\Lib\Action\IndexAction.class.php 第 63 行.

[ 2013-06-18T13:29:54+08:00 ] 192.168.206.147 /api/uc.php?time=1371533393&code=cd33%2FpbBoIPKLYgqAJQOURrJzRVJXyzBOQZoRh%2BALLTV3Av0QcAD3Rp%2B7cbgjss1Wui5xmbamooOyx5KBG19CsrYHPvH5y1Jo4Ih2xK632K8w5EqiWFPy2DYgUnJBhh6PlbUIpkt129jGo%2BHwgwhTLdZG86WeUXScpLVM%2FsbPWQR
INFO: [ app_begin ] --START--
INFO: Run ReadHtmlCache Behavior [ RunTime:0.001123s ]
INFO: [ app_begin ] --END-- [ RunTime:0.001218s ]
NOTIC: [8] Constant UC_CLIENT_VERSION already defined D:\wwwroot\mainweb\sdk\api\UcApi\Lib\Action\IndexAction.class.php 第 4 行.
NOTIC: [8] Constant UC_CLIENT_RELEASE already defined D:\wwwroot\mainweb\sdk\api\UcApi\Lib\Action\IndexAction.class.php 第 5 行.
NOTIC: [2048] Only variables should be passed by reference D:\wwwroot\mainweb\sdk\api\UcApi\Lib\Action\IndexAction.class.php 第 63 行.
NOTIC: [8] Constant API_RETURN_FAILED already defined D:\wwwroot\mainweb\sdk\uc_client\model\note.php 第 16 行.
SQL: SHOW COLUMNS FROM `sdk_accounts` [ RunTime:0.002315s ]
SQL: SELECT * FROM `sdk_accounts` WHERE ( `account_id` = 411 ) LIMIT 1   [ RunTime:0.000554s ]
NOTIC: [8] Undefined index:  apph D:\wwwroot\mainweb\sdk\uc_client\model\note.php 第 169 行.
NOTIC: [8] Undefined offset:  2 D:\wwwroot\mainweb\sdk\uc_client\model\note.php 第 141 行.

[ 2013-06-18T14:00:25+08:00 ] 202.116.192.50 /api/uc.php?code=36bah%2FNP%2BtE6Lfnik1k41tKWpihkGTwlbYBh3EXHRlEwT52Al2nu7FUjyt6jYgxPqFvQQfrCE3r%2FrXiKq2sbzyFORN76AMMLAYNbtzoXJUpNv4VXuBkmPhBy9N%2Bm6LQFfH%2BlModd0XwjnxEkToY&__times__=1
INFO: [ app_begin ] --START--
INFO: Run ReadHtmlCache Behavior [ RunTime:0.001094s ]
INFO: [ app_begin ] --END-- [ RunTime:0.001187s ]
NOTIC: [8] Constant UC_CLIENT_VERSION already defined D:\wwwroot\mainweb\sdk\api\UcApi\Lib\Action\IndexAction.class.php 第 4 行.
NOTIC: [8] Constant UC_CLIENT_RELEASE already defined D:\wwwroot\mainweb\sdk\api\UcApi\Lib\Action\IndexAction.class.php 第 5 行.
NOTIC: [2048] Only variables should be passed by reference D:\wwwroot\mainweb\sdk\api\UcApi\Lib\Action\IndexAction.class.php 第 63 行.

[ 2013-06-18T14:00:25+08:00 ] 192.168.130.130 /api/uc.php?time=1371535225&code=8717VGXOCOcNHURXf4MiNAkv%2FRAdbmWYC4eYvThDgpnTKX17g3%2BItI7SDS5bnjTEUYGmYBNlVoCe%2FLL%2Fu85O0sdn1OvAO7bAX3RKflRumXH1vllwaHdmVeJpfC6jwYfvmMWT0isX1%2BIYAX%2FlSAHT%2F%2BdCAuNbZXV2IFPBW060VQ
INFO: [ app_begin ] --START--
INFO: Run ReadHtmlCache Behavior [ RunTime:0.001163s ]
INFO: [ app_begin ] --END-- [ RunTime:0.001259s ]
NOTIC: [8] Constant UC_CLIENT_VERSION already defined D:\wwwroot\mainweb\sdk\api\UcApi\Lib\Action\IndexAction.class.php 第 4 行.
NOTIC: [8] Constant UC_CLIENT_RELEASE already defined D:\wwwroot\mainweb\sdk\api\UcApi\Lib\Action\IndexAction.class.php 第 5 行.
NOTIC: [2048] Only variables should be passed by reference D:\wwwroot\mainweb\sdk\api\UcApi\Lib\Action\IndexAction.class.php 第 63 行.
NOTIC: [8] Constant API_RETURN_FAILED already defined D:\wwwroot\mainweb\sdk\uc_client\model\note.php 第 16 行.
SQL: SHOW COLUMNS FROM `sdk_accounts` [ RunTime:0.002666s ]
SQL: SELECT * FROM `sdk_accounts` WHERE ( `account_id` = 1485 ) LIMIT 1   [ RunTime:0.000634s ]
NOTIC: [8] Undefined index:  apph D:\wwwroot\mainweb\sdk\uc_client\model\note.php 第 169 行.
NOTIC: [8] Undefined offset:  2 D:\wwwroot\mainweb\sdk\uc_client\model\note.php 第 141 行.

[ 2013-06-18T14:04:36+08:00 ] 110.65.70.153 /api/uc.php?time=1371535473&code=d8f6MyfYsOozkYxr9JJK60GTxTFyo2Zx18YwIqowk7wM9p9zTE5QMM%2FmKT3BCrv7EQ0r9LRFyzxkv9zuOnN7fXS88ZWnmbV3MF0j14WE9gfLuFTocJPs4vRT4H8LmKLZ96GTtADt5UQBtxCsGEG5ckeqSjTF3nMF6M84K6Vmo7I
INFO: [ app_begin ] --START--
INFO: Run ReadHtmlCache Behavior [ RunTime:0.001174s ]
INFO: [ app_begin ] --END-- [ RunTime:0.001269s ]
NOTIC: [8] Constant UC_CLIENT_VERSION already defined D:\wwwroot\mainweb\sdk\api\UcApi\Lib\Action\IndexAction.class.php 第 4 行.
NOTIC: [8] Constant UC_CLIENT_RELEASE already defined D:\wwwroot\mainweb\sdk\api\UcApi\Lib\Action\IndexAction.class.php 第 5 行.
NOTIC: [2048] Only variables should be passed by reference D:\wwwroot\mainweb\sdk\api\UcApi\Lib\Action\IndexAction.class.php 第 63 行.
NOTIC: [8] Constant API_RETURN_FAILED already defined D:\wwwroot\mainweb\sdk\uc_client\model\note.php 第 16 行.
SQL: SHOW COLUMNS FROM `sdk_accounts` [ RunTime:0.002270s ]
SQL: SELECT * FROM `sdk_accounts` WHERE ( `account_id` = 2336 ) LIMIT 1   [ RunTime:0.000361s ]
SQL: INSERT INTO `sdk_accounts` (`account_id`,`user_name`,`email`,`password`,`reg_time`) VALUES (2336,'qianjun','qianjuna1@163.com','bb377d2994e03227edbfb1bd5517f2f962fd78a3',1371535476) [ RunTime:0.000660s ]

[ 2013-06-18T14:08:22+08:00 ] 111.161.127.13 /api/uc.php?time=1371535701&code=2b05TiXB0cCiBAdr%2FTmoCP0hYkd4cUat8V50Ves0WrJBx3VVNvmvGO%2FiT9S3IBew%2BsiUZNOlGmN%2BCwSyOTGgDu4BgfaF8SYRS2cmIO3uu76cmNwY%2BCrPFk41LEKWZuJ1VWVexdUEPMpvY1ghb8TOLWc0F%2BfpzLzI%2BFJPmgyDIig
INFO: [ app_begin ] --START--
INFO: Run ReadHtmlCache Behavior [ RunTime:0.001141s ]
INFO: [ app_begin ] --END-- [ RunTime:0.001237s ]
NOTIC: [8] Constant UC_CLIENT_VERSION already defined D:\wwwroot\mainweb\sdk\api\UcApi\Lib\Action\IndexAction.class.php 第 4 行.
NOTIC: [8] Constant UC_CLIENT_RELEASE already defined D:\wwwroot\mainweb\sdk\api\UcApi\Lib\Action\IndexAction.class.php 第 5 行.
NOTIC: [2048] Only variables should be passed by reference D:\wwwroot\mainweb\sdk\api\UcApi\Lib\Action\IndexAction.class.php 第 63 行.
NOTIC: [8] Constant API_RETURN_FAILED already defined D:\wwwroot\mainweb\sdk\uc_client\model\note.php 第 16 行.
SQL: SHOW COLUMNS FROM `sdk_accounts` [ RunTime:0.002049s ]
SQL: SELECT * FROM `sdk_accounts` WHERE ( `account_id` = 2336 ) LIMIT 1   [ RunTime:0.000438s ]

[ 2013-06-18T15:10:03+08:00 ] 192.168.141.200 /api/uc.php?time=1371539403&code=e307bOmXoq1oEtybP9ERgXlexEp%2B8LOBob9sHmv4ywCbR23WEVioIAMciVB68805cmswQJBcL%2BuIXhwfT7oyT0f4FCEjK9x2nzEJaoJF9SoMDa%2Fab49lrhL3kwID6NABbUxYhJEKSEbAlaAKg%2FGoHye1qlZmVweGUrwPLg
INFO: [ app_begin ] --START--
INFO: Run ReadHtmlCache Behavior [ RunTime:0.001174s ]
INFO: [ app_begin ] --END-- [ RunTime:0.001267s ]
NOTIC: [8] Constant UC_CLIENT_VERSION already defined D:\wwwroot\mainweb\sdk\api\UcApi\Lib\Action\IndexAction.class.php 第 4 行.
NOTIC: [8] Constant UC_CLIENT_RELEASE already defined D:\wwwroot\mainweb\sdk\api\UcApi\Lib\Action\IndexAction.class.php 第 5 行.
NOTIC: [2048] Only variables should be passed by reference D:\wwwroot\mainweb\sdk\api\UcApi\Lib\Action\IndexAction.class.php 第 63 行.
NOTIC: [8] Constant API_RETURN_FAILED already defined D:\wwwroot\mainweb\sdk\uc_client\model\note.php 第 16 行.
SQL: SHOW COLUMNS FROM `sdk_accounts` [ RunTime:0.002189s ]
SQL: SELECT * FROM `sdk_accounts` WHERE ( `account_id` = 1998 ) LIMIT 1   [ RunTime:0.000447s ]

[ 2013-06-18T15:10:53+08:00 ] 192.168.141.200 /api/uc.php?time=1371539453&code=defa3VfMjq6xMg7xW9JiaRJ%2FtJkbDEoXpn5%2BuRaSN11j8JqFZNun4r%2Bi3ItxJBja7hL2mLpgqmAiUFeDMLEtD13O1Qp1XVTXQhoNkz2xjpjtU%2FicKImdoX4LRHWmC5J%2BRQaUn0yJArK5iQSyRW26XzFaojPYzGfL%2BFfzyA
INFO: [ app_begin ] --START--
INFO: Run ReadHtmlCache Behavior [ RunTime:0.001238s ]
INFO: [ app_begin ] --END-- [ RunTime:0.001334s ]
NOTIC: [8] Constant UC_CLIENT_VERSION already defined D:\wwwroot\mainweb\sdk\api\UcApi\Lib\Action\IndexAction.class.php 第 4 行.
NOTIC: [8] Constant UC_CLIENT_RELEASE already defined D:\wwwroot\mainweb\sdk\api\UcApi\Lib\Action\IndexAction.class.php 第 5 行.
NOTIC: [2048] Only variables should be passed by reference D:\wwwroot\mainweb\sdk\api\UcApi\Lib\Action\IndexAction.class.php 第 63 行.
NOTIC: [8] Constant API_RETURN_FAILED already defined D:\wwwroot\mainweb\sdk\uc_client\model\note.php 第 16 行.
SQL: SHOW COLUMNS FROM `sdk_accounts` [ RunTime:0.002036s ]
SQL: SELECT * FROM `sdk_accounts` WHERE ( `account_id` = 1998 ) LIMIT 1   [ RunTime:0.000144s ]

[ 2013-06-18T15:33:19+08:00 ] 192.168.160.219 /api/uc.php?time=1371540799&code=3f81oj8yh8tx7mExzJWDlEmaK0iLvcRWVZlQQ1%2Fk%2F%2BmIn8pJE7E32WAOJYMzxrVpOeSVxZj0cVmX9fuqpl2jrKv0H4gZp89aGu%2F8ikIl7tCcqQCj0nS5F04T28Wysgd%2BqHdvrEoS0JnF6woWKNcZX5V%2FK%2BRPpDrvRpYykQ
INFO: [ app_begin ] --START--
INFO: Run ReadHtmlCache Behavior [ RunTime:0.001135s ]
INFO: [ app_begin ] --END-- [ RunTime:0.001230s ]
NOTIC: [8] Constant UC_CLIENT_VERSION already defined D:\wwwroot\mainweb\sdk\api\UcApi\Lib\Action\IndexAction.class.php 第 4 行.
NOTIC: [8] Constant UC_CLIENT_RELEASE already defined D:\wwwroot\mainweb\sdk\api\UcApi\Lib\Action\IndexAction.class.php 第 5 行.
NOTIC: [2048] Only variables should be passed by reference D:\wwwroot\mainweb\sdk\api\UcApi\Lib\Action\IndexAction.class.php 第 63 行.
NOTIC: [8] Constant API_RETURN_FAILED already defined D:\wwwroot\mainweb\sdk\uc_client\model\note.php 第 16 行.
SQL: SHOW COLUMNS FROM `sdk_accounts` [ RunTime:0.002063s ]
SQL: SELECT * FROM `sdk_accounts` WHERE ( `account_id` = 1530 ) LIMIT 1   [ RunTime:0.000693s ]

[ 2013-06-18T15:33:36+08:00 ] 192.168.160.219 /api/uc.php?time=1371540816&code=9e47dCQhiKXLB86FUtYxi4xtDcLBO1goYwr%2BY21Up%2FSvD4fix58o9hPE5tNz3KJkZqfpfegWweO1u7WCEg
INFO: [ app_begin ] --START--
INFO: Run ReadHtmlCache Behavior [ RunTime:0.001994s ]
INFO: [ app_begin ] --END-- [ RunTime:0.002091s ]
NOTIC: [8] Constant UC_CLIENT_VERSION already defined D:\wwwroot\mainweb\sdk\api\UcApi\Lib\Action\IndexAction.class.php 第 4 行.
NOTIC: [8] Constant UC_CLIENT_RELEASE already defined D:\wwwroot\mainweb\sdk\api\UcApi\Lib\Action\IndexAction.class.php 第 5 行.
NOTIC: [2048] Only variables should be passed by reference D:\wwwroot\mainweb\sdk\api\UcApi\Lib\Action\IndexAction.class.php 第 63 行.

[ 2013-06-18T15:33:36+08:00 ] 192.168.160.219 /api/uc.php?time=1371540816&code=9e47dCQhiKXLB86FUtYxi4xtDcLBO1goYwr%2BY21Up%2FSvD4fix58o9hPE5tNz3KJkZqfpfegWweO1u7WCEg
INFO: [ app_begin ] --START--
INFO: Run ReadHtmlCache Behavior [ RunTime:0.001081s ]
INFO: [ app_begin ] --END-- [ RunTime:0.001175s ]
NOTIC: [8] Constant UC_CLIENT_VERSION already defined D:\wwwroot\mainweb\sdk\api\UcApi\Lib\Action\IndexAction.class.php 第 4 行.
NOTIC: [8] Constant UC_CLIENT_RELEASE already defined D:\wwwroot\mainweb\sdk\api\UcApi\Lib\Action\IndexAction.class.php 第 5 行.
NOTIC: [2048] Only variables should be passed by reference D:\wwwroot\mainweb\sdk\api\UcApi\Lib\Action\IndexAction.class.php 第 63 行.

[ 2013-06-18T16:13:56+08:00 ] 192.168.167.72 /api/uc.php?time=1371543236&code=66dbDgTuI29iWsxofPHkChjSH7V3V8hGSXXRtukDpxvq22gqhylzckAc5D3Kgc4eZyklNbhQC3qCoxXNbvfOQnSWIAeIuhTWKVJebFKMP5Hx3SKPc8%2Fu%2BCTOLazlAjzskJ2S1KtsoaiWYBiE%2FmXRnk9G%2FYGPqHsN3x3HfS9W
INFO: [ app_begin ] --START--
INFO: Run ReadHtmlCache Behavior [ RunTime:0.001149s ]
INFO: [ app_begin ] --END-- [ RunTime:0.001246s ]
NOTIC: [8] Constant UC_CLIENT_VERSION already defined D:\wwwroot\mainweb\sdk\api\UcApi\Lib\Action\IndexAction.class.php 第 4 行.
NOTIC: [8] Constant UC_CLIENT_RELEASE already defined D:\wwwroot\mainweb\sdk\api\UcApi\Lib\Action\IndexAction.class.php 第 5 行.
NOTIC: [2048] Only variables should be passed by reference D:\wwwroot\mainweb\sdk\api\UcApi\Lib\Action\IndexAction.class.php 第 63 行.
NOTIC: [8] Constant API_RETURN_FAILED already defined D:\wwwroot\mainweb\sdk\uc_client\model\note.php 第 16 行.
SQL: SHOW COLUMNS FROM `sdk_accounts` [ RunTime:0.002319s ]
SQL: SELECT * FROM `sdk_accounts` WHERE ( `account_id` = 912 ) LIMIT 1   [ RunTime:0.000430s ]

[ 2013-06-18T17:36:35+08:00 ] 192.168.178.208 /api/uc.php?time=1371548194&code=9909lhr3YAHHPy6Jg8S%2FaLlrrMrXiXQGMeEWrhuzkb0n%2FWU1WLhu5f1tm53d4A%2FIo17dAMCrZfryEUl9wlkYQ40IoIgf0%2FBqrb8iCQAtXDHYGceGa1NNaJX8O%2FPi9HswGrRqbz8mLU2OXdzKoHNzRrVdA%2BcwITleENu6eumAbLayRNOiR%2FLPaA
INFO: [ app_begin ] --START--
INFO: Run ReadHtmlCache Behavior [ RunTime:0.001165s ]
INFO: [ app_begin ] --END-- [ RunTime:0.001260s ]
NOTIC: [8] Constant UC_CLIENT_VERSION already defined D:\wwwroot\mainweb\sdk\api\UcApi\Lib\Action\IndexAction.class.php 第 4 行.
NOTIC: [8] Constant UC_CLIENT_RELEASE already defined D:\wwwroot\mainweb\sdk\api\UcApi\Lib\Action\IndexAction.class.php 第 5 行.
NOTIC: [2048] Only variables should be passed by reference D:\wwwroot\mainweb\sdk\api\UcApi\Lib\Action\IndexAction.class.php 第 63 行.
NOTIC: [8] Constant API_RETURN_FAILED already defined D:\wwwroot\mainweb\sdk\uc_client\model\note.php 第 16 行.
SQL: SHOW COLUMNS FROM `sdk_accounts` [ RunTime:0.002247s ]
SQL: SELECT * FROM `sdk_accounts` WHERE ( `account_id` = 1900 ) LIMIT 1   [ RunTime:0.000485s ]

[ 2013-06-18T17:47:36+08:00 ] 192.168.201.22 /api/uc.php?time=1371548856&code=88c5wpRVrEcfQIab5SSzxb0WnqZsiZB%2FdiQKIn9YyHuXsnU%2FwZKGzCrSBRByEugUsbrp55SnLT7JRNN1Mxa8rx5vArc0nsoz6lr7sdVjrwxDcibs6dK2S%2BdJ3E4v%2Bmr2be2%2FhSTTYFBFqOHvoHA4d2ci%2FrihRCKZ1mPKb%2B5CIb7d
INFO: [ app_begin ] --START--
INFO: Run ReadHtmlCache Behavior [ RunTime:0.001177s ]
INFO: [ app_begin ] --END-- [ RunTime:0.001271s ]
NOTIC: [8] Constant UC_CLIENT_VERSION already defined D:\wwwroot\mainweb\sdk\api\UcApi\Lib\Action\IndexAction.class.php 第 4 行.
NOTIC: [8] Constant UC_CLIENT_RELEASE already defined D:\wwwroot\mainweb\sdk\api\UcApi\Lib\Action\IndexAction.class.php 第 5 行.
NOTIC: [2048] Only variables should be passed by reference D:\wwwroot\mainweb\sdk\api\UcApi\Lib\Action\IndexAction.class.php 第 63 行.
NOTIC: [8] Constant API_RETURN_FAILED already defined D:\wwwroot\mainweb\sdk\uc_client\model\note.php 第 16 行.
SQL: SHOW COLUMNS FROM `sdk_accounts` [ RunTime:0.002524s ]
SQL: SELECT * FROM `sdk_accounts` WHERE ( `account_id` = 2228 ) LIMIT 1   [ RunTime:0.000529s ]

[ 2013-06-18T17:48:41+08:00 ] 192.168.200.26 /api/uc.php?time=1371548921&code=2f41CahOIO8BdEq%2F0M2eJ3LmLcxnOMaep0agc95MzUrCfG2iNFKf5UUkuE8P7o%2FZZOb0PVzc%2FrAA54EY26rqMCm8l9hZ1SIYoeg%2B1gOiFGwQ4lHHXUZdZJ9d3V8V%2BTQ7XNWpQ2HPztWNr1uLmzHKPDvnHIwV21vO6ATS0Yoe5RFSug
INFO: [ app_begin ] --START--
INFO: Run ReadHtmlCache Behavior [ RunTime:0.001142s ]
INFO: [ app_begin ] --END-- [ RunTime:0.001236s ]
NOTIC: [8] Constant UC_CLIENT_VERSION already defined D:\wwwroot\mainweb\sdk\api\UcApi\Lib\Action\IndexAction.class.php 第 4 行.
NOTIC: [8] Constant UC_CLIENT_RELEASE already defined D:\wwwroot\mainweb\sdk\api\UcApi\Lib\Action\IndexAction.class.php 第 5 行.
NOTIC: [2048] Only variables should be passed by reference D:\wwwroot\mainweb\sdk\api\UcApi\Lib\Action\IndexAction.class.php 第 63 行.
NOTIC: [8] Constant API_RETURN_FAILED already defined D:\wwwroot\mainweb\sdk\uc_client\model\note.php 第 16 行.
SQL: SHOW COLUMNS FROM `sdk_accounts` [ RunTime:0.002003s ]
SQL: SELECT * FROM `sdk_accounts` WHERE ( `account_id` = 2322 ) LIMIT 1   [ RunTime:0.000537s ]

[ 2013-06-18T18:04:47+08:00 ] 192.168.163.214 /api/uc.php?time=1371549887&code=f1d2y%2FVyPQ%2F05r0k8EpDKD1Xon65AVGXrlkBh2kyY1Z6Ij7%2Fwvt3IJYXaEVQq%2FsU1vSGnbnvw6qp%2BkSVn7SfjoonKqFt1Y33pUT1p97aAHQfBEEXTWQpz6onGn4PkemvPyqVb99%2BGJqOvekGnO57XiTxkruaVwcU0q8tO4LK5qy0
INFO: [ app_begin ] --START--
INFO: Run ReadHtmlCache Behavior [ RunTime:0.001153s ]
INFO: [ app_begin ] --END-- [ RunTime:0.001248s ]
NOTIC: [8] Constant UC_CLIENT_VERSION already defined D:\wwwroot\mainweb\sdk\api\UcApi\Lib\Action\IndexAction.class.php 第 4 行.
NOTIC: [8] Constant UC_CLIENT_RELEASE already defined D:\wwwroot\mainweb\sdk\api\UcApi\Lib\Action\IndexAction.class.php 第 5 行.
NOTIC: [2048] Only variables should be passed by reference D:\wwwroot\mainweb\sdk\api\UcApi\Lib\Action\IndexAction.class.php 第 63 行.
NOTIC: [8] Constant API_RETURN_FAILED already defined D:\wwwroot\mainweb\sdk\uc_client\model\note.php 第 16 行.
SQL: SHOW COLUMNS FROM `sdk_accounts` [ RunTime:0.002180s ]
SQL: SELECT * FROM `sdk_accounts` WHERE ( `account_id` = 423 ) LIMIT 1   [ RunTime:0.000256s ]

[ 2013-06-18T18:11:27+08:00 ] 192.168.143.199 /api/uc.php?time=1371550287&code=4308SK2ndRUb%2F7V4MJhLD2r6RVwk%2Fqbc28a7B%2FKgxjevThs3SWMeypbosQOH93PYq1QNTBMI%2BtRs%2FyvcHnChy82Z3QHzYKhZR5BFt9ObWO%2Bza8B6ilXVXOfc8SgaYHlXSgNn5NccMSMp3Bv4HJRByqDFXH%2BBB3oFAvbdWSE
INFO: [ app_begin ] --START--
INFO: Run ReadHtmlCache Behavior [ RunTime:0.001142s ]
INFO: [ app_begin ] --END-- [ RunTime:0.001236s ]
NOTIC: [8] Constant UC_CLIENT_VERSION already defined D:\wwwroot\mainweb\sdk\api\UcApi\Lib\Action\IndexAction.class.php 第 4 行.
NOTIC: [8] Constant UC_CLIENT_RELEASE already defined D:\wwwroot\mainweb\sdk\api\UcApi\Lib\Action\IndexAction.class.php 第 5 行.
NOTIC: [2048] Only variables should be passed by reference D:\wwwroot\mainweb\sdk\api\UcApi\Lib\Action\IndexAction.class.php 第 63 行.
NOTIC: [8] Constant API_RETURN_FAILED already defined D:\wwwroot\mainweb\sdk\uc_client\model\note.php 第 16 行.
SQL: SHOW COLUMNS FROM `sdk_accounts` [ RunTime:0.002122s ]
SQL: SELECT * FROM `sdk_accounts` WHERE ( `account_id` = 662 ) LIMIT 1   [ RunTime:0.000606s ]

[ 2013-06-18T18:13:51+08:00 ] 192.168.140.136 /api/uc.php?time=1371550431&code=bae14wYLKXG0wM1xunKHqU2bPiLFKTzkUp4IfmaRN%2F6WB9%2FvBMLNwVDEsuluY9YL%2BjxOvHFt5GNdWUXRij%2F2pX4b9SZrU9GtfSu4p5bSAY%2BbxCAfcSlvX9FAq8GqI8ahamnU4AWWOhgg%2BeMnzmSvgFJZ3vuJO53igaxSPhk
INFO: [ app_begin ] --START--
INFO: Run ReadHtmlCache Behavior [ RunTime:0.001280s ]
INFO: [ app_begin ] --END-- [ RunTime:0.001377s ]
NOTIC: [8] Constant UC_CLIENT_VERSION already defined D:\wwwroot\mainweb\sdk\api\UcApi\Lib\Action\IndexAction.class.php 第 4 行.
NOTIC: [8] Constant UC_CLIENT_RELEASE already defined D:\wwwroot\mainweb\sdk\api\UcApi\Lib\Action\IndexAction.class.php 第 5 行.
NOTIC: [2048] Only variables should be passed by reference D:\wwwroot\mainweb\sdk\api\UcApi\Lib\Action\IndexAction.class.php 第 63 行.
NOTIC: [8] Constant API_RETURN_FAILED already defined D:\wwwroot\mainweb\sdk\uc_client\model\note.php 第 16 行.
SQL: SHOW COLUMNS FROM `sdk_accounts` [ RunTime:0.001921s ]
SQL: SELECT * FROM `sdk_accounts` WHERE ( `account_id` = 1983 ) LIMIT 1   [ RunTime:0.000379s ]

[ 2013-06-18T18:46:57+08:00 ] 192.168.192.26 /api/uc.php?time=1371552416&code=9f04Ut9rJclKHhbr1luRTBo4kJsPgFahnl47Vc2vdAJEEOXGcveULqCu%2BSkk78t6VKwOnjZybmiy%2BM1Z8IzNgvSH7%2FCBeDyIAVLF%2B90e%2F7eq5BLr9a5nRcg4kXkDDII9l2xbboxrffjmtYbE%2FNv2S0LO9PkPGDCOKNJB0Xo
INFO: [ app_begin ] --START--
INFO: Run ReadHtmlCache Behavior [ RunTime:0.001194s ]
INFO: [ app_begin ] --END-- [ RunTime:0.001289s ]
NOTIC: [8] Constant UC_CLIENT_VERSION already defined D:\wwwroot\mainweb\sdk\api\UcApi\Lib\Action\IndexAction.class.php 第 4 行.
NOTIC: [8] Constant UC_CLIENT_RELEASE already defined D:\wwwroot\mainweb\sdk\api\UcApi\Lib\Action\IndexAction.class.php 第 5 行.
NOTIC: [2048] Only variables should be passed by reference D:\wwwroot\mainweb\sdk\api\UcApi\Lib\Action\IndexAction.class.php 第 63 行.
NOTIC: [8] Constant API_RETURN_FAILED already defined D:\wwwroot\mainweb\sdk\uc_client\model\note.php 第 16 行.
SQL: SHOW COLUMNS FROM `sdk_accounts` [ RunTime:0.002200s ]
SQL: SELECT * FROM `sdk_accounts` WHERE ( `account_id` = 711 ) LIMIT 1   [ RunTime:0.000816s ]

[ 2013-06-18T18:49:27+08:00 ] 192.168.206.144 /api/uc.php?time=1371552567&code=78b4EH3sBTNd6%2FVysGh5DVdUS5JIfbXDGU%2BNjTwgrUVz5um8vRASz9Ku8ealHkgjniopMCtFgW%2Fib6lL2mTFjcqX9vrzacAe5baANyOR7iH5al6VwtfkqOqRynbTIdCJHpBB8LwsTDWlLF30bMQt5ffkpMAh4I8m88edIGF7SA
INFO: [ app_begin ] --START--
INFO: Run ReadHtmlCache Behavior [ RunTime:0.001209s ]
INFO: [ app_begin ] --END-- [ RunTime:0.001303s ]
NOTIC: [8] Constant UC_CLIENT_VERSION already defined D:\wwwroot\mainweb\sdk\api\UcApi\Lib\Action\IndexAction.class.php 第 4 行.
NOTIC: [8] Constant UC_CLIENT_RELEASE already defined D:\wwwroot\mainweb\sdk\api\UcApi\Lib\Action\IndexAction.class.php 第 5 行.
NOTIC: [2048] Only variables should be passed by reference D:\wwwroot\mainweb\sdk\api\UcApi\Lib\Action\IndexAction.class.php 第 63 行.
NOTIC: [8] Constant API_RETURN_FAILED already defined D:\wwwroot\mainweb\sdk\uc_client\model\note.php 第 16 行.
SQL: SHOW COLUMNS FROM `sdk_accounts` [ RunTime:0.002028s ]
SQL: SELECT * FROM `sdk_accounts` WHERE ( `account_id` = 1923 ) LIMIT 1   [ RunTime:0.000405s ]
SQL: INSERT INTO `sdk_accounts` (`account_id`,`user_name`,`email`,`password`,`reg_time`) VALUES (1923,'nice41','591823850@qq.com','2ba62deceef508bdaead2737fd88be37b59550c5',1371552567) [ RunTime:0.001107s ]

[ 2013-06-18T18:49:44+08:00 ] 192.168.206.144 /api/uc.php?time=1371552584&code=790cVVJRv7rlVxeS79lyENV9A98HN7lVg%2Fca%2BTh%2BPkEsVlC4iVaCGCQy7CJt7cBZPe7BUd7yOvo9%2BgnuUcHnKgeNZYsF8XV8%2FIj3us2zTdA%2BwQumOQrj4onwYZzNxWO0k1AFUjLeyOOGAvrTvY5Qp0j3rHpZdk52aoIaLSoMcg
INFO: [ app_begin ] --START--
INFO: Run ReadHtmlCache Behavior [ RunTime:0.001154s ]
INFO: [ app_begin ] --END-- [ RunTime:0.001247s ]
NOTIC: [8] Constant UC_CLIENT_VERSION already defined D:\wwwroot\mainweb\sdk\api\UcApi\Lib\Action\IndexAction.class.php 第 4 行.
NOTIC: [8] Constant UC_CLIENT_RELEASE already defined D:\wwwroot\mainweb\sdk\api\UcApi\Lib\Action\IndexAction.class.php 第 5 行.
NOTIC: [2048] Only variables should be passed by reference D:\wwwroot\mainweb\sdk\api\UcApi\Lib\Action\IndexAction.class.php 第 63 行.
NOTIC: [8] Constant API_RETURN_FAILED already defined D:\wwwroot\mainweb\sdk\uc_client\model\note.php 第 16 行.
SQL: SHOW COLUMNS FROM `sdk_accounts` [ RunTime:0.002160s ]
SQL: SELECT * FROM `sdk_accounts` WHERE ( `account_id` = 1923 ) LIMIT 1   [ RunTime:0.000410s ]

[ 2013-06-18T19:04:56+08:00 ] 192.168.136.151 /api/uc.php?time=1371553495&code=2430KncwoR6hSzQYlD%2FxVv7C7LBBiWI%2FkOIIX4ZDp6pAdISlGn4koS%2FFupgARKjMRZXDlSFq8%2FwQd4QdyfIbqpjmPZsZzFNqDRRGDE%2FYADh0WyB3ScO4vjdXRmG4Y2WnQaY9nak9pNJraZtrlAjoRsj10eQVBdhOSGMMREvXQmd69g
INFO: [ app_begin ] --START--
INFO: Run ReadHtmlCache Behavior [ RunTime:0.001193s ]
INFO: [ app_begin ] --END-- [ RunTime:0.001289s ]
NOTIC: [8] Constant UC_CLIENT_VERSION already defined D:\wwwroot\mainweb\sdk\api\UcApi\Lib\Action\IndexAction.class.php 第 4 行.
NOTIC: [8] Constant UC_CLIENT_RELEASE already defined D:\wwwroot\mainweb\sdk\api\UcApi\Lib\Action\IndexAction.class.php 第 5 行.
NOTIC: [2048] Only variables should be passed by reference D:\wwwroot\mainweb\sdk\api\UcApi\Lib\Action\IndexAction.class.php 第 63 行.
NOTIC: [8] Constant API_RETURN_FAILED already defined D:\wwwroot\mainweb\sdk\uc_client\model\note.php 第 16 行.
SQL: SHOW COLUMNS FROM `sdk_accounts` [ RunTime:0.002139s ]
SQL: SELECT * FROM `sdk_accounts` WHERE ( `account_id` = 1560 ) LIMIT 1   [ RunTime:0.000547s ]

[ 2013-06-18T20:00:24+08:00 ] 192.168.139.3 /api/uc.php?time=1371556824&code=2b4aXB1g9DevEb6RKIhWIvk5AoUOrkwT6YFrIx3dzDiznJi3goKxUUO1WNiKiUXxeBL5DAUpETtWwxT9Kl6WK%2BU5iUcvsuc3wYkART0ksmU5rpW4hOWxomfrVnQXA0h4zqjkxx2pjFHNoruf%2FEOXj64bRJ3rj8pgzmFhVQ
INFO: [ app_begin ] --START--
INFO: Run ReadHtmlCache Behavior [ RunTime:0.001237s ]
INFO: [ app_begin ] --END-- [ RunTime:0.001338s ]
NOTIC: [8] Constant UC_CLIENT_VERSION already defined D:\wwwroot\mainweb\sdk\api\UcApi\Lib\Action\IndexAction.class.php 第 4 行.
NOTIC: [8] Constant UC_CLIENT_RELEASE already defined D:\wwwroot\mainweb\sdk\api\UcApi\Lib\Action\IndexAction.class.php 第 5 行.
NOTIC: [2048] Only variables should be passed by reference D:\wwwroot\mainweb\sdk\api\UcApi\Lib\Action\IndexAction.class.php 第 63 行.
NOTIC: [8] Constant API_RETURN_FAILED already defined D:\wwwroot\mainweb\sdk\uc_client\model\note.php 第 16 行.
SQL: SHOW COLUMNS FROM `sdk_accounts` [ RunTime:0.002623s ]
SQL: SELECT * FROM `sdk_accounts` WHERE ( `account_id` = 1705 ) LIMIT 1   [ RunTime:0.000784s ]

[ 2013-06-18T20:08:29+08:00 ] 192.168.179.77 /api/uc.php?time=1371557309&code=312c2U%2FGIz3xNgE0lAtDLyhTs7eV9okB27t%2BXfFrTvBDULRCr3HOGWDWM6CvkUGXTXEXMUQpq8A9yEfgSCXt4ssfeFIhcdcQUh8ahoTR2Z8sjAh4EavZnIDYqMckdYXGYNBxD81L%2BgfcEOUjEGhxgLMQpK2KnmqC1gVI0Q
INFO: [ app_begin ] --START--
INFO: Run ReadHtmlCache Behavior [ RunTime:0.001127s ]
INFO: [ app_begin ] --END-- [ RunTime:0.001219s ]
NOTIC: [8] Constant UC_CLIENT_VERSION already defined D:\wwwroot\mainweb\sdk\api\UcApi\Lib\Action\IndexAction.class.php 第 4 行.
NOTIC: [8] Constant UC_CLIENT_RELEASE already defined D:\wwwroot\mainweb\sdk\api\UcApi\Lib\Action\IndexAction.class.php 第 5 行.
NOTIC: [2048] Only variables should be passed by reference D:\wwwroot\mainweb\sdk\api\UcApi\Lib\Action\IndexAction.class.php 第 63 行.
NOTIC: [8] Constant API_RETURN_FAILED already defined D:\wwwroot\mainweb\sdk\uc_client\model\note.php 第 16 行.
SQL: SHOW COLUMNS FROM `sdk_accounts` [ RunTime:0.001938s ]
SQL: SELECT * FROM `sdk_accounts` WHERE ( `account_id` = 1054 ) LIMIT 1   [ RunTime:0.000476s ]

[ 2013-06-18T21:11:10+08:00 ] 192.168.129.135 /api/uc.php?time=1371561070&code=7be4ADPUfOM9y9LXvB0Q5XqXrQXuC0pctPgPZdfWuJz7sdKR%2BjmSw5xOHjAq2KkTPpVVN6N5mNTMJnggE2Dub9Mi020RJU05dcBG3gVoUlG5jPRw9j7W4SDk4xrgThYv048UOLlr%2BsIZqbyHHQ5aZcx1HilFpqqw2ewh04EFwXC%2BfQ
INFO: [ app_begin ] --START--
INFO: Run ReadHtmlCache Behavior [ RunTime:0.001168s ]
INFO: [ app_begin ] --END-- [ RunTime:0.001262s ]
NOTIC: [8] Constant UC_CLIENT_VERSION already defined D:\wwwroot\mainweb\sdk\api\UcApi\Lib\Action\IndexAction.class.php 第 4 行.
NOTIC: [8] Constant UC_CLIENT_RELEASE already defined D:\wwwroot\mainweb\sdk\api\UcApi\Lib\Action\IndexAction.class.php 第 5 行.
NOTIC: [2048] Only variables should be passed by reference D:\wwwroot\mainweb\sdk\api\UcApi\Lib\Action\IndexAction.class.php 第 63 行.
NOTIC: [8] Constant API_RETURN_FAILED already defined D:\wwwroot\mainweb\sdk\uc_client\model\note.php 第 16 行.
SQL: SHOW COLUMNS FROM `sdk_accounts` [ RunTime:0.002031s ]
SQL: SELECT * FROM `sdk_accounts` WHERE ( `account_id` = 2114 ) LIMIT 1   [ RunTime:0.000245s ]

[ 2013-06-18T21:49:44+08:00 ] 192.168.205.10 /api/uc.php?time=1371563384&code=bbf6gWHX9Nqwlr8kRtOepF1sF3x%2Fe5f2YpQKJCCZlBS9VqHaZc9we9fTF1eVlZS%2BgIvhRMQA5jgAzFKLtKWcqheIaeooGQcupzhC8QpR0HLRmnERJiL80Xbcvv3okUsLWbK0HiDXx61dRKVqjG3ezlYQ0xrvYOQDZ9yirqMos9aE
INFO: [ app_begin ] --START--
INFO: Run ReadHtmlCache Behavior [ RunTime:0.001134s ]
INFO: [ app_begin ] --END-- [ RunTime:0.001229s ]
NOTIC: [8] Constant UC_CLIENT_VERSION already defined D:\wwwroot\mainweb\sdk\api\UcApi\Lib\Action\IndexAction.class.php 第 4 行.
NOTIC: [8] Constant UC_CLIENT_RELEASE already defined D:\wwwroot\mainweb\sdk\api\UcApi\Lib\Action\IndexAction.class.php 第 5 行.
NOTIC: [2048] Only variables should be passed by reference D:\wwwroot\mainweb\sdk\api\UcApi\Lib\Action\IndexAction.class.php 第 63 行.
NOTIC: [8] Constant API_RETURN_FAILED already defined D:\wwwroot\mainweb\sdk\uc_client\model\note.php 第 16 行.
SQL: SHOW COLUMNS FROM `sdk_accounts` [ RunTime:0.002754s ]
SQL: SELECT * FROM `sdk_accounts` WHERE ( `account_id` = 1411 ) LIMIT 1   [ RunTime:0.000462s ]
SQL: INSERT INTO `sdk_accounts` (`account_id`,`user_name`,`email`,`password`,`reg_time`) VALUES (1411,'Children','chao472jun@163.com','8a0e57cdbdd1569921c32da7aa70bebf1ddadcb6',1371563384) [ RunTime:0.000771s ]

[ 2013-06-18T21:52:28+08:00 ] 192.168.200.200 /api/uc.php?time=1371563548&code=03dd%2F%2FI8O52WC4K55URjP2s7ct5mkDfOjwF77LmyxX%2FiYCoQmu0ROtF5XzVCgljPtUs1M%2FnFN7bpuWNxcDfrr1p91f8I9wl%2BR5%2FDptLAKypeCbOVbZWuXc2XWU0VzBAr4fT9q6vxENfiy6K2VQMTEFmT%2FNv%2F5kVf8dFGd3lX%2BbU
INFO: [ app_begin ] --START--
INFO: Run ReadHtmlCache Behavior [ RunTime:0.001136s ]
INFO: [ app_begin ] --END-- [ RunTime:0.001233s ]
NOTIC: [8] Constant UC_CLIENT_VERSION already defined D:\wwwroot\mainweb\sdk\api\UcApi\Lib\Action\IndexAction.class.php 第 4 行.
NOTIC: [8] Constant UC_CLIENT_RELEASE already defined D:\wwwroot\mainweb\sdk\api\UcApi\Lib\Action\IndexAction.class.php 第 5 行.
NOTIC: [2048] Only variables should be passed by reference D:\wwwroot\mainweb\sdk\api\UcApi\Lib\Action\IndexAction.class.php 第 63 行.
NOTIC: [8] Constant API_RETURN_FAILED already defined D:\wwwroot\mainweb\sdk\uc_client\model\note.php 第 16 行.
SQL: SHOW COLUMNS FROM `sdk_accounts` [ RunTime:0.002042s ]
SQL: SELECT * FROM `sdk_accounts` WHERE ( `account_id` = 1797 ) LIMIT 1   [ RunTime:0.000518s ]

[ 2013-06-18T22:02:00+08:00 ] 192.168.145.200 /api/uc.php?time=1371564120&code=e084OrXda1NVnMT%2BE5UKHUS4Bgres%2Fmxc%2Bvjx71E9Lf%2FDQNCeGb8xmXPudUQD87PItL9UiCXq786KTiNt7dZldSrz%2FG1nWMv0xNGoUoQjxuaBqjeYS9%2BImDqDR8mCbFDMIUrr5C7RVCUXmFbdH7RiXwL2V9pJirBaKGEGJVXIw
INFO: [ app_begin ] --START--
INFO: Run ReadHtmlCache Behavior [ RunTime:0.001212s ]
INFO: [ app_begin ] --END-- [ RunTime:0.001311s ]
NOTIC: [8] Constant UC_CLIENT_VERSION already defined D:\wwwroot\mainweb\sdk\api\UcApi\Lib\Action\IndexAction.class.php 第 4 行.
NOTIC: [8] Constant UC_CLIENT_RELEASE already defined D:\wwwroot\mainweb\sdk\api\UcApi\Lib\Action\IndexAction.class.php 第 5 行.
NOTIC: [2048] Only variables should be passed by reference D:\wwwroot\mainweb\sdk\api\UcApi\Lib\Action\IndexAction.class.php 第 63 行.
NOTIC: [8] Constant API_RETURN_FAILED already defined D:\wwwroot\mainweb\sdk\uc_client\model\note.php 第 16 行.
SQL: SHOW COLUMNS FROM `sdk_accounts` [ RunTime:0.002031s ]
SQL: SELECT * FROM `sdk_accounts` WHERE ( `account_id` = 1728 ) LIMIT 1   [ RunTime:0.000611s ]

[ 2013-06-18T22:28:43+08:00 ] 192.168.165.83 /api/uc.php?time=1371565722&code=07feHZ%2BBlC4x%2Bqr2ue5YNYu0DM5NOAPxMgHchQi8PxjQVssds2xJ8t5taMUzhijqaJHuauyXBQ7NgNPDqEkH%2BRduAMqmWARfIARwHV4Py6vz%2FrZ5IgyWkROj47720yKRri1qEyLT9Zq5JR5tQHGlSnaNpqOpWYkaA5LCRg
INFO: [ app_begin ] --START--
INFO: Run ReadHtmlCache Behavior [ RunTime:0.001199s ]
INFO: [ app_begin ] --END-- [ RunTime:0.001294s ]
NOTIC: [8] Constant UC_CLIENT_VERSION already defined D:\wwwroot\mainweb\sdk\api\UcApi\Lib\Action\IndexAction.class.php 第 4 行.
NOTIC: [8] Constant UC_CLIENT_RELEASE already defined D:\wwwroot\mainweb\sdk\api\UcApi\Lib\Action\IndexAction.class.php 第 5 行.
NOTIC: [2048] Only variables should be passed by reference D:\wwwroot\mainweb\sdk\api\UcApi\Lib\Action\IndexAction.class.php 第 63 行.
NOTIC: [8] Constant API_RETURN_FAILED already defined D:\wwwroot\mainweb\sdk\uc_client\model\note.php 第 16 行.
SQL: SHOW COLUMNS FROM `sdk_accounts` [ RunTime:0.002027s ]
SQL: SELECT * FROM `sdk_accounts` WHERE ( `account_id` = 1516 ) LIMIT 1   [ RunTime:0.000327s ]

[ 2013-06-18T22:35:36+08:00 ] 192.168.166.38 /api/uc.php?time=1371566136&code=a22fH%2Fb8S%2BaqgJKGypzFHUvbZmVcyUegDzHyDM9i40n%2FqKC22xoIhuY6%2FLvg9%2BmbnQMvKaP1Nmvx%2BthQQ%2BvbmDeL58El9XImiDUah%2BoSFNxKgLoWAqukRsPnt9wCtymjMSGUmcJ0SqxMmmrxGixZJkNiVtfc1wtxOpapvu42jidZvUw
INFO: [ app_begin ] --START--
INFO: Run ReadHtmlCache Behavior [ RunTime:0.001138s ]
INFO: [ app_begin ] --END-- [ RunTime:0.001236s ]
NOTIC: [8] Constant UC_CLIENT_VERSION already defined D:\wwwroot\mainweb\sdk\api\UcApi\Lib\Action\IndexAction.class.php 第 4 行.
NOTIC: [8] Constant UC_CLIENT_RELEASE already defined D:\wwwroot\mainweb\sdk\api\UcApi\Lib\Action\IndexAction.class.php 第 5 行.
NOTIC: [2048] Only variables should be passed by reference D:\wwwroot\mainweb\sdk\api\UcApi\Lib\Action\IndexAction.class.php 第 63 行.
NOTIC: [8] Constant API_RETURN_FAILED already defined D:\wwwroot\mainweb\sdk\uc_client\model\note.php 第 16 行.
SQL: SHOW COLUMNS FROM `sdk_accounts` [ RunTime:0.002223s ]
SQL: SELECT * FROM `sdk_accounts` WHERE ( `account_id` = 2238 ) LIMIT 1   [ RunTime:0.000564s ]

[ 2013-06-18T22:56:19+08:00 ] 192.168.136.23 /api/uc.php?time=1371567377&code=3782h95JxXWdVKifZtc9pL2NOQjyq0r7vszlrK%2F5nKO6S93EqE%2B50oGKOY8bltuHvLYyVR6bK2PcnswsZk5RfUAITxuHP65JDiPjtUrLWadGb4ZjWF5kqjba7hPjyTpat6J2AwR6am1TMoo99Y6T8Y942GsV2SyhsuV5YR9VPEzi4g
INFO: [ app_begin ] --START--
INFO: Run ReadHtmlCache Behavior [ RunTime:0.001467s ]
INFO: [ app_begin ] --END-- [ RunTime:0.001584s ]
NOTIC: [8] Constant UC_CLIENT_VERSION already defined D:\wwwroot\mainweb\sdk\api\UcApi\Lib\Action\IndexAction.class.php 第 4 行.
NOTIC: [8] Constant UC_CLIENT_RELEASE already defined D:\wwwroot\mainweb\sdk\api\UcApi\Lib\Action\IndexAction.class.php 第 5 行.
NOTIC: [2048] Only variables should be passed by reference D:\wwwroot\mainweb\sdk\api\UcApi\Lib\Action\IndexAction.class.php 第 63 行.
NOTIC: [8] Constant API_RETURN_FAILED already defined D:\wwwroot\mainweb\sdk\uc_client\model\note.php 第 16 行.
SQL: SHOW COLUMNS FROM `sdk_accounts` [ RunTime:0.002320s ]
SQL: SELECT * FROM `sdk_accounts` WHERE ( `account_id` = 562 ) LIMIT 1   [ RunTime:0.000541s ]

[ 2013-06-18T23:01:23+08:00 ] 192.168.131.217 /api/uc.php?time=1371567682&code=1bd8D9xCXf8cEyKWgw%2Bc3Pie5wh3ltRfheCnTC9EHtmh99N4nXlzsLt%2Fn3I3Be0%2BWmMdWYeviuPzKji6NzlGGohMwPd6bLYsOXpHkF8CfTDASdBUUxq%2BaqBvkh%2FrPy%2BLP%2FCuGGLkE55awREhSf8jcJfgI4Jv%2BDQFGYm%2FyADcCGay5ClNggpZnVw62w
INFO: [ app_begin ] --START--
INFO: Run ReadHtmlCache Behavior [ RunTime:0.001184s ]
INFO: [ app_begin ] --END-- [ RunTime:0.001281s ]
NOTIC: [8] Constant UC_CLIENT_VERSION already defined D:\wwwroot\mainweb\sdk\api\UcApi\Lib\Action\IndexAction.class.php 第 4 行.
NOTIC: [8] Constant UC_CLIENT_RELEASE already defined D:\wwwroot\mainweb\sdk\api\UcApi\Lib\Action\IndexAction.class.php 第 5 行.
NOTIC: [2048] Only variables should be passed by reference D:\wwwroot\mainweb\sdk\api\UcApi\Lib\Action\IndexAction.class.php 第 63 行.
NOTIC: [8] Constant API_RETURN_FAILED already defined D:\wwwroot\mainweb\sdk\uc_client\model\note.php 第 16 行.
SQL: SHOW COLUMNS FROM `sdk_accounts` [ RunTime:0.001803s ]
SQL: SELECT * FROM `sdk_accounts` WHERE ( `account_id` = 718 ) LIMIT 1   [ RunTime:0.000381s ]

[ 2013-06-18T23:22:05+08:00 ] 192.168.176.195 /api/uc.php?time=1371568924&code=793egGusKvKyFtUzUmtgi%2BkGNGwO9L5n6GMnpNYS5fR37%2FvIggPqSHfo47LfzAb3QnJuTmFegLFtRNScFAEO2GGZNLHLBrgCfMWUctt4fGY2G4DLjoWKfUh%2BD3wqOuK7THq4JXjaSK0m%2B1R630rq6j3UQ18wBkpZQ6LEUw
INFO: [ app_begin ] --START--
INFO: Run ReadHtmlCache Behavior [ RunTime:0.001154s ]
INFO: [ app_begin ] --END-- [ RunTime:0.001250s ]
NOTIC: [8] Constant UC_CLIENT_VERSION already defined D:\wwwroot\mainweb\sdk\api\UcApi\Lib\Action\IndexAction.class.php 第 4 行.
NOTIC: [8] Constant UC_CLIENT_RELEASE already defined D:\wwwroot\mainweb\sdk\api\UcApi\Lib\Action\IndexAction.class.php 第 5 行.
NOTIC: [2048] Only variables should be passed by reference D:\wwwroot\mainweb\sdk\api\UcApi\Lib\Action\IndexAction.class.php 第 63 行.
NOTIC: [8] Constant API_RETURN_FAILED already defined D:\wwwroot\mainweb\sdk\uc_client\model\note.php 第 16 行.
SQL: SHOW COLUMNS FROM `sdk_accounts` [ RunTime:0.002236s ]
SQL: SELECT * FROM `sdk_accounts` WHERE ( `account_id` = 1477 ) LIMIT 1   [ RunTime:0.000634s ]

[ 2013-06-18T23:25:13+08:00 ] 192.168.134.217 /api/uc.php?time=1371569112&code=a4f72VOblUhP63HLRI07CmWVvBOVs01FT0gVuP2LB06pw4sRUE08bvyaVzZ3hfrCZ5cLrG6ENqSa0DXkMcsLiLel3aKNW%2BapV6t4RGdtMSgOwFVfOUNokDgfBl5tWonJa6VLUL5XaQB4lrV6oLp6lG2k%2BBh2Ksmax32FkfqE1xjg%2Bg
INFO: [ app_begin ] --START--
INFO: Run ReadHtmlCache Behavior [ RunTime:0.001645s ]
INFO: [ app_begin ] --END-- [ RunTime:0.001739s ]
NOTIC: [8] Constant UC_CLIENT_VERSION already defined D:\wwwroot\mainweb\sdk\api\UcApi\Lib\Action\IndexAction.class.php 第 4 行.
NOTIC: [8] Constant UC_CLIENT_RELEASE already defined D:\wwwroot\mainweb\sdk\api\UcApi\Lib\Action\IndexAction.class.php 第 5 行.
NOTIC: [2048] Only variables should be passed by reference D:\wwwroot\mainweb\sdk\api\UcApi\Lib\Action\IndexAction.class.php 第 63 行.
NOTIC: [8] Constant API_RETURN_FAILED already defined D:\wwwroot\mainweb\sdk\uc_client\model\note.php 第 16 行.
SQL: SHOW COLUMNS FROM `sdk_accounts` [ RunTime:0.002268s ]
SQL: SELECT * FROM `sdk_accounts` WHERE ( `account_id` = 1777 ) LIMIT 1   [ RunTime:0.000432s ]

