[ 2013-08-05T21:33:33+08:00 ] 192.168.137.70 /api/uc.php?time=1375709613&code=6d590s7vNnJ9GQkh8ti6%2BDraPK6w5yWhZMWp0cVHmfa3O66TeJamxz6CI5b18wctLP6ap2HHu7L%2BvgslpqFOsMXOw7R%2FoPco9g8rnXlTQionaAfOFahYYFUcGYwJZPNs%2BmsTVyqwK2uzgnUjjZ3e7Kig%2BOhOtgcincvDZnW0
INFO: [ app_begin ] --START--
INFO: Run ReadHtmlCache Behavior [ RunTime:0.000911s ]
INFO: [ app_begin ] --END-- [ RunTime:0.001021s ]
NOTIC: [8] Constant UC_CLIENT_VERSION already defined D:\wwwroot\mainweb\sdk\api\UcApi\Lib\Action\IndexAction.class.php 第 4 行.
NOTIC: [8] Constant UC_CLIENT_RELEASE already defined D:\wwwroot\mainweb\sdk\api\UcApi\Lib\Action\IndexAction.class.php 第 5 行.
NOTIC: [2048] Only variables should be passed by reference D:\wwwroot\mainweb\sdk\api\UcApi\Lib\Action\IndexAction.class.php 第 63 行.
SQL: SHOW COLUMNS FROM `sdk_accounts` [ RunTime:0.023011s ]
SQL: SELECT * FROM `sdk_accounts` WHERE ( `account_id` = 1488 ) LIMIT 1   [ RunTime:0.020231s ]

[ 2013-08-05T22:01:20+08:00 ] 192.168.189.134 /api/uc.php?time=1375711279&code=68b2tnQ6mpHZflm6uxE5%2F9fNJeFW8hoKH2F6Bg3inLEfyjoUd1j4Av9lIjnPp7NJWEQQQkrjcVa8Xid%2BW2wjlqjdeLsdir4sACa2SCKFtf8hyToMuNb%2Ff3cknK7YfBbjDMu9DDfDh3YClZqbYYFg32gP%2F6OUFpjD0VkaTJ1NVB4
INFO: [ app_begin ] --START--
INFO: Run ReadHtmlCache Behavior [ RunTime:0.032769s ]
INFO: [ app_begin ] --END-- [ RunTime:0.032874s ]
NOTIC: [8] Constant UC_CLIENT_VERSION already defined D:\wwwroot\mainweb\sdk\api\UcApi\Lib\Action\IndexAction.class.php 第 4 行.
NOTIC: [8] Constant UC_CLIENT_RELEASE already defined D:\wwwroot\mainweb\sdk\api\UcApi\Lib\Action\IndexAction.class.php 第 5 行.
NOTIC: [2048] Only variables should be passed by reference D:\wwwroot\mainweb\sdk\api\UcApi\Lib\Action\IndexAction.class.php 第 63 行.
SQL: SHOW COLUMNS FROM `sdk_accounts` [ RunTime:0.104693s ]
SQL: SELECT * FROM `sdk_accounts` WHERE ( `account_id` = 452 ) LIMIT 1   [ RunTime:0.016727s ]

[ 2013-08-05T22:03:34+08:00 ] 101.226.89.119 /api/uc.php?time=1375709613&code=6d590s7vNnJ9GQkh8ti6%2BDraPK6w5yWhZMWp0cVHmfa3O66TeJamxz6CI5b18wctLP6ap2HHu7L%2BvgslpqFOsMXOw7R%2FoPco9g8rnXlTQionaAfOFahYYFUcGYwJZPNs%2BmsTVyqwK2uzgnUjjZ3e7Kig%2BOhOtgcincvDZnW0
INFO: [ app_begin ] --START--
INFO: Run ReadHtmlCache Behavior [ RunTime:0.001779s ]
INFO: [ app_begin ] --END-- [ RunTime:0.001875s ]
NOTIC: [8] Constant UC_CLIENT_VERSION already defined D:\wwwroot\mainweb\sdk\api\UcApi\Lib\Action\IndexAction.class.php 第 4 行.
NOTIC: [8] Constant UC_CLIENT_RELEASE already defined D:\wwwroot\mainweb\sdk\api\UcApi\Lib\Action\IndexAction.class.php 第 5 行.
NOTIC: [2048] Only variables should be passed by reference D:\wwwroot\mainweb\sdk\api\UcApi\Lib\Action\IndexAction.class.php 第 63 行.
SQL: SHOW COLUMNS FROM `sdk_accounts` [ RunTime:0.001862s ]
SQL: SELECT * FROM `sdk_accounts` WHERE ( `account_id` = 1488 ) LIMIT 1   [ RunTime:0.000164s ]

