[ 2013-05-31T11:05:16+08:00 ] 192.168.200.94 /api/uc.php?time=1369969516&code=a9dd8yGomP3VpTXVD7y8srYUDf0jsITR2MI2FC95KvZE7%2FiDTcL3UDM2wlFOBhVlo8Fq7WUz%2BN7cZLCLRnMZi0znjcr%2BPdxEWg%2BbYz4oh7ASCGY7rfGfBpU%2FszxZnvlGp59fO5BzUkIsyZYNvxwV6IP1BU9y6xQSy75UmGR1Pg
INFO: [ app_begin ] --START--
INFO: Run ReadHtmlCache Behavior [ RunTime:0.000874s ]
INFO: [ app_begin ] --END-- [ RunTime:0.000974s ]
NOTIC: [8] Constant UC_CLIENT_VERSION already defined D:\wwwroot\mainweb\sdk\api\UcApi\Lib\Action\IndexAction.class.php 第 4 行.
NOTIC: [8] Constant UC_CLIENT_RELEASE already defined D:\wwwroot\mainweb\sdk\api\UcApi\Lib\Action\IndexAction.class.php 第 5 行.
NOTIC: [2048] Only variables should be passed by reference D:\wwwroot\mainweb\sdk\api\UcApi\Lib\Action\IndexAction.class.php 第 63 行.
NOTIC: [8] Constant API_RETURN_FAILED already defined D:\wwwroot\mainweb\sdk\uc_client\model\note.php 第 16 行.
SQL: SHOW COLUMNS FROM `sdk_accounts` [ RunTime:0.001946s ]
SQL: SELECT * FROM `sdk_accounts` WHERE ( `account_id` = 1223 ) LIMIT 1   [ RunTime:0.000320s ]

[ 2013-05-31T11:07:09+08:00 ] 192.168.233.66 /api/uc.php?time=1369969629&code=8226nIQgAB0rWugAqHvxZvzaBvsy84eYpa%2Fv6uS8N%2FBL1oKcjN4AuKEYuXneL0eJOIAgd2YIBjfrvtdsGg
INFO: [ app_begin ] --START--
INFO: Run ReadHtmlCache Behavior [ RunTime:0.001156s ]
INFO: [ app_begin ] --END-- [ RunTime:0.001253s ]
NOTIC: [8] Constant UC_CLIENT_VERSION already defined D:\wwwroot\mainweb\sdk\api\UcApi\Lib\Action\IndexAction.class.php 第 4 行.
NOTIC: [8] Constant UC_CLIENT_RELEASE already defined D:\wwwroot\mainweb\sdk\api\UcApi\Lib\Action\IndexAction.class.php 第 5 行.
NOTIC: [2048] Only variables should be passed by reference D:\wwwroot\mainweb\sdk\api\UcApi\Lib\Action\IndexAction.class.php 第 63 行.

[ 2013-05-31T11:07:33+08:00 ] 192.168.233.66 /api/uc.php?time=1369969653&code=9f4dW%2BjkvRAOINWPI17y5FKhYXj92seKXsdhKOy2EqWWZLMC%2BDKSJ1BXXojF7Vu51kcns6XNdnvaPHT1cIDu5U121weOSdB%2BttxrymDEh3iwQWcU7uDyuvtH9ParPoO44XDQXIRuBdBGtVOioXYaZ96jt%2B%2FaG5UuMVhAhlM
INFO: [ app_begin ] --START--
INFO: Run ReadHtmlCache Behavior [ RunTime:0.001132s ]
INFO: [ app_begin ] --END-- [ RunTime:0.001224s ]
NOTIC: [8] Constant UC_CLIENT_VERSION already defined D:\wwwroot\mainweb\sdk\api\UcApi\Lib\Action\IndexAction.class.php 第 4 行.
NOTIC: [8] Constant UC_CLIENT_RELEASE already defined D:\wwwroot\mainweb\sdk\api\UcApi\Lib\Action\IndexAction.class.php 第 5 行.
NOTIC: [2048] Only variables should be passed by reference D:\wwwroot\mainweb\sdk\api\UcApi\Lib\Action\IndexAction.class.php 第 63 行.
NOTIC: [8] Constant API_RETURN_FAILED already defined D:\wwwroot\mainweb\sdk\uc_client\model\note.php 第 16 行.
SQL: SHOW COLUMNS FROM `sdk_accounts` [ RunTime:0.001976s ]
SQL: SELECT * FROM `sdk_accounts` WHERE ( `account_id` = 475 ) LIMIT 1   [ RunTime:0.000449s ]

[ 2013-05-31T11:08:27+08:00 ] 192.168.233.66 /api/uc.php?time=1369969707&code=48ccjOlkbgxAgK%2FlOyn4Y9ggJSS0glD0X3bnQvEFRBh2d8dS8zXpl8n8Yx1MYtO003U4P5vGeqELmYXvkA
INFO: [ app_begin ] --START--
INFO: Run ReadHtmlCache Behavior [ RunTime:0.001212s ]
INFO: [ app_begin ] --END-- [ RunTime:0.001306s ]
NOTIC: [8] Constant UC_CLIENT_VERSION already defined D:\wwwroot\mainweb\sdk\api\UcApi\Lib\Action\IndexAction.class.php 第 4 行.
NOTIC: [8] Constant UC_CLIENT_RELEASE already defined D:\wwwroot\mainweb\sdk\api\UcApi\Lib\Action\IndexAction.class.php 第 5 行.
NOTIC: [2048] Only variables should be passed by reference D:\wwwroot\mainweb\sdk\api\UcApi\Lib\Action\IndexAction.class.php 第 63 行.

[ 2013-05-31T11:08:28+08:00 ] 202.116.192.47 /api/uc.php?code=770b0sX1EIiv56lz8wxs4%2Bsg0Vzpnuso9MDK%2F%2B3B8eEizTkocBlAb8KWybq5DJ74Zf1wH3gy3qhseo%2F83ZNpY9lfm%2Bil8pj8clPOgaOZRwEVZtOe%2BdXpijrVOKKSOSzaudYsdVZfJA&__times__=1
INFO: [ app_begin ] --START--
INFO: Run ReadHtmlCache Behavior [ RunTime:0.001123s ]
INFO: [ app_begin ] --END-- [ RunTime:0.001215s ]
NOTIC: [8] Constant UC_CLIENT_VERSION already defined D:\wwwroot\mainweb\sdk\api\UcApi\Lib\Action\IndexAction.class.php 第 4 行.
NOTIC: [8] Constant UC_CLIENT_RELEASE already defined D:\wwwroot\mainweb\sdk\api\UcApi\Lib\Action\IndexAction.class.php 第 5 行.
NOTIC: [2048] Only variables should be passed by reference D:\wwwroot\mainweb\sdk\api\UcApi\Lib\Action\IndexAction.class.php 第 63 行.

[ 2013-05-31T11:08:34+08:00 ] 192.168.233.66 /api/uc.php?time=1369969714&code=0872qNNIC3qo2FmQMYY1FOrUqrcih0zVIXP9YFPWpVmxxakcRBnNDS0z2wTtM91ehnqUVtYpLTiDKnuCCko2nRTU9urmhjQGTbQivfREJ35CjUsfpWlWd8gfIv%2BJqWZ0tO3A0engpj6UhJOht0NUel1PyrXcpgYjoT4V6Cm%2FS1ojGeU
INFO: [ app_begin ] --START--
INFO: Run ReadHtmlCache Behavior [ RunTime:0.001167s ]
INFO: [ app_begin ] --END-- [ RunTime:0.001261s ]
NOTIC: [8] Constant UC_CLIENT_VERSION already defined D:\wwwroot\mainweb\sdk\api\UcApi\Lib\Action\IndexAction.class.php 第 4 行.
NOTIC: [8] Constant UC_CLIENT_RELEASE already defined D:\wwwroot\mainweb\sdk\api\UcApi\Lib\Action\IndexAction.class.php 第 5 行.
NOTIC: [2048] Only variables should be passed by reference D:\wwwroot\mainweb\sdk\api\UcApi\Lib\Action\IndexAction.class.php 第 63 行.
NOTIC: [8] Constant API_RETURN_FAILED already defined D:\wwwroot\mainweb\sdk\uc_client\model\note.php 第 16 行.
SQL: SHOW COLUMNS FROM `sdk_accounts` [ RunTime:0.002040s ]
SQL: SELECT * FROM `sdk_accounts` WHERE ( `account_id` = 475 ) LIMIT 1   [ RunTime:0.000432s ]

[ 2013-05-31T11:12:50+08:00 ] 202.116.192.47 /api/uc.php?code=ca62ERathvHyPXD2mJV9wKOQv6Kg8BLRE1tXxvQ33kD2B02DK5GhwTdFzrVmZqcvSZyw7yY9etfty9cLKWR1Y8xx3eXPyCdBYmMDxSX6boj403H9F56fhNJz7R64M7MRfKqYuu7zJOjhVos7u0Y8NMKI4P2QxqYiqIZYs7X5kFo&__times__=1
INFO: [ app_begin ] --START--
INFO: Run ReadHtmlCache Behavior [ RunTime:0.002174s ]
INFO: [ app_begin ] --END-- [ RunTime:0.002267s ]
NOTIC: [8] Constant UC_CLIENT_VERSION already defined D:\wwwroot\mainweb\sdk\api\UcApi\Lib\Action\IndexAction.class.php 第 4 行.
NOTIC: [8] Constant UC_CLIENT_RELEASE already defined D:\wwwroot\mainweb\sdk\api\UcApi\Lib\Action\IndexAction.class.php 第 5 行.
NOTIC: [2048] Only variables should be passed by reference D:\wwwroot\mainweb\sdk\api\UcApi\Lib\Action\IndexAction.class.php 第 63 行.

[ 2013-05-31T11:15:55+08:00 ] 192.168.233.66 /api/uc.php?time=1369970153&code=799cRJyiqah53%2FXDgT7QuaPuwlwcGp0OOpA0JIrA0qOyXbXYwLuODRwgIz%2FAhoxVA6qlizraXsRsd%2B5T7A
INFO: [ app_begin ] --START--
INFO: Run ReadHtmlCache Behavior [ RunTime:0.001136s ]
INFO: [ app_begin ] --END-- [ RunTime:0.001233s ]
NOTIC: [8] Constant UC_CLIENT_VERSION already defined D:\wwwroot\mainweb\sdk\api\UcApi\Lib\Action\IndexAction.class.php 第 4 行.
NOTIC: [8] Constant UC_CLIENT_RELEASE already defined D:\wwwroot\mainweb\sdk\api\UcApi\Lib\Action\IndexAction.class.php 第 5 行.
NOTIC: [2048] Only variables should be passed by reference D:\wwwroot\mainweb\sdk\api\UcApi\Lib\Action\IndexAction.class.php 第 63 行.

[ 2013-05-31T11:16:03+08:00 ] 192.168.233.66 /api/uc.php?time=1369970163&code=b0c71xIkvXptVn5nEEE%2Fdqz8Ps%2BeeNIFb%2Fi5u1x43jxkBQtUJRYCCajqw0dK6Z3NdKTHBi6r%2FdvM%2BBML2WTaPQMEtrA5eNa6wsRUXQ28KrlvZg5l8%2F807dSWVlDMW3iQGjiQGOp%2FwSoubEdglT%2FiCYlktWVgIlbMAvVlRGtcW4eQEvdPgewDRDPO
INFO: [ app_begin ] --START--
INFO: Run ReadHtmlCache Behavior [ RunTime:0.001333s ]
INFO: [ app_begin ] --END-- [ RunTime:0.001430s ]
NOTIC: [8] Constant UC_CLIENT_VERSION already defined D:\wwwroot\mainweb\sdk\api\UcApi\Lib\Action\IndexAction.class.php 第 4 行.
NOTIC: [8] Constant UC_CLIENT_RELEASE already defined D:\wwwroot\mainweb\sdk\api\UcApi\Lib\Action\IndexAction.class.php 第 5 行.
NOTIC: [2048] Only variables should be passed by reference D:\wwwroot\mainweb\sdk\api\UcApi\Lib\Action\IndexAction.class.php 第 63 行.
NOTIC: [8] Constant API_RETURN_FAILED already defined D:\wwwroot\mainweb\sdk\uc_client\model\note.php 第 16 行.
SQL: SHOW COLUMNS FROM `sdk_accounts` [ RunTime:0.001997s ]
SQL: SELECT * FROM `sdk_accounts` WHERE ( `account_id` = 475 ) LIMIT 1   [ RunTime:0.000305s ]

[ 2013-05-31T11:17:55+08:00 ] 192.168.233.66 /api/uc.php?time=1369970275&code=edb9%2FnOExMavNK88JXO0I7zr1BYMd%2F%2B2CnzN8JXObElCNo%2Fk8YxIdWaePQcQzGBB5zyfvUbCKkmLX06CTA
INFO: [ app_begin ] --START--
INFO: Run ReadHtmlCache Behavior [ RunTime:0.001933s ]
INFO: [ app_begin ] --END-- [ RunTime:0.002027s ]
NOTIC: [8] Constant UC_CLIENT_VERSION already defined D:\wwwroot\mainweb\sdk\api\UcApi\Lib\Action\IndexAction.class.php 第 4 行.
NOTIC: [8] Constant UC_CLIENT_RELEASE already defined D:\wwwroot\mainweb\sdk\api\UcApi\Lib\Action\IndexAction.class.php 第 5 行.
NOTIC: [2048] Only variables should be passed by reference D:\wwwroot\mainweb\sdk\api\UcApi\Lib\Action\IndexAction.class.php 第 63 行.

[ 2013-05-31T11:18:04+08:00 ] 192.168.233.66 /api/uc.php?time=1369970284&code=206eb59EnDatmF%2F5IdW%2B0EingHF5if1FGBdWFYvNwrfsUM7PNEFHou6SBwYgbe5uhpjJtGDy5%2FwoNRaUb%2BsB3uBiZPXI%2FJwjvEWLyh%2BsqQwm%2FLqWFRvwTcEwuyyy15P7YoFn0QZFMsSEExfblg8N4FIQRNzBB4823Z5UGuUC8N0ucg
INFO: [ app_begin ] --START--
INFO: Run ReadHtmlCache Behavior [ RunTime:0.001131s ]
INFO: [ app_begin ] --END-- [ RunTime:0.001227s ]
NOTIC: [8] Constant UC_CLIENT_VERSION already defined D:\wwwroot\mainweb\sdk\api\UcApi\Lib\Action\IndexAction.class.php 第 4 行.
NOTIC: [8] Constant UC_CLIENT_RELEASE already defined D:\wwwroot\mainweb\sdk\api\UcApi\Lib\Action\IndexAction.class.php 第 5 行.
NOTIC: [2048] Only variables should be passed by reference D:\wwwroot\mainweb\sdk\api\UcApi\Lib\Action\IndexAction.class.php 第 63 行.
NOTIC: [8] Constant API_RETURN_FAILED already defined D:\wwwroot\mainweb\sdk\uc_client\model\note.php 第 16 行.
SQL: SHOW COLUMNS FROM `sdk_accounts` [ RunTime:0.002006s ]
SQL: SELECT * FROM `sdk_accounts` WHERE ( `account_id` = 218 ) LIMIT 1   [ RunTime:0.000492s ]

[ 2013-05-31T11:18:35+08:00 ] 172.16.107.217 /api/uc.php?time=1369970315&code=a7cd4ixb2DGcaZIAN79fz%2B6qA5WpoY7041Jv0k3pWGf%2FOhL%2FkOqDYXW28GzK3rgxfN8hJwTG5vXnGfwiRuXYYMm7mIiaotJgAx7eqywuV%2Fp36pSHRw%2FGGzBB3LycPtYVUELV%2FXvQ37CXCitJk0RxQZx28P2NRebJ4kjcqvMMQQ
INFO: [ app_begin ] --START--
INFO: Run ReadHtmlCache Behavior [ RunTime:0.001117s ]
INFO: [ app_begin ] --END-- [ RunTime:0.001209s ]
NOTIC: [8] Constant UC_CLIENT_VERSION already defined D:\wwwroot\mainweb\sdk\api\UcApi\Lib\Action\IndexAction.class.php 第 4 行.
NOTIC: [8] Constant UC_CLIENT_RELEASE already defined D:\wwwroot\mainweb\sdk\api\UcApi\Lib\Action\IndexAction.class.php 第 5 行.
NOTIC: [2048] Only variables should be passed by reference D:\wwwroot\mainweb\sdk\api\UcApi\Lib\Action\IndexAction.class.php 第 63 行.
NOTIC: [8] Constant API_RETURN_FAILED already defined D:\wwwroot\mainweb\sdk\uc_client\model\note.php 第 16 行.
SQL: SHOW COLUMNS FROM `sdk_accounts` [ RunTime:0.002010s ]
SQL: SELECT * FROM `sdk_accounts` WHERE ( `account_id` = 1403 ) LIMIT 1   [ RunTime:0.001148s ]

[ 2013-05-31T11:19:19+08:00 ] 192.168.233.66 /api/uc.php?time=1369970359&code=a8fbc%2FeiGm%2BDS0aag8KCeMu8y1TsZuPQlvXuUbcMEh5UCSekIiXaXdx6hUGMd7BJxGCMOAoJVZ4uYRM5tQ
INFO: [ app_begin ] --START--
INFO: Run ReadHtmlCache Behavior [ RunTime:0.001130s ]
INFO: [ app_begin ] --END-- [ RunTime:0.001229s ]
NOTIC: [8] Constant UC_CLIENT_VERSION already defined D:\wwwroot\mainweb\sdk\api\UcApi\Lib\Action\IndexAction.class.php 第 4 行.
NOTIC: [8] Constant UC_CLIENT_RELEASE already defined D:\wwwroot\mainweb\sdk\api\UcApi\Lib\Action\IndexAction.class.php 第 5 行.
NOTIC: [2048] Only variables should be passed by reference D:\wwwroot\mainweb\sdk\api\UcApi\Lib\Action\IndexAction.class.php 第 63 行.

[ 2013-05-31T11:19:19+08:00 ] 202.116.192.47 /api/uc.php?code=657cNukda7GP%2FKcerSFOtvxUNs7TbC6o2nvIH9QMF%2BxmDgw5xtkN2P0N26PsZ7drsUa05m37VtmPPXvD0UIJiorMMCcMSyDP1udIZfrg8yax1EZPMA&__times__=1
INFO: [ app_begin ] --START--
INFO: Run ReadHtmlCache Behavior [ RunTime:0.001146s ]
INFO: [ app_begin ] --END-- [ RunTime:0.001238s ]
NOTIC: [8] Constant UC_CLIENT_VERSION already defined D:\wwwroot\mainweb\sdk\api\UcApi\Lib\Action\IndexAction.class.php 第 4 行.
NOTIC: [8] Constant UC_CLIENT_RELEASE already defined D:\wwwroot\mainweb\sdk\api\UcApi\Lib\Action\IndexAction.class.php 第 5 行.
NOTIC: [2048] Only variables should be passed by reference D:\wwwroot\mainweb\sdk\api\UcApi\Lib\Action\IndexAction.class.php 第 63 行.

[ 2013-05-31T11:19:26+08:00 ] 192.168.233.66 /api/uc.php?time=1369970366&code=37e7OajesaKo3GWFTNA3vjLYftggAbMah949NBgR1mfgY6PkEgBAgXIrFJMQ8HAJGrT4OSJAHiYA4uN%2Bdvs%2FNht8ZsRry6d87VGJbLsD2SGnHrC2JXZOjvkJBb0xXqFB40FO14dCFauhJwRATxe96uaa5qYH1xqrD8bih4A
INFO: [ app_begin ] --START--
INFO: Run ReadHtmlCache Behavior [ RunTime:0.001297s ]
INFO: [ app_begin ] --END-- [ RunTime:0.001388s ]
NOTIC: [8] Constant UC_CLIENT_VERSION already defined D:\wwwroot\mainweb\sdk\api\UcApi\Lib\Action\IndexAction.class.php 第 4 行.
NOTIC: [8] Constant UC_CLIENT_RELEASE already defined D:\wwwroot\mainweb\sdk\api\UcApi\Lib\Action\IndexAction.class.php 第 5 行.
NOTIC: [2048] Only variables should be passed by reference D:\wwwroot\mainweb\sdk\api\UcApi\Lib\Action\IndexAction.class.php 第 63 行.
NOTIC: [8] Constant API_RETURN_FAILED already defined D:\wwwroot\mainweb\sdk\uc_client\model\note.php 第 16 行.
SQL: SHOW COLUMNS FROM `sdk_accounts` [ RunTime:0.001940s ]
SQL: SELECT * FROM `sdk_accounts` WHERE ( `account_id` = 218 ) LIMIT 1   [ RunTime:0.000160s ]

[ 2013-05-31T11:19:55+08:00 ] 192.168.233.66 /api/uc.php?time=1369970395&code=2b18LRjTPK2YkXlNfxTHpJP0YMdn3E5vY14d1yyyZN4PlQn3GldgAGcLsLKd2VPHxYXvjfxUjqpkKy55qg
INFO: [ app_begin ] --START--
INFO: Run ReadHtmlCache Behavior [ RunTime:0.001110s ]
INFO: [ app_begin ] --END-- [ RunTime:0.001204s ]
NOTIC: [8] Constant UC_CLIENT_VERSION already defined D:\wwwroot\mainweb\sdk\api\UcApi\Lib\Action\IndexAction.class.php 第 4 行.
NOTIC: [8] Constant UC_CLIENT_RELEASE already defined D:\wwwroot\mainweb\sdk\api\UcApi\Lib\Action\IndexAction.class.php 第 5 行.
NOTIC: [2048] Only variables should be passed by reference D:\wwwroot\mainweb\sdk\api\UcApi\Lib\Action\IndexAction.class.php 第 63 行.

[ 2013-05-31T11:20:14+08:00 ] 192.168.233.66 /api/uc.php?time=1369970414&code=dfa1o%2FOmMdGeCYjYUpzRN27zWPT9K%2FmdOkZgdhABEUT6iVDVxuPkZYkAJKy95%2BuB0%2F%2FrMpo6JVe4KA6eDUvOJ9B34ZWgZ%2FL8AoO3VM0Y3OFT6W3t8JvFc%2Bn62OBb3IM8JYo%2BvaAPh26TvbxjvW1WxF%2BdfswqKuXxYO%2FxwvXdoh7Eytcwi5Ok7kGZ
INFO: [ app_begin ] --START--
INFO: Run ReadHtmlCache Behavior [ RunTime:0.003173s ]
INFO: [ app_begin ] --END-- [ RunTime:0.003273s ]
NOTIC: [8] Constant UC_CLIENT_VERSION already defined D:\wwwroot\mainweb\sdk\api\UcApi\Lib\Action\IndexAction.class.php 第 4 行.
NOTIC: [8] Constant UC_CLIENT_RELEASE already defined D:\wwwroot\mainweb\sdk\api\UcApi\Lib\Action\IndexAction.class.php 第 5 行.
NOTIC: [2048] Only variables should be passed by reference D:\wwwroot\mainweb\sdk\api\UcApi\Lib\Action\IndexAction.class.php 第 63 行.
NOTIC: [8] Constant API_RETURN_FAILED already defined D:\wwwroot\mainweb\sdk\uc_client\model\note.php 第 16 行.
SQL: SHOW COLUMNS FROM `sdk_accounts` [ RunTime:0.002084s ]
SQL: SELECT * FROM `sdk_accounts` WHERE ( `account_id` = 475 ) LIMIT 1   [ RunTime:0.000382s ]

[ 2013-05-31T11:20:35+08:00 ] 192.168.233.66 /api/uc.php?time=1369970435&code=8612Qa9eYsNG2T0RuAPY94exS4HqmETm9YExG62jWyM2pfR4PltrtjPuBurwaKxa7sdNWnLz6%2FzORAgkEA
INFO: [ app_begin ] --START--
INFO: Run ReadHtmlCache Behavior [ RunTime:0.001112s ]
INFO: [ app_begin ] --END-- [ RunTime:0.001209s ]
NOTIC: [8] Constant UC_CLIENT_VERSION already defined D:\wwwroot\mainweb\sdk\api\UcApi\Lib\Action\IndexAction.class.php 第 4 行.
NOTIC: [8] Constant UC_CLIENT_RELEASE already defined D:\wwwroot\mainweb\sdk\api\UcApi\Lib\Action\IndexAction.class.php 第 5 行.
NOTIC: [2048] Only variables should be passed by reference D:\wwwroot\mainweb\sdk\api\UcApi\Lib\Action\IndexAction.class.php 第 63 行.

[ 2013-05-31T11:20:41+08:00 ] 192.168.233.66 /api/uc.php?time=1369970441&code=22f5FiG3aLP6BNYqmdv6WXfZ1%2BsFkmacP6TNtkX0Rhecj7ka9KQaQYN9s0SnVNMRwz8dYnVjezNP106%2FTgGMvhasffpYEVBHsjBqyXRhOCgrc3LfXjWhK86hRNqSgzshSS5nvYGrEyPsN5IERloiHx%2F5fJRxKsP8JY1hRyzYrcTnpN1I2e8uejhm
INFO: [ app_begin ] --START--
INFO: Run ReadHtmlCache Behavior [ RunTime:0.001252s ]
INFO: [ app_begin ] --END-- [ RunTime:0.001345s ]
NOTIC: [8] Constant UC_CLIENT_VERSION already defined D:\wwwroot\mainweb\sdk\api\UcApi\Lib\Action\IndexAction.class.php 第 4 行.
NOTIC: [8] Constant UC_CLIENT_RELEASE already defined D:\wwwroot\mainweb\sdk\api\UcApi\Lib\Action\IndexAction.class.php 第 5 行.
NOTIC: [2048] Only variables should be passed by reference D:\wwwroot\mainweb\sdk\api\UcApi\Lib\Action\IndexAction.class.php 第 63 行.
NOTIC: [8] Constant API_RETURN_FAILED already defined D:\wwwroot\mainweb\sdk\uc_client\model\note.php 第 16 行.
SQL: SHOW COLUMNS FROM `sdk_accounts` [ RunTime:0.001911s ]
SQL: SELECT * FROM `sdk_accounts` WHERE ( `account_id` = 475 ) LIMIT 1   [ RunTime:0.000220s ]

[ 2013-05-31T11:23:17+08:00 ] 192.168.233.66 /api/uc.php?time=1369970597&code=b1d3u%2BY0%2FJichcSJsM810P9lSiFpoup8bOcrzZwPDMvDThA8LRmLdhYpiRU8UZU%2FzVaLNFIdVBbdZTmcRdnQtMx%2FpGoYyQTsQyoQGuJ4s%2BFTQC4FwGsHEWg0WQaNcBiBQ%2B1d3C79CYpKTir8CK5bdzUXlMuWfcok%2BD0ioyWABEOYVhfUc3eE13QW
INFO: [ app_begin ] --START--
INFO: Run ReadHtmlCache Behavior [ RunTime:0.001148s ]
INFO: [ app_begin ] --END-- [ RunTime:0.001242s ]
NOTIC: [8] Constant UC_CLIENT_VERSION already defined D:\wwwroot\mainweb\sdk\api\UcApi\Lib\Action\IndexAction.class.php 第 4 行.
NOTIC: [8] Constant UC_CLIENT_RELEASE already defined D:\wwwroot\mainweb\sdk\api\UcApi\Lib\Action\IndexAction.class.php 第 5 行.
NOTIC: [2048] Only variables should be passed by reference D:\wwwroot\mainweb\sdk\api\UcApi\Lib\Action\IndexAction.class.php 第 63 行.
NOTIC: [8] Constant API_RETURN_FAILED already defined D:\wwwroot\mainweb\sdk\uc_client\model\note.php 第 16 行.
SQL: SHOW COLUMNS FROM `sdk_accounts` [ RunTime:0.002104s ]
SQL: SELECT * FROM `sdk_accounts` WHERE ( `account_id` = 475 ) LIMIT 1   [ RunTime:0.000236s ]

[ 2013-05-31T11:47:24+08:00 ] 192.168.233.58 /api/uc.php?time=1369972044&code=c2f4bwlm%2FqkTOVCJsvSVctaZtwksYZADinajftiWJU7yyZiI5Y%2Bknf6W3NIZ%2F5U2jR8oZv4gxCMnEDx9b2wHHpCUQbj5fvDE9cD%2FoeR9sRe%2Ft8aeF2dipJw5o85aoDOdvEmaXwxyFeeZDdCIo%2BVqW781PzgdlRFXVG8Tb8b7P1FL
INFO: [ app_begin ] --START--
INFO: Run ReadHtmlCache Behavior [ RunTime:0.001210s ]
INFO: [ app_begin ] --END-- [ RunTime:0.001305s ]
NOTIC: [8] Constant UC_CLIENT_VERSION already defined D:\wwwroot\mainweb\sdk\api\UcApi\Lib\Action\IndexAction.class.php 第 4 行.
NOTIC: [8] Constant UC_CLIENT_RELEASE already defined D:\wwwroot\mainweb\sdk\api\UcApi\Lib\Action\IndexAction.class.php 第 5 行.
NOTIC: [2048] Only variables should be passed by reference D:\wwwroot\mainweb\sdk\api\UcApi\Lib\Action\IndexAction.class.php 第 63 行.
NOTIC: [8] Constant API_RETURN_FAILED already defined D:\wwwroot\mainweb\sdk\uc_client\model\note.php 第 16 行.
SQL: SHOW COLUMNS FROM `sdk_accounts` [ RunTime:0.002226s ]
SQL: SELECT * FROM `sdk_accounts` WHERE ( `account_id` = 155 ) LIMIT 1   [ RunTime:0.000625s ]

[ 2013-05-31T12:05:59+08:00 ] 192.168.206.201 /api/uc.php?time=1369973159&code=67dfd7IPrqA4JGpkZa2I64Vck2lo78BwfQQROtDqMZs53SwQ%2BCLR7dEPgbqqxmosb%2BZ3TxWr0eEH2KG0lvYj9DeK5zVSnwk%2Br6ozbOtE6YmPUIJRYvviwcdI%2BxlTHTrCN%2Fql6xvgXddDaxlGUwudISt79QNOyuYAIHiBzEWuuQ
INFO: [ app_begin ] --START--
INFO: Run ReadHtmlCache Behavior [ RunTime:0.001276s ]
INFO: [ app_begin ] --END-- [ RunTime:0.001394s ]
NOTIC: [8] Constant UC_CLIENT_VERSION already defined D:\wwwroot\mainweb\sdk\api\UcApi\Lib\Action\IndexAction.class.php 第 4 行.
NOTIC: [8] Constant UC_CLIENT_RELEASE already defined D:\wwwroot\mainweb\sdk\api\UcApi\Lib\Action\IndexAction.class.php 第 5 行.
NOTIC: [2048] Only variables should be passed by reference D:\wwwroot\mainweb\sdk\api\UcApi\Lib\Action\IndexAction.class.php 第 63 行.
NOTIC: [8] Constant API_RETURN_FAILED already defined D:\wwwroot\mainweb\sdk\uc_client\model\note.php 第 16 行.
SQL: SHOW COLUMNS FROM `sdk_accounts` [ RunTime:0.001845s ]
SQL: SELECT * FROM `sdk_accounts` WHERE ( `account_id` = 1092 ) LIMIT 1   [ RunTime:0.000469s ]

[ 2013-05-31T12:17:24+08:00 ] 180.153.206.16 /api/uc.php?time=1369972044&code=c2f4bwlm%2FqkTOVCJsvSVctaZtwksYZADinajftiWJU7yyZiI5Y%2Bknf6W3NIZ%2F5U2jR8oZv4gxCMnEDx9b2wHHpCUQbj5fvDE9cD%2FoeR9sRe%2Ft8aeF2dipJw5o85aoDOdvEmaXwxyFeeZDdCIo%2BVqW781PzgdlRFXVG8Tb8b7P1FL
INFO: [ app_begin ] --START--
INFO: Run ReadHtmlCache Behavior [ RunTime:0.001202s ]
INFO: [ app_begin ] --END-- [ RunTime:0.001299s ]
NOTIC: [8] Constant UC_CLIENT_VERSION already defined D:\wwwroot\mainweb\sdk\api\UcApi\Lib\Action\IndexAction.class.php 第 4 行.
NOTIC: [8] Constant UC_CLIENT_RELEASE already defined D:\wwwroot\mainweb\sdk\api\UcApi\Lib\Action\IndexAction.class.php 第 5 行.
NOTIC: [2048] Only variables should be passed by reference D:\wwwroot\mainweb\sdk\api\UcApi\Lib\Action\IndexAction.class.php 第 63 行.
NOTIC: [8] Constant API_RETURN_FAILED already defined D:\wwwroot\mainweb\sdk\uc_client\model\note.php 第 16 行.
SQL: SHOW COLUMNS FROM `sdk_accounts` [ RunTime:0.002190s ]
SQL: SELECT * FROM `sdk_accounts` WHERE ( `account_id` = 155 ) LIMIT 1   [ RunTime:0.000351s ]

[ 2013-05-31T12:49:57+08:00 ] 192.168.140.7 /api/uc.php?time=1369975796&code=c6c9KD1Va9cj5cOLq4y5IxOH9%2BJbbm79IcMq%2Bw2T72937gVzqIr6BsN2%2BL14x8VhaFaVH61LHKEpbJoVXl06l1LMQf3q%2F1JOd0t%2BDg%2Fb08KYvOBVuuMxvKeRSWANcBpvT5%2BqDlRloPzijRFyrmX7QUNlirU3TkXiG%2FHoeoHaA0XJZA
INFO: [ app_begin ] --START--
INFO: Run ReadHtmlCache Behavior [ RunTime:0.001152s ]
INFO: [ app_begin ] --END-- [ RunTime:0.001248s ]
NOTIC: [8] Constant UC_CLIENT_VERSION already defined D:\wwwroot\mainweb\sdk\api\UcApi\Lib\Action\IndexAction.class.php 第 4 行.
NOTIC: [8] Constant UC_CLIENT_RELEASE already defined D:\wwwroot\mainweb\sdk\api\UcApi\Lib\Action\IndexAction.class.php 第 5 行.
NOTIC: [2048] Only variables should be passed by reference D:\wwwroot\mainweb\sdk\api\UcApi\Lib\Action\IndexAction.class.php 第 63 行.
NOTIC: [8] Constant API_RETURN_FAILED already defined D:\wwwroot\mainweb\sdk\uc_client\model\note.php 第 16 行.
SQL: SHOW COLUMNS FROM `sdk_accounts` [ RunTime:0.002016s ]
SQL: SELECT * FROM `sdk_accounts` WHERE ( `account_id` = 2203 ) LIMIT 1   [ RunTime:0.000331s ]

[ 2013-05-31T12:57:05+08:00 ] 192.168.131.205 /api/uc.php?time=1369976225&code=2971cYRlH8frHfRc921P%2FNpIFtaQNcMmc%2BwLVwPYfhQqByUwQkLWbeWbZfKRaP224Dk%2BA5INNAcECdpczAseYzB7%2BoV2VM1ywA%2FYvrItv%2FFVTY7M4TmBtDqxZ44l5AyuGD8ioMzlop0hJBWHwB1DjYF1ZNlZISzASfwlIlhXQCVwLK3of7o92PzIjQ
INFO: [ app_begin ] --START--
INFO: Run ReadHtmlCache Behavior [ RunTime:0.001128s ]
INFO: [ app_begin ] --END-- [ RunTime:0.001222s ]
NOTIC: [8] Constant UC_CLIENT_VERSION already defined D:\wwwroot\mainweb\sdk\api\UcApi\Lib\Action\IndexAction.class.php 第 4 行.
NOTIC: [8] Constant UC_CLIENT_RELEASE already defined D:\wwwroot\mainweb\sdk\api\UcApi\Lib\Action\IndexAction.class.php 第 5 行.
NOTIC: [2048] Only variables should be passed by reference D:\wwwroot\mainweb\sdk\api\UcApi\Lib\Action\IndexAction.class.php 第 63 行.
NOTIC: [8] Constant API_RETURN_FAILED already defined D:\wwwroot\mainweb\sdk\uc_client\model\note.php 第 16 行.
SQL: SHOW COLUMNS FROM `sdk_accounts` [ RunTime:0.001893s ]
SQL: SELECT * FROM `sdk_accounts` WHERE ( `account_id` = 718 ) LIMIT 1   [ RunTime:0.019722s ]

[ 2013-05-31T13:00:30+08:00 ] 192.168.179.93 /api/uc.php?time=1369976430&code=cca1pXY%2FR2e6XvBxR6thgmuFtCgJ7dm1kJlBOMS97rv6IYlwAXdDNbfTijL%2BH9Jr5OqYZry69whDN9%2B3uhaIEtRzz8K%2FTLBJF7sLeLZki%2BIrIHc6DpVmcgAqw6zstLbiWcq64LPyb8lsbGfnJ8tAPqz5MDX8qvJJIj2V
INFO: [ app_begin ] --START--
INFO: Run ReadHtmlCache Behavior [ RunTime:0.001192s ]
INFO: [ app_begin ] --END-- [ RunTime:0.001300s ]
NOTIC: [8] Constant UC_CLIENT_VERSION already defined D:\wwwroot\mainweb\sdk\api\UcApi\Lib\Action\IndexAction.class.php 第 4 行.
NOTIC: [8] Constant UC_CLIENT_RELEASE already defined D:\wwwroot\mainweb\sdk\api\UcApi\Lib\Action\IndexAction.class.php 第 5 行.
NOTIC: [2048] Only variables should be passed by reference D:\wwwroot\mainweb\sdk\api\UcApi\Lib\Action\IndexAction.class.php 第 63 行.
NOTIC: [8] Constant API_RETURN_FAILED already defined D:\wwwroot\mainweb\sdk\uc_client\model\note.php 第 16 行.
SQL: SHOW COLUMNS FROM `sdk_accounts` [ RunTime:0.001913s ]
SQL: SELECT * FROM `sdk_accounts` WHERE ( `account_id` = 458 ) LIMIT 1   [ RunTime:0.000317s ]
SQL: INSERT INTO `sdk_accounts` (`account_id`,`user_name`,`email`,`password`,`reg_time`) VALUES (458,'312','403608875@qq.com','85ca7cd7f452db7454abfe2b688649078d4dea7e',1369976430) [ RunTime:0.001706s ]

[ 2013-05-31T13:15:45+08:00 ] 192.168.156.162 /api/uc.php?time=1369977344&code=46b1LKA1E88gbKnhriEolOPNzvyjTnqhvj9VkMkgcVpLOU6cZPpqnwEv9Qz%2FWqPnVawtb726yZxgSCCjCw10AEydOmtMw2J33raGQSIxSLrgc1dM23%2BJ2%2FbkSv5W15VyEMYmvJzdu5kNzqSFgWG7v6UMcKQ2aBAwFavTss1thGqf
INFO: [ app_begin ] --START--
INFO: Run ReadHtmlCache Behavior [ RunTime:0.001154s ]
INFO: [ app_begin ] --END-- [ RunTime:0.001249s ]
NOTIC: [8] Constant UC_CLIENT_VERSION already defined D:\wwwroot\mainweb\sdk\api\UcApi\Lib\Action\IndexAction.class.php 第 4 行.
NOTIC: [8] Constant UC_CLIENT_RELEASE already defined D:\wwwroot\mainweb\sdk\api\UcApi\Lib\Action\IndexAction.class.php 第 5 行.
NOTIC: [2048] Only variables should be passed by reference D:\wwwroot\mainweb\sdk\api\UcApi\Lib\Action\IndexAction.class.php 第 63 行.
NOTIC: [8] Constant API_RETURN_FAILED already defined D:\wwwroot\mainweb\sdk\uc_client\model\note.php 第 16 行.
SQL: SHOW COLUMNS FROM `sdk_accounts` [ RunTime:0.002181s ]
SQL: SELECT * FROM `sdk_accounts` WHERE ( `account_id` = 880 ) LIMIT 1   [ RunTime:0.000572s ]

[ 2013-05-31T13:52:34+08:00 ] 192.168.178.211 /api/uc.php?time=1369979554&code=e45aDHxjIpMkNc4C2yBA9huwL4Zy%2BU8Lj1cnoUTN75ftFR2Q7%2BMZoqlJAimtqrGQgwYlFtbYWPhgsni1cHpGROxQr8b8X4N8q1LEh1G5PCebqKHazQcoVsEAoo8RxNSfAcnKYvMCWWJnQe0h%2FyNo5M02lYO%2FzDUI7iiw
INFO: [ app_begin ] --START--
INFO: Run ReadHtmlCache Behavior [ RunTime:0.001099s ]
INFO: [ app_begin ] --END-- [ RunTime:0.001193s ]
NOTIC: [8] Constant UC_CLIENT_VERSION already defined D:\wwwroot\mainweb\sdk\api\UcApi\Lib\Action\IndexAction.class.php 第 4 行.
NOTIC: [8] Constant UC_CLIENT_RELEASE already defined D:\wwwroot\mainweb\sdk\api\UcApi\Lib\Action\IndexAction.class.php 第 5 行.
NOTIC: [2048] Only variables should be passed by reference D:\wwwroot\mainweb\sdk\api\UcApi\Lib\Action\IndexAction.class.php 第 63 行.
NOTIC: [8] Constant API_RETURN_FAILED already defined D:\wwwroot\mainweb\sdk\uc_client\model\note.php 第 16 行.
SQL: SHOW COLUMNS FROM `sdk_accounts` [ RunTime:0.002121s ]
SQL: SELECT * FROM `sdk_accounts` WHERE ( `account_id` = 577 ) LIMIT 1   [ RunTime:0.000559s ]

[ 2013-05-31T14:09:53+08:00 ] 192.168.185.23 /api/uc.php?time=1369980590&code=507fpCxJKWCcWFZI1tDWrR9G6lmLGRYm2KpT%2B3aBxyVMtsyRVWZ5GIlHmp1ipOSs3K2V2iIfo7BtOqdgNLgwIRMr6Sbe2n8tE0VtG09Qw7LZJnO%2BD8XtLsx9qDgTVgY%2BVZ7pjYX88rtaOOKpORdA5cd8X0jHMdBz%2Bg97LVXUF9z1cA
INFO: [ app_begin ] --START--
INFO: Run ReadHtmlCache Behavior [ RunTime:0.001138s ]
INFO: [ app_begin ] --END-- [ RunTime:0.001235s ]
NOTIC: [8] Constant UC_CLIENT_VERSION already defined D:\wwwroot\mainweb\sdk\api\UcApi\Lib\Action\IndexAction.class.php 第 4 行.
NOTIC: [8] Constant UC_CLIENT_RELEASE already defined D:\wwwroot\mainweb\sdk\api\UcApi\Lib\Action\IndexAction.class.php 第 5 行.
NOTIC: [2048] Only variables should be passed by reference D:\wwwroot\mainweb\sdk\api\UcApi\Lib\Action\IndexAction.class.php 第 63 行.
NOTIC: [8] Constant API_RETURN_FAILED already defined D:\wwwroot\mainweb\sdk\uc_client\model\note.php 第 16 行.
SQL: SHOW COLUMNS FROM `sdk_accounts` [ RunTime:0.002412s ]
SQL: SELECT * FROM `sdk_accounts` WHERE ( `account_id` = 2177 ) LIMIT 1   [ RunTime:0.000444s ]

[ 2013-05-31T14:15:27+08:00 ] 192.168.180.197 /api/uc.php?time=1369980927&code=d6a8zWFMW534wHDp2geD9e%2BOyaC9B%2FhDnUsRTNrX%2F7beTzYQQFE5JHj%2FsDKZXnG%2BsidLhZ15O9QsZPn4yA
INFO: [ app_begin ] --START--
INFO: Run ReadHtmlCache Behavior [ RunTime:0.001129s ]
INFO: [ app_begin ] --END-- [ RunTime:0.001222s ]
NOTIC: [8] Constant UC_CLIENT_VERSION already defined D:\wwwroot\mainweb\sdk\api\UcApi\Lib\Action\IndexAction.class.php 第 4 行.
NOTIC: [8] Constant UC_CLIENT_RELEASE already defined D:\wwwroot\mainweb\sdk\api\UcApi\Lib\Action\IndexAction.class.php 第 5 行.
NOTIC: [2048] Only variables should be passed by reference D:\wwwroot\mainweb\sdk\api\UcApi\Lib\Action\IndexAction.class.php 第 63 行.

[ 2013-05-31T14:15:46+08:00 ] 192.168.180.197 /api/uc.php?time=1369980946&code=c67145vfrEay7bRfrQuq0UU6kMbde0RmqhYVqJM8q1%2BpknfR0KtP2H%2FVsKPZ5vVdiJSldTeTBH33b2y3Z8mdYmwTT9E2jUoVCivor%2FKssjnk3NqQs0NVgKrDhBA6%2FY8XCY84vs3iNBhBhaEKDawtMbonla%2FUGc12zzfKVHL7
INFO: [ app_begin ] --START--
INFO: Run ReadHtmlCache Behavior [ RunTime:0.001342s ]
INFO: [ app_begin ] --END-- [ RunTime:0.001459s ]
NOTIC: [8] Constant UC_CLIENT_VERSION already defined D:\wwwroot\mainweb\sdk\api\UcApi\Lib\Action\IndexAction.class.php 第 4 行.
NOTIC: [8] Constant UC_CLIENT_RELEASE already defined D:\wwwroot\mainweb\sdk\api\UcApi\Lib\Action\IndexAction.class.php 第 5 行.
NOTIC: [2048] Only variables should be passed by reference D:\wwwroot\mainweb\sdk\api\UcApi\Lib\Action\IndexAction.class.php 第 63 行.
NOTIC: [8] Constant API_RETURN_FAILED already defined D:\wwwroot\mainweb\sdk\uc_client\model\note.php 第 16 行.
SQL: SHOW COLUMNS FROM `sdk_accounts` [ RunTime:0.001925s ]
SQL: SELECT * FROM `sdk_accounts` WHERE ( `account_id` = 1718 ) LIMIT 1   [ RunTime:0.000433s ]

[ 2013-05-31T15:01:50+08:00 ] 192.168.178.193 /api/uc.php?time=1369983709&code=2f77WU3aRFW%2FMzkNQ%2Bdshr1cBs48wmjIzR2TOyWsalCCssvtLbtUtCiehhIx%2FXRDVY%2F7iaQw9JBRX%2F925f%2FnWx8uGLOaxwsOnMHaAs5a0uhDDZHJQrBr6kE25QT8YGAazIPgxhDnqFI8CiYHVhEDVK%2Ba%2FiJkQFZpmFU9ng
INFO: [ app_begin ] --START--
INFO: Run ReadHtmlCache Behavior [ RunTime:0.001177s ]
INFO: [ app_begin ] --END-- [ RunTime:0.001269s ]
NOTIC: [8] Constant UC_CLIENT_VERSION already defined D:\wwwroot\mainweb\sdk\api\UcApi\Lib\Action\IndexAction.class.php 第 4 行.
NOTIC: [8] Constant UC_CLIENT_RELEASE already defined D:\wwwroot\mainweb\sdk\api\UcApi\Lib\Action\IndexAction.class.php 第 5 行.
NOTIC: [2048] Only variables should be passed by reference D:\wwwroot\mainweb\sdk\api\UcApi\Lib\Action\IndexAction.class.php 第 63 行.
NOTIC: [8] Constant API_RETURN_FAILED already defined D:\wwwroot\mainweb\sdk\uc_client\model\note.php 第 16 行.
SQL: SHOW COLUMNS FROM `sdk_accounts` [ RunTime:0.002365s ]
SQL: SELECT * FROM `sdk_accounts` WHERE ( `account_id` = 1897 ) LIMIT 1   [ RunTime:0.000548s ]

[ 2013-05-31T15:31:50+08:00 ] 112.65.193.16 /api/uc.php?time=1369983709&code=2f77WU3aRFW%2FMzkNQ%2Bdshr1cBs48wmjIzR2TOyWsalCCssvtLbtUtCiehhIx%2FXRDVY%2F7iaQw9JBRX%2F925f%2FnWx8uGLOaxwsOnMHaAs5a0uhDDZHJQrBr6kE25QT8YGAazIPgxhDnqFI8CiYHVhEDVK%2Ba%2FiJkQFZpmFU9ng
INFO: [ app_begin ] --START--
INFO: Run ReadHtmlCache Behavior [ RunTime:0.001662s ]
INFO: [ app_begin ] --END-- [ RunTime:0.001755s ]
NOTIC: [8] Constant UC_CLIENT_VERSION already defined D:\wwwroot\mainweb\sdk\api\UcApi\Lib\Action\IndexAction.class.php 第 4 行.
NOTIC: [8] Constant UC_CLIENT_RELEASE already defined D:\wwwroot\mainweb\sdk\api\UcApi\Lib\Action\IndexAction.class.php 第 5 行.
NOTIC: [2048] Only variables should be passed by reference D:\wwwroot\mainweb\sdk\api\UcApi\Lib\Action\IndexAction.class.php 第 63 行.
NOTIC: [8] Constant API_RETURN_FAILED already defined D:\wwwroot\mainweb\sdk\uc_client\model\note.php 第 16 行.
SQL: SHOW COLUMNS FROM `sdk_accounts` [ RunTime:0.002201s ]
SQL: SELECT * FROM `sdk_accounts` WHERE ( `account_id` = 1897 ) LIMIT 1   [ RunTime:0.000439s ]

[ 2013-05-31T15:38:03+08:00 ] 183.3.165.61 /api/uc.php?time=1369985883&code=fdf5qEd4kcB%2FtXFUyaIGPHTcGVgyLkOgCNuRsxtIrvMzYw2ATFpd2Ho9cOO9AV85fGbk7eBBOnqROXYhj9ye%2FsaT%2Bg2JhA%2BfrQCdeoONW5AimOFOOx3OfLGk6CDh0efArD4OPq6kb5t3aA0aBoC4uwL3Wpx%2FDSzybrLmxQx8K2A
INFO: [ app_begin ] --START--
INFO: Run ReadHtmlCache Behavior [ RunTime:0.001164s ]
INFO: [ app_begin ] --END-- [ RunTime:0.001259s ]
NOTIC: [8] Constant UC_CLIENT_VERSION already defined D:\wwwroot\mainweb\sdk\api\UcApi\Lib\Action\IndexAction.class.php 第 4 行.
NOTIC: [8] Constant UC_CLIENT_RELEASE already defined D:\wwwroot\mainweb\sdk\api\UcApi\Lib\Action\IndexAction.class.php 第 5 行.
NOTIC: [2048] Only variables should be passed by reference D:\wwwroot\mainweb\sdk\api\UcApi\Lib\Action\IndexAction.class.php 第 63 行.
NOTIC: [8] Constant API_RETURN_FAILED already defined D:\wwwroot\mainweb\sdk\uc_client\model\note.php 第 16 行.
SQL: SHOW COLUMNS FROM `sdk_accounts` [ RunTime:0.001748s ]
SQL: SELECT * FROM `sdk_accounts` WHERE ( `account_id` = 2073 ) LIMIT 1   [ RunTime:0.000267s ]

[ 2013-05-31T15:58:36+08:00 ] 192.168.134.207 /api/uc.php?time=1369987115&code=5efeQtyUQfqJXUrnlkEVmAbCStN8wkUsx4OzohKFKGRD%2FK%2Bjds%2F1yo8uyFMZ3oc8dyL%2FWtnMGdlGv%2B8QKl1ZPrNzlYJYE2GB212oCELBK7UVrEVE9%2BJh0mFwNJ0c%2FWAT1AGlgob4TYtJ8PO0FsCN5hYVN4mVV%2BPP2Uf96pU6SCKZUQ
INFO: [ app_begin ] --START--
INFO: Run ReadHtmlCache Behavior [ RunTime:0.005701s ]
INFO: [ app_begin ] --END-- [ RunTime:0.005795s ]
NOTIC: [8] Constant UC_CLIENT_VERSION already defined D:\wwwroot\mainweb\sdk\api\UcApi\Lib\Action\IndexAction.class.php 第 4 行.
NOTIC: [8] Constant UC_CLIENT_RELEASE already defined D:\wwwroot\mainweb\sdk\api\UcApi\Lib\Action\IndexAction.class.php 第 5 行.
NOTIC: [2048] Only variables should be passed by reference D:\wwwroot\mainweb\sdk\api\UcApi\Lib\Action\IndexAction.class.php 第 63 行.
NOTIC: [8] Constant API_RETURN_FAILED already defined D:\wwwroot\mainweb\sdk\uc_client\model\note.php 第 16 行.
SQL: SHOW COLUMNS FROM `sdk_accounts` [ RunTime:0.001919s ]
SQL: SELECT * FROM `sdk_accounts` WHERE ( `account_id` = 1777 ) LIMIT 1   [ RunTime:0.000591s ]

[ 2013-05-31T16:58:10+08:00 ] 192.168.178.130 /api/uc.php?time=1369990686&code=657161gMDy%2Fjdu7O7zBljQJd3UwTvRy7PGf6CBXVgVrcvcrSy2FQK1cpOV6efj%2BKr%2Bx1CAdEBK%2BTclLi8w
INFO: [ app_begin ] --START--
INFO: Run ReadHtmlCache Behavior [ RunTime:0.001238s ]
INFO: [ app_begin ] --END-- [ RunTime:0.001332s ]
NOTIC: [8] Constant UC_CLIENT_VERSION already defined D:\wwwroot\mainweb\sdk\api\UcApi\Lib\Action\IndexAction.class.php 第 4 行.
NOTIC: [8] Constant UC_CLIENT_RELEASE already defined D:\wwwroot\mainweb\sdk\api\UcApi\Lib\Action\IndexAction.class.php 第 5 行.
NOTIC: [2048] Only variables should be passed by reference D:\wwwroot\mainweb\sdk\api\UcApi\Lib\Action\IndexAction.class.php 第 63 行.

[ 2013-05-31T17:00:23+08:00 ] 192.168.201.1 /api/uc.php?time=1369990823&code=8e19hPkuWcQ890bdoH%2Fg8VP3GsbmBRMJGan7cly2KzENn4lXU3PUTHAqBsttclYjM4vx2Qy8RU%2FJI1LCft7ATIcgsLJ1vo60UxC8p3rqmBqA%2BxWflc6PYO413B8apkiVSeEFrJuVgHg0oyL864AJc7%2BO5JCkGe%2Bu0EmeqRtX1h9N
INFO: [ app_begin ] --START--
INFO: Run ReadHtmlCache Behavior [ RunTime:0.001190s ]
INFO: [ app_begin ] --END-- [ RunTime:0.001284s ]
NOTIC: [8] Constant UC_CLIENT_VERSION already defined D:\wwwroot\mainweb\sdk\api\UcApi\Lib\Action\IndexAction.class.php 第 4 行.
NOTIC: [8] Constant UC_CLIENT_RELEASE already defined D:\wwwroot\mainweb\sdk\api\UcApi\Lib\Action\IndexAction.class.php 第 5 行.
NOTIC: [2048] Only variables should be passed by reference D:\wwwroot\mainweb\sdk\api\UcApi\Lib\Action\IndexAction.class.php 第 63 行.
NOTIC: [8] Constant API_RETURN_FAILED already defined D:\wwwroot\mainweb\sdk\uc_client\model\note.php 第 16 行.
SQL: SHOW COLUMNS FROM `sdk_accounts` [ RunTime:0.001904s ]
SQL: SELECT * FROM `sdk_accounts` WHERE ( `account_id` = 2228 ) LIMIT 1   [ RunTime:0.000371s ]

[ 2013-05-31T17:01:19+08:00 ] 192.168.203.133 /api/uc.php?time=1369990879&code=f6c7O%2BHnIhqvZS4ffyNFRuQQwpd9QxvaQoMz1dVBoqBTbZaTvrSP1j75UaTlQHqA%2BOffz0b0oqmWTrePDdkBs%2FgRPEcasO45%2B2S%2BnuYVNW44wlWflV5Uq86sTBF3SmLEjh5bNhMq9uj7zSSnFaiviCk8J9yoktmGAfxbBR8T
INFO: [ app_begin ] --START--
INFO: Run ReadHtmlCache Behavior [ RunTime:0.001488s ]
INFO: [ app_begin ] --END-- [ RunTime:0.001581s ]
NOTIC: [8] Constant UC_CLIENT_VERSION already defined D:\wwwroot\mainweb\sdk\api\UcApi\Lib\Action\IndexAction.class.php 第 4 行.
NOTIC: [8] Constant UC_CLIENT_RELEASE already defined D:\wwwroot\mainweb\sdk\api\UcApi\Lib\Action\IndexAction.class.php 第 5 行.
NOTIC: [2048] Only variables should be passed by reference D:\wwwroot\mainweb\sdk\api\UcApi\Lib\Action\IndexAction.class.php 第 63 行.
NOTIC: [8] Constant API_RETURN_FAILED already defined D:\wwwroot\mainweb\sdk\uc_client\model\note.php 第 16 行.
SQL: SHOW COLUMNS FROM `sdk_accounts` [ RunTime:0.002152s ]
SQL: SELECT * FROM `sdk_accounts` WHERE ( `account_id` = 517 ) LIMIT 1   [ RunTime:0.000428s ]
SQL: INSERT INTO `sdk_accounts` (`account_id`,`user_name`,`email`,`password`,`reg_time`) VALUES (517,'晒晒','385853469@qq.com','8252fe26e2a0b8532372b4015c28fa1be6f4003b',1369990879) [ RunTime:0.001211s ]

[ 2013-05-31T17:01:23+08:00 ] 192.168.203.133 /api/uc.php?time=1369990883&code=d727ehZOY404kK16g88%2BItZG4wk%2BP7kS%2F1ENDJ%2BN9sbmQo%2BfQhcHtfvsIGp0CzXUL5zaudVoKvOkNYxltG0jf59kE5hOyB5qFUcYb3k4IhD2IdNKCm59KXolcqna10O9kR1mKDgYFNi0QUn%2BMJJdpydHmMcE2T0MdA7zu2e%2B
INFO: [ app_begin ] --START--
INFO: Run ReadHtmlCache Behavior [ RunTime:0.001327s ]
INFO: [ app_begin ] --END-- [ RunTime:0.001481s ]
NOTIC: [8] Constant UC_CLIENT_VERSION already defined D:\wwwroot\mainweb\sdk\api\UcApi\Lib\Action\IndexAction.class.php 第 4 行.
NOTIC: [8] Constant UC_CLIENT_RELEASE already defined D:\wwwroot\mainweb\sdk\api\UcApi\Lib\Action\IndexAction.class.php 第 5 行.
NOTIC: [2048] Only variables should be passed by reference D:\wwwroot\mainweb\sdk\api\UcApi\Lib\Action\IndexAction.class.php 第 63 行.
NOTIC: [8] Constant API_RETURN_FAILED already defined D:\wwwroot\mainweb\sdk\uc_client\model\note.php 第 16 行.
SQL: SHOW COLUMNS FROM `sdk_accounts` [ RunTime:0.002129s ]
SQL: SELECT * FROM `sdk_accounts` WHERE ( `account_id` = 517 ) LIMIT 1   [ RunTime:0.000442s ]

[ 2013-05-31T17:14:50+08:00 ] 192.168.200.104 /api/uc.php?time=1369991690&code=164crukdgTnuxcm775OW8CNkblD53QPV7kq5Ug2XwEmNb2zZORBh9nIsMC37cZFlqg8tB2%2BXDX9VUBOfgCJwJS5BtDyfA5PPMTq8LOyaJkgNsIyhd9HkMgIWn28UIQn6Siuxw%2F6YvsshRvutKXnWT%2BeSC9Mt0KjXrpC82DdbHg3E
INFO: [ app_begin ] --START--
INFO: Run ReadHtmlCache Behavior [ RunTime:0.001158s ]
INFO: [ app_begin ] --END-- [ RunTime:0.001275s ]
NOTIC: [8] Constant UC_CLIENT_VERSION already defined D:\wwwroot\mainweb\sdk\api\UcApi\Lib\Action\IndexAction.class.php 第 4 行.
NOTIC: [8] Constant UC_CLIENT_RELEASE already defined D:\wwwroot\mainweb\sdk\api\UcApi\Lib\Action\IndexAction.class.php 第 5 行.
NOTIC: [2048] Only variables should be passed by reference D:\wwwroot\mainweb\sdk\api\UcApi\Lib\Action\IndexAction.class.php 第 63 行.
NOTIC: [8] Constant API_RETURN_FAILED already defined D:\wwwroot\mainweb\sdk\uc_client\model\note.php 第 16 行.
SQL: SHOW COLUMNS FROM `sdk_accounts` [ RunTime:0.001925s ]
SQL: SELECT * FROM `sdk_accounts` WHERE ( `account_id` = 1639 ) LIMIT 1   [ RunTime:0.000511s ]

[ 2013-05-31T17:20:25+08:00 ] 202.116.192.47 /api/uc.php?code=10590pTGYQ3X8A%2BmBS20qelCXi4mbtDYbrLMNYS1QKaqcHzoWaJsHLLB%2BSDLMUhGuhYXOVQoPm54MJGABNEGAYDieKg1MqBvZMYPsL%2FbuF0nDomW6YWPNUgmfs7JVL9PsKgifxswHq6sWiZ1gF3TretwJSw&__times__=1
INFO: [ app_begin ] --START--
INFO: Run ReadHtmlCache Behavior [ RunTime:0.001273s ]
INFO: [ app_begin ] --END-- [ RunTime:0.001365s ]
NOTIC: [8] Constant UC_CLIENT_VERSION already defined D:\wwwroot\mainweb\sdk\api\UcApi\Lib\Action\IndexAction.class.php 第 4 行.
NOTIC: [8] Constant UC_CLIENT_RELEASE already defined D:\wwwroot\mainweb\sdk\api\UcApi\Lib\Action\IndexAction.class.php 第 5 行.
NOTIC: [2048] Only variables should be passed by reference D:\wwwroot\mainweb\sdk\api\UcApi\Lib\Action\IndexAction.class.php 第 63 行.

[ 2013-05-31T17:20:25+08:00 ] 192.168.204.79 /api/uc.php?time=1369992025&code=0032Wrey9XwQIxhYwwrBUBbjVl0PCRhfz6HqleFRFvCu%2FNc9QpFb0y0r9doXVXElpdP4ZE%2FcVvWGwxDaIBjan68G%2Fatn8%2BeNIrF3ckkOBiM6eZtjV9Kb29HEPakmg9CfNywob%2BmFrJ0b%2FoDSwj%2FEdORR2BJWRZRSTG4de18BIeANbvs
INFO: [ app_begin ] --START--
INFO: Run ReadHtmlCache Behavior [ RunTime:0.001142s ]
INFO: [ app_begin ] --END-- [ RunTime:0.001236s ]
NOTIC: [8] Constant UC_CLIENT_VERSION already defined D:\wwwroot\mainweb\sdk\api\UcApi\Lib\Action\IndexAction.class.php 第 4 行.
NOTIC: [8] Constant UC_CLIENT_RELEASE already defined D:\wwwroot\mainweb\sdk\api\UcApi\Lib\Action\IndexAction.class.php 第 5 行.
NOTIC: [2048] Only variables should be passed by reference D:\wwwroot\mainweb\sdk\api\UcApi\Lib\Action\IndexAction.class.php 第 63 行.
NOTIC: [8] Constant API_RETURN_FAILED already defined D:\wwwroot\mainweb\sdk\uc_client\model\note.php 第 16 行.
SQL: SHOW COLUMNS FROM `sdk_accounts` [ RunTime:0.001980s ]
SQL: SELECT * FROM `sdk_accounts` WHERE ( `account_id` = 20 ) LIMIT 1   [ RunTime:0.000448s ]

[ 2013-05-31T17:42:52+08:00 ] 192.168.233.58 /api/uc.php?time=1369993371&code=d4ca12rPxjc%2F1Vvm6zd1s1X6P6%2BGrMLOwjGtrO%2Bg9zKi7WDFN9z94GOXZSZ3CzBpb1rkpSHbp0m4W6xkoXEIPo2Ji%2Fg3zcZ%2F5qjN5l0Vki8JHGVRAPbBF7sY6caVLAWrVX5AMURP2C65EBKMcr%2B8GhSilTc0qI%2BtwVqahagrtEjV
INFO: [ app_begin ] --START--
INFO: Run ReadHtmlCache Behavior [ RunTime:0.001255s ]
INFO: [ app_begin ] --END-- [ RunTime:0.001348s ]
NOTIC: [8] Constant UC_CLIENT_VERSION already defined D:\wwwroot\mainweb\sdk\api\UcApi\Lib\Action\IndexAction.class.php 第 4 行.
NOTIC: [8] Constant UC_CLIENT_RELEASE already defined D:\wwwroot\mainweb\sdk\api\UcApi\Lib\Action\IndexAction.class.php 第 5 行.
NOTIC: [2048] Only variables should be passed by reference D:\wwwroot\mainweb\sdk\api\UcApi\Lib\Action\IndexAction.class.php 第 63 行.
NOTIC: [8] Constant API_RETURN_FAILED already defined D:\wwwroot\mainweb\sdk\uc_client\model\note.php 第 16 行.
SQL: SHOW COLUMNS FROM `sdk_accounts` [ RunTime:0.001885s ]
SQL: SELECT * FROM `sdk_accounts` WHERE ( `account_id` = 155 ) LIMIT 1   [ RunTime:0.000322s ]

[ 2013-05-31T17:53:41+08:00 ] 192.168.177.194 /api/uc.php?time=1369994021&code=2793ExsewubsZBYSUU8pNYHd5mGFjNHgt9ttbw%2FH%2FbBN8%2F7qd8decrZmosw1VIe%2BgOGf0nSVZh3Q3OYz8c9xFGnPjYXoUQirzuvko8el9gd%2FTXr9KF8gOw6RXjaK3XgnUlhhwqsWTiGy%2BCTqZJWZEgu6DTqx%2FTvoKm80
INFO: [ app_begin ] --START--
INFO: Run ReadHtmlCache Behavior [ RunTime:0.001265s ]
INFO: [ app_begin ] --END-- [ RunTime:0.001359s ]
NOTIC: [8] Constant UC_CLIENT_VERSION already defined D:\wwwroot\mainweb\sdk\api\UcApi\Lib\Action\IndexAction.class.php 第 4 行.
NOTIC: [8] Constant UC_CLIENT_RELEASE already defined D:\wwwroot\mainweb\sdk\api\UcApi\Lib\Action\IndexAction.class.php 第 5 行.
NOTIC: [2048] Only variables should be passed by reference D:\wwwroot\mainweb\sdk\api\UcApi\Lib\Action\IndexAction.class.php 第 63 行.
NOTIC: [8] Constant API_RETURN_FAILED already defined D:\wwwroot\mainweb\sdk\uc_client\model\note.php 第 16 行.
SQL: SHOW COLUMNS FROM `sdk_accounts` [ RunTime:0.002103s ]
SQL: SELECT * FROM `sdk_accounts` WHERE ( `account_id` = 477 ) LIMIT 1   [ RunTime:0.000343s ]

[ 2013-05-31T17:59:06+08:00 ] 192.168.204.150 /api/uc.php?time=1369994346&code=af24F2oL5p32%2B1v%2BflaLex7M5pHIU1cTCYYC5BkFhoGSu0rehuwp%2BjS5IhMyLsF9Pteihwa4uhnWn1peYJRAkN2T8gtPnOda2m1xeTxWzq34kOr7CdSjdhEsuQabDvZU6z9zN9qLrkhZOTuBe2bKABDg2ZnAR6OQSUsirQ
INFO: [ app_begin ] --START--
INFO: Run ReadHtmlCache Behavior [ RunTime:0.001276s ]
INFO: [ app_begin ] --END-- [ RunTime:0.001373s ]
NOTIC: [8] Constant UC_CLIENT_VERSION already defined D:\wwwroot\mainweb\sdk\api\UcApi\Lib\Action\IndexAction.class.php 第 4 行.
NOTIC: [8] Constant UC_CLIENT_RELEASE already defined D:\wwwroot\mainweb\sdk\api\UcApi\Lib\Action\IndexAction.class.php 第 5 行.
NOTIC: [2048] Only variables should be passed by reference D:\wwwroot\mainweb\sdk\api\UcApi\Lib\Action\IndexAction.class.php 第 63 行.
NOTIC: [8] Constant API_RETURN_FAILED already defined D:\wwwroot\mainweb\sdk\uc_client\model\note.php 第 16 行.
SQL: SHOW COLUMNS FROM `sdk_accounts` [ RunTime:0.002093s ]
SQL: SELECT * FROM `sdk_accounts` WHERE ( `account_id` = 1769 ) LIMIT 1   [ RunTime:0.000529s ]

[ 2013-05-31T18:12:52+08:00 ] 180.153.214.197 /api/uc.php?time=1369993371&code=d4ca12rPxjc%2F1Vvm6zd1s1X6P6%2BGrMLOwjGtrO%2Bg9zKi7WDFN9z94GOXZSZ3CzBpb1rkpSHbp0m4W6xkoXEIPo2Ji%2Fg3zcZ%2F5qjN5l0Vki8JHGVRAPbBF7sY6caVLAWrVX5AMURP2C65EBKMcr%2B8GhSilTc0qI%2BtwVqahagrtEjV
INFO: [ app_begin ] --START--
INFO: Run ReadHtmlCache Behavior [ RunTime:0.001234s ]
INFO: [ app_begin ] --END-- [ RunTime:0.001325s ]
NOTIC: [8] Constant UC_CLIENT_VERSION already defined D:\wwwroot\mainweb\sdk\api\UcApi\Lib\Action\IndexAction.class.php 第 4 行.
NOTIC: [8] Constant UC_CLIENT_RELEASE already defined D:\wwwroot\mainweb\sdk\api\UcApi\Lib\Action\IndexAction.class.php 第 5 行.
NOTIC: [2048] Only variables should be passed by reference D:\wwwroot\mainweb\sdk\api\UcApi\Lib\Action\IndexAction.class.php 第 63 行.
NOTIC: [8] Constant API_RETURN_FAILED already defined D:\wwwroot\mainweb\sdk\uc_client\model\note.php 第 16 行.
SQL: SHOW COLUMNS FROM `sdk_accounts` [ RunTime:0.002318s ]
SQL: SELECT * FROM `sdk_accounts` WHERE ( `account_id` = 155 ) LIMIT 1   [ RunTime:0.000434s ]

[ 2013-05-31T18:25:24+08:00 ] 192.168.165.138 /api/uc.php?time=1369995924&code=aea7H42vDG164WwB9g9jCZ4SPDaXgp0IwEmlU3bmKtF2Y2rmT6OLcOAvuQTjgFsA4Nbl5exaF3ipqbLEVfmgcEU8fhA2TsAZHS%2FqQVZxQWnoebuSj4ypYKMARnzqGU19ImZg6o%2FJcxdAgcBpz2CQmo73wcOfbsvJ6HSIP5qI4jYxcQ
INFO: [ app_begin ] --START--
INFO: Run ReadHtmlCache Behavior [ RunTime:0.000960s ]
INFO: [ app_begin ] --END-- [ RunTime:0.001057s ]
NOTIC: [8] Constant UC_CLIENT_VERSION already defined D:\wwwroot\mainweb\sdk\api\UcApi\Lib\Action\IndexAction.class.php 第 4 行.
NOTIC: [8] Constant UC_CLIENT_RELEASE already defined D:\wwwroot\mainweb\sdk\api\UcApi\Lib\Action\IndexAction.class.php 第 5 行.
NOTIC: [2048] Only variables should be passed by reference D:\wwwroot\mainweb\sdk\api\UcApi\Lib\Action\IndexAction.class.php 第 63 行.
NOTIC: [8] Constant API_RETURN_FAILED already defined D:\wwwroot\mainweb\sdk\uc_client\model\note.php 第 16 行.
SQL: SHOW COLUMNS FROM `sdk_accounts` [ RunTime:0.002109s ]
SQL: SELECT * FROM `sdk_accounts` WHERE ( `account_id` = 2216 ) LIMIT 1   [ RunTime:0.000662s ]

[ 2013-05-31T18:40:50+08:00 ] 192.168.179.218 /api/uc.php?time=1369996850&code=656751dyXtmuoAec20fKQUn1e9cvsfzaDkwKj5jdWe7ZllHJUqtIp51TiDcUAGpXJBMQHMRiRsuOEEgyAnU%2BNEmpE%2FACP6y%2Bcyn6EpxmNW2n3qXi3iOOYUf00Dy6BZU6oWJDgpNoLJ5Qlt662sDU2dVkhFAaJsXwqbtum2lSb5gZqLUx
INFO: [ app_begin ] --START--
INFO: Run ReadHtmlCache Behavior [ RunTime:0.001279s ]
INFO: [ app_begin ] --END-- [ RunTime:0.001376s ]
NOTIC: [8] Constant UC_CLIENT_VERSION already defined D:\wwwroot\mainweb\sdk\api\UcApi\Lib\Action\IndexAction.class.php 第 4 行.
NOTIC: [8] Constant UC_CLIENT_RELEASE already defined D:\wwwroot\mainweb\sdk\api\UcApi\Lib\Action\IndexAction.class.php 第 5 行.
NOTIC: [2048] Only variables should be passed by reference D:\wwwroot\mainweb\sdk\api\UcApi\Lib\Action\IndexAction.class.php 第 63 行.
NOTIC: [8] Constant API_RETURN_FAILED already defined D:\wwwroot\mainweb\sdk\uc_client\model\note.php 第 16 行.
SQL: SHOW COLUMNS FROM `sdk_accounts` [ RunTime:0.002297s ]
SQL: SELECT * FROM `sdk_accounts` WHERE ( `account_id` = 352 ) LIMIT 1   [ RunTime:0.000527s ]

[ 2013-05-31T18:59:41+08:00 ] 113.73.10.222 /api/uc.php?time=1369997980&code=a89bCB%2FS2epHKI%2BiLWNWlYcUEz9fWsqNE32vap6sxsPxtoOwnaB5ZGW5%2B10ag9%2F1QsNOwDnD38IiZxSkPw
INFO: [ app_begin ] --START--
INFO: Run ReadHtmlCache Behavior [ RunTime:0.001331s ]
INFO: [ app_begin ] --END-- [ RunTime:0.001424s ]
NOTIC: [8] Constant UC_CLIENT_VERSION already defined D:\wwwroot\mainweb\sdk\api\UcApi\Lib\Action\IndexAction.class.php 第 4 行.
NOTIC: [8] Constant UC_CLIENT_RELEASE already defined D:\wwwroot\mainweb\sdk\api\UcApi\Lib\Action\IndexAction.class.php 第 5 行.
NOTIC: [2048] Only variables should be passed by reference D:\wwwroot\mainweb\sdk\api\UcApi\Lib\Action\IndexAction.class.php 第 63 行.

[ 2013-05-31T19:00:03+08:00 ] 192.168.178.78 /api/uc.php?time=1369998002&code=fc97hpA5STd9cQGxdmdFyC5tNIqxzNKh%2BznInXKSXWXT2r5d9HJWFoKljABYXo6jPRaFqsGpLOmPqPGH1g
INFO: [ app_begin ] --START--
INFO: Run ReadHtmlCache Behavior [ RunTime:0.001245s ]
INFO: [ app_begin ] --END-- [ RunTime:0.001339s ]
NOTIC: [8] Constant UC_CLIENT_VERSION already defined D:\wwwroot\mainweb\sdk\api\UcApi\Lib\Action\IndexAction.class.php 第 4 行.
NOTIC: [8] Constant UC_CLIENT_RELEASE already defined D:\wwwroot\mainweb\sdk\api\UcApi\Lib\Action\IndexAction.class.php 第 5 行.
NOTIC: [2048] Only variables should be passed by reference D:\wwwroot\mainweb\sdk\api\UcApi\Lib\Action\IndexAction.class.php 第 63 行.

[ 2013-05-31T19:00:15+08:00 ] 113.73.10.222 /api/uc.php?time=1369998014&code=374bVOJOcDhlzm6GW%2FiBDxmSUEq3RIhXOHmr3YYnEfKrmjklUR%2FPD1t3PCrI38RXFICW9Epiq%2BwrsMUGXmWGpe%2FaFopoZY6HmThhnPOS9ujT%2BcshepaHFGZ0hYDA07b0BUCFS5giU2eaPlerFQ0ixLP1F5AyKfjhlZbm
INFO: [ app_begin ] --START--
INFO: Run ReadHtmlCache Behavior [ RunTime:0.001125s ]
INFO: [ app_begin ] --END-- [ RunTime:0.001218s ]
NOTIC: [8] Constant UC_CLIENT_VERSION already defined D:\wwwroot\mainweb\sdk\api\UcApi\Lib\Action\IndexAction.class.php 第 4 行.
NOTIC: [8] Constant UC_CLIENT_RELEASE already defined D:\wwwroot\mainweb\sdk\api\UcApi\Lib\Action\IndexAction.class.php 第 5 行.
NOTIC: [2048] Only variables should be passed by reference D:\wwwroot\mainweb\sdk\api\UcApi\Lib\Action\IndexAction.class.php 第 63 行.
NOTIC: [8] Constant API_RETURN_FAILED already defined D:\wwwroot\mainweb\sdk\uc_client\model\note.php 第 16 行.
SQL: SHOW COLUMNS FROM `sdk_accounts` [ RunTime:0.001880s ]
SQL: SELECT * FROM `sdk_accounts` WHERE ( `account_id` = 3 ) LIMIT 1   [ RunTime:0.000285s ]

[ 2013-05-31T19:15:52+08:00 ] 192.168.178.78 /api/uc.php?time=1369998952&code=eef1eNMmT79zeRVqSHoepsXaHtpAvYxfAtXlx0QYIGHALT56XpkMfd2RjkpUR6BJG4FgL9NlxQDfsGJPrHuQzWT4C%2F4QAHXn7WEPrTSKCc3Z8xJ1S4aY6id17eizj3V7L2RzknsLHK6yub8s2vaUrQcckF6U9Afo923IR4v2
INFO: [ app_begin ] --START--
INFO: Run ReadHtmlCache Behavior [ RunTime:0.001266s ]
INFO: [ app_begin ] --END-- [ RunTime:0.001359s ]
NOTIC: [8] Constant UC_CLIENT_VERSION already defined D:\wwwroot\mainweb\sdk\api\UcApi\Lib\Action\IndexAction.class.php 第 4 行.
NOTIC: [8] Constant UC_CLIENT_RELEASE already defined D:\wwwroot\mainweb\sdk\api\UcApi\Lib\Action\IndexAction.class.php 第 5 行.
NOTIC: [2048] Only variables should be passed by reference D:\wwwroot\mainweb\sdk\api\UcApi\Lib\Action\IndexAction.class.php 第 63 行.
NOTIC: [8] Constant API_RETURN_FAILED already defined D:\wwwroot\mainweb\sdk\uc_client\model\note.php 第 16 行.
SQL: SHOW COLUMNS FROM `sdk_accounts` [ RunTime:0.002019s ]
SQL: SELECT * FROM `sdk_accounts` WHERE ( `account_id` = 317 ) LIMIT 1   [ RunTime:0.000455s ]

[ 2013-05-31T19:29:41+08:00 ] 101.226.33.200 /api/uc.php?time=1369997980&code=a89bCB%2FS2epHKI%2BiLWNWlYcUEz9fWsqNE32vap6sxsPxtoOwnaB5ZGW5%2B10ag9%2F1QsNOwDnD38IiZxSkPw
INFO: [ app_begin ] --START--
INFO: Run ReadHtmlCache Behavior [ RunTime:0.001311s ]
INFO: [ app_begin ] --END-- [ RunTime:0.001405s ]
NOTIC: [8] Constant UC_CLIENT_VERSION already defined D:\wwwroot\mainweb\sdk\api\UcApi\Lib\Action\IndexAction.class.php 第 4 行.
NOTIC: [8] Constant UC_CLIENT_RELEASE already defined D:\wwwroot\mainweb\sdk\api\UcApi\Lib\Action\IndexAction.class.php 第 5 行.
NOTIC: [2048] Only variables should be passed by reference D:\wwwroot\mainweb\sdk\api\UcApi\Lib\Action\IndexAction.class.php 第 63 行.

[ 2013-05-31T19:29:55+08:00 ] 101.226.33.200 /api/uc.php?time=1369999794&code=0a334PFqmUk5vyOiBaNgKksc3pkyg5vNbr9fbFitZx042joZiHq5heDyxIzynpZ1b0HTap2ag19u12ASCg
INFO: [ app_begin ] --START--
INFO: Run ReadHtmlCache Behavior [ RunTime:0.001138s ]
INFO: [ app_begin ] --END-- [ RunTime:0.001233s ]
NOTIC: [8] Constant UC_CLIENT_VERSION already defined D:\wwwroot\mainweb\sdk\api\UcApi\Lib\Action\IndexAction.class.php 第 4 行.
NOTIC: [8] Constant UC_CLIENT_RELEASE already defined D:\wwwroot\mainweb\sdk\api\UcApi\Lib\Action\IndexAction.class.php 第 5 行.
NOTIC: [2048] Only variables should be passed by reference D:\wwwroot\mainweb\sdk\api\UcApi\Lib\Action\IndexAction.class.php 第 63 行.

[ 2013-05-31T19:30:14+08:00 ] 222.73.77.55 /api/uc.php?time=1369998014&code=374bVOJOcDhlzm6GW%2FiBDxmSUEq3RIhXOHmr3YYnEfKrmjklUR%2FPD1t3PCrI38RXFICW9Epiq%2BwrsMUGXmWGpe%2FaFopoZY6HmThhnPOS9ujT%2BcshepaHFGZ0hYDA07b0BUCFS5giU2eaPlerFQ0ixLP1F5AyKfjhlZbm
INFO: [ app_begin ] --START--
INFO: Run ReadHtmlCache Behavior [ RunTime:0.001284s ]
INFO: [ app_begin ] --END-- [ RunTime:0.001377s ]
NOTIC: [8] Constant UC_CLIENT_VERSION already defined D:\wwwroot\mainweb\sdk\api\UcApi\Lib\Action\IndexAction.class.php 第 4 行.
NOTIC: [8] Constant UC_CLIENT_RELEASE already defined D:\wwwroot\mainweb\sdk\api\UcApi\Lib\Action\IndexAction.class.php 第 5 行.
NOTIC: [2048] Only variables should be passed by reference D:\wwwroot\mainweb\sdk\api\UcApi\Lib\Action\IndexAction.class.php 第 63 行.
NOTIC: [8] Constant API_RETURN_FAILED already defined D:\wwwroot\mainweb\sdk\uc_client\model\note.php 第 16 行.
SQL: SHOW COLUMNS FROM `sdk_accounts` [ RunTime:0.002766s ]
SQL: SELECT * FROM `sdk_accounts` WHERE ( `account_id` = 3 ) LIMIT 1   [ RunTime:0.000190s ]

[ 2013-05-31T19:47:50+08:00 ] 192.168.178.78 /api/uc.php?time=1370000869&code=e62a70Z10neJz9jrq4ctbtaBCCQMPvfd8qnnjOGACNxsAr6C0LrZrzMSdGMri81ThsSrkeePTyLRxQHK9g
INFO: [ app_begin ] --START--
INFO: Run ReadHtmlCache Behavior [ RunTime:0.001105s ]
INFO: [ app_begin ] --END-- [ RunTime:0.001200s ]
NOTIC: [8] Constant UC_CLIENT_VERSION already defined D:\wwwroot\mainweb\sdk\api\UcApi\Lib\Action\IndexAction.class.php 第 4 行.
NOTIC: [8] Constant UC_CLIENT_RELEASE already defined D:\wwwroot\mainweb\sdk\api\UcApi\Lib\Action\IndexAction.class.php 第 5 行.
NOTIC: [2048] Only variables should be passed by reference D:\wwwroot\mainweb\sdk\api\UcApi\Lib\Action\IndexAction.class.php 第 63 行.

[ 2013-05-31T19:49:04+08:00 ] 192.168.190.137 /api/uc.php?time=1370000943&code=65d6pHFSbSm5q1gpAnA3ut82XPKpUTUVDSNxU0QtzoSXEb3nddJSFl5lTjNetyT51UQDIHIJGYwE6swpgGKfMLevSXTbIqvXSkuXiA5BR8BdRyyv%2B7RkI4cpW7YPv8VJ0BllhEHmBPNDMHmehPzl%2F%2FldpdQfhYK2l%2BA%2BZmg
INFO: [ app_begin ] --START--
INFO: Run ReadHtmlCache Behavior [ RunTime:0.001094s ]
INFO: [ app_begin ] --END-- [ RunTime:0.001188s ]
NOTIC: [8] Constant UC_CLIENT_VERSION already defined D:\wwwroot\mainweb\sdk\api\UcApi\Lib\Action\IndexAction.class.php 第 4 行.
NOTIC: [8] Constant UC_CLIENT_RELEASE already defined D:\wwwroot\mainweb\sdk\api\UcApi\Lib\Action\IndexAction.class.php 第 5 行.
NOTIC: [2048] Only variables should be passed by reference D:\wwwroot\mainweb\sdk\api\UcApi\Lib\Action\IndexAction.class.php 第 63 行.
NOTIC: [8] Constant API_RETURN_FAILED already defined D:\wwwroot\mainweb\sdk\uc_client\model\note.php 第 16 行.
SQL: SHOW COLUMNS FROM `sdk_accounts` [ RunTime:0.002096s ]
SQL: SELECT * FROM `sdk_accounts` WHERE ( `account_id` = 601 ) LIMIT 1   [ RunTime:0.000458s ]

[ 2013-05-31T19:51:16+08:00 ] 192.168.233.66 /api/uc.php?time=1370001076&code=f1ecD6a1QG8i5aBikO3%2FG3mFcuYjO8GbO7ck0KHOoLOT4VG3FxWP%2FSOuvV7PCYo%2BEQ%2B7ebJxS3A0Dy0NbhFfWKQkxm2y3wVW0arj8QXs678BMRfPsYK3PmEfG4bF9lsEKBuHUi%2B1Y%2FitWpFgBDVORi5r6htu8t6OeMejFHY
INFO: [ app_begin ] --START--
INFO: Run ReadHtmlCache Behavior [ RunTime:0.001143s ]
INFO: [ app_begin ] --END-- [ RunTime:0.001238s ]
NOTIC: [8] Constant UC_CLIENT_VERSION already defined D:\wwwroot\mainweb\sdk\api\UcApi\Lib\Action\IndexAction.class.php 第 4 行.
NOTIC: [8] Constant UC_CLIENT_RELEASE already defined D:\wwwroot\mainweb\sdk\api\UcApi\Lib\Action\IndexAction.class.php 第 5 行.
NOTIC: [2048] Only variables should be passed by reference D:\wwwroot\mainweb\sdk\api\UcApi\Lib\Action\IndexAction.class.php 第 63 行.
NOTIC: [8] Constant API_RETURN_FAILED already defined D:\wwwroot\mainweb\sdk\uc_client\model\note.php 第 16 行.
SQL: SHOW COLUMNS FROM `sdk_accounts` [ RunTime:0.002461s ]
SQL: SELECT * FROM `sdk_accounts` WHERE ( `account_id` = 218 ) LIMIT 1   [ RunTime:0.000386s ]

[ 2013-05-31T19:51:19+08:00 ] 192.168.233.66 /api/uc.php?time=1370001079&code=86aeKw3LN%2B%2FazBkDoh0hkxMeGccd2VsnMAzWO%2FQGKwGBZz%2Ft4%2FP77qze4MYrcWX6WHGu%2BRNl6JCraM%2BmiQ
INFO: [ app_begin ] --START--
INFO: Run ReadHtmlCache Behavior [ RunTime:0.001171s ]
INFO: [ app_begin ] --END-- [ RunTime:0.001268s ]
NOTIC: [8] Constant UC_CLIENT_VERSION already defined D:\wwwroot\mainweb\sdk\api\UcApi\Lib\Action\IndexAction.class.php 第 4 行.
NOTIC: [8] Constant UC_CLIENT_RELEASE already defined D:\wwwroot\mainweb\sdk\api\UcApi\Lib\Action\IndexAction.class.php 第 5 行.
NOTIC: [2048] Only variables should be passed by reference D:\wwwroot\mainweb\sdk\api\UcApi\Lib\Action\IndexAction.class.php 第 63 行.

[ 2013-05-31T19:52:37+08:00 ] 122.226.200.14 /api/uc.php?time=1370001157&code=4d06Ejkf7VBJJEa8dQ9UE8VU3kDFDQorAyczdM%2BLf%2BeOwHV4J%2BsG2%2FzfXdp%2Bc9VlfVJ7PdmzT549g29YOS7J2QKeNov3KLFseVgyi%2FlRGpqGD35Bvw%2FKTKpNbT3y0%2BT246JwFY%2Fdk%2FjUxbfc6EEcz%2FHgJpTw3vXTpWKjma9FRQ
INFO: [ app_begin ] --START--
INFO: Run ReadHtmlCache Behavior [ RunTime:0.001406s ]
INFO: [ app_begin ] --END-- [ RunTime:0.001500s ]
NOTIC: [8] Constant UC_CLIENT_VERSION already defined D:\wwwroot\mainweb\sdk\api\UcApi\Lib\Action\IndexAction.class.php 第 4 行.
NOTIC: [8] Constant UC_CLIENT_RELEASE already defined D:\wwwroot\mainweb\sdk\api\UcApi\Lib\Action\IndexAction.class.php 第 5 行.
NOTIC: [2048] Only variables should be passed by reference D:\wwwroot\mainweb\sdk\api\UcApi\Lib\Action\IndexAction.class.php 第 63 行.
NOTIC: [8] Constant API_RETURN_FAILED already defined D:\wwwroot\mainweb\sdk\uc_client\model\note.php 第 16 行.
SQL: SHOW COLUMNS FROM `sdk_accounts` [ RunTime:0.001920s ]
SQL: SELECT * FROM `sdk_accounts` WHERE ( `account_id` = 2294 ) LIMIT 1   [ RunTime:0.000492s ]
SQL: INSERT INTO `sdk_accounts` (`account_id`,`user_name`,`email`,`password`,`reg_time`) VALUES (2294,'白鲨','1439468518@qq.com','9e2e13c55b3e7dc3d26966eac5503e7c90377ed6',1370001157) [ RunTime:0.001348s ]

[ 2013-05-31T19:53:55+08:00 ] 202.116.192.47 /api/uc.php?code=ce0aNR4DdLVeSKhP8hhea8vpaeuCUcudWNTazLr90Eni19syEo6fhGks%2BPNiBrywLdNaLuw3TpN00wpcUElXjJABdKpTu%2BSCH6KsHSA7Nci9ZV41z%2F6YSOhBGiW0PuqrwXo&__times__=1
INFO: [ app_begin ] --START--
INFO: Run ReadHtmlCache Behavior [ RunTime:0.001094s ]
INFO: [ app_begin ] --END-- [ RunTime:0.001193s ]
NOTIC: [8] Constant UC_CLIENT_VERSION already defined D:\wwwroot\mainweb\sdk\api\UcApi\Lib\Action\IndexAction.class.php 第 4 行.
NOTIC: [8] Constant UC_CLIENT_RELEASE already defined D:\wwwroot\mainweb\sdk\api\UcApi\Lib\Action\IndexAction.class.php 第 5 行.
NOTIC: [2048] Only variables should be passed by reference D:\wwwroot\mainweb\sdk\api\UcApi\Lib\Action\IndexAction.class.php 第 63 行.

[ 2013-05-31T19:53:55+08:00 ] 122.226.200.14 /api/uc.php?time=1370001234&code=fa66NOHuE2LOtgcChphQAqD%2BNeKdZ12aHl%2B9XQdVnowdqcB1Y5lj0csgLx3mjlECWwp5W815ZPltgS%2FDfe9nXNCMe8k7%2FPVKCO9BJqauASIItgduRiP%2FU4Q2%2BvSbKS2wvqD9tESz4w9PwgxINdiOW38nSfv76uWgK4btCW6ifA
INFO: [ app_begin ] --START--
INFO: Run ReadHtmlCache Behavior [ RunTime:0.001148s ]
INFO: [ app_begin ] --END-- [ RunTime:0.001247s ]
NOTIC: [8] Constant UC_CLIENT_VERSION already defined D:\wwwroot\mainweb\sdk\api\UcApi\Lib\Action\IndexAction.class.php 第 4 行.
NOTIC: [8] Constant UC_CLIENT_RELEASE already defined D:\wwwroot\mainweb\sdk\api\UcApi\Lib\Action\IndexAction.class.php 第 5 行.
NOTIC: [2048] Only variables should be passed by reference D:\wwwroot\mainweb\sdk\api\UcApi\Lib\Action\IndexAction.class.php 第 63 行.
NOTIC: [8] Constant API_RETURN_FAILED already defined D:\wwwroot\mainweb\sdk\uc_client\model\note.php 第 16 行.
SQL: SHOW COLUMNS FROM `sdk_accounts` [ RunTime:0.002075s ]
SQL: SELECT * FROM `sdk_accounts` WHERE ( `account_id` = 2294 ) LIMIT 1   [ RunTime:0.000287s ]
NOTIC: [8] Undefined index:  apph D:\wwwroot\mainweb\sdk\uc_client\model\note.php 第 169 行.
NOTIC: [8] Undefined offset:  2 D:\wwwroot\mainweb\sdk\uc_client\model\note.php 第 141 行.

[ 2013-05-31T20:00:30+08:00 ] 192.168.180.197 /api/uc.php?time=1370001630&code=1bd4SCl4LZkKASmUfux4I1PemGMoh%2FK1DRE5xbGtBssAkZuuugJC5NRRXSxU0SbI5sz4J4gWx2KR1KjP0Q
INFO: [ app_begin ] --START--
INFO: Run ReadHtmlCache Behavior [ RunTime:0.001177s ]
INFO: [ app_begin ] --END-- [ RunTime:0.001271s ]
NOTIC: [8] Constant UC_CLIENT_VERSION already defined D:\wwwroot\mainweb\sdk\api\UcApi\Lib\Action\IndexAction.class.php 第 4 行.
NOTIC: [8] Constant UC_CLIENT_RELEASE already defined D:\wwwroot\mainweb\sdk\api\UcApi\Lib\Action\IndexAction.class.php 第 5 行.
NOTIC: [2048] Only variables should be passed by reference D:\wwwroot\mainweb\sdk\api\UcApi\Lib\Action\IndexAction.class.php 第 63 行.

[ 2013-05-31T20:00:50+08:00 ] 192.168.233.66 /api/uc.php?time=1370001650&code=2362yagF7kVahUR5D46Thejr1SxLHhpQpwIzLCQX6qoZwq9zy%2Boc3p2UNvup9jd1j%2BdF6ClSnJNZmri7mu6zL45wzLpjXdHd1gd2Cbk3mCIVsvjPD7jKYocLTN%2FRfSPApygweLBiZqgcju%2BAjOswJgB%2B%2Blh4IEufk0pxLP0
INFO: [ app_begin ] --START--
INFO: Run ReadHtmlCache Behavior [ RunTime:0.001217s ]
INFO: [ app_begin ] --END-- [ RunTime:0.001313s ]
NOTIC: [8] Constant UC_CLIENT_VERSION already defined D:\wwwroot\mainweb\sdk\api\UcApi\Lib\Action\IndexAction.class.php 第 4 行.
NOTIC: [8] Constant UC_CLIENT_RELEASE already defined D:\wwwroot\mainweb\sdk\api\UcApi\Lib\Action\IndexAction.class.php 第 5 行.
NOTIC: [2048] Only variables should be passed by reference D:\wwwroot\mainweb\sdk\api\UcApi\Lib\Action\IndexAction.class.php 第 63 行.
NOTIC: [8] Constant API_RETURN_FAILED already defined D:\wwwroot\mainweb\sdk\uc_client\model\note.php 第 16 行.
SQL: SHOW COLUMNS FROM `sdk_accounts` [ RunTime:0.002001s ]
SQL: SELECT * FROM `sdk_accounts` WHERE ( `account_id` = 218 ) LIMIT 1   [ RunTime:0.000301s ]

[ 2013-05-31T20:01:16+08:00 ] 192.168.180.197 /api/uc.php?time=1370001675&code=4d6bSXvy1u43uffcTjQCE2W2mA149hLKl2Kdq%2FREVITDbc9IlyYCtueuEQCbl8HyQ2rGs%2Fu4AtY49QD4D8XIoG4EZx3Z05aBBxceySHTKg0Y3L6uVU98uY%2BCCmaHHPYW6f47cYU5P0ET6PpHePyIhGdYx4wKfHlaME5mvLzHh6xWJBPFo4j7
INFO: [ app_begin ] --START--
INFO: Run ReadHtmlCache Behavior [ RunTime:0.001154s ]
INFO: [ app_begin ] --END-- [ RunTime:0.001246s ]
NOTIC: [8] Constant UC_CLIENT_VERSION already defined D:\wwwroot\mainweb\sdk\api\UcApi\Lib\Action\IndexAction.class.php 第 4 行.
NOTIC: [8] Constant UC_CLIENT_RELEASE already defined D:\wwwroot\mainweb\sdk\api\UcApi\Lib\Action\IndexAction.class.php 第 5 行.
NOTIC: [2048] Only variables should be passed by reference D:\wwwroot\mainweb\sdk\api\UcApi\Lib\Action\IndexAction.class.php 第 63 行.
NOTIC: [8] Constant API_RETURN_FAILED already defined D:\wwwroot\mainweb\sdk\uc_client\model\note.php 第 16 行.
SQL: SHOW COLUMNS FROM `sdk_accounts` [ RunTime:0.001799s ]
SQL: SELECT * FROM `sdk_accounts` WHERE ( `account_id` = 165 ) LIMIT 1   [ RunTime:0.000236s ]

[ 2013-05-31T20:18:46+08:00 ] 192.168.176.207 /api/uc.php?time=1370002726&code=56354OCUGgd2hDm0a9b8Q2d%2BhX4wrmEV49WwyvVEoG8EIJsL4GE%2BhrZsjR8Ki%2BUvBThCut%2BfFNWYzhg8n8RjpAvxzW57uZEV0xhMjSo1T1yYwtsSnevB0jxcR2UszwfUinRgdfZDY68LNemwAflQekqXZfVoS%2Bq5ii%2BE
INFO: [ app_begin ] --START--
INFO: Run ReadHtmlCache Behavior [ RunTime:0.001152s ]
INFO: [ app_begin ] --END-- [ RunTime:0.001241s ]
NOTIC: [8] Constant UC_CLIENT_VERSION already defined D:\wwwroot\mainweb\sdk\api\UcApi\Lib\Action\IndexAction.class.php 第 4 行.
NOTIC: [8] Constant UC_CLIENT_RELEASE already defined D:\wwwroot\mainweb\sdk\api\UcApi\Lib\Action\IndexAction.class.php 第 5 行.
NOTIC: [2048] Only variables should be passed by reference D:\wwwroot\mainweb\sdk\api\UcApi\Lib\Action\IndexAction.class.php 第 63 行.
NOTIC: [8] Constant API_RETURN_FAILED already defined D:\wwwroot\mainweb\sdk\uc_client\model\note.php 第 16 行.
SQL: SHOW COLUMNS FROM `sdk_accounts` [ RunTime:0.002209s ]
SQL: SELECT * FROM `sdk_accounts` WHERE ( `account_id` = 943 ) LIMIT 1   [ RunTime:0.006503s ]

[ 2013-05-31T20:20:11+08:00 ] 192.168.178.78 /api/uc.php?time=1370002810&code=e6ecR%2BGIaN3NMJqDJfygp8Q%2Fw%2FXhK1koi9xBzdAThZql9votdJagDP4pJu%2BPzyjv21IpRK2syrwj2OLv6zbZi6QRpd%2BSiPtFMamHHQrD2r59U566h4JzdHjvaAOTlDezLWBukit%2BTj67tHLxO2fKCUDpaiBR2f16cC2SsJnz
INFO: [ app_begin ] --START--
INFO: Run ReadHtmlCache Behavior [ RunTime:0.001944s ]
INFO: [ app_begin ] --END-- [ RunTime:0.002751s ]
NOTIC: [8] Constant UC_CLIENT_VERSION already defined D:\wwwroot\mainweb\sdk\api\UcApi\Lib\Action\IndexAction.class.php 第 4 行.
NOTIC: [8] Constant UC_CLIENT_RELEASE already defined D:\wwwroot\mainweb\sdk\api\UcApi\Lib\Action\IndexAction.class.php 第 5 行.
NOTIC: [2048] Only variables should be passed by reference D:\wwwroot\mainweb\sdk\api\UcApi\Lib\Action\IndexAction.class.php 第 63 行.
NOTIC: [8] Constant API_RETURN_FAILED already defined D:\wwwroot\mainweb\sdk\uc_client\model\note.php 第 16 行.
SQL: SHOW COLUMNS FROM `sdk_accounts` [ RunTime:0.002187s ]
SQL: SELECT * FROM `sdk_accounts` WHERE ( `account_id` = 317 ) LIMIT 1   [ RunTime:0.000343s ]

[ 2013-05-31T20:26:14+08:00 ] 192.168.175.17 /api/uc.php?time=1370003174&code=7744yW%2Byfy4MMaRwogqdITRrIgfzG72sWGMCqC4FQapup4H7UbLtewZ7JGLBQAWHIlliW41CAQ4Jq3PGhxQSDHAop069Lnwnf0nTPuGNhkPWyFe%2FmvE%2F2bfq6VWvzH3TZKsMouuzvg8P6rmY2yEXSCqwZDxH94suv5aL%2FH0%2BPJG7Z%2F8
INFO: [ app_begin ] --START--
INFO: Run ReadHtmlCache Behavior [ RunTime:0.001315s ]
INFO: [ app_begin ] --END-- [ RunTime:0.001408s ]
NOTIC: [8] Constant UC_CLIENT_VERSION already defined D:\wwwroot\mainweb\sdk\api\UcApi\Lib\Action\IndexAction.class.php 第 4 行.
NOTIC: [8] Constant UC_CLIENT_RELEASE already defined D:\wwwroot\mainweb\sdk\api\UcApi\Lib\Action\IndexAction.class.php 第 5 行.
NOTIC: [2048] Only variables should be passed by reference D:\wwwroot\mainweb\sdk\api\UcApi\Lib\Action\IndexAction.class.php 第 63 行.
NOTIC: [8] Constant API_RETURN_FAILED already defined D:\wwwroot\mainweb\sdk\uc_client\model\note.php 第 16 行.
SQL: SHOW COLUMNS FROM `sdk_accounts` [ RunTime:0.001987s ]
SQL: SELECT * FROM `sdk_accounts` WHERE ( `account_id` = 603 ) LIMIT 1   [ RunTime:0.000424s ]

[ 2013-05-31T20:28:37+08:00 ] 192.168.166.22 /api/uc.php?time=1370003317&code=da8a0HxTxbO5lWgaqbp9DIGKWYWVZA8dSF%2FaWN8Um2MyV%2B30YZbn15QXZ%2F4wzCMJUUDwrR26R%2FDNSpfShCpqBBtEsZr%2BiwfXfSXF4POda8uPMz9LQwTlIhVyksHOTu3cC0ScVUmzMwHQLZgXXIRzdLAvpO%2FQlveEo%2FyuMxB93DtQIu4
INFO: [ app_begin ] --START--
INFO: Run ReadHtmlCache Behavior [ RunTime:0.001164s ]
INFO: [ app_begin ] --END-- [ RunTime:0.001262s ]
NOTIC: [8] Constant UC_CLIENT_VERSION already defined D:\wwwroot\mainweb\sdk\api\UcApi\Lib\Action\IndexAction.class.php 第 4 行.
NOTIC: [8] Constant UC_CLIENT_RELEASE already defined D:\wwwroot\mainweb\sdk\api\UcApi\Lib\Action\IndexAction.class.php 第 5 行.
NOTIC: [2048] Only variables should be passed by reference D:\wwwroot\mainweb\sdk\api\UcApi\Lib\Action\IndexAction.class.php 第 63 行.
NOTIC: [8] Constant API_RETURN_FAILED already defined D:\wwwroot\mainweb\sdk\uc_client\model\note.php 第 16 行.
SQL: SHOW COLUMNS FROM `sdk_accounts` [ RunTime:0.001904s ]
SQL: SELECT * FROM `sdk_accounts` WHERE ( `account_id` = 2238 ) LIMIT 1   [ RunTime:0.000457s ]

[ 2013-05-31T20:34:13+08:00 ] 192.168.204.95 /api/uc.php?time=1370003653&code=dcb5utCLuaMSH5KCzCoseDtOvBTVxoBgN4AjE6df5aUtk%2FrVKquKV4Qka8s3ZYfna5d6ih%2FXfN0qho6Jo590PDqBmlyiLDxZKVjmzYEFLGBoNYPAICrHlVOv42hi4%2FOkMOvNFyQUn27xE1GdS8l6xHSgiDrPuwiF
INFO: [ app_begin ] --START--
INFO: Run ReadHtmlCache Behavior [ RunTime:0.001194s ]
INFO: [ app_begin ] --END-- [ RunTime:0.001287s ]
NOTIC: [8] Constant UC_CLIENT_VERSION already defined D:\wwwroot\mainweb\sdk\api\UcApi\Lib\Action\IndexAction.class.php 第 4 行.
NOTIC: [8] Constant UC_CLIENT_RELEASE already defined D:\wwwroot\mainweb\sdk\api\UcApi\Lib\Action\IndexAction.class.php 第 5 行.
NOTIC: [2048] Only variables should be passed by reference D:\wwwroot\mainweb\sdk\api\UcApi\Lib\Action\IndexAction.class.php 第 63 行.
NOTIC: [8] Constant API_RETURN_FAILED already defined D:\wwwroot\mainweb\sdk\uc_client\model\note.php 第 16 行.
SQL: SHOW COLUMNS FROM `sdk_accounts` [ RunTime:0.002075s ]
SQL: SELECT * FROM `sdk_accounts` WHERE ( `account_id` = 2 ) LIMIT 1   [ RunTime:0.000449s ]

[ 2013-05-31T20:39:49+08:00 ] 192.168.233.66 /api/uc.php?time=1370003989&code=42a7oLucfYOgH0bsLZ9oO%2BYSgZ1NYfSNvfuR649A9yEWKD46SPeAM309XaPyWUvr8x2C4yTI1s74WyccXg
INFO: [ app_begin ] --START--
INFO: Run ReadHtmlCache Behavior [ RunTime:0.001477s ]
INFO: [ app_begin ] --END-- [ RunTime:0.001571s ]
NOTIC: [8] Constant UC_CLIENT_VERSION already defined D:\wwwroot\mainweb\sdk\api\UcApi\Lib\Action\IndexAction.class.php 第 4 行.
NOTIC: [8] Constant UC_CLIENT_RELEASE already defined D:\wwwroot\mainweb\sdk\api\UcApi\Lib\Action\IndexAction.class.php 第 5 行.
NOTIC: [2048] Only variables should be passed by reference D:\wwwroot\mainweb\sdk\api\UcApi\Lib\Action\IndexAction.class.php 第 63 行.

[ 2013-05-31T20:42:47+08:00 ] 192.168.178.78 /api/uc.php?time=1370004167&code=e983C2eNKQ7fbsn6pRgvQ4liIxTuep5xEC5rUujAF3b9Uj6iBa7DmZPqm2vYKIyRp%2B2Pb85uFyfV4CAImw
INFO: [ app_begin ] --START--
INFO: Run ReadHtmlCache Behavior [ RunTime:0.001159s ]
INFO: [ app_begin ] --END-- [ RunTime:0.001257s ]
NOTIC: [8] Constant UC_CLIENT_VERSION already defined D:\wwwroot\mainweb\sdk\api\UcApi\Lib\Action\IndexAction.class.php 第 4 行.
NOTIC: [8] Constant UC_CLIENT_RELEASE already defined D:\wwwroot\mainweb\sdk\api\UcApi\Lib\Action\IndexAction.class.php 第 5 行.
NOTIC: [2048] Only variables should be passed by reference D:\wwwroot\mainweb\sdk\api\UcApi\Lib\Action\IndexAction.class.php 第 63 行.

[ 2013-05-31T21:24:24+08:00 ] 192.168.222.95 /api/uc.php?time=1370006664&code=83e5V6yogBoOD6v9XnGlXXRXY07KweMFIkOEtX07iGaq6t3CHTMNmULXUzjrWWJ9pVBFiUa%2FGpdB9xeEUflvA1tByb3HzYldHg2ycefw2Qp8zq%2BghDbnmicOaMA%2Fs6a2eqpQ7enA%2Bosu%2FesGh6MgipjVt8Mw93LNIRfV%2B1c12il7
INFO: [ app_begin ] --START--
INFO: Run ReadHtmlCache Behavior [ RunTime:0.001173s ]
INFO: [ app_begin ] --END-- [ RunTime:0.001272s ]
NOTIC: [8] Constant UC_CLIENT_VERSION already defined D:\wwwroot\mainweb\sdk\api\UcApi\Lib\Action\IndexAction.class.php 第 4 行.
NOTIC: [8] Constant UC_CLIENT_RELEASE already defined D:\wwwroot\mainweb\sdk\api\UcApi\Lib\Action\IndexAction.class.php 第 5 行.
NOTIC: [2048] Only variables should be passed by reference D:\wwwroot\mainweb\sdk\api\UcApi\Lib\Action\IndexAction.class.php 第 63 行.
NOTIC: [8] Constant API_RETURN_FAILED already defined D:\wwwroot\mainweb\sdk\uc_client\model\note.php 第 16 行.
SQL: SHOW COLUMNS FROM `sdk_accounts` [ RunTime:0.002078s ]
SQL: SELECT * FROM `sdk_accounts` WHERE ( `account_id` = 900 ) LIMIT 1   [ RunTime:0.000579s ]

[ 2013-05-31T21:44:32+08:00 ] 192.168.233.66 /api/uc.php?time=1370007872&code=6ee6VhV7452dgkAa6fD23j3hwZtTkh5s%2F3%2Bjqrhvb8zrEuuJYY43W1HDdp7B1VbvILL03u5kB90ZneNv%2FzA%2B7ympzm7ixzP13Al%2BCbfNdSIem82aStQOAGMZTq160wh0EJhJNSbu%2F4boaDWkOtc74urokUcF4qaCCd4wB10
INFO: [ app_begin ] --START--
INFO: Run ReadHtmlCache Behavior [ RunTime:0.001234s ]
INFO: [ app_begin ] --END-- [ RunTime:0.001355s ]
NOTIC: [8] Constant UC_CLIENT_VERSION already defined D:\wwwroot\mainweb\sdk\api\UcApi\Lib\Action\IndexAction.class.php 第 4 行.
NOTIC: [8] Constant UC_CLIENT_RELEASE already defined D:\wwwroot\mainweb\sdk\api\UcApi\Lib\Action\IndexAction.class.php 第 5 行.
NOTIC: [2048] Only variables should be passed by reference D:\wwwroot\mainweb\sdk\api\UcApi\Lib\Action\IndexAction.class.php 第 63 行.
NOTIC: [8] Constant API_RETURN_FAILED already defined D:\wwwroot\mainweb\sdk\uc_client\model\note.php 第 16 行.
SQL: SHOW COLUMNS FROM `sdk_accounts` [ RunTime:0.001991s ]
SQL: SELECT * FROM `sdk_accounts` WHERE ( `account_id` = 218 ) LIMIT 1   [ RunTime:0.000536s ]

[ 2013-05-31T21:51:27+08:00 ] 192.168.146.204 /api/uc.php?time=1370008287&code=7a820k%2BG3rWVndyCJBTN6IjL2jF%2FQZ3lGwIjeTCvm96gathd4ayGmBc7uL9BrHYIMQMUIhhIhT%2F5A76qAPCsVwaa5Tn4vCaB8vD7FPwP8bU5eqD7RbKe9%2FZH3MMA0mMA0iMUkiZN9jo0uTaHiDHon36sKOom%2Bp6GcMsdkCRI
INFO: [ app_begin ] --START--
INFO: Run ReadHtmlCache Behavior [ RunTime:0.001255s ]
INFO: [ app_begin ] --END-- [ RunTime:0.001352s ]
NOTIC: [8] Constant UC_CLIENT_VERSION already defined D:\wwwroot\mainweb\sdk\api\UcApi\Lib\Action\IndexAction.class.php 第 4 行.
NOTIC: [8] Constant UC_CLIENT_RELEASE already defined D:\wwwroot\mainweb\sdk\api\UcApi\Lib\Action\IndexAction.class.php 第 5 行.
NOTIC: [2048] Only variables should be passed by reference D:\wwwroot\mainweb\sdk\api\UcApi\Lib\Action\IndexAction.class.php 第 63 行.
NOTIC: [8] Constant API_RETURN_FAILED already defined D:\wwwroot\mainweb\sdk\uc_client\model\note.php 第 16 行.
SQL: SHOW COLUMNS FROM `sdk_accounts` [ RunTime:0.002107s ]
SQL: SELECT * FROM `sdk_accounts` WHERE ( `account_id` = 2295 ) LIMIT 1   [ RunTime:0.000420s ]
SQL: INSERT INTO `sdk_accounts` (`account_id`,`user_name`,`email`,`password`,`reg_time`) VALUES (2295,'9-347','963699054@qq.com','a4bb0919c0239aa5406c078ecc40871f1e3bd534',1370008287) [ RunTime:0.001619s ]

[ 2013-05-31T21:51:53+08:00 ] 192.168.146.204 /api/uc.php?time=1370008313&code=153ePztVdIsYamup9hyzRMjaTzfu5PUUBx7e2LuZarv5WZA9aWJcY39iBOwzEboBpq%2BoBJE0WmZHkIOX27UW5W%2Fmqh47CawlDLeN7fzLqG9tE6%2Bf16gtaw7KooqKhYhFBWzH79K6%2FwGbQCq9ys8SL10ScFmW5VhoesIbcWQG
INFO: [ app_begin ] --START--
INFO: Run ReadHtmlCache Behavior [ RunTime:0.001132s ]
INFO: [ app_begin ] --END-- [ RunTime:0.001229s ]
NOTIC: [8] Constant UC_CLIENT_VERSION already defined D:\wwwroot\mainweb\sdk\api\UcApi\Lib\Action\IndexAction.class.php 第 4 行.
NOTIC: [8] Constant UC_CLIENT_RELEASE already defined D:\wwwroot\mainweb\sdk\api\UcApi\Lib\Action\IndexAction.class.php 第 5 行.
NOTIC: [2048] Only variables should be passed by reference D:\wwwroot\mainweb\sdk\api\UcApi\Lib\Action\IndexAction.class.php 第 63 行.
NOTIC: [8] Constant API_RETURN_FAILED already defined D:\wwwroot\mainweb\sdk\uc_client\model\note.php 第 16 行.
SQL: SHOW COLUMNS FROM `sdk_accounts` [ RunTime:0.002080s ]
SQL: SELECT * FROM `sdk_accounts` WHERE ( `account_id` = 2295 ) LIMIT 1   [ RunTime:0.000436s ]

[ 2013-05-31T22:19:03+08:00 ] 192.168.179.19 /api/uc.php?time=1370009943&code=6e72Ja0PPUCLz8eOiVkhjy1b1ZuOxOC%2BRnfCRfONYC1uVns34%2Flfizr5JYODjpRLL9KufDEuK6o%2BLU66ZHANLTBcVonwX81NTBA5Jm9ZQRAs3%2BTk2VWJIqbVOeZl1NmOvMQlzcjg1ORt2MMjzaKKM%2F%2FGWWqefWOEcAKHgw
INFO: [ app_begin ] --START--
INFO: Run ReadHtmlCache Behavior [ RunTime:0.001805s ]
INFO: [ app_begin ] --END-- [ RunTime:0.001895s ]
NOTIC: [8] Constant UC_CLIENT_VERSION already defined D:\wwwroot\mainweb\sdk\api\UcApi\Lib\Action\IndexAction.class.php 第 4 行.
NOTIC: [8] Constant UC_CLIENT_RELEASE already defined D:\wwwroot\mainweb\sdk\api\UcApi\Lib\Action\IndexAction.class.php 第 5 行.
NOTIC: [2048] Only variables should be passed by reference D:\wwwroot\mainweb\sdk\api\UcApi\Lib\Action\IndexAction.class.php 第 63 行.
NOTIC: [8] Constant API_RETURN_FAILED already defined D:\wwwroot\mainweb\sdk\uc_client\model\note.php 第 16 行.
SQL: SHOW COLUMNS FROM `sdk_accounts` [ RunTime:0.001974s ]
SQL: SELECT * FROM `sdk_accounts` WHERE ( `account_id` = 2291 ) LIMIT 1   [ RunTime:0.000445s ]

[ 2013-05-31T22:20:45+08:00 ] 192.168.233.66 /api/uc.php?time=1370010045&code=3816jCaaCo3W1KPFoAHCQXopRF2WgZebnqivZjYbNSQy%2FKI9qeHYtON2o5lhev0tvWgEt4eK5KrtDTbLGw
INFO: [ app_begin ] --START--
INFO: Run ReadHtmlCache Behavior [ RunTime:0.000762s ]
INFO: [ app_begin ] --END-- [ RunTime:0.000872s ]
NOTIC: [8] Constant UC_CLIENT_VERSION already defined D:\wwwroot\mainweb\sdk\api\UcApi\Lib\Action\IndexAction.class.php 第 4 行.
NOTIC: [8] Constant UC_CLIENT_RELEASE already defined D:\wwwroot\mainweb\sdk\api\UcApi\Lib\Action\IndexAction.class.php 第 5 行.
NOTIC: [2048] Only variables should be passed by reference D:\wwwroot\mainweb\sdk\api\UcApi\Lib\Action\IndexAction.class.php 第 63 行.

[ 2013-05-31T22:23:33+08:00 ] 113.73.10.222 /api/uc.php?time=1370010212&code=f8dcA3UWUfQ0qVHu7GQEB0mTq51KmsQ4LDcYLl%2BuGrYBzfbPlbl5DNGjJnZH65wptGdEvteFsCG1N4N3Qh9DrMmilW%2BLRisHfyno%2Fli8R8dk4sewEvlM037bNsLKGH9yTVAar1dFn85LEdySUVRx7ZfulkRQE1KjOcyn
INFO: [ app_begin ] --START--
INFO: Run ReadHtmlCache Behavior [ RunTime:0.001240s ]
INFO: [ app_begin ] --END-- [ RunTime:0.001332s ]
NOTIC: [8] Constant UC_CLIENT_VERSION already defined D:\wwwroot\mainweb\sdk\api\UcApi\Lib\Action\IndexAction.class.php 第 4 行.
NOTIC: [8] Constant UC_CLIENT_RELEASE already defined D:\wwwroot\mainweb\sdk\api\UcApi\Lib\Action\IndexAction.class.php 第 5 行.
NOTIC: [2048] Only variables should be passed by reference D:\wwwroot\mainweb\sdk\api\UcApi\Lib\Action\IndexAction.class.php 第 63 行.
NOTIC: [8] Constant API_RETURN_FAILED already defined D:\wwwroot\mainweb\sdk\uc_client\model\note.php 第 16 行.
SQL: SHOW COLUMNS FROM `sdk_accounts` [ RunTime:0.002306s ]
SQL: SELECT * FROM `sdk_accounts` WHERE ( `account_id` = 3 ) LIMIT 1   [ RunTime:0.000492s ]

[ 2013-05-31T22:23:58+08:00 ] 192.168.178.78 /api/uc.php?time=1370010237&code=151fTGFECo5vRaUG0aS1VVn3%2BFRzStfHyxFjkygD3ScNCGqkXSj5P2rGBXdkTSl%2B9CSeHOQfdCvpNa0yWaiaDq0AGjT%2FAyH94fBsKuayQ8VzjvSvoqfLqRK%2BCVysfwNCJQ%2FhhKpmShYLb2PuPIvIfmijoFM1SGG1EFohzUBA
INFO: [ app_begin ] --START--
INFO: Run ReadHtmlCache Behavior [ RunTime:0.001297s ]
INFO: [ app_begin ] --END-- [ RunTime:0.001396s ]
NOTIC: [8] Constant UC_CLIENT_VERSION already defined D:\wwwroot\mainweb\sdk\api\UcApi\Lib\Action\IndexAction.class.php 第 4 行.
NOTIC: [8] Constant UC_CLIENT_RELEASE already defined D:\wwwroot\mainweb\sdk\api\UcApi\Lib\Action\IndexAction.class.php 第 5 行.
NOTIC: [2048] Only variables should be passed by reference D:\wwwroot\mainweb\sdk\api\UcApi\Lib\Action\IndexAction.class.php 第 63 行.
NOTIC: [8] Constant API_RETURN_FAILED already defined D:\wwwroot\mainweb\sdk\uc_client\model\note.php 第 16 行.
SQL: SHOW COLUMNS FROM `sdk_accounts` [ RunTime:0.001976s ]
SQL: SELECT * FROM `sdk_accounts` WHERE ( `account_id` = 317 ) LIMIT 1   [ RunTime:0.000403s ]

[ 2013-05-31T22:28:22+08:00 ] 192.168.179.19 /api/uc.php?time=1370010502&code=cd61BgZfnl9h0rCkHEwEe7Qoz9NSsJJx4bQ3qj9qKyEA5bvjP9I1EuH5%2BCRADTC8OeSP0ZHqojoR0RtJnw
INFO: [ app_begin ] --START--
INFO: Run ReadHtmlCache Behavior [ RunTime:0.001329s ]
INFO: [ app_begin ] --END-- [ RunTime:0.001440s ]
NOTIC: [8] Constant UC_CLIENT_VERSION already defined D:\wwwroot\mainweb\sdk\api\UcApi\Lib\Action\IndexAction.class.php 第 4 行.
NOTIC: [8] Constant UC_CLIENT_RELEASE already defined D:\wwwroot\mainweb\sdk\api\UcApi\Lib\Action\IndexAction.class.php 第 5 行.
NOTIC: [2048] Only variables should be passed by reference D:\wwwroot\mainweb\sdk\api\UcApi\Lib\Action\IndexAction.class.php 第 63 行.

[ 2013-05-31T22:28:31+08:00 ] 192.168.179.19 /api/uc.php?time=1370010511&code=660c1b4Fz%2FxJmQYj6RRplhFsRh4zAd8DbG30LgdlhHolKYpuV%2FMH2Zjnoc4aE5Lm9KJdOq9P%2B4VVCTmRKknsaS9ZmflK1Ssv2XbkMXAU1eoA8kvBMHGaR%2Bt2QAQd8ypr0IFc0klfLDFLggT%2Fy9g510tqxiXTSnIzV7%2BWhw
INFO: [ app_begin ] --START--
INFO: Run ReadHtmlCache Behavior [ RunTime:0.001208s ]
INFO: [ app_begin ] --END-- [ RunTime:0.001329s ]
NOTIC: [8] Constant UC_CLIENT_VERSION already defined D:\wwwroot\mainweb\sdk\api\UcApi\Lib\Action\IndexAction.class.php 第 4 行.
NOTIC: [8] Constant UC_CLIENT_RELEASE already defined D:\wwwroot\mainweb\sdk\api\UcApi\Lib\Action\IndexAction.class.php 第 5 行.
NOTIC: [2048] Only variables should be passed by reference D:\wwwroot\mainweb\sdk\api\UcApi\Lib\Action\IndexAction.class.php 第 63 行.
NOTIC: [8] Constant API_RETURN_FAILED already defined D:\wwwroot\mainweb\sdk\uc_client\model\note.php 第 16 行.
SQL: SHOW COLUMNS FROM `sdk_accounts` [ RunTime:0.066073s ]
SQL: SELECT * FROM `sdk_accounts` WHERE ( `account_id` = 2291 ) LIMIT 1   [ RunTime:0.000173s ]

[ 2013-05-31T22:31:20+08:00 ] 192.168.201.219 /api/uc.php?time=1370010680&code=7803Nqn32%2FikUj8IBmc0JMzWoawWYIsiA%2FSMgRqzTGpMwUNx1E3PN8M5jsoUSXy1tkvymsiLljrHs5IO2amFSBb1jl%2FsKDhbxy%2BJanOyAabBHaKHOoViyOc2Sn1aNemS6FuTTioJ6P1CcizABFvPo3lR616sN3XhradUVg
INFO: [ app_begin ] --START--
INFO: Run ReadHtmlCache Behavior [ RunTime:0.001205s ]
INFO: [ app_begin ] --END-- [ RunTime:0.001315s ]
NOTIC: [8] Constant UC_CLIENT_VERSION already defined D:\wwwroot\mainweb\sdk\api\UcApi\Lib\Action\IndexAction.class.php 第 4 行.
NOTIC: [8] Constant UC_CLIENT_RELEASE already defined D:\wwwroot\mainweb\sdk\api\UcApi\Lib\Action\IndexAction.class.php 第 5 行.
NOTIC: [2048] Only variables should be passed by reference D:\wwwroot\mainweb\sdk\api\UcApi\Lib\Action\IndexAction.class.php 第 63 行.
NOTIC: [8] Constant API_RETURN_FAILED already defined D:\wwwroot\mainweb\sdk\uc_client\model\note.php 第 16 行.
SQL: SHOW COLUMNS FROM `sdk_accounts` [ RunTime:0.002406s ]
SQL: SELECT * FROM `sdk_accounts` WHERE ( `account_id` = 1773 ) LIMIT 1   [ RunTime:0.000575s ]

[ 2013-05-31T22:48:30+08:00 ] 192.168.206.86 /api/uc.php?time=1370011710&code=07baDDybshP5xJtMHtFVwCw1JG%2FSEaZE7OrLK5hukqpc5UKa0vGQcQuiLNA2DRPci9r8GKf890k%2B%2BYYouqbnRneZYQjffC14xNvK78tvipiOhLwtaYQWQ9pE0kPc1xdPaPc4e4LWg9LoTYE77%2FLkQtf0aOqz8X947UA
INFO: [ app_begin ] --START--
INFO: Run ReadHtmlCache Behavior [ RunTime:0.051462s ]
INFO: [ app_begin ] --END-- [ RunTime:0.051579s ]
NOTIC: [8] Constant UC_CLIENT_VERSION already defined D:\wwwroot\mainweb\sdk\api\UcApi\Lib\Action\IndexAction.class.php 第 4 行.
NOTIC: [8] Constant UC_CLIENT_RELEASE already defined D:\wwwroot\mainweb\sdk\api\UcApi\Lib\Action\IndexAction.class.php 第 5 行.
NOTIC: [2048] Only variables should be passed by reference D:\wwwroot\mainweb\sdk\api\UcApi\Lib\Action\IndexAction.class.php 第 63 行.
NOTIC: [8] Constant API_RETURN_FAILED already defined D:\wwwroot\mainweb\sdk\uc_client\model\note.php 第 16 行.
SQL: SHOW COLUMNS FROM `sdk_accounts` [ RunTime:0.002183s ]
SQL: SELECT * FROM `sdk_accounts` WHERE ( `account_id` = 4 ) LIMIT 1   [ RunTime:0.000718s ]

[ 2013-05-31T22:53:34+08:00 ] 112.64.235.245 /api/uc.php?time=1370010212&code=f8dcA3UWUfQ0qVHu7GQEB0mTq51KmsQ4LDcYLl%2BuGrYBzfbPlbl5DNGjJnZH65wptGdEvteFsCG1N4N3Qh9DrMmilW%2BLRisHfyno%2Fli8R8dk4sewEvlM037bNsLKGH9yTVAar1dFn85LEdySUVRx7ZfulkRQE1KjOcyn
INFO: [ app_begin ] --START--
INFO: Run ReadHtmlCache Behavior [ RunTime:0.001303s ]
INFO: [ app_begin ] --END-- [ RunTime:0.001424s ]
NOTIC: [8] Constant UC_CLIENT_VERSION already defined D:\wwwroot\mainweb\sdk\api\UcApi\Lib\Action\IndexAction.class.php 第 4 行.
NOTIC: [8] Constant UC_CLIENT_RELEASE already defined D:\wwwroot\mainweb\sdk\api\UcApi\Lib\Action\IndexAction.class.php 第 5 行.
NOTIC: [2048] Only variables should be passed by reference D:\wwwroot\mainweb\sdk\api\UcApi\Lib\Action\IndexAction.class.php 第 63 行.
NOTIC: [8] Constant API_RETURN_FAILED already defined D:\wwwroot\mainweb\sdk\uc_client\model\note.php 第 16 行.
SQL: SHOW COLUMNS FROM `sdk_accounts` [ RunTime:0.002074s ]
SQL: SELECT * FROM `sdk_accounts` WHERE ( `account_id` = 3 ) LIMIT 1   [ RunTime:0.000177s ]

[ 2013-05-31T23:16:17+08:00 ] 192.168.233.66 /api/uc.php?time=1370013377&code=f4feAy9DIp2TcCQKMk7lXJ%2BBkZHQZVpCyE3Mj6zNrjSlhQwGESJzyQbfr%2BHo4WBjIgueRLiqLpwTKn68%2By7Z81R1O4dx4m4snEm4sIowUfPahXG1uDd%2FnXb5UJOYFq%2BYA3aG7wF18u1JzYBYjoZ4btvINjwC49s3KP4rLoo
INFO: [ app_begin ] --START--
INFO: Run ReadHtmlCache Behavior [ RunTime:0.001306s ]
INFO: [ app_begin ] --END-- [ RunTime:0.001403s ]
NOTIC: [8] Constant UC_CLIENT_VERSION already defined D:\wwwroot\mainweb\sdk\api\UcApi\Lib\Action\IndexAction.class.php 第 4 行.
NOTIC: [8] Constant UC_CLIENT_RELEASE already defined D:\wwwroot\mainweb\sdk\api\UcApi\Lib\Action\IndexAction.class.php 第 5 行.
NOTIC: [2048] Only variables should be passed by reference D:\wwwroot\mainweb\sdk\api\UcApi\Lib\Action\IndexAction.class.php 第 63 行.
NOTIC: [8] Constant API_RETURN_FAILED already defined D:\wwwroot\mainweb\sdk\uc_client\model\note.php 第 16 行.
SQL: SHOW COLUMNS FROM `sdk_accounts` [ RunTime:0.002273s ]
SQL: SELECT * FROM `sdk_accounts` WHERE ( `account_id` = 218 ) LIMIT 1   [ RunTime:0.000399s ]

[ 2013-05-31T23:16:25+08:00 ] 192.168.178.143 /api/uc.php?time=1370013385&code=17efjEGpTaHGieQMFLfKP5HN9zo%2F1%2Bgkf99cLGN%2B1rMn71qAytdmcU7W5Qxcyt2fcDfyjN8Da%2F%2Fo3YBjmQ
INFO: [ app_begin ] --START--
INFO: Run ReadHtmlCache Behavior [ RunTime:0.001134s ]
INFO: [ app_begin ] --END-- [ RunTime:0.001230s ]
NOTIC: [8] Constant UC_CLIENT_VERSION already defined D:\wwwroot\mainweb\sdk\api\UcApi\Lib\Action\IndexAction.class.php 第 4 行.
NOTIC: [8] Constant UC_CLIENT_RELEASE already defined D:\wwwroot\mainweb\sdk\api\UcApi\Lib\Action\IndexAction.class.php 第 5 行.
NOTIC: [2048] Only variables should be passed by reference D:\wwwroot\mainweb\sdk\api\UcApi\Lib\Action\IndexAction.class.php 第 63 行.

[ 2013-05-31T23:16:48+08:00 ] 192.168.178.143 /api/uc.php?time=1370013407&code=629fxku1qvX2CGpE1qYq0jcRrUIvrhd1aY%2B0MVvWkSiQLASnG%2FcP0ASqUTVs3wUM6q7maLiMYX5Q9FzkEzLYeo2J4eAyaFkfkzdYgOBh76P1PE6ly%2BLmYuolG7THx7UD8LxVaVV2wNgrFf42%2FBt0pjGe895djOo2MjQvWYl1
INFO: [ app_begin ] --START--
INFO: Run ReadHtmlCache Behavior [ RunTime:0.001249s ]
INFO: [ app_begin ] --END-- [ RunTime:0.001371s ]
NOTIC: [8] Constant UC_CLIENT_VERSION already defined D:\wwwroot\mainweb\sdk\api\UcApi\Lib\Action\IndexAction.class.php 第 4 行.
NOTIC: [8] Constant UC_CLIENT_RELEASE already defined D:\wwwroot\mainweb\sdk\api\UcApi\Lib\Action\IndexAction.class.php 第 5 行.
NOTIC: [2048] Only variables should be passed by reference D:\wwwroot\mainweb\sdk\api\UcApi\Lib\Action\IndexAction.class.php 第 63 行.
NOTIC: [8] Constant API_RETURN_FAILED already defined D:\wwwroot\mainweb\sdk\uc_client\model\note.php 第 16 行.
SQL: SHOW COLUMNS FROM `sdk_accounts` [ RunTime:0.002159s ]
SQL: SELECT * FROM `sdk_accounts` WHERE ( `account_id` = 11 ) LIMIT 1   [ RunTime:0.000387s ]

[ 2013-05-31T23:46:46+08:00 ] 192.168.179.163 /api/uc.php?time=1370015205&code=130e8Q04GYEgFv3%2FP2i4Uqlt9QAq8n%2BzSzyAgvqEU8WWVIK7EX4FM8SlVuOJZYahAlkXvvpd9fWrH7VI0kXfIcsOiYgdL46pHNuyQ7kQ7fbjSG4ZPa98BXVpUC2MKMlQz33fwJuAVRnT80YZ0a4eTasAuPPzBeGcoQX7
INFO: [ app_begin ] --START--
INFO: Run ReadHtmlCache Behavior [ RunTime:0.002398s ]
INFO: [ app_begin ] --END-- [ RunTime:0.002490s ]
NOTIC: [8] Constant UC_CLIENT_VERSION already defined D:\wwwroot\mainweb\sdk\api\UcApi\Lib\Action\IndexAction.class.php 第 4 行.
NOTIC: [8] Constant UC_CLIENT_RELEASE already defined D:\wwwroot\mainweb\sdk\api\UcApi\Lib\Action\IndexAction.class.php 第 5 行.
NOTIC: [2048] Only variables should be passed by reference D:\wwwroot\mainweb\sdk\api\UcApi\Lib\Action\IndexAction.class.php 第 63 行.
NOTIC: [8] Constant API_RETURN_FAILED already defined D:\wwwroot\mainweb\sdk\uc_client\model\note.php 第 16 行.
SQL: SHOW COLUMNS FROM `sdk_accounts` [ RunTime:0.002116s ]
SQL: SELECT * FROM `sdk_accounts` WHERE ( `account_id` = 462 ) LIMIT 1   [ RunTime:0.000416s ]

