[ 2013-08-15T08:31:30+08:00 ] 192.168.180.129 /api/uc.php?time=1376526690&code=a0c2kAjkNkb2glxbmM%2BlfNCDy4IyfifrFMcNh%2FAo3wANTz6kv2CJNi444jOB7iHhZEXWVPWgFHFA4Y9S08iCM896AkdGhFxv%2BZMJmn66qiExPyQC4YtfDLDaS27kZOrelj%2B1O%2BoCs4ox6xLv1eq6XmoGbZiTzgCfu7h8whMrrfIH
INFO: [ app_begin ] --START--
INFO: Run ReadHtmlCache Behavior [ RunTime:0.001461s ]
INFO: [ app_begin ] --END-- [ RunTime:0.001580s ]
NOTIC: [8] Constant UC_CLIENT_VERSION already defined D:\wwwroot\mainweb\sdk\api\UcApi\Lib\Action\IndexAction.class.php 第 4 行.
NOTIC: [8] Constant UC_CLIENT_RELEASE already defined D:\wwwroot\mainweb\sdk\api\UcApi\Lib\Action\IndexAction.class.php 第 5 行.
NOTIC: [2048] Only variables should be passed by reference D:\wwwroot\mainweb\sdk\api\UcApi\Lib\Action\IndexAction.class.php 第 63 行.
NOTIC: [8] Constant API_RETURN_FAILED already defined D:\wwwroot\mainweb\sdk\uc_client\model\note.php 第 16 行.
SQL: SHOW COLUMNS FROM `sdk_accounts` [ RunTime:0.002397s ]
SQL: SELECT * FROM `sdk_accounts` WHERE ( `account_id` = 2385 ) LIMIT 1   [ RunTime:0.000584s ]

[ 2013-08-15T09:09:40+08:00 ] 117.136.39.81 /api/uc.php?time=1376528978&code=ab1aYhTBwPMQWc2SuIso%2Fle3CtqiaVlDpsDRiLjouYH1lgmwsCQj4hmgcXsQgtKrkBWZ2dgMWfahT4BWCSkac7G0YVKu8LYREJCWDRSplv0m8IlvWGBmj%2BTzEfST5SEwnKDdMir6slFgsvuVNxpucLNjNIJaIhBnvORec9HKnpYb%2FLuLAskTkfhC6OZBTQ
INFO: [ app_begin ] --START--
INFO: Run ReadHtmlCache Behavior [ RunTime:0.001242s ]
INFO: [ app_begin ] --END-- [ RunTime:0.001335s ]
NOTIC: [8] Constant UC_CLIENT_VERSION already defined D:\wwwroot\mainweb\sdk\api\UcApi\Lib\Action\IndexAction.class.php 第 4 行.
NOTIC: [8] Constant UC_CLIENT_RELEASE already defined D:\wwwroot\mainweb\sdk\api\UcApi\Lib\Action\IndexAction.class.php 第 5 行.
NOTIC: [2048] Only variables should be passed by reference D:\wwwroot\mainweb\sdk\api\UcApi\Lib\Action\IndexAction.class.php 第 63 行.
NOTIC: [8] Constant API_RETURN_FAILED already defined D:\wwwroot\mainweb\sdk\uc_client\model\note.php 第 16 行.
SQL: SHOW COLUMNS FROM `sdk_accounts` [ RunTime:0.002172s ]
SQL: SELECT * FROM `sdk_accounts` WHERE ( `account_id` = 2398 ) LIMIT 1   [ RunTime:0.000367s ]

[ 2013-08-15T12:26:35+08:00 ] 117.136.39.83 /api/uc.php?time=1376540790&code=0e30idEFz7VxjIEr5jlGyvqO4J6YKx88GF7TtFmTnGhwc9xmC1ayTNxnU00uU96%2F6UXMAnxWfps9aFy5aA
INFO: [ app_begin ] --START--
INFO: Run ReadHtmlCache Behavior [ RunTime:0.001442s ]
INFO: [ app_begin ] --END-- [ RunTime:0.001539s ]
NOTIC: [8] Constant UC_CLIENT_VERSION already defined D:\wwwroot\mainweb\sdk\api\UcApi\Lib\Action\IndexAction.class.php 第 4 行.
NOTIC: [8] Constant UC_CLIENT_RELEASE already defined D:\wwwroot\mainweb\sdk\api\UcApi\Lib\Action\IndexAction.class.php 第 5 行.
NOTIC: [2048] Only variables should be passed by reference D:\wwwroot\mainweb\sdk\api\UcApi\Lib\Action\IndexAction.class.php 第 63 行.

[ 2013-08-15T12:29:49+08:00 ] 117.136.39.83 /api/uc.php?time=1376540989&code=88e2OjFBIxxuG%2BC4hn501m7OZWx%2F6vNXpLLdQu%2BBA4%2BgkgRrGtSyv%2BrvBXm372tFIdxt55X7JoB8wbGZWgvFfUGmadtTuS8e7yY2RUM0xNFGbUNKTKS4Rf6153phfXGR6OUgK0lyN37404ey80%2FUkEVaxVMKGfsyugH6NGJNu9hJ1cdvvJikzxbYNOPqfg
INFO: [ app_begin ] --START--
INFO: Run ReadHtmlCache Behavior [ RunTime:0.001191s ]
INFO: [ app_begin ] --END-- [ RunTime:0.001283s ]
NOTIC: [8] Constant UC_CLIENT_VERSION already defined D:\wwwroot\mainweb\sdk\api\UcApi\Lib\Action\IndexAction.class.php 第 4 行.
NOTIC: [8] Constant UC_CLIENT_RELEASE already defined D:\wwwroot\mainweb\sdk\api\UcApi\Lib\Action\IndexAction.class.php 第 5 行.
NOTIC: [2048] Only variables should be passed by reference D:\wwwroot\mainweb\sdk\api\UcApi\Lib\Action\IndexAction.class.php 第 63 行.
NOTIC: [8] Constant API_RETURN_FAILED already defined D:\wwwroot\mainweb\sdk\uc_client\model\note.php 第 16 行.
SQL: SHOW COLUMNS FROM `sdk_accounts` [ RunTime:0.002296s ]
SQL: SELECT * FROM `sdk_accounts` WHERE ( `account_id` = 2398 ) LIMIT 1   [ RunTime:0.000443s ]

[ 2013-08-15T12:32:20+08:00 ] 117.136.39.83 /api/uc.php?time=1376541137&code=fd8ffG0TLKH4sk417IXtrsd1lbfjbcRVbdncT9McGsEy8fCtreOxn6qmDJMC2SBDxD1yd9omDtt7iVX%2Bqg
INFO: [ app_begin ] --START--
INFO: Run ReadHtmlCache Behavior [ RunTime:0.001324s ]
INFO: [ app_begin ] --END-- [ RunTime:0.001588s ]
NOTIC: [8] Constant UC_CLIENT_VERSION already defined D:\wwwroot\mainweb\sdk\api\UcApi\Lib\Action\IndexAction.class.php 第 4 行.
NOTIC: [8] Constant UC_CLIENT_RELEASE already defined D:\wwwroot\mainweb\sdk\api\UcApi\Lib\Action\IndexAction.class.php 第 5 行.
NOTIC: [2048] Only variables should be passed by reference D:\wwwroot\mainweb\sdk\api\UcApi\Lib\Action\IndexAction.class.php 第 63 行.

[ 2013-08-15T12:32:57+08:00 ] 117.136.39.83 /api/uc.php?time=1376541176&code=fde82BIPFgmwLfNqHYdKZB7kbQhnletTODNvWtKhUaRpDge512SIE5%2B554reuqwlWz%2FbF3GiqbkZodnjlQ
INFO: [ app_begin ] --START--
INFO: Run ReadHtmlCache Behavior [ RunTime:0.001181s ]
INFO: [ app_begin ] --END-- [ RunTime:0.001275s ]
NOTIC: [8] Constant UC_CLIENT_VERSION already defined D:\wwwroot\mainweb\sdk\api\UcApi\Lib\Action\IndexAction.class.php 第 4 行.
NOTIC: [8] Constant UC_CLIENT_RELEASE already defined D:\wwwroot\mainweb\sdk\api\UcApi\Lib\Action\IndexAction.class.php 第 5 行.
NOTIC: [2048] Only variables should be passed by reference D:\wwwroot\mainweb\sdk\api\UcApi\Lib\Action\IndexAction.class.php 第 63 行.

[ 2013-08-15T17:58:25+08:00 ] 110.209.203.56 /api/uc.php?time=1376560705&code=b11bJcyGN6jWWF%2FzrAXy8jBa%2Fr%2FcVKFKGpCc8710YouANG3jGeckowpRG5cLpt6YVdoy65jIT9Mb64Hm4qfjcrVGSGc%2FSoMw19tc9K0Y9XHebyVE0mZcBmVwS0SbRio7ZyHJqZQhX56PsJp1mG6MnGSfrgDNTxM%2F5XFkbDbP9e4PsQ
INFO: [ app_begin ] --START--
INFO: Run ReadHtmlCache Behavior [ RunTime:0.001451s ]
INFO: [ app_begin ] --END-- [ RunTime:0.001549s ]
NOTIC: [8] Constant UC_CLIENT_VERSION already defined D:\wwwroot\mainweb\sdk\api\UcApi\Lib\Action\IndexAction.class.php 第 4 行.
NOTIC: [8] Constant UC_CLIENT_RELEASE already defined D:\wwwroot\mainweb\sdk\api\UcApi\Lib\Action\IndexAction.class.php 第 5 行.
NOTIC: [2048] Only variables should be passed by reference D:\wwwroot\mainweb\sdk\api\UcApi\Lib\Action\IndexAction.class.php 第 63 行.
NOTIC: [8] Constant API_RETURN_FAILED already defined D:\wwwroot\mainweb\sdk\uc_client\model\note.php 第 16 行.
SQL: SHOW COLUMNS FROM `sdk_accounts` [ RunTime:0.002299s ]
SQL: SELECT * FROM `sdk_accounts` WHERE ( `account_id` = 2399 ) LIMIT 1   [ RunTime:0.000525s ]
SQL: INSERT INTO `sdk_accounts` (`account_id`,`user_name`,`email`,`password`,`reg_time`) VALUES (2399,'里一一','330986464@qq.com','b3aba0d9e4a9794dea763d9a4e3a8adfb80d625a',1376560705) [ RunTime:0.000919s ]

[ 2013-08-15T17:59:20+08:00 ] 110.209.203.56 /api/uc.php?time=1376560760&code=0f32XXAhhLumViRLxLH8xg4Jv1YYqub5%2B%2Bq1f%2F4c0osB54E9N7ftclg042GuRyHmwZ80lkvWnxcy49icyvvroeW1HQcCLMXJOQM1GHQxo0GC4qgaO1xGClqqMcU5UrjFxY5OPri6d5NcdNtR4sHA9twA%2Fb0Cl7%2F090dOp8zvk9G6rw
INFO: [ app_begin ] --START--
INFO: Run ReadHtmlCache Behavior [ RunTime:0.001301s ]
INFO: [ app_begin ] --END-- [ RunTime:0.001395s ]
NOTIC: [8] Constant UC_CLIENT_VERSION already defined D:\wwwroot\mainweb\sdk\api\UcApi\Lib\Action\IndexAction.class.php 第 4 行.
NOTIC: [8] Constant UC_CLIENT_RELEASE already defined D:\wwwroot\mainweb\sdk\api\UcApi\Lib\Action\IndexAction.class.php 第 5 行.
NOTIC: [2048] Only variables should be passed by reference D:\wwwroot\mainweb\sdk\api\UcApi\Lib\Action\IndexAction.class.php 第 63 行.
NOTIC: [8] Constant API_RETURN_FAILED already defined D:\wwwroot\mainweb\sdk\uc_client\model\note.php 第 16 行.
SQL: SHOW COLUMNS FROM `sdk_accounts` [ RunTime:0.002396s ]
SQL: SELECT * FROM `sdk_accounts` WHERE ( `account_id` = 2399 ) LIMIT 1   [ RunTime:0.000565s ]

[ 2013-08-15T17:59:33+08:00 ] 110.209.203.56 /api/uc.php?time=1376560772&code=d24eP%2BsbsEY40oZ4lg5nw7unaN5X9%2BxygfDegNxqq1cEjoxzmzIXD73h4GdQtacqj9OXJXLexAzWmIWXeQ
INFO: [ app_begin ] --START--
INFO: Run ReadHtmlCache Behavior [ RunTime:0.001139s ]
INFO: [ app_begin ] --END-- [ RunTime:0.001232s ]
NOTIC: [8] Constant UC_CLIENT_VERSION already defined D:\wwwroot\mainweb\sdk\api\UcApi\Lib\Action\IndexAction.class.php 第 4 行.
NOTIC: [8] Constant UC_CLIENT_RELEASE already defined D:\wwwroot\mainweb\sdk\api\UcApi\Lib\Action\IndexAction.class.php 第 5 行.
NOTIC: [2048] Only variables should be passed by reference D:\wwwroot\mainweb\sdk\api\UcApi\Lib\Action\IndexAction.class.php 第 63 行.

[ 2013-08-15T20:05:17+08:00 ] 124.116.228.130 /api/uc.php?time=1376568315&code=9c9aNCfWYU8zgSeXDYWCJArqnF6qOG6OiUTPDY%2FsXVm%2FE1PZ0Bcqs89PdbW15%2BwMqlPxukJoDmAwd4w9EaJzo8d6jJbmyNIjOatYv0N8tHT%2ByvzqdGCSP4oPaIyS5hHXnWdt6BeHI7Cg%2BxBRlvk9OGBKoqMwedOjtU6hkq%2BXXIO%2B2IucpQ
INFO: [ app_begin ] --START--
INFO: Run ReadHtmlCache Behavior [ RunTime:0.001316s ]
INFO: [ app_begin ] --END-- [ RunTime:0.001410s ]
NOTIC: [8] Constant UC_CLIENT_VERSION already defined D:\wwwroot\mainweb\sdk\api\UcApi\Lib\Action\IndexAction.class.php 第 4 行.
NOTIC: [8] Constant UC_CLIENT_RELEASE already defined D:\wwwroot\mainweb\sdk\api\UcApi\Lib\Action\IndexAction.class.php 第 5 行.
NOTIC: [2048] Only variables should be passed by reference D:\wwwroot\mainweb\sdk\api\UcApi\Lib\Action\IndexAction.class.php 第 63 行.
NOTIC: [8] Constant API_RETURN_FAILED already defined D:\wwwroot\mainweb\sdk\uc_client\model\note.php 第 16 行.
SQL: SHOW COLUMNS FROM `sdk_accounts` [ RunTime:0.002070s ]
SQL: SELECT * FROM `sdk_accounts` WHERE ( `account_id` = 2110 ) LIMIT 1   [ RunTime:0.000438s ]

[ 2013-08-15T20:07:34+08:00 ] 124.116.228.130 /api/uc.php?time=1376568453&code=89fejE%2F8YOJl%2BwaTN6ZT0klb6osu3Vx6nwQy%2B4aSHCloSsOBc0xnNFR5ZQyNKcnuodmFcPvfqI3WX0lmBuRHWiq7YfdsUk%2BUMHPfVfHnrgGFlfOZn8chDhP4WZehGrM55%2Ft2xS4V3%2FcHti%2BhycdVngyJu4YcTobZgXBm0B87DDOTLznzZw
INFO: [ app_begin ] --START--
INFO: Run ReadHtmlCache Behavior [ RunTime:0.001449s ]
INFO: [ app_begin ] --END-- [ RunTime:0.001542s ]
NOTIC: [8] Constant UC_CLIENT_VERSION already defined D:\wwwroot\mainweb\sdk\api\UcApi\Lib\Action\IndexAction.class.php 第 4 行.
NOTIC: [8] Constant UC_CLIENT_RELEASE already defined D:\wwwroot\mainweb\sdk\api\UcApi\Lib\Action\IndexAction.class.php 第 5 行.
NOTIC: [2048] Only variables should be passed by reference D:\wwwroot\mainweb\sdk\api\UcApi\Lib\Action\IndexAction.class.php 第 63 行.
NOTIC: [8] Constant API_RETURN_FAILED already defined D:\wwwroot\mainweb\sdk\uc_client\model\note.php 第 16 行.
SQL: SHOW COLUMNS FROM `sdk_accounts` [ RunTime:0.002178s ]
SQL: SELECT * FROM `sdk_accounts` WHERE ( `account_id` = 2110 ) LIMIT 1   [ RunTime:0.000345s ]

[ 2013-08-15T20:07:53+08:00 ] 124.116.228.130 /api/uc.php?time=1376568473&code=b7369WPxjZ9e%2B9nRU%2FP3KVyrqfa9g9k0K7rXVUZ%2FJeLNAuvFjp%2BIq%2BiL1XRJ%2B3iHwUCYuWhLDwNkpA88tA
INFO: [ app_begin ] --START--
INFO: Run ReadHtmlCache Behavior [ RunTime:0.001129s ]
INFO: [ app_begin ] --END-- [ RunTime:0.001220s ]
NOTIC: [8] Constant UC_CLIENT_VERSION already defined D:\wwwroot\mainweb\sdk\api\UcApi\Lib\Action\IndexAction.class.php 第 4 行.
NOTIC: [8] Constant UC_CLIENT_RELEASE already defined D:\wwwroot\mainweb\sdk\api\UcApi\Lib\Action\IndexAction.class.php 第 5 行.
NOTIC: [2048] Only variables should be passed by reference D:\wwwroot\mainweb\sdk\api\UcApi\Lib\Action\IndexAction.class.php 第 63 行.

[ 2013-08-15T20:56:33+08:00 ] 192.168.206.70 /api/uc.php?time=1376571388&code=c55d4hepxLkeWmQbk1tFIQK5keYXInNXWr7idio2cn%2FUDsMIaRjAME5y4tQv1poWU3oeu00VWqI3%2B437ELSx1KV4z6TTgyWePrwe5qfLYV%2Fm%2FvAiMKgE5SLHcmQc3xSSggbYw2OolGXQQxDpLlwL%2FjQ7Z0WGmPphdp%2BJVCV3L50
INFO: [ app_begin ] --START--
INFO: Run ReadHtmlCache Behavior [ RunTime:0.001178s ]
INFO: [ app_begin ] --END-- [ RunTime:0.001273s ]
NOTIC: [8] Constant UC_CLIENT_VERSION already defined D:\wwwroot\mainweb\sdk\api\UcApi\Lib\Action\IndexAction.class.php 第 4 行.
NOTIC: [8] Constant UC_CLIENT_RELEASE already defined D:\wwwroot\mainweb\sdk\api\UcApi\Lib\Action\IndexAction.class.php 第 5 行.
NOTIC: [2048] Only variables should be passed by reference D:\wwwroot\mainweb\sdk\api\UcApi\Lib\Action\IndexAction.class.php 第 63 行.
NOTIC: [8] Constant API_RETURN_FAILED already defined D:\wwwroot\mainweb\sdk\uc_client\model\note.php 第 16 行.
SQL: SHOW COLUMNS FROM `sdk_accounts` [ RunTime:0.002312s ]
SQL: SELECT * FROM `sdk_accounts` WHERE ( `account_id` = 474 ) LIMIT 1   [ RunTime:0.000487s ]

[ 2013-08-15T20:57:29+08:00 ] 192.168.192.3 /api/uc.php?time=1376571449&code=c1d3FqUwrExVfmXevB%2FvSj38bnp900vVjio9HAGZkcrDfvOvG6YaxF4RygaPiyXFtNdFCbO8W%2FwAG%2FPdafOMV2idoHYW4Crj%2BG4zHOcVA3oK%2BciXCuAHxWGMmAjQutToyPKnNMyLqQMuUNw5F7C0twTvrImRy92ZCRBvG7E
INFO: [ app_begin ] --START--
INFO: Run ReadHtmlCache Behavior [ RunTime:0.001175s ]
INFO: [ app_begin ] --END-- [ RunTime:0.001269s ]
NOTIC: [8] Constant UC_CLIENT_VERSION already defined D:\wwwroot\mainweb\sdk\api\UcApi\Lib\Action\IndexAction.class.php 第 4 行.
NOTIC: [8] Constant UC_CLIENT_RELEASE already defined D:\wwwroot\mainweb\sdk\api\UcApi\Lib\Action\IndexAction.class.php 第 5 行.
NOTIC: [2048] Only variables should be passed by reference D:\wwwroot\mainweb\sdk\api\UcApi\Lib\Action\IndexAction.class.php 第 63 行.
NOTIC: [8] Constant API_RETURN_FAILED already defined D:\wwwroot\mainweb\sdk\uc_client\model\note.php 第 16 行.
SQL: SHOW COLUMNS FROM `sdk_accounts` [ RunTime:0.002410s ]
SQL: SELECT * FROM `sdk_accounts` WHERE ( `account_id` = 711 ) LIMIT 1   [ RunTime:0.000499s ]

[ 2013-08-15T21:14:13+08:00 ] 183.7.223.221 /api/uc.php?time=1376572453&code=635c8Vj1k6cvHuvOw3s5TfNpvdFSz8unKbol3V2WsRew3D0lRKfgYS2l15%2Fzultd1BdMdLPKczrDbMEpzg
INFO: [ app_begin ] --START--
INFO: Run ReadHtmlCache Behavior [ RunTime:0.001270s ]
INFO: [ app_begin ] --END-- [ RunTime:0.001363s ]
NOTIC: [8] Constant UC_CLIENT_VERSION already defined D:\wwwroot\mainweb\sdk\api\UcApi\Lib\Action\IndexAction.class.php 第 4 行.
NOTIC: [8] Constant UC_CLIENT_RELEASE already defined D:\wwwroot\mainweb\sdk\api\UcApi\Lib\Action\IndexAction.class.php 第 5 行.
NOTIC: [2048] Only variables should be passed by reference D:\wwwroot\mainweb\sdk\api\UcApi\Lib\Action\IndexAction.class.php 第 63 行.

