[ 2013-06-05T09:23:54+08:00 ] 192.168.203.132 /api/uc.php?time=1370395433&code=cce283LDBOIglDCsloIOdjIJ4zsfwO0F2TRNQFBsskehvr8qgq0KqxZovT3xPYVtlcosHpwshoXQZyIVlCSxFQFA9LoTSWd%2FDDRHB4PdfgMB0JPEyJGsmLsAivxP3VZegYW5kJ1ApcQ%2FzRK3ciadMROTuNK4%2FkXJL0I3MZ4a
INFO: [ app_begin ] --START--
INFO: Run ReadHtmlCache Behavior [ RunTime:0.001475s ]
INFO: [ app_begin ] --END-- [ RunTime:0.001568s ]
NOTIC: [8] Constant UC_CLIENT_VERSION already defined D:\wwwroot\mainweb\sdk\api\UcApi\Lib\Action\IndexAction.class.php 第 4 行.
NOTIC: [8] Constant UC_CLIENT_RELEASE already defined D:\wwwroot\mainweb\sdk\api\UcApi\Lib\Action\IndexAction.class.php 第 5 行.
NOTIC: [2048] Only variables should be passed by reference D:\wwwroot\mainweb\sdk\api\UcApi\Lib\Action\IndexAction.class.php 第 63 行.
NOTIC: [8] Constant API_RETURN_FAILED already defined D:\wwwroot\mainweb\sdk\uc_client\model\note.php 第 16 行.
SQL: SHOW COLUMNS FROM `sdk_accounts` [ RunTime:0.002438s ]
SQL: SELECT * FROM `sdk_accounts` WHERE ( `account_id` = 643 ) LIMIT 1   [ RunTime:0.000595s ]

[ 2013-06-05T09:35:00+08:00 ] 192.168.163.206 /api/uc.php?time=1370396100&code=3fed3qPx1ynlJEvaGyqYla2jbn376J5ns6PIkKnmDD5pltO9VtDv693KTTuF7rFQkGdGYrpIhOgwGr%2BPeuqDT9lRQe8f%2FAcNjC9jJhuhW1KqrL%2BbACyDz9lFlMS0hySNEUOjW6GwlvlugeH4Atek26kqVG5cnmdyU34hEoAranaHjHdOIw
INFO: [ app_begin ] --START--
INFO: Run ReadHtmlCache Behavior [ RunTime:0.001314s ]
INFO: [ app_begin ] --END-- [ RunTime:0.001406s ]
NOTIC: [8] Constant UC_CLIENT_VERSION already defined D:\wwwroot\mainweb\sdk\api\UcApi\Lib\Action\IndexAction.class.php 第 4 行.
NOTIC: [8] Constant UC_CLIENT_RELEASE already defined D:\wwwroot\mainweb\sdk\api\UcApi\Lib\Action\IndexAction.class.php 第 5 行.
NOTIC: [2048] Only variables should be passed by reference D:\wwwroot\mainweb\sdk\api\UcApi\Lib\Action\IndexAction.class.php 第 63 行.
NOTIC: [8] Constant API_RETURN_FAILED already defined D:\wwwroot\mainweb\sdk\uc_client\model\note.php 第 16 行.
SQL: SHOW COLUMNS FROM `sdk_accounts` [ RunTime:0.001830s ]
SQL: SELECT * FROM `sdk_accounts` WHERE ( `account_id` = 2089 ) LIMIT 1   [ RunTime:0.000279s ]

[ 2013-06-05T10:07:56+08:00 ] 124.160.91.82 /api/uc.php?time=1370398075&code=4476gOHBxIeD%2FFH5pY5KXzFIDJORUxIAe4UW3BMXBNrWy9xhPYp%2BxozwfDbIP9QmNDNLXxvSj1ZlXigr0el1kHElcXM2HHJAxTkfc8%2FMaY5FaAboJQLt8WCxUsq%2F7vTdb4pbX7X55%2Fh4zi%2BMFYsZXozQisYORBNxnsZ3Y6wbDbVjSJuz
INFO: [ app_begin ] --START--
INFO: Run ReadHtmlCache Behavior [ RunTime:0.001324s ]
INFO: [ app_begin ] --END-- [ RunTime:0.001417s ]
NOTIC: [8] Constant UC_CLIENT_VERSION already defined D:\wwwroot\mainweb\sdk\api\UcApi\Lib\Action\IndexAction.class.php 第 4 行.
NOTIC: [8] Constant UC_CLIENT_RELEASE already defined D:\wwwroot\mainweb\sdk\api\UcApi\Lib\Action\IndexAction.class.php 第 5 行.
NOTIC: [2048] Only variables should be passed by reference D:\wwwroot\mainweb\sdk\api\UcApi\Lib\Action\IndexAction.class.php 第 63 行.
NOTIC: [8] Constant API_RETURN_FAILED already defined D:\wwwroot\mainweb\sdk\uc_client\model\note.php 第 16 行.
SQL: SHOW COLUMNS FROM `sdk_accounts` [ RunTime:0.002090s ]
SQL: SELECT * FROM `sdk_accounts` WHERE ( `account_id` = 2307 ) LIMIT 1   [ RunTime:0.000443s ]
SQL: INSERT INTO `sdk_accounts` (`account_id`,`user_name`,`email`,`password`,`reg_time`) VALUES (2307,'cicy_caicai','ccsong@hengtiansoft.com','3a6355a1cc9e29ad9fd826fcbd66491603c0d438',1370398076) [ RunTime:0.001201s ]

[ 2013-06-05T10:09:04+08:00 ] 202.116.192.47 /api/uc.php?code=84eaS2hyVhExGodWP3yMiV8jxNDng%2F9gfsVJ3uK0XA6F30lMSJvwKo6pTQo14akwdtSdE1rA6YXMiYpi11QVdAOYEqIQ87of7RmpG%2B8XE6pPAql8&__times__=1
INFO: [ app_begin ] --START--
INFO: Run ReadHtmlCache Behavior [ RunTime:0.001654s ]
INFO: [ app_begin ] --END-- [ RunTime:0.001749s ]
NOTIC: [8] Constant UC_CLIENT_VERSION already defined D:\wwwroot\mainweb\sdk\api\UcApi\Lib\Action\IndexAction.class.php 第 4 行.
NOTIC: [8] Constant UC_CLIENT_RELEASE already defined D:\wwwroot\mainweb\sdk\api\UcApi\Lib\Action\IndexAction.class.php 第 5 行.
NOTIC: [2048] Only variables should be passed by reference D:\wwwroot\mainweb\sdk\api\UcApi\Lib\Action\IndexAction.class.php 第 63 行.

[ 2013-06-05T10:09:04+08:00 ] 124.160.91.82 /api/uc.php?time=1370398144&code=aac0FtwkKvxrOdO7Ee3U6ryaubiA20ZQHm%2BKKNT4tJLep%2BbnEJHuYUBonT3stjLs2Gffnh6FAqoCYRU%2F3jyW5jPn6VDcSKjVAL%2Fwa%2Bkwr42swXcht037Z81S9RpJMRwXjga0KX%2FD6Wk4ZeMZcyUAvu8uMYUtY8Ehvb7HlX0
INFO: [ app_begin ] --START--
INFO: Run ReadHtmlCache Behavior [ RunTime:0.001253s ]
INFO: [ app_begin ] --END-- [ RunTime:0.001346s ]
NOTIC: [8] Constant UC_CLIENT_VERSION already defined D:\wwwroot\mainweb\sdk\api\UcApi\Lib\Action\IndexAction.class.php 第 4 行.
NOTIC: [8] Constant UC_CLIENT_RELEASE already defined D:\wwwroot\mainweb\sdk\api\UcApi\Lib\Action\IndexAction.class.php 第 5 行.
NOTIC: [2048] Only variables should be passed by reference D:\wwwroot\mainweb\sdk\api\UcApi\Lib\Action\IndexAction.class.php 第 63 行.
NOTIC: [8] Constant API_RETURN_FAILED already defined D:\wwwroot\mainweb\sdk\uc_client\model\note.php 第 16 行.
SQL: SHOW COLUMNS FROM `sdk_accounts` [ RunTime:0.001951s ]
SQL: SELECT * FROM `sdk_accounts` WHERE ( `account_id` = 2307 ) LIMIT 1   [ RunTime:0.000425s ]
NOTIC: [8] Undefined index:  apph D:\wwwroot\mainweb\sdk\uc_client\model\note.php 第 169 行.
NOTIC: [8] Undefined offset:  2 D:\wwwroot\mainweb\sdk\uc_client\model\note.php 第 141 行.

[ 2013-06-05T10:34:37+08:00 ] 192.168.153.71 /api/uc.php?time=1370399676&code=60ae85WxzoEgywQUD9GpBgLtub7F6ekqieVb96hq8m1n%2FuNI88ajm%2F%2BE145LTxJPsdLNKv8c44QPMuVu80L6Rmlc4s2P2ZKsQbqkutNsc%2BcRoIgm7DAF0n5e71KvBTshbVq6OP2gZrsylvkr%2BpXo%2BAtyZbHtihbHUPBsq9PV
INFO: [ app_begin ] --START--
INFO: Run ReadHtmlCache Behavior [ RunTime:0.001255s ]
INFO: [ app_begin ] --END-- [ RunTime:0.001348s ]
NOTIC: [8] Constant UC_CLIENT_VERSION already defined D:\wwwroot\mainweb\sdk\api\UcApi\Lib\Action\IndexAction.class.php 第 4 行.
NOTIC: [8] Constant UC_CLIENT_RELEASE already defined D:\wwwroot\mainweb\sdk\api\UcApi\Lib\Action\IndexAction.class.php 第 5 行.
NOTIC: [2048] Only variables should be passed by reference D:\wwwroot\mainweb\sdk\api\UcApi\Lib\Action\IndexAction.class.php 第 63 行.
NOTIC: [8] Constant API_RETURN_FAILED already defined D:\wwwroot\mainweb\sdk\uc_client\model\note.php 第 16 行.
SQL: SHOW COLUMNS FROM `sdk_accounts` [ RunTime:0.001954s ]
SQL: SELECT * FROM `sdk_accounts` WHERE ( `account_id` = 976 ) LIMIT 1   [ RunTime:0.000505s ]

[ 2013-06-05T11:39:06+08:00 ] 192.168.194.133 /api/uc.php?time=1370403545&code=add9WkJjNSPL%2BeQRxHA3LQlB%2Fs2OwA0MmjFJKXbLw05D8%2F%2B0Q60MidHf7Zd%2B17QNXKTAvIOZHVmslETNOKFl59RuRCIJBvSlodyTm13yE5r%2B4UkVgWfeWLDgxdmZ99smNQxM3xIn%2BMlS6PCE5RztvtKPtStMsjFVSZhuz5vdTdM
INFO: [ app_begin ] --START--
INFO: Run ReadHtmlCache Behavior [ RunTime:0.001641s ]
INFO: [ app_begin ] --END-- [ RunTime:0.001734s ]
NOTIC: [8] Constant UC_CLIENT_VERSION already defined D:\wwwroot\mainweb\sdk\api\UcApi\Lib\Action\IndexAction.class.php 第 4 行.
NOTIC: [8] Constant UC_CLIENT_RELEASE already defined D:\wwwroot\mainweb\sdk\api\UcApi\Lib\Action\IndexAction.class.php 第 5 行.
NOTIC: [2048] Only variables should be passed by reference D:\wwwroot\mainweb\sdk\api\UcApi\Lib\Action\IndexAction.class.php 第 63 行.
NOTIC: [8] Constant API_RETURN_FAILED already defined D:\wwwroot\mainweb\sdk\uc_client\model\note.php 第 16 行.
SQL: SHOW COLUMNS FROM `sdk_accounts` [ RunTime:0.002479s ]
SQL: SELECT * FROM `sdk_accounts` WHERE ( `account_id` = 1459 ) LIMIT 1   [ RunTime:0.000530s ]

[ 2013-06-05T11:40:19+08:00 ] 192.168.194.133 /api/uc.php?time=1370403619&code=2a98xcLT3%2BQSueDCFkzb0eat2CR74oKQcWfcIWVvSSq83WqKMBYUstaoJJDmZ82Q3k%2BpUOCcawyMP5pbiQ
INFO: [ app_begin ] --START--
INFO: Run ReadHtmlCache Behavior [ RunTime:0.001098s ]
INFO: [ app_begin ] --END-- [ RunTime:0.001214s ]
NOTIC: [8] Constant UC_CLIENT_VERSION already defined D:\wwwroot\mainweb\sdk\api\UcApi\Lib\Action\IndexAction.class.php 第 4 行.
NOTIC: [8] Constant UC_CLIENT_RELEASE already defined D:\wwwroot\mainweb\sdk\api\UcApi\Lib\Action\IndexAction.class.php 第 5 行.
NOTIC: [2048] Only variables should be passed by reference D:\wwwroot\mainweb\sdk\api\UcApi\Lib\Action\IndexAction.class.php 第 63 行.

[ 2013-06-05T11:40:31+08:00 ] 192.168.194.133 /api/uc.php?time=1370403630&code=4b117rqqkGYPypRWtNNrJ8Uqs4msBoOimibKcpzcGD4P88zul7I5GdiAc2A1xOKJ2nE9gfaAS2MSUoKOhYoGbqx77hc4uUVGd9LtbFGXOpB4%2FHe0boWNjoOVVrV3gOtzcClrPpesoZpLFO0B6YuKH2oEeytpOG8%2BrE0%2BVHenCSw
INFO: [ app_begin ] --START--
INFO: Run ReadHtmlCache Behavior [ RunTime:0.001104s ]
INFO: [ app_begin ] --END-- [ RunTime:0.001200s ]
NOTIC: [8] Constant UC_CLIENT_VERSION already defined D:\wwwroot\mainweb\sdk\api\UcApi\Lib\Action\IndexAction.class.php 第 4 行.
NOTIC: [8] Constant UC_CLIENT_RELEASE already defined D:\wwwroot\mainweb\sdk\api\UcApi\Lib\Action\IndexAction.class.php 第 5 行.
NOTIC: [2048] Only variables should be passed by reference D:\wwwroot\mainweb\sdk\api\UcApi\Lib\Action\IndexAction.class.php 第 63 行.
NOTIC: [8] Constant API_RETURN_FAILED already defined D:\wwwroot\mainweb\sdk\uc_client\model\note.php 第 16 行.
SQL: SHOW COLUMNS FROM `sdk_accounts` [ RunTime:0.002093s ]
SQL: SELECT * FROM `sdk_accounts` WHERE ( `account_id` = 1459 ) LIMIT 1   [ RunTime:0.000251s ]

[ 2013-06-05T11:48:39+08:00 ] 172.16.100.7 /api/uc.php?time=1370404118&code=0723GQ6%2F5cFfBkgl12m3Cj9b5IfUOW6bDVcXQIrjq%2FUHaUqcifa2PPKvQhOgUCLUC8wkClaPhNyOMFDzwHEv%2BtH9Jf9n6WK7EHe8ykqMS5ACEfw3XrFRLAscx1ZxmvS%2FzYTYgOVdCinWJD1RpiU%2FLioAHJD049ymOx4u
INFO: [ app_begin ] --START--
INFO: Run ReadHtmlCache Behavior [ RunTime:0.001232s ]
INFO: [ app_begin ] --END-- [ RunTime:0.001323s ]
NOTIC: [8] Constant UC_CLIENT_VERSION already defined D:\wwwroot\mainweb\sdk\api\UcApi\Lib\Action\IndexAction.class.php 第 4 行.
NOTIC: [8] Constant UC_CLIENT_RELEASE already defined D:\wwwroot\mainweb\sdk\api\UcApi\Lib\Action\IndexAction.class.php 第 5 行.
NOTIC: [2048] Only variables should be passed by reference D:\wwwroot\mainweb\sdk\api\UcApi\Lib\Action\IndexAction.class.php 第 63 行.
NOTIC: [8] Constant API_RETURN_FAILED already defined D:\wwwroot\mainweb\sdk\uc_client\model\note.php 第 16 行.
SQL: SHOW COLUMNS FROM `sdk_accounts` [ RunTime:0.002098s ]
SQL: SELECT * FROM `sdk_accounts` WHERE ( `account_id` = 581 ) LIMIT 1   [ RunTime:0.000357s ]

[ 2013-06-05T12:08:45+08:00 ] 192.168.186.78 /api/uc.php?time=1370405325&code=b20bvJyDNXVOT8HrqgFeETqdxJmuwRvkjyqr%2FZiAYS%2FWgdCDFinOPN4TpNAADiFxCBn%2BeFUBGEudFUvfWyu7jebVvN37z3ZlGA2rldxroC4qZff%2FUaz89CUrAuPUBWog4EmeDZtQkiRNptETJjbEASvCNpwpYhmDUMyjQ%2BhnHw
INFO: [ app_begin ] --START--
INFO: Run ReadHtmlCache Behavior [ RunTime:0.001321s ]
INFO: [ app_begin ] --END-- [ RunTime:0.001416s ]
NOTIC: [8] Constant UC_CLIENT_VERSION already defined D:\wwwroot\mainweb\sdk\api\UcApi\Lib\Action\IndexAction.class.php 第 4 行.
NOTIC: [8] Constant UC_CLIENT_RELEASE already defined D:\wwwroot\mainweb\sdk\api\UcApi\Lib\Action\IndexAction.class.php 第 5 行.
NOTIC: [2048] Only variables should be passed by reference D:\wwwroot\mainweb\sdk\api\UcApi\Lib\Action\IndexAction.class.php 第 63 行.
NOTIC: [8] Constant API_RETURN_FAILED already defined D:\wwwroot\mainweb\sdk\uc_client\model\note.php 第 16 行.
SQL: SHOW COLUMNS FROM `sdk_accounts` [ RunTime:0.002150s ]
SQL: SELECT * FROM `sdk_accounts` WHERE ( `account_id` = 448 ) LIMIT 1   [ RunTime:0.000557s ]

[ 2013-06-05T12:20:00+08:00 ] 192.168.200.211 /api/uc.php?time=1370405999&code=85e7ZYbNRun9F7bN3ARY3pSxvSNh78idiGWX6xhNmmoW75dFBRkdhryWIJ%2FsfDHJC4hBlHgoW%2BzQCiyxTH8qLflYTNPiWNI9CZrfuwkgAS8oEQeQ53USNOQGfrKWXHTSAsApuLVXFK7hOcVODPOkr5PXkxbTGdXvkSYvEIoqQ5wEihpz46omHg
INFO: [ app_begin ] --START--
INFO: Run ReadHtmlCache Behavior [ RunTime:0.001271s ]
INFO: [ app_begin ] --END-- [ RunTime:0.001366s ]
NOTIC: [8] Constant UC_CLIENT_VERSION already defined D:\wwwroot\mainweb\sdk\api\UcApi\Lib\Action\IndexAction.class.php 第 4 行.
NOTIC: [8] Constant UC_CLIENT_RELEASE already defined D:\wwwroot\mainweb\sdk\api\UcApi\Lib\Action\IndexAction.class.php 第 5 行.
NOTIC: [2048] Only variables should be passed by reference D:\wwwroot\mainweb\sdk\api\UcApi\Lib\Action\IndexAction.class.php 第 63 行.
NOTIC: [8] Constant API_RETURN_FAILED already defined D:\wwwroot\mainweb\sdk\uc_client\model\note.php 第 16 行.
SQL: SHOW COLUMNS FROM `sdk_accounts` [ RunTime:0.002375s ]
SQL: SELECT * FROM `sdk_accounts` WHERE ( `account_id` = 1686 ) LIMIT 1   [ RunTime:0.000533s ]

[ 2013-06-05T12:20:34+08:00 ] 192.168.160.77 /api/uc.php?time=1370406034&code=96ec8leaDyibJ5molrWxPcyl%2BFj3WE4sjN3YVOM2u1dzen4U7qGvXawReIAIapHp3rRwP%2F5ec1A2iYX%2Brktt9M%2B%2BuNuCsBY3PyEc%2BVZGNbH5LIRYC27wDBmW58LTgp4llpyIj1IBLyKi8naBX2kZR72KsuxgjmjNGn7g8FXVht5N
INFO: [ app_begin ] --START--
INFO: Run ReadHtmlCache Behavior [ RunTime:0.000902s ]
INFO: [ app_begin ] --END-- [ RunTime:0.000996s ]
NOTIC: [8] Constant UC_CLIENT_VERSION already defined D:\wwwroot\mainweb\sdk\api\UcApi\Lib\Action\IndexAction.class.php 第 4 行.
NOTIC: [8] Constant UC_CLIENT_RELEASE already defined D:\wwwroot\mainweb\sdk\api\UcApi\Lib\Action\IndexAction.class.php 第 5 行.
NOTIC: [2048] Only variables should be passed by reference D:\wwwroot\mainweb\sdk\api\UcApi\Lib\Action\IndexAction.class.php 第 63 行.
NOTIC: [8] Constant API_RETURN_FAILED already defined D:\wwwroot\mainweb\sdk\uc_client\model\note.php 第 16 行.
SQL: SHOW COLUMNS FROM `sdk_accounts` [ RunTime:0.008586s ]
SQL: SELECT * FROM `sdk_accounts` WHERE ( `account_id` = 926 ) LIMIT 1   [ RunTime:0.001685s ]

[ 2013-06-05T12:20:39+08:00 ] 192.168.160.77 /api/uc.php?time=1370406039&code=59ceEcxbFJmE3ZD7rI7PEpxV9WuLUFYrt12aFQICuLpo5Jr6nFmUGzkmiVzM8KQhvgNQO9MC6%2BMl4jnaBQ
INFO: [ app_begin ] --START--
INFO: Run ReadHtmlCache Behavior [ RunTime:0.001147s ]
INFO: [ app_begin ] --END-- [ RunTime:0.001238s ]
NOTIC: [8] Constant UC_CLIENT_VERSION already defined D:\wwwroot\mainweb\sdk\api\UcApi\Lib\Action\IndexAction.class.php 第 4 行.
NOTIC: [8] Constant UC_CLIENT_RELEASE already defined D:\wwwroot\mainweb\sdk\api\UcApi\Lib\Action\IndexAction.class.php 第 5 行.
NOTIC: [2048] Only variables should be passed by reference D:\wwwroot\mainweb\sdk\api\UcApi\Lib\Action\IndexAction.class.php 第 63 行.

[ 2013-06-05T12:27:00+08:00 ] 192.168.136.4 /api/uc.php?time=1370406419&code=f92a2NwWLUApbUd9k1GCW4c%2FdZBwFRrT%2F9xn3dW5Woiov0Xfr3ut5JVh2UgWftPBWCH5H4ys77LfgnQsLfC2L6tD2pLaiNnZgPgDjaQTzjIgachkp0pMdIaZg9IbGjrNU77vNFUUOX%2BSPJKgdUV%2BOsQ3Hf2KUMC%2FWJLSw6QUORxZDw
INFO: [ app_begin ] --START--
INFO: Run ReadHtmlCache Behavior [ RunTime:0.001261s ]
INFO: [ app_begin ] --END-- [ RunTime:0.001354s ]
NOTIC: [8] Constant UC_CLIENT_VERSION already defined D:\wwwroot\mainweb\sdk\api\UcApi\Lib\Action\IndexAction.class.php 第 4 行.
NOTIC: [8] Constant UC_CLIENT_RELEASE already defined D:\wwwroot\mainweb\sdk\api\UcApi\Lib\Action\IndexAction.class.php 第 5 行.
NOTIC: [2048] Only variables should be passed by reference D:\wwwroot\mainweb\sdk\api\UcApi\Lib\Action\IndexAction.class.php 第 63 行.
NOTIC: [8] Constant API_RETURN_FAILED already defined D:\wwwroot\mainweb\sdk\uc_client\model\note.php 第 16 行.
SQL: SHOW COLUMNS FROM `sdk_accounts` [ RunTime:0.001846s ]
SQL: SELECT * FROM `sdk_accounts` WHERE ( `account_id` = 562 ) LIMIT 1   [ RunTime:0.000456s ]

[ 2013-06-05T13:03:48+08:00 ] 192.168.181.78 /api/uc.php?time=1370408628&code=971ayWerjXlMK3WffvQB5zwcJysiO%2FNRX5IiIXWJn2n43KOvTQGJg3UectXPABBnYELYnIDOACXdHd9dBU3KFpmysbzIubCnaBeLGCobAKVKEtaHLB21jvY%2FKYQhlKjcb%2FkJkXOedRWVG495UaWCGULB9kIbOitRTT9JQuQGs%2FLVJXpCOwX%2FQg
INFO: [ app_begin ] --START--
INFO: Run ReadHtmlCache Behavior [ RunTime:0.001537s ]
INFO: [ app_begin ] --END-- [ RunTime:0.001630s ]
NOTIC: [8] Constant UC_CLIENT_VERSION already defined D:\wwwroot\mainweb\sdk\api\UcApi\Lib\Action\IndexAction.class.php 第 4 行.
NOTIC: [8] Constant UC_CLIENT_RELEASE already defined D:\wwwroot\mainweb\sdk\api\UcApi\Lib\Action\IndexAction.class.php 第 5 行.
NOTIC: [2048] Only variables should be passed by reference D:\wwwroot\mainweb\sdk\api\UcApi\Lib\Action\IndexAction.class.php 第 63 行.
NOTIC: [8] Constant API_RETURN_FAILED already defined D:\wwwroot\mainweb\sdk\uc_client\model\note.php 第 16 行.
SQL: SHOW COLUMNS FROM `sdk_accounts` [ RunTime:0.002215s ]
SQL: SELECT * FROM `sdk_accounts` WHERE ( `account_id` = 1943 ) LIMIT 1   [ RunTime:0.000316s ]

[ 2013-06-05T13:09:35+08:00 ] 192.168.201.88 /api/uc.php?time=1370408975&code=9d9b7Mm%2FqJU0g3EIzt0zb6KipLP3K6Z1LTZfmGdwhPTzmAMXx%2BuTSXPKX6U%2B%2FgNpc683N3HHbbVcbjBUjf6HNgN3LcWKA3wvuRfBQCSVeC%2BMuKrJSsmvfUevEkn1tJuy0GyAhmUAxc%2FgEcgTK%2BXL9R5cf%2BBDEH8n62GAs4RU
INFO: [ app_begin ] --START--
INFO: Run ReadHtmlCache Behavior [ RunTime:0.001236s ]
INFO: [ app_begin ] --END-- [ RunTime:0.001329s ]
NOTIC: [8] Constant UC_CLIENT_VERSION already defined D:\wwwroot\mainweb\sdk\api\UcApi\Lib\Action\IndexAction.class.php 第 4 行.
NOTIC: [8] Constant UC_CLIENT_RELEASE already defined D:\wwwroot\mainweb\sdk\api\UcApi\Lib\Action\IndexAction.class.php 第 5 行.
NOTIC: [2048] Only variables should be passed by reference D:\wwwroot\mainweb\sdk\api\UcApi\Lib\Action\IndexAction.class.php 第 63 行.
NOTIC: [8] Constant API_RETURN_FAILED already defined D:\wwwroot\mainweb\sdk\uc_client\model\note.php 第 16 行.
SQL: SHOW COLUMNS FROM `sdk_accounts` [ RunTime:0.001989s ]
SQL: SELECT * FROM `sdk_accounts` WHERE ( `account_id` = 1701 ) LIMIT 1   [ RunTime:0.000389s ]

[ 2013-06-05T13:31:20+08:00 ] 192.168.192.215 /api/uc.php?time=1370410280&code=f67aYCRODRD3XZaI%2BsCv9HIM9LoCd8tfISQWucozHwArfocAoxWh0MJm%2BOVJ49qp5L%2BGIjQWzvZYtlMJhoEdo5og4GIzuL6fQ3GDmcjgxHKn9cXF%2BBroyNDOhoPIFXFakmSn4F2vjPaa84vGDLC7wb%2F7kVUCO3IsNmRPoPf7
INFO: [ app_begin ] --START--
INFO: Run ReadHtmlCache Behavior [ RunTime:0.001194s ]
INFO: [ app_begin ] --END-- [ RunTime:0.001294s ]
NOTIC: [8] Constant UC_CLIENT_VERSION already defined D:\wwwroot\mainweb\sdk\api\UcApi\Lib\Action\IndexAction.class.php 第 4 行.
NOTIC: [8] Constant UC_CLIENT_RELEASE already defined D:\wwwroot\mainweb\sdk\api\UcApi\Lib\Action\IndexAction.class.php 第 5 行.
NOTIC: [2048] Only variables should be passed by reference D:\wwwroot\mainweb\sdk\api\UcApi\Lib\Action\IndexAction.class.php 第 63 行.
NOTIC: [8] Constant API_RETURN_FAILED already defined D:\wwwroot\mainweb\sdk\uc_client\model\note.php 第 16 行.
SQL: SHOW COLUMNS FROM `sdk_accounts` [ RunTime:0.002215s ]
SQL: SELECT * FROM `sdk_accounts` WHERE ( `account_id` = 2226 ) LIMIT 1   [ RunTime:0.000564s ]

[ 2013-06-05T13:33:48+08:00 ] 101.226.33.201 /api/uc.php?time=1370408628&code=971ayWerjXlMK3WffvQB5zwcJysiO%2FNRX5IiIXWJn2n43KOvTQGJg3UectXPABBnYELYnIDOACXdHd9dBU3KFpmysbzIubCnaBeLGCobAKVKEtaHLB21jvY%2FKYQhlKjcb%2FkJkXOedRWVG495UaWCGULB9kIbOitRTT9JQuQGs%2FLVJXpCOwX%2FQg
INFO: [ app_begin ] --START--
INFO: Run ReadHtmlCache Behavior [ RunTime:0.000898s ]
INFO: [ app_begin ] --END-- [ RunTime:0.000989s ]
NOTIC: [8] Constant UC_CLIENT_VERSION already defined D:\wwwroot\mainweb\sdk\api\UcApi\Lib\Action\IndexAction.class.php 第 4 行.
NOTIC: [8] Constant UC_CLIENT_RELEASE already defined D:\wwwroot\mainweb\sdk\api\UcApi\Lib\Action\IndexAction.class.php 第 5 行.
NOTIC: [2048] Only variables should be passed by reference D:\wwwroot\mainweb\sdk\api\UcApi\Lib\Action\IndexAction.class.php 第 63 行.
NOTIC: [8] Constant API_RETURN_FAILED already defined D:\wwwroot\mainweb\sdk\uc_client\model\note.php 第 16 行.
SQL: SHOW COLUMNS FROM `sdk_accounts` [ RunTime:0.001990s ]
SQL: SELECT * FROM `sdk_accounts` WHERE ( `account_id` = 1943 ) LIMIT 1   [ RunTime:0.000253s ]

[ 2013-06-05T13:36:34+08:00 ] 192.168.203.212 /api/uc.php?time=1370410594&code=f01eDg8QYqQgeZxgiBD2gBicDaCXflcSaf3XaUpOIottG8Qmql5TURC4a2OTr3T8XL9p7IkgzcmvcwSc8W5pe%2BR%2BqwRf2SR7hE5tu1HxhuJZVmOoBsGwuSww7fR8FmX%2Bcf8%2FspbaKPYS4%2B5o9Ewsu6W95X8XbqL0qR%2B1
INFO: [ app_begin ] --START--
INFO: Run ReadHtmlCache Behavior [ RunTime:0.000935s ]
INFO: [ app_begin ] --END-- [ RunTime:0.001029s ]
NOTIC: [8] Constant UC_CLIENT_VERSION already defined D:\wwwroot\mainweb\sdk\api\UcApi\Lib\Action\IndexAction.class.php 第 4 行.
NOTIC: [8] Constant UC_CLIENT_RELEASE already defined D:\wwwroot\mainweb\sdk\api\UcApi\Lib\Action\IndexAction.class.php 第 5 行.
NOTIC: [2048] Only variables should be passed by reference D:\wwwroot\mainweb\sdk\api\UcApi\Lib\Action\IndexAction.class.php 第 63 行.
NOTIC: [8] Constant API_RETURN_FAILED already defined D:\wwwroot\mainweb\sdk\uc_client\model\note.php 第 16 行.
SQL: SHOW COLUMNS FROM `sdk_accounts` [ RunTime:0.002081s ]
SQL: SELECT * FROM `sdk_accounts` WHERE ( `account_id` = 425 ) LIMIT 1   [ RunTime:0.000591s ]

[ 2013-06-05T13:48:03+08:00 ] 192.168.136.141 /api/uc.php?time=1370411283&code=8a51HdhQCjtzuxWUW3NSpegRj8ZBYbLmV8UPveorhaxF9HtfhWz4%2B4bqjFDu0x7NbazBiu4veb%2BCWWoOQuAGiSUFxQOZq4RiWGjO2ubBQkdMXJtMGsjQuB0mMvmpqZDdlngIfLgD1QImCF3YftR%2FC79WEfMuns6r9YVJfcurw13LRA
INFO: [ app_begin ] --START--
INFO: Run ReadHtmlCache Behavior [ RunTime:0.000960s ]
INFO: [ app_begin ] --END-- [ RunTime:0.001054s ]
NOTIC: [8] Constant UC_CLIENT_VERSION already defined D:\wwwroot\mainweb\sdk\api\UcApi\Lib\Action\IndexAction.class.php 第 4 行.
NOTIC: [8] Constant UC_CLIENT_RELEASE already defined D:\wwwroot\mainweb\sdk\api\UcApi\Lib\Action\IndexAction.class.php 第 5 行.
NOTIC: [2048] Only variables should be passed by reference D:\wwwroot\mainweb\sdk\api\UcApi\Lib\Action\IndexAction.class.php 第 63 行.
NOTIC: [8] Constant API_RETURN_FAILED already defined D:\wwwroot\mainweb\sdk\uc_client\model\note.php 第 16 行.
SQL: SHOW COLUMNS FROM `sdk_accounts` [ RunTime:0.002280s ]
SQL: SELECT * FROM `sdk_accounts` WHERE ( `account_id` = 1560 ) LIMIT 1   [ RunTime:0.000420s ]

[ 2013-06-05T15:07:53+08:00 ] 59.41.94.53 /api/uc.php?time=1370416072&code=faf7EvXHd2xB2V8ZRj7HGxlbzOyoNRQhWikOx%2B3suAjgNQaG18T9HcLL3bVGZ6hbzCb3mgwgy3EqqowFLyOPralaxnr65pkHvvObmg1Aw2XaLOajdQE%2FTlHsJVjhhXlXPgyD6f1kHVndmWYf7MUMMRO5sNbG1IkV1EASlMmVANpY6Q
INFO: [ app_begin ] --START--
INFO: Run ReadHtmlCache Behavior [ RunTime:0.001415s ]
INFO: [ app_begin ] --END-- [ RunTime:0.001530s ]
NOTIC: [8] Constant UC_CLIENT_VERSION already defined D:\wwwroot\mainweb\sdk\api\UcApi\Lib\Action\IndexAction.class.php 第 4 行.
NOTIC: [8] Constant UC_CLIENT_RELEASE already defined D:\wwwroot\mainweb\sdk\api\UcApi\Lib\Action\IndexAction.class.php 第 5 行.
NOTIC: [2048] Only variables should be passed by reference D:\wwwroot\mainweb\sdk\api\UcApi\Lib\Action\IndexAction.class.php 第 63 行.
NOTIC: [8] Constant API_RETURN_FAILED already defined D:\wwwroot\mainweb\sdk\uc_client\model\note.php 第 16 行.
SQL: SHOW COLUMNS FROM `sdk_accounts` [ RunTime:0.002528s ]
SQL: SELECT * FROM `sdk_accounts` WHERE ( `account_id` = 1238 ) LIMIT 1   [ RunTime:0.000446s ]

[ 2013-06-05T15:36:26+08:00 ] 192.168.184.4 /api/uc.php?time=1370417785&code=d63dAbQIu9VcC8Rc%2BVvI8DyBDBkFKpiPWe5WDSJixeVUe44xkbXq%2Fd62RlfScsLx01fqjWu0AkacoBgS9v5fZPK7EcY%2F4rcBOzJJFbY1xPzN5ittXfd%2BE4mSCrvYrukvTQ94mHD5V2XBzA%2Bb6TIVU6o%2BHGQ4LGY6MJjkqaIMYDCZ
INFO: [ app_begin ] --START--
INFO: Run ReadHtmlCache Behavior [ RunTime:0.001199s ]
INFO: [ app_begin ] --END-- [ RunTime:0.001292s ]
NOTIC: [8] Constant UC_CLIENT_VERSION already defined D:\wwwroot\mainweb\sdk\api\UcApi\Lib\Action\IndexAction.class.php 第 4 行.
NOTIC: [8] Constant UC_CLIENT_RELEASE already defined D:\wwwroot\mainweb\sdk\api\UcApi\Lib\Action\IndexAction.class.php 第 5 行.
NOTIC: [2048] Only variables should be passed by reference D:\wwwroot\mainweb\sdk\api\UcApi\Lib\Action\IndexAction.class.php 第 63 行.
NOTIC: [8] Constant API_RETURN_FAILED already defined D:\wwwroot\mainweb\sdk\uc_client\model\note.php 第 16 行.
SQL: SHOW COLUMNS FROM `sdk_accounts` [ RunTime:0.002280s ]
SQL: SELECT * FROM `sdk_accounts` WHERE ( `account_id` = 1664 ) LIMIT 1   [ RunTime:0.000458s ]
SQL: INSERT INTO `sdk_accounts` (`account_id`,`user_name`,`email`,`password`,`reg_time`) VALUES (1664,'bb930628','490276095@qq.com','8ed4e2771c63a064840baeed85e0485017f01cfc',1370417786) [ RunTime:0.001184s ]

[ 2013-06-05T15:36:35+08:00 ] 192.168.184.4 /api/uc.php?time=1370417794&code=0443YrSYHNOMHuL3czpuPtbGOph4Rnzyy9%2Bp7n15o3j6%2FAqo4RC%2BoLTtQEbgtFEOvHleE%2FT4OT4%2F2RRKYRliNO2GnJwiAQczmIowRIOaxHNaGHo%2FHZne1QWOFt5driZV6n7qK3DHQa7vV6KbzuU77YFwC8p4yKbRvidp%2B5m1mOWw
INFO: [ app_begin ] --START--
INFO: Run ReadHtmlCache Behavior [ RunTime:0.001132s ]
INFO: [ app_begin ] --END-- [ RunTime:0.001226s ]
NOTIC: [8] Constant UC_CLIENT_VERSION already defined D:\wwwroot\mainweb\sdk\api\UcApi\Lib\Action\IndexAction.class.php 第 4 行.
NOTIC: [8] Constant UC_CLIENT_RELEASE already defined D:\wwwroot\mainweb\sdk\api\UcApi\Lib\Action\IndexAction.class.php 第 5 行.
NOTIC: [2048] Only variables should be passed by reference D:\wwwroot\mainweb\sdk\api\UcApi\Lib\Action\IndexAction.class.php 第 63 行.
NOTIC: [8] Constant API_RETURN_FAILED already defined D:\wwwroot\mainweb\sdk\uc_client\model\note.php 第 16 行.
SQL: SHOW COLUMNS FROM `sdk_accounts` [ RunTime:0.001983s ]
SQL: SELECT * FROM `sdk_accounts` WHERE ( `account_id` = 1664 ) LIMIT 1   [ RunTime:0.000578s ]

[ 2013-06-05T15:51:05+08:00 ] 192.168.204.43 /api/uc.php?time=1370418665&code=84edwWYYG0A4zDiKAIsidIeaYoCbkVjAF9zfQY6iSgyoJZGdIzGyTZ2alzztqBImjA8jbUKEdyO46TFeobM%2F3fLH3V0qbIpV%2F96RKKHPrh%2BaQlXH94y8cKIBkTTu%2BnSOij5q5Zq7cF38C2dds488Z5OGews7hycoW%2BIsUbM
INFO: [ app_begin ] --START--
INFO: Run ReadHtmlCache Behavior [ RunTime:0.001280s ]
INFO: [ app_begin ] --END-- [ RunTime:0.001384s ]
NOTIC: [8] Constant UC_CLIENT_VERSION already defined D:\wwwroot\mainweb\sdk\api\UcApi\Lib\Action\IndexAction.class.php 第 4 行.
NOTIC: [8] Constant UC_CLIENT_RELEASE already defined D:\wwwroot\mainweb\sdk\api\UcApi\Lib\Action\IndexAction.class.php 第 5 行.
NOTIC: [2048] Only variables should be passed by reference D:\wwwroot\mainweb\sdk\api\UcApi\Lib\Action\IndexAction.class.php 第 63 行.
NOTIC: [8] Constant API_RETURN_FAILED already defined D:\wwwroot\mainweb\sdk\uc_client\model\note.php 第 16 行.
SQL: SHOW COLUMNS FROM `sdk_accounts` [ RunTime:0.002079s ]
SQL: SELECT * FROM `sdk_accounts` WHERE ( `account_id` = 107 ) LIMIT 1   [ RunTime:0.000361s ]

[ 2013-06-05T16:02:54+08:00 ] 192.168.165.75 /api/uc.php?time=1370419374&code=a89edNf52CfABgHaWrX2y5zS8c4n%2F4d72Qk8hRimne217nWzL925QYooOrDEssvlcHeKg%2Fy0h74Td0hbnnrR53AWA8CEbJ38uzPEyRAaTeyDU28gX8dEuhL069WSQKNazkzPrdYgEmeUcVAX7XMyqq8kDtaPp6B6xEYydw
INFO: [ app_begin ] --START--
INFO: Run ReadHtmlCache Behavior [ RunTime:0.001514s ]
INFO: [ app_begin ] --END-- [ RunTime:0.001611s ]
NOTIC: [8] Constant UC_CLIENT_VERSION already defined D:\wwwroot\mainweb\sdk\api\UcApi\Lib\Action\IndexAction.class.php 第 4 行.
NOTIC: [8] Constant UC_CLIENT_RELEASE already defined D:\wwwroot\mainweb\sdk\api\UcApi\Lib\Action\IndexAction.class.php 第 5 行.
NOTIC: [2048] Only variables should be passed by reference D:\wwwroot\mainweb\sdk\api\UcApi\Lib\Action\IndexAction.class.php 第 63 行.
NOTIC: [8] Constant API_RETURN_FAILED already defined D:\wwwroot\mainweb\sdk\uc_client\model\note.php 第 16 行.
SQL: SHOW COLUMNS FROM `sdk_accounts` [ RunTime:0.002336s ]
SQL: SELECT * FROM `sdk_accounts` WHERE ( `account_id` = 1331 ) LIMIT 1   [ RunTime:0.000552s ]

[ 2013-06-05T16:04:51+08:00 ] 192.168.201.194 /api/uc.php?time=1370419491&code=168eCkUdmT8P7ZTPeYCs6yRm3ZyFgzXTuyzwvbEy0tyHzvkTbCoXbrkoNXTPzJhDK9PmzOL%2BaGkVPMxy2gld6gyQrvolJSs1YVrdoHYvHWhGoeHUX0TY42WsRkDVuQc7X6IFL3TB4PLo8iJ%2BGGbehmR8x0BQS7OPhbRyaxfm
INFO: [ app_begin ] --START--
INFO: Run ReadHtmlCache Behavior [ RunTime:0.001298s ]
INFO: [ app_begin ] --END-- [ RunTime:0.001392s ]
NOTIC: [8] Constant UC_CLIENT_VERSION already defined D:\wwwroot\mainweb\sdk\api\UcApi\Lib\Action\IndexAction.class.php 第 4 行.
NOTIC: [8] Constant UC_CLIENT_RELEASE already defined D:\wwwroot\mainweb\sdk\api\UcApi\Lib\Action\IndexAction.class.php 第 5 行.
NOTIC: [2048] Only variables should be passed by reference D:\wwwroot\mainweb\sdk\api\UcApi\Lib\Action\IndexAction.class.php 第 63 行.
NOTIC: [8] Constant API_RETURN_FAILED already defined D:\wwwroot\mainweb\sdk\uc_client\model\note.php 第 16 行.
SQL: SHOW COLUMNS FROM `sdk_accounts` [ RunTime:0.002431s ]
SQL: SELECT * FROM `sdk_accounts` WHERE ( `account_id` = 2308 ) LIMIT 1   [ RunTime:0.000507s ]
SQL: INSERT INTO `sdk_accounts` (`account_id`,`user_name`,`email`,`password`,`reg_time`) VALUES (2308,'kemic','snoxy@126.com','ab0e0f24bc493580dc4bafe001fbaea0b3a1684b',1370419491) [ RunTime:0.000476s ]

[ 2013-06-05T16:05:20+08:00 ] 192.168.201.194 /api/uc.php?time=1370419520&code=ab80l%2FtQXDSNVz0V8SjsuFVfLDnzcKC4uz64RIcH%2BVWw8eV2nOOcdetdAfQt6pfaqB6cNW750EYtxvWVMXnoCxnMpOPOfPIyaLR5BKeRlZW7tk8neRGiDFuKnUgh2Qk9XX4l00aXsgN4E55rlGTUlcBDZapOanDYe%2F01GsIo
INFO: [ app_begin ] --START--
INFO: Run ReadHtmlCache Behavior [ RunTime:0.001320s ]
INFO: [ app_begin ] --END-- [ RunTime:0.001419s ]
NOTIC: [8] Constant UC_CLIENT_VERSION already defined D:\wwwroot\mainweb\sdk\api\UcApi\Lib\Action\IndexAction.class.php 第 4 行.
NOTIC: [8] Constant UC_CLIENT_RELEASE already defined D:\wwwroot\mainweb\sdk\api\UcApi\Lib\Action\IndexAction.class.php 第 5 行.
NOTIC: [2048] Only variables should be passed by reference D:\wwwroot\mainweb\sdk\api\UcApi\Lib\Action\IndexAction.class.php 第 63 行.
NOTIC: [8] Constant API_RETURN_FAILED already defined D:\wwwroot\mainweb\sdk\uc_client\model\note.php 第 16 行.
SQL: SHOW COLUMNS FROM `sdk_accounts` [ RunTime:0.002272s ]
SQL: SELECT * FROM `sdk_accounts` WHERE ( `account_id` = 2308 ) LIMIT 1   [ RunTime:0.000515s ]

[ 2013-06-05T16:52:06+08:00 ] 192.168.192.77 /api/uc.php?time=1370422325&code=2b3fz9yL3%2F5VkxfionbVJLJpzfj%2FnqmvxOmrWRRnS2H4VdNpJPMnYpxOe7jGgrC6k1S6wFLfZIPFg62JgR4%2F29fW8gHx26SD1Zc%2ByOdgyxJ3DtFLZWIqEpYQ8JFM1Ek9TtshQZFHNTYLK55EoWb9gbkd%2FYT8%2Bp%2Bz3MI9DDtVPA
INFO: [ app_begin ] --START--
INFO: Run ReadHtmlCache Behavior [ RunTime:0.001335s ]
INFO: [ app_begin ] --END-- [ RunTime:0.001428s ]
NOTIC: [8] Constant UC_CLIENT_VERSION already defined D:\wwwroot\mainweb\sdk\api\UcApi\Lib\Action\IndexAction.class.php 第 4 行.
NOTIC: [8] Constant UC_CLIENT_RELEASE already defined D:\wwwroot\mainweb\sdk\api\UcApi\Lib\Action\IndexAction.class.php 第 5 行.
NOTIC: [2048] Only variables should be passed by reference D:\wwwroot\mainweb\sdk\api\UcApi\Lib\Action\IndexAction.class.php 第 63 行.
NOTIC: [8] Constant API_RETURN_FAILED already defined D:\wwwroot\mainweb\sdk\uc_client\model\note.php 第 16 行.
SQL: SHOW COLUMNS FROM `sdk_accounts` [ RunTime:0.002124s ]
SQL: SELECT * FROM `sdk_accounts` WHERE ( `account_id` = 1817 ) LIMIT 1   [ RunTime:0.000305s ]

[ 2013-06-05T16:59:24+08:00 ] 192.168.145.204 /api/uc.php?time=1370422764&code=4353utHINoqVycS0%2FrmFnKlYuBUnBISjZKfy4MsvQCvXR13eyr2TAxL4nOe2KMsSXBz9dgun5afIwPyjok5%2BowSQP11GW7ZEmJwCP9lWRjHsT8CA%2FNKRaBbmf4e95ME1vw%2FA%2BqNY%2Bsf%2BNtrTXaye%2FqFPpIRW3D3E3q1jMS4vWQ
INFO: [ app_begin ] --START--
INFO: Run ReadHtmlCache Behavior [ RunTime:0.001267s ]
INFO: [ app_begin ] --END-- [ RunTime:0.001361s ]
NOTIC: [8] Constant UC_CLIENT_VERSION already defined D:\wwwroot\mainweb\sdk\api\UcApi\Lib\Action\IndexAction.class.php 第 4 行.
NOTIC: [8] Constant UC_CLIENT_RELEASE already defined D:\wwwroot\mainweb\sdk\api\UcApi\Lib\Action\IndexAction.class.php 第 5 行.
NOTIC: [2048] Only variables should be passed by reference D:\wwwroot\mainweb\sdk\api\UcApi\Lib\Action\IndexAction.class.php 第 63 行.
NOTIC: [8] Constant API_RETURN_FAILED already defined D:\wwwroot\mainweb\sdk\uc_client\model\note.php 第 16 行.
SQL: SHOW COLUMNS FROM `sdk_accounts` [ RunTime:0.002122s ]
SQL: SELECT * FROM `sdk_accounts` WHERE ( `account_id` = 1728 ) LIMIT 1   [ RunTime:0.000380s ]

[ 2013-06-05T17:09:52+08:00 ] 192.168.160.91 /api/uc.php?time=1370423392&code=add55g6D9G1q5mWNs2HLXR6uJ9eCFc7G36zf%2Fv40MgEKKQhG%2B4mFJ%2FbjmkzvYlLmOpatXSRNtmLy3DnJUx3WGNOHDph%2FtfUOETOHG%2FgZNoml7HRpBIpNaz0rxGsvZDO6a%2F%2BbRFN%2BlI8Q6P%2FXTXIa1F%2BPXuQogaHUrtQqV6PIjQ
INFO: [ app_begin ] --START--
INFO: Run ReadHtmlCache Behavior [ RunTime:0.000872s ]
INFO: [ app_begin ] --END-- [ RunTime:0.000961s ]
NOTIC: [8] Constant UC_CLIENT_VERSION already defined D:\wwwroot\mainweb\sdk\api\UcApi\Lib\Action\IndexAction.class.php 第 4 行.
NOTIC: [8] Constant UC_CLIENT_RELEASE already defined D:\wwwroot\mainweb\sdk\api\UcApi\Lib\Action\IndexAction.class.php 第 5 行.
NOTIC: [2048] Only variables should be passed by reference D:\wwwroot\mainweb\sdk\api\UcApi\Lib\Action\IndexAction.class.php 第 63 行.
NOTIC: [8] Constant API_RETURN_FAILED already defined D:\wwwroot\mainweb\sdk\uc_client\model\note.php 第 16 行.
SQL: SHOW COLUMNS FROM `sdk_accounts` [ RunTime:0.002405s ]
SQL: SELECT * FROM `sdk_accounts` WHERE ( `account_id` = 2198 ) LIMIT 1   [ RunTime:0.000346s ]

[ 2013-06-05T17:17:36+08:00 ] 192.168.164.77 /api/uc.php?time=1370423855&code=263c6YVBUUAPR9GaeMwZfNrOtdf877jGxQ4SaNHVR%2FL54PSsvuwHiUNMa5fvlcFhRmRvd4px9vu6ZR7EKrcRJ2HhhWBgK4IVlvqnvoDAQ%2FQAC0MiG%2FdF%2BnLLX1jMZr%2B%2FwmEoPiIwX7NCRENMcad3F75g5%2BBFeSnVmatVpEzMabVmKw
INFO: [ app_begin ] --START--
INFO: Run ReadHtmlCache Behavior [ RunTime:0.001332s ]
INFO: [ app_begin ] --END-- [ RunTime:0.001424s ]
NOTIC: [8] Constant UC_CLIENT_VERSION already defined D:\wwwroot\mainweb\sdk\api\UcApi\Lib\Action\IndexAction.class.php 第 4 行.
NOTIC: [8] Constant UC_CLIENT_RELEASE already defined D:\wwwroot\mainweb\sdk\api\UcApi\Lib\Action\IndexAction.class.php 第 5 行.
NOTIC: [2048] Only variables should be passed by reference D:\wwwroot\mainweb\sdk\api\UcApi\Lib\Action\IndexAction.class.php 第 63 行.
NOTIC: [8] Constant API_RETURN_FAILED already defined D:\wwwroot\mainweb\sdk\uc_client\model\note.php 第 16 行.
SQL: SHOW COLUMNS FROM `sdk_accounts` [ RunTime:0.001899s ]
SQL: SELECT * FROM `sdk_accounts` WHERE ( `account_id` = 1913 ) LIMIT 1   [ RunTime:0.000300s ]

[ 2013-06-05T17:31:45+08:00 ] 192.168.203.214 /api/uc.php?time=1370424704&code=fc2d6KJLh3V%2FGUXMFCbhfnB0HmcijDFqxt%2BoCeK7AEjUOfO7SDChsYteVLZflBIfKVN3ZlBv7eG53Tg7V2FUHM85t8J9W6PweaYKNzaXYdhFvZlVsoGvW3Vpfr3RmrNs7W4jl6cGmr0MrfQvuJVJMQOlLQlu58l%2BARWTlLqZFlMRYA
INFO: [ app_begin ] --START--
INFO: Run ReadHtmlCache Behavior [ RunTime:0.001333s ]
INFO: [ app_begin ] --END-- [ RunTime:0.001425s ]
NOTIC: [8] Constant UC_CLIENT_VERSION already defined D:\wwwroot\mainweb\sdk\api\UcApi\Lib\Action\IndexAction.class.php 第 4 行.
NOTIC: [8] Constant UC_CLIENT_RELEASE already defined D:\wwwroot\mainweb\sdk\api\UcApi\Lib\Action\IndexAction.class.php 第 5 行.
NOTIC: [2048] Only variables should be passed by reference D:\wwwroot\mainweb\sdk\api\UcApi\Lib\Action\IndexAction.class.php 第 63 行.
NOTIC: [8] Constant API_RETURN_FAILED already defined D:\wwwroot\mainweb\sdk\uc_client\model\note.php 第 16 行.
SQL: SHOW COLUMNS FROM `sdk_accounts` [ RunTime:0.001884s ]
SQL: SELECT * FROM `sdk_accounts` WHERE ( `account_id` = 2126 ) LIMIT 1   [ RunTime:0.000307s ]

[ 2013-06-05T17:42:45+08:00 ] 192.168.138.199 /api/uc.php?time=1370425365&code=0fc19j8lJkgaiX0d5Vwa0gpYUnhKF6W%2BLxYTpPXmtQ7k0p%2BRAIIEs%2Fatan1SxO0oUQtsWb7PvKBhAwgrDJco%2F1V4tViKX75LCrB30NoyNrmUacCHMR2C0do2dAWsYc1Ai8j86yFeHAxfgKl8HIGET%2BBhg3e4D8sXLUMfHwHoaiiYnsk
INFO: [ app_begin ] --START--
INFO: Run ReadHtmlCache Behavior [ RunTime:0.001124s ]
INFO: [ app_begin ] --END-- [ RunTime:0.001216s ]
NOTIC: [8] Constant UC_CLIENT_VERSION already defined D:\wwwroot\mainweb\sdk\api\UcApi\Lib\Action\IndexAction.class.php 第 4 行.
NOTIC: [8] Constant UC_CLIENT_RELEASE already defined D:\wwwroot\mainweb\sdk\api\UcApi\Lib\Action\IndexAction.class.php 第 5 行.
NOTIC: [2048] Only variables should be passed by reference D:\wwwroot\mainweb\sdk\api\UcApi\Lib\Action\IndexAction.class.php 第 63 行.
NOTIC: [8] Constant API_RETURN_FAILED already defined D:\wwwroot\mainweb\sdk\uc_client\model\note.php 第 16 行.
SQL: SHOW COLUMNS FROM `sdk_accounts` [ RunTime:0.002266s ]
SQL: SELECT * FROM `sdk_accounts` WHERE ( `account_id` = 768 ) LIMIT 1   [ RunTime:0.000469s ]

[ 2013-06-05T18:01:52+08:00 ] 192.168.199.133 /api/uc.php?time=1370426512&code=e229l9p9NHnGbb3mAi71ZETrW7rXgylGr6UPQHAHqXuWbOkCvsfljNXNF%2BXDwUmrsyxKQ500pk5SZrjzuC5cKNBSYpEH31oSYThTwLDG4UkGWtlmjNYSy%2FkpteLE7zS7cMgVPhPJyS4lt%2BAIJZAkZY0QOp0TiqN53%2B%2FTyVkIiMir
INFO: [ app_begin ] --START--
INFO: Run ReadHtmlCache Behavior [ RunTime:0.001119s ]
INFO: [ app_begin ] --END-- [ RunTime:0.001210s ]
NOTIC: [8] Constant UC_CLIENT_VERSION already defined D:\wwwroot\mainweb\sdk\api\UcApi\Lib\Action\IndexAction.class.php 第 4 行.
NOTIC: [8] Constant UC_CLIENT_RELEASE already defined D:\wwwroot\mainweb\sdk\api\UcApi\Lib\Action\IndexAction.class.php 第 5 行.
NOTIC: [2048] Only variables should be passed by reference D:\wwwroot\mainweb\sdk\api\UcApi\Lib\Action\IndexAction.class.php 第 63 行.
NOTIC: [8] Constant API_RETURN_FAILED already defined D:\wwwroot\mainweb\sdk\uc_client\model\note.php 第 16 行.
SQL: SHOW COLUMNS FROM `sdk_accounts` [ RunTime:0.002103s ]
SQL: SELECT * FROM `sdk_accounts` WHERE ( `account_id` = 2309 ) LIMIT 1   [ RunTime:0.000465s ]
SQL: INSERT INTO `sdk_accounts` (`account_id`,`user_name`,`email`,`password`,`reg_time`) VALUES (2309,'gwtester','gwtester@126.com','fb9d7180bcf3ecb6ec62e0266f9b953dcdff7ef4',1370426512) [ RunTime:0.000694s ]

[ 2013-06-05T18:03:45+08:00 ] 192.168.199.133 /api/uc.php?time=1370426625&code=2c0ctb8ZUBlqMxpHUVTcyeZEnbVWDvpuSYe%2BHWtjfwXiGNwswBPsGhQarxFiXZtJ9tbFD2UWd%2FiWyZIbDQ
INFO: [ app_begin ] --START--
INFO: Run ReadHtmlCache Behavior [ RunTime:0.000884s ]
INFO: [ app_begin ] --END-- [ RunTime:0.000975s ]
NOTIC: [8] Constant UC_CLIENT_VERSION already defined D:\wwwroot\mainweb\sdk\api\UcApi\Lib\Action\IndexAction.class.php 第 4 行.
NOTIC: [8] Constant UC_CLIENT_RELEASE already defined D:\wwwroot\mainweb\sdk\api\UcApi\Lib\Action\IndexAction.class.php 第 5 行.
NOTIC: [2048] Only variables should be passed by reference D:\wwwroot\mainweb\sdk\api\UcApi\Lib\Action\IndexAction.class.php 第 63 行.

[ 2013-06-05T18:03:55+08:00 ] 202.116.192.47 /api/uc.php?code=1e5eJEI%2F4A8yrKA1uzaVHsG%2BpnhvIRN2HiEr6sM4CvBhNE6M%2B40PTc%2B96dBYtM8qEPKMw4z8c%2FWGiSLYsSMSoMMpDGZh%2Bj78vvKH%2FUXqKYfNS5SRfGx%2BJwpgVq%2BfSu9ZU8WdngxNc3vNCjZ6gQ&__times__=1
INFO: [ app_begin ] --START--
INFO: Run ReadHtmlCache Behavior [ RunTime:0.001125s ]
INFO: [ app_begin ] --END-- [ RunTime:0.001216s ]
NOTIC: [8] Constant UC_CLIENT_VERSION already defined D:\wwwroot\mainweb\sdk\api\UcApi\Lib\Action\IndexAction.class.php 第 4 行.
NOTIC: [8] Constant UC_CLIENT_RELEASE already defined D:\wwwroot\mainweb\sdk\api\UcApi\Lib\Action\IndexAction.class.php 第 5 行.
NOTIC: [2048] Only variables should be passed by reference D:\wwwroot\mainweb\sdk\api\UcApi\Lib\Action\IndexAction.class.php 第 63 行.

[ 2013-06-05T18:03:55+08:00 ] 192.168.199.133 /api/uc.php?time=1370426635&code=467c6%2BimgZRETnMkXO6QSuoLpBnMXWMHHT0nvJO4dALRfHUXNZ06Qdx9SIyTtrO%2FJmJJZBtrEqrN266uFdirhFRDVuz7zfEzW%2BbRLP%2BQQQF2uNBhZqXn%2FSmrxsJ2f2uBj6wtVUWRVRcR4oyGrVQhuTBOUsg%2BzHN%2B8VtYvGp08nKGbw
INFO: [ app_begin ] --START--
INFO: Run ReadHtmlCache Behavior [ RunTime:0.001308s ]
INFO: [ app_begin ] --END-- [ RunTime:0.001402s ]
NOTIC: [8] Constant UC_CLIENT_VERSION already defined D:\wwwroot\mainweb\sdk\api\UcApi\Lib\Action\IndexAction.class.php 第 4 行.
NOTIC: [8] Constant UC_CLIENT_RELEASE already defined D:\wwwroot\mainweb\sdk\api\UcApi\Lib\Action\IndexAction.class.php 第 5 行.
NOTIC: [2048] Only variables should be passed by reference D:\wwwroot\mainweb\sdk\api\UcApi\Lib\Action\IndexAction.class.php 第 63 行.
NOTIC: [8] Constant API_RETURN_FAILED already defined D:\wwwroot\mainweb\sdk\uc_client\model\note.php 第 16 行.
SQL: SHOW COLUMNS FROM `sdk_accounts` [ RunTime:0.001914s ]
SQL: SELECT * FROM `sdk_accounts` WHERE ( `account_id` = 2309 ) LIMIT 1   [ RunTime:0.000468s ]
NOTIC: [8] Undefined index:  apph D:\wwwroot\mainweb\sdk\uc_client\model\note.php 第 169 行.
NOTIC: [8] Undefined offset:  2 D:\wwwroot\mainweb\sdk\uc_client\model\note.php 第 141 行.

[ 2013-06-05T18:07:22+08:00 ] 119.147.146.118 /api/uc.php?time=1370424704&code=fc2d6kjlh3v%2fguxmfcbhfnb0hmcijdfqxt%2bocek7aejuofo7sdchsytevlzflbifkvn3zlbv7eg53tg7v2fuhm85t8j9w6pweayknzaxydhfvzlvsogvw3vpfr3rmrns7w4jl6cgmr0mrfqvujvjmqollqlu58l%2barwtllqzflmrya
INFO: [ app_begin ] --START--
INFO: Run ReadHtmlCache Behavior [ RunTime:0.001273s ]
INFO: [ app_begin ] --END-- [ RunTime:0.001367s ]
NOTIC: [8] Constant UC_CLIENT_VERSION already defined D:\wwwroot\mainweb\sdk\api\UcApi\Lib\Action\IndexAction.class.php 第 4 行.
NOTIC: [8] Constant UC_CLIENT_RELEASE already defined D:\wwwroot\mainweb\sdk\api\UcApi\Lib\Action\IndexAction.class.php 第 5 行.
NOTIC: [8] Undefined index:  time D:\wwwroot\mainweb\sdk\api\UcApi\Lib\Action\IndexAction.class.php 第 54 行.

[ 2013-06-05T18:11:42+08:00 ] 202.116.192.47 /api/uc.php?code=2bbcqOsXUNkm1VGcJExIJpjK%2F2tqfttErdtezpejuMhz0uiUj5%2BlKwWd87%2FC64T7Zt%2FINA%2FoE2pXJ5843ZLtipMYiNyeuiGNrzb1LguW8vNNj4guaaB5hASrwITAumnB02zqykmVEa61i65h4o4Z&__times__=1
INFO: [ app_begin ] --START--
INFO: Run ReadHtmlCache Behavior [ RunTime:0.001108s ]
INFO: [ app_begin ] --END-- [ RunTime:0.001207s ]
NOTIC: [8] Constant UC_CLIENT_VERSION already defined D:\wwwroot\mainweb\sdk\api\UcApi\Lib\Action\IndexAction.class.php 第 4 行.
NOTIC: [8] Constant UC_CLIENT_RELEASE already defined D:\wwwroot\mainweb\sdk\api\UcApi\Lib\Action\IndexAction.class.php 第 5 行.
NOTIC: [2048] Only variables should be passed by reference D:\wwwroot\mainweb\sdk\api\UcApi\Lib\Action\IndexAction.class.php 第 63 行.

[ 2013-06-05T18:11:42+08:00 ] 192.168.164.207 /api/uc.php?time=1370427102&code=61dc5Ju3RfkNlyvoxEWBzIPz3Awr1LbcTAUVQsGm2KZ%2FPmpZrWNK41S7zfzFqOztObR87Ypo75R7mOxkwan%2ByE%2B54rXOilq8s3wG77xFt1RaDRQh3QI3Rm2IPDie7fxwKDxtpws5MVXtlNY6VQ2CxHjcUwwJviDqgfgE8%2Fh4Qw
INFO: [ app_begin ] --START--
INFO: Run ReadHtmlCache Behavior [ RunTime:0.002050s ]
INFO: [ app_begin ] --END-- [ RunTime:0.002145s ]
NOTIC: [8] Constant UC_CLIENT_VERSION already defined D:\wwwroot\mainweb\sdk\api\UcApi\Lib\Action\IndexAction.class.php 第 4 行.
NOTIC: [8] Constant UC_CLIENT_RELEASE already defined D:\wwwroot\mainweb\sdk\api\UcApi\Lib\Action\IndexAction.class.php 第 5 行.
NOTIC: [2048] Only variables should be passed by reference D:\wwwroot\mainweb\sdk\api\UcApi\Lib\Action\IndexAction.class.php 第 63 行.
NOTIC: [8] Constant API_RETURN_FAILED already defined D:\wwwroot\mainweb\sdk\uc_client\model\note.php 第 16 行.
SQL: SHOW COLUMNS FROM `sdk_accounts` [ RunTime:0.002366s ]
SQL: SELECT * FROM `sdk_accounts` WHERE ( `account_id` = 1079 ) LIMIT 1   [ RunTime:0.000516s ]
NOTIC: [8] Undefined index:  apph D:\wwwroot\mainweb\sdk\uc_client\model\note.php 第 169 行.
NOTIC: [8] Undefined offset:  2 D:\wwwroot\mainweb\sdk\uc_client\model\note.php 第 141 行.

[ 2013-06-05T18:21:51+08:00 ] 202.116.192.47 /api/uc.php?code=a121fssOWuwzT1EN%2BHAIMz2wJ5X5XK1HQQOpmV7EU3Ktytc7K8rasNDii%2BjBm2W7P3flafcmujy0JD8gaIClNKgs3udTSkcjkpv2oZrJOm7MYl8oHwFwcmdNgjvCaPgboProafINLmTRDpxzKg&__times__=1
INFO: [ app_begin ] --START--
INFO: Run ReadHtmlCache Behavior [ RunTime:0.000750s ]
INFO: [ app_begin ] --END-- [ RunTime:0.000842s ]
NOTIC: [8] Constant UC_CLIENT_VERSION already defined D:\wwwroot\mainweb\sdk\api\UcApi\Lib\Action\IndexAction.class.php 第 4 行.
NOTIC: [8] Constant UC_CLIENT_RELEASE already defined D:\wwwroot\mainweb\sdk\api\UcApi\Lib\Action\IndexAction.class.php 第 5 行.
NOTIC: [2048] Only variables should be passed by reference D:\wwwroot\mainweb\sdk\api\UcApi\Lib\Action\IndexAction.class.php 第 63 行.

[ 2013-06-05T18:21:51+08:00 ] 192.168.164.210 /api/uc.php?time=1370427710&code=d2eaPGudE8Y3PcXK9B08r3ziaSbVa%2FlZusDRYzdvJq%2BWIDk%2B91F5%2BdYQw23NmlrlKFySpwxk3%2F4TyGjaK8W97dJR0Ob6X6ZfxfwH4b1JTktZy9rGsjOv1IneZvfxcQPRQH4bnjGonCjMV17thCU3QxAhlttFNv86qLiYOh50uVH8Gh0
INFO: [ app_begin ] --START--
INFO: Run ReadHtmlCache Behavior [ RunTime:0.000914s ]
INFO: [ app_begin ] --END-- [ RunTime:0.001006s ]
NOTIC: [8] Constant UC_CLIENT_VERSION already defined D:\wwwroot\mainweb\sdk\api\UcApi\Lib\Action\IndexAction.class.php 第 4 行.
NOTIC: [8] Constant UC_CLIENT_RELEASE already defined D:\wwwroot\mainweb\sdk\api\UcApi\Lib\Action\IndexAction.class.php 第 5 行.
NOTIC: [2048] Only variables should be passed by reference D:\wwwroot\mainweb\sdk\api\UcApi\Lib\Action\IndexAction.class.php 第 63 行.
NOTIC: [8] Constant API_RETURN_FAILED already defined D:\wwwroot\mainweb\sdk\uc_client\model\note.php 第 16 行.
SQL: SHOW COLUMNS FROM `sdk_accounts` [ RunTime:0.002071s ]
SQL: SELECT * FROM `sdk_accounts` WHERE ( `account_id` = 2290 ) LIMIT 1   [ RunTime:0.000427s ]
SQL: INSERT INTO `sdk_accounts` (`account_id`,`user_name`,`email`,`password`,`reg_time`) VALUES (2290,'lwz8323630','624321497@qq.com','ba6f59c992b2036f6a23e92b25eb3a0321130ef7',1370427711) [ RunTime:0.000627s ]
NOTIC: [8] Undefined index:  apph D:\wwwroot\mainweb\sdk\uc_client\model\note.php 第 169 行.
NOTIC: [8] Undefined offset:  2 D:\wwwroot\mainweb\sdk\uc_client\model\note.php 第 141 行.

[ 2013-06-05T18:34:10+08:00 ] 202.116.192.47 /api/uc.php?code=04d8o1pbv1V2g0MIiEZb9%2BoZGeId%2B%2BvweedqF7Qd%2BlSaZrhlL3wjpDzhZjSzh%2BimkhPzUr9TyCiTI%2Ba5TRRlx7rFq9JPqFUFiYcuW4IUztgZvFc&__times__=1
INFO: [ app_begin ] --START--
INFO: Run ReadHtmlCache Behavior [ RunTime:0.001088s ]
INFO: [ app_begin ] --END-- [ RunTime:0.001181s ]
NOTIC: [8] Constant UC_CLIENT_VERSION already defined D:\wwwroot\mainweb\sdk\api\UcApi\Lib\Action\IndexAction.class.php 第 4 行.
NOTIC: [8] Constant UC_CLIENT_RELEASE already defined D:\wwwroot\mainweb\sdk\api\UcApi\Lib\Action\IndexAction.class.php 第 5 行.
NOTIC: [2048] Only variables should be passed by reference D:\wwwroot\mainweb\sdk\api\UcApi\Lib\Action\IndexAction.class.php 第 63 行.

[ 2013-06-05T18:34:10+08:00 ] 192.168.141.8 /api/uc.php?time=1370428450&code=9153yWNwUHRdlt6mQuV%2BVDqWChIAVONeqh3gosb98GtHmRciQZ3F7QwZ9U6TDsvItY7w7iV1mBI8es38yzkAaH%2BoZfnR2yQawR0kM0V5tFwOheyZOOSlOmkGXBGsWbocOhQu4H0jDFZPREr3A5Pq%2F21OFkirjt%2BIYaGitXg
INFO: [ app_begin ] --START--
INFO: Run ReadHtmlCache Behavior [ RunTime:0.000907s ]
INFO: [ app_begin ] --END-- [ RunTime:0.001001s ]
NOTIC: [8] Constant UC_CLIENT_VERSION already defined D:\wwwroot\mainweb\sdk\api\UcApi\Lib\Action\IndexAction.class.php 第 4 行.
NOTIC: [8] Constant UC_CLIENT_RELEASE already defined D:\wwwroot\mainweb\sdk\api\UcApi\Lib\Action\IndexAction.class.php 第 5 行.
NOTIC: [2048] Only variables should be passed by reference D:\wwwroot\mainweb\sdk\api\UcApi\Lib\Action\IndexAction.class.php 第 63 行.
NOTIC: [8] Constant API_RETURN_FAILED already defined D:\wwwroot\mainweb\sdk\uc_client\model\note.php 第 16 行.
SQL: SHOW COLUMNS FROM `sdk_accounts` [ RunTime:0.002507s ]
SQL: SELECT * FROM `sdk_accounts` WHERE ( `account_id` = 783 ) LIMIT 1   [ RunTime:0.001344s ]
NOTIC: [8] Undefined index:  apph D:\wwwroot\mainweb\sdk\uc_client\model\note.php 第 169 行.
NOTIC: [8] Undefined offset:  2 D:\wwwroot\mainweb\sdk\uc_client\model\note.php 第 141 行.

[ 2013-06-05T18:51:00+08:00 ] 172.16.137.212 /api/uc.php?time=1370429460&code=24b1coROfkb0pPOjFV0NrUb5mb5AdgZULMjcnZ7QGKs6WVFdmLLnIocHsIlOikkQ4ypjD%2FaFXjpI%2FvpUwddEA6wfowOxi5qmjuf%2BMNrDfZza8wXlnpJ%2Bh2Mvaofw0chO4qVK87aKnF3o19ikOPKSFsO1fVWiy04y9gzOsfOlWw
INFO: [ app_begin ] --START--
INFO: Run ReadHtmlCache Behavior [ RunTime:0.001167s ]
INFO: [ app_begin ] --END-- [ RunTime:0.001260s ]
NOTIC: [8] Constant UC_CLIENT_VERSION already defined D:\wwwroot\mainweb\sdk\api\UcApi\Lib\Action\IndexAction.class.php 第 4 行.
NOTIC: [8] Constant UC_CLIENT_RELEASE already defined D:\wwwroot\mainweb\sdk\api\UcApi\Lib\Action\IndexAction.class.php 第 5 行.
NOTIC: [2048] Only variables should be passed by reference D:\wwwroot\mainweb\sdk\api\UcApi\Lib\Action\IndexAction.class.php 第 63 行.
NOTIC: [8] Constant API_RETURN_FAILED already defined D:\wwwroot\mainweb\sdk\uc_client\model\note.php 第 16 行.
SQL: SHOW COLUMNS FROM `sdk_accounts` [ RunTime:0.001997s ]
SQL: SELECT * FROM `sdk_accounts` WHERE ( `account_id` = 339 ) LIMIT 1   [ RunTime:0.000456s ]

[ 2013-06-05T19:19:29+08:00 ] 192.168.202.9 /api/uc.php?time=1370431168&code=cc5do24kbhvoUJK0et7aTmjL8jZgcnQI90Xw9uGfNpU6nmr1QBghpmX82WU7QONqN1XE9JbVaYpCXCVBjHyDmJOGr1xEvsRMDWnkzBzBlT5aCGg%2FGwgeH6HJuy7SbKs7hxdAr81poC%2FRxlOHS9kMrgZ3GOEali5k%2Fj9EYTJgbi2t
INFO: [ app_begin ] --START--
INFO: Run ReadHtmlCache Behavior [ RunTime:0.001207s ]
INFO: [ app_begin ] --END-- [ RunTime:0.001301s ]
NOTIC: [8] Constant UC_CLIENT_VERSION already defined D:\wwwroot\mainweb\sdk\api\UcApi\Lib\Action\IndexAction.class.php 第 4 行.
NOTIC: [8] Constant UC_CLIENT_RELEASE already defined D:\wwwroot\mainweb\sdk\api\UcApi\Lib\Action\IndexAction.class.php 第 5 行.
NOTIC: [2048] Only variables should be passed by reference D:\wwwroot\mainweb\sdk\api\UcApi\Lib\Action\IndexAction.class.php 第 63 行.
NOTIC: [8] Constant API_RETURN_FAILED already defined D:\wwwroot\mainweb\sdk\uc_client\model\note.php 第 16 行.
SQL: SHOW COLUMNS FROM `sdk_accounts` [ RunTime:0.002509s ]
SQL: SELECT * FROM `sdk_accounts` WHERE ( `account_id` = 2283 ) LIMIT 1   [ RunTime:0.000698s ]

[ 2013-06-05T20:40:47+08:00 ] 172.16.137.110 /api/uc.php?time=1370436047&code=0358ETtGoFoAlSk%2F5dVR1H%2FU%2FAxrD1ljSqGJunZG6835qM04p%2FRFDJRZryKEQedmn1EfElgy7bVgRvoX0If5dOg2wsVYf3t5SfI4tZezjYmyhDu0LkC197T2Bwh0rEtfOTQpczfPxKEpBGWr8MOIBSigLTU7GC6S%2F6QFKyr5kg
INFO: [ app_begin ] --START--
INFO: Run ReadHtmlCache Behavior [ RunTime:0.000920s ]
INFO: [ app_begin ] --END-- [ RunTime:0.001013s ]
NOTIC: [8] Constant UC_CLIENT_VERSION already defined D:\wwwroot\mainweb\sdk\api\UcApi\Lib\Action\IndexAction.class.php 第 4 行.
NOTIC: [8] Constant UC_CLIENT_RELEASE already defined D:\wwwroot\mainweb\sdk\api\UcApi\Lib\Action\IndexAction.class.php 第 5 行.
NOTIC: [2048] Only variables should be passed by reference D:\wwwroot\mainweb\sdk\api\UcApi\Lib\Action\IndexAction.class.php 第 63 行.
NOTIC: [8] Constant API_RETURN_FAILED already defined D:\wwwroot\mainweb\sdk\uc_client\model\note.php 第 16 行.
SQL: SHOW COLUMNS FROM `sdk_accounts` [ RunTime:0.001897s ]
SQL: SELECT * FROM `sdk_accounts` WHERE ( `account_id` = 339 ) LIMIT 1   [ RunTime:0.000280s ]

[ 2013-06-05T21:50:14+08:00 ] 192.168.170.89 /api/uc.php?time=1370440208&code=0cabiS4quy9oUPZfHMJ2ejKdA5L2qsVHJb%2F81OoFtIRs0H6o1uLxRMatA2P75J7kOPbZNEH9T1bBtxtSKdqUlPcO3VtAZdrx5sRwhuxRGZMayPYkOSJ8oKGrXJ00dRuv4c08%2BGc5M7%2Bal6tF1LlMehxEXHsN0zJg9bpxjFjOAHBWN3nkIOhcMQ
INFO: [ app_begin ] --START--
INFO: Run ReadHtmlCache Behavior [ RunTime:0.001247s ]
INFO: [ app_begin ] --END-- [ RunTime:0.001342s ]
NOTIC: [8] Constant UC_CLIENT_VERSION already defined D:\wwwroot\mainweb\sdk\api\UcApi\Lib\Action\IndexAction.class.php 第 4 行.
NOTIC: [8] Constant UC_CLIENT_RELEASE already defined D:\wwwroot\mainweb\sdk\api\UcApi\Lib\Action\IndexAction.class.php 第 5 行.
NOTIC: [2048] Only variables should be passed by reference D:\wwwroot\mainweb\sdk\api\UcApi\Lib\Action\IndexAction.class.php 第 63 行.
NOTIC: [8] Constant API_RETURN_FAILED already defined D:\wwwroot\mainweb\sdk\uc_client\model\note.php 第 16 行.
SQL: SHOW COLUMNS FROM `sdk_accounts` [ RunTime:0.002168s ]
SQL: SELECT * FROM `sdk_accounts` WHERE ( `account_id` = 1596 ) LIMIT 1   [ RunTime:0.000475s ]

[ 2013-06-05T21:55:59+08:00 ] 192.168.158.155 /api/uc.php?time=1370440559&code=bac0AWM4ch6NSJoeSO37W8Can1ZcQkqyhicsxd%2FBu0rWtZzhZpSBqLMM45BRLhzWd6p2fvbVupMI3O8xsLSx03eJ43THxIW%2Be1xE%2F1PdjwtbyvzEcjH92YV%2FbXhBx8hA23TyBEYY%2B463ltdZoqbVT9mNLTdHq94v9w%2Bi85U1GQ
INFO: [ app_begin ] --START--
INFO: Run ReadHtmlCache Behavior [ RunTime:0.001214s ]
INFO: [ app_begin ] --END-- [ RunTime:0.001303s ]
NOTIC: [8] Constant UC_CLIENT_VERSION already defined D:\wwwroot\mainweb\sdk\api\UcApi\Lib\Action\IndexAction.class.php 第 4 行.
NOTIC: [8] Constant UC_CLIENT_RELEASE already defined D:\wwwroot\mainweb\sdk\api\UcApi\Lib\Action\IndexAction.class.php 第 5 行.
NOTIC: [2048] Only variables should be passed by reference D:\wwwroot\mainweb\sdk\api\UcApi\Lib\Action\IndexAction.class.php 第 63 行.
NOTIC: [8] Constant API_RETURN_FAILED already defined D:\wwwroot\mainweb\sdk\uc_client\model\note.php 第 16 行.
SQL: SHOW COLUMNS FROM `sdk_accounts` [ RunTime:0.001988s ]
SQL: SELECT * FROM `sdk_accounts` WHERE ( `account_id` = 1035 ) LIMIT 1   [ RunTime:0.000306s ]

[ 2013-06-05T22:03:50+08:00 ] 172.16.137.110 /api/uc.php?time=1370441030&code=35b8u3szAhOcz3Mf35pr6Rv88LBveLdZuZfV4zO8dbHtOfquVewxIcshu9kabyM0aQnfadG2Cpy3LhpBFpnMhlupeJjWjbwojv2g46UhuAJE9WcnyH5RzgEe%2FdeMcS%2BIoxv1scGNQFLT1ikHjpc4JnSvdmXjABLM2jEGMabwiA
INFO: [ app_begin ] --START--
INFO: Run ReadHtmlCache Behavior [ RunTime:0.000953s ]
INFO: [ app_begin ] --END-- [ RunTime:0.001050s ]
NOTIC: [8] Constant UC_CLIENT_VERSION already defined D:\wwwroot\mainweb\sdk\api\UcApi\Lib\Action\IndexAction.class.php 第 4 行.
NOTIC: [8] Constant UC_CLIENT_RELEASE already defined D:\wwwroot\mainweb\sdk\api\UcApi\Lib\Action\IndexAction.class.php 第 5 行.
NOTIC: [2048] Only variables should be passed by reference D:\wwwroot\mainweb\sdk\api\UcApi\Lib\Action\IndexAction.class.php 第 63 行.
NOTIC: [8] Constant API_RETURN_FAILED already defined D:\wwwroot\mainweb\sdk\uc_client\model\note.php 第 16 行.
SQL: SHOW COLUMNS FROM `sdk_accounts` [ RunTime:0.003037s ]
SQL: SELECT * FROM `sdk_accounts` WHERE ( `account_id` = 339 ) LIMIT 1   [ RunTime:0.000274s ]

[ 2013-06-05T22:24:32+08:00 ] 192.168.147.66 /api/uc.php?time=1370442272&code=7851%2FB%2F%2FghXWYQsCp2Mmwgp5K39FNuZBPvYkD2pLKuxxNXJ15kIhje6Qgo5GbW5QDUNpsgiWWol82tPIC29eaQSCAV7aIIB4N4zhwuTiLNch%2FkfU%2FsEvAYjZYEKMkEbijinPwCUVF%2Be9emTv6gj8yAHgN8bE5Dn8dGVvMiw
INFO: [ app_begin ] --START--
INFO: Run ReadHtmlCache Behavior [ RunTime:0.001281s ]
INFO: [ app_begin ] --END-- [ RunTime:0.001373s ]
NOTIC: [8] Constant UC_CLIENT_VERSION already defined D:\wwwroot\mainweb\sdk\api\UcApi\Lib\Action\IndexAction.class.php 第 4 行.
NOTIC: [8] Constant UC_CLIENT_RELEASE already defined D:\wwwroot\mainweb\sdk\api\UcApi\Lib\Action\IndexAction.class.php 第 5 行.
NOTIC: [2048] Only variables should be passed by reference D:\wwwroot\mainweb\sdk\api\UcApi\Lib\Action\IndexAction.class.php 第 63 行.
NOTIC: [8] Constant API_RETURN_FAILED already defined D:\wwwroot\mainweb\sdk\uc_client\model\note.php 第 16 行.
SQL: SHOW COLUMNS FROM `sdk_accounts` [ RunTime:0.002238s ]
SQL: SELECT * FROM `sdk_accounts` WHERE ( `account_id` = 1344 ) LIMIT 1   [ RunTime:0.000519s ]

[ 2013-06-05T22:24:32+08:00 ] 192.168.129.203 /api/uc.php?time=1370442272&code=682eYT668rQTOHWd9tHuT3Qycb5cxQ8qAxN4uUceZOOLUW%2FUHpFHH28RAIVhGVEq%2FGYWTQ6%2FphRtueMcTG9nEdAnKYDCOgSF0RPzBZyUoZcQWZCir0gXVUD6dEchg02UXvcBfW1xhKnwc5k0Pcmm4pCuoVwwfDSnV8bAXdAS0g
INFO: [ app_begin ] --START--
INFO: Run ReadHtmlCache Behavior [ RunTime:0.001087s ]
INFO: [ app_begin ] --END-- [ RunTime:0.001179s ]
NOTIC: [8] Constant UC_CLIENT_VERSION already defined D:\wwwroot\mainweb\sdk\api\UcApi\Lib\Action\IndexAction.class.php 第 4 行.
NOTIC: [8] Constant UC_CLIENT_RELEASE already defined D:\wwwroot\mainweb\sdk\api\UcApi\Lib\Action\IndexAction.class.php 第 5 行.
NOTIC: [2048] Only variables should be passed by reference D:\wwwroot\mainweb\sdk\api\UcApi\Lib\Action\IndexAction.class.php 第 63 行.
NOTIC: [8] Constant API_RETURN_FAILED already defined D:\wwwroot\mainweb\sdk\uc_client\model\note.php 第 16 行.
SQL: SHOW COLUMNS FROM `sdk_accounts` [ RunTime:0.002146s ]
SQL: SELECT * FROM `sdk_accounts` WHERE ( `account_id` = 1154 ) LIMIT 1   [ RunTime:0.000522s ]

[ 2013-06-05T22:29:37+08:00 ] 192.168.136.6 /api/uc.php?time=1370442576&code=95c8Ol2hqHKlnoiirQI78jmm8KNe8J561ljYmxV3m3UoPFm6J0ghIvRgDNl2QXPJW46G%2FCtzEMnXq4unycE6JghLJGeDPQcTU9Sr7AxWup8EdUTwavLRSwvanyOq%2BaIa4V65gsWrSWrH%2F%2FwIcOelS7R5kwetMVcKBDQBu9apYyRZNXHw
INFO: [ app_begin ] --START--
INFO: Run ReadHtmlCache Behavior [ RunTime:0.001361s ]
INFO: [ app_begin ] --END-- [ RunTime:0.001454s ]
NOTIC: [8] Constant UC_CLIENT_VERSION already defined D:\wwwroot\mainweb\sdk\api\UcApi\Lib\Action\IndexAction.class.php 第 4 行.
NOTIC: [8] Constant UC_CLIENT_RELEASE already defined D:\wwwroot\mainweb\sdk\api\UcApi\Lib\Action\IndexAction.class.php 第 5 行.
NOTIC: [2048] Only variables should be passed by reference D:\wwwroot\mainweb\sdk\api\UcApi\Lib\Action\IndexAction.class.php 第 63 行.
NOTIC: [8] Constant API_RETURN_FAILED already defined D:\wwwroot\mainweb\sdk\uc_client\model\note.php 第 16 行.
SQL: SHOW COLUMNS FROM `sdk_accounts` [ RunTime:0.002063s ]
SQL: SELECT * FROM `sdk_accounts` WHERE ( `account_id` = 930 ) LIMIT 1   [ RunTime:0.000304s ]

[ 2013-06-05T22:32:49+08:00 ] 192.168.145.160 /api/uc.php?time=1370442769&code=6d7ba37RI8LTbYztxJjjyu%2Fjj4Ng1gwMH4r9Y5Wx53IBBvoFIm2dmgFoUg1lEUXkBdhvy8RFb1TS99V%2Ff8nXj0fw3PvBCdJgFTWQBivpSkUH3MUurp4CThVyzhB2eUDCYW5rQ4u9tDNS2IE0RURQgCYu5AEMsXMpROxTEIYbqYaWzQ
INFO: [ app_begin ] --START--
INFO: Run ReadHtmlCache Behavior [ RunTime:0.001180s ]
INFO: [ app_begin ] --END-- [ RunTime:0.001271s ]
NOTIC: [8] Constant UC_CLIENT_VERSION already defined D:\wwwroot\mainweb\sdk\api\UcApi\Lib\Action\IndexAction.class.php 第 4 行.
NOTIC: [8] Constant UC_CLIENT_RELEASE already defined D:\wwwroot\mainweb\sdk\api\UcApi\Lib\Action\IndexAction.class.php 第 5 行.
NOTIC: [2048] Only variables should be passed by reference D:\wwwroot\mainweb\sdk\api\UcApi\Lib\Action\IndexAction.class.php 第 63 行.
NOTIC: [8] Constant API_RETURN_FAILED already defined D:\wwwroot\mainweb\sdk\uc_client\model\note.php 第 16 行.
SQL: SHOW COLUMNS FROM `sdk_accounts` [ RunTime:0.002178s ]
SQL: SELECT * FROM `sdk_accounts` WHERE ( `account_id` = 1171 ) LIMIT 1   [ RunTime:0.000467s ]

[ 2013-06-05T22:35:57+08:00 ] 192.168.202.142 /api/uc.php?time=1370442957&code=7b421LtW5iEz38E1%2BtdxHHXF1%2FubXIpgdN4y%2BjHpHIvDX3LHudCzxJPA%2BbRGeayY2o05QOlDrMhWaf3A45L3xbdZfJYE9SG2jFTe%2BoM9Tk1Fm9XOdWQ56X6ZSyqSuJLnXdynfWB5u2lCfu%2FXW748iPJ2U%2Bq0cL9XqaVtTfk
INFO: [ app_begin ] --START--
INFO: Run ReadHtmlCache Behavior [ RunTime:0.001306s ]
INFO: [ app_begin ] --END-- [ RunTime:0.001401s ]
NOTIC: [8] Constant UC_CLIENT_VERSION already defined D:\wwwroot\mainweb\sdk\api\UcApi\Lib\Action\IndexAction.class.php 第 4 行.
NOTIC: [8] Constant UC_CLIENT_RELEASE already defined D:\wwwroot\mainweb\sdk\api\UcApi\Lib\Action\IndexAction.class.php 第 5 行.
NOTIC: [2048] Only variables should be passed by reference D:\wwwroot\mainweb\sdk\api\UcApi\Lib\Action\IndexAction.class.php 第 63 行.
NOTIC: [8] Constant API_RETURN_FAILED already defined D:\wwwroot\mainweb\sdk\uc_client\model\note.php 第 16 行.
SQL: SHOW COLUMNS FROM `sdk_accounts` [ RunTime:0.002235s ]
SQL: SELECT * FROM `sdk_accounts` WHERE ( `account_id` = 1646 ) LIMIT 1   [ RunTime:0.000570s ]
SQL: INSERT INTO `sdk_accounts` (`account_id`,`user_name`,`email`,`password`,`reg_time`) VALUES (1646,'MRPT','link3280@hotmail.com','6de5496c4a84575fafd53ef400377b3434856f95',1370442957) [ RunTime:0.001184s ]

[ 2013-06-05T22:51:42+08:00 ] 192.168.206.15 /api/uc.php?time=1370443902&code=6514j4SO%2FG0TbgJnMx2xrUyXlOs6VwVIbJcrs9UN0dKeuXYDkjC%2Fu5xZyvJ8%2F8S7LYkkvv0CFQaHrxTUEwvcmHI0y%2BxSzj%2BoiqIJWlGD%2BWcVxSuWRJCuub%2FrJicWl%2B%2BW8zniqq4okHACRZ84LW3lez%2FjXEaLYEEke8zdNMHtaQ
INFO: [ app_begin ] --START--
INFO: Run ReadHtmlCache Behavior [ RunTime:0.001342s ]
INFO: [ app_begin ] --END-- [ RunTime:0.001438s ]
NOTIC: [8] Constant UC_CLIENT_VERSION already defined D:\wwwroot\mainweb\sdk\api\UcApi\Lib\Action\IndexAction.class.php 第 4 行.
NOTIC: [8] Constant UC_CLIENT_RELEASE already defined D:\wwwroot\mainweb\sdk\api\UcApi\Lib\Action\IndexAction.class.php 第 5 行.
NOTIC: [2048] Only variables should be passed by reference D:\wwwroot\mainweb\sdk\api\UcApi\Lib\Action\IndexAction.class.php 第 63 行.
NOTIC: [8] Constant API_RETURN_FAILED already defined D:\wwwroot\mainweb\sdk\uc_client\model\note.php 第 16 行.
SQL: SHOW COLUMNS FROM `sdk_accounts` [ RunTime:0.002465s ]
SQL: SELECT * FROM `sdk_accounts` WHERE ( `account_id` = 1440 ) LIMIT 1   [ RunTime:0.000472s ]

[ 2013-06-05T22:55:02+08:00 ] 192.168.179.145 /api/uc.php?time=1370444101&code=98b4GHXs4Q9QA5IGVrL32GzTSQ%2FyyPu7w9NeF1eMxw%2FTQPHDtZd4Rht00UvI6gBonIiXfFNWB%2Fq%2BeyylzKGkzMXVRnDvjysXrCfIzGZgBolqDb388QHtbK9%2BlJ%2FCqgXcrEClkba17uwgp82Zc4wa1ScpnTgsbW6oPCN1
INFO: [ app_begin ] --START--
INFO: Run ReadHtmlCache Behavior [ RunTime:0.001298s ]
INFO: [ app_begin ] --END-- [ RunTime:0.001393s ]
NOTIC: [8] Constant UC_CLIENT_VERSION already defined D:\wwwroot\mainweb\sdk\api\UcApi\Lib\Action\IndexAction.class.php 第 4 行.
NOTIC: [8] Constant UC_CLIENT_RELEASE already defined D:\wwwroot\mainweb\sdk\api\UcApi\Lib\Action\IndexAction.class.php 第 5 行.
NOTIC: [2048] Only variables should be passed by reference D:\wwwroot\mainweb\sdk\api\UcApi\Lib\Action\IndexAction.class.php 第 63 行.
NOTIC: [8] Constant API_RETURN_FAILED already defined D:\wwwroot\mainweb\sdk\uc_client\model\note.php 第 16 行.
SQL: SHOW COLUMNS FROM `sdk_accounts` [ RunTime:0.002181s ]
SQL: SELECT * FROM `sdk_accounts` WHERE ( `account_id` = 462 ) LIMIT 1   [ RunTime:0.000517s ]

[ 2013-06-05T22:56:15+08:00 ] 192.168.145.89 /api/uc.php?time=1370444175&code=f485gkLV8egE97nT8KnH%2FxK6LwG2fnNuPjFHgjYV7mP%2Fibzjdg%2BrqcpQ9e%2F%2F51CT3TsnW8BtE5EiLNYtEAXNNdtFteXQEJUscx8uS0CwZfGLAJz8krLs1zoqTXCYtNfcaXOn1kQb5ikLJLhsfbOMuqfV6fvEAjOat%2FwOyHJIArEiaQ
INFO: [ app_begin ] --START--
INFO: Run ReadHtmlCache Behavior [ RunTime:0.001395s ]
INFO: [ app_begin ] --END-- [ RunTime:0.001487s ]
NOTIC: [8] Constant UC_CLIENT_VERSION already defined D:\wwwroot\mainweb\sdk\api\UcApi\Lib\Action\IndexAction.class.php 第 4 行.
NOTIC: [8] Constant UC_CLIENT_RELEASE already defined D:\wwwroot\mainweb\sdk\api\UcApi\Lib\Action\IndexAction.class.php 第 5 行.
NOTIC: [2048] Only variables should be passed by reference D:\wwwroot\mainweb\sdk\api\UcApi\Lib\Action\IndexAction.class.php 第 63 行.
NOTIC: [8] Constant API_RETURN_FAILED already defined D:\wwwroot\mainweb\sdk\uc_client\model\note.php 第 16 行.
SQL: SHOW COLUMNS FROM `sdk_accounts` [ RunTime:0.001937s ]
SQL: SELECT * FROM `sdk_accounts` WHERE ( `account_id` = 2257 ) LIMIT 1   [ RunTime:0.000371s ]

[ 2013-06-05T22:58:44+08:00 ] 192.168.180.86 /api/uc.php?time=1370444323&code=e76e6LvCyuEV1xygN4pNQx0jiRs%2B5GSxCbjRPf9FEeaM5PqEMb3aIDay3urv6R2ciyrrbZ0Tfz3FAmp%2FnNs%2BkKPiyaWwNfi%2B6fHXTg7tmat21oW2BJEQH6FOfPfDhbj%2BDABiqDfShzo3UbHXbTHy1%2BCluPP6sdNg2AihI5NWbQ
INFO: [ app_begin ] --START--
INFO: Run ReadHtmlCache Behavior [ RunTime:0.000875s ]
INFO: [ app_begin ] --END-- [ RunTime:0.000969s ]
NOTIC: [8] Constant UC_CLIENT_VERSION already defined D:\wwwroot\mainweb\sdk\api\UcApi\Lib\Action\IndexAction.class.php 第 4 行.
NOTIC: [8] Constant UC_CLIENT_RELEASE already defined D:\wwwroot\mainweb\sdk\api\UcApi\Lib\Action\IndexAction.class.php 第 5 行.
NOTIC: [2048] Only variables should be passed by reference D:\wwwroot\mainweb\sdk\api\UcApi\Lib\Action\IndexAction.class.php 第 63 行.
NOTIC: [8] Constant API_RETURN_FAILED already defined D:\wwwroot\mainweb\sdk\uc_client\model\note.php 第 16 行.
SQL: SHOW COLUMNS FROM `sdk_accounts` [ RunTime:0.001845s ]
SQL: SELECT * FROM `sdk_accounts` WHERE ( `account_id` = 844 ) LIMIT 1   [ RunTime:0.000417s ]

[ 2013-06-05T23:08:19+08:00 ] 192.168.178.208 /api/uc.php?time=1370444899&code=baffreRNl1pkQOywqueuzruPvsKIgQJsjQXfGzRS7B7nF8WJSvUT7oA3DTiwH34OPJVQSf0M%2BIilUNgwxGWxFYYWxkjBRiJuuOqAiJBcU0LC88CvcH0oCH9yurfMWkkuEb2waW%2FE292KZr7aXO2KnnFZF%2FC8WGgeoVJ1u9FF2ejy6KrUs0fZgA
INFO: [ app_begin ] --START--
INFO: Run ReadHtmlCache Behavior [ RunTime:0.001346s ]
INFO: [ app_begin ] --END-- [ RunTime:0.001440s ]
NOTIC: [8] Constant UC_CLIENT_VERSION already defined D:\wwwroot\mainweb\sdk\api\UcApi\Lib\Action\IndexAction.class.php 第 4 行.
NOTIC: [8] Constant UC_CLIENT_RELEASE already defined D:\wwwroot\mainweb\sdk\api\UcApi\Lib\Action\IndexAction.class.php 第 5 行.
NOTIC: [2048] Only variables should be passed by reference D:\wwwroot\mainweb\sdk\api\UcApi\Lib\Action\IndexAction.class.php 第 63 行.
NOTIC: [8] Constant API_RETURN_FAILED already defined D:\wwwroot\mainweb\sdk\uc_client\model\note.php 第 16 行.
SQL: SHOW COLUMNS FROM `sdk_accounts` [ RunTime:0.002020s ]
SQL: SELECT * FROM `sdk_accounts` WHERE ( `account_id` = 1900 ) LIMIT 1   [ RunTime:0.000302s ]

[ 2013-06-05T23:08:40+08:00 ] 192.168.148.193 /api/uc.php?time=1370444920&code=b168idz%2FD6%2F2Yaq8oItB3p12z8I4WDRAODBfdMIaCYq1wt%2BxuAbiRslfdeDDytnjjg%2BKm%2BOwoQ3iT5kry2T12suE5aym%2FkZPoPLg0uDd3dg0CA6I2dfttaCbSNU75R%2Ff3KxhIOjQ0yQpYfZxfJNMMCHtkYt%2BV1PGp1xgLO7LWNMLIw
INFO: [ app_begin ] --START--
INFO: Run ReadHtmlCache Behavior [ RunTime:0.001449s ]
INFO: [ app_begin ] --END-- [ RunTime:0.001543s ]
NOTIC: [8] Constant UC_CLIENT_VERSION already defined D:\wwwroot\mainweb\sdk\api\UcApi\Lib\Action\IndexAction.class.php 第 4 行.
NOTIC: [8] Constant UC_CLIENT_RELEASE already defined D:\wwwroot\mainweb\sdk\api\UcApi\Lib\Action\IndexAction.class.php 第 5 行.
NOTIC: [2048] Only variables should be passed by reference D:\wwwroot\mainweb\sdk\api\UcApi\Lib\Action\IndexAction.class.php 第 63 行.
NOTIC: [8] Constant API_RETURN_FAILED already defined D:\wwwroot\mainweb\sdk\uc_client\model\note.php 第 16 行.
SQL: SHOW COLUMNS FROM `sdk_accounts` [ RunTime:0.002171s ]
SQL: SELECT * FROM `sdk_accounts` WHERE ( `account_id` = 2222 ) LIMIT 1   [ RunTime:0.000519s ]

[ 2013-06-05T23:08:43+08:00 ] 192.168.148.193 /api/uc.php?time=1370444923&code=bdfdnw2zDbWwjFjEIYULsjFR%2BsW9TscJJvXIRzHgWlvtco28RP4E3b2QkJnmAccjePp5KV3dVyHqZu2yvnLA4XZakV0kMXeFgE8Ak93ojiGsWC61Ygsd8UP45RD8E1jiB48is4Ppb%2BbLTFiAw10asY4n%2BqTld7KFI5ISXp879X%2BWpA
INFO: [ app_begin ] --START--
INFO: Run ReadHtmlCache Behavior [ RunTime:0.001134s ]
INFO: [ app_begin ] --END-- [ RunTime:0.001225s ]
NOTIC: [8] Constant UC_CLIENT_VERSION already defined D:\wwwroot\mainweb\sdk\api\UcApi\Lib\Action\IndexAction.class.php 第 4 行.
NOTIC: [8] Constant UC_CLIENT_RELEASE already defined D:\wwwroot\mainweb\sdk\api\UcApi\Lib\Action\IndexAction.class.php 第 5 行.
NOTIC: [2048] Only variables should be passed by reference D:\wwwroot\mainweb\sdk\api\UcApi\Lib\Action\IndexAction.class.php 第 63 行.
NOTIC: [8] Constant API_RETURN_FAILED already defined D:\wwwroot\mainweb\sdk\uc_client\model\note.php 第 16 行.
SQL: SHOW COLUMNS FROM `sdk_accounts` [ RunTime:0.001947s ]
SQL: SELECT * FROM `sdk_accounts` WHERE ( `account_id` = 2222 ) LIMIT 1   [ RunTime:0.000203s ]

[ 2013-06-05T23:13:25+08:00 ] 192.168.204.169 /api/uc.php?time=1370445205&code=a0acU9ctW7tRbbE5QCV6v80aR%2FvGeDh8nSL9C92SC0ShqhEGs6kF1Um1rpY6lFrRyh%2BqpMsd9oJ%2Bt4UKdo7kD5eqflTZRVNkMv4C8aMONaf7e2JYSipsJz7LZtqcLmQMGqbRQwbAyZ8DQciNgAN3j2CHf7Db1sNcwWMVBw
INFO: [ app_begin ] --START--
INFO: Run ReadHtmlCache Behavior [ RunTime:0.001194s ]
INFO: [ app_begin ] --END-- [ RunTime:0.001286s ]
NOTIC: [8] Constant UC_CLIENT_VERSION already defined D:\wwwroot\mainweb\sdk\api\UcApi\Lib\Action\IndexAction.class.php 第 4 行.
NOTIC: [8] Constant UC_CLIENT_RELEASE already defined D:\wwwroot\mainweb\sdk\api\UcApi\Lib\Action\IndexAction.class.php 第 5 行.
NOTIC: [2048] Only variables should be passed by reference D:\wwwroot\mainweb\sdk\api\UcApi\Lib\Action\IndexAction.class.php 第 63 行.
NOTIC: [8] Constant API_RETURN_FAILED already defined D:\wwwroot\mainweb\sdk\uc_client\model\note.php 第 16 行.
SQL: SHOW COLUMNS FROM `sdk_accounts` [ RunTime:0.001990s ]
SQL: SELECT * FROM `sdk_accounts` WHERE ( `account_id` = 1769 ) LIMIT 1   [ RunTime:0.000361s ]

[ 2013-06-05T23:53:54+08:00 ] 192.168.166.156 /api/uc.php?time=1370447634&code=37a01LQiX8JfCGKPP7k9bCIw0Rd1FTGGmoqtczrQdAsElR7pIeYsZ8I3SVYyRnIyPsrQgfNt62iF0bzDH1O%2F8MOR4FSFUKJ1NkTT2w1VZs%2F3gDkclU2qaPWigNyc2fVt05q3sazKzNrMTvw3uLKDaHWBuFupgN7unPP%2F0S2oDQ
INFO: [ app_begin ] --START--
INFO: Run ReadHtmlCache Behavior [ RunTime:0.001386s ]
INFO: [ app_begin ] --END-- [ RunTime:0.001478s ]
NOTIC: [8] Constant UC_CLIENT_VERSION already defined D:\wwwroot\mainweb\sdk\api\UcApi\Lib\Action\IndexAction.class.php 第 4 行.
NOTIC: [8] Constant UC_CLIENT_RELEASE already defined D:\wwwroot\mainweb\sdk\api\UcApi\Lib\Action\IndexAction.class.php 第 5 行.
NOTIC: [2048] Only variables should be passed by reference D:\wwwroot\mainweb\sdk\api\UcApi\Lib\Action\IndexAction.class.php 第 63 行.
NOTIC: [8] Constant API_RETURN_FAILED already defined D:\wwwroot\mainweb\sdk\uc_client\model\note.php 第 16 行.
SQL: SHOW COLUMNS FROM `sdk_accounts` [ RunTime:0.002714s ]
SQL: SELECT * FROM `sdk_accounts` WHERE ( `account_id` = 1506 ) LIMIT 1   [ RunTime:0.000339s ]

