[ 2013-09-19T18:01:48+08:00 ] 192.168.164.216 /api/uc.php?time=1379584907&code=dda3j8V5inBzWrszAx06JjwW%2BDtFrdTpJOT51r%2BNLE8nyintq%2FezG99OX%2FSHRm7hENCEZeDLOL0yAZCGwJkPBact4zoXduR2SW46e%2Bd8sAAVnyTs5FLgQ0IZd%2FPEWsUUcSrF3n4L2hVYkAvtQof0gDLMuH8i9or3lAsuegVhPg
INFO: [ app_begin ] --START--
INFO: Run ReadHtmlCache Behavior [ RunTime:0.001233s ]
INFO: [ app_begin ] --END-- [ RunTime:0.001326s ]
NOTIC: [8] Constant UC_CLIENT_VERSION already defined D:\wwwroot\mainweb\sdk\api\UcApi\Lib\Action\IndexAction.class.php 第 4 行.
NOTIC: [8] Constant UC_CLIENT_RELEASE already defined D:\wwwroot\mainweb\sdk\api\UcApi\Lib\Action\IndexAction.class.php 第 5 行.
NOTIC: [2048] Only variables should be passed by reference D:\wwwroot\mainweb\sdk\api\UcApi\Lib\Action\IndexAction.class.php 第 63 行.
NOTIC: [8] Constant API_RETURN_FAILED already defined D:\wwwroot\mainweb\sdk\uc_client\model\note.php 第 16 行.
SQL: SHOW COLUMNS FROM `sdk_accounts` [ RunTime:0.002705s ]
SQL: SELECT * FROM `sdk_accounts` WHERE ( `account_id` = 1079 ) LIMIT 1   [ RunTime:0.000677s ]

[ 2013-09-19T20:51:13+08:00 ] 192.168.153.86 /api/uc.php?time=1379595072&code=c7cepMnmolbF8KDSbNoaYC2789KsXECp5i9V%2B9cjsr2jWvC9zpezFCb%2BygjkCOz6iyRg3chyJ3eUkDBTCYNxJHP4kbtnzg%2BGXkdHiNnxtWl7Scpk7pi64a1U4L2GAzV6ZXxT%2FfhCZptjcF3XXCqyqD3UPwAo1Pc34j6uhwt6TA
INFO: [ app_begin ] --START--
INFO: Run ReadHtmlCache Behavior [ RunTime:0.001156s ]
INFO: [ app_begin ] --END-- [ RunTime:0.001250s ]
NOTIC: [8] Constant UC_CLIENT_VERSION already defined D:\wwwroot\mainweb\sdk\api\UcApi\Lib\Action\IndexAction.class.php 第 4 行.
NOTIC: [8] Constant UC_CLIENT_RELEASE already defined D:\wwwroot\mainweb\sdk\api\UcApi\Lib\Action\IndexAction.class.php 第 5 行.
NOTIC: [2048] Only variables should be passed by reference D:\wwwroot\mainweb\sdk\api\UcApi\Lib\Action\IndexAction.class.php 第 63 行.
NOTIC: [8] Constant API_RETURN_FAILED already defined D:\wwwroot\mainweb\sdk\uc_client\model\note.php 第 16 行.
SQL: SHOW COLUMNS FROM `sdk_accounts` [ RunTime:0.002828s ]
SQL: SELECT * FROM `sdk_accounts` WHERE ( `account_id` = 1055 ) LIMIT 1   [ RunTime:0.000425s ]

[ 2013-09-19T23:09:47+08:00 ] 192.168.141.137 /api/uc.php?time=1379603387&code=e0e8iHkDK9bvKVjx%2Fa5hgUmkuqmI2D1kNNuIWjDab%2Fk8gMKrWPFcwaQ8cLYmEmEadxkExtKcvvMiBEQBCnvR2HzQM5MHrLEBq48ABklooRTbwYsnKoX0rxlbZoAI1ooXC%2FBPcf6g%2Bm5MA4ispmRFxJIEn9NAxq3iB89EcFyN2015jP74X6IZEQ
INFO: [ app_begin ] --START--
INFO: Run ReadHtmlCache Behavior [ RunTime:0.001185s ]
INFO: [ app_begin ] --END-- [ RunTime:0.001284s ]
NOTIC: [8] Constant UC_CLIENT_VERSION already defined D:\wwwroot\mainweb\sdk\api\UcApi\Lib\Action\IndexAction.class.php 第 4 行.
NOTIC: [8] Constant UC_CLIENT_RELEASE already defined D:\wwwroot\mainweb\sdk\api\UcApi\Lib\Action\IndexAction.class.php 第 5 行.
NOTIC: [2048] Only variables should be passed by reference D:\wwwroot\mainweb\sdk\api\UcApi\Lib\Action\IndexAction.class.php 第 63 行.
NOTIC: [8] Constant API_RETURN_FAILED already defined D:\wwwroot\mainweb\sdk\uc_client\model\note.php 第 16 行.
SQL: SHOW COLUMNS FROM `sdk_accounts` [ RunTime:0.002404s ]
SQL: SELECT * FROM `sdk_accounts` WHERE ( `account_id` = 1738 ) LIMIT 1   [ RunTime:0.000502s ]

[ 2013-09-19T23:11:59+08:00 ] 192.168.134.215 /api/uc.php?time=1379603519&code=0a23CrVXfPdCZYOPfrEDdWOThrB9yaHZIvLfkUtDhDGJZCcjMF7yCWMSL%2BGE4LRqYYYkRW7X%2F%2F%2BiBEX0sf1k8ZVWHByuZRl3ql%2Bg6jgiEYIRVHvFh78M%2BfI%2B24B2J9oHKUi%2Fy8t%2BNAlipkKd8LF1cnO8i2y2Io1QslkJYY6JKXos%2FA
INFO: [ app_begin ] --START--
INFO: Run ReadHtmlCache Behavior [ RunTime:0.000983s ]
INFO: [ app_begin ] --END-- [ RunTime:0.001075s ]
NOTIC: [8] Constant UC_CLIENT_VERSION already defined D:\wwwroot\mainweb\sdk\api\UcApi\Lib\Action\IndexAction.class.php 第 4 行.
NOTIC: [8] Constant UC_CLIENT_RELEASE already defined D:\wwwroot\mainweb\sdk\api\UcApi\Lib\Action\IndexAction.class.php 第 5 行.
NOTIC: [2048] Only variables should be passed by reference D:\wwwroot\mainweb\sdk\api\UcApi\Lib\Action\IndexAction.class.php 第 63 行.
NOTIC: [8] Constant API_RETURN_FAILED already defined D:\wwwroot\mainweb\sdk\uc_client\model\note.php 第 16 行.
SQL: SHOW COLUMNS FROM `sdk_accounts` [ RunTime:0.002075s ]
SQL: SELECT * FROM `sdk_accounts` WHERE ( `account_id` = 1777 ) LIMIT 1   [ RunTime:0.000412s ]

