[ 2013-06-13T00:10:00+08:00 ] 192.168.201.76 /api/uc.php?time=1371053400&code=d0819S5REe6Do8JFQCKY45iy9ILYp3pWQGPTqc9WTfL%2BDwz70KWG3fWET7FtOet580Bk2CVdiQSMFuZYPw
INFO: [ app_begin ] --START--
INFO: Run ReadHtmlCache Behavior [ RunTime:0.000897s ]
INFO: [ app_begin ] --END-- [ RunTime:0.000994s ]
NOTIC: [8] Constant UC_CLIENT_VERSION already defined D:\wwwroot\mainweb\sdk\api\UcApi\Lib\Action\IndexAction.class.php 第 4 行.
NOTIC: [8] Constant UC_CLIENT_RELEASE already defined D:\wwwroot\mainweb\sdk\api\UcApi\Lib\Action\IndexAction.class.php 第 5 行.
NOTIC: [2048] Only variables should be passed by reference D:\wwwroot\mainweb\sdk\api\UcApi\Lib\Action\IndexAction.class.php 第 63 行.

[ 2013-06-13T01:13:05+08:00 ] 183.3.149.74 /api/uc.php?time=1371057184&code=5a9ak4hdBgUFDn8O41oPpJygfTBTpUhv8ZflEulRpRBx5Eo8Hs6L0EjqxwN6z%2BexwDl7cp6XC75nbhi9lySacnSzpKRJa%2FgUb68PxayU8cZBBy7w8c2UKfE3tlzZVKGSspc8TLPb%2F%2BYx0Gl12RetFBxAQAdOdx12PykShw
INFO: [ app_begin ] --START--
INFO: Run ReadHtmlCache Behavior [ RunTime:0.001215s ]
INFO: [ app_begin ] --END-- [ RunTime:0.001308s ]
NOTIC: [8] Constant UC_CLIENT_VERSION already defined D:\wwwroot\mainweb\sdk\api\UcApi\Lib\Action\IndexAction.class.php 第 4 行.
NOTIC: [8] Constant UC_CLIENT_RELEASE already defined D:\wwwroot\mainweb\sdk\api\UcApi\Lib\Action\IndexAction.class.php 第 5 行.
NOTIC: [2048] Only variables should be passed by reference D:\wwwroot\mainweb\sdk\api\UcApi\Lib\Action\IndexAction.class.php 第 63 行.
NOTIC: [8] Constant API_RETURN_FAILED already defined D:\wwwroot\mainweb\sdk\uc_client\model\note.php 第 16 行.
SQL: SHOW COLUMNS FROM `sdk_accounts` [ RunTime:0.002284s ]
SQL: SELECT * FROM `sdk_accounts` WHERE ( `account_id` = 877 ) LIMIT 1   [ RunTime:0.000507s ]

[ 2013-06-13T06:45:29+08:00 ] 192.168.206.26 /api/uc.php?time=1371077129&code=7cfe97Z5lVJ%2BkSrh%2Bg1GOwIm9Cu7IfA6oZ%2FSlxsOTA3UeUsjVyQKbPqL4xTaArVMOVMLlNwErO38DlTDEcSNsuZC6y1u777D8c5TqEvPeHhs03iYRAgYWj3bIjUPy0QJf%2BB%2F0hjqMbMldgZsnXcjgnxajm53U6SfICT9TGctwT8
INFO: [ app_begin ] --START--
INFO: Run ReadHtmlCache Behavior [ RunTime:0.001362s ]
INFO: [ app_begin ] --END-- [ RunTime:0.001456s ]
NOTIC: [8] Constant UC_CLIENT_VERSION already defined D:\wwwroot\mainweb\sdk\api\UcApi\Lib\Action\IndexAction.class.php 第 4 行.
NOTIC: [8] Constant UC_CLIENT_RELEASE already defined D:\wwwroot\mainweb\sdk\api\UcApi\Lib\Action\IndexAction.class.php 第 5 行.
NOTIC: [2048] Only variables should be passed by reference D:\wwwroot\mainweb\sdk\api\UcApi\Lib\Action\IndexAction.class.php 第 63 行.
NOTIC: [8] Constant API_RETURN_FAILED already defined D:\wwwroot\mainweb\sdk\uc_client\model\note.php 第 16 行.
SQL: SHOW COLUMNS FROM `sdk_accounts` [ RunTime:0.002388s ]
SQL: SELECT * FROM `sdk_accounts` WHERE ( `account_id` = 235 ) LIMIT 1   [ RunTime:0.000669s ]

[ 2013-06-13T08:13:44+08:00 ] 192.168.202.92 /api/uc.php?time=1371082424&code=2cb2mtS8ALj5x8kqXvOwhU6U7IeQWIFlSY5MZfVYQy2KyTUJNFo2k21647oZlavdjzJOU5Dv9SOga0lEvf2CT4nZUnf1PJiLaLHOMMI8Wbl5rJhEddHqXKNgyl6iA5vx5JfG0%2FOa8tEJAdHbsAmofW22ughSq4cFWaeU917Uq%2BVf
INFO: [ app_begin ] --START--
INFO: Run ReadHtmlCache Behavior [ RunTime:0.001142s ]
INFO: [ app_begin ] --END-- [ RunTime:0.001237s ]
NOTIC: [8] Constant UC_CLIENT_VERSION already defined D:\wwwroot\mainweb\sdk\api\UcApi\Lib\Action\IndexAction.class.php 第 4 行.
NOTIC: [8] Constant UC_CLIENT_RELEASE already defined D:\wwwroot\mainweb\sdk\api\UcApi\Lib\Action\IndexAction.class.php 第 5 行.
NOTIC: [2048] Only variables should be passed by reference D:\wwwroot\mainweb\sdk\api\UcApi\Lib\Action\IndexAction.class.php 第 63 行.
NOTIC: [8] Constant API_RETURN_FAILED already defined D:\wwwroot\mainweb\sdk\uc_client\model\note.php 第 16 行.
SQL: SHOW COLUMNS FROM `sdk_accounts` [ RunTime:0.002143s ]
SQL: SELECT * FROM `sdk_accounts` WHERE ( `account_id` = 753 ) LIMIT 1   [ RunTime:0.000322s ]

[ 2013-06-13T09:21:37+08:00 ] 172.16.97.6 /api/uc.php?time=1371086497&code=1617JJFf50NhGH%2BVHEZyCKh4Db3zVAjRxdd8x%2BwLhbfBFgt90TeLo1AaeIf%2FgLRpaYlN9ti3bZYN0NRJyX1QOyDI5UnzaKmRnBMWNw9FI6MgWz7o%2FgJEu6xCzefInIlv6x6T6uxsIf1UXKrNq%2Fez7Ewq7WGYD%2Fb39vOY
INFO: [ app_begin ] --START--
INFO: Run ReadHtmlCache Behavior [ RunTime:0.001214s ]
INFO: [ app_begin ] --END-- [ RunTime:0.001307s ]
NOTIC: [8] Constant UC_CLIENT_VERSION already defined D:\wwwroot\mainweb\sdk\api\UcApi\Lib\Action\IndexAction.class.php 第 4 行.
NOTIC: [8] Constant UC_CLIENT_RELEASE already defined D:\wwwroot\mainweb\sdk\api\UcApi\Lib\Action\IndexAction.class.php 第 5 行.
NOTIC: [2048] Only variables should be passed by reference D:\wwwroot\mainweb\sdk\api\UcApi\Lib\Action\IndexAction.class.php 第 63 行.
NOTIC: [8] Constant API_RETURN_FAILED already defined D:\wwwroot\mainweb\sdk\uc_client\model\note.php 第 16 行.
SQL: SHOW COLUMNS FROM `sdk_accounts` [ RunTime:0.002524s ]
SQL: SELECT * FROM `sdk_accounts` WHERE ( `account_id` = 581 ) LIMIT 1   [ RunTime:0.000632s ]

[ 2013-06-13T09:46:29+08:00 ] 192.168.201.144 /api/uc.php?time=1371087989&code=a178Zgrd80ToBjRHN7k4Hw61HDa5d2ewoyWncvwFhPJ4pWnwf8JZBKADGnpin%2FQYVBP%2FBoO5M%2BA78OJzTBDZHGDylJWAzOI7tJcnOoY229z56n%2BCw22BxAOR4fqHpAstfEeIZIWPZHcBiExY%2F5rIYGr%2FfZCt5Sus4Rfz7A
INFO: [ app_begin ] --START--
INFO: Run ReadHtmlCache Behavior [ RunTime:0.002676s ]
INFO: [ app_begin ] --END-- [ RunTime:0.002770s ]
NOTIC: [8] Constant UC_CLIENT_VERSION already defined D:\wwwroot\mainweb\sdk\api\UcApi\Lib\Action\IndexAction.class.php 第 4 行.
NOTIC: [8] Constant UC_CLIENT_RELEASE already defined D:\wwwroot\mainweb\sdk\api\UcApi\Lib\Action\IndexAction.class.php 第 5 行.
NOTIC: [2048] Only variables should be passed by reference D:\wwwroot\mainweb\sdk\api\UcApi\Lib\Action\IndexAction.class.php 第 63 行.
NOTIC: [8] Constant API_RETURN_FAILED already defined D:\wwwroot\mainweb\sdk\uc_client\model\note.php 第 16 行.
SQL: SHOW COLUMNS FROM `sdk_accounts` [ RunTime:0.002385s ]
SQL: SELECT * FROM `sdk_accounts` WHERE ( `account_id` = 1640 ) LIMIT 1   [ RunTime:0.000470s ]

[ 2013-06-13T10:07:47+08:00 ] 192.168.170.130 /api/uc.php?time=1371089267&code=87211QqMoOFV8TobpWIsJvMTJCS3t5%2FsG%2BpZNX9A2X5KXn9sB%2FL6j8cdk%2FBUvWRPenWJENnkdedJGDlMaOflf%2BQXerldJFWOcn4CWuqqss9LvY95smhOFzu4a4HNRGiPWSfCJwM79bNp6YkFZeU4QYC7KCBwfrsbswl1MaLNCnUM
INFO: [ app_begin ] --START--
INFO: Run ReadHtmlCache Behavior [ RunTime:0.001268s ]
INFO: [ app_begin ] --END-- [ RunTime:0.001362s ]
NOTIC: [8] Constant UC_CLIENT_VERSION already defined D:\wwwroot\mainweb\sdk\api\UcApi\Lib\Action\IndexAction.class.php 第 4 行.
NOTIC: [8] Constant UC_CLIENT_RELEASE already defined D:\wwwroot\mainweb\sdk\api\UcApi\Lib\Action\IndexAction.class.php 第 5 行.
NOTIC: [2048] Only variables should be passed by reference D:\wwwroot\mainweb\sdk\api\UcApi\Lib\Action\IndexAction.class.php 第 63 行.
NOTIC: [8] Constant API_RETURN_FAILED already defined D:\wwwroot\mainweb\sdk\uc_client\model\note.php 第 16 行.
SQL: SHOW COLUMNS FROM `sdk_accounts` [ RunTime:0.002087s ]
SQL: SELECT * FROM `sdk_accounts` WHERE ( `account_id` = 502 ) LIMIT 1   [ RunTime:0.000462s ]

[ 2013-06-13T11:47:54+08:00 ] 192.168.153.141 /api/uc.php?time=1371095274&code=78b11nsC0M60v7OtwBJwAmU7ppWa8ode40K8m9cr8fd49Yje9us%2Bwxip7oMcOILOmjvIXC%2BRvHBQAY5l9wTkpFide9fWDqBfI5rq6pEVl%2FMp3dsF1XFUNfiY5BHHKARXWHXFfPaAumBXhlawN23Xaz3BOQ7Wqs3RBrmBzPbkUjeARQ
INFO: [ app_begin ] --START--
INFO: Run ReadHtmlCache Behavior [ RunTime:0.001305s ]
INFO: [ app_begin ] --END-- [ RunTime:0.001398s ]
NOTIC: [8] Constant UC_CLIENT_VERSION already defined D:\wwwroot\mainweb\sdk\api\UcApi\Lib\Action\IndexAction.class.php 第 4 行.
NOTIC: [8] Constant UC_CLIENT_RELEASE already defined D:\wwwroot\mainweb\sdk\api\UcApi\Lib\Action\IndexAction.class.php 第 5 行.
NOTIC: [2048] Only variables should be passed by reference D:\wwwroot\mainweb\sdk\api\UcApi\Lib\Action\IndexAction.class.php 第 63 行.
NOTIC: [8] Constant API_RETURN_FAILED already defined D:\wwwroot\mainweb\sdk\uc_client\model\note.php 第 16 行.
SQL: SHOW COLUMNS FROM `sdk_accounts` [ RunTime:0.002137s ]
SQL: SELECT * FROM `sdk_accounts` WHERE ( `account_id` = 1436 ) LIMIT 1   [ RunTime:0.000504s ]
SQL: INSERT INTO `sdk_accounts` (`account_id`,`user_name`,`email`,`password`,`reg_time`) VALUES (1436,'王利玲','897372963@qq.com','c8572a4483dd9f87e041fc79f6050422a5e8599b',1371095274) [ RunTime:0.000994s ]

[ 2013-06-13T12:48:06+08:00 ] 192.168.135.77 /api/uc.php?time=1371098885&code=d693xEmnR7ljUvgo%2B9nb4SNkxdOQKBdqM1MVauwfcv41p6BHXoLwrm4UxQ51HxSA4Yk%2B1EWeLqSwdEbOFwsjcJCn2K0Uhcbuf9knLC7pN3JDptXirgeIgsSPKJDg4ns%2FzpFHlmhAn3OXb%2FF58N4eL0NOKrUHh47xxE39khw
INFO: [ app_begin ] --START--
INFO: Run ReadHtmlCache Behavior [ RunTime:0.001261s ]
INFO: [ app_begin ] --END-- [ RunTime:0.001356s ]
NOTIC: [8] Constant UC_CLIENT_VERSION already defined D:\wwwroot\mainweb\sdk\api\UcApi\Lib\Action\IndexAction.class.php 第 4 行.
NOTIC: [8] Constant UC_CLIENT_RELEASE already defined D:\wwwroot\mainweb\sdk\api\UcApi\Lib\Action\IndexAction.class.php 第 5 行.
NOTIC: [2048] Only variables should be passed by reference D:\wwwroot\mainweb\sdk\api\UcApi\Lib\Action\IndexAction.class.php 第 63 行.
NOTIC: [8] Constant API_RETURN_FAILED already defined D:\wwwroot\mainweb\sdk\uc_client\model\note.php 第 16 行.
SQL: SHOW COLUMNS FROM `sdk_accounts` [ RunTime:0.003340s ]
SQL: SELECT * FROM `sdk_accounts` WHERE ( `account_id` = 846 ) LIMIT 1   [ RunTime:0.000695s ]

[ 2013-06-13T12:53:10+08:00 ] 192.168.137.87 /api/uc.php?time=1371099190&code=fc28V0FZwsPouSxyfSq963IwNT%2BvTk0MhU8K1vBBz0idDkg%2FtN4jXJzAHNDm0Joww0rGnacQpBKHYU5D1fIGs81XDbjXX0IBj%2FmP%2FyGE5B%2BIGjrWChRKSwqHikerr7Hq3cXPdPs6ya0hvMj4Rwsg4ADUmmR2kJC%2BhSArhc1N
INFO: [ app_begin ] --START--
INFO: Run ReadHtmlCache Behavior [ RunTime:0.001206s ]
INFO: [ app_begin ] --END-- [ RunTime:0.001296s ]
NOTIC: [8] Constant UC_CLIENT_VERSION already defined D:\wwwroot\mainweb\sdk\api\UcApi\Lib\Action\IndexAction.class.php 第 4 行.
NOTIC: [8] Constant UC_CLIENT_RELEASE already defined D:\wwwroot\mainweb\sdk\api\UcApi\Lib\Action\IndexAction.class.php 第 5 行.
NOTIC: [2048] Only variables should be passed by reference D:\wwwroot\mainweb\sdk\api\UcApi\Lib\Action\IndexAction.class.php 第 63 行.
NOTIC: [8] Constant API_RETURN_FAILED already defined D:\wwwroot\mainweb\sdk\uc_client\model\note.php 第 16 行.
SQL: SHOW COLUMNS FROM `sdk_accounts` [ RunTime:0.001967s ]
SQL: SELECT * FROM `sdk_accounts` WHERE ( `account_id` = 1488 ) LIMIT 1   [ RunTime:0.000361s ]

[ 2013-06-13T13:23:10+08:00 ] 101.226.33.217 /api/uc.php?time=1371099190&code=fc28V0FZwsPouSxyfSq963IwNT%2BvTk0MhU8K1vBBz0idDkg%2FtN4jXJzAHNDm0Joww0rGnacQpBKHYU5D1fIGs81XDbjXX0IBj%2FmP%2FyGE5B%2BIGjrWChRKSwqHikerr7Hq3cXPdPs6ya0hvMj4Rwsg4ADUmmR2kJC%2BhSArhc1N
INFO: [ app_begin ] --START--
INFO: Run ReadHtmlCache Behavior [ RunTime:0.001253s ]
INFO: [ app_begin ] --END-- [ RunTime:0.001346s ]
NOTIC: [8] Constant UC_CLIENT_VERSION already defined D:\wwwroot\mainweb\sdk\api\UcApi\Lib\Action\IndexAction.class.php 第 4 行.
NOTIC: [8] Constant UC_CLIENT_RELEASE already defined D:\wwwroot\mainweb\sdk\api\UcApi\Lib\Action\IndexAction.class.php 第 5 行.
NOTIC: [2048] Only variables should be passed by reference D:\wwwroot\mainweb\sdk\api\UcApi\Lib\Action\IndexAction.class.php 第 63 行.
NOTIC: [8] Constant API_RETURN_FAILED already defined D:\wwwroot\mainweb\sdk\uc_client\model\note.php 第 16 行.
SQL: SHOW COLUMNS FROM `sdk_accounts` [ RunTime:0.002177s ]
SQL: SELECT * FROM `sdk_accounts` WHERE ( `account_id` = 1488 ) LIMIT 1   [ RunTime:0.000410s ]

[ 2013-06-13T13:25:24+08:00 ] 192.168.166.102 /api/uc.php?time=1371101122&code=7922PO%2BojvJuELlAYAQJO4FRhEexieESuuOKcni4%2FMLw3hvaz%2BAtFmyByevY1%2BEcs1y%2BfMiCC%2BBHr6ZZ5HZKct7TJwO64UQuXgocJbqg5qtCjvqtoDrxJ99Qc7JwopqelO%2BCVejr54VLaB9myIjVS0hryDuThfcVnNSjEGxzUt4a6w
INFO: [ app_begin ] --START--
INFO: Run ReadHtmlCache Behavior [ RunTime:0.001232s ]
INFO: [ app_begin ] --END-- [ RunTime:0.001325s ]
NOTIC: [8] Constant UC_CLIENT_VERSION already defined D:\wwwroot\mainweb\sdk\api\UcApi\Lib\Action\IndexAction.class.php 第 4 行.
NOTIC: [8] Constant UC_CLIENT_RELEASE already defined D:\wwwroot\mainweb\sdk\api\UcApi\Lib\Action\IndexAction.class.php 第 5 行.
NOTIC: [2048] Only variables should be passed by reference D:\wwwroot\mainweb\sdk\api\UcApi\Lib\Action\IndexAction.class.php 第 63 行.
NOTIC: [8] Constant API_RETURN_FAILED already defined D:\wwwroot\mainweb\sdk\uc_client\model\note.php 第 16 行.
SQL: SHOW COLUMNS FROM `sdk_accounts` [ RunTime:0.002151s ]
SQL: SELECT * FROM `sdk_accounts` WHERE ( `account_id` = 2178 ) LIMIT 1   [ RunTime:0.000573s ]

[ 2013-06-13T13:32:09+08:00 ] 192.168.203.138 /api/uc.php?time=1371101529&code=614ewjBX%2BNYJ10ew88XjB6fbqtDkk1DcIdi9r5AxXrEa%2Bjz%2B49eZsXRq53kkphcSCBFbiwIqqsIF1G9A0n%2FwOjovucbh9O%2Bvr1xS59pWVj5Gtj1StMgpTMSwLZSBnKNekHeKdFG1Ev8s%2ByneX5eS3iSdH2MOQDyFcmhCMDoMRQ
INFO: [ app_begin ] --START--
INFO: Run ReadHtmlCache Behavior [ RunTime:0.001245s ]
INFO: [ app_begin ] --END-- [ RunTime:0.001337s ]
NOTIC: [8] Constant UC_CLIENT_VERSION already defined D:\wwwroot\mainweb\sdk\api\UcApi\Lib\Action\IndexAction.class.php 第 4 行.
NOTIC: [8] Constant UC_CLIENT_RELEASE already defined D:\wwwroot\mainweb\sdk\api\UcApi\Lib\Action\IndexAction.class.php 第 5 行.
NOTIC: [2048] Only variables should be passed by reference D:\wwwroot\mainweb\sdk\api\UcApi\Lib\Action\IndexAction.class.php 第 63 行.
NOTIC: [8] Constant API_RETURN_FAILED already defined D:\wwwroot\mainweb\sdk\uc_client\model\note.php 第 16 行.
SQL: SHOW COLUMNS FROM `sdk_accounts` [ RunTime:0.002054s ]
SQL: SELECT * FROM `sdk_accounts` WHERE ( `account_id` = 2013 ) LIMIT 1   [ RunTime:0.000468s ]

[ 2013-06-13T14:13:41+08:00 ] 192.168.201.78 /api/uc.php?time=1371104020&code=e6368NdMXDVjMcq9dSZlCGInDL2lN7wD5%2FVlvVWFI5WcU5UL4H%2Fly%2F4078T7JgQoB2pgSELUP06hv%2Fp0Nnc7G%2BFemLMZpBq4BV5b5jBm15xYsHDQkCF2rqqbE6JE64nKe1NsfSTqztEYsCxGJ%2B5ea3rQ5cSZtpBlFSqTUeKT
INFO: [ app_begin ] --START--
INFO: Run ReadHtmlCache Behavior [ RunTime:0.001266s ]
INFO: [ app_begin ] --END-- [ RunTime:0.001359s ]
NOTIC: [8] Constant UC_CLIENT_VERSION already defined D:\wwwroot\mainweb\sdk\api\UcApi\Lib\Action\IndexAction.class.php 第 4 行.
NOTIC: [8] Constant UC_CLIENT_RELEASE already defined D:\wwwroot\mainweb\sdk\api\UcApi\Lib\Action\IndexAction.class.php 第 5 行.
NOTIC: [2048] Only variables should be passed by reference D:\wwwroot\mainweb\sdk\api\UcApi\Lib\Action\IndexAction.class.php 第 63 行.
NOTIC: [8] Constant API_RETURN_FAILED already defined D:\wwwroot\mainweb\sdk\uc_client\model\note.php 第 16 行.
SQL: SHOW COLUMNS FROM `sdk_accounts` [ RunTime:0.001925s ]
SQL: SELECT * FROM `sdk_accounts` WHERE ( `account_id` = 1701 ) LIMIT 1   [ RunTime:0.000409s ]

[ 2013-06-13T14:22:16+08:00 ] 192.168.132.194 /api/uc.php?time=1371104535&code=31c8473hYy09fFrBRrw6g4KCxxOI5GCw4K4mxiA8YnXvqUP2H2gZsB%2F9TDHqKx%2BO%2F0EZMXlNOUcZPNaSuiRAo7MCnUUsVocQ%2B3gguA5Do1X4NqZqIDvzFNQ4zcSbKFIxsz2mGMYg4agKtQElZmzknYQ%2FDkPyJ%2Fys10yAXe0cTO0
INFO: [ app_begin ] --START--
INFO: Run ReadHtmlCache Behavior [ RunTime:0.000916s ]
INFO: [ app_begin ] --END-- [ RunTime:0.001008s ]
NOTIC: [8] Constant UC_CLIENT_VERSION already defined D:\wwwroot\mainweb\sdk\api\UcApi\Lib\Action\IndexAction.class.php 第 4 行.
NOTIC: [8] Constant UC_CLIENT_RELEASE already defined D:\wwwroot\mainweb\sdk\api\UcApi\Lib\Action\IndexAction.class.php 第 5 行.
NOTIC: [2048] Only variables should be passed by reference D:\wwwroot\mainweb\sdk\api\UcApi\Lib\Action\IndexAction.class.php 第 63 行.
NOTIC: [8] Constant API_RETURN_FAILED already defined D:\wwwroot\mainweb\sdk\uc_client\model\note.php 第 16 行.
SQL: SHOW COLUMNS FROM `sdk_accounts` [ RunTime:0.002038s ]
SQL: SELECT * FROM `sdk_accounts` WHERE ( `account_id` = 1441 ) LIMIT 1   [ RunTime:0.000350s ]

[ 2013-06-13T14:51:26+08:00 ] 192.168.181.69 /api/uc.php?time=1371106286&code=36b6C0c6%2FDIaM%2Bz9zuhMOPdWuwa7rTFhka8df7M9p6BzMVrLVUZuobfPrXXKaG4U%2FRKhgrWfjEOSlZSBvK8a5oG%2BvYM9Cvhc6m9e6wPTGFaHhW68A8dSUo%2BGGdTFo0UPiFu5aqkcNczFCqQ05QAlMjdVwU3g2eRIp7zUUnNn7DQBJEAqFy4%2FzQ
INFO: [ app_begin ] --START--
INFO: Run ReadHtmlCache Behavior [ RunTime:0.001302s ]
INFO: [ app_begin ] --END-- [ RunTime:0.001396s ]
NOTIC: [8] Constant UC_CLIENT_VERSION already defined D:\wwwroot\mainweb\sdk\api\UcApi\Lib\Action\IndexAction.class.php 第 4 行.
NOTIC: [8] Constant UC_CLIENT_RELEASE already defined D:\wwwroot\mainweb\sdk\api\UcApi\Lib\Action\IndexAction.class.php 第 5 行.
NOTIC: [2048] Only variables should be passed by reference D:\wwwroot\mainweb\sdk\api\UcApi\Lib\Action\IndexAction.class.php 第 63 行.
NOTIC: [8] Constant API_RETURN_FAILED already defined D:\wwwroot\mainweb\sdk\uc_client\model\note.php 第 16 行.
SQL: SHOW COLUMNS FROM `sdk_accounts` [ RunTime:0.002319s ]
SQL: SELECT * FROM `sdk_accounts` WHERE ( `account_id` = 1943 ) LIMIT 1   [ RunTime:0.000851s ]

[ 2013-06-13T14:51:37+08:00 ] 192.168.141.5 /api/uc.php?time=1371106297&code=f0fb38IlolFbDgOtCb2yo56rbVTSdD18yHAuvd14Vi5EbPDtb9YRoCuEZdAcbalp4tXkh39bD0oI8yeLVrhwHf%2FtaubSIUBGGxYlUx5zt4SbTo93Jw7FZE2FTJJS%2B1X7yk5F3DtfX%2B95tReBfcDLSLSuYdjQnJiPhk0ALXk
INFO: [ app_begin ] --START--
INFO: Run ReadHtmlCache Behavior [ RunTime:0.001303s ]
INFO: [ app_begin ] --END-- [ RunTime:0.001402s ]
NOTIC: [8] Constant UC_CLIENT_VERSION already defined D:\wwwroot\mainweb\sdk\api\UcApi\Lib\Action\IndexAction.class.php 第 4 行.
NOTIC: [8] Constant UC_CLIENT_RELEASE already defined D:\wwwroot\mainweb\sdk\api\UcApi\Lib\Action\IndexAction.class.php 第 5 行.
NOTIC: [2048] Only variables should be passed by reference D:\wwwroot\mainweb\sdk\api\UcApi\Lib\Action\IndexAction.class.php 第 63 行.
NOTIC: [8] Constant API_RETURN_FAILED already defined D:\wwwroot\mainweb\sdk\uc_client\model\note.php 第 16 行.
SQL: SHOW COLUMNS FROM `sdk_accounts` [ RunTime:0.002241s ]
SQL: SELECT * FROM `sdk_accounts` WHERE ( `account_id` = 783 ) LIMIT 1   [ RunTime:0.000505s ]

