[ 2013-09-20T00:32:58+08:00 ] 192.168.139.79 /api/uc.php?time=1379608378&code=fe5djZ9Z%2FtaNWPpKzVZSrxqB6qA1f9B%2BvGMzXo%2FjzWUfUtLov4JNUI64VgGrbafCujT%2Fcyjg3GIUuOaZQ5JSCR3bDO9l9ZS0s8aISUtabJpgxnuKmsJ30lgD4Y47Ek%2F3Mf%2BC8%2FZWmcIddp8BYRc2Zph7nxLtuk1URGAh3lZSqhE
INFO: [ app_begin ] --START--
INFO: Run ReadHtmlCache Behavior [ RunTime:0.001282s ]
INFO: [ app_begin ] --END-- [ RunTime:0.001376s ]
NOTIC: [8] Constant UC_CLIENT_VERSION already defined D:\wwwroot\mainweb\sdk\api\UcApi\Lib\Action\IndexAction.class.php 第 4 行.
NOTIC: [8] Constant UC_CLIENT_RELEASE already defined D:\wwwroot\mainweb\sdk\api\UcApi\Lib\Action\IndexAction.class.php 第 5 行.
NOTIC: [2048] Only variables should be passed by reference D:\wwwroot\mainweb\sdk\api\UcApi\Lib\Action\IndexAction.class.php 第 63 行.
NOTIC: [8] Constant API_RETURN_FAILED already defined D:\wwwroot\mainweb\sdk\uc_client\model\note.php 第 16 行.
SQL: SHOW COLUMNS FROM `sdk_accounts` [ RunTime:0.002243s ]
SQL: SELECT * FROM `sdk_accounts` WHERE ( `account_id` = 910 ) LIMIT 1   [ RunTime:0.000585s ]

[ 2013-09-20T08:41:25+08:00 ] 192.168.176.139 /api/uc.php?time=1379637685&code=f7ecCd9xV3gZhBDR3fWr%2BZxrzt5lzTE4gp9jBtOEvxzbaxYBiZzaQHgK5cZSEn45kwCaiTdhBoQcVR0mlwG54wjEdswn08OXz%2FN9r59JVm7XP%2Fe2U%2BI50yqRDdKPQTEYdM7HLxVgeV5KyZCbzOLeDMyl0bE2aqHdVYpNImrUsVc
INFO: [ app_begin ] --START--
INFO: Run ReadHtmlCache Behavior [ RunTime:0.001052s ]
INFO: [ app_begin ] --END-- [ RunTime:0.001146s ]
NOTIC: [8] Constant UC_CLIENT_VERSION already defined D:\wwwroot\mainweb\sdk\api\UcApi\Lib\Action\IndexAction.class.php 第 4 行.
NOTIC: [8] Constant UC_CLIENT_RELEASE already defined D:\wwwroot\mainweb\sdk\api\UcApi\Lib\Action\IndexAction.class.php 第 5 行.
NOTIC: [2048] Only variables should be passed by reference D:\wwwroot\mainweb\sdk\api\UcApi\Lib\Action\IndexAction.class.php 第 63 行.
NOTIC: [8] Constant API_RETURN_FAILED already defined D:\wwwroot\mainweb\sdk\uc_client\model\note.php 第 16 行.
SQL: SHOW COLUMNS FROM `sdk_accounts` [ RunTime:0.002146s ]
SQL: SELECT * FROM `sdk_accounts` WHERE ( `account_id` = 856 ) LIMIT 1   [ RunTime:0.000446s ]

[ 2013-09-20T10:21:26+08:00 ] 192.168.163.76 /api/uc.php?time=1379643686&code=4894Jbe%2FDjmWado1KpM4xp2pP7Y740arbT5m3HbsErlmN%2BbuuAYs9W2I8lnoA%2BBYGtc2Cm8lhoMRH69WM0kqxTh7n0%2Flq6rzdvQw88dexxuEJNlkDVql1Hct8HttpwDjYnmnFv3TA9MrHu8cRUJ9RJXMO5A%2BnjIXMs3lM4TzEQ
INFO: [ app_begin ] --START--
INFO: Run ReadHtmlCache Behavior [ RunTime:0.001043s ]
INFO: [ app_begin ] --END-- [ RunTime:0.001135s ]
NOTIC: [8] Constant UC_CLIENT_VERSION already defined D:\wwwroot\mainweb\sdk\api\UcApi\Lib\Action\IndexAction.class.php 第 4 行.
NOTIC: [8] Constant UC_CLIENT_RELEASE already defined D:\wwwroot\mainweb\sdk\api\UcApi\Lib\Action\IndexAction.class.php 第 5 行.
NOTIC: [2048] Only variables should be passed by reference D:\wwwroot\mainweb\sdk\api\UcApi\Lib\Action\IndexAction.class.php 第 63 行.
NOTIC: [8] Constant API_RETURN_FAILED already defined D:\wwwroot\mainweb\sdk\uc_client\model\note.php 第 16 行.
SQL: SHOW COLUMNS FROM `sdk_accounts` [ RunTime:0.002062s ]
SQL: SELECT * FROM `sdk_accounts` WHERE ( `account_id` = 1103 ) LIMIT 1   [ RunTime:0.000558s ]

[ 2013-09-20T15:50:41+08:00 ] 192.168.182.100 /api/uc.php?time=1379663441&code=489cRAsoGWYaASisWTUHeDTEUlmQvJ8DKoG2TWdhCyba9eZBNjWF6LpOL2bHNj47h8X%2FbFyOdCYw8TL07UeWUZp6GmR6Of8Izutf4Gi6Hwe%2BhhdfBQr2BmKsdIa3IpQdq37zUHy0YZYQ6aylu1UakBhPuceY8F71l7rYeRCD3jcS
INFO: [ app_begin ] --START--
INFO: Run ReadHtmlCache Behavior [ RunTime:0.001383s ]
INFO: [ app_begin ] --END-- [ RunTime:0.001477s ]
NOTIC: [8] Constant UC_CLIENT_VERSION already defined D:\wwwroot\mainweb\sdk\api\UcApi\Lib\Action\IndexAction.class.php 第 4 行.
NOTIC: [8] Constant UC_CLIENT_RELEASE already defined D:\wwwroot\mainweb\sdk\api\UcApi\Lib\Action\IndexAction.class.php 第 5 行.
NOTIC: [2048] Only variables should be passed by reference D:\wwwroot\mainweb\sdk\api\UcApi\Lib\Action\IndexAction.class.php 第 63 行.
NOTIC: [8] Constant API_RETURN_FAILED already defined D:\wwwroot\mainweb\sdk\uc_client\model\note.php 第 16 行.
SQL: SHOW COLUMNS FROM `sdk_accounts` [ RunTime:0.002791s ]
SQL: SELECT * FROM `sdk_accounts` WHERE ( `account_id` = 580 ) LIMIT 1   [ RunTime:0.000414s ]

[ 2013-09-20T16:34:28+08:00 ] 192.168.166.5 /api/uc.php?time=1379666067&code=d8d63X2cQSRCAsslyPsiuj1rOLQ%2FAop%2Bu%2F%2BeZoUtgoP9q%2Bi7BgKITa4rC%2BTA1RR88uDxMN%2BHvxVJHBQrKFQa9Bt5%2BA8bS1gOnYv2w%2BdR8ttXTM%2Bl70s7twkvDHyzeAu%2BUgbDCZ49aOtUxyadJ8bfr5rymb9B27MTh6lGfZRBNdCUxUMdug
INFO: [ app_begin ] --START--
INFO: Run ReadHtmlCache Behavior [ RunTime:0.001347s ]
INFO: [ app_begin ] --END-- [ RunTime:0.001443s ]
NOTIC: [8] Constant UC_CLIENT_VERSION already defined D:\wwwroot\mainweb\sdk\api\UcApi\Lib\Action\IndexAction.class.php 第 4 行.
NOTIC: [8] Constant UC_CLIENT_RELEASE already defined D:\wwwroot\mainweb\sdk\api\UcApi\Lib\Action\IndexAction.class.php 第 5 行.
NOTIC: [2048] Only variables should be passed by reference D:\wwwroot\mainweb\sdk\api\UcApi\Lib\Action\IndexAction.class.php 第 63 行.
NOTIC: [8] Constant API_RETURN_FAILED already defined D:\wwwroot\mainweb\sdk\uc_client\model\note.php 第 16 行.
SQL: SHOW COLUMNS FROM `sdk_accounts` [ RunTime:0.002452s ]
SQL: SELECT * FROM `sdk_accounts` WHERE ( `account_id` = 1888 ) LIMIT 1   [ RunTime:0.000572s ]

[ 2013-09-20T16:36:38+08:00 ] 119.147.146.118 /api/uc.php?time=1379666067&code=d8d63x2cqsrcasslypsiuj1rolq%2faop%2bu%2f%2bezoutgop9q%2bi7bgkita4rc%2bta1rr88udxmn%2bhvxvjhbqrkfqa9bt5%2ba8bs1gonyv2w%2bdr8ttxtm%2bl70s7twkvdhyzeau%2bugbdcz49aotuxyadj8bfr5rymb9b27mth6lgfzrbndcuxumdug
INFO: [ app_begin ] --START--
INFO: Run ReadHtmlCache Behavior [ RunTime:0.001096s ]
INFO: [ app_begin ] --END-- [ RunTime:0.001194s ]
NOTIC: [8] Constant UC_CLIENT_VERSION already defined D:\wwwroot\mainweb\sdk\api\UcApi\Lib\Action\IndexAction.class.php 第 4 行.
NOTIC: [8] Constant UC_CLIENT_RELEASE already defined D:\wwwroot\mainweb\sdk\api\UcApi\Lib\Action\IndexAction.class.php 第 5 行.
NOTIC: [8] Undefined index:  time D:\wwwroot\mainweb\sdk\api\UcApi\Lib\Action\IndexAction.class.php 第 54 行.

[ 2013-09-20T17:58:52+08:00 ] 192.168.201.144 /api/uc.php?time=1379671132&code=f510CIwmmXULLibmelgN%2F%2BqKAOKLedEJN2DRYMvOUK5qinL6ZnrkipZC%2BMdXR7w8hGqbfTagcEydGgArWwYlcpOZjgtS%2B2cg6U4KUbcSElYIfjMc8MzjJzf6YAiUMdLgUbIGiWawdBUBSi0GaVVA9g%2Fo0gyNpjKaIUXrYA
INFO: [ app_begin ] --START--
INFO: Run ReadHtmlCache Behavior [ RunTime:0.001219s ]
INFO: [ app_begin ] --END-- [ RunTime:0.001311s ]
NOTIC: [8] Constant UC_CLIENT_VERSION already defined D:\wwwroot\mainweb\sdk\api\UcApi\Lib\Action\IndexAction.class.php 第 4 行.
NOTIC: [8] Constant UC_CLIENT_RELEASE already defined D:\wwwroot\mainweb\sdk\api\UcApi\Lib\Action\IndexAction.class.php 第 5 行.
NOTIC: [2048] Only variables should be passed by reference D:\wwwroot\mainweb\sdk\api\UcApi\Lib\Action\IndexAction.class.php 第 63 行.
NOTIC: [8] Constant API_RETURN_FAILED already defined D:\wwwroot\mainweb\sdk\uc_client\model\note.php 第 16 行.
SQL: SHOW COLUMNS FROM `sdk_accounts` [ RunTime:0.002278s ]
SQL: SELECT * FROM `sdk_accounts` WHERE ( `account_id` = 1640 ) LIMIT 1   [ RunTime:0.000621s ]

[ 2013-09-20T18:55:33+08:00 ] 192.168.200.195 /api/uc.php?time=1379674532&code=16d06j28GTw93SRSdBzWUjM54oZUZmlI%2BlvKfzydmR8yvXEifLGzmH2C19mLgOhkXfQKCEBKwT6XeYVcrANzvLumKwusV2SDGkxKgeVjSCWaPgIJzxzkmvd%2B3YSRptfXDtbvvt6wpG9xC8sw%2FDriRTnmBdHg0Zf%2BV0CwXKzob0Y
INFO: [ app_begin ] --START--
INFO: Run ReadHtmlCache Behavior [ RunTime:0.001043s ]
INFO: [ app_begin ] --END-- [ RunTime:0.001136s ]
NOTIC: [8] Constant UC_CLIENT_VERSION already defined D:\wwwroot\mainweb\sdk\api\UcApi\Lib\Action\IndexAction.class.php 第 4 行.
NOTIC: [8] Constant UC_CLIENT_RELEASE already defined D:\wwwroot\mainweb\sdk\api\UcApi\Lib\Action\IndexAction.class.php 第 5 行.
NOTIC: [2048] Only variables should be passed by reference D:\wwwroot\mainweb\sdk\api\UcApi\Lib\Action\IndexAction.class.php 第 63 行.
NOTIC: [8] Constant API_RETURN_FAILED already defined D:\wwwroot\mainweb\sdk\uc_client\model\note.php 第 16 行.
SQL: SHOW COLUMNS FROM `sdk_accounts` [ RunTime:0.002147s ]
SQL: SELECT * FROM `sdk_accounts` WHERE ( `account_id` = 1797 ) LIMIT 1   [ RunTime:0.000344s ]

[ 2013-09-20T21:29:08+08:00 ] 192.168.181.198 /api/uc.php?time=1379683748&code=179exs8zvyL3Z5HdKeERmLgeEzu8ELiQRXYIsjgI8OHocxOQW0Eucdo5ddOgsxviLUp0jAJbtud5u%2BPhIGZ%2F7wzfl46t%2Fbf81LIYEm6LOSmP2ZCjxZlRFT8pxzacMCVI5qSTYDcXmntG1lipp%2F4khmbXReN1AayYx7%2Bg21XRN7IOnIEU
INFO: [ app_begin ] --START--
INFO: Run ReadHtmlCache Behavior [ RunTime:0.001130s ]
INFO: [ app_begin ] --END-- [ RunTime:0.001224s ]
NOTIC: [8] Constant UC_CLIENT_VERSION already defined D:\wwwroot\mainweb\sdk\api\UcApi\Lib\Action\IndexAction.class.php 第 4 行.
NOTIC: [8] Constant UC_CLIENT_RELEASE already defined D:\wwwroot\mainweb\sdk\api\UcApi\Lib\Action\IndexAction.class.php 第 5 行.
NOTIC: [2048] Only variables should be passed by reference D:\wwwroot\mainweb\sdk\api\UcApi\Lib\Action\IndexAction.class.php 第 63 行.
NOTIC: [8] Constant API_RETURN_FAILED already defined D:\wwwroot\mainweb\sdk\uc_client\model\note.php 第 16 行.
SQL: SHOW COLUMNS FROM `sdk_accounts` [ RunTime:0.002437s ]
SQL: SELECT * FROM `sdk_accounts` WHERE ( `account_id` = 731 ) LIMIT 1   [ RunTime:0.000357s ]

[ 2013-09-20T21:47:25+08:00 ] 192.168.171.70 /api/uc.php?time=1379684845&code=04f18Qk0VlLb7w%2FMbIFSmIw3ZJjPkmMWu6K5w2EYZGrXr3ZLDlAr0MCjNPd1Yzd8p%2BICn2CYZCqjPsI9q1EgfVd5TnzEr7PNC%2FlnocNOYvQIkAmZeBvv4yXFlyzrs1HrPRoDtiB6CXiqg8z7fUWtwrx%2BLv%2FdqfOgVb6P2w
INFO: [ app_begin ] --START--
INFO: Run ReadHtmlCache Behavior [ RunTime:0.000726s ]
INFO: [ app_begin ] --END-- [ RunTime:0.000818s ]
NOTIC: [8] Constant UC_CLIENT_VERSION already defined D:\wwwroot\mainweb\sdk\api\UcApi\Lib\Action\IndexAction.class.php 第 4 行.
NOTIC: [8] Constant UC_CLIENT_RELEASE already defined D:\wwwroot\mainweb\sdk\api\UcApi\Lib\Action\IndexAction.class.php 第 5 行.
NOTIC: [2048] Only variables should be passed by reference D:\wwwroot\mainweb\sdk\api\UcApi\Lib\Action\IndexAction.class.php 第 63 行.
NOTIC: [8] Constant API_RETURN_FAILED already defined D:\wwwroot\mainweb\sdk\uc_client\model\note.php 第 16 行.
SQL: SHOW COLUMNS FROM `sdk_accounts` [ RunTime:0.002108s ]
SQL: SELECT * FROM `sdk_accounts` WHERE ( `account_id` = 1727 ) LIMIT 1   [ RunTime:0.000389s ]

[ 2013-09-20T22:44:16+08:00 ] 192.168.178.230 /api/uc.php?time=1379688256&code=b413drnF%2BCIXV%2BehKffO4KOQyBozVlo1AAIziP%2FlhOzTFGvKzsomfFqGQPJbyMd72AHNI6PnGP5U%2FJcscQfcT8FLS01sHP7JgQeJ5bb%2F9B7eghgp%2BT5NzLI19PPr1FReBMn1MEzVmYlHAaxy%2FvJpbXP94GYTxwhTjc8F5LRpR3AgFbVFiP7k6A
INFO: [ app_begin ] --START--
INFO: Run ReadHtmlCache Behavior [ RunTime:0.001146s ]
INFO: [ app_begin ] --END-- [ RunTime:0.001237s ]
NOTIC: [8] Constant UC_CLIENT_VERSION already defined D:\wwwroot\mainweb\sdk\api\UcApi\Lib\Action\IndexAction.class.php 第 4 行.
NOTIC: [8] Constant UC_CLIENT_RELEASE already defined D:\wwwroot\mainweb\sdk\api\UcApi\Lib\Action\IndexAction.class.php 第 5 行.
NOTIC: [2048] Only variables should be passed by reference D:\wwwroot\mainweb\sdk\api\UcApi\Lib\Action\IndexAction.class.php 第 63 行.
NOTIC: [8] Constant API_RETURN_FAILED already defined D:\wwwroot\mainweb\sdk\uc_client\model\note.php 第 16 行.
SQL: SHOW COLUMNS FROM `sdk_accounts` [ RunTime:0.002521s ]
SQL: SELECT * FROM `sdk_accounts` WHERE ( `account_id` = 1900 ) LIMIT 1   [ RunTime:0.000712s ]

[ 2013-09-20T22:50:59+08:00 ] 192.168.139.220 /api/uc.php?time=1379688659&code=ae75uELrcW0kC32NDvxYgB%2FRlUbRybAiquJ2C2%2F1mcq9nP5C8REgmP3oPbR4YPnFzczSJgLtln2SsuaqWz%2BWhVF1%2F9ON6mpVDW%2B3%2FtPR5tigExs3sZ%2BOYftL1v4DRjCcLdaPlNnjLZi8mLo4HlaLQYRsMyvSY5SvPPbnAeSXq%2Fex
INFO: [ app_begin ] --START--
INFO: Run ReadHtmlCache Behavior [ RunTime:0.001121s ]
INFO: [ app_begin ] --END-- [ RunTime:0.001212s ]
NOTIC: [8] Constant UC_CLIENT_VERSION already defined D:\wwwroot\mainweb\sdk\api\UcApi\Lib\Action\IndexAction.class.php 第 4 行.
NOTIC: [8] Constant UC_CLIENT_RELEASE already defined D:\wwwroot\mainweb\sdk\api\UcApi\Lib\Action\IndexAction.class.php 第 5 行.
NOTIC: [2048] Only variables should be passed by reference D:\wwwroot\mainweb\sdk\api\UcApi\Lib\Action\IndexAction.class.php 第 63 行.
NOTIC: [8] Constant API_RETURN_FAILED already defined D:\wwwroot\mainweb\sdk\uc_client\model\note.php 第 16 行.
SQL: SHOW COLUMNS FROM `sdk_accounts` [ RunTime:0.002053s ]
SQL: SELECT * FROM `sdk_accounts` WHERE ( `account_id` = 2430 ) LIMIT 1   [ RunTime:0.000485s ]
SQL: INSERT INTO `sdk_accounts` (`account_id`,`user_name`,`email`,`password`,`reg_time`) VALUES (2430,'lwb11811','liuwenbin5@126.com','9e3e2ee29b9f76c3a31e4bf5c393a7b6f16a7550',1379688659) [ RunTime:0.002001s ]

[ 2013-09-20T22:51:44+08:00 ] 192.168.139.220 /api/uc.php?time=1379688703&code=2c7ehxJH10opXB1zkMABxgbNJthzfw9HfTcwixVbm%2BpdEsLUrJGGRyrhl0Nt3k%2BoPvomD%2FnV8GxmJ%2B5gNm1swf16llkRnd6JMiwZuBFV7ycYlTMe2vjXXgE1MsjR5uSOO0j14yGgLsofBQJwJv91ip%2F3tG0UkpMITZXXexQKE3Il
INFO: [ app_begin ] --START--
INFO: Run ReadHtmlCache Behavior [ RunTime:0.001041s ]
INFO: [ app_begin ] --END-- [ RunTime:0.001131s ]
NOTIC: [8] Constant UC_CLIENT_VERSION already defined D:\wwwroot\mainweb\sdk\api\UcApi\Lib\Action\IndexAction.class.php 第 4 行.
NOTIC: [8] Constant UC_CLIENT_RELEASE already defined D:\wwwroot\mainweb\sdk\api\UcApi\Lib\Action\IndexAction.class.php 第 5 行.
NOTIC: [2048] Only variables should be passed by reference D:\wwwroot\mainweb\sdk\api\UcApi\Lib\Action\IndexAction.class.php 第 63 行.
NOTIC: [8] Constant API_RETURN_FAILED already defined D:\wwwroot\mainweb\sdk\uc_client\model\note.php 第 16 行.
SQL: SHOW COLUMNS FROM `sdk_accounts` [ RunTime:0.002216s ]
SQL: SELECT * FROM `sdk_accounts` WHERE ( `account_id` = 2430 ) LIMIT 1   [ RunTime:0.000515s ]

[ 2013-09-20T23:57:43+08:00 ] 192.168.163.146 /api/uc.php?time=1379692663&code=8897NaxbFoKDCfQ0by2RL4IylQh8hpEFDqk02bvzBG02fIy9umJkjZd3%2Ba3EivWUOaCtGpPt6y8UhYcqLVWvFIWSpZ%2FKCcS%2BIIAOIPWEli9OCEToJxYNQxi0Q9Y3Zbm1lfTTcxDHKaExZ1EMgBFdpx0a1bDtcWdn4UX4V%2FGZtw
INFO: [ app_begin ] --START--
INFO: Run ReadHtmlCache Behavior [ RunTime:0.001077s ]
INFO: [ app_begin ] --END-- [ RunTime:0.001185s ]
NOTIC: [8] Constant UC_CLIENT_VERSION already defined D:\wwwroot\mainweb\sdk\api\UcApi\Lib\Action\IndexAction.class.php 第 4 行.
NOTIC: [8] Constant UC_CLIENT_RELEASE already defined D:\wwwroot\mainweb\sdk\api\UcApi\Lib\Action\IndexAction.class.php 第 5 行.
NOTIC: [2048] Only variables should be passed by reference D:\wwwroot\mainweb\sdk\api\UcApi\Lib\Action\IndexAction.class.php 第 63 行.
NOTIC: [8] Constant API_RETURN_FAILED already defined D:\wwwroot\mainweb\sdk\uc_client\model\note.php 第 16 行.
SQL: SHOW COLUMNS FROM `sdk_accounts` [ RunTime:0.002162s ]
SQL: SELECT * FROM `sdk_accounts` WHERE ( `account_id` = 1176 ) LIMIT 1   [ RunTime:0.000415s ]

