[ 2013-09-10T00:09:48+08:00 ] 192.168.205.77 /api/uc.php?time=1378742988&code=3f68AbTWSobRHj4PuY5PmbDHyeeTCf5TwgIJMkQAcpG9N7xzqhhPI1VE7d1T9pfQKx756MdLqk1zFbMtsx3hCt5MWsAiy0qofoRMfPeDZePdGs60oeDKgjpuH%2BMwUONPeyaPFNACXaWASRQHOLjtbjFGu34K%2FHFdPX8qnhMwxg
INFO: [ app_begin ] --START--
INFO: Run ReadHtmlCache Behavior [ RunTime:0.001357s ]
INFO: [ app_begin ] --END-- [ RunTime:0.001449s ]
NOTIC: [8] Constant UC_CLIENT_VERSION already defined D:\wwwroot\mainweb\sdk\api\UcApi\Lib\Action\IndexAction.class.php 第 4 行.
NOTIC: [8] Constant UC_CLIENT_RELEASE already defined D:\wwwroot\mainweb\sdk\api\UcApi\Lib\Action\IndexAction.class.php 第 5 行.
NOTIC: [2048] Only variables should be passed by reference D:\wwwroot\mainweb\sdk\api\UcApi\Lib\Action\IndexAction.class.php 第 63 行.
NOTIC: [8] Constant API_RETURN_FAILED already defined D:\wwwroot\mainweb\sdk\uc_client\model\note.php 第 16 行.
SQL: SHOW COLUMNS FROM `sdk_accounts` [ RunTime:0.002107s ]
SQL: SELECT * FROM `sdk_accounts` WHERE ( `account_id` = 519 ) LIMIT 1   [ RunTime:0.000845s ]

[ 2013-09-10T11:02:30+08:00 ] 192.168.206.193 /api/uc.php?time=1378782150&code=253e6O%2B5XEZdbDX9r76DTWv5fUVF9jr9aSX819L5PdQ2w7GkTK1Xc2PD0U4%2BjdCJl4PhyJm%2FAj0tEW1pnKT%2BqX6wqd4RoeTtW1oLp%2FaAdc%2BCK3z9q3vTdmpj677G25JtDsHFqMvcqwfZXm%2FoTH5OQiWInpaMNDBmN3tMLFrjKA
INFO: [ app_begin ] --START--
INFO: Run ReadHtmlCache Behavior [ RunTime:0.001414s ]
INFO: [ app_begin ] --END-- [ RunTime:0.001508s ]
NOTIC: [8] Constant UC_CLIENT_VERSION already defined D:\wwwroot\mainweb\sdk\api\UcApi\Lib\Action\IndexAction.class.php 第 4 行.
NOTIC: [8] Constant UC_CLIENT_RELEASE already defined D:\wwwroot\mainweb\sdk\api\UcApi\Lib\Action\IndexAction.class.php 第 5 行.
NOTIC: [2048] Only variables should be passed by reference D:\wwwroot\mainweb\sdk\api\UcApi\Lib\Action\IndexAction.class.php 第 63 行.
NOTIC: [8] Constant API_RETURN_FAILED already defined D:\wwwroot\mainweb\sdk\uc_client\model\note.php 第 16 行.
SQL: SHOW COLUMNS FROM `sdk_accounts` [ RunTime:0.002522s ]
SQL: SELECT * FROM `sdk_accounts` WHERE ( `account_id` = 1092 ) LIMIT 1   [ RunTime:0.000600s ]

[ 2013-09-10T11:27:36+08:00 ] 192.168.166.130 /api/uc.php?time=1378783655&code=d842XbadkmeHcfLDBdxHv5WWbC8YKKdTIEFNVxXEkeO99db7XLptrcw74O%2Fr5rLBBL%2BIxoZnjBtk42MxWMxwyNeNVw6YBwyRlW4Y149Oklv3zk5AR3Md3LmcqgykY5mzisrPJN9dDj%2FrP%2BUz48fUEPDU5yxlhN3Z7Z%2BCy589UvXkJNL2
INFO: [ app_begin ] --START--
INFO: Run ReadHtmlCache Behavior [ RunTime:0.001234s ]
INFO: [ app_begin ] --END-- [ RunTime:0.001326s ]
NOTIC: [8] Constant UC_CLIENT_VERSION already defined D:\wwwroot\mainweb\sdk\api\UcApi\Lib\Action\IndexAction.class.php 第 4 行.
NOTIC: [8] Constant UC_CLIENT_RELEASE already defined D:\wwwroot\mainweb\sdk\api\UcApi\Lib\Action\IndexAction.class.php 第 5 行.
NOTIC: [2048] Only variables should be passed by reference D:\wwwroot\mainweb\sdk\api\UcApi\Lib\Action\IndexAction.class.php 第 63 行.
NOTIC: [8] Constant API_RETURN_FAILED already defined D:\wwwroot\mainweb\sdk\uc_client\model\note.php 第 16 行.
SQL: SHOW COLUMNS FROM `sdk_accounts` [ RunTime:0.002501s ]
SQL: SELECT * FROM `sdk_accounts` WHERE ( `account_id` = 2314 ) LIMIT 1   [ RunTime:0.000648s ]

[ 2013-09-10T11:39:10+08:00 ] 192.168.200.73 /api/uc.php?time=1378784350&code=e7acRpb8DEdS%2Fdz6GnqP1FObR2UQozRalPFHJH1fV61PJqB1FTlqeqDrBNN6hPLFtinLbmQS3IxerwQkEp2OP1C1nqdmXCmZNfBQVFufhd5xSWW8FHq7GsqbUlx7t7fyRIL1qlDmTWquY3Fvmy7QmrEBVy9aGtlmy59hQFnXAg
INFO: [ app_begin ] --START--
INFO: Run ReadHtmlCache Behavior [ RunTime:0.001248s ]
INFO: [ app_begin ] --END-- [ RunTime:0.001343s ]
NOTIC: [8] Constant UC_CLIENT_VERSION already defined D:\wwwroot\mainweb\sdk\api\UcApi\Lib\Action\IndexAction.class.php 第 4 行.
NOTIC: [8] Constant UC_CLIENT_RELEASE already defined D:\wwwroot\mainweb\sdk\api\UcApi\Lib\Action\IndexAction.class.php 第 5 行.
NOTIC: [2048] Only variables should be passed by reference D:\wwwroot\mainweb\sdk\api\UcApi\Lib\Action\IndexAction.class.php 第 63 行.
NOTIC: [8] Constant API_RETURN_FAILED already defined D:\wwwroot\mainweb\sdk\uc_client\model\note.php 第 16 行.
SQL: SHOW COLUMNS FROM `sdk_accounts` [ RunTime:0.002173s ]
SQL: SELECT * FROM `sdk_accounts` WHERE ( `account_id` = 2414 ) LIMIT 1   [ RunTime:0.000537s ]
SQL: INSERT INTO `sdk_accounts` (`account_id`,`user_name`,`email`,`password`,`reg_time`) VALUES (2414,'维哥','46752656@qq.com','8fb40e6a4f7d3b3bba3e6de70eaceaeb35b21558',1378784350) [ RunTime:0.001517s ]

[ 2013-09-10T11:51:00+08:00 ] 192.168.182.6 /api/uc.php?time=1378785060&code=f625ixwnelqt6I1YDmQWKr2SXYdC3MDihA3Vq0koES2Bu4W4Vw%2FnrfhqNHksYD89RbBBbOjos%2BwcAfZmrjb74Ge2D7UUCa0tYFSOmFKVo%2F%2F4o9mE8UeXhWHiBTRUnW42pewUDVD%2FP48%2F0UZtQEL3bbNVHuEiQ37HIP0c1lMfwAzpHrU7qQ
INFO: [ app_begin ] --START--
INFO: Run ReadHtmlCache Behavior [ RunTime:0.001323s ]
INFO: [ app_begin ] --END-- [ RunTime:0.001413s ]
NOTIC: [8] Constant UC_CLIENT_VERSION already defined D:\wwwroot\mainweb\sdk\api\UcApi\Lib\Action\IndexAction.class.php 第 4 行.
NOTIC: [8] Constant UC_CLIENT_RELEASE already defined D:\wwwroot\mainweb\sdk\api\UcApi\Lib\Action\IndexAction.class.php 第 5 行.
NOTIC: [2048] Only variables should be passed by reference D:\wwwroot\mainweb\sdk\api\UcApi\Lib\Action\IndexAction.class.php 第 63 行.
NOTIC: [8] Constant API_RETURN_FAILED already defined D:\wwwroot\mainweb\sdk\uc_client\model\note.php 第 16 行.
SQL: SHOW COLUMNS FROM `sdk_accounts` [ RunTime:0.002168s ]
SQL: SELECT * FROM `sdk_accounts` WHERE ( `account_id` = 1767 ) LIMIT 1   [ RunTime:0.000409s ]

[ 2013-09-10T11:54:18+08:00 ] 202.116.192.50 /api/uc.php?code=4b6bwwIslibCxa%2FAIV7k5irty07JdSTLh62jo8aHzCU6Sn4zbVvkV52nCf%2FAd51Yf2s3bu4ksonjbrvbOHXnHIegBUqSKgZmW5qdqGFdXpvxox4XuNmsA%2BnywhVMoA9v7Mg&__times__=1
INFO: [ app_begin ] --START--
INFO: Run ReadHtmlCache Behavior [ RunTime:0.001097s ]
INFO: [ app_begin ] --END-- [ RunTime:0.001196s ]
NOTIC: [8] Constant UC_CLIENT_VERSION already defined D:\wwwroot\mainweb\sdk\api\UcApi\Lib\Action\IndexAction.class.php 第 4 行.
NOTIC: [8] Constant UC_CLIENT_RELEASE already defined D:\wwwroot\mainweb\sdk\api\UcApi\Lib\Action\IndexAction.class.php 第 5 行.
NOTIC: [2048] Only variables should be passed by reference D:\wwwroot\mainweb\sdk\api\UcApi\Lib\Action\IndexAction.class.php 第 63 行.

[ 2013-09-10T11:54:18+08:00 ] 192.168.200.73 /api/uc.php?time=1378785257&code=a071cKUEzIs3%2BQ7WZPIW%2BZn1mXYMc9omEI%2FUWfD7vbKSC3unE9eV9D2TpEsVOVF4lqVsjY2UL6kEoMnczE7SKDNw%2FI9b48cJe3Q2Rih3T%2F%2FGomU4ns4FBcqUYKDFPHykad07nJoI5zFvBrKLxWV4CrrFWIy2LpUVegaY7RePsQ
INFO: [ app_begin ] --START--
INFO: Run ReadHtmlCache Behavior [ RunTime:0.001265s ]
INFO: [ app_begin ] --END-- [ RunTime:0.001355s ]
NOTIC: [8] Constant UC_CLIENT_VERSION already defined D:\wwwroot\mainweb\sdk\api\UcApi\Lib\Action\IndexAction.class.php 第 4 行.
NOTIC: [8] Constant UC_CLIENT_RELEASE already defined D:\wwwroot\mainweb\sdk\api\UcApi\Lib\Action\IndexAction.class.php 第 5 行.
NOTIC: [2048] Only variables should be passed by reference D:\wwwroot\mainweb\sdk\api\UcApi\Lib\Action\IndexAction.class.php 第 63 行.
NOTIC: [8] Constant API_RETURN_FAILED already defined D:\wwwroot\mainweb\sdk\uc_client\model\note.php 第 16 行.
SQL: SHOW COLUMNS FROM `sdk_accounts` [ RunTime:0.002399s ]
SQL: SELECT * FROM `sdk_accounts` WHERE ( `account_id` = 2414 ) LIMIT 1   [ RunTime:0.000482s ]
NOTIC: [8] Undefined index:  apph D:\wwwroot\mainweb\sdk\uc_client\model\note.php 第 169 行.
NOTIC: [8] Undefined offset:  2 D:\wwwroot\mainweb\sdk\uc_client\model\note.php 第 141 行.

[ 2013-09-10T11:58:33+08:00 ] 192.168.136.17 /api/uc.php?time=1378785512&code=cd28UJMP6UtiyAbEN0LOO4fwux4cS%2FpmIkoXRGQkQ2cgnI%2Fw2XnvsVISY%2FvL2VzzSNRaKBQ%2BWbXHRzfvVR7VzLSlD6Ad7aaAGcG%2F70g5IxzRxoaSN2PUWJ%2BlAsg3vDGZe9s8b%2BF6hYhfz4%2BCtTJH3VD28F9KSMVBH%2FSdL8gsPUGM7A
INFO: [ app_begin ] --START--
INFO: Run ReadHtmlCache Behavior [ RunTime:0.001674s ]
INFO: [ app_begin ] --END-- [ RunTime:0.001767s ]
NOTIC: [8] Constant UC_CLIENT_VERSION already defined D:\wwwroot\mainweb\sdk\api\UcApi\Lib\Action\IndexAction.class.php 第 4 行.
NOTIC: [8] Constant UC_CLIENT_RELEASE already defined D:\wwwroot\mainweb\sdk\api\UcApi\Lib\Action\IndexAction.class.php 第 5 行.
NOTIC: [2048] Only variables should be passed by reference D:\wwwroot\mainweb\sdk\api\UcApi\Lib\Action\IndexAction.class.php 第 63 行.
NOTIC: [8] Constant API_RETURN_FAILED already defined D:\wwwroot\mainweb\sdk\uc_client\model\note.php 第 16 行.
SQL: SHOW COLUMNS FROM `sdk_accounts` [ RunTime:0.002089s ]
SQL: SELECT * FROM `sdk_accounts` WHERE ( `account_id` = 562 ) LIMIT 1   [ RunTime:0.000454s ]

[ 2013-09-10T11:59:46+08:00 ] 192.168.201.7 /api/uc.php?time=1378785586&code=49faKaM5wk9Z8oXTT5pt38VY02fY3yZdeCuv4%2BXBjMYcwULm1pjVCXfge8g0WEHj85q%2FtAol5N%2FL4sAwzf%2Fw6tK%2F2GIM628PpE3s6FLFsl%2BduOKzD%2Fx37jgErmvC5YXCqR8P%2Fk5Y01ZhKBPTGALFaW3sA7tQW2IDCDNrVwM%2BfHI4
INFO: [ app_begin ] --START--
INFO: Run ReadHtmlCache Behavior [ RunTime:0.001366s ]
INFO: [ app_begin ] --END-- [ RunTime:0.001457s ]
NOTIC: [8] Constant UC_CLIENT_VERSION already defined D:\wwwroot\mainweb\sdk\api\UcApi\Lib\Action\IndexAction.class.php 第 4 行.
NOTIC: [8] Constant UC_CLIENT_RELEASE already defined D:\wwwroot\mainweb\sdk\api\UcApi\Lib\Action\IndexAction.class.php 第 5 行.
NOTIC: [2048] Only variables should be passed by reference D:\wwwroot\mainweb\sdk\api\UcApi\Lib\Action\IndexAction.class.php 第 63 行.
NOTIC: [8] Constant API_RETURN_FAILED already defined D:\wwwroot\mainweb\sdk\uc_client\model\note.php 第 16 行.
SQL: SHOW COLUMNS FROM `sdk_accounts` [ RunTime:0.001844s ]
SQL: SELECT * FROM `sdk_accounts` WHERE ( `account_id` = 2228 ) LIMIT 1   [ RunTime:0.000537s ]

[ 2013-09-10T12:08:04+08:00 ] 59.41.169.37 /api/uc.php?time=1378786084&code=0d65TCuZCuuU0dLzUu7eB8NnFgLy%2FMEUvILo5pOW0L5bQaikcET6%2F%2B%2Fvv4Ng3gEdSEBuUOcFkgflNjv3H21i3F8IPXf03cZfBEXIhEPi3sEBW1nlVP7KUpBo2dkfkIB2MtIPDUpAIReGp7kIQtiXDwgu%2FOBiJ2zJkzfs2RJt
INFO: [ app_begin ] --START--
INFO: Run ReadHtmlCache Behavior [ RunTime:0.001262s ]
INFO: [ app_begin ] --END-- [ RunTime:0.001357s ]
NOTIC: [8] Constant UC_CLIENT_VERSION already defined D:\wwwroot\mainweb\sdk\api\UcApi\Lib\Action\IndexAction.class.php 第 4 行.
NOTIC: [8] Constant UC_CLIENT_RELEASE already defined D:\wwwroot\mainweb\sdk\api\UcApi\Lib\Action\IndexAction.class.php 第 5 行.
NOTIC: [2048] Only variables should be passed by reference D:\wwwroot\mainweb\sdk\api\UcApi\Lib\Action\IndexAction.class.php 第 63 行.
NOTIC: [8] Constant API_RETURN_FAILED already defined D:\wwwroot\mainweb\sdk\uc_client\model\note.php 第 16 行.
SQL: SHOW COLUMNS FROM `sdk_accounts` [ RunTime:0.001984s ]
SQL: SELECT * FROM `sdk_accounts` WHERE ( `account_id` = 1006 ) LIMIT 1   [ RunTime:0.000570s ]

[ 2013-09-10T12:38:13+08:00 ] 192.168.200.212 /api/uc.php?time=1378787893&code=e1b2DSMSnGMLG6wOvp%2BjZziA7hT1Kq7iaH3ysEMU2Q7%2FQMpzb7vFrDaFCuT7mcQd%2FJRxvHYFwvXpPOEsYRtuckDEW2PF9j%2BS9qEwNYdzpn8M3fbvDORyepJHOVdzs3C2J1MoEcSqQwpT2lEes1g55uOKX3is9KL%2FzouBSE6iu00
INFO: [ app_begin ] --START--
INFO: Run ReadHtmlCache Behavior [ RunTime:0.001933s ]
INFO: [ app_begin ] --END-- [ RunTime:0.002022s ]
NOTIC: [8] Constant UC_CLIENT_VERSION already defined D:\wwwroot\mainweb\sdk\api\UcApi\Lib\Action\IndexAction.class.php 第 4 行.
NOTIC: [8] Constant UC_CLIENT_RELEASE already defined D:\wwwroot\mainweb\sdk\api\UcApi\Lib\Action\IndexAction.class.php 第 5 行.
NOTIC: [2048] Only variables should be passed by reference D:\wwwroot\mainweb\sdk\api\UcApi\Lib\Action\IndexAction.class.php 第 63 行.
NOTIC: [8] Constant API_RETURN_FAILED already defined D:\wwwroot\mainweb\sdk\uc_client\model\note.php 第 16 行.
SQL: SHOW COLUMNS FROM `sdk_accounts` [ RunTime:0.002191s ]
SQL: SELECT * FROM `sdk_accounts` WHERE ( `account_id` = 348 ) LIMIT 1   [ RunTime:0.000466s ]

[ 2013-09-10T13:01:49+08:00 ] 192.168.134.214 /api/uc.php?time=1378789308&code=c4d2haN7tfTCk0pUEvMxoIflBbc8qL4CNVVoz4NpX8m3x3X9GF0nhIIVH2oBvkiS1nv4QM6n6f7RxevPNa4kPt2gD%2Bkcmc8aQufF6U9M%2BlgruCs2oGnrASprq9yrE8livxmgXRxe%2BPZXWEkmnb%2Fu6Ysw5wpJRhg2z73%2F65VWQ%2FGJtw
INFO: [ app_begin ] --START--
INFO: Run ReadHtmlCache Behavior [ RunTime:0.001302s ]
INFO: [ app_begin ] --END-- [ RunTime:0.001393s ]
NOTIC: [8] Constant UC_CLIENT_VERSION already defined D:\wwwroot\mainweb\sdk\api\UcApi\Lib\Action\IndexAction.class.php 第 4 行.
NOTIC: [8] Constant UC_CLIENT_RELEASE already defined D:\wwwroot\mainweb\sdk\api\UcApi\Lib\Action\IndexAction.class.php 第 5 行.
NOTIC: [2048] Only variables should be passed by reference D:\wwwroot\mainweb\sdk\api\UcApi\Lib\Action\IndexAction.class.php 第 63 行.
NOTIC: [8] Constant API_RETURN_FAILED already defined D:\wwwroot\mainweb\sdk\uc_client\model\note.php 第 16 行.
SQL: SHOW COLUMNS FROM `sdk_accounts` [ RunTime:0.002233s ]
SQL: SELECT * FROM `sdk_accounts` WHERE ( `account_id` = 1777 ) LIMIT 1   [ RunTime:0.000569s ]

[ 2013-09-10T13:26:57+08:00 ] 192.168.166.133 /api/uc.php?time=1378790817&code=be8cFbiZW7XvvmkIisFcLrvtfhyge%2FP0EOmsSa7wMLXh%2BYUuonzMZ25nZdvnW%2BId%2FLEcys%2Fq7Rk2DkEYhu3VPGh%2Bv6nAABAFOqtDfMjkHfRGevuyWcJLwkXsSa3qm%2FjE%2BZByPhEUkr2u7WO26kRObDasXUlNDSUw5jju%2Faciog
INFO: [ app_begin ] --START--
INFO: Run ReadHtmlCache Behavior [ RunTime:0.001334s ]
INFO: [ app_begin ] --END-- [ RunTime:0.002126s ]
NOTIC: [8] Constant UC_CLIENT_VERSION already defined D:\wwwroot\mainweb\sdk\api\UcApi\Lib\Action\IndexAction.class.php 第 4 行.
NOTIC: [8] Constant UC_CLIENT_RELEASE already defined D:\wwwroot\mainweb\sdk\api\UcApi\Lib\Action\IndexAction.class.php 第 5 行.
NOTIC: [2048] Only variables should be passed by reference D:\wwwroot\mainweb\sdk\api\UcApi\Lib\Action\IndexAction.class.php 第 63 行.
NOTIC: [8] Constant API_RETURN_FAILED already defined D:\wwwroot\mainweb\sdk\uc_client\model\note.php 第 16 行.
SQL: SHOW COLUMNS FROM `sdk_accounts` [ RunTime:0.001931s ]
SQL: SELECT * FROM `sdk_accounts` WHERE ( `account_id` = 1506 ) LIMIT 1   [ RunTime:0.000329s ]

[ 2013-09-10T13:47:10+08:00 ] 192.168.181.204 /api/uc.php?time=1378792029&code=c4342iV0YMLrOYDSUc6X3Wnc5jjEyQvAv%2B8CIhNhFZnqbh1DQeDn5LmU7JZD5WdhtxQTP8LWuFS%2FnRe1RSwxSjjACJq%2BRKRedLENxu1LOIyM0r1c76aNwgodZ3CBR2S%2BKY0pU89txoyzuaGBucTW4EcKIx9xHzolxB1PyAZipBNVhvEZ
INFO: [ app_begin ] --START--
INFO: Run ReadHtmlCache Behavior [ RunTime:0.001364s ]
INFO: [ app_begin ] --END-- [ RunTime:0.001455s ]
NOTIC: [8] Constant UC_CLIENT_VERSION already defined D:\wwwroot\mainweb\sdk\api\UcApi\Lib\Action\IndexAction.class.php 第 4 行.
NOTIC: [8] Constant UC_CLIENT_RELEASE already defined D:\wwwroot\mainweb\sdk\api\UcApi\Lib\Action\IndexAction.class.php 第 5 行.
NOTIC: [2048] Only variables should be passed by reference D:\wwwroot\mainweb\sdk\api\UcApi\Lib\Action\IndexAction.class.php 第 63 行.
NOTIC: [8] Constant API_RETURN_FAILED already defined D:\wwwroot\mainweb\sdk\uc_client\model\note.php 第 16 行.
SQL: SHOW COLUMNS FROM `sdk_accounts` [ RunTime:0.002087s ]
SQL: SELECT * FROM `sdk_accounts` WHERE ( `account_id` = 731 ) LIMIT 1   [ RunTime:0.000399s ]

[ 2013-09-10T13:59:48+08:00 ] 192.168.133.202 /api/uc.php?time=1378792787&code=fb3cLV51u%2F2P9Dkoezv%2F41eZg3%2FaJG0%2FUcGZA6E%2BbHUVQZaJnqqQHAz6rO%2BfkO7qlqtOYPRYuR708G50gyYPkxnws9w4wYLhcK8X61q4ehP6LS4p52neSFrAz%2FzvRn8eQbgB1Dmu%2F9%2BPmZLDCWXp3t8pQLvtAh0yVxqTSkTff53h
INFO: [ app_begin ] --START--
INFO: Run ReadHtmlCache Behavior [ RunTime:0.001703s ]
INFO: [ app_begin ] --END-- [ RunTime:0.001795s ]
NOTIC: [8] Constant UC_CLIENT_VERSION already defined D:\wwwroot\mainweb\sdk\api\UcApi\Lib\Action\IndexAction.class.php 第 4 行.
NOTIC: [8] Constant UC_CLIENT_RELEASE already defined D:\wwwroot\mainweb\sdk\api\UcApi\Lib\Action\IndexAction.class.php 第 5 行.
NOTIC: [2048] Only variables should be passed by reference D:\wwwroot\mainweb\sdk\api\UcApi\Lib\Action\IndexAction.class.php 第 63 行.
NOTIC: [8] Constant API_RETURN_FAILED already defined D:\wwwroot\mainweb\sdk\uc_client\model\note.php 第 16 行.
SQL: SHOW COLUMNS FROM `sdk_accounts` [ RunTime:0.002392s ]
SQL: SELECT * FROM `sdk_accounts` WHERE ( `account_id` = 129 ) LIMIT 1   [ RunTime:0.000492s ]

[ 2013-09-10T14:55:34+08:00 ] 192.168.153.5 /api/uc.php?time=1378796133&code=099bYTXzri65JHHLeuhUYwkA7JxisrubwCPKtL9I3W%2FjW4D7ishmke2F%2B6ngw1R3XPEatwB%2BXq66O0Vm21wO055Zod0wrsXbLgIFfgvjDSxhSnQEMLkCGEYtlrhd%2FcAcOngEQN1qZACX1i0IbGtcdfcV9TGaEiI4%2Bzd%2BFg
INFO: [ app_begin ] --START--
INFO: Run ReadHtmlCache Behavior [ RunTime:0.001260s ]
INFO: [ app_begin ] --END-- [ RunTime:0.001351s ]
NOTIC: [8] Constant UC_CLIENT_VERSION already defined D:\wwwroot\mainweb\sdk\api\UcApi\Lib\Action\IndexAction.class.php 第 4 行.
NOTIC: [8] Constant UC_CLIENT_RELEASE already defined D:\wwwroot\mainweb\sdk\api\UcApi\Lib\Action\IndexAction.class.php 第 5 行.
NOTIC: [2048] Only variables should be passed by reference D:\wwwroot\mainweb\sdk\api\UcApi\Lib\Action\IndexAction.class.php 第 63 行.
NOTIC: [8] Constant API_RETURN_FAILED already defined D:\wwwroot\mainweb\sdk\uc_client\model\note.php 第 16 行.
SQL: SHOW COLUMNS FROM `sdk_accounts` [ RunTime:0.002161s ]
SQL: SELECT * FROM `sdk_accounts` WHERE ( `account_id` = 1277 ) LIMIT 1   [ RunTime:0.000421s ]

[ 2013-09-10T15:19:22+08:00 ] 192.168.225.160 /api/uc.php?time=1378797562&code=37d9ycTe8higriMa5C0hrZSW%2FiQUjyS%2B%2Fz%2FaJsxVAASNF8euF2nNK5YI%2Fjx4n8UmppA0Mg4PQo80TG0LNw0a7sGMTMmTMdooDqAqsfIM5i4irwyAFk%2B3ADO%2F0M86hz62kSvPTLd3jHZT8%2FgafA5Be7xVYTozZrLnf8W0KFkCFmGw
INFO: [ app_begin ] --START--
INFO: Run ReadHtmlCache Behavior [ RunTime:0.001662s ]
INFO: [ app_begin ] --END-- [ RunTime:0.001813s ]
NOTIC: [8] Constant UC_CLIENT_VERSION already defined D:\wwwroot\mainweb\sdk\api\UcApi\Lib\Action\IndexAction.class.php 第 4 行.
NOTIC: [8] Constant UC_CLIENT_RELEASE already defined D:\wwwroot\mainweb\sdk\api\UcApi\Lib\Action\IndexAction.class.php 第 5 行.
NOTIC: [2048] Only variables should be passed by reference D:\wwwroot\mainweb\sdk\api\UcApi\Lib\Action\IndexAction.class.php 第 63 行.
NOTIC: [8] Constant API_RETURN_FAILED already defined D:\wwwroot\mainweb\sdk\uc_client\model\note.php 第 16 行.
SQL: SHOW COLUMNS FROM `sdk_accounts` [ RunTime:0.002210s ]
SQL: SELECT * FROM `sdk_accounts` WHERE ( `account_id` = 405 ) LIMIT 1   [ RunTime:0.000571s ]

[ 2013-09-10T15:49:02+08:00 ] 192.168.204.209 /api/uc.php?time=1378799341&code=12ffldakUsIVDOlbjssBxUhBo3gRcwX9uzpQ%2BcK2hBAvGUsIrlIGAp1PVazEe8pWFpv8OhvELexTcd1JEFawiVHSkIyW7wPy8S5%2FCQCqK4N7GL0M%2FY4qXEcKmJQdU%2FtqVmRCJhy5VNCcjh56mn8%2BSjvdZqqXpLj1WEG5WntycjPyOw
INFO: [ app_begin ] --START--
INFO: Run ReadHtmlCache Behavior [ RunTime:0.001405s ]
INFO: [ app_begin ] --END-- [ RunTime:0.001502s ]
NOTIC: [8] Constant UC_CLIENT_VERSION already defined D:\wwwroot\mainweb\sdk\api\UcApi\Lib\Action\IndexAction.class.php 第 4 行.
NOTIC: [8] Constant UC_CLIENT_RELEASE already defined D:\wwwroot\mainweb\sdk\api\UcApi\Lib\Action\IndexAction.class.php 第 5 行.
NOTIC: [2048] Only variables should be passed by reference D:\wwwroot\mainweb\sdk\api\UcApi\Lib\Action\IndexAction.class.php 第 63 行.
NOTIC: [8] Constant API_RETURN_FAILED already defined D:\wwwroot\mainweb\sdk\uc_client\model\note.php 第 16 行.
SQL: SHOW COLUMNS FROM `sdk_accounts` [ RunTime:0.001982s ]
SQL: SELECT * FROM `sdk_accounts` WHERE ( `account_id` = 647 ) LIMIT 1   [ RunTime:0.000489s ]

[ 2013-09-10T16:20:27+08:00 ] 192.168.139.7 /api/uc.php?time=1378801227&code=81c23TqE%2BQkqcjGY7SzYJkcVXmmu902OOrcpwqCoplMTJylK06CcrftQJS65MY4tazK1km458y1UE%2BdTsXrSsumHcLBFJ73YNjFW8lvrXSfJ01lsfPe3UxdneoY9ZeQFZerV3yYOZvgEjxXX9RaVXvqv5vDZoQJ%2B7SS2FQ
INFO: [ app_begin ] --START--
INFO: Run ReadHtmlCache Behavior [ RunTime:0.001340s ]
INFO: [ app_begin ] --END-- [ RunTime:0.001429s ]
NOTIC: [8] Constant UC_CLIENT_VERSION already defined D:\wwwroot\mainweb\sdk\api\UcApi\Lib\Action\IndexAction.class.php 第 4 行.
NOTIC: [8] Constant UC_CLIENT_RELEASE already defined D:\wwwroot\mainweb\sdk\api\UcApi\Lib\Action\IndexAction.class.php 第 5 行.
NOTIC: [2048] Only variables should be passed by reference D:\wwwroot\mainweb\sdk\api\UcApi\Lib\Action\IndexAction.class.php 第 63 行.
NOTIC: [8] Constant API_RETURN_FAILED already defined D:\wwwroot\mainweb\sdk\uc_client\model\note.php 第 16 行.
SQL: SHOW COLUMNS FROM `sdk_accounts` [ RunTime:0.002368s ]
SQL: SELECT * FROM `sdk_accounts` WHERE ( `account_id` = 1705 ) LIMIT 1   [ RunTime:0.000487s ]

[ 2013-09-10T16:42:40+08:00 ] 192.168.188.196 /api/uc.php?time=1378802560&code=efacESo%2FsP44jTvkhIIWA0o6ui0jrOHYy0MSefYzv6CoVOTKh%2BSGC%2BYvPoy9RT85GqN4EXC2q5JINPtG1xcjzwPto0v0GQcaImuRWmfJ6B41MEMFm6DL07WzR7EqdeSc5k81UTuQelmp5r4J9qeRsvTWYfYxuFDmyZgOMcJKbNjk
INFO: [ app_begin ] --START--
INFO: Run ReadHtmlCache Behavior [ RunTime:0.001573s ]
INFO: [ app_begin ] --END-- [ RunTime:0.001664s ]
NOTIC: [8] Constant UC_CLIENT_VERSION already defined D:\wwwroot\mainweb\sdk\api\UcApi\Lib\Action\IndexAction.class.php 第 4 行.
NOTIC: [8] Constant UC_CLIENT_RELEASE already defined D:\wwwroot\mainweb\sdk\api\UcApi\Lib\Action\IndexAction.class.php 第 5 行.
NOTIC: [2048] Only variables should be passed by reference D:\wwwroot\mainweb\sdk\api\UcApi\Lib\Action\IndexAction.class.php 第 63 行.
NOTIC: [8] Constant API_RETURN_FAILED already defined D:\wwwroot\mainweb\sdk\uc_client\model\note.php 第 16 行.
SQL: SHOW COLUMNS FROM `sdk_accounts` [ RunTime:0.002310s ]
SQL: SELECT * FROM `sdk_accounts` WHERE ( `account_id` = 1350 ) LIMIT 1   [ RunTime:0.000487s ]

[ 2013-09-10T16:43:41+08:00 ] 192.168.159.74 /api/uc.php?time=1378802621&code=c8ccuIKU0mGZAN6xmJhNv7kT0kxfLO84OEMxpbu%2FG6t84Z64iAg0dcGTbe3C6Y5edSvDZfhh85wMNDvZKIuSZ%2FOECIlx7BjgLM5AdNsqAqmg7OyNrXHJlQSdVAjXW6ulIiZ%2BYjc1wfoYp2Fqtlfy7EJcai9GmLpEsVGwULBR9kmsx0E
INFO: [ app_begin ] --START--
INFO: Run ReadHtmlCache Behavior [ RunTime:0.001230s ]
INFO: [ app_begin ] --END-- [ RunTime:0.001320s ]
NOTIC: [8] Constant UC_CLIENT_VERSION already defined D:\wwwroot\mainweb\sdk\api\UcApi\Lib\Action\IndexAction.class.php 第 4 行.
NOTIC: [8] Constant UC_CLIENT_RELEASE already defined D:\wwwroot\mainweb\sdk\api\UcApi\Lib\Action\IndexAction.class.php 第 5 行.
NOTIC: [2048] Only variables should be passed by reference D:\wwwroot\mainweb\sdk\api\UcApi\Lib\Action\IndexAction.class.php 第 63 行.
NOTIC: [8] Constant API_RETURN_FAILED already defined D:\wwwroot\mainweb\sdk\uc_client\model\note.php 第 16 行.
SQL: SHOW COLUMNS FROM `sdk_accounts` [ RunTime:0.002183s ]
SQL: SELECT * FROM `sdk_accounts` WHERE ( `account_id` = 1513 ) LIMIT 1   [ RunTime:0.000542s ]

[ 2013-09-10T17:02:23+08:00 ] 192.168.163.203 /api/uc.php?time=1378803742&code=7c7bvisHPMmkXUYI4o3%2BH9sSixWRMP%2FrfO%2BUtrCHNP%2BleYXWj0UVKeNY2qE0ACAX%2FfsPoKBNL43RAD23PChEBKokWcooQkAlc6ZQRYBZEfptmVX2nf8GkwLQXtOaapyUK9FQmnn%2BC%2FYY0F7vmFa0qRv7oNzxsGz7X2gKIIK8MSEt
INFO: [ app_begin ] --START--
INFO: Run ReadHtmlCache Behavior [ RunTime:0.001232s ]
INFO: [ app_begin ] --END-- [ RunTime:0.001324s ]
NOTIC: [8] Constant UC_CLIENT_VERSION already defined D:\wwwroot\mainweb\sdk\api\UcApi\Lib\Action\IndexAction.class.php 第 4 行.
NOTIC: [8] Constant UC_CLIENT_RELEASE already defined D:\wwwroot\mainweb\sdk\api\UcApi\Lib\Action\IndexAction.class.php 第 5 行.
NOTIC: [2048] Only variables should be passed by reference D:\wwwroot\mainweb\sdk\api\UcApi\Lib\Action\IndexAction.class.php 第 63 行.
NOTIC: [8] Constant API_RETURN_FAILED already defined D:\wwwroot\mainweb\sdk\uc_client\model\note.php 第 16 行.
SQL: SHOW COLUMNS FROM `sdk_accounts` [ RunTime:0.002493s ]
SQL: SELECT * FROM `sdk_accounts` WHERE ( `account_id` = 423 ) LIMIT 1   [ RunTime:0.000621s ]

[ 2013-09-10T17:07:14+08:00 ] 192.168.131.194 /api/uc.php?time=1378804034&code=36c5gQkmRQXo7zv50sBUOD3BegTqyR38EiDmr2WQFivLelzQexjCOam6vsALtDjBq1CAIe0T4WwBtLTV2lG2BP%2FvBm6dw5R5ozW1thGwJ2fwAkj%2BzWJM6nHQlCBsV00kfmv%2BY93Ai%2BdfuO%2Fny7ZwuPE9UaVx4B5P7rAi6tT9UllxSfEZZXaUjdOknQ
INFO: [ app_begin ] --START--
INFO: Run ReadHtmlCache Behavior [ RunTime:0.001237s ]
INFO: [ app_begin ] --END-- [ RunTime:0.001328s ]
NOTIC: [8] Constant UC_CLIENT_VERSION already defined D:\wwwroot\mainweb\sdk\api\UcApi\Lib\Action\IndexAction.class.php 第 4 行.
NOTIC: [8] Constant UC_CLIENT_RELEASE already defined D:\wwwroot\mainweb\sdk\api\UcApi\Lib\Action\IndexAction.class.php 第 5 行.
NOTIC: [2048] Only variables should be passed by reference D:\wwwroot\mainweb\sdk\api\UcApi\Lib\Action\IndexAction.class.php 第 63 行.
NOTIC: [8] Constant API_RETURN_FAILED already defined D:\wwwroot\mainweb\sdk\uc_client\model\note.php 第 16 行.
SQL: SHOW COLUMNS FROM `sdk_accounts` [ RunTime:0.001946s ]
SQL: SELECT * FROM `sdk_accounts` WHERE ( `account_id` = 718 ) LIMIT 1   [ RunTime:0.000443s ]

[ 2013-09-10T17:32:13+08:00 ] 59.42.39.51 /api/uc.php?time=1378805532&code=d26euqoT23fRWVs4hMHN27wm2vQNL6uASwa5ZdwRFu6djQFFA5EREV6%2FzfzeyEvyWH%2BCy141cx6pFMQ1LvHM%2BsP3F4HEr4ZjfO5V8H4ktp64229rVUO2WQ4tmeRNsXvNPtuffxK74M86vwZDqgV7qsjbgH2ZjVo6zoaeO7Q
INFO: [ app_begin ] --START--
INFO: Run ReadHtmlCache Behavior [ RunTime:0.001261s ]
INFO: [ app_begin ] --END-- [ RunTime:0.001353s ]
NOTIC: [8] Constant UC_CLIENT_VERSION already defined D:\wwwroot\mainweb\sdk\api\UcApi\Lib\Action\IndexAction.class.php 第 4 行.
NOTIC: [8] Constant UC_CLIENT_RELEASE already defined D:\wwwroot\mainweb\sdk\api\UcApi\Lib\Action\IndexAction.class.php 第 5 行.
NOTIC: [2048] Only variables should be passed by reference D:\wwwroot\mainweb\sdk\api\UcApi\Lib\Action\IndexAction.class.php 第 63 行.
NOTIC: [8] Constant API_RETURN_FAILED already defined D:\wwwroot\mainweb\sdk\uc_client\model\note.php 第 16 行.
SQL: SHOW COLUMNS FROM `sdk_accounts` [ RunTime:0.002056s ]
SQL: SELECT * FROM `sdk_accounts` WHERE ( `account_id` = 884 ) LIMIT 1   [ RunTime:0.000553s ]

[ 2013-09-10T17:37:18+08:00 ] 180.153.201.212 /api/uc.php?time=1378804034&code=36c5gQkmRQXo7zv50sBUOD3BegTqyR38EiDmr2WQFivLelzQexjCOam6vsALtDjBq1CAIe0T4WwBtLTV2lG2BP/vBm6dw5R5ozW1thGwJ2fwAkj+zWJM6nHQlCBsV00kfmv+Y93Ai+dfuO/ny7ZwuPE9UaVx4B5P7rAi6tT9UllxSfEZZXaUjdOknQ
INFO: [ app_begin ] --START--
INFO: Run ReadHtmlCache Behavior [ RunTime:0.001255s ]
INFO: [ app_begin ] --END-- [ RunTime:0.001347s ]
NOTIC: [8] Constant UC_CLIENT_VERSION already defined D:\wwwroot\mainweb\sdk\api\UcApi\Lib\Action\IndexAction.class.php 第 4 行.
NOTIC: [8] Constant UC_CLIENT_RELEASE already defined D:\wwwroot\mainweb\sdk\api\UcApi\Lib\Action\IndexAction.class.php 第 5 行.
NOTIC: [8] Undefined index:  time D:\wwwroot\mainweb\sdk\api\UcApi\Lib\Action\IndexAction.class.php 第 54 行.

[ 2013-09-10T17:49:18+08:00 ] 192.168.136.135 /api/uc.php?time=1378806558&code=6d1e%2FSGluRpjOYQDYQ3TL6pjWQWHr2JOiqzHGq8A8Mt830rnARVQKZR5CC%2BIMUjng%2B70gJFkfCeYUjjMDz%2FOBptftpcCEgL7Pn5dQKuunMva5npzOQJHiNBchen7ayVL9WKkGI7Au3TGnL8QrsPjocn3B2WyXbFkHgut5OTPrnIV7A
INFO: [ app_begin ] --START--
INFO: Run ReadHtmlCache Behavior [ RunTime:0.001234s ]
INFO: [ app_begin ] --END-- [ RunTime:0.001326s ]
NOTIC: [8] Constant UC_CLIENT_VERSION already defined D:\wwwroot\mainweb\sdk\api\UcApi\Lib\Action\IndexAction.class.php 第 4 行.
NOTIC: [8] Constant UC_CLIENT_RELEASE already defined D:\wwwroot\mainweb\sdk\api\UcApi\Lib\Action\IndexAction.class.php 第 5 行.
NOTIC: [2048] Only variables should be passed by reference D:\wwwroot\mainweb\sdk\api\UcApi\Lib\Action\IndexAction.class.php 第 63 行.
NOTIC: [8] Constant API_RETURN_FAILED already defined D:\wwwroot\mainweb\sdk\uc_client\model\note.php 第 16 行.
SQL: SHOW COLUMNS FROM `sdk_accounts` [ RunTime:0.002015s ]
SQL: SELECT * FROM `sdk_accounts` WHERE ( `account_id` = 1560 ) LIMIT 1   [ RunTime:0.000552s ]

[ 2013-09-10T17:58:16+08:00 ] 192.168.185.5 /api/uc.php?time=1378807096&code=e094s7jVvFx3Bmbveenlzrd%2FwSG2YJrH7rdJi6Q4Khk5aB%2BbE8B26%2Bvfjx9mXwVDEejf8z2FIIfiPbdxX%2FH3vvm1ljEtsPov5oqaIh90hRxO4lURCMAicNHKDbTVdvTm8qj7BT2HhZ7A1aLGJ8xhCOVGpHCTVy2jd%2FMljnafLw
INFO: [ app_begin ] --START--
INFO: Run ReadHtmlCache Behavior [ RunTime:0.001258s ]
INFO: [ app_begin ] --END-- [ RunTime:0.001346s ]
NOTIC: [8] Constant UC_CLIENT_VERSION already defined D:\wwwroot\mainweb\sdk\api\UcApi\Lib\Action\IndexAction.class.php 第 4 行.
NOTIC: [8] Constant UC_CLIENT_RELEASE already defined D:\wwwroot\mainweb\sdk\api\UcApi\Lib\Action\IndexAction.class.php 第 5 行.
NOTIC: [2048] Only variables should be passed by reference D:\wwwroot\mainweb\sdk\api\UcApi\Lib\Action\IndexAction.class.php 第 63 行.
NOTIC: [8] Constant API_RETURN_FAILED already defined D:\wwwroot\mainweb\sdk\uc_client\model\note.php 第 16 行.
SQL: SHOW COLUMNS FROM `sdk_accounts` [ RunTime:0.002149s ]
SQL: SELECT * FROM `sdk_accounts` WHERE ( `account_id` = 2347 ) LIMIT 1   [ RunTime:0.000809s ]

[ 2013-09-10T18:10:32+08:00 ] 192.168.147.75 /api/uc.php?time=1378807832&code=a0f2KYoRUo5LXf4QMCwO2JBzcDMkRs%2FuoyK9ftPHYYEmGRdCVGR6A3A8m1ysusyhAr9cgrjutFOZccCPQgWWFbovu5XSn%2BC%2BeLbsm%2F1jkcPRfDo4B5h1It7GUUMfehkme5ysUhkHJfc91jtvihIQ5lLDfDclAZupTrmwoL4
INFO: [ app_begin ] --START--
INFO: Run ReadHtmlCache Behavior [ RunTime:0.001242s ]
INFO: [ app_begin ] --END-- [ RunTime:0.001330s ]
NOTIC: [8] Constant UC_CLIENT_VERSION already defined D:\wwwroot\mainweb\sdk\api\UcApi\Lib\Action\IndexAction.class.php 第 4 行.
NOTIC: [8] Constant UC_CLIENT_RELEASE already defined D:\wwwroot\mainweb\sdk\api\UcApi\Lib\Action\IndexAction.class.php 第 5 行.
NOTIC: [2048] Only variables should be passed by reference D:\wwwroot\mainweb\sdk\api\UcApi\Lib\Action\IndexAction.class.php 第 63 行.
NOTIC: [8] Constant API_RETURN_FAILED already defined D:\wwwroot\mainweb\sdk\uc_client\model\note.php 第 16 行.
SQL: SHOW COLUMNS FROM `sdk_accounts` [ RunTime:0.002163s ]
SQL: SELECT * FROM `sdk_accounts` WHERE ( `account_id` = 1344 ) LIMIT 1   [ RunTime:0.000449s ]

[ 2013-09-10T18:12:34+08:00 ] 183.4.25.179 /api/uc.php?time=1378807953&code=440fwLgGpkPFN%2FJl3FQcNElZEHE06%2B%2Bq8%2ByaQetnt25fK%2FSSnHjawy2uJbuvQHWOfjktOFdZbBOG3eODEGO4eOudNPJWETdjb706rkAFSFICslqVlRAK2%2F2nK8w%2FdAF1H7WMV7IGLsKLD%2BPdPb1J6WOWr4XOq2jpPF3Meb7d
INFO: [ app_begin ] --START--
INFO: Run ReadHtmlCache Behavior [ RunTime:0.001306s ]
INFO: [ app_begin ] --END-- [ RunTime:0.001396s ]
NOTIC: [8] Constant UC_CLIENT_VERSION already defined D:\wwwroot\mainweb\sdk\api\UcApi\Lib\Action\IndexAction.class.php 第 4 行.
NOTIC: [8] Constant UC_CLIENT_RELEASE already defined D:\wwwroot\mainweb\sdk\api\UcApi\Lib\Action\IndexAction.class.php 第 5 行.
NOTIC: [2048] Only variables should be passed by reference D:\wwwroot\mainweb\sdk\api\UcApi\Lib\Action\IndexAction.class.php 第 63 行.
NOTIC: [8] Constant API_RETURN_FAILED already defined D:\wwwroot\mainweb\sdk\uc_client\model\note.php 第 16 行.
SQL: SHOW COLUMNS FROM `sdk_accounts` [ RunTime:0.001982s ]
SQL: SELECT * FROM `sdk_accounts` WHERE ( `account_id` = 558 ) LIMIT 1   [ RunTime:0.000407s ]

[ 2013-09-10T18:19:16+08:00 ] 192.168.147.4 /api/uc.php?time=1378808356&code=26d8VWmTbB1DqhM%2F%2FxaQp2ZKra57%2FB7%2FoxzD2NC7tYHrLeK6eZg7zd3MDFUAQBhLnL%2Fw6VrRyl7ELAM1zSbYeWijATIPF6qJqUK0fj7cyPdUvib6n3YKyQqU4IEWMHeFc4jW9X248ik8e9wPnCiz8PqvLkOwT7yUT3ze22bMPMj77PktSg
INFO: [ app_begin ] --START--
INFO: Run ReadHtmlCache Behavior [ RunTime:0.001862s ]
INFO: [ app_begin ] --END-- [ RunTime:0.001953s ]
NOTIC: [8] Constant UC_CLIENT_VERSION already defined D:\wwwroot\mainweb\sdk\api\UcApi\Lib\Action\IndexAction.class.php 第 4 行.
NOTIC: [8] Constant UC_CLIENT_RELEASE already defined D:\wwwroot\mainweb\sdk\api\UcApi\Lib\Action\IndexAction.class.php 第 5 行.
NOTIC: [2048] Only variables should be passed by reference D:\wwwroot\mainweb\sdk\api\UcApi\Lib\Action\IndexAction.class.php 第 63 行.
NOTIC: [8] Constant API_RETURN_FAILED already defined D:\wwwroot\mainweb\sdk\uc_client\model\note.php 第 16 行.
SQL: SHOW COLUMNS FROM `sdk_accounts` [ RunTime:0.002239s ]
SQL: SELECT * FROM `sdk_accounts` WHERE ( `account_id` = 1584 ) LIMIT 1   [ RunTime:0.000595s ]

[ 2013-09-10T18:31:08+08:00 ] 192.168.202.196 /api/uc.php?time=1378809066&code=4b99NoX%2BuvbOQ%2BHPwOgpcvhW4qBdiz3MCJxoSxDyqriqETXu32XpcTiyhLxIkIoOa%2BavHWIqF5DsOwchZf9u%2FMWGVyo0eo1gCN5npFqUT8jct7YuVz8YwvNo6086y0dH16rwlOpI5LGYSqL09WoXo%2Fk6VzDpF2ZzV%2BHWItnxELoD
INFO: [ app_begin ] --START--
INFO: Run ReadHtmlCache Behavior [ RunTime:0.001233s ]
INFO: [ app_begin ] --END-- [ RunTime:0.001325s ]
NOTIC: [8] Constant UC_CLIENT_VERSION already defined D:\wwwroot\mainweb\sdk\api\UcApi\Lib\Action\IndexAction.class.php 第 4 行.
NOTIC: [8] Constant UC_CLIENT_RELEASE already defined D:\wwwroot\mainweb\sdk\api\UcApi\Lib\Action\IndexAction.class.php 第 5 行.
NOTIC: [2048] Only variables should be passed by reference D:\wwwroot\mainweb\sdk\api\UcApi\Lib\Action\IndexAction.class.php 第 63 行.
NOTIC: [8] Constant API_RETURN_FAILED already defined D:\wwwroot\mainweb\sdk\uc_client\model\note.php 第 16 行.
SQL: SHOW COLUMNS FROM `sdk_accounts` [ RunTime:0.002284s ]
SQL: SELECT * FROM `sdk_accounts` WHERE ( `account_id` = 1317 ) LIMIT 1   [ RunTime:0.000497s ]

[ 2013-09-10T18:34:55+08:00 ] 192.168.202.17 /api/uc.php?time=1378809295&code=9b1fcVkIlq7a2jSkMdM4P4ULxTvbbk8qwwppOmvdKjBpecvrZRvS6nBBwaMc9PQR8%2FG%2Ba659I0INrj%2BpLNlCl9jz2ZYWo%2BcGH6LaSiJ%2F0eMBR4QpNIjXIc2QbMTBlNOxBHsaoKUZxrsm1aG6ykB07rbKkRkDenpv4QLVEGKFRZer
INFO: [ app_begin ] --START--
INFO: Run ReadHtmlCache Behavior [ RunTime:0.001418s ]
INFO: [ app_begin ] --END-- [ RunTime:0.001583s ]
NOTIC: [8] Constant UC_CLIENT_VERSION already defined D:\wwwroot\mainweb\sdk\api\UcApi\Lib\Action\IndexAction.class.php 第 4 行.
NOTIC: [8] Constant UC_CLIENT_RELEASE already defined D:\wwwroot\mainweb\sdk\api\UcApi\Lib\Action\IndexAction.class.php 第 5 行.
NOTIC: [2048] Only variables should be passed by reference D:\wwwroot\mainweb\sdk\api\UcApi\Lib\Action\IndexAction.class.php 第 63 行.
NOTIC: [8] Constant API_RETURN_FAILED already defined D:\wwwroot\mainweb\sdk\uc_client\model\note.php 第 16 行.
SQL: SHOW COLUMNS FROM `sdk_accounts` [ RunTime:0.002122s ]
SQL: SELECT * FROM `sdk_accounts` WHERE ( `account_id` = 2283 ) LIMIT 1   [ RunTime:0.000589s ]

[ 2013-09-10T19:02:24+08:00 ] 192.168.203.5 /api/uc.php?time=1378810943&code=414cWHXK6icVyZhhWodpLK25cqI5W3BpUHTwPzuRpHMW3NfV6MRNuJuwvGqzzQ4KDEFXgjw92SVH6tsi72FcKG6A%2BURQ8bXUFmDnXcePQlmCHPFPZsBWlXIzhFm%2F6dvDQ8PycXGlpxMxAKkUzlEn%2FoZF%2FwvgfuOq6yq%2FJbsYhYxEMA
INFO: [ app_begin ] --START--
INFO: Run ReadHtmlCache Behavior [ RunTime:0.001244s ]
INFO: [ app_begin ] --END-- [ RunTime:0.001337s ]
NOTIC: [8] Constant UC_CLIENT_VERSION already defined D:\wwwroot\mainweb\sdk\api\UcApi\Lib\Action\IndexAction.class.php 第 4 行.
NOTIC: [8] Constant UC_CLIENT_RELEASE already defined D:\wwwroot\mainweb\sdk\api\UcApi\Lib\Action\IndexAction.class.php 第 5 行.
NOTIC: [2048] Only variables should be passed by reference D:\wwwroot\mainweb\sdk\api\UcApi\Lib\Action\IndexAction.class.php 第 63 行.
NOTIC: [8] Constant API_RETURN_FAILED already defined D:\wwwroot\mainweb\sdk\uc_client\model\note.php 第 16 行.
SQL: SHOW COLUMNS FROM `sdk_accounts` [ RunTime:0.001957s ]
SQL: SELECT * FROM `sdk_accounts` WHERE ( `account_id` = 1426 ) LIMIT 1   [ RunTime:0.000255s ]

[ 2013-09-10T19:19:06+08:00 ] 192.168.162.3 /api/uc.php?time=1378811946&code=b545rkJ86awzRp7QK4nUybv%2FoZasWxWaQRYUpKPxv8guBUzPG5heVaeV4ORcP4w4FfZljaEt3qZkqo%2Bn0Tr6wmbz2CI6NZAd1EI0E%2B%2BXekjaQ7Drv%2Bpu%2BPiututHxH3VgyNAzsOZVrjp8KEoFtHO1GuWts80ECN3iCwyZgHj
INFO: [ app_begin ] --START--
INFO: Run ReadHtmlCache Behavior [ RunTime:0.001301s ]
INFO: [ app_begin ] --END-- [ RunTime:0.001393s ]
NOTIC: [8] Constant UC_CLIENT_VERSION already defined D:\wwwroot\mainweb\sdk\api\UcApi\Lib\Action\IndexAction.class.php 第 4 行.
NOTIC: [8] Constant UC_CLIENT_RELEASE already defined D:\wwwroot\mainweb\sdk\api\UcApi\Lib\Action\IndexAction.class.php 第 5 行.
NOTIC: [2048] Only variables should be passed by reference D:\wwwroot\mainweb\sdk\api\UcApi\Lib\Action\IndexAction.class.php 第 63 行.
NOTIC: [8] Constant API_RETURN_FAILED already defined D:\wwwroot\mainweb\sdk\uc_client\model\note.php 第 16 行.
SQL: SHOW COLUMNS FROM `sdk_accounts` [ RunTime:0.002076s ]
SQL: SELECT * FROM `sdk_accounts` WHERE ( `account_id` = 668 ) LIMIT 1   [ RunTime:0.000506s ]

[ 2013-09-10T20:17:47+08:00 ] 192.168.138.140 /api/uc.php?time=1378815467&code=2236XWzP0vbP9tqPmZY3qmQcHW3k4TeWz%2B%2FlTkjIUNwPGyUGn3hTjKspawq2tNGyIV9pTGU436z97XWLp%2Bm6E9qaIxXOFg5aTf1uhrFFxfuNn0iPGYBUfjvTF2ZyMuumASHUYQPg1jEoIrVAooHCPBAa9pY0eReeQriE23Bs
INFO: [ app_begin ] --START--
INFO: Run ReadHtmlCache Behavior [ RunTime:0.001311s ]
INFO: [ app_begin ] --END-- [ RunTime:0.001402s ]
NOTIC: [8] Constant UC_CLIENT_VERSION already defined D:\wwwroot\mainweb\sdk\api\UcApi\Lib\Action\IndexAction.class.php 第 4 行.
NOTIC: [8] Constant UC_CLIENT_RELEASE already defined D:\wwwroot\mainweb\sdk\api\UcApi\Lib\Action\IndexAction.class.php 第 5 行.
NOTIC: [2048] Only variables should be passed by reference D:\wwwroot\mainweb\sdk\api\UcApi\Lib\Action\IndexAction.class.php 第 63 行.
NOTIC: [8] Constant API_RETURN_FAILED already defined D:\wwwroot\mainweb\sdk\uc_client\model\note.php 第 16 行.
SQL: SHOW COLUMNS FROM `sdk_accounts` [ RunTime:0.002060s ]
SQL: SELECT * FROM `sdk_accounts` WHERE ( `account_id` = 1942 ) LIMIT 1   [ RunTime:0.000424s ]

[ 2013-09-10T20:55:33+08:00 ] 59.42.36.29 /api/uc.php?time=1378817731&code=bd828i2DMf4EV27XHd4JeF87rxIDbiUwaWswEUCfuK2elrSpFFnzQlrK3KYvwOTvmi2rIGFMbuxXHgwIdEhPaPEwUs4MBFNm271L%2BH7eTrL%2BdpK6vxbfQxLxE1WGrQXsuOG%2FwP9jc6bSk87LJfbj4KKNULn0bvVxnZk0CVnPpLA
INFO: [ app_begin ] --START--
INFO: Run ReadHtmlCache Behavior [ RunTime:0.001248s ]
INFO: [ app_begin ] --END-- [ RunTime:0.001339s ]
NOTIC: [8] Constant UC_CLIENT_VERSION already defined D:\wwwroot\mainweb\sdk\api\UcApi\Lib\Action\IndexAction.class.php 第 4 行.
NOTIC: [8] Constant UC_CLIENT_RELEASE already defined D:\wwwroot\mainweb\sdk\api\UcApi\Lib\Action\IndexAction.class.php 第 5 行.
NOTIC: [2048] Only variables should be passed by reference D:\wwwroot\mainweb\sdk\api\UcApi\Lib\Action\IndexAction.class.php 第 63 行.
NOTIC: [8] Constant API_RETURN_FAILED already defined D:\wwwroot\mainweb\sdk\uc_client\model\note.php 第 16 行.
SQL: SHOW COLUMNS FROM `sdk_accounts` [ RunTime:0.002307s ]
SQL: SELECT * FROM `sdk_accounts` WHERE ( `account_id` = 1505 ) LIMIT 1   [ RunTime:0.000596s ]
SQL: INSERT INTO `sdk_accounts` (`account_id`,`user_name`,`email`,`password`,`reg_time`) VALUES (1505,'shan_3s','264869885@qq.com','22bc6fae08784d175cfb03eb7e47bbdd9b3a28a9',1378817733) [ RunTime:0.001802s ]

[ 2013-09-10T20:56:14+08:00 ] 59.42.36.29 /api/uc.php?time=1378817773&code=59ddeaCq%2Fh5djh0p0bARVS%2FUwFUxXLV4%2FcLlxZIj2PjZyPTPAzaRqKKq20GJ%2BsGGrxFwt3ZsBC4a64hSyoxMQXjnr7CkXrPtrA5gQJbTiqZxUqhDl8sYJvAuct6efQVyJqtlnmWalgB3oYq7zMdgGxodIb6PX9Eupm8IDOUKPq4
INFO: [ app_begin ] --START--
INFO: Run ReadHtmlCache Behavior [ RunTime:0.001141s ]
INFO: [ app_begin ] --END-- [ RunTime:0.001230s ]
NOTIC: [8] Constant UC_CLIENT_VERSION already defined D:\wwwroot\mainweb\sdk\api\UcApi\Lib\Action\IndexAction.class.php 第 4 行.
NOTIC: [8] Constant UC_CLIENT_RELEASE already defined D:\wwwroot\mainweb\sdk\api\UcApi\Lib\Action\IndexAction.class.php 第 5 行.
NOTIC: [2048] Only variables should be passed by reference D:\wwwroot\mainweb\sdk\api\UcApi\Lib\Action\IndexAction.class.php 第 63 行.
NOTIC: [8] Constant API_RETURN_FAILED already defined D:\wwwroot\mainweb\sdk\uc_client\model\note.php 第 16 行.
SQL: SHOW COLUMNS FROM `sdk_accounts` [ RunTime:0.001931s ]
SQL: SELECT * FROM `sdk_accounts` WHERE ( `account_id` = 1505 ) LIMIT 1   [ RunTime:0.000275s ]

[ 2013-09-10T21:36:01+08:00 ] 192.168.151.19 /api/uc.php?time=1378820160&code=b435F39pbIMNDNxCnim%2Bpe8v1x%2Fk1ablyA3jfpCl2TZg4FQIMWIPuQb7IANDBNQ1Zkdf1wFNQdDnWaSdimRLco0TQDf1vnAfgz5z9XQDNScO7cqnIXFtKB7kqnCd%2FcsaqFewUbw3qUvgjcVczyNGwH5aon3aXSB5aPefGIoZQFHQNQ
INFO: [ app_begin ] --START--
INFO: Run ReadHtmlCache Behavior [ RunTime:0.001251s ]
INFO: [ app_begin ] --END-- [ RunTime:0.001343s ]
NOTIC: [8] Constant UC_CLIENT_VERSION already defined D:\wwwroot\mainweb\sdk\api\UcApi\Lib\Action\IndexAction.class.php 第 4 行.
NOTIC: [8] Constant UC_CLIENT_RELEASE already defined D:\wwwroot\mainweb\sdk\api\UcApi\Lib\Action\IndexAction.class.php 第 5 行.
NOTIC: [2048] Only variables should be passed by reference D:\wwwroot\mainweb\sdk\api\UcApi\Lib\Action\IndexAction.class.php 第 63 行.
NOTIC: [8] Constant API_RETURN_FAILED already defined D:\wwwroot\mainweb\sdk\uc_client\model\note.php 第 16 行.
SQL: SHOW COLUMNS FROM `sdk_accounts` [ RunTime:0.002181s ]
SQL: SELECT * FROM `sdk_accounts` WHERE ( `account_id` = 1751 ) LIMIT 1   [ RunTime:0.000513s ]

[ 2013-09-10T22:08:45+08:00 ] 192.168.193.87 /api/uc.php?time=1378822125&code=f3c7UHy18nMFAF08pI1AbzaVHyB%2FeGYlsyktqo8QRVev%2BY8LW6U%2Ba7Pz5w%2Bo69TwtPG6qKfGILwOv6ZivxzohZiMO2%2BiA%2F%2Bu3hznuIOVu7dqqldBrQdTmHUf9HYQmqDebukP90jriEueHaOmBkylYDQcQg2Vibu76Uo1FXqI7O%2BnS3SuJg
INFO: [ app_begin ] --START--
INFO: Run ReadHtmlCache Behavior [ RunTime:0.001220s ]
INFO: [ app_begin ] --END-- [ RunTime:0.001312s ]
NOTIC: [8] Constant UC_CLIENT_VERSION already defined D:\wwwroot\mainweb\sdk\api\UcApi\Lib\Action\IndexAction.class.php 第 4 行.
NOTIC: [8] Constant UC_CLIENT_RELEASE already defined D:\wwwroot\mainweb\sdk\api\UcApi\Lib\Action\IndexAction.class.php 第 5 行.
NOTIC: [2048] Only variables should be passed by reference D:\wwwroot\mainweb\sdk\api\UcApi\Lib\Action\IndexAction.class.php 第 63 行.
NOTIC: [8] Constant API_RETURN_FAILED already defined D:\wwwroot\mainweb\sdk\uc_client\model\note.php 第 16 行.
SQL: SHOW COLUMNS FROM `sdk_accounts` [ RunTime:0.002239s ]
SQL: SELECT * FROM `sdk_accounts` WHERE ( `account_id` = 1796 ) LIMIT 1   [ RunTime:0.000745s ]

[ 2013-09-10T22:20:45+08:00 ] 192.168.180.196 /api/uc.php?time=1378822844&code=430cbps4MZCqSxId%2FKsLd9LJqPTCWFQXEJXtyLhUAFSCm3Smo%2FA45RRBOaPI6JIAhCn6hwt%2B0irNfptddjClBBFCeOp7VcJkHY%2Fc5KC5HywHaCXauHc0CR2cQKZruQj73A4jQj9lfxTnZeUVHc7Ap80%2BA0ysideF4oV8wg
INFO: [ app_begin ] --START--
INFO: Run ReadHtmlCache Behavior [ RunTime:0.001257s ]
INFO: [ app_begin ] --END-- [ RunTime:0.001349s ]
NOTIC: [8] Constant UC_CLIENT_VERSION already defined D:\wwwroot\mainweb\sdk\api\UcApi\Lib\Action\IndexAction.class.php 第 4 行.
NOTIC: [8] Constant UC_CLIENT_RELEASE already defined D:\wwwroot\mainweb\sdk\api\UcApi\Lib\Action\IndexAction.class.php 第 5 行.
NOTIC: [2048] Only variables should be passed by reference D:\wwwroot\mainweb\sdk\api\UcApi\Lib\Action\IndexAction.class.php 第 63 行.
NOTIC: [8] Constant API_RETURN_FAILED already defined D:\wwwroot\mainweb\sdk\uc_client\model\note.php 第 16 行.
SQL: SHOW COLUMNS FROM `sdk_accounts` [ RunTime:0.001990s ]
SQL: SELECT * FROM `sdk_accounts` WHERE ( `account_id` = 2083 ) LIMIT 1   [ RunTime:0.000379s ]

[ 2013-09-10T22:21:23+08:00 ] 192.168.180.196 /api/uc.php?time=1378822882&code=2270N0az6CDmbHwPwpLK7Q%2FEqAnOj8bbit%2BZngDKNkESUXY46HGO0%2BtR16tqtZ2rzExeGICZcIym%2BDO65JOy%2BCPxuGwKHgt3%2BzGhW2GOOvPDs7Uab9HO9sUvqOxFPiCH636wMFbifQLbO1AKHZr1GBdvqmpCl0AIWsp2%2Bg
INFO: [ app_begin ] --START--
INFO: Run ReadHtmlCache Behavior [ RunTime:0.001213s ]
INFO: [ app_begin ] --END-- [ RunTime:0.001306s ]
NOTIC: [8] Constant UC_CLIENT_VERSION already defined D:\wwwroot\mainweb\sdk\api\UcApi\Lib\Action\IndexAction.class.php 第 4 行.
NOTIC: [8] Constant UC_CLIENT_RELEASE already defined D:\wwwroot\mainweb\sdk\api\UcApi\Lib\Action\IndexAction.class.php 第 5 行.
NOTIC: [2048] Only variables should be passed by reference D:\wwwroot\mainweb\sdk\api\UcApi\Lib\Action\IndexAction.class.php 第 63 行.
NOTIC: [8] Constant API_RETURN_FAILED already defined D:\wwwroot\mainweb\sdk\uc_client\model\note.php 第 16 行.
SQL: SHOW COLUMNS FROM `sdk_accounts` [ RunTime:0.002046s ]
SQL: SELECT * FROM `sdk_accounts` WHERE ( `account_id` = 2083 ) LIMIT 1   [ RunTime:0.000425s ]

[ 2013-09-10T22:35:46+08:00 ] 192.168.136.205 /api/uc.php?time=1378823746&code=116dIBNOZntzLS27nwE9WJ%2BzVT6yUignVHtarK1MsBPhDNQzeBRM3z9z00pXZd97B1WVSBIn%2B80OmlPa8yAgzegBuVDSyCEIT%2FLBxUN6dAvXbHHueWRQgw9CCcQZaQe9LnND0IZ7JwUHDfatFov7c0rya5qc%2FXPfA4RqdlJMFcXQ2QtjNHg
INFO: [ app_begin ] --START--
INFO: Run ReadHtmlCache Behavior [ RunTime:0.001232s ]
INFO: [ app_begin ] --END-- [ RunTime:0.001323s ]
NOTIC: [8] Constant UC_CLIENT_VERSION already defined D:\wwwroot\mainweb\sdk\api\UcApi\Lib\Action\IndexAction.class.php 第 4 行.
NOTIC: [8] Constant UC_CLIENT_RELEASE already defined D:\wwwroot\mainweb\sdk\api\UcApi\Lib\Action\IndexAction.class.php 第 5 行.
NOTIC: [2048] Only variables should be passed by reference D:\wwwroot\mainweb\sdk\api\UcApi\Lib\Action\IndexAction.class.php 第 63 行.
NOTIC: [8] Constant API_RETURN_FAILED already defined D:\wwwroot\mainweb\sdk\uc_client\model\note.php 第 16 行.
SQL: SHOW COLUMNS FROM `sdk_accounts` [ RunTime:0.002085s ]
SQL: SELECT * FROM `sdk_accounts` WHERE ( `account_id` = 1884 ) LIMIT 1   [ RunTime:0.000482s ]

[ 2013-09-10T22:48:30+08:00 ] 192.168.185.33 /api/uc.php?time=1378824509&code=ffb942nhET5HtrDa4h8nr4ZT9VyYSA0XkqygfDieahLcpiv%2BtOZILC7eTu7j7d3ZlomR8KykqYbWBfoslBnnv2d2klTIeisDrtUMe%2FKoxKR%2FiumUpEgLvrm78pRo5JnnL9C13vQvIRpIftlxic7MgR3tZPquc6O5s6vZwGzZrRwZyA
INFO: [ app_begin ] --START--
INFO: Run ReadHtmlCache Behavior [ RunTime:0.001334s ]
INFO: [ app_begin ] --END-- [ RunTime:0.001425s ]
NOTIC: [8] Constant UC_CLIENT_VERSION already defined D:\wwwroot\mainweb\sdk\api\UcApi\Lib\Action\IndexAction.class.php 第 4 行.
NOTIC: [8] Constant UC_CLIENT_RELEASE already defined D:\wwwroot\mainweb\sdk\api\UcApi\Lib\Action\IndexAction.class.php 第 5 行.
NOTIC: [2048] Only variables should be passed by reference D:\wwwroot\mainweb\sdk\api\UcApi\Lib\Action\IndexAction.class.php 第 63 行.
NOTIC: [8] Constant API_RETURN_FAILED already defined D:\wwwroot\mainweb\sdk\uc_client\model\note.php 第 16 行.
SQL: SHOW COLUMNS FROM `sdk_accounts` [ RunTime:0.002005s ]
SQL: SELECT * FROM `sdk_accounts` WHERE ( `account_id` = 2177 ) LIMIT 1   [ RunTime:0.000443s ]

[ 2013-09-10T23:10:20+08:00 ] 192.168.157.18 /api/uc.php?time=1378825820&code=511f1B8jQ5OvQkoA6sZ%2Btz38TGrwjQnFvUTcLAwYDkdmx3lA33oB3N7GuMwkNsyrEkzKfOwpAef6mFD0yvt3jzzstkXoP9mDbY4V5AtLng1qp0pmarZeP67Lxu802PXE9YeRDScZ%2BAklcN%2FW4j6ZqEoP4nvmpyDOShjeX8lGecOo
INFO: [ app_begin ] --START--
INFO: Run ReadHtmlCache Behavior [ RunTime:0.000958s ]
INFO: [ app_begin ] --END-- [ RunTime:0.001047s ]
NOTIC: [8] Constant UC_CLIENT_VERSION already defined D:\wwwroot\mainweb\sdk\api\UcApi\Lib\Action\IndexAction.class.php 第 4 行.
NOTIC: [8] Constant UC_CLIENT_RELEASE already defined D:\wwwroot\mainweb\sdk\api\UcApi\Lib\Action\IndexAction.class.php 第 5 行.
NOTIC: [2048] Only variables should be passed by reference D:\wwwroot\mainweb\sdk\api\UcApi\Lib\Action\IndexAction.class.php 第 63 行.
NOTIC: [8] Constant API_RETURN_FAILED already defined D:\wwwroot\mainweb\sdk\uc_client\model\note.php 第 16 行.
SQL: SHOW COLUMNS FROM `sdk_accounts` [ RunTime:0.001855s ]
SQL: SELECT * FROM `sdk_accounts` WHERE ( `account_id` = 825 ) LIMIT 1   [ RunTime:0.000325s ]

[ 2013-09-10T23:24:17+08:00 ] 192.168.181.22 /api/uc.php?time=1378826657&code=bb75XkD2hM%2BwYxJYIJ5z67vE%2By8QgQ3hVPteikRw4cQHaRjg7T8tQNz8azFfOaT8AC8Pnsz5kXq0Wwul3fmt5SxWOeNCWYP8ocGNcgYv%2BcWiIbNmw%2FAjMLhKT0kHiXdn1uXeKv%2Fe6993al6aIrH%2F3P3ebtHTLM9rcDkv1gvTHEVusiVXWA
INFO: [ app_begin ] --START--
INFO: Run ReadHtmlCache Behavior [ RunTime:0.001351s ]
INFO: [ app_begin ] --END-- [ RunTime:0.001443s ]
NOTIC: [8] Constant UC_CLIENT_VERSION already defined D:\wwwroot\mainweb\sdk\api\UcApi\Lib\Action\IndexAction.class.php 第 4 行.
NOTIC: [8] Constant UC_CLIENT_RELEASE already defined D:\wwwroot\mainweb\sdk\api\UcApi\Lib\Action\IndexAction.class.php 第 5 行.
NOTIC: [2048] Only variables should be passed by reference D:\wwwroot\mainweb\sdk\api\UcApi\Lib\Action\IndexAction.class.php 第 63 行.
NOTIC: [8] Constant API_RETURN_FAILED already defined D:\wwwroot\mainweb\sdk\uc_client\model\note.php 第 16 行.
SQL: SHOW COLUMNS FROM `sdk_accounts` [ RunTime:0.001943s ]
SQL: SELECT * FROM `sdk_accounts` WHERE ( `account_id` = 2023 ) LIMIT 1   [ RunTime:0.000278s ]

[ 2013-09-10T23:31:13+08:00 ] 192.168.163.206 /api/uc.php?time=1378827073&code=038dXZs%2BTXo0GwHv%2F8%2BsHU62t9E2nPw6KZcPhb9vsyEJbFGnTV5VYS5ICV5ewyz%2F8yRpzmJy7JQPkfdwbTKsRM9ken64G31hL2Drc3EvEExXDVySloAQ9jyWkCxgQHFHs0JMsTvmpw%2FX0TymtJzOzQ1VJNi5YrAChhVkE1FLXCpPZsmEKw
INFO: [ app_begin ] --START--
INFO: Run ReadHtmlCache Behavior [ RunTime:0.001236s ]
INFO: [ app_begin ] --END-- [ RunTime:0.001326s ]
NOTIC: [8] Constant UC_CLIENT_VERSION already defined D:\wwwroot\mainweb\sdk\api\UcApi\Lib\Action\IndexAction.class.php 第 4 行.
NOTIC: [8] Constant UC_CLIENT_RELEASE already defined D:\wwwroot\mainweb\sdk\api\UcApi\Lib\Action\IndexAction.class.php 第 5 行.
NOTIC: [2048] Only variables should be passed by reference D:\wwwroot\mainweb\sdk\api\UcApi\Lib\Action\IndexAction.class.php 第 63 行.
NOTIC: [8] Constant API_RETURN_FAILED already defined D:\wwwroot\mainweb\sdk\uc_client\model\note.php 第 16 行.
SQL: SHOW COLUMNS FROM `sdk_accounts` [ RunTime:0.001902s ]
SQL: SELECT * FROM `sdk_accounts` WHERE ( `account_id` = 2089 ) LIMIT 1   [ RunTime:0.000435s ]

[ 2013-09-10T23:53:17+08:00 ] 192.168.177.193 /api/uc.php?time=1378828397&code=5b7fUNCoCT8RpxjMoZHDMoYqprF3nw0MDRMr0IEJm%2ByMi2aNx5ExUV9vSWZctXcwp9yAmrQttEKZsU3mP8Q3e001XWrBsg5P8v%2Bk9naqjBf9MeMC938OZqmHqtUE4NFkzB7HXmsxoCaIagN0tVPuURquGu1rq6AapTbm%2FZMeb8ek4jQ
INFO: [ app_begin ] --START--
INFO: Run ReadHtmlCache Behavior [ RunTime:0.001307s ]
INFO: [ app_begin ] --END-- [ RunTime:0.001397s ]
NOTIC: [8] Constant UC_CLIENT_VERSION already defined D:\wwwroot\mainweb\sdk\api\UcApi\Lib\Action\IndexAction.class.php 第 4 行.
NOTIC: [8] Constant UC_CLIENT_RELEASE already defined D:\wwwroot\mainweb\sdk\api\UcApi\Lib\Action\IndexAction.class.php 第 5 行.
NOTIC: [2048] Only variables should be passed by reference D:\wwwroot\mainweb\sdk\api\UcApi\Lib\Action\IndexAction.class.php 第 63 行.
NOTIC: [8] Constant API_RETURN_FAILED already defined D:\wwwroot\mainweb\sdk\uc_client\model\note.php 第 16 行.
SQL: SHOW COLUMNS FROM `sdk_accounts` [ RunTime:0.002127s ]
SQL: SELECT * FROM `sdk_accounts` WHERE ( `account_id` = 2111 ) LIMIT 1   [ RunTime:0.000521s ]

[ 2013-09-10T23:57:18+08:00 ] 192.168.200.195 /api/uc.php?time=1378828638&code=43cfkz71cCqkzq0SJviSppTnH0ttYBsu0RXJ3tFSSOctMy5usBJZiiiLGeBS7%2Bpzl5FCgQ4dNwNKMw7KUK2t7Ib573LZ94pyzp2H8dLnVrBzSaoGj%2BL9XRI4cVuzSlbM%2FCqI0gdf%2Fn9vGxDC5e64RDQ36lJuqPg33ejpX8t5RRc
INFO: [ app_begin ] --START--
INFO: Run ReadHtmlCache Behavior [ RunTime:0.000896s ]
INFO: [ app_begin ] --END-- [ RunTime:0.000986s ]
NOTIC: [8] Constant UC_CLIENT_VERSION already defined D:\wwwroot\mainweb\sdk\api\UcApi\Lib\Action\IndexAction.class.php 第 4 行.
NOTIC: [8] Constant UC_CLIENT_RELEASE already defined D:\wwwroot\mainweb\sdk\api\UcApi\Lib\Action\IndexAction.class.php 第 5 行.
NOTIC: [2048] Only variables should be passed by reference D:\wwwroot\mainweb\sdk\api\UcApi\Lib\Action\IndexAction.class.php 第 63 行.
NOTIC: [8] Constant API_RETURN_FAILED already defined D:\wwwroot\mainweb\sdk\uc_client\model\note.php 第 16 行.
SQL: SHOW COLUMNS FROM `sdk_accounts` [ RunTime:0.001849s ]
SQL: SELECT * FROM `sdk_accounts` WHERE ( `account_id` = 1797 ) LIMIT 1   [ RunTime:0.000499s ]

