[ 2013-07-24T13:00:33+08:00 ] 14.17.22.31 /api/uc.php?time=1374642033&code=dc1fZ5Cv9xlACtG45zNcGwZNqQyqz8HXc6WzeyOFXDsUDMt62LOCHNEyuzPJ185Tz4nAV3LLr9fRPRK2jg45Exh7xPeXktCV%2F4dHuZnmn8SCqbSqtfPng4xmpoecvOpHs0C24r0WV1wtyyGmEKOO8fH8u%2BJbshM16tQ5A5H8vcJz
INFO: [ app_begin ] --START--
INFO: Run ReadHtmlCache Behavior [ RunTime:0.001385s ]
INFO: [ app_begin ] --END-- [ RunTime:0.001480s ]
NOTIC: [8] Constant UC_CLIENT_VERSION already defined D:\wwwroot\mainweb\sdk\api\UcApi\Lib\Action\IndexAction.class.php 第 4 行.
NOTIC: [8] Constant UC_CLIENT_RELEASE already defined D:\wwwroot\mainweb\sdk\api\UcApi\Lib\Action\IndexAction.class.php 第 5 行.
NOTIC: [2048] Only variables should be passed by reference D:\wwwroot\mainweb\sdk\api\UcApi\Lib\Action\IndexAction.class.php 第 63 行.
NOTIC: [8] Constant API_RETURN_FAILED already defined D:\wwwroot\mainweb\sdk\uc_client\model\note.php 第 16 行.
SQL: SHOW COLUMNS FROM `sdk_accounts` [ RunTime:0.002479s ]
SQL: SELECT * FROM `sdk_accounts` WHERE ( `account_id` = 155 ) LIMIT 1   [ RunTime:0.000674s ]

[ 2013-07-24T13:30:34+08:00 ] 180.153.214.176 /api/uc.php?time=1374642033&code=dc1fZ5Cv9xlACtG45zNcGwZNqQyqz8HXc6WzeyOFXDsUDMt62LOCHNEyuzPJ185Tz4nAV3LLr9fRPRK2jg45Exh7xPeXktCV%2F4dHuZnmn8SCqbSqtfPng4xmpoecvOpHs0C24r0WV1wtyyGmEKOO8fH8u%2BJbshM16tQ5A5H8vcJz
INFO: [ app_begin ] --START--
INFO: Run ReadHtmlCache Behavior [ RunTime:0.001364s ]
INFO: [ app_begin ] --END-- [ RunTime:0.001457s ]
NOTIC: [8] Constant UC_CLIENT_VERSION already defined D:\wwwroot\mainweb\sdk\api\UcApi\Lib\Action\IndexAction.class.php 第 4 行.
NOTIC: [8] Constant UC_CLIENT_RELEASE already defined D:\wwwroot\mainweb\sdk\api\UcApi\Lib\Action\IndexAction.class.php 第 5 行.
NOTIC: [2048] Only variables should be passed by reference D:\wwwroot\mainweb\sdk\api\UcApi\Lib\Action\IndexAction.class.php 第 63 行.
NOTIC: [8] Constant API_RETURN_FAILED already defined D:\wwwroot\mainweb\sdk\uc_client\model\note.php 第 16 行.
SQL: SHOW COLUMNS FROM `sdk_accounts` [ RunTime:0.002288s ]
SQL: SELECT * FROM `sdk_accounts` WHERE ( `account_id` = 155 ) LIMIT 1   [ RunTime:0.000222s ]

[ 2013-07-24T16:07:15+08:00 ] 14.17.22.31 /api/uc.php?time=1374653234&code=7261VocRFxsT1NU5cujoXWFc3HHQAzwVARer2kCV42VlYq8rjsGCqD9hfdTCp2DYZ6opFEivQw6Iqr3nBTu3kIFBKKzHIBPcw90%2Bu5RzT7GeCuN76COQWtrTFkuhDCiDzgZyh7AqEp18gbSV8uUln9s945t%2BRictn2g6XLUmzwAE
INFO: [ app_begin ] --START--
INFO: Run ReadHtmlCache Behavior [ RunTime:0.001400s ]
INFO: [ app_begin ] --END-- [ RunTime:0.001497s ]
NOTIC: [8] Constant UC_CLIENT_VERSION already defined D:\wwwroot\mainweb\sdk\api\UcApi\Lib\Action\IndexAction.class.php 第 4 行.
NOTIC: [8] Constant UC_CLIENT_RELEASE already defined D:\wwwroot\mainweb\sdk\api\UcApi\Lib\Action\IndexAction.class.php 第 5 行.
NOTIC: [2048] Only variables should be passed by reference D:\wwwroot\mainweb\sdk\api\UcApi\Lib\Action\IndexAction.class.php 第 63 行.
NOTIC: [8] Constant API_RETURN_FAILED already defined D:\wwwroot\mainweb\sdk\uc_client\model\note.php 第 16 行.
SQL: SHOW COLUMNS FROM `sdk_accounts` [ RunTime:0.002397s ]
SQL: SELECT * FROM `sdk_accounts` WHERE ( `account_id` = 155 ) LIMIT 1   [ RunTime:0.000133s ]

[ 2013-07-24T16:07:15+08:00 ] 14.17.22.31 /api/uc.php?time=1374653234&code=7261VocRFxsT1NU5cujoXWFc3HHQAzwVARer2kCV42VlYq8rjsGCqD9hfdTCp2DYZ6opFEivQw6Iqr3nBTu3kIFBKKzHIBPcw90%2Bu5RzT7GeCuN76COQWtrTFkuhDCiDzgZyh7AqEp18gbSV8uUln9s945t%2BRictn2g6XLUmzwAE
INFO: [ app_begin ] --START--
INFO: Run ReadHtmlCache Behavior [ RunTime:0.001087s ]
INFO: [ app_begin ] --END-- [ RunTime:0.001179s ]
NOTIC: [8] Constant UC_CLIENT_VERSION already defined D:\wwwroot\mainweb\sdk\api\UcApi\Lib\Action\IndexAction.class.php 第 4 行.
NOTIC: [8] Constant UC_CLIENT_RELEASE already defined D:\wwwroot\mainweb\sdk\api\UcApi\Lib\Action\IndexAction.class.php 第 5 行.
NOTIC: [2048] Only variables should be passed by reference D:\wwwroot\mainweb\sdk\api\UcApi\Lib\Action\IndexAction.class.php 第 63 行.
NOTIC: [8] Constant API_RETURN_FAILED already defined D:\wwwroot\mainweb\sdk\uc_client\model\note.php 第 16 行.
SQL: SHOW COLUMNS FROM `sdk_accounts` [ RunTime:0.002077s ]
SQL: SELECT * FROM `sdk_accounts` WHERE ( `account_id` = 155 ) LIMIT 1   [ RunTime:0.000163s ]

[ 2013-07-24T23:49:13+08:00 ] 183.7.134.246 /api/uc.php?time=1374680952&code=8809t0r8b%2FR4UUaKDWwgiMz31R2Iu5cp49D0%2F1lrIMtUJd51DD9ePMGzSbDDiVtCoUnHGGETI%2Fm74O5FQtPwkqP9zf3RX4JEBrvZMp%2FkmQhKOGsDvb9CwZhJPcJ88ELXaG%2BSfI%2B3xYXunTClVoTaFSESYbFtkx8Elg4%2FmLZDoQvg
INFO: [ app_begin ] --START--
INFO: Run ReadHtmlCache Behavior [ RunTime:0.001424s ]
INFO: [ app_begin ] --END-- [ RunTime:0.002350s ]
NOTIC: [8] Constant UC_CLIENT_VERSION already defined D:\wwwroot\mainweb\sdk\api\UcApi\Lib\Action\IndexAction.class.php 第 4 行.
NOTIC: [8] Constant UC_CLIENT_RELEASE already defined D:\wwwroot\mainweb\sdk\api\UcApi\Lib\Action\IndexAction.class.php 第 5 行.
NOTIC: [2048] Only variables should be passed by reference D:\wwwroot\mainweb\sdk\api\UcApi\Lib\Action\IndexAction.class.php 第 63 行.
NOTIC: [8] Constant API_RETURN_FAILED already defined D:\wwwroot\mainweb\sdk\uc_client\model\note.php 第 16 行.
SQL: SHOW COLUMNS FROM `sdk_accounts` [ RunTime:0.002335s ]
SQL: SELECT * FROM `sdk_accounts` WHERE ( `account_id` = 423 ) LIMIT 1   [ RunTime:0.000534s ]

