[ 2013-06-03T00:23:01+08:00 ] 192.168.206.210 /api/uc.php?time=1370190180&code=51fd1tTDgVvErOa22nHhlm5rxd6GWKPghDnSWvtX9bzxdm8fBh2xAC42RspgcAJM%2BbNq%2BTCwA9jrvkVpccZ2fm%2F8Im3vXjhmUqAdSSNyAsEyhkarenRqoTcmfTtOsAr6ySxgNY6E3F7sV3MnX6oVcWvAw1fk4KbMmiQsDXOMAw
INFO: [ app_begin ] --START--
INFO: Run ReadHtmlCache Behavior [ RunTime:0.001636s ]
INFO: [ app_begin ] --END-- [ RunTime:0.001745s ]
NOTIC: [8] Constant UC_CLIENT_VERSION already defined D:\wwwroot\mainweb\sdk\api\UcApi\Lib\Action\IndexAction.class.php 第 4 行.
NOTIC: [8] Constant UC_CLIENT_RELEASE already defined D:\wwwroot\mainweb\sdk\api\UcApi\Lib\Action\IndexAction.class.php 第 5 行.
NOTIC: [2048] Only variables should be passed by reference D:\wwwroot\mainweb\sdk\api\UcApi\Lib\Action\IndexAction.class.php 第 63 行.
NOTIC: [8] Constant API_RETURN_FAILED already defined D:\wwwroot\mainweb\sdk\uc_client\model\note.php 第 16 行.
SQL: SHOW COLUMNS FROM `sdk_accounts` [ RunTime:0.002349s ]
SQL: SELECT * FROM `sdk_accounts` WHERE ( `account_id` = 1197 ) LIMIT 1   [ RunTime:0.000606s ]

[ 2013-06-03T07:01:00+08:00 ] 192.168.206.8 /api/uc.php?time=1370214059&code=3f6d%2BiV%2BN%2Bdzvbq9MRe2RGD4t2mP8agv9VN62jVfp4qo21G3i3XqgMGejLA%2FFUodDiAIlNvcFqT183ehyB%2BEufNzmSbQUd4CbZqhpEHbo%2FOrTZdcPPhEv2AIqNTAeH4ghvTPUI1%2FYji72ydGRcNltrnHWTeX4M0LqjyZPF8sl%2F8
INFO: [ app_begin ] --START--
INFO: Run ReadHtmlCache Behavior [ RunTime:0.001533s ]
INFO: [ app_begin ] --END-- [ RunTime:0.001626s ]
NOTIC: [8] Constant UC_CLIENT_VERSION already defined D:\wwwroot\mainweb\sdk\api\UcApi\Lib\Action\IndexAction.class.php 第 4 行.
NOTIC: [8] Constant UC_CLIENT_RELEASE already defined D:\wwwroot\mainweb\sdk\api\UcApi\Lib\Action\IndexAction.class.php 第 5 行.
NOTIC: [2048] Only variables should be passed by reference D:\wwwroot\mainweb\sdk\api\UcApi\Lib\Action\IndexAction.class.php 第 63 行.
NOTIC: [8] Constant API_RETURN_FAILED already defined D:\wwwroot\mainweb\sdk\uc_client\model\note.php 第 16 行.
SQL: SHOW COLUMNS FROM `sdk_accounts` [ RunTime:0.002328s ]
SQL: SELECT * FROM `sdk_accounts` WHERE ( `account_id` = 235 ) LIMIT 1   [ RunTime:0.000534s ]

[ 2013-06-03T07:32:52+08:00 ] 192.168.186.197 /api/uc.php?time=1370215972&code=9520vLTwtmpnhHMiXR%2BI0Sgas6XMS5IKkK%2BISYXuXaprCUR0sDWr3ELKY1vEy0vrejrj8J8Z2dik19YAYBk3u7YXlRYFBeYaOvg%2Fazc9q9davKjSpykjldYk4CkmykQr%2FmkNE3oxb1zG71ykmwJB24CobLlfGz3ThyPvpQ
INFO: [ app_begin ] --START--
INFO: Run ReadHtmlCache Behavior [ RunTime:0.001315s ]
INFO: [ app_begin ] --END-- [ RunTime:0.001411s ]
NOTIC: [8] Constant UC_CLIENT_VERSION already defined D:\wwwroot\mainweb\sdk\api\UcApi\Lib\Action\IndexAction.class.php 第 4 行.
NOTIC: [8] Constant UC_CLIENT_RELEASE already defined D:\wwwroot\mainweb\sdk\api\UcApi\Lib\Action\IndexAction.class.php 第 5 行.
NOTIC: [2048] Only variables should be passed by reference D:\wwwroot\mainweb\sdk\api\UcApi\Lib\Action\IndexAction.class.php 第 63 行.
NOTIC: [8] Constant API_RETURN_FAILED already defined D:\wwwroot\mainweb\sdk\uc_client\model\note.php 第 16 行.
SQL: SHOW COLUMNS FROM `sdk_accounts` [ RunTime:0.002521s ]
SQL: SELECT * FROM `sdk_accounts` WHERE ( `account_id` = 537 ) LIMIT 1   [ RunTime:0.000398s ]

[ 2013-06-03T08:26:38+08:00 ] 192.168.138.15 /api/uc.php?time=1370219198&code=12d13%2BrjcZx%2BsWyEfthnwrzqDPQ4P1%2BoG5AHiKyQzXbhPmZGxN0PekbwBoRiMg2Idc%2FI1TVQpQG%2F%2BcRyvBUD5cr1xOkCQVtGaknssfIYBGxlL8KEY82WbB8SETWx8Mz382YjgpUhgRVrfnnHOKnYpoalli8eCHrbmLo2ckhKexM
INFO: [ app_begin ] --START--
INFO: Run ReadHtmlCache Behavior [ RunTime:0.001408s ]
INFO: [ app_begin ] --END-- [ RunTime:0.001500s ]
NOTIC: [8] Constant UC_CLIENT_VERSION already defined D:\wwwroot\mainweb\sdk\api\UcApi\Lib\Action\IndexAction.class.php 第 4 行.
NOTIC: [8] Constant UC_CLIENT_RELEASE already defined D:\wwwroot\mainweb\sdk\api\UcApi\Lib\Action\IndexAction.class.php 第 5 行.
NOTIC: [2048] Only variables should be passed by reference D:\wwwroot\mainweb\sdk\api\UcApi\Lib\Action\IndexAction.class.php 第 63 行.
NOTIC: [8] Constant API_RETURN_FAILED already defined D:\wwwroot\mainweb\sdk\uc_client\model\note.php 第 16 行.
SQL: SHOW COLUMNS FROM `sdk_accounts` [ RunTime:0.002163s ]
SQL: SELECT * FROM `sdk_accounts` WHERE ( `account_id` = 2011 ) LIMIT 1   [ RunTime:0.000447s ]

[ 2013-06-03T08:57:07+08:00 ] 192.168.129.71 /api/uc.php?time=1370221026&code=9a6cHkXLtU7dGNeyDqdqXQfmZZ45CQHiBc9JKlAU%2BKpcVEOqcBTiCNQhJWBDDDVb5QeE95EoYlOF3kJtVBLN9ArnEUiakhtIpqwjGSa%2B3S708G9eYOwI6%2FQsgQsoDPA1tUC2zHHFr5nPHE6AyoRd%2Bn6Az%2BgC5twDZiui1xU
INFO: [ app_begin ] --START--
INFO: Run ReadHtmlCache Behavior [ RunTime:0.001885s ]
INFO: [ app_begin ] --END-- [ RunTime:0.001981s ]
NOTIC: [8] Constant UC_CLIENT_VERSION already defined D:\wwwroot\mainweb\sdk\api\UcApi\Lib\Action\IndexAction.class.php 第 4 行.
NOTIC: [8] Constant UC_CLIENT_RELEASE already defined D:\wwwroot\mainweb\sdk\api\UcApi\Lib\Action\IndexAction.class.php 第 5 行.
NOTIC: [2048] Only variables should be passed by reference D:\wwwroot\mainweb\sdk\api\UcApi\Lib\Action\IndexAction.class.php 第 63 行.
NOTIC: [8] Constant API_RETURN_FAILED already defined D:\wwwroot\mainweb\sdk\uc_client\model\note.php 第 16 行.
SQL: SHOW COLUMNS FROM `sdk_accounts` [ RunTime:0.002447s ]
SQL: SELECT * FROM `sdk_accounts` WHERE ( `account_id` = 741 ) LIMIT 1   [ RunTime:0.000384s ]

[ 2013-06-03T09:07:12+08:00 ] 192.168.235.16 /api/uc.php?time=1370221632&code=3aedi8Ta8juvjXLwVCKaiK6uxQDG8kWOHmrjw6j2uESXpV5uzlFj0aD9MagnqmNkuAogg655vkUCT1ggxKcUqRVWNAdtnHgISvnji06DiqJYUA4%2BLd5ZhGvf8va9ZfPmC8YlUmL9t35uHd9Yz%2F149rsaPGiZvkuiJwVfknFcaw
INFO: [ app_begin ] --START--
INFO: Run ReadHtmlCache Behavior [ RunTime:0.001245s ]
INFO: [ app_begin ] --END-- [ RunTime:0.001338s ]
NOTIC: [8] Constant UC_CLIENT_VERSION already defined D:\wwwroot\mainweb\sdk\api\UcApi\Lib\Action\IndexAction.class.php 第 4 行.
NOTIC: [8] Constant UC_CLIENT_RELEASE already defined D:\wwwroot\mainweb\sdk\api\UcApi\Lib\Action\IndexAction.class.php 第 5 行.
NOTIC: [2048] Only variables should be passed by reference D:\wwwroot\mainweb\sdk\api\UcApi\Lib\Action\IndexAction.class.php 第 63 行.
NOTIC: [8] Constant API_RETURN_FAILED already defined D:\wwwroot\mainweb\sdk\uc_client\model\note.php 第 16 行.
SQL: SHOW COLUMNS FROM `sdk_accounts` [ RunTime:0.002262s ]
SQL: SELECT * FROM `sdk_accounts` WHERE ( `account_id` = 2302 ) LIMIT 1   [ RunTime:0.000575s ]
SQL: INSERT INTO `sdk_accounts` (`account_id`,`user_name`,`email`,`password`,`reg_time`) VALUES (2302,'binbin','907066525@qq.com','e3c38004f5c1c7747a27e7c021495c30fea6c1af',1370221632) [ RunTime:0.000958s ]

[ 2013-06-03T09:08:55+08:00 ] 192.168.193.70 /api/uc.php?time=1370221735&code=d95b1NSHVhgUVXTsbvRbLSFs9T6ts06vkWz6b4HkvT7XloyGD4z5QKqYA3SUwr1b72CHcj4muKQr9IjnEZXvmwETnKx0Z4S41RVM6qm1sT%2BA%2Fy30dCBf2yigJUvT8MMJB%2FiZyKtZKgv%2FegCtzrqAhsQSib%2FCY77Fy090Vmg%2F7foYHdU
INFO: [ app_begin ] --START--
INFO: Run ReadHtmlCache Behavior [ RunTime:0.001378s ]
INFO: [ app_begin ] --END-- [ RunTime:0.001470s ]
NOTIC: [8] Constant UC_CLIENT_VERSION already defined D:\wwwroot\mainweb\sdk\api\UcApi\Lib\Action\IndexAction.class.php 第 4 行.
NOTIC: [8] Constant UC_CLIENT_RELEASE already defined D:\wwwroot\mainweb\sdk\api\UcApi\Lib\Action\IndexAction.class.php 第 5 行.
NOTIC: [2048] Only variables should be passed by reference D:\wwwroot\mainweb\sdk\api\UcApi\Lib\Action\IndexAction.class.php 第 63 行.
NOTIC: [8] Constant API_RETURN_FAILED already defined D:\wwwroot\mainweb\sdk\uc_client\model\note.php 第 16 行.
SQL: SHOW COLUMNS FROM `sdk_accounts` [ RunTime:0.002144s ]
SQL: SELECT * FROM `sdk_accounts` WHERE ( `account_id` = 695 ) LIMIT 1   [ RunTime:0.000515s ]

[ 2013-06-03T09:32:34+08:00 ] 172.16.106.109 /api/uc.php?time=1370223154&code=374exn9eAimSBfwtlsS5EfDJGNEartjPldeqJIuoID0STdMQA%2BIBXHylx%2BhszkndE7S1ejH34Mez9SozdSx%2B8JKZl%2FIJCr3BAbFPUg0tXYGADYSsChaXrj2upQyxx17l6OqtN2a8fXf1h6zgbqXna11gm5Z9SqXHxCJSDaCyV2F4
INFO: [ app_begin ] --START--
INFO: Run ReadHtmlCache Behavior [ RunTime:0.001302s ]
INFO: [ app_begin ] --END-- [ RunTime:0.001394s ]
NOTIC: [8] Constant UC_CLIENT_VERSION already defined D:\wwwroot\mainweb\sdk\api\UcApi\Lib\Action\IndexAction.class.php 第 4 行.
NOTIC: [8] Constant UC_CLIENT_RELEASE already defined D:\wwwroot\mainweb\sdk\api\UcApi\Lib\Action\IndexAction.class.php 第 5 行.
NOTIC: [2048] Only variables should be passed by reference D:\wwwroot\mainweb\sdk\api\UcApi\Lib\Action\IndexAction.class.php 第 63 行.
NOTIC: [8] Constant API_RETURN_FAILED already defined D:\wwwroot\mainweb\sdk\uc_client\model\note.php 第 16 行.
SQL: SHOW COLUMNS FROM `sdk_accounts` [ RunTime:0.003369s ]
SQL: SELECT * FROM `sdk_accounts` WHERE ( `account_id` = 694 ) LIMIT 1   [ RunTime:0.000510s ]

[ 2013-06-03T09:37:13+08:00 ] 112.64.235.252 /api/uc.php?time=1370221632&code=3aedi8Ta8juvjXLwVCKaiK6uxQDG8kWOHmrjw6j2uESXpV5uzlFj0aD9MagnqmNkuAogg655vkUCT1ggxKcUqRVWNAdtnHgISvnji06DiqJYUA4%2BLd5ZhGvf8va9ZfPmC8YlUmL9t35uHd9Yz%2F149rsaPGiZvkuiJwVfknFcaw
INFO: [ app_begin ] --START--
INFO: Run ReadHtmlCache Behavior [ RunTime:0.001256s ]
INFO: [ app_begin ] --END-- [ RunTime:0.001349s ]
NOTIC: [8] Constant UC_CLIENT_VERSION already defined D:\wwwroot\mainweb\sdk\api\UcApi\Lib\Action\IndexAction.class.php 第 4 行.
NOTIC: [8] Constant UC_CLIENT_RELEASE already defined D:\wwwroot\mainweb\sdk\api\UcApi\Lib\Action\IndexAction.class.php 第 5 行.
NOTIC: [2048] Only variables should be passed by reference D:\wwwroot\mainweb\sdk\api\UcApi\Lib\Action\IndexAction.class.php 第 63 行.
NOTIC: [8] Constant API_RETURN_FAILED already defined D:\wwwroot\mainweb\sdk\uc_client\model\note.php 第 16 行.
SQL: SHOW COLUMNS FROM `sdk_accounts` [ RunTime:0.001843s ]
SQL: SELECT * FROM `sdk_accounts` WHERE ( `account_id` = 2302 ) LIMIT 1   [ RunTime:0.000383s ]

[ 2013-06-03T09:52:49+08:00 ] 192.168.202.136 /api/uc.php?time=1370224369&code=5ef2TkLXq9Xpp8XnkQIsRGfmT8n0QFy6IHlg3iqMDcMKrkL2QwE0QGlJwN%2B2uRZgfvEBBDcrxOOtQ%2FvWcnZuOLy%2FP0lMJ139G04%2F8QuWte0tmBmEONpAUGIQWQFzELTnPzmrK1SS4gczaqjgLhHGdW%2BAbDpQRNrEZKlKPUbcmlo
INFO: [ app_begin ] --START--
INFO: Run ReadHtmlCache Behavior [ RunTime:0.001237s ]
INFO: [ app_begin ] --END-- [ RunTime:0.001330s ]
NOTIC: [8] Constant UC_CLIENT_VERSION already defined D:\wwwroot\mainweb\sdk\api\UcApi\Lib\Action\IndexAction.class.php 第 4 行.
NOTIC: [8] Constant UC_CLIENT_RELEASE already defined D:\wwwroot\mainweb\sdk\api\UcApi\Lib\Action\IndexAction.class.php 第 5 行.
NOTIC: [2048] Only variables should be passed by reference D:\wwwroot\mainweb\sdk\api\UcApi\Lib\Action\IndexAction.class.php 第 63 行.
NOTIC: [8] Constant API_RETURN_FAILED already defined D:\wwwroot\mainweb\sdk\uc_client\model\note.php 第 16 行.
SQL: SHOW COLUMNS FROM `sdk_accounts` [ RunTime:0.002114s ]
SQL: SELECT * FROM `sdk_accounts` WHERE ( `account_id` = 354 ) LIMIT 1   [ RunTime:0.000356s ]

[ 2013-06-03T09:53:01+08:00 ] 192.168.202.136 /api/uc.php?time=1370224381&code=bc585Bxk4Y8kioIvxBQY4rnr5pKLaZn9CJRjEdq9Ko94Aw3toQnzMDONrTuklSs2hA35wuHwITZcwexFDw
INFO: [ app_begin ] --START--
INFO: Run ReadHtmlCache Behavior [ RunTime:0.001615s ]
INFO: [ app_begin ] --END-- [ RunTime:0.001711s ]
NOTIC: [8] Constant UC_CLIENT_VERSION already defined D:\wwwroot\mainweb\sdk\api\UcApi\Lib\Action\IndexAction.class.php 第 4 行.
NOTIC: [8] Constant UC_CLIENT_RELEASE already defined D:\wwwroot\mainweb\sdk\api\UcApi\Lib\Action\IndexAction.class.php 第 5 行.
NOTIC: [2048] Only variables should be passed by reference D:\wwwroot\mainweb\sdk\api\UcApi\Lib\Action\IndexAction.class.php 第 63 行.

[ 2013-06-03T09:54:03+08:00 ] 192.168.202.136 /api/uc.php?time=1370224443&code=1b61GJ7sZYWyLDLkuG1fvEi6Kxc81A6tLJegE8i6dwwl45Ms5sOkn2n2NuwzN8GdXcEgxuM6OCbI%2BL04Ts95zH9eX13Px3Kttt1AK4ZuCFR7Baow92YZneRo5bVgeiaOcDENcRNqUhF%2BCGbPem7riHORljVCxQKHZH1dLwYWHBI
INFO: [ app_begin ] --START--
INFO: Run ReadHtmlCache Behavior [ RunTime:0.001735s ]
INFO: [ app_begin ] --END-- [ RunTime:0.001846s ]
NOTIC: [8] Constant UC_CLIENT_VERSION already defined D:\wwwroot\mainweb\sdk\api\UcApi\Lib\Action\IndexAction.class.php 第 4 行.
NOTIC: [8] Constant UC_CLIENT_RELEASE already defined D:\wwwroot\mainweb\sdk\api\UcApi\Lib\Action\IndexAction.class.php 第 5 行.
NOTIC: [2048] Only variables should be passed by reference D:\wwwroot\mainweb\sdk\api\UcApi\Lib\Action\IndexAction.class.php 第 63 行.
NOTIC: [8] Constant API_RETURN_FAILED already defined D:\wwwroot\mainweb\sdk\uc_client\model\note.php 第 16 行.
SQL: SHOW COLUMNS FROM `sdk_accounts` [ RunTime:0.002000s ]
SQL: SELECT * FROM `sdk_accounts` WHERE ( `account_id` = 354 ) LIMIT 1   [ RunTime:0.000140s ]

[ 2013-06-03T10:23:24+08:00 ] 192.168.202.209 /api/uc.php?time=1370226204&code=d682Vysa%2Fr%2BBbjAMHETcacn%2BHTaS7PvN%2FNag%2Fmm2qxQwftk7KUov%2BOAzIFdHQ3CNE6v0lFlKCY%2FU2JE%2FrPfgnCQLC5ZULExSqEQuWz%2FXo8HQlCzwkneuwMJQom%2F1NBwbaeAN51Px2JqKB10YJEIm5jcjcggfxenCRElmP5UKmg
INFO: [ app_begin ] --START--
INFO: Run ReadHtmlCache Behavior [ RunTime:0.001242s ]
INFO: [ app_begin ] --END-- [ RunTime:0.001334s ]
NOTIC: [8] Constant UC_CLIENT_VERSION already defined D:\wwwroot\mainweb\sdk\api\UcApi\Lib\Action\IndexAction.class.php 第 4 行.
NOTIC: [8] Constant UC_CLIENT_RELEASE already defined D:\wwwroot\mainweb\sdk\api\UcApi\Lib\Action\IndexAction.class.php 第 5 行.
NOTIC: [2048] Only variables should be passed by reference D:\wwwroot\mainweb\sdk\api\UcApi\Lib\Action\IndexAction.class.php 第 63 行.
NOTIC: [8] Constant API_RETURN_FAILED already defined D:\wwwroot\mainweb\sdk\uc_client\model\note.php 第 16 行.
SQL: SHOW COLUMNS FROM `sdk_accounts` [ RunTime:0.002170s ]
SQL: SELECT * FROM `sdk_accounts` WHERE ( `account_id` = 2303 ) LIMIT 1   [ RunTime:0.000622s ]
SQL: INSERT INTO `sdk_accounts` (`account_id`,`user_name`,`email`,`password`,`reg_time`) VALUES (2303,'随然','1040033067@qq.com','6ac7ec18c46106fe514996499a2b2e4eb3517735',1370226204) [ RunTime:0.000708s ]

[ 2013-06-03T10:23:49+08:00 ] 192.168.202.209 /api/uc.php?time=1370226229&code=45bbR6PlvCq5i6Lm%2B1PCWza4Qc7RnXxolzWwt5NO73e5Ecx7hDu0xsKUmGH1OUH84jI682yCIpJQDRM7RLjIEjcLA3687G%2Be0kU3nRxbOZEiEyqIXPvvERFlQ0eDm3sXqcqRgPesbUH8RHeQxkrHZ2b783hruuxMZZuN1jdEMQ
INFO: [ app_begin ] --START--
INFO: Run ReadHtmlCache Behavior [ RunTime:0.001242s ]
INFO: [ app_begin ] --END-- [ RunTime:0.001337s ]
NOTIC: [8] Constant UC_CLIENT_VERSION already defined D:\wwwroot\mainweb\sdk\api\UcApi\Lib\Action\IndexAction.class.php 第 4 行.
NOTIC: [8] Constant UC_CLIENT_RELEASE already defined D:\wwwroot\mainweb\sdk\api\UcApi\Lib\Action\IndexAction.class.php 第 5 行.
NOTIC: [2048] Only variables should be passed by reference D:\wwwroot\mainweb\sdk\api\UcApi\Lib\Action\IndexAction.class.php 第 63 行.
NOTIC: [8] Constant API_RETURN_FAILED already defined D:\wwwroot\mainweb\sdk\uc_client\model\note.php 第 16 行.
SQL: SHOW COLUMNS FROM `sdk_accounts` [ RunTime:0.002060s ]
SQL: SELECT * FROM `sdk_accounts` WHERE ( `account_id` = 2303 ) LIMIT 1   [ RunTime:0.000317s ]

[ 2013-06-03T10:34:41+08:00 ] 192.168.203.67 /api/uc.php?time=1370226880&code=0f26M7jb8EwuP7RgfIrlnyjk7%2FgWNZUN4Y2J0%2FjEt6t%2By9gWIsUH2WC0DPKWPPdblHZw1vFa%2FK9wtBqNbxKimWsh%2FkM9gbR3e%2Bs7syL2m7w0P7g4SkRG2oJlSa5FJIDefWF0CVQVQN5uJLwPFN%2F1gF6WIxOb0GteHMHq
INFO: [ app_begin ] --START--
INFO: Run ReadHtmlCache Behavior [ RunTime:0.001310s ]
INFO: [ app_begin ] --END-- [ RunTime:0.001403s ]
NOTIC: [8] Constant UC_CLIENT_VERSION already defined D:\wwwroot\mainweb\sdk\api\UcApi\Lib\Action\IndexAction.class.php 第 4 行.
NOTIC: [8] Constant UC_CLIENT_RELEASE already defined D:\wwwroot\mainweb\sdk\api\UcApi\Lib\Action\IndexAction.class.php 第 5 行.
NOTIC: [2048] Only variables should be passed by reference D:\wwwroot\mainweb\sdk\api\UcApi\Lib\Action\IndexAction.class.php 第 63 行.
NOTIC: [8] Constant API_RETURN_FAILED already defined D:\wwwroot\mainweb\sdk\uc_client\model\note.php 第 16 行.
SQL: SHOW COLUMNS FROM `sdk_accounts` [ RunTime:0.002163s ]
SQL: SELECT * FROM `sdk_accounts` WHERE ( `account_id` = 523 ) LIMIT 1   [ RunTime:0.000387s ]

[ 2013-06-03T10:41:53+08:00 ] 172.16.101.4 /api/uc.php?time=1370227313&code=9999Oh1edmpo4r1qlb8C%2FD10jJh22wOqGisrnsa6Y4CXRFD8f7SClC5gqIiFx9M4yYLPpLpSU9blspkAr%2Fjwui911ENEB8bo6LE7FpOjGPtWmrFGL9kRpT5XbDeuTrr4CDQW%2BePU%2B7uICOih4Fs4pHOdbj9Mz92zXsuD0XxuJJEz
INFO: [ app_begin ] --START--
INFO: Run ReadHtmlCache Behavior [ RunTime:0.001234s ]
INFO: [ app_begin ] --END-- [ RunTime:0.001332s ]
NOTIC: [8] Constant UC_CLIENT_VERSION already defined D:\wwwroot\mainweb\sdk\api\UcApi\Lib\Action\IndexAction.class.php 第 4 行.
NOTIC: [8] Constant UC_CLIENT_RELEASE already defined D:\wwwroot\mainweb\sdk\api\UcApi\Lib\Action\IndexAction.class.php 第 5 行.
NOTIC: [2048] Only variables should be passed by reference D:\wwwroot\mainweb\sdk\api\UcApi\Lib\Action\IndexAction.class.php 第 63 行.
NOTIC: [8] Constant API_RETURN_FAILED already defined D:\wwwroot\mainweb\sdk\uc_client\model\note.php 第 16 行.
SQL: SHOW COLUMNS FROM `sdk_accounts` [ RunTime:0.002218s ]
SQL: SELECT * FROM `sdk_accounts` WHERE ( `account_id` = 155 ) LIMIT 1   [ RunTime:0.000594s ]

[ 2013-06-03T10:51:43+08:00 ] 172.16.101.4 /api/uc.php?time=1370227902&code=50d9f6hE3E8bJ5ULBRTid%2F%2FbgrJa4QiH7u7ZAO9pgqmJdmBemdYMKnnrbpcx%2BH%2F%2Bpgeqt21hZKc%2B1tzYDw
INFO: [ app_begin ] --START--
INFO: Run ReadHtmlCache Behavior [ RunTime:0.001814s ]
INFO: [ app_begin ] --END-- [ RunTime:0.001907s ]
NOTIC: [8] Constant UC_CLIENT_VERSION already defined D:\wwwroot\mainweb\sdk\api\UcApi\Lib\Action\IndexAction.class.php 第 4 行.
NOTIC: [8] Constant UC_CLIENT_RELEASE already defined D:\wwwroot\mainweb\sdk\api\UcApi\Lib\Action\IndexAction.class.php 第 5 行.
NOTIC: [2048] Only variables should be passed by reference D:\wwwroot\mainweb\sdk\api\UcApi\Lib\Action\IndexAction.class.php 第 63 行.

[ 2013-06-03T11:12:02+08:00 ] 101.226.66.193 /api/uc.php?time=1370227313&code=9999Oh1edmpo4r1qlb8C%2FD10jJh22wOqGisrnsa6Y4CXRFD8f7SClC5gqIiFx9M4yYLPpLpSU9blspkAr%2Fjwui911ENEB8bo6LE7FpOjGPtWmrFGL9kRpT5XbDeuTrr4CDQW%2BePU%2B7uICOih4Fs4pHOdbj9Mz92zXsuD0XxuJJEz
INFO: [ app_begin ] --START--
INFO: Run ReadHtmlCache Behavior [ RunTime:0.001305s ]
INFO: [ app_begin ] --END-- [ RunTime:0.001399s ]
NOTIC: [8] Constant UC_CLIENT_VERSION already defined D:\wwwroot\mainweb\sdk\api\UcApi\Lib\Action\IndexAction.class.php 第 4 行.
NOTIC: [8] Constant UC_CLIENT_RELEASE already defined D:\wwwroot\mainweb\sdk\api\UcApi\Lib\Action\IndexAction.class.php 第 5 行.
NOTIC: [2048] Only variables should be passed by reference D:\wwwroot\mainweb\sdk\api\UcApi\Lib\Action\IndexAction.class.php 第 63 行.
NOTIC: [8] Constant API_RETURN_FAILED already defined D:\wwwroot\mainweb\sdk\uc_client\model\note.php 第 16 行.
SQL: SHOW COLUMNS FROM `sdk_accounts` [ RunTime:0.002351s ]
SQL: SELECT * FROM `sdk_accounts` WHERE ( `account_id` = 155 ) LIMIT 1   [ RunTime:0.000320s ]

[ 2013-06-03T11:21:42+08:00 ] 180.153.214.198 /api/uc.php?time=1370227902&code=50d9f6hE3E8bJ5ULBRTid%2F%2FbgrJa4QiH7u7ZAO9pgqmJdmBemdYMKnnrbpcx%2BH%2F%2Bpgeqt21hZKc%2B1tzYDw
INFO: [ app_begin ] --START--
INFO: Run ReadHtmlCache Behavior [ RunTime:0.001437s ]
INFO: [ app_begin ] --END-- [ RunTime:0.001539s ]
NOTIC: [8] Constant UC_CLIENT_VERSION already defined D:\wwwroot\mainweb\sdk\api\UcApi\Lib\Action\IndexAction.class.php 第 4 行.
NOTIC: [8] Constant UC_CLIENT_RELEASE already defined D:\wwwroot\mainweb\sdk\api\UcApi\Lib\Action\IndexAction.class.php 第 5 行.
NOTIC: [2048] Only variables should be passed by reference D:\wwwroot\mainweb\sdk\api\UcApi\Lib\Action\IndexAction.class.php 第 63 行.

[ 2013-06-03T11:47:16+08:00 ] 192.168.230.67 /api/uc.php?time=1370231236&code=c604enHho4Mujkt7QP7353iFLH4HIvDu6bfakzjQFqZ1t80aTAJ1sYn3i0sp9%2FztwnLaL6eUD4sMQBlmiKFLPHgqotXBLa%2B7MNwCjJLU1bVi4XfSU7mVGGHKgT%2Fy%2FETbQTyY9KAezLjnPFmu9APCJDU1jeQw%2BX%2Bpi2TUqp0V1xPEal0
INFO: [ app_begin ] --START--
INFO: Run ReadHtmlCache Behavior [ RunTime:0.001690s ]
INFO: [ app_begin ] --END-- [ RunTime:0.001785s ]
NOTIC: [8] Constant UC_CLIENT_VERSION already defined D:\wwwroot\mainweb\sdk\api\UcApi\Lib\Action\IndexAction.class.php 第 4 行.
NOTIC: [8] Constant UC_CLIENT_RELEASE already defined D:\wwwroot\mainweb\sdk\api\UcApi\Lib\Action\IndexAction.class.php 第 5 行.
NOTIC: [2048] Only variables should be passed by reference D:\wwwroot\mainweb\sdk\api\UcApi\Lib\Action\IndexAction.class.php 第 63 行.
NOTIC: [8] Constant API_RETURN_FAILED already defined D:\wwwroot\mainweb\sdk\uc_client\model\note.php 第 16 行.
SQL: SHOW COLUMNS FROM `sdk_accounts` [ RunTime:0.002681s ]
SQL: SELECT * FROM `sdk_accounts` WHERE ( `account_id` = 2304 ) LIMIT 1   [ RunTime:0.000380s ]
SQL: INSERT INTO `sdk_accounts` (`account_id`,`user_name`,`email`,`password`,`reg_time`) VALUES (2304,'CABBAGE623','363228015@qq.com','29c82c85bd55469bc5aa7cd0205a6cf22a23f8e8',1370231236) [ RunTime:0.000613s ]

[ 2013-06-03T11:47:34+08:00 ] 192.168.230.67 /api/uc.php?time=1370231254&code=cb195yrO1koyB0Hw6wabyffyCeeJNaz18eYXXCn4kfVPoEbAMYdw24mxoPV1%2F4DEASpbP4AglaeSrqmdi1ElD1KSoDUSHsSFdQ1rAKunlTGkqErqO4lzj%2FHClG3pbp539YFDIfdL856CUesLfh7XjCNqotC63FrvXAIv3fPIJvQWZBQ
INFO: [ app_begin ] --START--
INFO: Run ReadHtmlCache Behavior [ RunTime:0.001125s ]
INFO: [ app_begin ] --END-- [ RunTime:0.001218s ]
NOTIC: [8] Constant UC_CLIENT_VERSION already defined D:\wwwroot\mainweb\sdk\api\UcApi\Lib\Action\IndexAction.class.php 第 4 行.
NOTIC: [8] Constant UC_CLIENT_RELEASE already defined D:\wwwroot\mainweb\sdk\api\UcApi\Lib\Action\IndexAction.class.php 第 5 行.
NOTIC: [2048] Only variables should be passed by reference D:\wwwroot\mainweb\sdk\api\UcApi\Lib\Action\IndexAction.class.php 第 63 行.
NOTIC: [8] Constant API_RETURN_FAILED already defined D:\wwwroot\mainweb\sdk\uc_client\model\note.php 第 16 行.
SQL: SHOW COLUMNS FROM `sdk_accounts` [ RunTime:0.001936s ]
SQL: SELECT * FROM `sdk_accounts` WHERE ( `account_id` = 2304 ) LIMIT 1   [ RunTime:0.000511s ]

[ 2013-06-03T12:15:50+08:00 ] 192.168.190.142 /api/uc.php?time=1370232950&code=a550hmIC4BE59rmpXIm6eLirTaS%2BEsDjeor4DalIgDf6tPs%2BSok9ohP6R%2B88u5s6jX33OF2RZRIAirRAsfZ1xO%2BZohiLHGQWTBirhZD%2FMUu3Iz1gC4QOvLiYb%2BAggB6zedadOqZwoqZ4iJXNc8Llnw5REtO6Ie2p7d7xCR%2FvCGbbNQ
INFO: [ app_begin ] --START--
INFO: Run ReadHtmlCache Behavior [ RunTime:0.001180s ]
INFO: [ app_begin ] --END-- [ RunTime:0.001273s ]
NOTIC: [8] Constant UC_CLIENT_VERSION already defined D:\wwwroot\mainweb\sdk\api\UcApi\Lib\Action\IndexAction.class.php 第 4 行.
NOTIC: [8] Constant UC_CLIENT_RELEASE already defined D:\wwwroot\mainweb\sdk\api\UcApi\Lib\Action\IndexAction.class.php 第 5 行.
NOTIC: [2048] Only variables should be passed by reference D:\wwwroot\mainweb\sdk\api\UcApi\Lib\Action\IndexAction.class.php 第 63 行.
NOTIC: [8] Constant API_RETURN_FAILED already defined D:\wwwroot\mainweb\sdk\uc_client\model\note.php 第 16 行.
SQL: SHOW COLUMNS FROM `sdk_accounts` [ RunTime:0.002204s ]
SQL: SELECT * FROM `sdk_accounts` WHERE ( `account_id` = 1789 ) LIMIT 1   [ RunTime:0.000559s ]

[ 2013-06-03T12:17:03+08:00 ] 192.168.203.86 /api/uc.php?time=1370233021&code=b3c9a5rBaf%2FDaCBp3m2uskcbiOy0Mj7dvmlkwjSs06A3gsvd6yCN0IBFbGda0sA6WhRX1Ub3Qr%2BzpxTsm%2BgIaN5XGle12iZwE5y4RI%2F8N6oxyIaYxCrBG%2FksioLvEyLakCvWVwXeP97XSmJB%2FgJM%2BBOvHebflEf%2BwVYOxg
INFO: [ app_begin ] --START--
INFO: Run ReadHtmlCache Behavior [ RunTime:0.000994s ]
INFO: [ app_begin ] --END-- [ RunTime:0.001094s ]
NOTIC: [8] Constant UC_CLIENT_VERSION already defined D:\wwwroot\mainweb\sdk\api\UcApi\Lib\Action\IndexAction.class.php 第 4 行.
NOTIC: [8] Constant UC_CLIENT_RELEASE already defined D:\wwwroot\mainweb\sdk\api\UcApi\Lib\Action\IndexAction.class.php 第 5 行.
NOTIC: [2048] Only variables should be passed by reference D:\wwwroot\mainweb\sdk\api\UcApi\Lib\Action\IndexAction.class.php 第 63 行.
NOTIC: [8] Constant API_RETURN_FAILED already defined D:\wwwroot\mainweb\sdk\uc_client\model\note.php 第 16 行.
SQL: SHOW COLUMNS FROM `sdk_accounts` [ RunTime:0.001922s ]
SQL: SELECT * FROM `sdk_accounts` WHERE ( `account_id` = 1520 ) LIMIT 1   [ RunTime:0.000459s ]

[ 2013-06-03T12:22:37+08:00 ] 192.168.143.95 /api/uc.php?time=1370233357&code=fb1dt%2Bvv2gS0fAfkMYQXLkpzi6HinT0lGyHQyZFAARS2CjT3q9aiCVncOeMfv2c18nUh3lG3%2F7MwsLLelLrHcfxFSyF%2BI6fSu5iY7k75lVuwkE4nr%2FThKJfdEQmlLCZFgAuWiH6PnjWOJdtftQExkwcAR6bsMgzycZWzIds
INFO: [ app_begin ] --START--
INFO: Run ReadHtmlCache Behavior [ RunTime:0.001460s ]
INFO: [ app_begin ] --END-- [ RunTime:0.001554s ]
NOTIC: [8] Constant UC_CLIENT_VERSION already defined D:\wwwroot\mainweb\sdk\api\UcApi\Lib\Action\IndexAction.class.php 第 4 行.
NOTIC: [8] Constant UC_CLIENT_RELEASE already defined D:\wwwroot\mainweb\sdk\api\UcApi\Lib\Action\IndexAction.class.php 第 5 行.
NOTIC: [2048] Only variables should be passed by reference D:\wwwroot\mainweb\sdk\api\UcApi\Lib\Action\IndexAction.class.php 第 63 行.
NOTIC: [8] Constant API_RETURN_FAILED already defined D:\wwwroot\mainweb\sdk\uc_client\model\note.php 第 16 行.
SQL: SHOW COLUMNS FROM `sdk_accounts` [ RunTime:0.002332s ]
SQL: SELECT * FROM `sdk_accounts` WHERE ( `account_id` = 773 ) LIMIT 1   [ RunTime:0.000504s ]

[ 2013-06-03T12:45:25+08:00 ] 192.168.178.217 /api/uc.php?time=1370234724&code=1d52HoqMv%2BDpgROBfpT5XmmFfThC5dumORkbxAM1vVfHv3xgilfVO%2BrjVu7A5lV4XqcbvMqh%2F3WzHupyqKaN33TH1NX3pAjpVJRQrZxPBlr8LJohDhHUxKj2mkFskJ55XBXIs4LMQq56dBt5Qs1hswfLqp2BI83TgwHCmoZy4hiL
INFO: [ app_begin ] --START--
INFO: Run ReadHtmlCache Behavior [ RunTime:0.001257s ]
INFO: [ app_begin ] --END-- [ RunTime:0.001351s ]
NOTIC: [8] Constant UC_CLIENT_VERSION already defined D:\wwwroot\mainweb\sdk\api\UcApi\Lib\Action\IndexAction.class.php 第 4 行.
NOTIC: [8] Constant UC_CLIENT_RELEASE already defined D:\wwwroot\mainweb\sdk\api\UcApi\Lib\Action\IndexAction.class.php 第 5 行.
NOTIC: [2048] Only variables should be passed by reference D:\wwwroot\mainweb\sdk\api\UcApi\Lib\Action\IndexAction.class.php 第 63 行.
NOTIC: [8] Constant API_RETURN_FAILED already defined D:\wwwroot\mainweb\sdk\uc_client\model\note.php 第 16 行.
SQL: SHOW COLUMNS FROM `sdk_accounts` [ RunTime:0.002348s ]
SQL: SELECT * FROM `sdk_accounts` WHERE ( `account_id` = 1029 ) LIMIT 1   [ RunTime:0.000585s ]

[ 2013-06-03T12:47:06+08:00 ] 180.153.201.15 /api/uc.php?time=1370233021&code=b3c9a5rBaf%2FDaCBp3m2uskcbiOy0Mj7dvmlkwjSs06A3gsvd6yCN0IBFbGda0sA6WhRX1Ub3Qr%2BzpxTsm%2BgIaN5XGle12iZwE5y4RI%2F8N6oxyIaYxCrBG%2FksioLvEyLakCvWVwXeP97XSmJB%2FgJM%2BBOvHebflEf%2BwVYOxg
INFO: [ app_begin ] --START--
INFO: Run ReadHtmlCache Behavior [ RunTime:0.001249s ]
INFO: [ app_begin ] --END-- [ RunTime:0.001343s ]
NOTIC: [8] Constant UC_CLIENT_VERSION already defined D:\wwwroot\mainweb\sdk\api\UcApi\Lib\Action\IndexAction.class.php 第 4 行.
NOTIC: [8] Constant UC_CLIENT_RELEASE already defined D:\wwwroot\mainweb\sdk\api\UcApi\Lib\Action\IndexAction.class.php 第 5 行.
NOTIC: [2048] Only variables should be passed by reference D:\wwwroot\mainweb\sdk\api\UcApi\Lib\Action\IndexAction.class.php 第 63 行.
NOTIC: [8] Constant API_RETURN_FAILED already defined D:\wwwroot\mainweb\sdk\uc_client\model\note.php 第 16 行.
SQL: SHOW COLUMNS FROM `sdk_accounts` [ RunTime:0.001987s ]
SQL: SELECT * FROM `sdk_accounts` WHERE ( `account_id` = 1520 ) LIMIT 1   [ RunTime:0.000232s ]

[ 2013-06-03T12:51:59+08:00 ] 192.168.184.4 /api/uc.php?time=1370235119&code=89b6zGHnqAQe3kjV0SeuVQSZfGrU6VeypNwSszqZsrY%2BEfVTI1WUWqNpWKFPqDuGmje4qL2hA6M%2F%2F%2FHKVpyjqZ2t9AdjSW%2F3YCllmEEPmY7mfzl8loAoNpLK2l7p78KJJHo7RsuJ8NaiUrgwx1vZ3U9CGxjiK8qNNOuKjos2Cqs5RA
INFO: [ app_begin ] --START--
INFO: Run ReadHtmlCache Behavior [ RunTime:0.001334s ]
INFO: [ app_begin ] --END-- [ RunTime:0.001429s ]
NOTIC: [8] Constant UC_CLIENT_VERSION already defined D:\wwwroot\mainweb\sdk\api\UcApi\Lib\Action\IndexAction.class.php 第 4 行.
NOTIC: [8] Constant UC_CLIENT_RELEASE already defined D:\wwwroot\mainweb\sdk\api\UcApi\Lib\Action\IndexAction.class.php 第 5 行.
NOTIC: [2048] Only variables should be passed by reference D:\wwwroot\mainweb\sdk\api\UcApi\Lib\Action\IndexAction.class.php 第 63 行.
NOTIC: [8] Constant API_RETURN_FAILED already defined D:\wwwroot\mainweb\sdk\uc_client\model\note.php 第 16 行.
SQL: SHOW COLUMNS FROM `sdk_accounts` [ RunTime:0.002035s ]
SQL: SELECT * FROM `sdk_accounts` WHERE ( `account_id` = 2215 ) LIMIT 1   [ RunTime:0.000493s ]

[ 2013-06-03T13:02:17+08:00 ] 192.168.204.9 /api/uc.php?time=1370235737&code=c3c0aNYHSmMG0%2B55Yjlx0Y1BlHG3IliqD0FEMKsizKrLxFA8nLMvMTG%2FVrMlUz4MQHAKDsPa7rF5kRumO8gpGZruOhFFbNfx8nkg4YvqX%2B42KPrFGCWyu6iK3M1T50YgCVTf2iDYdCjqayv9aDLXD8tE1jmcJp0drI0wfbYou40e
INFO: [ app_begin ] --START--
INFO: Run ReadHtmlCache Behavior [ RunTime:0.001203s ]
INFO: [ app_begin ] --END-- [ RunTime:0.001295s ]
NOTIC: [8] Constant UC_CLIENT_VERSION already defined D:\wwwroot\mainweb\sdk\api\UcApi\Lib\Action\IndexAction.class.php 第 4 行.
NOTIC: [8] Constant UC_CLIENT_RELEASE already defined D:\wwwroot\mainweb\sdk\api\UcApi\Lib\Action\IndexAction.class.php 第 5 行.
NOTIC: [2048] Only variables should be passed by reference D:\wwwroot\mainweb\sdk\api\UcApi\Lib\Action\IndexAction.class.php 第 63 行.
NOTIC: [8] Constant API_RETURN_FAILED already defined D:\wwwroot\mainweb\sdk\uc_client\model\note.php 第 16 行.
SQL: SHOW COLUMNS FROM `sdk_accounts` [ RunTime:0.002050s ]
SQL: SELECT * FROM `sdk_accounts` WHERE ( `account_id` = 2305 ) LIMIT 1   [ RunTime:0.000376s ]
SQL: INSERT INTO `sdk_accounts` (`account_id`,`user_name`,`email`,`password`,`reg_time`) VALUES (2305,'fuckfuck','1667337824@qq.com','fdee34227470313d8e7c290b016e6f71b214e475',1370235737) [ RunTime:0.000851s ]

[ 2013-06-03T13:03:05+08:00 ] 192.168.204.9 /api/uc.php?time=1370235784&code=93baAzZIDqAUue1l4N3XjfXAAZHturP4jOs9VVVhWDHOqQtxVWs%2F5kLh5RY3ozS9KcAoPWDTCG0qr%2BUyjQ
INFO: [ app_begin ] --START--
INFO: Run ReadHtmlCache Behavior [ RunTime:0.001180s ]
INFO: [ app_begin ] --END-- [ RunTime:0.001274s ]
NOTIC: [8] Constant UC_CLIENT_VERSION already defined D:\wwwroot\mainweb\sdk\api\UcApi\Lib\Action\IndexAction.class.php 第 4 行.
NOTIC: [8] Constant UC_CLIENT_RELEASE already defined D:\wwwroot\mainweb\sdk\api\UcApi\Lib\Action\IndexAction.class.php 第 5 行.
NOTIC: [2048] Only variables should be passed by reference D:\wwwroot\mainweb\sdk\api\UcApi\Lib\Action\IndexAction.class.php 第 63 行.

[ 2013-06-03T13:03:35+08:00 ] 192.168.204.9 /api/uc.php?time=1370235814&code=5cd0Q9nutoIrSvQGmNEshmFkwQ9DH%2Ffs7BV%2BAVn%2BdG7xNT9M22ksz1Ms%2FblqnR5NBkfdsapKdDZcYATFMN69USVDVchuvSMe2fkvkRfvscmH6ZYcRXqwf1O0wO8%2FiZi730EToqAzt6N4sJfgFQ%2B8iFtTdRZHVsL6WeE1H2oFA6%2Fy
INFO: [ app_begin ] --START--
INFO: Run ReadHtmlCache Behavior [ RunTime:0.001422s ]
INFO: [ app_begin ] --END-- [ RunTime:0.001519s ]
NOTIC: [8] Constant UC_CLIENT_VERSION already defined D:\wwwroot\mainweb\sdk\api\UcApi\Lib\Action\IndexAction.class.php 第 4 行.
NOTIC: [8] Constant UC_CLIENT_RELEASE already defined D:\wwwroot\mainweb\sdk\api\UcApi\Lib\Action\IndexAction.class.php 第 5 行.
NOTIC: [2048] Only variables should be passed by reference D:\wwwroot\mainweb\sdk\api\UcApi\Lib\Action\IndexAction.class.php 第 63 行.
NOTIC: [8] Constant API_RETURN_FAILED already defined D:\wwwroot\mainweb\sdk\uc_client\model\note.php 第 16 行.
SQL: SHOW COLUMNS FROM `sdk_accounts` [ RunTime:0.001952s ]
SQL: SELECT * FROM `sdk_accounts` WHERE ( `account_id` = 2305 ) LIMIT 1   [ RunTime:0.000529s ]

[ 2013-06-03T13:03:58+08:00 ] 192.168.166.71 /api/uc.php?time=1370235838&code=c296crE6jwHPb50F4cRybX9L8apLf1C0e7uoruprVuJTOiPMaGzs3B%2B1gCkkJU4cfsmoKwHMMANj2sa16zXaDRsTgfo0T34bjtXz%2Bp7H1dhQXMv461bZ47VP0ngY624jGBSkjKxVZ%2Bs32MDZkpmh%2BVJ59JCUIISpNQUZX7tT5QuF0g
INFO: [ app_begin ] --START--
INFO: Run ReadHtmlCache Behavior [ RunTime:0.001218s ]
INFO: [ app_begin ] --END-- [ RunTime:0.001312s ]
NOTIC: [8] Constant UC_CLIENT_VERSION already defined D:\wwwroot\mainweb\sdk\api\UcApi\Lib\Action\IndexAction.class.php 第 4 行.
NOTIC: [8] Constant UC_CLIENT_RELEASE already defined D:\wwwroot\mainweb\sdk\api\UcApi\Lib\Action\IndexAction.class.php 第 5 行.
NOTIC: [2048] Only variables should be passed by reference D:\wwwroot\mainweb\sdk\api\UcApi\Lib\Action\IndexAction.class.php 第 63 行.
NOTIC: [8] Constant API_RETURN_FAILED already defined D:\wwwroot\mainweb\sdk\uc_client\model\note.php 第 16 行.
SQL: SHOW COLUMNS FROM `sdk_accounts` [ RunTime:0.002030s ]
SQL: SELECT * FROM `sdk_accounts` WHERE ( `account_id` = 2178 ) LIMIT 1   [ RunTime:0.000399s ]

[ 2013-06-03T13:04:05+08:00 ] 192.168.204.9 /api/uc.php?time=1370235845&code=5fc1qYoocrzqVPRATisrnkaT2WmMeI0wq0PN7wjjfWIRMgGavvbjY0%2BRw8jFbORSOSLa4ZfjEBKEltZtOw
INFO: [ app_begin ] --START--
INFO: Run ReadHtmlCache Behavior [ RunTime:0.001342s ]
INFO: [ app_begin ] --END-- [ RunTime:0.001436s ]
NOTIC: [8] Constant UC_CLIENT_VERSION already defined D:\wwwroot\mainweb\sdk\api\UcApi\Lib\Action\IndexAction.class.php 第 4 行.
NOTIC: [8] Constant UC_CLIENT_RELEASE already defined D:\wwwroot\mainweb\sdk\api\UcApi\Lib\Action\IndexAction.class.php 第 5 行.
NOTIC: [2048] Only variables should be passed by reference D:\wwwroot\mainweb\sdk\api\UcApi\Lib\Action\IndexAction.class.php 第 63 行.

[ 2013-06-03T13:16:49+08:00 ] 192.168.204.9 /api/uc.php?time=1370236609&code=1127im177SlohVgpK0EzrT9q%2FbuWE4dTHi8%2Fb1fUE54TvNKj90ZbiBuD4%2BNmL00FLY1G%2FvXohL5qUjMU4i1BNSzKTI5BIM13GhgdC3adD6RFw1yBuo4S%2FUakracwIHPTaudkfk4iuX0w8QZJEi2J904ujJRTi2UBN0UE0AnfeGnb
INFO: [ app_begin ] --START--
INFO: Run ReadHtmlCache Behavior [ RunTime:0.001225s ]
INFO: [ app_begin ] --END-- [ RunTime:0.001318s ]
NOTIC: [8] Constant UC_CLIENT_VERSION already defined D:\wwwroot\mainweb\sdk\api\UcApi\Lib\Action\IndexAction.class.php 第 4 行.
NOTIC: [8] Constant UC_CLIENT_RELEASE already defined D:\wwwroot\mainweb\sdk\api\UcApi\Lib\Action\IndexAction.class.php 第 5 行.
NOTIC: [2048] Only variables should be passed by reference D:\wwwroot\mainweb\sdk\api\UcApi\Lib\Action\IndexAction.class.php 第 63 行.
NOTIC: [8] Constant API_RETURN_FAILED already defined D:\wwwroot\mainweb\sdk\uc_client\model\note.php 第 16 行.
SQL: SHOW COLUMNS FROM `sdk_accounts` [ RunTime:0.002368s ]
SQL: SELECT * FROM `sdk_accounts` WHERE ( `account_id` = 2305 ) LIMIT 1   [ RunTime:0.000425s ]

[ 2013-06-03T13:20:14+08:00 ] 192.168.204.9 /api/uc.php?time=1370236814&code=acd4y17GMRbXZIRxFM6eU0mCJcELkcDdJ%2FIRHwsVpUWwnJkFk9nHqYhQ9FLtGlIZDLZUAAh%2BHr6en6RnzQ
INFO: [ app_begin ] --START--
INFO: Run ReadHtmlCache Behavior [ RunTime:0.001232s ]
INFO: [ app_begin ] --END-- [ RunTime:0.001325s ]
NOTIC: [8] Constant UC_CLIENT_VERSION already defined D:\wwwroot\mainweb\sdk\api\UcApi\Lib\Action\IndexAction.class.php 第 4 行.
NOTIC: [8] Constant UC_CLIENT_RELEASE already defined D:\wwwroot\mainweb\sdk\api\UcApi\Lib\Action\IndexAction.class.php 第 5 行.
NOTIC: [2048] Only variables should be passed by reference D:\wwwroot\mainweb\sdk\api\UcApi\Lib\Action\IndexAction.class.php 第 63 行.

[ 2013-06-03T13:20:42+08:00 ] 192.168.204.9 /api/uc.php?time=1370236609&amp;code=1127im177SlohVgpK0EzrT9q%2FbuWE4dTHi8%2Fb1fUE54TvNKj90ZbiBuD4%2BNmL00FLY1G%2FvXohL5qUjMU4i1BNSzKTI5BIM13GhgdC3adD6RFw1yBuo4S%2FUakracwIHPTaudkfk4iuX0w8QZJEi2J904ujJRTi2UBN0UE0AnfeGnb
INFO: [ app_begin ] --START--
INFO: Run ReadHtmlCache Behavior [ RunTime:0.001093s ]
INFO: [ app_begin ] --END-- [ RunTime:0.001186s ]
NOTIC: [8] Constant UC_CLIENT_VERSION already defined D:\wwwroot\mainweb\sdk\api\UcApi\Lib\Action\IndexAction.class.php 第 4 行.
NOTIC: [8] Constant UC_CLIENT_RELEASE already defined D:\wwwroot\mainweb\sdk\api\UcApi\Lib\Action\IndexAction.class.php 第 5 行.
NOTIC: [8] Undefined index:  code D:\wwwroot\mainweb\sdk\api\UcApi\Lib\Action\IndexAction.class.php 第 47 行.
NOTIC: [8] Undefined index:  time D:\wwwroot\mainweb\sdk\api\UcApi\Lib\Action\IndexAction.class.php 第 54 行.

[ 2013-06-03T13:21:52+08:00 ] 192.168.204.9 /api/uc.php
INFO: [ app_begin ] --START--
INFO: Run ReadHtmlCache Behavior [ RunTime:0.001229s ]
INFO: [ app_begin ] --END-- [ RunTime:0.001324s ]
NOTIC: [8] Constant UC_CLIENT_VERSION already defined D:\wwwroot\mainweb\sdk\api\UcApi\Lib\Action\IndexAction.class.php 第 4 行.
NOTIC: [8] Constant UC_CLIENT_RELEASE already defined D:\wwwroot\mainweb\sdk\api\UcApi\Lib\Action\IndexAction.class.php 第 5 行.
NOTIC: [8] Undefined index:  code D:\wwwroot\mainweb\sdk\api\UcApi\Lib\Action\IndexAction.class.php 第 47 行.
NOTIC: [8] Undefined index:  time D:\wwwroot\mainweb\sdk\api\UcApi\Lib\Action\IndexAction.class.php 第 54 行.

[ 2013-06-03T13:21:54+08:00 ] 192.168.204.9 /api/uc.php
INFO: [ app_begin ] --START--
INFO: Run ReadHtmlCache Behavior [ RunTime:0.001122s ]
INFO: [ app_begin ] --END-- [ RunTime:0.001217s ]
NOTIC: [8] Constant UC_CLIENT_VERSION already defined D:\wwwroot\mainweb\sdk\api\UcApi\Lib\Action\IndexAction.class.php 第 4 行.
NOTIC: [8] Constant UC_CLIENT_RELEASE already defined D:\wwwroot\mainweb\sdk\api\UcApi\Lib\Action\IndexAction.class.php 第 5 行.
NOTIC: [8] Undefined index:  code D:\wwwroot\mainweb\sdk\api\UcApi\Lib\Action\IndexAction.class.php 第 47 行.
NOTIC: [8] Undefined index:  time D:\wwwroot\mainweb\sdk\api\UcApi\Lib\Action\IndexAction.class.php 第 54 行.

[ 2013-06-03T13:22:46+08:00 ] 192.168.204.9 /api/uc.php?time=1370236814&code=acd4y17GMRbXZIRxFM6eU0mCJcELkcDdJ%2FIRHwsVpUWwnJkFk9nHqYhQ9FLtGlIZDLZUAAh%2BHr6en6RnzQ
INFO: [ app_begin ] --START--
INFO: Run ReadHtmlCache Behavior [ RunTime:0.001365s ]
INFO: [ app_begin ] --END-- [ RunTime:0.001457s ]
NOTIC: [8] Constant UC_CLIENT_VERSION already defined D:\wwwroot\mainweb\sdk\api\UcApi\Lib\Action\IndexAction.class.php 第 4 行.
NOTIC: [8] Constant UC_CLIENT_RELEASE already defined D:\wwwroot\mainweb\sdk\api\UcApi\Lib\Action\IndexAction.class.php 第 5 行.
NOTIC: [2048] Only variables should be passed by reference D:\wwwroot\mainweb\sdk\api\UcApi\Lib\Action\IndexAction.class.php 第 63 行.

[ 2013-06-03T13:22:48+08:00 ] 192.168.204.9 /api/uc.php?time=1370236814&code=acd4y17GMRbXZIRxFM6eU0mCJcELkcDdJ%2FIRHwsVpUWwnJkFk9nHqYhQ9FLtGlIZDLZUAAh%2BHr6en6RnzQ
INFO: [ app_begin ] --START--
INFO: Run ReadHtmlCache Behavior [ RunTime:0.001136s ]
INFO: [ app_begin ] --END-- [ RunTime:0.001228s ]
NOTIC: [8] Constant UC_CLIENT_VERSION already defined D:\wwwroot\mainweb\sdk\api\UcApi\Lib\Action\IndexAction.class.php 第 4 行.
NOTIC: [8] Constant UC_CLIENT_RELEASE already defined D:\wwwroot\mainweb\sdk\api\UcApi\Lib\Action\IndexAction.class.php 第 5 行.
NOTIC: [2048] Only variables should be passed by reference D:\wwwroot\mainweb\sdk\api\UcApi\Lib\Action\IndexAction.class.php 第 63 行.

[ 2013-06-03T13:22:55+08:00 ] 192.168.204.9 /api/uc.php?time=1370236814&code=acd4y17GMRbXZIRxFM6eU0mCJcELkcDdJ%2FIRHwsVpUWwnJkFk9nHqYhQ9FLtGlIZDLZUAAh%2BHr6en6RnzQ
INFO: [ app_begin ] --START--
INFO: Run ReadHtmlCache Behavior [ RunTime:0.001125s ]
INFO: [ app_begin ] --END-- [ RunTime:0.001216s ]
NOTIC: [8] Constant UC_CLIENT_VERSION already defined D:\wwwroot\mainweb\sdk\api\UcApi\Lib\Action\IndexAction.class.php 第 4 行.
NOTIC: [8] Constant UC_CLIENT_RELEASE already defined D:\wwwroot\mainweb\sdk\api\UcApi\Lib\Action\IndexAction.class.php 第 5 行.
NOTIC: [2048] Only variables should be passed by reference D:\wwwroot\mainweb\sdk\api\UcApi\Lib\Action\IndexAction.class.php 第 63 行.

[ 2013-06-03T13:22:58+08:00 ] 192.168.204.9 /api/uc.php?time=1370236814&code=acd4y17GMRbXZIRxFM6eU0mCJcELkcDdJ%2FIRHwsVpUWwnJkFk9nHqYhQ9FLtGlIZDLZUAAh%2BHr6en6RnzQ
INFO: [ app_begin ] --START--
INFO: Run ReadHtmlCache Behavior [ RunTime:0.002242s ]
INFO: [ app_begin ] --END-- [ RunTime:0.002335s ]
NOTIC: [8] Constant UC_CLIENT_VERSION already defined D:\wwwroot\mainweb\sdk\api\UcApi\Lib\Action\IndexAction.class.php 第 4 行.
NOTIC: [8] Constant UC_CLIENT_RELEASE already defined D:\wwwroot\mainweb\sdk\api\UcApi\Lib\Action\IndexAction.class.php 第 5 行.
NOTIC: [2048] Only variables should be passed by reference D:\wwwroot\mainweb\sdk\api\UcApi\Lib\Action\IndexAction.class.php 第 63 行.

[ 2013-06-03T13:23:11+08:00 ] 192.168.204.9 /api/uc.php?time=1370236811&code=acd4y17GMRbXZIRxFM6eU0mCJcELkcDdJ%2FIRHwsVpUWwnJkFk9nHqYhQ9FLtGlIZDLZUAAh%2BHr6en6RnzQ
INFO: [ app_begin ] --START--
INFO: Run ReadHtmlCache Behavior [ RunTime:0.001133s ]
INFO: [ app_begin ] --END-- [ RunTime:0.001225s ]
NOTIC: [8] Constant UC_CLIENT_VERSION already defined D:\wwwroot\mainweb\sdk\api\UcApi\Lib\Action\IndexAction.class.php 第 4 行.
NOTIC: [8] Constant UC_CLIENT_RELEASE already defined D:\wwwroot\mainweb\sdk\api\UcApi\Lib\Action\IndexAction.class.php 第 5 行.
NOTIC: [2048] Only variables should be passed by reference D:\wwwroot\mainweb\sdk\api\UcApi\Lib\Action\IndexAction.class.php 第 63 行.

[ 2013-06-03T13:23:15+08:00 ] 192.168.204.9 /api/uc.php?time=1370236811
INFO: [ app_begin ] --START--
INFO: Run ReadHtmlCache Behavior [ RunTime:0.001237s ]
INFO: [ app_begin ] --END-- [ RunTime:0.001331s ]
NOTIC: [8] Constant UC_CLIENT_VERSION already defined D:\wwwroot\mainweb\sdk\api\UcApi\Lib\Action\IndexAction.class.php 第 4 行.
NOTIC: [8] Constant UC_CLIENT_RELEASE already defined D:\wwwroot\mainweb\sdk\api\UcApi\Lib\Action\IndexAction.class.php 第 5 行.
NOTIC: [8] Undefined index:  code D:\wwwroot\mainweb\sdk\api\UcApi\Lib\Action\IndexAction.class.php 第 47 行.
NOTIC: [8] Undefined index:  time D:\wwwroot\mainweb\sdk\api\UcApi\Lib\Action\IndexAction.class.php 第 54 行.

[ 2013-06-03T13:23:18+08:00 ] 192.168.204.9 /api/uc.php?time=1370236811&code=acd4y17GMRbXZIRxFM6eU0mCJcELkcDdJ%2FIRHwsVpUWwnJkFk9nHqYhQ9FLtGlIZDLZUAAh%2BHr6en6RnzQ
INFO: [ app_begin ] --START--
INFO: Run ReadHtmlCache Behavior [ RunTime:0.001159s ]
INFO: [ app_begin ] --END-- [ RunTime:0.001253s ]
NOTIC: [8] Constant UC_CLIENT_VERSION already defined D:\wwwroot\mainweb\sdk\api\UcApi\Lib\Action\IndexAction.class.php 第 4 行.
NOTIC: [8] Constant UC_CLIENT_RELEASE already defined D:\wwwroot\mainweb\sdk\api\UcApi\Lib\Action\IndexAction.class.php 第 5 行.
NOTIC: [2048] Only variables should be passed by reference D:\wwwroot\mainweb\sdk\api\UcApi\Lib\Action\IndexAction.class.php 第 63 行.

[ 2013-06-03T13:23:19+08:00 ] 192.168.204.9 /api/uc.php?time=1370236811&code=acd4y17GMRbXZIRxFM6eU0mCJcELkcDdJ%2FIRHwsVpUWwnJkFk9nHqYhQ9FLtGlIZDLZUAAh%2BHr6en6RnzQ
INFO: [ app_begin ] --START--
INFO: Run ReadHtmlCache Behavior [ RunTime:0.001133s ]
INFO: [ app_begin ] --END-- [ RunTime:0.001227s ]
NOTIC: [8] Constant UC_CLIENT_VERSION already defined D:\wwwroot\mainweb\sdk\api\UcApi\Lib\Action\IndexAction.class.php 第 4 行.
NOTIC: [8] Constant UC_CLIENT_RELEASE already defined D:\wwwroot\mainweb\sdk\api\UcApi\Lib\Action\IndexAction.class.php 第 5 行.
NOTIC: [2048] Only variables should be passed by reference D:\wwwroot\mainweb\sdk\api\UcApi\Lib\Action\IndexAction.class.php 第 63 行.

[ 2013-06-03T13:23:44+08:00 ] 192.168.202.151 /api/uc.php?time=1370237023&code=332bcc0%2FInpx29xraxo%2FO9jgQuyg%2F6tlsSqqcluLd0%2FA3XMs%2Fh7sOgDUY8b6g1kxIZRFlqZ%2Bx9mLrgantOjCU2XIs6yRb%2B4MecgFrKz33ASCN1UeFClegRA%2BF4gDK5kctqrSejK09cV7%2FgsRb9i73sj890qC8q7dQlBOQlsFGms
INFO: [ app_begin ] --START--
INFO: Run ReadHtmlCache Behavior [ RunTime:0.001909s ]
INFO: [ app_begin ] --END-- [ RunTime:0.002000s ]
NOTIC: [8] Constant UC_CLIENT_VERSION already defined D:\wwwroot\mainweb\sdk\api\UcApi\Lib\Action\IndexAction.class.php 第 4 行.
NOTIC: [8] Constant UC_CLIENT_RELEASE already defined D:\wwwroot\mainweb\sdk\api\UcApi\Lib\Action\IndexAction.class.php 第 5 行.
NOTIC: [2048] Only variables should be passed by reference D:\wwwroot\mainweb\sdk\api\UcApi\Lib\Action\IndexAction.class.php 第 63 行.
NOTIC: [8] Constant API_RETURN_FAILED already defined D:\wwwroot\mainweb\sdk\uc_client\model\note.php 第 16 行.
SQL: SHOW COLUMNS FROM `sdk_accounts` [ RunTime:0.001898s ]
SQL: SELECT * FROM `sdk_accounts` WHERE ( `account_id` = 354 ) LIMIT 1   [ RunTime:0.000461s ]

[ 2013-06-03T13:45:47+08:00 ] 192.168.204.9 /api/uc.php?time=1370238347&code=8953CbiEf2ZWpkWJdFSAKyfnOh5seh9SlSGCgt1wtv9HFnbzf%2BtXgelHM1oKRnQzArKLVUClaaGl58psrc4T%2B2a2LiV1t1f7cne7Ej0AunwKnUS5j0TQFskwBs%2FTOO1nXp2CGxeesddPradsTpwOU1Yi9EaZDLsZJMkNgGOjJw
INFO: [ app_begin ] --START--
INFO: Run ReadHtmlCache Behavior [ RunTime:0.001231s ]
INFO: [ app_begin ] --END-- [ RunTime:0.001323s ]
NOTIC: [8] Constant UC_CLIENT_VERSION already defined D:\wwwroot\mainweb\sdk\api\UcApi\Lib\Action\IndexAction.class.php 第 4 行.
NOTIC: [8] Constant UC_CLIENT_RELEASE already defined D:\wwwroot\mainweb\sdk\api\UcApi\Lib\Action\IndexAction.class.php 第 5 行.
NOTIC: [2048] Only variables should be passed by reference D:\wwwroot\mainweb\sdk\api\UcApi\Lib\Action\IndexAction.class.php 第 63 行.
NOTIC: [8] Constant API_RETURN_FAILED already defined D:\wwwroot\mainweb\sdk\uc_client\model\note.php 第 16 行.
SQL: SHOW COLUMNS FROM `sdk_accounts` [ RunTime:0.002095s ]
SQL: SELECT * FROM `sdk_accounts` WHERE ( `account_id` = 1822 ) LIMIT 1   [ RunTime:0.000291s ]

[ 2013-06-03T13:45:49+08:00 ] 192.168.204.9 /api/uc.php?time=1370238349&code=00bdtYizJ6NFCJB1GZCGOuo%2FN4BPArm%2FxqIhhQhyOFfX%2BIfrWxJg0e6sNJgIsjS6UTxSa%2FqeXybm%2Fqa7uA
INFO: [ app_begin ] --START--
INFO: Run ReadHtmlCache Behavior [ RunTime:0.001780s ]
INFO: [ app_begin ] --END-- [ RunTime:0.001871s ]
NOTIC: [8] Constant UC_CLIENT_VERSION already defined D:\wwwroot\mainweb\sdk\api\UcApi\Lib\Action\IndexAction.class.php 第 4 行.
NOTIC: [8] Constant UC_CLIENT_RELEASE already defined D:\wwwroot\mainweb\sdk\api\UcApi\Lib\Action\IndexAction.class.php 第 5 行.
NOTIC: [2048] Only variables should be passed by reference D:\wwwroot\mainweb\sdk\api\UcApi\Lib\Action\IndexAction.class.php 第 63 行.

[ 2013-06-03T13:58:51+08:00 ] 192.168.192.198 /api/uc.php?time=1370239131&code=c5736bHDI6om0X6f8I%2BSdXgBBHJWz8lqYQv8a3bTDJRgBBgDnajMBchQ8HiNVRJTcr6PXZKNSKdeCfUsZXNFBf1N7e0W2PS9rd1UxcPz4Nl9AXQ1xb47Comh80uaM3ejFXklHzK9K1g9O%2BdvT1%2FiGvv4gBC2m5JKqOmzPqbe
INFO: [ app_begin ] --START--
INFO: Run ReadHtmlCache Behavior [ RunTime:0.001474s ]
INFO: [ app_begin ] --END-- [ RunTime:0.001569s ]
NOTIC: [8] Constant UC_CLIENT_VERSION already defined D:\wwwroot\mainweb\sdk\api\UcApi\Lib\Action\IndexAction.class.php 第 4 行.
NOTIC: [8] Constant UC_CLIENT_RELEASE already defined D:\wwwroot\mainweb\sdk\api\UcApi\Lib\Action\IndexAction.class.php 第 5 行.
NOTIC: [2048] Only variables should be passed by reference D:\wwwroot\mainweb\sdk\api\UcApi\Lib\Action\IndexAction.class.php 第 63 行.
NOTIC: [8] Constant API_RETURN_FAILED already defined D:\wwwroot\mainweb\sdk\uc_client\model\note.php 第 16 行.
SQL: SHOW COLUMNS FROM `sdk_accounts` [ RunTime:0.001850s ]
SQL: SELECT * FROM `sdk_accounts` WHERE ( `account_id` = 2226 ) LIMIT 1   [ RunTime:0.000355s ]

[ 2013-06-03T14:35:02+08:00 ] 192.168.193.203 /api/uc.php?time=1370241302&code=a235KfAfLF6K41ArSOwQwIv%2FSHA2Z1MDuXySLk5az%2BK5gW63o3MXfjvmX%2BYFvi60cuacmXyKkVJXI9LxYrR30Ewx%2BsSVrHyGdVp0TufPzfdkbyY2adyBU8cTi%2FWdNFXYSnhXp1TxY6mz58nm4y8KopUP%2By4dl41Jo1KAXso
INFO: [ app_begin ] --START--
INFO: Run ReadHtmlCache Behavior [ RunTime:0.001895s ]
INFO: [ app_begin ] --END-- [ RunTime:0.001987s ]
NOTIC: [8] Constant UC_CLIENT_VERSION already defined D:\wwwroot\mainweb\sdk\api\UcApi\Lib\Action\IndexAction.class.php 第 4 行.
NOTIC: [8] Constant UC_CLIENT_RELEASE already defined D:\wwwroot\mainweb\sdk\api\UcApi\Lib\Action\IndexAction.class.php 第 5 行.
NOTIC: [2048] Only variables should be passed by reference D:\wwwroot\mainweb\sdk\api\UcApi\Lib\Action\IndexAction.class.php 第 63 行.
NOTIC: [8] Constant API_RETURN_FAILED already defined D:\wwwroot\mainweb\sdk\uc_client\model\note.php 第 16 行.
SQL: SHOW COLUMNS FROM `sdk_accounts` [ RunTime:0.002002s ]
SQL: SELECT * FROM `sdk_accounts` WHERE ( `account_id` = 963 ) LIMIT 1   [ RunTime:0.000430s ]

[ 2013-06-03T14:51:37+08:00 ] 183.3.151.59 /api/uc.php?time=1370242297&code=f2a0aMFk5hSpfJZClZ2K%2FVyzmie91WBEYxeFv1kdg1F82kW0VLZoqcvRURQIkCmpW5WGnx8MbYKupM4K1dRxt2xeWMyeCZSP7%2FmlsfvSQ%2BX9D9EYB0e6hHzRfympi6HdHQYM2kuf1SuoqR3WnsUns%2FeHaF3o%2BlXVpW1CIdko
INFO: [ app_begin ] --START--
INFO: Run ReadHtmlCache Behavior [ RunTime:0.001741s ]
INFO: [ app_begin ] --END-- [ RunTime:0.001834s ]
NOTIC: [8] Constant UC_CLIENT_VERSION already defined D:\wwwroot\mainweb\sdk\api\UcApi\Lib\Action\IndexAction.class.php 第 4 行.
NOTIC: [8] Constant UC_CLIENT_RELEASE already defined D:\wwwroot\mainweb\sdk\api\UcApi\Lib\Action\IndexAction.class.php 第 5 行.
NOTIC: [2048] Only variables should be passed by reference D:\wwwroot\mainweb\sdk\api\UcApi\Lib\Action\IndexAction.class.php 第 63 行.
NOTIC: [8] Constant API_RETURN_FAILED already defined D:\wwwroot\mainweb\sdk\uc_client\model\note.php 第 16 行.
SQL: SHOW COLUMNS FROM `sdk_accounts` [ RunTime:0.002222s ]
SQL: SELECT * FROM `sdk_accounts` WHERE ( `account_id` = 558 ) LIMIT 1   [ RunTime:0.000452s ]

[ 2013-06-03T16:35:33+08:00 ] 192.168.201.74 /api/uc.php?time=1370248533&code=4ef6UQx1IlcTxi8V%2FNHOacMuGZGUN1lF6r%2B0Yhdn2p7fMeZkEZUbHlBukGo7UYAyQ2%2BE9ukmux%2BMLWfpUlCEk%2BJqzOTxq6o%2B3kysZl2w%2BiylMrhkEYl%2BfLzwKwVwWLhHZ1HHrcRItfC%2FKboKAJ%2BuaPHOTEfXxQ5nGfD3%2FGIlxJw
INFO: [ app_begin ] --START--
INFO: Run ReadHtmlCache Behavior [ RunTime:0.001452s ]
INFO: [ app_begin ] --END-- [ RunTime:0.001549s ]
NOTIC: [8] Constant UC_CLIENT_VERSION already defined D:\wwwroot\mainweb\sdk\api\UcApi\Lib\Action\IndexAction.class.php 第 4 行.
NOTIC: [8] Constant UC_CLIENT_RELEASE already defined D:\wwwroot\mainweb\sdk\api\UcApi\Lib\Action\IndexAction.class.php 第 5 行.
NOTIC: [2048] Only variables should be passed by reference D:\wwwroot\mainweb\sdk\api\UcApi\Lib\Action\IndexAction.class.php 第 63 行.
NOTIC: [8] Constant API_RETURN_FAILED already defined D:\wwwroot\mainweb\sdk\uc_client\model\note.php 第 16 行.
SQL: SHOW COLUMNS FROM `sdk_accounts` [ RunTime:0.002674s ]
SQL: SELECT * FROM `sdk_accounts` WHERE ( `account_id` = 2017 ) LIMIT 1   [ RunTime:0.000604s ]

[ 2013-06-03T17:53:00+08:00 ] 192.168.173.140 /api/uc.php?time=1370253180&code=3c19EKaEVAsAIJLctVic%2FZeIKkgiXUJQDD2uYFlISDq00PTUsAi9Uco%2Fs8GbrZWizRntfKxQAOjWI%2FIGyZKmF8cDBXiMB0fPnyG5hKcO75o6wdNaXs%2BjEbK8k16uTYHu08lS%2Bad87CU1AVVlSJzQUG7twrNCw7ooms5j
INFO: [ app_begin ] --START--
INFO: Run ReadHtmlCache Behavior [ RunTime:0.001233s ]
INFO: [ app_begin ] --END-- [ RunTime:0.001323s ]
NOTIC: [8] Constant UC_CLIENT_VERSION already defined D:\wwwroot\mainweb\sdk\api\UcApi\Lib\Action\IndexAction.class.php 第 4 行.
NOTIC: [8] Constant UC_CLIENT_RELEASE already defined D:\wwwroot\mainweb\sdk\api\UcApi\Lib\Action\IndexAction.class.php 第 5 行.
NOTIC: [2048] Only variables should be passed by reference D:\wwwroot\mainweb\sdk\api\UcApi\Lib\Action\IndexAction.class.php 第 63 行.
NOTIC: [8] Constant API_RETURN_FAILED already defined D:\wwwroot\mainweb\sdk\uc_client\model\note.php 第 16 行.
SQL: SHOW COLUMNS FROM `sdk_accounts` [ RunTime:0.003766s ]
SQL: SELECT * FROM `sdk_accounts` WHERE ( `account_id` = 827 ) LIMIT 1   [ RunTime:0.000430s ]

[ 2013-06-03T17:54:54+08:00 ] 192.168.205.82 /api/uc.php?time=1370253294&code=0c6eHsgRNC6e4zmfjwToUQjClnR5C4YMUm8iSSR%2FqjwFTQrpLrVqS3JPIjMd9joqTewmISOZyMzcnYk%2BE8MVtur5TylMMFLanGqw0N8O7C4kMcvCm8uElH7gsFkI4mpxEyHKNGbPyL7VNsSbQkz7aK3atO2VYnQ1oOqEHXaF
INFO: [ app_begin ] --START--
INFO: Run ReadHtmlCache Behavior [ RunTime:0.001306s ]
INFO: [ app_begin ] --END-- [ RunTime:0.001398s ]
NOTIC: [8] Constant UC_CLIENT_VERSION already defined D:\wwwroot\mainweb\sdk\api\UcApi\Lib\Action\IndexAction.class.php 第 4 行.
NOTIC: [8] Constant UC_CLIENT_RELEASE already defined D:\wwwroot\mainweb\sdk\api\UcApi\Lib\Action\IndexAction.class.php 第 5 行.
NOTIC: [2048] Only variables should be passed by reference D:\wwwroot\mainweb\sdk\api\UcApi\Lib\Action\IndexAction.class.php 第 63 行.
NOTIC: [8] Constant API_RETURN_FAILED already defined D:\wwwroot\mainweb\sdk\uc_client\model\note.php 第 16 行.
SQL: SHOW COLUMNS FROM `sdk_accounts` [ RunTime:0.002163s ]
SQL: SELECT * FROM `sdk_accounts` WHERE ( `account_id` = 665 ) LIMIT 1   [ RunTime:0.000577s ]
SQL: INSERT INTO `sdk_accounts` (`account_id`,`user_name`,`email`,`password`,`reg_time`) VALUES (665,'裂空','623235064@qq.com','7c5ba691892f7e288b20d4e8d374a65d4b97c1fb',1370253294) [ RunTime:0.001797s ]

[ 2013-06-03T17:54:58+08:00 ] 192.168.205.82 /api/uc.php?time=1370253297&code=5ad5Yijgr4mthwe5W0yX3wK37UpiqdVVPBk3u4bXXtBx10dF2kOiyvpPf3VcLCTuJDsyyJW8n8hHv99tqDYlsJaTPsw40Kv0aGZVqUxapu8q5lw3lggX%2Fh%2FgpnJdAsCi6BIJUzEphnfepu7Tz%2BBhIcKwr%2BgrWFvTBAH4MIJw
INFO: [ app_begin ] --START--
INFO: Run ReadHtmlCache Behavior [ RunTime:0.001139s ]
INFO: [ app_begin ] --END-- [ RunTime:0.001231s ]
NOTIC: [8] Constant UC_CLIENT_VERSION already defined D:\wwwroot\mainweb\sdk\api\UcApi\Lib\Action\IndexAction.class.php 第 4 行.
NOTIC: [8] Constant UC_CLIENT_RELEASE already defined D:\wwwroot\mainweb\sdk\api\UcApi\Lib\Action\IndexAction.class.php 第 5 行.
NOTIC: [2048] Only variables should be passed by reference D:\wwwroot\mainweb\sdk\api\UcApi\Lib\Action\IndexAction.class.php 第 63 行.
NOTIC: [8] Constant API_RETURN_FAILED already defined D:\wwwroot\mainweb\sdk\uc_client\model\note.php 第 16 行.
SQL: SHOW COLUMNS FROM `sdk_accounts` [ RunTime:0.002710s ]
SQL: SELECT * FROM `sdk_accounts` WHERE ( `account_id` = 665 ) LIMIT 1   [ RunTime:0.000545s ]

[ 2013-06-03T18:18:08+08:00 ] 192.168.154.82 /api/uc.php?time=1370254688&code=7c76i%2FeEREVAnElneJpTQ2DSR4KBw%2BeqMJgj%2Bp06VHmK0xlRP00vICpgeo5zhPRNuDmP9PZ%2B7kHMEg4N9EPJIDt8BcHA8Vqh8ic%2BENlFIhCiWxVrT%2FsEQWxRghbICwdR9JCWcXTg21l4gLgm71wh0GDuV2DXgNvHrfzIWuGi2n7F
INFO: [ app_begin ] --START--
INFO: Run ReadHtmlCache Behavior [ RunTime:0.001600s ]
INFO: [ app_begin ] --END-- [ RunTime:0.001728s ]
NOTIC: [8] Constant UC_CLIENT_VERSION already defined D:\wwwroot\mainweb\sdk\api\UcApi\Lib\Action\IndexAction.class.php 第 4 行.
NOTIC: [8] Constant UC_CLIENT_RELEASE already defined D:\wwwroot\mainweb\sdk\api\UcApi\Lib\Action\IndexAction.class.php 第 5 行.
NOTIC: [2048] Only variables should be passed by reference D:\wwwroot\mainweb\sdk\api\UcApi\Lib\Action\IndexAction.class.php 第 63 行.
NOTIC: [8] Constant API_RETURN_FAILED already defined D:\wwwroot\mainweb\sdk\uc_client\model\note.php 第 16 行.
SQL: SHOW COLUMNS FROM `sdk_accounts` [ RunTime:0.002449s ]
SQL: SELECT * FROM `sdk_accounts` WHERE ( `account_id` = 716 ) LIMIT 1   [ RunTime:0.000399s ]

[ 2013-06-03T18:48:12+08:00 ] 101.226.66.173 /api/uc.php?time=1370254688&code=7c76i%2FeEREVAnElneJpTQ2DSR4KBw%2BeqMJgj%2Bp06VHmK0xlRP00vICpgeo5zhPRNuDmP9PZ%2B7kHMEg4N9EPJIDt8BcHA8Vqh8ic%2BENlFIhCiWxVrT%2FsEQWxRghbICwdR9JCWcXTg21l4gLgm71wh0GDuV2DXgNvHrfzIWuGi2n7F
INFO: [ app_begin ] --START--
INFO: Run ReadHtmlCache Behavior [ RunTime:0.001530s ]
INFO: [ app_begin ] --END-- [ RunTime:0.001807s ]
NOTIC: [8] Constant UC_CLIENT_VERSION already defined D:\wwwroot\mainweb\sdk\api\UcApi\Lib\Action\IndexAction.class.php 第 4 行.
NOTIC: [8] Constant UC_CLIENT_RELEASE already defined D:\wwwroot\mainweb\sdk\api\UcApi\Lib\Action\IndexAction.class.php 第 5 行.
NOTIC: [2048] Only variables should be passed by reference D:\wwwroot\mainweb\sdk\api\UcApi\Lib\Action\IndexAction.class.php 第 63 行.
NOTIC: [8] Constant API_RETURN_FAILED already defined D:\wwwroot\mainweb\sdk\uc_client\model\note.php 第 16 行.
SQL: SHOW COLUMNS FROM `sdk_accounts` [ RunTime:0.002025s ]
SQL: SELECT * FROM `sdk_accounts` WHERE ( `account_id` = 716 ) LIMIT 1   [ RunTime:0.000430s ]

[ 2013-06-03T19:03:07+08:00 ] 192.168.166.71 /api/uc.php?time=1370257385&code=1c73hptdBufRCIWWb1cgaUOPCEBucrEq%2FIfNBUqHn58gCz12HB3990jlm41KQrkaHAhq8vU1qIk2tzPO6VWqrOTt6t5JTCP1THSFf7x9%2FMq0t75g9zg6Bvkvd8%2FEbPHE0%2F9dgeuKFkgaxjxhaJV2%2F6hJoWNIl%2BL%2F%2FTVfDowSIy%2BsQw
INFO: [ app_begin ] --START--
INFO: Run ReadHtmlCache Behavior [ RunTime:0.001337s ]
INFO: [ app_begin ] --END-- [ RunTime:0.001431s ]
NOTIC: [8] Constant UC_CLIENT_VERSION already defined D:\wwwroot\mainweb\sdk\api\UcApi\Lib\Action\IndexAction.class.php 第 4 行.
NOTIC: [8] Constant UC_CLIENT_RELEASE already defined D:\wwwroot\mainweb\sdk\api\UcApi\Lib\Action\IndexAction.class.php 第 5 行.
NOTIC: [2048] Only variables should be passed by reference D:\wwwroot\mainweb\sdk\api\UcApi\Lib\Action\IndexAction.class.php 第 63 行.
NOTIC: [8] Constant API_RETURN_FAILED already defined D:\wwwroot\mainweb\sdk\uc_client\model\note.php 第 16 行.
SQL: SHOW COLUMNS FROM `sdk_accounts` [ RunTime:0.001857s ]
SQL: SELECT * FROM `sdk_accounts` WHERE ( `account_id` = 2178 ) LIMIT 1   [ RunTime:0.000463s ]

[ 2013-06-03T19:09:38+08:00 ] 192.168.156.138 /api/uc.php?time=1370257778&code=50echgK7Equ5AJBTesM9WLI881t1CEr1mFNoDEv0bpxeaKi825QDG1RZCnGA1sTJUYlu4hHb7Bs7Nk3XtdXLqh36LImqKTAcBe9gAemmCx2vOR%2Bf%2BS6BQEA61QdqrR1832WhtcdNOkODcObGhN1anbFOaEDUhcXzUvI%2BHbaA
INFO: [ app_begin ] --START--
INFO: Run ReadHtmlCache Behavior [ RunTime:0.002236s ]
INFO: [ app_begin ] --END-- [ RunTime:0.002330s ]
NOTIC: [8] Constant UC_CLIENT_VERSION already defined D:\wwwroot\mainweb\sdk\api\UcApi\Lib\Action\IndexAction.class.php 第 4 行.
NOTIC: [8] Constant UC_CLIENT_RELEASE already defined D:\wwwroot\mainweb\sdk\api\UcApi\Lib\Action\IndexAction.class.php 第 5 行.
NOTIC: [2048] Only variables should be passed by reference D:\wwwroot\mainweb\sdk\api\UcApi\Lib\Action\IndexAction.class.php 第 63 行.
NOTIC: [8] Constant API_RETURN_FAILED already defined D:\wwwroot\mainweb\sdk\uc_client\model\note.php 第 16 行.
SQL: SHOW COLUMNS FROM `sdk_accounts` [ RunTime:0.002473s ]
SQL: SELECT * FROM `sdk_accounts` WHERE ( `account_id` = 431 ) LIMIT 1   [ RunTime:0.000501s ]

[ 2013-06-03T19:10:00+08:00 ] 192.168.156.138 /api/uc.php?time=1370257800&code=6b70oiX032TJ3wXbDVFw9n%2BmNoabLBNY2CczEe%2F3tJuXt4SJdReG%2FCr268F0%2Bn8gkpRPjGOWrYK1RC3bxg
INFO: [ app_begin ] --START--
INFO: Run ReadHtmlCache Behavior [ RunTime:0.001373s ]
INFO: [ app_begin ] --END-- [ RunTime:0.001473s ]
NOTIC: [8] Constant UC_CLIENT_VERSION already defined D:\wwwroot\mainweb\sdk\api\UcApi\Lib\Action\IndexAction.class.php 第 4 行.
NOTIC: [8] Constant UC_CLIENT_RELEASE already defined D:\wwwroot\mainweb\sdk\api\UcApi\Lib\Action\IndexAction.class.php 第 5 行.
NOTIC: [2048] Only variables should be passed by reference D:\wwwroot\mainweb\sdk\api\UcApi\Lib\Action\IndexAction.class.php 第 63 行.

[ 2013-06-03T19:39:38+08:00 ] 192.168.200.216 /api/uc.php?time=1370259577&code=1523Z707k4GumzFw%2B5Mgpl147Buoo9GW4r3urmELPoj3cBnaDRzU1Uc4NWvK0Ew%2BeDXg%2Bq7tV99QLPba4TyQHxn%2FWWZU3tw4EFU%2BmUkwMhOXrnzwEmczwXnhz0JPkH9ZTYKDlHrfl0rXWSQjlBRXq%2B9sFh64AmOXI9gNwvebFCs
INFO: [ app_begin ] --START--
INFO: Run ReadHtmlCache Behavior [ RunTime:0.001176s ]
INFO: [ app_begin ] --END-- [ RunTime:0.001272s ]
NOTIC: [8] Constant UC_CLIENT_VERSION already defined D:\wwwroot\mainweb\sdk\api\UcApi\Lib\Action\IndexAction.class.php 第 4 行.
NOTIC: [8] Constant UC_CLIENT_RELEASE already defined D:\wwwroot\mainweb\sdk\api\UcApi\Lib\Action\IndexAction.class.php 第 5 行.
NOTIC: [2048] Only variables should be passed by reference D:\wwwroot\mainweb\sdk\api\UcApi\Lib\Action\IndexAction.class.php 第 63 行.
NOTIC: [8] Constant API_RETURN_FAILED already defined D:\wwwroot\mainweb\sdk\uc_client\model\note.php 第 16 行.
SQL: SHOW COLUMNS FROM `sdk_accounts` [ RunTime:0.002072s ]
SQL: SELECT * FROM `sdk_accounts` WHERE ( `account_id` = 348 ) LIMIT 1   [ RunTime:0.000298s ]

[ 2013-06-03T19:46:52+08:00 ] 192.168.193.29 /api/uc.php?time=1370260012&code=7b82EPv%2FOR%2FngATbjsts4GaaL8bEGcor%2B%2FobrHmmOBF%2ByUWuDLq03OviaEvKoNqBIeUGM%2BovzQjGHL4WmuyN58QJa%2BPd1LNu%2FxnQrK7Um76ZsjiUbx1UPdM64ZSDttfJJZoSAKEQNU1tKzoWyvgbEOnt314Hyx7hvYggAgGdC3ZVzQ
INFO: [ app_begin ] --START--
INFO: Run ReadHtmlCache Behavior [ RunTime:0.002057s ]
INFO: [ app_begin ] --END-- [ RunTime:0.002152s ]
NOTIC: [8] Constant UC_CLIENT_VERSION already defined D:\wwwroot\mainweb\sdk\api\UcApi\Lib\Action\IndexAction.class.php 第 4 行.
NOTIC: [8] Constant UC_CLIENT_RELEASE already defined D:\wwwroot\mainweb\sdk\api\UcApi\Lib\Action\IndexAction.class.php 第 5 行.
NOTIC: [2048] Only variables should be passed by reference D:\wwwroot\mainweb\sdk\api\UcApi\Lib\Action\IndexAction.class.php 第 63 行.
NOTIC: [8] Constant API_RETURN_FAILED already defined D:\wwwroot\mainweb\sdk\uc_client\model\note.php 第 16 行.
SQL: SHOW COLUMNS FROM `sdk_accounts` [ RunTime:0.001899s ]
SQL: SELECT * FROM `sdk_accounts` WHERE ( `account_id` = 501 ) LIMIT 1   [ RunTime:0.000360s ]
SQL: INSERT INTO `sdk_accounts` (`account_id`,`user_name`,`email`,`password`,`reg_time`) VALUES (501,'zhu_clover','wingzhu@yahoo.cn','4465960f084ad57fc19623d2365a685aec3e4de9',1370260012) [ RunTime:0.000408s ]

[ 2013-06-03T20:26:23+08:00 ] 192.168.205.74 /api/uc.php?time=1370262381&code=915a3MUzUVTs1PGGohtdJboqOGyNqMkRJ5KzQh9di8oVjwFf1a7YIOGYfH918y8r0%2FHkTxGSkztGbKfX%2FIAtlgLlE0lFVvXfpNwWtXDbAeWFKL%2F90rgGZfwBPCzHnlUpuOTaUvW0s2g69kao7NVIruZH93uPiFtjHXlIwuc6VILa
INFO: [ app_begin ] --START--
INFO: Run ReadHtmlCache Behavior [ RunTime:0.001257s ]
INFO: [ app_begin ] --END-- [ RunTime:0.001350s ]
NOTIC: [8] Constant UC_CLIENT_VERSION already defined D:\wwwroot\mainweb\sdk\api\UcApi\Lib\Action\IndexAction.class.php 第 4 行.
NOTIC: [8] Constant UC_CLIENT_RELEASE already defined D:\wwwroot\mainweb\sdk\api\UcApi\Lib\Action\IndexAction.class.php 第 5 行.
NOTIC: [2048] Only variables should be passed by reference D:\wwwroot\mainweb\sdk\api\UcApi\Lib\Action\IndexAction.class.php 第 63 行.
NOTIC: [8] Constant API_RETURN_FAILED already defined D:\wwwroot\mainweb\sdk\uc_client\model\note.php 第 16 行.
SQL: SHOW COLUMNS FROM `sdk_accounts` [ RunTime:0.002030s ]
SQL: SELECT * FROM `sdk_accounts` WHERE ( `account_id` = 455 ) LIMIT 1   [ RunTime:0.000563s ]

[ 2013-06-03T20:41:52+08:00 ] 192.168.180.215 /api/uc.php?time=1370263312&code=7596bnY4Q7drXa8dQkDr3NCLkX4UKmmY1p8Wk%2FNPa8b5tB5QpipeTTQVXTO0FdhJhNINMGUlZbhvfF0nUYkm67EQhMo%2FJr6w%2B%2FDYKpEhPr34yESUbxPRhIf%2BahVpJGLhTdMaRdFLY6S%2FvpH3jlxKwXL%2Be%2BNfVIZp%2FQyPaTY1%2BYsMQa%2F6xWlb
INFO: [ app_begin ] --START--
INFO: Run ReadHtmlCache Behavior [ RunTime:0.001386s ]
INFO: [ app_begin ] --END-- [ RunTime:0.001482s ]
NOTIC: [8] Constant UC_CLIENT_VERSION already defined D:\wwwroot\mainweb\sdk\api\UcApi\Lib\Action\IndexAction.class.php 第 4 行.
NOTIC: [8] Constant UC_CLIENT_RELEASE already defined D:\wwwroot\mainweb\sdk\api\UcApi\Lib\Action\IndexAction.class.php 第 5 行.
NOTIC: [2048] Only variables should be passed by reference D:\wwwroot\mainweb\sdk\api\UcApi\Lib\Action\IndexAction.class.php 第 63 行.
NOTIC: [8] Constant API_RETURN_FAILED already defined D:\wwwroot\mainweb\sdk\uc_client\model\note.php 第 16 行.
SQL: SHOW COLUMNS FROM `sdk_accounts` [ RunTime:0.001968s ]
SQL: SELECT * FROM `sdk_accounts` WHERE ( `account_id` = 165 ) LIMIT 1   [ RunTime:0.000452s ]

[ 2013-06-03T21:18:18+08:00 ] 172.16.137.212 /api/uc.php?time=1370265498&code=f2bbKgkua%2Fbn0NBGceYKb%2BGGY9zZgOMg7JxmjfPlippHY5Y8%2FLB8lhgYGFe2Gye0VVRxVdqXEnNJLbep8GcdQZmoAhtOjeB4msF%2BeOwK2Ty2Nr4BZ8yROZVWJjDwb0E6%2Bb7XZfnjeUVFTfedcwbXJUGkkgOO6nhkidrSOkKa8w
INFO: [ app_begin ] --START--
INFO: Run ReadHtmlCache Behavior [ RunTime:0.000895s ]
INFO: [ app_begin ] --END-- [ RunTime:0.000990s ]
NOTIC: [8] Constant UC_CLIENT_VERSION already defined D:\wwwroot\mainweb\sdk\api\UcApi\Lib\Action\IndexAction.class.php 第 4 行.
NOTIC: [8] Constant UC_CLIENT_RELEASE already defined D:\wwwroot\mainweb\sdk\api\UcApi\Lib\Action\IndexAction.class.php 第 5 行.
NOTIC: [2048] Only variables should be passed by reference D:\wwwroot\mainweb\sdk\api\UcApi\Lib\Action\IndexAction.class.php 第 63 行.
NOTIC: [8] Constant API_RETURN_FAILED already defined D:\wwwroot\mainweb\sdk\uc_client\model\note.php 第 16 行.
SQL: SHOW COLUMNS FROM `sdk_accounts` [ RunTime:0.002069s ]
SQL: SELECT * FROM `sdk_accounts` WHERE ( `account_id` = 339 ) LIMIT 1   [ RunTime:0.000373s ]

[ 2013-06-03T21:20:11+08:00 ] 192.168.181.66 /api/uc.php?time=1370265611&code=09a2j03tS42RLDYi1NrhRoGH%2BHzppnsPxBC5mgSOAAmcVL%2FJZ21IMBRuNXNGQQdTMmSx9gTYgqt9wH7s0d3lWllsL%2BJIPFDeoZNo1BBoOiQmnI4Fs5Wy3kjfnjZ2W4FxMUTiAwCRAv44gV9aEZFfvHjrhTHo1iQEH%2FctHA
INFO: [ app_begin ] --START--
INFO: Run ReadHtmlCache Behavior [ RunTime:0.001502s ]
INFO: [ app_begin ] --END-- [ RunTime:0.001595s ]
NOTIC: [8] Constant UC_CLIENT_VERSION already defined D:\wwwroot\mainweb\sdk\api\UcApi\Lib\Action\IndexAction.class.php 第 4 行.
NOTIC: [8] Constant UC_CLIENT_RELEASE already defined D:\wwwroot\mainweb\sdk\api\UcApi\Lib\Action\IndexAction.class.php 第 5 行.
NOTIC: [2048] Only variables should be passed by reference D:\wwwroot\mainweb\sdk\api\UcApi\Lib\Action\IndexAction.class.php 第 63 行.
NOTIC: [8] Constant API_RETURN_FAILED already defined D:\wwwroot\mainweb\sdk\uc_client\model\note.php 第 16 行.
SQL: SHOW COLUMNS FROM `sdk_accounts` [ RunTime:0.002169s ]
SQL: SELECT * FROM `sdk_accounts` WHERE ( `account_id` = 1034 ) LIMIT 1   [ RunTime:0.000482s ]

[ 2013-06-03T21:45:30+08:00 ] 192.168.145.78 /api/uc.php?time=1370267130&code=b8273D5vcD7reD0XHf2hF7cOJjhMDrRLAZeE9cPEXgV82kS9OJAjZt1neX4fzqIriKQETowVlel4FjCWQ277%2FfwEzWU0ejaV5JN5o%2BuXBD5KwcsvQDcUVWSq6OrbgmlD8%2FYuPtivBPWIatPpJM5NopjSphM6RpYQDTRe72s%2F3A
INFO: [ app_begin ] --START--
INFO: Run ReadHtmlCache Behavior [ RunTime:0.001313s ]
INFO: [ app_begin ] --END-- [ RunTime:0.001405s ]
NOTIC: [8] Constant UC_CLIENT_VERSION already defined D:\wwwroot\mainweb\sdk\api\UcApi\Lib\Action\IndexAction.class.php 第 4 行.
NOTIC: [8] Constant UC_CLIENT_RELEASE already defined D:\wwwroot\mainweb\sdk\api\UcApi\Lib\Action\IndexAction.class.php 第 5 行.
NOTIC: [2048] Only variables should be passed by reference D:\wwwroot\mainweb\sdk\api\UcApi\Lib\Action\IndexAction.class.php 第 63 行.
NOTIC: [8] Constant API_RETURN_FAILED already defined D:\wwwroot\mainweb\sdk\uc_client\model\note.php 第 16 行.
SQL: SHOW COLUMNS FROM `sdk_accounts` [ RunTime:0.002097s ]
SQL: SELECT * FROM `sdk_accounts` WHERE ( `account_id` = 1330 ) LIMIT 1   [ RunTime:0.000639s ]

[ 2013-06-03T22:59:21+08:00 ] 192.168.158.75 /api/uc.php?time=1370271559&code=1585I%2Fjb2mw3VWnZX%2FwTx31nyWq6TWtld7llH3TaGeY50q6yHy2qbgCl1Vw0p%2BxXU0RQFncGM23XNprsYyRK1uFuwAwPI%2BInBiBp4S3j%2BGugaxaspKjpV7m2CWiRUg92Toyhf%2FYzqgi2f0%2B3QCNZrRJ3VW%2FEE%2FuKPxmgT4oHag
INFO: [ app_begin ] --START--
INFO: Run ReadHtmlCache Behavior [ RunTime:0.001287s ]
INFO: [ app_begin ] --END-- [ RunTime:0.001382s ]
NOTIC: [8] Constant UC_CLIENT_VERSION already defined D:\wwwroot\mainweb\sdk\api\UcApi\Lib\Action\IndexAction.class.php 第 4 行.
NOTIC: [8] Constant UC_CLIENT_RELEASE already defined D:\wwwroot\mainweb\sdk\api\UcApi\Lib\Action\IndexAction.class.php 第 5 行.
NOTIC: [2048] Only variables should be passed by reference D:\wwwroot\mainweb\sdk\api\UcApi\Lib\Action\IndexAction.class.php 第 63 行.
NOTIC: [8] Constant API_RETURN_FAILED already defined D:\wwwroot\mainweb\sdk\uc_client\model\note.php 第 16 行.
SQL: SHOW COLUMNS FROM `sdk_accounts` [ RunTime:0.002061s ]
SQL: SELECT * FROM `sdk_accounts` WHERE ( `account_id` = 1954 ) LIMIT 1   [ RunTime:0.000282s ]

[ 2013-06-03T22:59:28+08:00 ] 192.168.158.75 /api/uc.php?time=1370271568&code=a5fcrJTXz8yJf62sGDqD8Ba8fmH6kFGZJpZqK22tPnGtcjPyQ%2B2JMoMk%2F9SydJWckldO%2FN%2B80m7KSew8LeD1rCjpm1VIp0EyWLxId2lV3Q%2BwHT5B2AJzOo8FfMimMc4aTTzCnmC7txZCDMcTypyEfkHbXUw%2BMLSN8cJOOwk14w
INFO: [ app_begin ] --START--
INFO: Run ReadHtmlCache Behavior [ RunTime:0.001139s ]
INFO: [ app_begin ] --END-- [ RunTime:0.001232s ]
NOTIC: [8] Constant UC_CLIENT_VERSION already defined D:\wwwroot\mainweb\sdk\api\UcApi\Lib\Action\IndexAction.class.php 第 4 行.
NOTIC: [8] Constant UC_CLIENT_RELEASE already defined D:\wwwroot\mainweb\sdk\api\UcApi\Lib\Action\IndexAction.class.php 第 5 行.
NOTIC: [2048] Only variables should be passed by reference D:\wwwroot\mainweb\sdk\api\UcApi\Lib\Action\IndexAction.class.php 第 63 行.
NOTIC: [8] Constant API_RETURN_FAILED already defined D:\wwwroot\mainweb\sdk\uc_client\model\note.php 第 16 行.
SQL: SHOW COLUMNS FROM `sdk_accounts` [ RunTime:0.002549s ]
SQL: SELECT * FROM `sdk_accounts` WHERE ( `account_id` = 1954 ) LIMIT 1   [ RunTime:0.000149s ]

[ 2013-06-03T23:34:23+08:00 ] 192.168.182.11 /api/uc.php?time=1370273663&code=5640eoP9T1I4XMoErV7J5bBMIvV440PxzUTWwI4FX1ALk2hn5hcHJNYGtfy07HaEpiclVuQSYhF6%2BrVCAvYUU%2FJK9vO6UMji5eLpwcCTVB7pKZ4kM8RgiQkk2pIqHNLAzDzpJU6B5d32kURmVMiusuw2eP1tZTmfKxJ%2Fv1NOtAakcQ
INFO: [ app_begin ] --START--
INFO: Run ReadHtmlCache Behavior [ RunTime:0.001344s ]
INFO: [ app_begin ] --END-- [ RunTime:0.001443s ]
NOTIC: [8] Constant UC_CLIENT_VERSION already defined D:\wwwroot\mainweb\sdk\api\UcApi\Lib\Action\IndexAction.class.php 第 4 行.
NOTIC: [8] Constant UC_CLIENT_RELEASE already defined D:\wwwroot\mainweb\sdk\api\UcApi\Lib\Action\IndexAction.class.php 第 5 行.
NOTIC: [2048] Only variables should be passed by reference D:\wwwroot\mainweb\sdk\api\UcApi\Lib\Action\IndexAction.class.php 第 63 行.
NOTIC: [8] Constant API_RETURN_FAILED already defined D:\wwwroot\mainweb\sdk\uc_client\model\note.php 第 16 行.
SQL: SHOW COLUMNS FROM `sdk_accounts` [ RunTime:0.002105s ]
SQL: SELECT * FROM `sdk_accounts` WHERE ( `account_id` = 1346 ) LIMIT 1   [ RunTime:0.000547s ]

[ 2013-06-03T23:56:43+08:00 ] 192.168.180.220 /api/uc.php?time=1370275003&code=3d5e7OU4g1FcRU3fS9BqEcHRDivEYNcWQWFojWnbtP1%2Bxb%2F%2F3PbbbobBDH%2FwgCsEwvHn8%2B6D9ne%2FR4dmlkuI4X1mLAKHDNUrjw4dnNW6m9zXJxlv3gP8kXF7EovBOnl94aaNL0i2uESUMSpp%2B8KNv2YMWlphu0K1UNuN2C1033d%2FLp3l674p
INFO: [ app_begin ] --START--
INFO: Run ReadHtmlCache Behavior [ RunTime:0.001250s ]
INFO: [ app_begin ] --END-- [ RunTime:0.001341s ]
NOTIC: [8] Constant UC_CLIENT_VERSION already defined D:\wwwroot\mainweb\sdk\api\UcApi\Lib\Action\IndexAction.class.php 第 4 行.
NOTIC: [8] Constant UC_CLIENT_RELEASE already defined D:\wwwroot\mainweb\sdk\api\UcApi\Lib\Action\IndexAction.class.php 第 5 行.
NOTIC: [2048] Only variables should be passed by reference D:\wwwroot\mainweb\sdk\api\UcApi\Lib\Action\IndexAction.class.php 第 63 行.
NOTIC: [8] Constant API_RETURN_FAILED already defined D:\wwwroot\mainweb\sdk\uc_client\model\note.php 第 16 行.
SQL: SHOW COLUMNS FROM `sdk_accounts` [ RunTime:0.002095s ]
SQL: SELECT * FROM `sdk_accounts` WHERE ( `account_id` = 165 ) LIMIT 1   [ RunTime:0.000172s ]

[ 2013-06-03T23:56:51+08:00 ] 183.41.50.140 /api/uc.php?time=1370275009&code=e1f6wV%2B207sRFYawedORWyfHjrlSHJH5%2F4cXxrpS3418hk3esb1irrBV8jCyi0T0YKOV0gswGWyPJY9y8%2BBqDFebBKbvrajRSXHJHX0qqt3n8Oq%2F5C4GW%2FHx0a9q3ikhIQeJQMepiq%2F5eqyuvoNZXiaSrp1GRGWNBml%2FcsC49ce3
INFO: [ app_begin ] --START--
INFO: Run ReadHtmlCache Behavior [ RunTime:0.001246s ]
INFO: [ app_begin ] --END-- [ RunTime:0.001339s ]
NOTIC: [8] Constant UC_CLIENT_VERSION already defined D:\wwwroot\mainweb\sdk\api\UcApi\Lib\Action\IndexAction.class.php 第 4 行.
NOTIC: [8] Constant UC_CLIENT_RELEASE already defined D:\wwwroot\mainweb\sdk\api\UcApi\Lib\Action\IndexAction.class.php 第 5 行.
NOTIC: [2048] Only variables should be passed by reference D:\wwwroot\mainweb\sdk\api\UcApi\Lib\Action\IndexAction.class.php 第 63 行.
NOTIC: [8] Constant API_RETURN_FAILED already defined D:\wwwroot\mainweb\sdk\uc_client\model\note.php 第 16 行.
SQL: SHOW COLUMNS FROM `sdk_accounts` [ RunTime:0.002365s ]
SQL: SELECT * FROM `sdk_accounts` WHERE ( `account_id` = 131 ) LIMIT 1   [ RunTime:0.000540s ]

[ 2013-06-03T23:58:21+08:00 ] 192.168.149.219 /api/uc.php?time=1370275100&code=67161uzaCd0Jd7pBLEoYGpCgRNDbVBUjefDB3SZwLRcVf17yH2cuburoCrIFuFAfZlWTPv2FpDtLuQ2zJO5KiXL441PM9%2FnhrdS4lxE1R3P%2BqACe4gXD%2FNxJvuEj9zqhZNXM2%2B3n9JKq50dwMN9pce6rk1e%2BH1yT7XdkcJH8yKM
INFO: [ app_begin ] --START--
INFO: Run ReadHtmlCache Behavior [ RunTime:0.001702s ]
INFO: [ app_begin ] --END-- [ RunTime:0.001866s ]
NOTIC: [8] Constant UC_CLIENT_VERSION already defined D:\wwwroot\mainweb\sdk\api\UcApi\Lib\Action\IndexAction.class.php 第 4 行.
NOTIC: [8] Constant UC_CLIENT_RELEASE already defined D:\wwwroot\mainweb\sdk\api\UcApi\Lib\Action\IndexAction.class.php 第 5 行.
NOTIC: [2048] Only variables should be passed by reference D:\wwwroot\mainweb\sdk\api\UcApi\Lib\Action\IndexAction.class.php 第 63 行.
NOTIC: [8] Constant API_RETURN_FAILED already defined D:\wwwroot\mainweb\sdk\uc_client\model\note.php 第 16 行.
SQL: SHOW COLUMNS FROM `sdk_accounts` [ RunTime:0.002291s ]
SQL: SELECT * FROM `sdk_accounts` WHERE ( `account_id` = 1806 ) LIMIT 1   [ RunTime:0.000477s ]

