[ 2013-06-20T08:22:03+08:00 ] 192.168.141.6 /api/uc.php?time=1371687722&code=0e35RBCwvBAl6VXSahl6Qjd9waIDaOrOLxTIxiiGHMbMPC9%2B2WLJCS%2B8pSHK6nFOAKMkx29JK4xn88Nf9jJACjgoYKypYMj5KThRHZCIdgDZeK1iqFJ8gO%2Bja7z3mEQK9Q8wWXKHjcwMXR0ToNkUhBC50EdeE7zfe0vhPvA
INFO: [ app_begin ] --START--
INFO: Run ReadHtmlCache Behavior [ RunTime:0.001430s ]
INFO: [ app_begin ] --END-- [ RunTime:0.001531s ]
NOTIC: [8] Constant UC_CLIENT_VERSION already defined D:\wwwroot\mainweb\sdk\api\UcApi\Lib\Action\IndexAction.class.php 第 4 行.
NOTIC: [8] Constant UC_CLIENT_RELEASE already defined D:\wwwroot\mainweb\sdk\api\UcApi\Lib\Action\IndexAction.class.php 第 5 行.
NOTIC: [2048] Only variables should be passed by reference D:\wwwroot\mainweb\sdk\api\UcApi\Lib\Action\IndexAction.class.php 第 63 行.
NOTIC: [8] Constant API_RETURN_FAILED already defined D:\wwwroot\mainweb\sdk\uc_client\model\note.php 第 16 行.
SQL: SHOW COLUMNS FROM `sdk_accounts` [ RunTime:0.002124s ]
SQL: SELECT * FROM `sdk_accounts` WHERE ( `account_id` = 783 ) LIMIT 1   [ RunTime:0.000733s ]

[ 2013-06-20T09:00:06+08:00 ] 192.168.179.147 /api/uc.php?time=1371690006&code=c7a6Jn09hr0iIjOynMzbvovIqKcQLtqcmAe8bxjPkeUXxhYo85lDNpuu8Ps5T4V5Bm9uraaiUMn0EJ4VTgHSpw4VSmLRaScIPCq0QD5NHPEYnnTZ%2FFN3tjPpErqNACxSrYki4hx0N2rUr60Rf3titP9Iuaio1g2G0%2F%2B5
INFO: [ app_begin ] --START--
INFO: Run ReadHtmlCache Behavior [ RunTime:0.001372s ]
INFO: [ app_begin ] --END-- [ RunTime:0.001467s ]
NOTIC: [8] Constant UC_CLIENT_VERSION already defined D:\wwwroot\mainweb\sdk\api\UcApi\Lib\Action\IndexAction.class.php 第 4 行.
NOTIC: [8] Constant UC_CLIENT_RELEASE already defined D:\wwwroot\mainweb\sdk\api\UcApi\Lib\Action\IndexAction.class.php 第 5 行.
NOTIC: [2048] Only variables should be passed by reference D:\wwwroot\mainweb\sdk\api\UcApi\Lib\Action\IndexAction.class.php 第 63 行.
NOTIC: [8] Constant API_RETURN_FAILED already defined D:\wwwroot\mainweb\sdk\uc_client\model\note.php 第 16 行.
SQL: SHOW COLUMNS FROM `sdk_accounts` [ RunTime:0.002209s ]
SQL: SELECT * FROM `sdk_accounts` WHERE ( `account_id` = 462 ) LIMIT 1   [ RunTime:0.000470s ]

[ 2013-06-20T09:04:20+08:00 ] 192.168.201.40 /api/uc.php?time=1371690260&code=c709mMBeLleYdfee50bNWodlCEo313D8wHakawcYH09iEFIZRmBCXCIBjYIPgIZ2TnQFTeDj5leiEXlegFwof2jGoDAbkMqxOceJ4IYA8GhzW9eJIBSAx9%2FCXuI4tbig1m27N5cmJEuVyL4zsabgQqmEIs8%2FjWLONkT%2BOYLHUWd6F8wM
INFO: [ app_begin ] --START--
INFO: Run ReadHtmlCache Behavior [ RunTime:0.002136s ]
INFO: [ app_begin ] --END-- [ RunTime:0.002231s ]
NOTIC: [8] Constant UC_CLIENT_VERSION already defined D:\wwwroot\mainweb\sdk\api\UcApi\Lib\Action\IndexAction.class.php 第 4 行.
NOTIC: [8] Constant UC_CLIENT_RELEASE already defined D:\wwwroot\mainweb\sdk\api\UcApi\Lib\Action\IndexAction.class.php 第 5 行.
NOTIC: [2048] Only variables should be passed by reference D:\wwwroot\mainweb\sdk\api\UcApi\Lib\Action\IndexAction.class.php 第 63 行.
NOTIC: [8] Constant API_RETURN_FAILED already defined D:\wwwroot\mainweb\sdk\uc_client\model\note.php 第 16 行.
SQL: SHOW COLUMNS FROM `sdk_accounts` [ RunTime:0.002124s ]
SQL: SELECT * FROM `sdk_accounts` WHERE ( `account_id` = 518 ) LIMIT 1   [ RunTime:0.000455s ]

[ 2013-06-20T09:07:36+08:00 ] 192.168.201.73 /api/uc.php?time=1371690455&code=8f344e50Pv%2FDX8CW8PbR1aNRy7Gk6eY04WPuXtONLhbli5V3448iTXI5bcyBiCzIZ02OCAZ2OrxI4HTCJxVu5J23sMnu2F5nJBCvIF5xLTKxHV4s2pOQ%2F2SXiKudVfSTMbZxXgZerlj22goPcyr5Th9iulFB3qX3ePnnJRH6
INFO: [ app_begin ] --START--
INFO: Run ReadHtmlCache Behavior [ RunTime:0.001093s ]
INFO: [ app_begin ] --END-- [ RunTime:0.001189s ]
NOTIC: [8] Constant UC_CLIENT_VERSION already defined D:\wwwroot\mainweb\sdk\api\UcApi\Lib\Action\IndexAction.class.php 第 4 行.
NOTIC: [8] Constant UC_CLIENT_RELEASE already defined D:\wwwroot\mainweb\sdk\api\UcApi\Lib\Action\IndexAction.class.php 第 5 行.
NOTIC: [2048] Only variables should be passed by reference D:\wwwroot\mainweb\sdk\api\UcApi\Lib\Action\IndexAction.class.php 第 63 行.
NOTIC: [8] Constant API_RETURN_FAILED already defined D:\wwwroot\mainweb\sdk\uc_client\model\note.php 第 16 行.
SQL: SHOW COLUMNS FROM `sdk_accounts` [ RunTime:0.002049s ]
SQL: SELECT * FROM `sdk_accounts` WHERE ( `account_id` = 1701 ) LIMIT 1   [ RunTime:0.000458s ]

[ 2013-06-20T09:41:57+08:00 ] 192.168.191.24 /api/uc.php?time=1371692517&code=bb53iQbJt%2F2om6j%2BczPpOYyfCk%2FETLUlontWu8M2Rss%2FYLcWPsp9j9lGQNAMsp2sVoFRg%2FiF4DUXS1QgjNAUsYdkZkzofsCXAwnWZdd1sqRl5odHO5wcbS3OBUJybOFOrgUoGoKYnI%2B8IjlWgKkF7wn85yYrPRUuZMKXuxpI
INFO: [ app_begin ] --START--
INFO: Run ReadHtmlCache Behavior [ RunTime:0.001169s ]
INFO: [ app_begin ] --END-- [ RunTime:0.001265s ]
NOTIC: [8] Constant UC_CLIENT_VERSION already defined D:\wwwroot\mainweb\sdk\api\UcApi\Lib\Action\IndexAction.class.php 第 4 行.
NOTIC: [8] Constant UC_CLIENT_RELEASE already defined D:\wwwroot\mainweb\sdk\api\UcApi\Lib\Action\IndexAction.class.php 第 5 行.
NOTIC: [2048] Only variables should be passed by reference D:\wwwroot\mainweb\sdk\api\UcApi\Lib\Action\IndexAction.class.php 第 63 行.
NOTIC: [8] Constant API_RETURN_FAILED already defined D:\wwwroot\mainweb\sdk\uc_client\model\note.php 第 16 行.
SQL: SHOW COLUMNS FROM `sdk_accounts` [ RunTime:0.002311s ]
SQL: SELECT * FROM `sdk_accounts` WHERE ( `account_id` = 723 ) LIMIT 1   [ RunTime:0.000655s ]

[ 2013-06-20T10:06:10+08:00 ] 192.168.204.15 /api/uc.php?time=1371693969&code=2e2594t%2BhBJBhk0NI%2FScqoMkPC133eR999BLRKwYR4CYxHwwirZsZu4zU6cV2mCuhytSV%2Fo8sU8hj3eQ%2FyyHUxIvZVg1AAiYYN76haYDdicc%2FZqQmBsZb0YLWCW1GD8T3Sxhhhdy1woMIg%2Ffy8R0DYsZt0i6Dx3PMntzHikl
INFO: [ app_begin ] --START--
INFO: Run ReadHtmlCache Behavior [ RunTime:0.001141s ]
INFO: [ app_begin ] --END-- [ RunTime:0.001236s ]
NOTIC: [8] Constant UC_CLIENT_VERSION already defined D:\wwwroot\mainweb\sdk\api\UcApi\Lib\Action\IndexAction.class.php 第 4 行.
NOTIC: [8] Constant UC_CLIENT_RELEASE already defined D:\wwwroot\mainweb\sdk\api\UcApi\Lib\Action\IndexAction.class.php 第 5 行.
NOTIC: [2048] Only variables should be passed by reference D:\wwwroot\mainweb\sdk\api\UcApi\Lib\Action\IndexAction.class.php 第 63 行.
NOTIC: [8] Constant API_RETURN_FAILED already defined D:\wwwroot\mainweb\sdk\uc_client\model\note.php 第 16 行.
SQL: SHOW COLUMNS FROM `sdk_accounts` [ RunTime:0.002201s ]
SQL: SELECT * FROM `sdk_accounts` WHERE ( `account_id` = 520 ) LIMIT 1   [ RunTime:0.000614s ]

[ 2013-06-20T10:22:23+08:00 ] 192.168.166.98 /api/uc.php?time=1371694942&code=44b27T1f8jeVt5ExDaif5gJG9h7rLDZoFWaJSpkfYFAS%2BlOFCJ3MURC3LrHo73FAnDUxRrYMpkYvYSzNg%2F6ghW9bv1Ux%2FgKBFnniYm%2Bzkx1a32o7%2FV5l9TKZI03spJ%2FYi0sv4qVM4N77%2Bm8iUcA3dOD6hT13n5zndTSNUkNkA1pt
INFO: [ app_begin ] --START--
INFO: Run ReadHtmlCache Behavior [ RunTime:0.001132s ]
INFO: [ app_begin ] --END-- [ RunTime:0.001231s ]
NOTIC: [8] Constant UC_CLIENT_VERSION already defined D:\wwwroot\mainweb\sdk\api\UcApi\Lib\Action\IndexAction.class.php 第 4 行.
NOTIC: [8] Constant UC_CLIENT_RELEASE already defined D:\wwwroot\mainweb\sdk\api\UcApi\Lib\Action\IndexAction.class.php 第 5 行.
NOTIC: [2048] Only variables should be passed by reference D:\wwwroot\mainweb\sdk\api\UcApi\Lib\Action\IndexAction.class.php 第 63 行.
NOTIC: [8] Constant API_RETURN_FAILED already defined D:\wwwroot\mainweb\sdk\uc_client\model\note.php 第 16 行.
SQL: SHOW COLUMNS FROM `sdk_accounts` [ RunTime:0.002333s ]
SQL: SELECT * FROM `sdk_accounts` WHERE ( `account_id` = 1045 ) LIMIT 1   [ RunTime:0.000579s ]

[ 2013-06-20T10:52:24+08:00 ] 112.64.235.87 /api/uc.php?time=1371694942&code=44b27T1f8jeVt5ExDaif5gJG9h7rLDZoFWaJSpkfYFAS%2BlOFCJ3MURC3LrHo73FAnDUxRrYMpkYvYSzNg%2F6ghW9bv1Ux%2FgKBFnniYm%2Bzkx1a32o7%2FV5l9TKZI03spJ%2FYi0sv4qVM4N77%2Bm8iUcA3dOD6hT13n5zndTSNUkNkA1pt
INFO: [ app_begin ] --START--
INFO: Run ReadHtmlCache Behavior [ RunTime:0.001185s ]
INFO: [ app_begin ] --END-- [ RunTime:0.001281s ]
NOTIC: [8] Constant UC_CLIENT_VERSION already defined D:\wwwroot\mainweb\sdk\api\UcApi\Lib\Action\IndexAction.class.php 第 4 行.
NOTIC: [8] Constant UC_CLIENT_RELEASE already defined D:\wwwroot\mainweb\sdk\api\UcApi\Lib\Action\IndexAction.class.php 第 5 行.
NOTIC: [2048] Only variables should be passed by reference D:\wwwroot\mainweb\sdk\api\UcApi\Lib\Action\IndexAction.class.php 第 63 行.
NOTIC: [8] Constant API_RETURN_FAILED already defined D:\wwwroot\mainweb\sdk\uc_client\model\note.php 第 16 行.
SQL: SHOW COLUMNS FROM `sdk_accounts` [ RunTime:0.002338s ]
SQL: SELECT * FROM `sdk_accounts` WHERE ( `account_id` = 1045 ) LIMIT 1   [ RunTime:0.000437s ]

[ 2013-06-20T10:54:57+08:00 ] 192.168.200.71 /api/uc.php?time=1371696897&code=9e2dIszdDPbmOsSiafbakKgP9hXqBV5yByzm1QvHhbD0z4qMrQuLi8UtRK4dk%2BmpjKizRtE4YcAkSJFv6%2B6MYsk1XFJChnjGr5qeVsVSNYtekauCvFg%2FxPBVpoxEr10meu9PA8o7tmFvtyTBLAaBh2X%2FQ1ErP1PjsJu5yhkiRA
INFO: [ app_begin ] --START--
INFO: Run ReadHtmlCache Behavior [ RunTime:0.001120s ]
INFO: [ app_begin ] --END-- [ RunTime:0.001275s ]
NOTIC: [8] Constant UC_CLIENT_VERSION already defined D:\wwwroot\mainweb\sdk\api\UcApi\Lib\Action\IndexAction.class.php 第 4 行.
NOTIC: [8] Constant UC_CLIENT_RELEASE already defined D:\wwwroot\mainweb\sdk\api\UcApi\Lib\Action\IndexAction.class.php 第 5 行.
NOTIC: [2048] Only variables should be passed by reference D:\wwwroot\mainweb\sdk\api\UcApi\Lib\Action\IndexAction.class.php 第 63 行.
NOTIC: [8] Constant API_RETURN_FAILED already defined D:\wwwroot\mainweb\sdk\uc_client\model\note.php 第 16 行.
SQL: SHOW COLUMNS FROM `sdk_accounts` [ RunTime:0.002159s ]
SQL: SELECT * FROM `sdk_accounts` WHERE ( `account_id` = 1223 ) LIMIT 1   [ RunTime:0.000381s ]

[ 2013-06-20T12:16:39+08:00 ] 192.168.201.83 /api/uc.php?time=1371701799&code=5b41CMErZVuV4LtRyQm%2B23%2BSzzl2UmJps8ccN6hEjl2m6NhLLnasvA8IQbjzdNteaxJHZuIi%2BDmLyIVl%2Buv2LZ8%2FP2AxRSpCd68BUqGFtkqmMX6xYOpponPPktnnaDhypADeH2rRocMKyGEXPjr9auuyVuEwK6pa3Q33mYFDvN4
INFO: [ app_begin ] --START--
INFO: Run ReadHtmlCache Behavior [ RunTime:0.001177s ]
INFO: [ app_begin ] --END-- [ RunTime:0.001272s ]
NOTIC: [8] Constant UC_CLIENT_VERSION already defined D:\wwwroot\mainweb\sdk\api\UcApi\Lib\Action\IndexAction.class.php 第 4 行.
NOTIC: [8] Constant UC_CLIENT_RELEASE already defined D:\wwwroot\mainweb\sdk\api\UcApi\Lib\Action\IndexAction.class.php 第 5 行.
NOTIC: [2048] Only variables should be passed by reference D:\wwwroot\mainweb\sdk\api\UcApi\Lib\Action\IndexAction.class.php 第 63 行.
NOTIC: [8] Constant API_RETURN_FAILED already defined D:\wwwroot\mainweb\sdk\uc_client\model\note.php 第 16 行.
SQL: SHOW COLUMNS FROM `sdk_accounts` [ RunTime:0.002277s ]
SQL: SELECT * FROM `sdk_accounts` WHERE ( `account_id` = 2017 ) LIMIT 1   [ RunTime:0.000438s ]

[ 2013-06-20T12:27:23+08:00 ] 192.168.128.131 /api/uc.php?time=1371702442&code=fbb78%2BSx1yr1NgRS2Sy7BiQGAQ7TTLH7uqDCgCJ0Uj625pynmt7gDcjUNHxk0peZWLu%2FIs5op6wsgWSxAPWgQr1MRKnJXM2eAE7vDmKsjz4XLERTbYb%2BX1L%2FvUwyXA0woz7by4AL%2FRXbXIwk12FRIeL3Z4VY4k4dx6NmoQ5b
INFO: [ app_begin ] --START--
INFO: Run ReadHtmlCache Behavior [ RunTime:0.001676s ]
INFO: [ app_begin ] --END-- [ RunTime:0.001772s ]
NOTIC: [8] Constant UC_CLIENT_VERSION already defined D:\wwwroot\mainweb\sdk\api\UcApi\Lib\Action\IndexAction.class.php 第 4 行.
NOTIC: [8] Constant UC_CLIENT_RELEASE already defined D:\wwwroot\mainweb\sdk\api\UcApi\Lib\Action\IndexAction.class.php 第 5 行.
NOTIC: [2048] Only variables should be passed by reference D:\wwwroot\mainweb\sdk\api\UcApi\Lib\Action\IndexAction.class.php 第 63 行.
NOTIC: [8] Constant API_RETURN_FAILED already defined D:\wwwroot\mainweb\sdk\uc_client\model\note.php 第 16 行.
SQL: SHOW COLUMNS FROM `sdk_accounts` [ RunTime:0.001931s ]
SQL: SELECT * FROM `sdk_accounts` WHERE ( `account_id` = 1628 ) LIMIT 1   [ RunTime:0.000519s ]

[ 2013-06-20T13:04:54+08:00 ] 192.168.179.143 /api/uc.php?time=1371704694&code=034fRKLz9aUfWBJ4kVlwePNS80H4wWrkL44Imwpj%2BTb5Rj9Vm4n36NKQ4zB5F4nQfYPcQHO32ZqCMe6NemizFBsF%2BoHEBp9V%2FcziedlDgAlWtvZ%2FTTSNIQxRTFc9%2BVPWnxeplWxSpa23e9ycGsmrOXGU9HAhrSLH83OWDQ
INFO: [ app_begin ] --START--
INFO: Run ReadHtmlCache Behavior [ RunTime:0.001133s ]
INFO: [ app_begin ] --END-- [ RunTime:0.001230s ]
NOTIC: [8] Constant UC_CLIENT_VERSION already defined D:\wwwroot\mainweb\sdk\api\UcApi\Lib\Action\IndexAction.class.php 第 4 行.
NOTIC: [8] Constant UC_CLIENT_RELEASE already defined D:\wwwroot\mainweb\sdk\api\UcApi\Lib\Action\IndexAction.class.php 第 5 行.
NOTIC: [2048] Only variables should be passed by reference D:\wwwroot\mainweb\sdk\api\UcApi\Lib\Action\IndexAction.class.php 第 63 行.
NOTIC: [8] Constant API_RETURN_FAILED already defined D:\wwwroot\mainweb\sdk\uc_client\model\note.php 第 16 行.
SQL: SHOW COLUMNS FROM `sdk_accounts` [ RunTime:0.003365s ]
SQL: SELECT * FROM `sdk_accounts` WHERE ( `account_id` = 1533 ) LIMIT 1   [ RunTime:0.000605s ]

[ 2013-06-20T13:11:47+08:00 ] 192.168.180.219 /api/uc.php?time=1371705107&code=0d62LaQ9%2FY16tmbyXFivlS%2Fo3liNlu68s6EE53UcW4LQ%2FLt9384zZS4jczUpAQbCvZksYboteSazyrj7Gy7V8IWjCrFfBXAm%2B34GZ%2FuIZ7T1Koou6zUE59JnHRHMxTokEUNmzfW0JxTyZyC095h71HfpFn70cl3zWY8pJoUV
INFO: [ app_begin ] --START--
INFO: Run ReadHtmlCache Behavior [ RunTime:0.001342s ]
INFO: [ app_begin ] --END-- [ RunTime:0.001438s ]
NOTIC: [8] Constant UC_CLIENT_VERSION already defined D:\wwwroot\mainweb\sdk\api\UcApi\Lib\Action\IndexAction.class.php 第 4 行.
NOTIC: [8] Constant UC_CLIENT_RELEASE already defined D:\wwwroot\mainweb\sdk\api\UcApi\Lib\Action\IndexAction.class.php 第 5 行.
NOTIC: [2048] Only variables should be passed by reference D:\wwwroot\mainweb\sdk\api\UcApi\Lib\Action\IndexAction.class.php 第 63 行.
NOTIC: [8] Constant API_RETURN_FAILED already defined D:\wwwroot\mainweb\sdk\uc_client\model\note.php 第 16 行.
SQL: SHOW COLUMNS FROM `sdk_accounts` [ RunTime:0.002182s ]
SQL: SELECT * FROM `sdk_accounts` WHERE ( `account_id` = 1718 ) LIMIT 1   [ RunTime:0.000407s ]

[ 2013-06-20T13:20:08+08:00 ] 192.168.166.165 /api/uc.php?time=1371705607&code=b8f4FWpCCMDmmvSPjyqjwFqSz37ZiutPPLYJZ0Ur0kWew%2BSueyp87KuGQUPZJuB112Q2rdb2khpGRxpIkgKu%2F3fQgvsCiYmn83LHFDfznLcXrNjkHQQDpcTFZlOYJ%2FjB5xS7VJFgKRQOgsTjJm9hm8Nmb8cM%2F0ODkj4sUxgrApN7r4DO
INFO: [ app_begin ] --START--
INFO: Run ReadHtmlCache Behavior [ RunTime:0.001159s ]
INFO: [ app_begin ] --END-- [ RunTime:0.001255s ]
NOTIC: [8] Constant UC_CLIENT_VERSION already defined D:\wwwroot\mainweb\sdk\api\UcApi\Lib\Action\IndexAction.class.php 第 4 行.
NOTIC: [8] Constant UC_CLIENT_RELEASE already defined D:\wwwroot\mainweb\sdk\api\UcApi\Lib\Action\IndexAction.class.php 第 5 行.
NOTIC: [2048] Only variables should be passed by reference D:\wwwroot\mainweb\sdk\api\UcApi\Lib\Action\IndexAction.class.php 第 63 行.
NOTIC: [8] Constant API_RETURN_FAILED already defined D:\wwwroot\mainweb\sdk\uc_client\model\note.php 第 16 行.
SQL: SHOW COLUMNS FROM `sdk_accounts` [ RunTime:0.002018s ]
SQL: SELECT * FROM `sdk_accounts` WHERE ( `account_id` = 2314 ) LIMIT 1   [ RunTime:0.000253s ]

[ 2013-06-20T14:04:15+08:00 ] 192.168.230.6 /api/uc.php?time=1371708255&code=1778bwwl%2B6gAcW%2FxXctDFk6hnbG2nmzgN7n0sMN1%2BE8EiHdhJ%2B9g20GlKnLDGXbRCCvtJ0gJd%2Bc%2Fp645CxgDt%2BHBsi94RSRO8tXB3m3WmA9OomLpUn5pPHSYOr%2FHt3KC389SVC%2FB4CdxhVsFsChvzjOlIrk7ayXBkSdwgg
INFO: [ app_begin ] --START--
INFO: Run ReadHtmlCache Behavior [ RunTime:0.001128s ]
INFO: [ app_begin ] --END-- [ RunTime:0.001223s ]
NOTIC: [8] Constant UC_CLIENT_VERSION already defined D:\wwwroot\mainweb\sdk\api\UcApi\Lib\Action\IndexAction.class.php 第 4 行.
NOTIC: [8] Constant UC_CLIENT_RELEASE already defined D:\wwwroot\mainweb\sdk\api\UcApi\Lib\Action\IndexAction.class.php 第 5 行.
NOTIC: [2048] Only variables should be passed by reference D:\wwwroot\mainweb\sdk\api\UcApi\Lib\Action\IndexAction.class.php 第 63 行.
NOTIC: [8] Constant API_RETURN_FAILED already defined D:\wwwroot\mainweb\sdk\uc_client\model\note.php 第 16 行.
SQL: SHOW COLUMNS FROM `sdk_accounts` [ RunTime:0.002240s ]
SQL: SELECT * FROM `sdk_accounts` WHERE ( `account_id` = 1072 ) LIMIT 1   [ RunTime:0.000336s ]

[ 2013-06-20T14:17:32+08:00 ] 192.168.200.76 /api/uc.php?time=1371709052&code=0a25d7UiTxGOI7SgePG9k4Dg8PAoCDwyp7VgOZhV2Cyf7veGgjhWxMPx0s9xOsfCzIu6Iva1Mjkit3WT77Nl%2BPOBdkFnnoVHiIVErdK5VBrov3sIKOkFJKXELryCvFIX1Si%2FldPjbB%2F5EDEWuwPYQjXQjS1%2BtXoMi3Q%2B%2F0g
INFO: [ app_begin ] --START--
INFO: Run ReadHtmlCache Behavior [ RunTime:0.001138s ]
INFO: [ app_begin ] --END-- [ RunTime:0.001234s ]
NOTIC: [8] Constant UC_CLIENT_VERSION already defined D:\wwwroot\mainweb\sdk\api\UcApi\Lib\Action\IndexAction.class.php 第 4 行.
NOTIC: [8] Constant UC_CLIENT_RELEASE already defined D:\wwwroot\mainweb\sdk\api\UcApi\Lib\Action\IndexAction.class.php 第 5 行.
NOTIC: [2048] Only variables should be passed by reference D:\wwwroot\mainweb\sdk\api\UcApi\Lib\Action\IndexAction.class.php 第 63 行.
NOTIC: [8] Constant API_RETURN_FAILED already defined D:\wwwroot\mainweb\sdk\uc_client\model\note.php 第 16 行.
SQL: SHOW COLUMNS FROM `sdk_accounts` [ RunTime:0.002230s ]
SQL: SELECT * FROM `sdk_accounts` WHERE ( `account_id` = 2155 ) LIMIT 1   [ RunTime:0.000550s ]

[ 2013-06-20T14:35:19+08:00 ] 192.168.200.71 /api/uc.php?time=1371710118&code=b1623qJ1jDCSJZSIfnHH%2FgBtP18G%2BAHGxmAwa5qe5uCPuyVk1MFx6X3DQySN65oL5J%2FDBu19D2Lai5ghDaGS56zkfvlRmjTHt0i0PckZ%2Bb9K6rVprsZHrNapaGDMbJGKgKgPgnX5MaJMaGQfLDFeHX1peDUybtNyT8N0S0bq2A
INFO: [ app_begin ] --START--
INFO: Run ReadHtmlCache Behavior [ RunTime:0.001192s ]
INFO: [ app_begin ] --END-- [ RunTime:0.001298s ]
NOTIC: [8] Constant UC_CLIENT_VERSION already defined D:\wwwroot\mainweb\sdk\api\UcApi\Lib\Action\IndexAction.class.php 第 4 行.
NOTIC: [8] Constant UC_CLIENT_RELEASE already defined D:\wwwroot\mainweb\sdk\api\UcApi\Lib\Action\IndexAction.class.php 第 5 行.
NOTIC: [2048] Only variables should be passed by reference D:\wwwroot\mainweb\sdk\api\UcApi\Lib\Action\IndexAction.class.php 第 63 行.
NOTIC: [8] Constant API_RETURN_FAILED already defined D:\wwwroot\mainweb\sdk\uc_client\model\note.php 第 16 行.
SQL: SHOW COLUMNS FROM `sdk_accounts` [ RunTime:0.002156s ]
SQL: SELECT * FROM `sdk_accounts` WHERE ( `account_id` = 1223 ) LIMIT 1   [ RunTime:0.000311s ]

[ 2013-06-20T14:35:59+08:00 ] 192.168.200.66 /api/uc.php?time=1371710159&code=831ezCvyiqzy3zMfRBFKpVNfBvD6SB9ChiGYs6HW0lt7KSzhEDfqWsmSU%2Bth395%2Fq7xScyfEzcMw8ejgEBFf57c7cjq9ziHPzGIEoYOHgMJTmUJVdMT4IEpIGaLZpguxuVZBYDNogX72wnbBIFpgI4uNDWGm8pmc4G7dBT1X
INFO: [ app_begin ] --START--
INFO: Run ReadHtmlCache Behavior [ RunTime:0.001150s ]
INFO: [ app_begin ] --END-- [ RunTime:0.001246s ]
NOTIC: [8] Constant UC_CLIENT_VERSION already defined D:\wwwroot\mainweb\sdk\api\UcApi\Lib\Action\IndexAction.class.php 第 4 行.
NOTIC: [8] Constant UC_CLIENT_RELEASE already defined D:\wwwroot\mainweb\sdk\api\UcApi\Lib\Action\IndexAction.class.php 第 5 行.
NOTIC: [2048] Only variables should be passed by reference D:\wwwroot\mainweb\sdk\api\UcApi\Lib\Action\IndexAction.class.php 第 63 行.
NOTIC: [8] Constant API_RETURN_FAILED already defined D:\wwwroot\mainweb\sdk\uc_client\model\note.php 第 16 行.
SQL: SHOW COLUMNS FROM `sdk_accounts` [ RunTime:0.002035s ]
SQL: SELECT * FROM `sdk_accounts` WHERE ( `account_id` = 384 ) LIMIT 1   [ RunTime:0.000346s ]

[ 2013-06-20T14:55:52+08:00 ] 192.168.204.15 /api/uc.php?time=1371711352&code=f1c15tSvHawiG5ogIXBGEAhMQ3C4ioKxEVLjj%2BcFUS7e%2FYZ%2FXo%2F81O7eAooAhc75cocI2KiJf2zO0PnHHIB7KD8okT3XGOVPUOP1dtSVzFWYdAfpKOsGr0CmNQUxOlN7vCpcqh5tbS0wsfjpfSqRofVUQmigp0LC6EepWSa2
INFO: [ app_begin ] --START--
INFO: Run ReadHtmlCache Behavior [ RunTime:0.001161s ]
INFO: [ app_begin ] --END-- [ RunTime:0.001258s ]
NOTIC: [8] Constant UC_CLIENT_VERSION already defined D:\wwwroot\mainweb\sdk\api\UcApi\Lib\Action\IndexAction.class.php 第 4 行.
NOTIC: [8] Constant UC_CLIENT_RELEASE already defined D:\wwwroot\mainweb\sdk\api\UcApi\Lib\Action\IndexAction.class.php 第 5 行.
NOTIC: [2048] Only variables should be passed by reference D:\wwwroot\mainweb\sdk\api\UcApi\Lib\Action\IndexAction.class.php 第 63 行.
NOTIC: [8] Constant API_RETURN_FAILED already defined D:\wwwroot\mainweb\sdk\uc_client\model\note.php 第 16 行.
SQL: SHOW COLUMNS FROM `sdk_accounts` [ RunTime:0.002088s ]
SQL: SELECT * FROM `sdk_accounts` WHERE ( `account_id` = 520 ) LIMIT 1   [ RunTime:0.000136s ]

[ 2013-06-20T15:01:42+08:00 ] 192.168.140.91 /api/uc.php?time=1371711702&code=d7ecn8f9rhdFUrXrvOsswozbkCgvhZ13DtXVhvWQtDNW6gJouGK5FHZLjbooV2%2FX4SofBF8HDmlVXhXdUzrcH06HokwUeCkKvEGc7XeaqtmcucGjxg5LZCnhQULkWEhoR%2FNxOmtMKCQhKorzwJBKgZ9QdI6GeO%2FYoplCKNR7uxDEmw
INFO: [ app_begin ] --START--
INFO: Run ReadHtmlCache Behavior [ RunTime:0.001238s ]
INFO: [ app_begin ] --END-- [ RunTime:0.001333s ]
NOTIC: [8] Constant UC_CLIENT_VERSION already defined D:\wwwroot\mainweb\sdk\api\UcApi\Lib\Action\IndexAction.class.php 第 4 行.
NOTIC: [8] Constant UC_CLIENT_RELEASE already defined D:\wwwroot\mainweb\sdk\api\UcApi\Lib\Action\IndexAction.class.php 第 5 行.
NOTIC: [2048] Only variables should be passed by reference D:\wwwroot\mainweb\sdk\api\UcApi\Lib\Action\IndexAction.class.php 第 63 行.
NOTIC: [8] Constant API_RETURN_FAILED already defined D:\wwwroot\mainweb\sdk\uc_client\model\note.php 第 16 行.
SQL: SHOW COLUMNS FROM `sdk_accounts` [ RunTime:0.002102s ]
SQL: SELECT * FROM `sdk_accounts` WHERE ( `account_id` = 2203 ) LIMIT 1   [ RunTime:0.000375s ]

[ 2013-06-20T15:02:36+08:00 ] 192.168.140.91 /api/uc.php?time=1371711756&code=ad5bSa7Q0BRS5uoQr6sxg%2BzL9zOrhaMlz%2FFcVSxJKqWexYSzgYCjgAR6NiqNfl1y%2Fah9wKOPJvx5%2FKRjZQ
INFO: [ app_begin ] --START--
INFO: Run ReadHtmlCache Behavior [ RunTime:0.001174s ]
INFO: [ app_begin ] --END-- [ RunTime:0.001369s ]
NOTIC: [8] Constant UC_CLIENT_VERSION already defined D:\wwwroot\mainweb\sdk\api\UcApi\Lib\Action\IndexAction.class.php 第 4 行.
NOTIC: [8] Constant UC_CLIENT_RELEASE already defined D:\wwwroot\mainweb\sdk\api\UcApi\Lib\Action\IndexAction.class.php 第 5 行.
NOTIC: [2048] Only variables should be passed by reference D:\wwwroot\mainweb\sdk\api\UcApi\Lib\Action\IndexAction.class.php 第 63 行.

[ 2013-06-20T15:02:58+08:00 ] 192.168.140.91 /api/uc.php?time=1371711778&code=2b8fM0yD%2F6VeAlK6PvB2CsnYKp2kN%2BXGyaTLiAdpEJg%2FOVZOY%2BXDfMgbu328TzwGAYn7Kos68MjK1XiEaqZElBOV0xCpSnEl6Eur%2BKdURnMjwHmIdZm7r9h5haJInMyfRfrw84cFSBsQ8YUVtpnPHFCwUhipYDDlqpxWMVB6%2FNboXA
INFO: [ app_begin ] --START--
INFO: Run ReadHtmlCache Behavior [ RunTime:0.001325s ]
INFO: [ app_begin ] --END-- [ RunTime:0.001432s ]
NOTIC: [8] Constant UC_CLIENT_VERSION already defined D:\wwwroot\mainweb\sdk\api\UcApi\Lib\Action\IndexAction.class.php 第 4 行.
NOTIC: [8] Constant UC_CLIENT_RELEASE already defined D:\wwwroot\mainweb\sdk\api\UcApi\Lib\Action\IndexAction.class.php 第 5 行.
NOTIC: [2048] Only variables should be passed by reference D:\wwwroot\mainweb\sdk\api\UcApi\Lib\Action\IndexAction.class.php 第 63 行.
NOTIC: [8] Constant API_RETURN_FAILED already defined D:\wwwroot\mainweb\sdk\uc_client\model\note.php 第 16 行.
SQL: SHOW COLUMNS FROM `sdk_accounts` [ RunTime:0.002059s ]
SQL: SELECT * FROM `sdk_accounts` WHERE ( `account_id` = 2203 ) LIMIT 1   [ RunTime:0.000389s ]

[ 2013-06-20T15:07:49+08:00 ] 192.168.192.18 /api/uc.php?time=1371712069&code=3f8c893ygWJDPDy%2FfhOOuEA2EgU%2F%2FgQVf3C6GHMDqq4roVdnn%2F1cyFRPo82DqchUOGgIwxE9J7GOscxqTdNryKBK8hTfV2NoZjSS32LSl0fdgjZ47SI12fIPQ9pkMf5Y2MDDQINIlSnkojL3dKjZ2UeEApmqpapAs%2FP34%2F2Q1Q
INFO: [ app_begin ] --START--
INFO: Run ReadHtmlCache Behavior [ RunTime:0.001869s ]
INFO: [ app_begin ] --END-- [ RunTime:0.001963s ]
NOTIC: [8] Constant UC_CLIENT_VERSION already defined D:\wwwroot\mainweb\sdk\api\UcApi\Lib\Action\IndexAction.class.php 第 4 行.
NOTIC: [8] Constant UC_CLIENT_RELEASE already defined D:\wwwroot\mainweb\sdk\api\UcApi\Lib\Action\IndexAction.class.php 第 5 行.
NOTIC: [2048] Only variables should be passed by reference D:\wwwroot\mainweb\sdk\api\UcApi\Lib\Action\IndexAction.class.php 第 63 行.
NOTIC: [8] Constant API_RETURN_FAILED already defined D:\wwwroot\mainweb\sdk\uc_client\model\note.php 第 16 行.
SQL: SHOW COLUMNS FROM `sdk_accounts` [ RunTime:0.002111s ]
SQL: SELECT * FROM `sdk_accounts` WHERE ( `account_id` = 833 ) LIMIT 1   [ RunTime:0.000593s ]

[ 2013-06-20T15:28:22+08:00 ] 192.168.192.65 /api/uc.php?time=1371713302&code=c69f3D%2FsKJvmrHSFPnWVxfVd8IbJTA0f4qv3txw86ZQHwZbaHoGshbZOcleNizndF3H8r5LgSIKnVfqSYaGc0urPq0L0XuHUEwcK%2FVNqOrqKVf8GuL7HL%2BZXSWCo0Vb6HMn8cHqpEisC9%2BVmmqCyeK7TFsB0LeSxZhZVuY6FGQ
INFO: [ app_begin ] --START--
INFO: Run ReadHtmlCache Behavior [ RunTime:0.001151s ]
INFO: [ app_begin ] --END-- [ RunTime:0.001247s ]
NOTIC: [8] Constant UC_CLIENT_VERSION already defined D:\wwwroot\mainweb\sdk\api\UcApi\Lib\Action\IndexAction.class.php 第 4 行.
NOTIC: [8] Constant UC_CLIENT_RELEASE already defined D:\wwwroot\mainweb\sdk\api\UcApi\Lib\Action\IndexAction.class.php 第 5 行.
NOTIC: [2048] Only variables should be passed by reference D:\wwwroot\mainweb\sdk\api\UcApi\Lib\Action\IndexAction.class.php 第 63 行.
NOTIC: [8] Constant API_RETURN_FAILED already defined D:\wwwroot\mainweb\sdk\uc_client\model\note.php 第 16 行.
SQL: SHOW COLUMNS FROM `sdk_accounts` [ RunTime:0.002320s ]
SQL: SELECT * FROM `sdk_accounts` WHERE ( `account_id` = 1817 ) LIMIT 1   [ RunTime:0.000474s ]

[ 2013-06-20T16:01:06+08:00 ] 192.168.138.23 /api/uc.php?time=1371715265&code=5af7SSP9nliMbyVdedeMmokIFN5yE9wqWy7Nm7VA%2F2eaeUCp6%2FrX6zz2UrE89Jm9ln%2BP6aFsCTAbBqE0gO03GUGHd1EYbxvS9wcWUtNkO0BNNBfANV5UxkHXORFgQ%2BV0R92E1AkdNAfK3LVyrXce7J0twlkBGdn2v%2BF7qWw85R4
INFO: [ app_begin ] --START--
INFO: Run ReadHtmlCache Behavior [ RunTime:0.001225s ]
INFO: [ app_begin ] --END-- [ RunTime:0.001322s ]
NOTIC: [8] Constant UC_CLIENT_VERSION already defined D:\wwwroot\mainweb\sdk\api\UcApi\Lib\Action\IndexAction.class.php 第 4 行.
NOTIC: [8] Constant UC_CLIENT_RELEASE already defined D:\wwwroot\mainweb\sdk\api\UcApi\Lib\Action\IndexAction.class.php 第 5 行.
NOTIC: [2048] Only variables should be passed by reference D:\wwwroot\mainweb\sdk\api\UcApi\Lib\Action\IndexAction.class.php 第 63 行.
NOTIC: [8] Constant API_RETURN_FAILED already defined D:\wwwroot\mainweb\sdk\uc_client\model\note.php 第 16 行.
SQL: SHOW COLUMNS FROM `sdk_accounts` [ RunTime:0.002520s ]
SQL: SELECT * FROM `sdk_accounts` WHERE ( `account_id` = 2011 ) LIMIT 1   [ RunTime:0.000540s ]

[ 2013-06-20T16:03:28+08:00 ] 192.168.201.72 /api/uc.php?time=1371715407&code=85de5qwLErA8PlHj7x9gQWxQ%2F60W5F0OHHcyy4bXgt64jvlMUfjE303Zq%2F%2Bpb%2FmjjQU7%2B5UZCty4EypM5I6LyQ3Gxrorg8EFj67Q%2FJRQ%2BFdcSltZz83mYzJDE%2BbpI29GkrIoQfrVv9cmcCs4rrahl0WxAoWo3MyCPQs7YWISVeI
INFO: [ app_begin ] --START--
INFO: Run ReadHtmlCache Behavior [ RunTime:0.001126s ]
INFO: [ app_begin ] --END-- [ RunTime:0.001223s ]
NOTIC: [8] Constant UC_CLIENT_VERSION already defined D:\wwwroot\mainweb\sdk\api\UcApi\Lib\Action\IndexAction.class.php 第 4 行.
NOTIC: [8] Constant UC_CLIENT_RELEASE already defined D:\wwwroot\mainweb\sdk\api\UcApi\Lib\Action\IndexAction.class.php 第 5 行.
NOTIC: [2048] Only variables should be passed by reference D:\wwwroot\mainweb\sdk\api\UcApi\Lib\Action\IndexAction.class.php 第 63 行.
NOTIC: [8] Constant API_RETURN_FAILED already defined D:\wwwroot\mainweb\sdk\uc_client\model\note.php 第 16 行.
SQL: SHOW COLUMNS FROM `sdk_accounts` [ RunTime:0.002339s ]
SQL: SELECT * FROM `sdk_accounts` WHERE ( `account_id` = 2017 ) LIMIT 1   [ RunTime:0.000236s ]

[ 2013-06-20T16:13:47+08:00 ] 192.168.146.74 /api/uc.php?time=1371716027&code=ef88ZsFvf1ED3AIdmFOpbqXQvouZl9pRu0dO%2BkvtKY2kqicMXL6dqOaF%2B2LJHFD%2BMYV%2BWcjS4lFjUhsSwopLiwb64%2FNw5xn1CmvSueXVUNFmXbEzZJO5onrBLNFw4KFcw%2B7FlpBtQmQXoCX6CMRK6ptkVimNsSIb5xogUrqkdw
INFO: [ app_begin ] --START--
INFO: Run ReadHtmlCache Behavior [ RunTime:0.001128s ]
INFO: [ app_begin ] --END-- [ RunTime:0.001222s ]
NOTIC: [8] Constant UC_CLIENT_VERSION already defined D:\wwwroot\mainweb\sdk\api\UcApi\Lib\Action\IndexAction.class.php 第 4 行.
NOTIC: [8] Constant UC_CLIENT_RELEASE already defined D:\wwwroot\mainweb\sdk\api\UcApi\Lib\Action\IndexAction.class.php 第 5 行.
NOTIC: [2048] Only variables should be passed by reference D:\wwwroot\mainweb\sdk\api\UcApi\Lib\Action\IndexAction.class.php 第 63 行.
NOTIC: [8] Constant API_RETURN_FAILED already defined D:\wwwroot\mainweb\sdk\uc_client\model\note.php 第 16 行.
SQL: SHOW COLUMNS FROM `sdk_accounts` [ RunTime:0.002524s ]
SQL: SELECT * FROM `sdk_accounts` WHERE ( `account_id` = 1510 ) LIMIT 1   [ RunTime:0.000363s ]

[ 2013-06-20T17:16:38+08:00 ] 192.168.192.208 /api/uc.php?time=1371719798&code=3e56mUNaOhe3nb1hjPGGIzZJ0e6DT5TgI9piBQc%2FCVF6Kx4A3SF2ci3gnl9jlU0NScHk5v%2FBD9u1hNcKvcIiMsN700Fja7Ro3AJVims38yKI9xNtsdoN3H31tu5tUkwrJLv898kQcOt3FZWfZr7doavxSDacWhZenpA7uHaq
INFO: [ app_begin ] --START--
INFO: Run ReadHtmlCache Behavior [ RunTime:0.001242s ]
INFO: [ app_begin ] --END-- [ RunTime:0.001336s ]
NOTIC: [8] Constant UC_CLIENT_VERSION already defined D:\wwwroot\mainweb\sdk\api\UcApi\Lib\Action\IndexAction.class.php 第 4 行.
NOTIC: [8] Constant UC_CLIENT_RELEASE already defined D:\wwwroot\mainweb\sdk\api\UcApi\Lib\Action\IndexAction.class.php 第 5 行.
NOTIC: [2048] Only variables should be passed by reference D:\wwwroot\mainweb\sdk\api\UcApi\Lib\Action\IndexAction.class.php 第 63 行.
NOTIC: [8] Constant API_RETURN_FAILED already defined D:\wwwroot\mainweb\sdk\uc_client\model\note.php 第 16 行.
SQL: SHOW COLUMNS FROM `sdk_accounts` [ RunTime:0.002050s ]
SQL: SELECT * FROM `sdk_accounts` WHERE ( `account_id` = 2226 ) LIMIT 1   [ RunTime:0.000523s ]

[ 2013-06-20T17:32:09+08:00 ] 192.168.158.137 /api/uc.php?time=1371720729&code=dd2bkZg5ePH2MgfZdzSGq271p1EIYZP0sHxeCfiVOyeo%2BO5thR1hUTeEBNryHQ%2F46pIxPn5FVNR%2FkKpdS2nDcDZL3dEG6KF0T7Q7eZWis1aocdE51SQrqn6Bt1BdIq%2B9gfEql6F2bzws82e3CteWwIpNPWRrEq0E5tsv2ew0R5D7aQ
INFO: [ app_begin ] --START--
INFO: Run ReadHtmlCache Behavior [ RunTime:0.001148s ]
INFO: [ app_begin ] --END-- [ RunTime:0.001244s ]
NOTIC: [8] Constant UC_CLIENT_VERSION already defined D:\wwwroot\mainweb\sdk\api\UcApi\Lib\Action\IndexAction.class.php 第 4 行.
NOTIC: [8] Constant UC_CLIENT_RELEASE already defined D:\wwwroot\mainweb\sdk\api\UcApi\Lib\Action\IndexAction.class.php 第 5 行.
NOTIC: [2048] Only variables should be passed by reference D:\wwwroot\mainweb\sdk\api\UcApi\Lib\Action\IndexAction.class.php 第 63 行.
NOTIC: [8] Constant API_RETURN_FAILED already defined D:\wwwroot\mainweb\sdk\uc_client\model\note.php 第 16 行.
SQL: SHOW COLUMNS FROM `sdk_accounts` [ RunTime:0.002370s ]
SQL: SELECT * FROM `sdk_accounts` WHERE ( `account_id` = 2171 ) LIMIT 1   [ RunTime:0.000643s ]

[ 2013-06-20T18:14:03+08:00 ] 192.168.204.15 /api/uc.php?time=1371723243&code=e3185V1s%2BCyW2Xw%2BuumWNP7A97A0QzjMJQPE03WCbEpywxTg0tHjJ258DX5q1aXlsZbrzdfdANCQKURDR2Hzw8LcPTGH7V0%2BGsZzhgzMgg9Gfllwseb53dI6zHZZzQqmq%2FpJ9ewyCfPAMQW%2B6fdRCCmXpGVjsh%2FuodXxkzZj
INFO: [ app_begin ] --START--
INFO: Run ReadHtmlCache Behavior [ RunTime:0.001280s ]
INFO: [ app_begin ] --END-- [ RunTime:0.001378s ]
NOTIC: [8] Constant UC_CLIENT_VERSION already defined D:\wwwroot\mainweb\sdk\api\UcApi\Lib\Action\IndexAction.class.php 第 4 行.
NOTIC: [8] Constant UC_CLIENT_RELEASE already defined D:\wwwroot\mainweb\sdk\api\UcApi\Lib\Action\IndexAction.class.php 第 5 行.
NOTIC: [2048] Only variables should be passed by reference D:\wwwroot\mainweb\sdk\api\UcApi\Lib\Action\IndexAction.class.php 第 63 行.
NOTIC: [8] Constant API_RETURN_FAILED already defined D:\wwwroot\mainweb\sdk\uc_client\model\note.php 第 16 行.
SQL: SHOW COLUMNS FROM `sdk_accounts` [ RunTime:0.002518s ]
SQL: SELECT * FROM `sdk_accounts` WHERE ( `account_id` = 520 ) LIMIT 1   [ RunTime:0.000229s ]

[ 2013-06-20T18:36:17+08:00 ] 192.168.140.205 /api/uc.php?time=1371724576&code=61ffnfRzVl07q%2F3gEk0OUPzL9vdGCTSQSqLYNslu%2FuBV0KjP9NtGs1VMKksZYOjl6UPLkh7p1XpJ32n38yoc7XUb9amZUZHhQUniRz39WU86YJ%2Bnk2bQtdYpgusjw6Fc%2FIGVCf4%2BkpvKvqOFnUJG8xurTmm6PElH2P4mvX8
INFO: [ app_begin ] --START--
INFO: Run ReadHtmlCache Behavior [ RunTime:0.001193s ]
INFO: [ app_begin ] --END-- [ RunTime:0.001289s ]
NOTIC: [8] Constant UC_CLIENT_VERSION already defined D:\wwwroot\mainweb\sdk\api\UcApi\Lib\Action\IndexAction.class.php 第 4 行.
NOTIC: [8] Constant UC_CLIENT_RELEASE already defined D:\wwwroot\mainweb\sdk\api\UcApi\Lib\Action\IndexAction.class.php 第 5 行.
NOTIC: [2048] Only variables should be passed by reference D:\wwwroot\mainweb\sdk\api\UcApi\Lib\Action\IndexAction.class.php 第 63 行.
NOTIC: [8] Constant API_RETURN_FAILED already defined D:\wwwroot\mainweb\sdk\uc_client\model\note.php 第 16 行.
SQL: SHOW COLUMNS FROM `sdk_accounts` [ RunTime:0.027399s ]
SQL: SELECT * FROM `sdk_accounts` WHERE ( `account_id` = 680 ) LIMIT 1   [ RunTime:0.000415s ]

[ 2013-06-20T18:55:19+08:00 ] 192.168.180.216 /api/uc.php?time=1371725719&code=134fMWYWES5ggjhziWSqa0D9ULFow8Cn1PV%2BDJSQpfVDxbDNgnPbebPkQOYAuUaO6bN%2BvMJqrDVxjYlyEyfHq1TEzXjNCvn4n%2FD5QWsBMTyenH6d5thg4I4ea5Az7E5HTvb4wQjhsRmf4EV2oUne6viGQ5yZu7ez72TurQ
INFO: [ app_begin ] --START--
INFO: Run ReadHtmlCache Behavior [ RunTime:0.001175s ]
INFO: [ app_begin ] --END-- [ RunTime:0.001270s ]
NOTIC: [8] Constant UC_CLIENT_VERSION already defined D:\wwwroot\mainweb\sdk\api\UcApi\Lib\Action\IndexAction.class.php 第 4 行.
NOTIC: [8] Constant UC_CLIENT_RELEASE already defined D:\wwwroot\mainweb\sdk\api\UcApi\Lib\Action\IndexAction.class.php 第 5 行.
NOTIC: [2048] Only variables should be passed by reference D:\wwwroot\mainweb\sdk\api\UcApi\Lib\Action\IndexAction.class.php 第 63 行.
NOTIC: [8] Constant API_RETURN_FAILED already defined D:\wwwroot\mainweb\sdk\uc_client\model\note.php 第 16 行.
SQL: SHOW COLUMNS FROM `sdk_accounts` [ RunTime:0.002073s ]
SQL: SELECT * FROM `sdk_accounts` WHERE ( `account_id` = 2083 ) LIMIT 1   [ RunTime:0.000472s ]

[ 2013-06-20T19:08:05+08:00 ] 192.168.180.215 /api/uc.php?time=1371726485&code=f3a9hvvLpEwQbYqADdslcOsx7%2BfFG%2Fd4ZysjXKhXulc67wdzgpdEP8KuWde1J5t31FWBIGwt%2BcAx8DFpCqtdU8Q%2F3lh6z%2F5sR5y1NJVtV7%2FRdQUSzh0aqWkdOnMkjCUjnlOORMwEJ64kMXWfaZX6Y9yn5x2oQ1Q4ccHKOpFL7q3%2FJJl2yShH
INFO: [ app_begin ] --START--
INFO: Run ReadHtmlCache Behavior [ RunTime:0.002352s ]
INFO: [ app_begin ] --END-- [ RunTime:0.002445s ]
NOTIC: [8] Constant UC_CLIENT_VERSION already defined D:\wwwroot\mainweb\sdk\api\UcApi\Lib\Action\IndexAction.class.php 第 4 行.
NOTIC: [8] Constant UC_CLIENT_RELEASE already defined D:\wwwroot\mainweb\sdk\api\UcApi\Lib\Action\IndexAction.class.php 第 5 行.
NOTIC: [2048] Only variables should be passed by reference D:\wwwroot\mainweb\sdk\api\UcApi\Lib\Action\IndexAction.class.php 第 63 行.
NOTIC: [8] Constant API_RETURN_FAILED already defined D:\wwwroot\mainweb\sdk\uc_client\model\note.php 第 16 行.
SQL: SHOW COLUMNS FROM `sdk_accounts` [ RunTime:0.002162s ]
SQL: SELECT * FROM `sdk_accounts` WHERE ( `account_id` = 165 ) LIMIT 1   [ RunTime:0.000458s ]

[ 2013-06-20T19:14:04+08:00 ] 192.168.153.85 /api/uc.php?time=1371726844&code=e637zr545tPwNOm4%2BU9yKCBV7GNrey6sGqEWhlhqtiVRIoCs839Sb9i0YfPtVmO8ABNJYGh5ihbxD2hBJdbjSxU6GsItbHYY9M4gy%2BvOBdSANtXPMEfw%2FHARTmYYAGxYIfYC%2BHugNR8mHQOCFVqBCpUkuMauNAkhHmay6yaC
INFO: [ app_begin ] --START--
INFO: Run ReadHtmlCache Behavior [ RunTime:0.001150s ]
INFO: [ app_begin ] --END-- [ RunTime:0.001244s ]
NOTIC: [8] Constant UC_CLIENT_VERSION already defined D:\wwwroot\mainweb\sdk\api\UcApi\Lib\Action\IndexAction.class.php 第 4 行.
NOTIC: [8] Constant UC_CLIENT_RELEASE already defined D:\wwwroot\mainweb\sdk\api\UcApi\Lib\Action\IndexAction.class.php 第 5 行.
NOTIC: [2048] Only variables should be passed by reference D:\wwwroot\mainweb\sdk\api\UcApi\Lib\Action\IndexAction.class.php 第 63 行.
NOTIC: [8] Constant API_RETURN_FAILED already defined D:\wwwroot\mainweb\sdk\uc_client\model\note.php 第 16 行.
SQL: SHOW COLUMNS FROM `sdk_accounts` [ RunTime:0.002774s ]
SQL: SELECT * FROM `sdk_accounts` WHERE ( `account_id` = 976 ) LIMIT 1   [ RunTime:0.000356s ]

[ 2013-06-20T20:22:06+08:00 ] 192.168.149.198 /api/uc.php?time=1371730919&code=154eeWXrKCreaJ2vj34T2YU0UiC8lUbiDD8Y%2FxIlLa1FshkyR7cUUKmrjChkJ7Rw%2BGBm%2BqHxn8T44r7%2F%2BxLjF5pJEzgCQQCh1R%2BBnwIMkUAVbVMqgL3dSrN1vju7KFZAWaJJLO8gTW0kRG7OLKg%2Bx2Jl4wdOqpBeEPkQIqfAJa9ebSqSoWI%2B7Q
INFO: [ app_begin ] --START--
INFO: Run ReadHtmlCache Behavior [ RunTime:0.001163s ]
INFO: [ app_begin ] --END-- [ RunTime:0.001257s ]
NOTIC: [8] Constant UC_CLIENT_VERSION already defined D:\wwwroot\mainweb\sdk\api\UcApi\Lib\Action\IndexAction.class.php 第 4 行.
NOTIC: [8] Constant UC_CLIENT_RELEASE already defined D:\wwwroot\mainweb\sdk\api\UcApi\Lib\Action\IndexAction.class.php 第 5 行.
NOTIC: [2048] Only variables should be passed by reference D:\wwwroot\mainweb\sdk\api\UcApi\Lib\Action\IndexAction.class.php 第 63 行.
NOTIC: [8] Constant API_RETURN_FAILED already defined D:\wwwroot\mainweb\sdk\uc_client\model\note.php 第 16 行.
SQL: SHOW COLUMNS FROM `sdk_accounts` [ RunTime:0.003473s ]
SQL: SELECT * FROM `sdk_accounts` WHERE ( `account_id` = 2121 ) LIMIT 1   [ RunTime:0.000438s ]

[ 2013-06-20T21:01:15+08:00 ] 192.168.201.155 /api/uc.php?time=1371733274&code=74c8ArNUJqfBlNAvte%2BfqZVkjMGXkaJinfTFQ9CGQQu8JBXGJBGYDEqpJiCWbX6X%2BRZIyBHb2aXFwQLiv4zGkjWaIxUiZD1jQGdK%2FvQfuTxPtRhotYf02SU86zpY18KS9SMtaXCH8fQtI2V5ZzBoKetKMuEnUDIlogT9w7hm4K7jC9FORZhzmQ
INFO: [ app_begin ] --START--
INFO: Run ReadHtmlCache Behavior [ RunTime:0.002515s ]
INFO: [ app_begin ] --END-- [ RunTime:0.002610s ]
NOTIC: [8] Constant UC_CLIENT_VERSION already defined D:\wwwroot\mainweb\sdk\api\UcApi\Lib\Action\IndexAction.class.php 第 4 行.
NOTIC: [8] Constant UC_CLIENT_RELEASE already defined D:\wwwroot\mainweb\sdk\api\UcApi\Lib\Action\IndexAction.class.php 第 5 行.
NOTIC: [2048] Only variables should be passed by reference D:\wwwroot\mainweb\sdk\api\UcApi\Lib\Action\IndexAction.class.php 第 63 行.
NOTIC: [8] Constant API_RETURN_FAILED already defined D:\wwwroot\mainweb\sdk\uc_client\model\note.php 第 16 行.
SQL: SHOW COLUMNS FROM `sdk_accounts` [ RunTime:0.001996s ]
SQL: SELECT * FROM `sdk_accounts` WHERE ( `account_id` = 1905 ) LIMIT 1   [ RunTime:0.000435s ]

[ 2013-06-20T21:09:29+08:00 ] 192.168.140.17 /api/uc.php?time=1371733769&code=267bo%2FSo0HFfycOk67OEReIdNT0co8NZwHjmx2MnNTpqe1XkT%2BIQtG2iPo9ZkSeYocre5mEGUKBrolMDaTQk%2FAIzDKF35kdCX%2F1TdoU0xNbkKW3hraPdiLvb6PqQVMhq1E5rK9xLsSc2aT6hsmcUuCXp9ii8MTOJIFQ2MgEhCoSxDA
INFO: [ app_begin ] --START--
INFO: Run ReadHtmlCache Behavior [ RunTime:0.001554s ]
INFO: [ app_begin ] --END-- [ RunTime:0.001651s ]
NOTIC: [8] Constant UC_CLIENT_VERSION already defined D:\wwwroot\mainweb\sdk\api\UcApi\Lib\Action\IndexAction.class.php 第 4 行.
NOTIC: [8] Constant UC_CLIENT_RELEASE already defined D:\wwwroot\mainweb\sdk\api\UcApi\Lib\Action\IndexAction.class.php 第 5 行.
NOTIC: [2048] Only variables should be passed by reference D:\wwwroot\mainweb\sdk\api\UcApi\Lib\Action\IndexAction.class.php 第 63 行.
NOTIC: [8] Constant API_RETURN_FAILED already defined D:\wwwroot\mainweb\sdk\uc_client\model\note.php 第 16 行.
SQL: SHOW COLUMNS FROM `sdk_accounts` [ RunTime:0.003406s ]
SQL: SELECT * FROM `sdk_accounts` WHERE ( `account_id` = 2203 ) LIMIT 1   [ RunTime:0.000388s ]

[ 2013-06-20T21:13:24+08:00 ] 192.168.174.149 /api/uc.php?time=1371734004&code=2745NHpJrDmlPlJsAiHMPob2ZzcKtQk3w9kBQnA8PoiiULzeINJANZ6DTFKmjgXCqMu8YU5GypJGfzvvDw
INFO: [ app_begin ] --START--
INFO: Run ReadHtmlCache Behavior [ RunTime:0.001206s ]
INFO: [ app_begin ] --END-- [ RunTime:0.001306s ]
NOTIC: [8] Constant UC_CLIENT_VERSION already defined D:\wwwroot\mainweb\sdk\api\UcApi\Lib\Action\IndexAction.class.php 第 4 行.
NOTIC: [8] Constant UC_CLIENT_RELEASE already defined D:\wwwroot\mainweb\sdk\api\UcApi\Lib\Action\IndexAction.class.php 第 5 行.
NOTIC: [2048] Only variables should be passed by reference D:\wwwroot\mainweb\sdk\api\UcApi\Lib\Action\IndexAction.class.php 第 63 行.

[ 2013-06-20T21:27:04+08:00 ] 192.168.151.15 /api/uc.php?time=1371734823&code=b813vNzzV5t2%2BTMBnrtIQD0Pg2TNsUrcFBfapgFDdKxTBXWn%2BkAw%2FWbfgqSg7uUegQMsq9oyagQNNhcmnPXk%2FLhNVp87dSFeODKkholnkBeJ%2FMDTTNBYaY5u%2FKxifp28PCBv8z9cQuv%2B5T4iGNz1Q9VBFU7dYQR7qTozACDFhA
INFO: [ app_begin ] --START--
INFO: Run ReadHtmlCache Behavior [ RunTime:0.001179s ]
INFO: [ app_begin ] --END-- [ RunTime:0.001275s ]
NOTIC: [8] Constant UC_CLIENT_VERSION already defined D:\wwwroot\mainweb\sdk\api\UcApi\Lib\Action\IndexAction.class.php 第 4 行.
NOTIC: [8] Constant UC_CLIENT_RELEASE already defined D:\wwwroot\mainweb\sdk\api\UcApi\Lib\Action\IndexAction.class.php 第 5 行.
NOTIC: [2048] Only variables should be passed by reference D:\wwwroot\mainweb\sdk\api\UcApi\Lib\Action\IndexAction.class.php 第 63 行.
NOTIC: [8] Constant API_RETURN_FAILED already defined D:\wwwroot\mainweb\sdk\uc_client\model\note.php 第 16 行.
SQL: SHOW COLUMNS FROM `sdk_accounts` [ RunTime:0.001904s ]
SQL: SELECT * FROM `sdk_accounts` WHERE ( `account_id` = 1786 ) LIMIT 1   [ RunTime:0.000476s ]

[ 2013-06-20T21:31:08+08:00 ] 192.168.203.217 /api/uc.php?time=1371735067&code=ecdfcAXFzIHkNkWLUxnqjbPsT4zEHlyQnlIPirM7BOwyASI1T1EFW02hHPPfINmrD3VVKVCNb20Xwnm%2BBbkO71fVNPUcj5rl6z%2FLnqjdgDVYgHzWCq1pceMWbZxZNPbS1z7QHz3fA7hqsrILcdAPfoDYfQOOsATrBQgzEDD3KB5As5HzfQ
INFO: [ app_begin ] --START--
INFO: Run ReadHtmlCache Behavior [ RunTime:0.001418s ]
INFO: [ app_begin ] --END-- [ RunTime:0.001513s ]
NOTIC: [8] Constant UC_CLIENT_VERSION already defined D:\wwwroot\mainweb\sdk\api\UcApi\Lib\Action\IndexAction.class.php 第 4 行.
NOTIC: [8] Constant UC_CLIENT_RELEASE already defined D:\wwwroot\mainweb\sdk\api\UcApi\Lib\Action\IndexAction.class.php 第 5 行.
NOTIC: [2048] Only variables should be passed by reference D:\wwwroot\mainweb\sdk\api\UcApi\Lib\Action\IndexAction.class.php 第 63 行.
NOTIC: [8] Constant API_RETURN_FAILED already defined D:\wwwroot\mainweb\sdk\uc_client\model\note.php 第 16 行.
SQL: SHOW COLUMNS FROM `sdk_accounts` [ RunTime:0.002038s ]
SQL: SELECT * FROM `sdk_accounts` WHERE ( `account_id` = 1912 ) LIMIT 1   [ RunTime:0.000437s ]

[ 2013-06-20T21:46:17+08:00 ] 183.3.164.169 /api/uc.php?time=1371735975&code=a635svn6wfluLEuRd%2F5FuCBfQ%2Bhvn1ZgbS1ONRo7GtKL0PhxmFcXYxr6SpePn71Q5hTPRYrK2TyM4%2BEBU7tjqlQ0lkHwAuZfE98hy4GfTzp0Y%2BIV3E9qdEqlgDehC%2FoomuwJG5QlorpEtMJ15ylPW%2BUSenMgYe6d2qkDzRe2oORVow
INFO: [ app_begin ] --START--
INFO: Run ReadHtmlCache Behavior [ RunTime:0.001145s ]
INFO: [ app_begin ] --END-- [ RunTime:0.001239s ]
NOTIC: [8] Constant UC_CLIENT_VERSION already defined D:\wwwroot\mainweb\sdk\api\UcApi\Lib\Action\IndexAction.class.php 第 4 行.
NOTIC: [8] Constant UC_CLIENT_RELEASE already defined D:\wwwroot\mainweb\sdk\api\UcApi\Lib\Action\IndexAction.class.php 第 5 行.
NOTIC: [2048] Only variables should be passed by reference D:\wwwroot\mainweb\sdk\api\UcApi\Lib\Action\IndexAction.class.php 第 63 行.
NOTIC: [8] Constant API_RETURN_FAILED already defined D:\wwwroot\mainweb\sdk\uc_client\model\note.php 第 16 行.
SQL: SHOW COLUMNS FROM `sdk_accounts` [ RunTime:0.002026s ]
SQL: SELECT * FROM `sdk_accounts` WHERE ( `account_id` = 1780 ) LIMIT 1   [ RunTime:0.000440s ]

[ 2013-06-20T22:15:38+08:00 ] 183.3.152.200 /api/uc.php?time=1371737738&code=7b3d0PGpeLFkYVWofk6qqmkuMBKqjV1jSTKAsSmBd73MGz4vqTydwI4aUdGD5V3BNndbHZ%2FiUsrObP4fPfXDqzb0aVgnOeKB5QC%2BrfJ3eJtuxj7sjQMyOxPX9LqzgZRCempWf7m%2F%2FzZ1X4boBEKT%2BdDR5kBOKMaCj%2BieBMkE
INFO: [ app_begin ] --START--
INFO: Run ReadHtmlCache Behavior [ RunTime:0.001153s ]
INFO: [ app_begin ] --END-- [ RunTime:0.001246s ]
NOTIC: [8] Constant UC_CLIENT_VERSION already defined D:\wwwroot\mainweb\sdk\api\UcApi\Lib\Action\IndexAction.class.php 第 4 行.
NOTIC: [8] Constant UC_CLIENT_RELEASE already defined D:\wwwroot\mainweb\sdk\api\UcApi\Lib\Action\IndexAction.class.php 第 5 行.
NOTIC: [2048] Only variables should be passed by reference D:\wwwroot\mainweb\sdk\api\UcApi\Lib\Action\IndexAction.class.php 第 63 行.
NOTIC: [8] Constant API_RETURN_FAILED already defined D:\wwwroot\mainweb\sdk\uc_client\model\note.php 第 16 行.
SQL: SHOW COLUMNS FROM `sdk_accounts` [ RunTime:0.001853s ]
SQL: SELECT * FROM `sdk_accounts` WHERE ( `account_id` = 558 ) LIMIT 1   [ RunTime:0.000273s ]

[ 2013-06-20T22:22:41+08:00 ] 192.168.178.226 /api/uc.php?time=1371738160&code=dc26LSA1lhfqnn2%2FOQUYwQiFbCqGtrsKOZNPXbK4FQfOTko%2FhJlR2sivgbRkAQKHWoFV1OFse2ohuXGSmMSoev99Fk5APkAmpTT9LUWl0PQ0gkdIOpJ6wwlP6scFc7XULYNS9G42abvhqxmUfEQLbIjRM0nO30IuitmPuNXb3RS6SeZhsAelvw
INFO: [ app_begin ] --START--
INFO: Run ReadHtmlCache Behavior [ RunTime:0.002263s ]
INFO: [ app_begin ] --END-- [ RunTime:0.002357s ]
NOTIC: [8] Constant UC_CLIENT_VERSION already defined D:\wwwroot\mainweb\sdk\api\UcApi\Lib\Action\IndexAction.class.php 第 4 行.
NOTIC: [8] Constant UC_CLIENT_RELEASE already defined D:\wwwroot\mainweb\sdk\api\UcApi\Lib\Action\IndexAction.class.php 第 5 行.
NOTIC: [2048] Only variables should be passed by reference D:\wwwroot\mainweb\sdk\api\UcApi\Lib\Action\IndexAction.class.php 第 63 行.
NOTIC: [8] Constant API_RETURN_FAILED already defined D:\wwwroot\mainweb\sdk\uc_client\model\note.php 第 16 行.
SQL: SHOW COLUMNS FROM `sdk_accounts` [ RunTime:0.001959s ]
SQL: SELECT * FROM `sdk_accounts` WHERE ( `account_id` = 1644 ) LIMIT 1   [ RunTime:0.000438s ]

[ 2013-06-20T22:30:39+08:00 ] 192.168.233.28 /api/uc.php?time=1371738639&code=507fpCxJKWCcWFZI1tbWqR9H6giMTRlwjfkD%2BHmBxyVMtsyRVWZ5GIlHmp1ipOSs3K2V2iIfA2Obk3bhp1L0OlRztT2cijtpQlp%2BDAFGnqLfK3m9XpfufJ0q9TtFVwY9UMzsgYap8rUKbbX9bQMCu54uRA2da4R5%2BAR7J1U
INFO: [ app_begin ] --START--
INFO: Run ReadHtmlCache Behavior [ RunTime:0.001126s ]
INFO: [ app_begin ] --END-- [ RunTime:0.001219s ]
NOTIC: [8] Constant UC_CLIENT_VERSION already defined D:\wwwroot\mainweb\sdk\api\UcApi\Lib\Action\IndexAction.class.php 第 4 行.
NOTIC: [8] Constant UC_CLIENT_RELEASE already defined D:\wwwroot\mainweb\sdk\api\UcApi\Lib\Action\IndexAction.class.php 第 5 行.
NOTIC: [2048] Only variables should be passed by reference D:\wwwroot\mainweb\sdk\api\UcApi\Lib\Action\IndexAction.class.php 第 63 行.
NOTIC: [8] Constant API_RETURN_FAILED already defined D:\wwwroot\mainweb\sdk\uc_client\model\note.php 第 16 行.
SQL: SHOW COLUMNS FROM `sdk_accounts` [ RunTime:0.001882s ]
SQL: SELECT * FROM `sdk_accounts` WHERE ( `account_id` = 218 ) LIMIT 1   [ RunTime:0.000621s ]

[ 2013-06-20T22:31:51+08:00 ] 202.116.194.10 /api/uc.php?time=1371738711&code=b91fYbYfhcH%2F0oxM3Q5FydhrjWFAx%2FcfK1bFmw9YtCg44oQR8dcRxCN3u2UYwiMuxbAWntzQyBlxKsHz9kNo68LlWcdON4fJw%2FQfY86jEnwgzAkZYG3MJ8SqeXdvC%2BBrP4sHJv%2FhB2eZU7Hhxf1l5MrLfoZk87Fo99TDJyCIDg
INFO: [ app_begin ] --START--
INFO: Run ReadHtmlCache Behavior [ RunTime:0.001147s ]
INFO: [ app_begin ] --END-- [ RunTime:0.001240s ]
NOTIC: [8] Constant UC_CLIENT_VERSION already defined D:\wwwroot\mainweb\sdk\api\UcApi\Lib\Action\IndexAction.class.php 第 4 行.
NOTIC: [8] Constant UC_CLIENT_RELEASE already defined D:\wwwroot\mainweb\sdk\api\UcApi\Lib\Action\IndexAction.class.php 第 5 行.
NOTIC: [2048] Only variables should be passed by reference D:\wwwroot\mainweb\sdk\api\UcApi\Lib\Action\IndexAction.class.php 第 63 行.
NOTIC: [8] Constant API_RETURN_FAILED already defined D:\wwwroot\mainweb\sdk\uc_client\model\note.php 第 16 行.
SQL: SHOW COLUMNS FROM `sdk_accounts` [ RunTime:0.002210s ]
SQL: SELECT * FROM `sdk_accounts` WHERE ( `account_id` = 420 ) LIMIT 1   [ RunTime:0.000495s ]

[ 2013-06-20T22:33:08+08:00 ] 192.168.233.28 /api/uc.php?time=1371738788&code=55aclPY5wvl2VPlcZfSzXEmPaiAW7XzYD87N9dsWV1%2BIFq1FbW%2BQrTo4ALBG9dxWGrvqDtSBwVGfQ8ffHXdaB787A7QyIWdVeC2bR2ccnr%2FGAy4gG6ww7Bit3Sm0TSX1i4OOKAtECLNvBUw8WLf7kE%2BGJSLR%2BmznfEkxpXZjH%2Bw%2BQg
INFO: [ app_begin ] --START--
INFO: Run ReadHtmlCache Behavior [ RunTime:0.001403s ]
INFO: [ app_begin ] --END-- [ RunTime:0.001503s ]
NOTIC: [8] Constant UC_CLIENT_VERSION already defined D:\wwwroot\mainweb\sdk\api\UcApi\Lib\Action\IndexAction.class.php 第 4 行.
NOTIC: [8] Constant UC_CLIENT_RELEASE already defined D:\wwwroot\mainweb\sdk\api\UcApi\Lib\Action\IndexAction.class.php 第 5 行.
NOTIC: [2048] Only variables should be passed by reference D:\wwwroot\mainweb\sdk\api\UcApi\Lib\Action\IndexAction.class.php 第 63 行.
NOTIC: [8] Constant API_RETURN_FAILED already defined D:\wwwroot\mainweb\sdk\uc_client\model\note.php 第 16 行.
SQL: SHOW COLUMNS FROM `sdk_accounts` [ RunTime:0.001917s ]
SQL: SELECT * FROM `sdk_accounts` WHERE ( `account_id` = 2337 ) LIMIT 1   [ RunTime:0.000296s ]
SQL: INSERT INTO `sdk_accounts` (`account_id`,`user_name`,`email`,`password`,`reg_time`) VALUES (2337,'车头灯','DonLuMillion@gmail.com','4a465d273323b234f3c0e50f9cb6c809b0e6d327',1371738788) [ RunTime:0.003577s ]

[ 2013-06-20T22:34:52+08:00 ] 192.168.233.28 /api/uc.php?time=1371738892&code=4479eYUkkfwbQK0AR8pbr%2BTveZwaDkLpSOPsT9IUZBHhZLF%2FmmXDFRDsVgj%2BQhYAYlbK%2Fe%2FmXHDowiM4eQ
INFO: [ app_begin ] --START--
INFO: Run ReadHtmlCache Behavior [ RunTime:0.001115s ]
INFO: [ app_begin ] --END-- [ RunTime:0.001211s ]
NOTIC: [8] Constant UC_CLIENT_VERSION already defined D:\wwwroot\mainweb\sdk\api\UcApi\Lib\Action\IndexAction.class.php 第 4 行.
NOTIC: [8] Constant UC_CLIENT_RELEASE already defined D:\wwwroot\mainweb\sdk\api\UcApi\Lib\Action\IndexAction.class.php 第 5 行.
NOTIC: [2048] Only variables should be passed by reference D:\wwwroot\mainweb\sdk\api\UcApi\Lib\Action\IndexAction.class.php 第 63 行.

[ 2013-06-20T22:35:14+08:00 ] 202.116.192.50 /api/uc.php?code=ffd5Y%2FZ2tuy6sHPjCa8TRs3EK83Dj9VgSOKedlE0J%2BXNyRBfYBrMppgzNZY7SADrXXjFj8D5rxWcZ05lWExV3cwpTQfFZqyiMoXOM6c%2BZPlrZHC%2F3O0GcVoPqRQyA%2FZKJhgFBlDt8F%2FVCSD7zXPldowDDTo&__times__=1
INFO: [ app_begin ] --START--
INFO: Run ReadHtmlCache Behavior [ RunTime:0.001146s ]
INFO: [ app_begin ] --END-- [ RunTime:0.001241s ]
NOTIC: [8] Constant UC_CLIENT_VERSION already defined D:\wwwroot\mainweb\sdk\api\UcApi\Lib\Action\IndexAction.class.php 第 4 行.
NOTIC: [8] Constant UC_CLIENT_RELEASE already defined D:\wwwroot\mainweb\sdk\api\UcApi\Lib\Action\IndexAction.class.php 第 5 行.
NOTIC: [2048] Only variables should be passed by reference D:\wwwroot\mainweb\sdk\api\UcApi\Lib\Action\IndexAction.class.php 第 63 行.

[ 2013-06-20T22:35:43+08:00 ] 192.168.233.28 /api/uc.php?time=1371738942&code=f676wp5Vlz48AOefYYylUloLJ%2BM1o0FhW0RS7RfZiBMKydRhvQbL3Jif5fQSwVeeNRmvTrUzx%2Bk12OR%2BRbWU8Y%2FHvE5%2BG4fAugVx2O5ITa2bwrh6MUab%2BC2XTAO6A7n20wZcXM4oDCpFZdpwBDP63Yc%2F76BY4f5UVdKkNI%2B%2BWR3tElMBAA
INFO: [ app_begin ] --START--
INFO: Run ReadHtmlCache Behavior [ RunTime:0.001123s ]
INFO: [ app_begin ] --END-- [ RunTime:0.001225s ]
NOTIC: [8] Constant UC_CLIENT_VERSION already defined D:\wwwroot\mainweb\sdk\api\UcApi\Lib\Action\IndexAction.class.php 第 4 行.
NOTIC: [8] Constant UC_CLIENT_RELEASE already defined D:\wwwroot\mainweb\sdk\api\UcApi\Lib\Action\IndexAction.class.php 第 5 行.
NOTIC: [2048] Only variables should be passed by reference D:\wwwroot\mainweb\sdk\api\UcApi\Lib\Action\IndexAction.class.php 第 63 行.
NOTIC: [8] Constant API_RETURN_FAILED already defined D:\wwwroot\mainweb\sdk\uc_client\model\note.php 第 16 行.
SQL: SHOW COLUMNS FROM `sdk_accounts` [ RunTime:0.001995s ]
SQL: SELECT * FROM `sdk_accounts` WHERE ( `account_id` = 2337 ) LIMIT 1   [ RunTime:0.000604s ]

[ 2013-06-20T22:36:25+08:00 ] 192.168.193.8 /api/uc.php?time=1371738984&code=12caOPKLvdFRGipXUT%2FTeWERtRCcIBZUdzZmPIM8cqElzTABvMD2VtszXNV6lEUFF8n65MgwPjn%2B6uL9y0Vw4PtME4kA0VBao5IqVlJGoqaazcxYl9mtcM8I2RcyeU5M37A%2BAzR9UcxlIXZimTi3MTQ1QvH9Mw3rlmhO6DCP6WPKvg
INFO: [ app_begin ] --START--
INFO: Run ReadHtmlCache Behavior [ RunTime:0.001893s ]
INFO: [ app_begin ] --END-- [ RunTime:0.001990s ]
NOTIC: [8] Constant UC_CLIENT_VERSION already defined D:\wwwroot\mainweb\sdk\api\UcApi\Lib\Action\IndexAction.class.php 第 4 行.
NOTIC: [8] Constant UC_CLIENT_RELEASE already defined D:\wwwroot\mainweb\sdk\api\UcApi\Lib\Action\IndexAction.class.php 第 5 行.
NOTIC: [2048] Only variables should be passed by reference D:\wwwroot\mainweb\sdk\api\UcApi\Lib\Action\IndexAction.class.php 第 63 行.
NOTIC: [8] Constant API_RETURN_FAILED already defined D:\wwwroot\mainweb\sdk\uc_client\model\note.php 第 16 行.
SQL: SHOW COLUMNS FROM `sdk_accounts` [ RunTime:0.002179s ]
SQL: SELECT * FROM `sdk_accounts` WHERE ( `account_id` = 501 ) LIMIT 1   [ RunTime:0.000584s ]

[ 2013-06-20T22:37:33+08:00 ] 192.168.164.73 /api/uc.php?time=1371739053&code=32bfOJfL25AaoA7GNwDTCCI2gY9tpUW2JxCkMsNUPv9udvzVQz2PLrmVorrh7OiFGHpCcslTKCvKV5CUsdofCDAk1iu3ZJAm7JdMQQoDaa51ocjcJLfrAokyKSMtp7mjLgKEH1Uoki2XjuDFBvvuhSHRdM%2BbYSe%2BfyRRMg
INFO: [ app_begin ] --START--
INFO: Run ReadHtmlCache Behavior [ RunTime:0.001110s ]
INFO: [ app_begin ] --END-- [ RunTime:0.001205s ]
NOTIC: [8] Constant UC_CLIENT_VERSION already defined D:\wwwroot\mainweb\sdk\api\UcApi\Lib\Action\IndexAction.class.php 第 4 行.
NOTIC: [8] Constant UC_CLIENT_RELEASE already defined D:\wwwroot\mainweb\sdk\api\UcApi\Lib\Action\IndexAction.class.php 第 5 行.
NOTIC: [2048] Only variables should be passed by reference D:\wwwroot\mainweb\sdk\api\UcApi\Lib\Action\IndexAction.class.php 第 63 行.
NOTIC: [8] Constant API_RETURN_FAILED already defined D:\wwwroot\mainweb\sdk\uc_client\model\note.php 第 16 行.
SQL: SHOW COLUMNS FROM `sdk_accounts` [ RunTime:0.002281s ]
SQL: SELECT * FROM `sdk_accounts` WHERE ( `account_id` = 1702 ) LIMIT 1   [ RunTime:0.000450s ]

[ 2013-06-20T22:38:41+08:00 ] 192.168.201.211 /api/uc.php?time=1371739121&code=2b609avBc73742aOLnSzRGUMFDLdCnbkc6FlqK9YkvBx4xfJkNQ2HmrZegpaqC8LJDh51qzj%2FEy%2BMmiomtX5Eu89OGUr%2BakFWLDLA5RiZ52cSFCVX4xaXfmsrS5DHyn32foj7y5xCHHSMKAZglOTKtGGIo%2BCI7CEM%2FXBkA
INFO: [ app_begin ] --START--
INFO: Run ReadHtmlCache Behavior [ RunTime:0.002199s ]
INFO: [ app_begin ] --END-- [ RunTime:0.002293s ]
NOTIC: [8] Constant UC_CLIENT_VERSION already defined D:\wwwroot\mainweb\sdk\api\UcApi\Lib\Action\IndexAction.class.php 第 4 行.
NOTIC: [8] Constant UC_CLIENT_RELEASE already defined D:\wwwroot\mainweb\sdk\api\UcApi\Lib\Action\IndexAction.class.php 第 5 行.
NOTIC: [2048] Only variables should be passed by reference D:\wwwroot\mainweb\sdk\api\UcApi\Lib\Action\IndexAction.class.php 第 63 行.
NOTIC: [8] Constant API_RETURN_FAILED already defined D:\wwwroot\mainweb\sdk\uc_client\model\note.php 第 16 行.
SQL: SHOW COLUMNS FROM `sdk_accounts` [ RunTime:0.001917s ]
SQL: SELECT * FROM `sdk_accounts` WHERE ( `account_id` = 1773 ) LIMIT 1   [ RunTime:0.000349s ]

[ 2013-06-20T22:40:39+08:00 ] 192.168.233.28 /api/uc.php?time=1371739239&code=a3445Fo2eMkivpLxmLTVuQaWLNN0i%2BLeByTEC%2F%2BER1oFMlxQySdqvtos9g5bBM2PGiBfDU7JuhXu4uiVqw
INFO: [ app_begin ] --START--
INFO: Run ReadHtmlCache Behavior [ RunTime:0.001233s ]
INFO: [ app_begin ] --END-- [ RunTime:0.002334s ]
NOTIC: [8] Constant UC_CLIENT_VERSION already defined D:\wwwroot\mainweb\sdk\api\UcApi\Lib\Action\IndexAction.class.php 第 4 行.
NOTIC: [8] Constant UC_CLIENT_RELEASE already defined D:\wwwroot\mainweb\sdk\api\UcApi\Lib\Action\IndexAction.class.php 第 5 行.
NOTIC: [2048] Only variables should be passed by reference D:\wwwroot\mainweb\sdk\api\UcApi\Lib\Action\IndexAction.class.php 第 63 行.

[ 2013-06-20T22:53:25+08:00 ] 192.168.180.224 /api/uc.php?time=1371740005&code=85a9P8%2FTpAS8m29FsKPoTGhizAnll2qlCkg%2BBDJa2EqLeyCIIZsdjZTuLwi12VCZDzjSLe%2BWSSCyae5HPszB858strDhNb49hS2347WVzCR%2BX1OLHsPBLuF6RWdK1E%2BDc8v5D5puMiekV8xcnkb9gbgm5TNFi0brNcupMQ
INFO: [ app_begin ] --START--
INFO: Run ReadHtmlCache Behavior [ RunTime:0.001143s ]
INFO: [ app_begin ] --END-- [ RunTime:0.001247s ]
NOTIC: [8] Constant UC_CLIENT_VERSION already defined D:\wwwroot\mainweb\sdk\api\UcApi\Lib\Action\IndexAction.class.php 第 4 行.
NOTIC: [8] Constant UC_CLIENT_RELEASE already defined D:\wwwroot\mainweb\sdk\api\UcApi\Lib\Action\IndexAction.class.php 第 5 行.
NOTIC: [2048] Only variables should be passed by reference D:\wwwroot\mainweb\sdk\api\UcApi\Lib\Action\IndexAction.class.php 第 63 行.
NOTIC: [8] Constant API_RETURN_FAILED already defined D:\wwwroot\mainweb\sdk\uc_client\model\note.php 第 16 行.
SQL: SHOW COLUMNS FROM `sdk_accounts` [ RunTime:0.002095s ]
SQL: SELECT * FROM `sdk_accounts` WHERE ( `account_id` = 2083 ) LIMIT 1   [ RunTime:0.000497s ]

[ 2013-06-20T23:02:56+08:00 ] 192.168.233.28 /api/uc.php?time=1371740576&code=3c056jtEjJqS183Q2eVsMdlKRCoI70dvmrCA1gzkDyInELerIMJwF9Sy50qmkdp4jmO4GIEIWMlQeWz5jwHK8q1Tr92LYt9EZ6fEQZe9E%2BF6tqYnVZO1ApcNJjeAeC0s3mdqmZn4cE337VxQ0ohwUENP0sdgmakUgLSuqs8lNNvoUVH9sQ
INFO: [ app_begin ] --START--
INFO: Run ReadHtmlCache Behavior [ RunTime:0.001133s ]
INFO: [ app_begin ] --END-- [ RunTime:0.001228s ]
NOTIC: [8] Constant UC_CLIENT_VERSION already defined D:\wwwroot\mainweb\sdk\api\UcApi\Lib\Action\IndexAction.class.php 第 4 行.
NOTIC: [8] Constant UC_CLIENT_RELEASE already defined D:\wwwroot\mainweb\sdk\api\UcApi\Lib\Action\IndexAction.class.php 第 5 行.
NOTIC: [2048] Only variables should be passed by reference D:\wwwroot\mainweb\sdk\api\UcApi\Lib\Action\IndexAction.class.php 第 63 行.
NOTIC: [8] Constant API_RETURN_FAILED already defined D:\wwwroot\mainweb\sdk\uc_client\model\note.php 第 16 行.
SQL: SHOW COLUMNS FROM `sdk_accounts` [ RunTime:0.002222s ]
SQL: SELECT * FROM `sdk_accounts` WHERE ( `account_id` = 2337 ) LIMIT 1   [ RunTime:0.000219s ]

[ 2013-06-20T23:14:47+08:00 ] 192.168.205.221 /api/uc.php?time=1371741286&code=ce8bLegwH1pprE6eRx7DHN%2Fjsx2gmcwnyUGHY7rwpqADHnxGn2m1vVrLSrJIM5YPl9lBLHJV%2BnkLpu9%2BSKot4qR4YUFkGCzUSxbzxQEhBfRa8OOwRmSWeRccamBBp9PHoDGy4J06r4FjiAN5UMoAb%2BJqn8J%2FfWcNwioDW6d6
INFO: [ app_begin ] --START--
INFO: Run ReadHtmlCache Behavior [ RunTime:0.001131s ]
INFO: [ app_begin ] --END-- [ RunTime:0.001241s ]
NOTIC: [8] Constant UC_CLIENT_VERSION already defined D:\wwwroot\mainweb\sdk\api\UcApi\Lib\Action\IndexAction.class.php 第 4 行.
NOTIC: [8] Constant UC_CLIENT_RELEASE already defined D:\wwwroot\mainweb\sdk\api\UcApi\Lib\Action\IndexAction.class.php 第 5 行.
NOTIC: [2048] Only variables should be passed by reference D:\wwwroot\mainweb\sdk\api\UcApi\Lib\Action\IndexAction.class.php 第 63 行.
NOTIC: [8] Constant API_RETURN_FAILED already defined D:\wwwroot\mainweb\sdk\uc_client\model\note.php 第 16 行.
SQL: SHOW COLUMNS FROM `sdk_accounts` [ RunTime:0.002225s ]
SQL: SELECT * FROM `sdk_accounts` WHERE ( `account_id` = 480 ) LIMIT 1   [ RunTime:0.000538s ]

[ 2013-06-20T23:17:12+08:00 ] 192.168.178.217 /api/uc.php?time=1371741432&code=12a3sGVeyQ94fibPkhalh2EXB%2BWkRJ1Avv22VL3my8Mi2C0LSCdTObNXBzRHkgA3KcLp4wQJyBFEQ4BLW3q2QM6%2FWlimoYe%2BD9h2n%2FyDOmqNZNnvel8MS5rw%2FyDXw0D%2F4yzk4tlSpHi1xkLQmlCyINQdhyCStM7Ckp4k3jipqBjZhg
INFO: [ app_begin ] --START--
INFO: Run ReadHtmlCache Behavior [ RunTime:0.001152s ]
INFO: [ app_begin ] --END-- [ RunTime:0.001247s ]
NOTIC: [8] Constant UC_CLIENT_VERSION already defined D:\wwwroot\mainweb\sdk\api\UcApi\Lib\Action\IndexAction.class.php 第 4 行.
NOTIC: [8] Constant UC_CLIENT_RELEASE already defined D:\wwwroot\mainweb\sdk\api\UcApi\Lib\Action\IndexAction.class.php 第 5 行.
NOTIC: [2048] Only variables should be passed by reference D:\wwwroot\mainweb\sdk\api\UcApi\Lib\Action\IndexAction.class.php 第 63 行.
NOTIC: [8] Constant API_RETURN_FAILED already defined D:\wwwroot\mainweb\sdk\uc_client\model\note.php 第 16 行.
SQL: SHOW COLUMNS FROM `sdk_accounts` [ RunTime:0.002297s ]
SQL: SELECT * FROM `sdk_accounts` WHERE ( `account_id` = 1591 ) LIMIT 1   [ RunTime:0.000512s ]

[ 2013-06-20T23:20:59+08:00 ] 192.168.162.163 /api/uc.php?time=1371741659&code=ee7088T3PI74O%2BESORq6BOg0gWdSArZAlgLGzzYtS%2B3v5F9%2FctWFIPnx7iJGjbBG4Ha27F9sRE8eeJOEhWcQ4oSLlX7Nkq%2FrMC3kcOp93TFb2jHsjnZ890ElkqsyoJY%2FRKuRPA6n3NnWFQAeXBTwwtQzBzGX8RiJEqy612unV3rT5kj%2B
INFO: [ app_begin ] --START--
INFO: Run ReadHtmlCache Behavior [ RunTime:0.001245s ]
INFO: [ app_begin ] --END-- [ RunTime:0.001341s ]
NOTIC: [8] Constant UC_CLIENT_VERSION already defined D:\wwwroot\mainweb\sdk\api\UcApi\Lib\Action\IndexAction.class.php 第 4 行.
NOTIC: [8] Constant UC_CLIENT_RELEASE already defined D:\wwwroot\mainweb\sdk\api\UcApi\Lib\Action\IndexAction.class.php 第 5 行.
NOTIC: [2048] Only variables should be passed by reference D:\wwwroot\mainweb\sdk\api\UcApi\Lib\Action\IndexAction.class.php 第 63 行.
NOTIC: [8] Constant API_RETURN_FAILED already defined D:\wwwroot\mainweb\sdk\uc_client\model\note.php 第 16 行.
SQL: SHOW COLUMNS FROM `sdk_accounts` [ RunTime:0.001889s ]
SQL: SELECT * FROM `sdk_accounts` WHERE ( `account_id` = 973 ) LIMIT 1   [ RunTime:0.000381s ]

[ 2013-06-20T23:27:22+08:00 ] 192.168.203.103 /api/uc.php?time=1371742042&code=80a8%2FARzLvcHfLNhnJ%2BNgj8rhJ1EsYvNnl7H1m3NJZaAsGuKH35ohsgHwQQkEYGLMOcvpxDsNS7iwh1kTbYpNneH5KjeyTFrwxB9HMp%2Bl0tpQr159JIo1tjOt%2BdQBonhYo1%2FITmflkFhRX7mDVFxSZnLMXCw4AfcanfrWg
INFO: [ app_begin ] --START--
INFO: Run ReadHtmlCache Behavior [ RunTime:0.001133s ]
INFO: [ app_begin ] --END-- [ RunTime:0.001228s ]
NOTIC: [8] Constant UC_CLIENT_VERSION already defined D:\wwwroot\mainweb\sdk\api\UcApi\Lib\Action\IndexAction.class.php 第 4 行.
NOTIC: [8] Constant UC_CLIENT_RELEASE already defined D:\wwwroot\mainweb\sdk\api\UcApi\Lib\Action\IndexAction.class.php 第 5 行.
NOTIC: [2048] Only variables should be passed by reference D:\wwwroot\mainweb\sdk\api\UcApi\Lib\Action\IndexAction.class.php 第 63 行.
NOTIC: [8] Constant API_RETURN_FAILED already defined D:\wwwroot\mainweb\sdk\uc_client\model\note.php 第 16 行.
SQL: SHOW COLUMNS FROM `sdk_accounts` [ RunTime:0.002113s ]
SQL: SELECT * FROM `sdk_accounts` WHERE ( `account_id` = 1520 ) LIMIT 1   [ RunTime:0.000526s ]

[ 2013-06-20T23:32:19+08:00 ] 192.168.205.3 /api/uc.php?time=1371742339&code=459eeDS55HM1%2B1tvS7Gvn2qglKheLGDAQCo5JgHlcXnz%2BjlmgjCdjs%2BTIa8XvH4FpLKtGSscfCai8lgWBgJxGKv%2B1Z6ahimdQ3GiSdgfC583c%2FLrjCMKr5VsfaZfhohYbWvGWtkg5YwmrfunXfQq3ddp7C5S3jKd5xy2DNJrB27JXWHgnw
INFO: [ app_begin ] --START--
INFO: Run ReadHtmlCache Behavior [ RunTime:0.001255s ]
INFO: [ app_begin ] --END-- [ RunTime:0.001382s ]
NOTIC: [8] Constant UC_CLIENT_VERSION already defined D:\wwwroot\mainweb\sdk\api\UcApi\Lib\Action\IndexAction.class.php 第 4 行.
NOTIC: [8] Constant UC_CLIENT_RELEASE already defined D:\wwwroot\mainweb\sdk\api\UcApi\Lib\Action\IndexAction.class.php 第 5 行.
NOTIC: [2048] Only variables should be passed by reference D:\wwwroot\mainweb\sdk\api\UcApi\Lib\Action\IndexAction.class.php 第 63 行.
NOTIC: [8] Constant API_RETURN_FAILED already defined D:\wwwroot\mainweb\sdk\uc_client\model\note.php 第 16 行.
SQL: SHOW COLUMNS FROM `sdk_accounts` [ RunTime:0.002185s ]
SQL: SELECT * FROM `sdk_accounts` WHERE ( `account_id` = 1460 ) LIMIT 1   [ RunTime:0.000777s ]

[ 2013-06-20T23:47:39+08:00 ] 192.168.151.208 /api/uc.php?time=1371743259&code=022fD7Cnntwrtu8xeuAcUhd%2B3kiiE668%2BRJ1ECnOCE%2Bt5fG5CodinLoUo2iA5rRPYt6s3a6tsjfWyl9i8InofSFoJCVBG8ULZ7i4jJ%2Fk8sFs%2FC%2FvUn4bELZqdc%2BYwG%2Btp7ddPFKkc7EErDTgxErtCytQ5FivPRWflUdfcS%2Bpo6Xl
INFO: [ app_begin ] --START--
INFO: Run ReadHtmlCache Behavior [ RunTime:0.001248s ]
INFO: [ app_begin ] --END-- [ RunTime:0.001377s ]
NOTIC: [8] Constant UC_CLIENT_VERSION already defined D:\wwwroot\mainweb\sdk\api\UcApi\Lib\Action\IndexAction.class.php 第 4 行.
NOTIC: [8] Constant UC_CLIENT_RELEASE already defined D:\wwwroot\mainweb\sdk\api\UcApi\Lib\Action\IndexAction.class.php 第 5 行.
NOTIC: [2048] Only variables should be passed by reference D:\wwwroot\mainweb\sdk\api\UcApi\Lib\Action\IndexAction.class.php 第 63 行.
NOTIC: [8] Constant API_RETURN_FAILED already defined D:\wwwroot\mainweb\sdk\uc_client\model\note.php 第 16 行.
SQL: SHOW COLUMNS FROM `sdk_accounts` [ RunTime:0.002468s ]
SQL: SELECT * FROM `sdk_accounts` WHERE ( `account_id` = 2039 ) LIMIT 1   [ RunTime:0.000509s ]

[ 2013-06-20T23:55:42+08:00 ] 183.3.164.99 /api/uc.php?time=1371743740&code=6a26NjHlxplmULMzEM7H4ImXkG6xcoNgES366HtRezLk9Ab%2FGPZE4dbsar1nKNeXec4gvmCYQuXCbnoJaK1j6NArvLuCykivGQWBD3Tv3BnGItDnjFQ46GkaJdyl%2BAzMFDNwvPyZePv6B%2FdX9ItVM58lFlvX24oNRxIZaVs
INFO: [ app_begin ] --START--
INFO: Run ReadHtmlCache Behavior [ RunTime:0.001134s ]
INFO: [ app_begin ] --END-- [ RunTime:0.001228s ]
NOTIC: [8] Constant UC_CLIENT_VERSION already defined D:\wwwroot\mainweb\sdk\api\UcApi\Lib\Action\IndexAction.class.php 第 4 行.
NOTIC: [8] Constant UC_CLIENT_RELEASE already defined D:\wwwroot\mainweb\sdk\api\UcApi\Lib\Action\IndexAction.class.php 第 5 行.
NOTIC: [2048] Only variables should be passed by reference D:\wwwroot\mainweb\sdk\api\UcApi\Lib\Action\IndexAction.class.php 第 63 行.
NOTIC: [8] Constant API_RETURN_FAILED already defined D:\wwwroot\mainweb\sdk\uc_client\model\note.php 第 16 行.
SQL: SHOW COLUMNS FROM `sdk_accounts` [ RunTime:0.001920s ]
SQL: SELECT * FROM `sdk_accounts` WHERE ( `account_id` = 884 ) LIMIT 1   [ RunTime:0.000504s ]

[ 2013-06-20T23:57:22+08:00 ] 101.226.33.204 /api/uc.php?time=1371742042&code=80a8%2FARzLvcHfLNhnJ%2BNgj8rhJ1EsYvNnl7H1m3NJZaAsGuKH35ohsgHwQQkEYGLMOcvpxDsNS7iwh1kTbYpNneH5KjeyTFrwxB9HMp%2Bl0tpQr159JIo1tjOt%2BdQBonhYo1%2FITmflkFhRX7mDVFxSZnLMXCw4AfcanfrWg
INFO: [ app_begin ] --START--
INFO: Run ReadHtmlCache Behavior [ RunTime:0.001156s ]
INFO: [ app_begin ] --END-- [ RunTime:0.001249s ]
NOTIC: [8] Constant UC_CLIENT_VERSION already defined D:\wwwroot\mainweb\sdk\api\UcApi\Lib\Action\IndexAction.class.php 第 4 行.
NOTIC: [8] Constant UC_CLIENT_RELEASE already defined D:\wwwroot\mainweb\sdk\api\UcApi\Lib\Action\IndexAction.class.php 第 5 行.
NOTIC: [2048] Only variables should be passed by reference D:\wwwroot\mainweb\sdk\api\UcApi\Lib\Action\IndexAction.class.php 第 63 行.
NOTIC: [8] Constant API_RETURN_FAILED already defined D:\wwwroot\mainweb\sdk\uc_client\model\note.php 第 16 行.
SQL: SHOW COLUMNS FROM `sdk_accounts` [ RunTime:0.001969s ]
SQL: SELECT * FROM `sdk_accounts` WHERE ( `account_id` = 1520 ) LIMIT 1   [ RunTime:0.000428s ]

[ 2013-06-20T23:58:53+08:00 ] 192.168.201.84 /api/uc.php?time=1371743933&code=20a39ILRKHpGXRVaBugNTgqNWEe9m%2FE06bm6wUu%2FC7cPg%2BSqfs2%2BHuxzuwRI%2FKS8MzSTYkPhE1y4N1TStG7ME%2Bxw4TI0v1U2fv0usO5n8HY9nFfuyaUwZktJehB5l2v9XDDLwEMkk4guVx5x632BDO6SI25442uobtJmOkaI
INFO: [ app_begin ] --START--
INFO: Run ReadHtmlCache Behavior [ RunTime:0.001550s ]
INFO: [ app_begin ] --END-- [ RunTime:0.001806s ]
NOTIC: [8] Constant UC_CLIENT_VERSION already defined D:\wwwroot\mainweb\sdk\api\UcApi\Lib\Action\IndexAction.class.php 第 4 行.
NOTIC: [8] Constant UC_CLIENT_RELEASE already defined D:\wwwroot\mainweb\sdk\api\UcApi\Lib\Action\IndexAction.class.php 第 5 行.
NOTIC: [2048] Only variables should be passed by reference D:\wwwroot\mainweb\sdk\api\UcApi\Lib\Action\IndexAction.class.php 第 63 行.
NOTIC: [8] Constant API_RETURN_FAILED already defined D:\wwwroot\mainweb\sdk\uc_client\model\note.php 第 16 行.
SQL: SHOW COLUMNS FROM `sdk_accounts` [ RunTime:0.002243s ]
SQL: SELECT * FROM `sdk_accounts` WHERE ( `account_id` = 158 ) LIMIT 1   [ RunTime:0.000308s ]

