[ 2013-07-30T16:44:05+08:00 ] 116.57.77.71 /api/uc.php?time=1375173845&code=82aeZypcNXxQSnTRvIZCvUVFC9fms5hrCqovsbdOD44n3LBZPB74cyQ30zvchWwF4EswIzUgwoYDZLRnbSPptfOfwzP4iDYYdhEXi1siZWaV%2FBeoNbvfriL2RqEjfDpVTbsAHWGskSuuZubvTCXJuu%2FlwqjPvZ0NPbaRjgoAdMTY
INFO: [ app_begin ] --START--
INFO: Run ReadHtmlCache Behavior [ RunTime:0.001325s ]
INFO: [ app_begin ] --END-- [ RunTime:0.001420s ]
NOTIC: [8] Constant UC_CLIENT_VERSION already defined D:\wwwroot\mainweb\sdk\api\UcApi\Lib\Action\IndexAction.class.php 第 4 行.
NOTIC: [8] Constant UC_CLIENT_RELEASE already defined D:\wwwroot\mainweb\sdk\api\UcApi\Lib\Action\IndexAction.class.php 第 5 行.
NOTIC: [2048] Only variables should be passed by reference D:\wwwroot\mainweb\sdk\api\UcApi\Lib\Action\IndexAction.class.php 第 63 行.
NOTIC: [8] Constant API_RETURN_FAILED already defined D:\wwwroot\mainweb\sdk\uc_client\model\note.php 第 16 行.
SQL: SHOW COLUMNS FROM `sdk_accounts` [ RunTime:0.002307s ]
SQL: SELECT * FROM `sdk_accounts` WHERE ( `account_id` = 2391 ) LIMIT 1   [ RunTime:0.000749s ]
SQL: INSERT INTO `sdk_accounts` (`account_id`,`user_name`,`email`,`password`,`reg_time`) VALUES (2391,'lovelife','784362820@qq.com','1dc3a93f3e047bacaf8e47a5ca9a185bbc928c48',1375173845) [ RunTime:0.002965s ]

[ 2013-07-30T16:45:46+08:00 ] 116.57.77.71 /api/uc.php?time=1375173946&code=efdd%2FT57XQGSO0kwaI3c2XZUleT6%2BDHJC%2FDGvYewCVoTu4az5SLz2Is3kAPqX%2B%2FD8J1q51FK0W544G%2Fbt%2BOBNjYCQhFBY%2B4ye2giehwWC2GCWiN88Pa6I1zdS6XCRFyTwWoqrv5yjDvpQM0F3c%2Fwoys%2FJL0zCRxT4YklinOWEGtP
INFO: [ app_begin ] --START--
INFO: Run ReadHtmlCache Behavior [ RunTime:0.001962s ]
INFO: [ app_begin ] --END-- [ RunTime:0.002058s ]
NOTIC: [8] Constant UC_CLIENT_VERSION already defined D:\wwwroot\mainweb\sdk\api\UcApi\Lib\Action\IndexAction.class.php 第 4 行.
NOTIC: [8] Constant UC_CLIENT_RELEASE already defined D:\wwwroot\mainweb\sdk\api\UcApi\Lib\Action\IndexAction.class.php 第 5 行.
NOTIC: [2048] Only variables should be passed by reference D:\wwwroot\mainweb\sdk\api\UcApi\Lib\Action\IndexAction.class.php 第 63 行.
NOTIC: [8] Constant API_RETURN_FAILED already defined D:\wwwroot\mainweb\sdk\uc_client\model\note.php 第 16 行.
SQL: SHOW COLUMNS FROM `sdk_accounts` [ RunTime:0.002071s ]
SQL: SELECT * FROM `sdk_accounts` WHERE ( `account_id` = 2391 ) LIMIT 1   [ RunTime:0.000298s ]

[ 2013-07-30T19:46:21+08:00 ] 192.168.178.193 /api/uc.php?time=1375184781&code=8b5cSWSE%2FFrnJM8lfvwGKTiz1%2Bp2OUX82LCnccNOtkmosmh5kmiWGUPE11VzjdTEYsOpmJ6NR%2FjDe%2BIrtEuAoEIIUpz1K1wVVesPLSUnWjI86DTv23jJd8Y8knXBmLxLSfCaDoRVsaxNN9acE5zGqrDY%2BlU%2BKRWAJd4tU24B4L%2Bk7%2BBU%2FzX9SA
INFO: [ app_begin ] --START--
INFO: Run ReadHtmlCache Behavior [ RunTime:0.001298s ]
INFO: [ app_begin ] --END-- [ RunTime:0.001390s ]
NOTIC: [8] Constant UC_CLIENT_VERSION already defined D:\wwwroot\mainweb\sdk\api\UcApi\Lib\Action\IndexAction.class.php 第 4 行.
NOTIC: [8] Constant UC_CLIENT_RELEASE already defined D:\wwwroot\mainweb\sdk\api\UcApi\Lib\Action\IndexAction.class.php 第 5 行.
NOTIC: [2048] Only variables should be passed by reference D:\wwwroot\mainweb\sdk\api\UcApi\Lib\Action\IndexAction.class.php 第 63 行.
NOTIC: [8] Constant API_RETURN_FAILED already defined D:\wwwroot\mainweb\sdk\uc_client\model\note.php 第 16 行.
SQL: SHOW COLUMNS FROM `sdk_accounts` [ RunTime:0.002431s ]
SQL: SELECT * FROM `sdk_accounts` WHERE ( `account_id` = 1900 ) LIMIT 1   [ RunTime:0.000501s ]

[ 2013-07-30T20:38:35+08:00 ] 192.168.192.4 /api/uc.php?time=1375187914&code=3fbehvb2%2FViYLXsbWbhK8bJLWn3%2FtMVSp0rhsPXMoHjS5CDckz9qDO8D1PqDlICwIIwIbL0RNEsXS7Hhu6IV1qpN5N%2BZyEu%2FiEWg1RGRhhus%2BKjKV%2FO7EIVnlZigXlOQTXqlyj3DR1fLju%2BBn85dpZbCoJgtF1rm9cgj6VU
INFO: [ app_begin ] --START--
INFO: Run ReadHtmlCache Behavior [ RunTime:0.001337s ]
INFO: [ app_begin ] --END-- [ RunTime:0.001431s ]
NOTIC: [8] Constant UC_CLIENT_VERSION already defined D:\wwwroot\mainweb\sdk\api\UcApi\Lib\Action\IndexAction.class.php 第 4 行.
NOTIC: [8] Constant UC_CLIENT_RELEASE already defined D:\wwwroot\mainweb\sdk\api\UcApi\Lib\Action\IndexAction.class.php 第 5 行.
NOTIC: [2048] Only variables should be passed by reference D:\wwwroot\mainweb\sdk\api\UcApi\Lib\Action\IndexAction.class.php 第 63 行.
NOTIC: [8] Constant API_RETURN_FAILED already defined D:\wwwroot\mainweb\sdk\uc_client\model\note.php 第 16 行.
SQL: SHOW COLUMNS FROM `sdk_accounts` [ RunTime:0.002127s ]
SQL: SELECT * FROM `sdk_accounts` WHERE ( `account_id` = 711 ) LIMIT 1   [ RunTime:0.000372s ]

[ 2013-07-30T23:11:25+08:00 ] 192.168.188.71 /api/uc.php?time=1375197084&code=e057b%2FqhQmGVDupi9yjgJStpUSyNmn5rVcHQSU8Wk9eWn3ZjMxA5CU2JazWNxLs2ECIN8Wj9dQSVF1r%2F2kNWAnuWMIkEARiWlj1EW9P2aywlS21J8bXrNMxvtPVG43zFbIWpTvUQHZSAnsX%2BvWtrUK%2BOyVM7Z3AbboWGZDId
INFO: [ app_begin ] --START--
INFO: Run ReadHtmlCache Behavior [ RunTime:0.001236s ]
INFO: [ app_begin ] --END-- [ RunTime:0.001330s ]
NOTIC: [8] Constant UC_CLIENT_VERSION already defined D:\wwwroot\mainweb\sdk\api\UcApi\Lib\Action\IndexAction.class.php 第 4 行.
NOTIC: [8] Constant UC_CLIENT_RELEASE already defined D:\wwwroot\mainweb\sdk\api\UcApi\Lib\Action\IndexAction.class.php 第 5 行.
NOTIC: [2048] Only variables should be passed by reference D:\wwwroot\mainweb\sdk\api\UcApi\Lib\Action\IndexAction.class.php 第 63 行.
NOTIC: [8] Constant API_RETURN_FAILED already defined D:\wwwroot\mainweb\sdk\uc_client\model\note.php 第 16 行.
SQL: SHOW COLUMNS FROM `sdk_accounts` [ RunTime:0.002335s ]
SQL: SELECT * FROM `sdk_accounts` WHERE ( `account_id` = 2387 ) LIMIT 1   [ RunTime:0.000512s ]

