[ 2013-07-21T22:12:48+08:00 ] 192.168.200.198 /api/uc.php?time=1374415968&code=acfaQx%2BZ4Y6bgwDoR6Ei0BobkjwJWi4WkyH%2FgzDMc%2BSQqv9VfecVQawwlNVN2Gd%2Bf8QHUMriRYWBGIQsFKlKD7E7xYAw7s6OAYE0%2FnNBWsEDrHiq%2F3J3pW60tYaOXYjZOdXikPe3SjL6v5wBfrDylg4mcwiE5hflv2NwvQUdUiU
INFO: [ app_begin ] --START--
INFO: Run ReadHtmlCache Behavior [ RunTime:0.001426s ]
INFO: [ app_begin ] --END-- [ RunTime:0.001526s ]
NOTIC: [8] Constant UC_CLIENT_VERSION already defined D:\wwwroot\mainweb\sdk\api\UcApi\Lib\Action\IndexAction.class.php 第 4 行.
NOTIC: [8] Constant UC_CLIENT_RELEASE already defined D:\wwwroot\mainweb\sdk\api\UcApi\Lib\Action\IndexAction.class.php 第 5 行.
NOTIC: [2048] Only variables should be passed by reference D:\wwwroot\mainweb\sdk\api\UcApi\Lib\Action\IndexAction.class.php 第 63 行.
NOTIC: [8] Constant API_RETURN_FAILED already defined D:\wwwroot\mainweb\sdk\uc_client\model\note.php 第 16 行.
SQL: SHOW COLUMNS FROM `sdk_accounts` [ RunTime:0.002526s ]
SQL: SELECT * FROM `sdk_accounts` WHERE ( `account_id` = 1797 ) LIMIT 1   [ RunTime:0.016931s ]

[ 2013-07-21T23:14:16+08:00 ] 192.168.182.90 /api/uc.php?time=1374419656&code=b634q0hHc5kBnvOW1%2FeHekMNgcErCjjlY3Bp4o%2BX7zhu0vXkEQkYNdRMINmHDXzUQMxdpRJoE8vAZvjLoFfhCSJ0QgJZ%2FYCK%2Fhn2x8w4fbsx2kauyncIOs2WSh68NJrAemsbCK8tAI7hyLd3vVgLxj%2BQjnIkeOoDngInzlv16GQD
INFO: [ app_begin ] --START--
INFO: Run ReadHtmlCache Behavior [ RunTime:0.001535s ]
INFO: [ app_begin ] --END-- [ RunTime:0.001655s ]
NOTIC: [8] Constant UC_CLIENT_VERSION already defined D:\wwwroot\mainweb\sdk\api\UcApi\Lib\Action\IndexAction.class.php 第 4 行.
NOTIC: [8] Constant UC_CLIENT_RELEASE already defined D:\wwwroot\mainweb\sdk\api\UcApi\Lib\Action\IndexAction.class.php 第 5 行.
NOTIC: [2048] Only variables should be passed by reference D:\wwwroot\mainweb\sdk\api\UcApi\Lib\Action\IndexAction.class.php 第 63 行.
NOTIC: [8] Constant API_RETURN_FAILED already defined D:\wwwroot\mainweb\sdk\uc_client\model\note.php 第 16 行.
SQL: SHOW COLUMNS FROM `sdk_accounts` [ RunTime:0.021828s ]
SQL: SELECT * FROM `sdk_accounts` WHERE ( `account_id` = 580 ) LIMIT 1   [ RunTime:0.000780s ]

