[ 2013-07-08T00:02:16+08:00 ] 192.168.166.35 /api/uc.php?time=1373212936&code=9c44RxboB2qjvtnNU5p4Y4JU1QhDjA5Hm1JSNmrzNAMH09LatKQqdMju%2B2YrtUqe0%2FJHJcPvhJHmSr59rHD9vKNfrdMxDPMpX7FsYV66NLBwkQkEoYAU1WC7OeM7XjBKnr8qIGuA%2Fvg2yRPDQuxEQsbN1HxERahYXTsH1snpuigl0cU
INFO: [ app_begin ] --START--
INFO: Run ReadHtmlCache Behavior [ RunTime:0.001570s ]
INFO: [ app_begin ] --END-- [ RunTime:0.001663s ]
NOTIC: [8] Constant UC_CLIENT_VERSION already defined D:\wwwroot\mainweb\sdk\api\UcApi\Lib\Action\IndexAction.class.php 第 4 行.
NOTIC: [8] Constant UC_CLIENT_RELEASE already defined D:\wwwroot\mainweb\sdk\api\UcApi\Lib\Action\IndexAction.class.php 第 5 行.
NOTIC: [2048] Only variables should be passed by reference D:\wwwroot\mainweb\sdk\api\UcApi\Lib\Action\IndexAction.class.php 第 63 行.
NOTIC: [8] Constant API_RETURN_FAILED already defined D:\wwwroot\mainweb\sdk\uc_client\model\note.php 第 16 行.
SQL: SHOW COLUMNS FROM `sdk_accounts` [ RunTime:0.002325s ]
SQL: SELECT * FROM `sdk_accounts` WHERE ( `account_id` = 2375 ) LIMIT 1   [ RunTime:0.000309s ]
SQL: INSERT INTO `sdk_accounts` (`account_id`,`user_name`,`email`,`password`,`reg_time`) VALUES (2375,'xzf3311458','492287520@qq.com','ab7dec0928237a94a1710d3c6e7141322fb0d1f5',1373212936) [ RunTime:0.002580s ]

[ 2013-07-08T00:03:00+08:00 ] 192.168.166.35 /api/uc.php?time=1373212979&code=32cbEzJzXv%2FqhRTn%2F%2FSnPFZd8sVaJ2%2Fn76XmJlCHigUauVKzfqI%2FXOIDJt5jvIyTX0kVhV9KZRCcNBOjmYETrslN%2BvEtDlz3AWdS4f6Phnv4CC57mbHhHXZSSjXHBYSdPaCn3caRe%2B%2Bxuo7dTpaQ%2Bom3b7b9GZuyfFde3amr0o99JQk
INFO: [ app_begin ] --START--
INFO: Run ReadHtmlCache Behavior [ RunTime:0.001128s ]
INFO: [ app_begin ] --END-- [ RunTime:0.001221s ]
NOTIC: [8] Constant UC_CLIENT_VERSION already defined D:\wwwroot\mainweb\sdk\api\UcApi\Lib\Action\IndexAction.class.php 第 4 行.
NOTIC: [8] Constant UC_CLIENT_RELEASE already defined D:\wwwroot\mainweb\sdk\api\UcApi\Lib\Action\IndexAction.class.php 第 5 行.
NOTIC: [2048] Only variables should be passed by reference D:\wwwroot\mainweb\sdk\api\UcApi\Lib\Action\IndexAction.class.php 第 63 行.
NOTIC: [8] Constant API_RETURN_FAILED already defined D:\wwwroot\mainweb\sdk\uc_client\model\note.php 第 16 行.
SQL: SHOW COLUMNS FROM `sdk_accounts` [ RunTime:0.002111s ]
SQL: SELECT * FROM `sdk_accounts` WHERE ( `account_id` = 2375 ) LIMIT 1   [ RunTime:0.000609s ]

[ 2013-07-08T07:52:58+08:00 ] 192.168.143.194 /api/uc.php?time=1373241177&code=b4ba0EEqH38BjLMiVx3ABI8teEc4J45UDNRxO4uvaAqEKequWyTRvuozRsc3dFltz%2FHodDW4%2FNT4wei8lGIZVpdC1DhHI10OfTJyrEN39SddELMTCgEXsoBjP90gbGV8YI3lURDaJ1a%2Fvp7CPB0msLOuU1XfdaRDfQZd6cai
INFO: [ app_begin ] --START--
INFO: Run ReadHtmlCache Behavior [ RunTime:0.001374s ]
INFO: [ app_begin ] --END-- [ RunTime:0.001468s ]
NOTIC: [8] Constant UC_CLIENT_VERSION already defined D:\wwwroot\mainweb\sdk\api\UcApi\Lib\Action\IndexAction.class.php 第 4 行.
NOTIC: [8] Constant UC_CLIENT_RELEASE already defined D:\wwwroot\mainweb\sdk\api\UcApi\Lib\Action\IndexAction.class.php 第 5 行.
NOTIC: [2048] Only variables should be passed by reference D:\wwwroot\mainweb\sdk\api\UcApi\Lib\Action\IndexAction.class.php 第 63 行.
NOTIC: [8] Constant API_RETURN_FAILED already defined D:\wwwroot\mainweb\sdk\uc_client\model\note.php 第 16 行.
SQL: SHOW COLUMNS FROM `sdk_accounts` [ RunTime:0.002273s ]
SQL: SELECT * FROM `sdk_accounts` WHERE ( `account_id` = 2046 ) LIMIT 1   [ RunTime:0.000491s ]

[ 2013-07-08T08:21:12+08:00 ] 192.168.132.136 /api/uc.php?time=1373242872&code=76f7FuQuV9HJ39Et%2FaLMk0vcLcbPIRuw36xjqsLYcyFzazbDGXktKefEX%2Fm3Q7YEqJiAsB%2BU5jmTdgwr4guZRiGr%2F9BJ45BNMdiI58krINqC55X%2BjPTmSPUF5u6kZz6aSeysoKbfJYaEFucBGv2J5mrPwIpLr95INp%2BsLqXqLZ0h
INFO: [ app_begin ] --START--
INFO: Run ReadHtmlCache Behavior [ RunTime:0.001588s ]
INFO: [ app_begin ] --END-- [ RunTime:0.001682s ]
NOTIC: [8] Constant UC_CLIENT_VERSION already defined D:\wwwroot\mainweb\sdk\api\UcApi\Lib\Action\IndexAction.class.php 第 4 行.
NOTIC: [8] Constant UC_CLIENT_RELEASE already defined D:\wwwroot\mainweb\sdk\api\UcApi\Lib\Action\IndexAction.class.php 第 5 行.
NOTIC: [2048] Only variables should be passed by reference D:\wwwroot\mainweb\sdk\api\UcApi\Lib\Action\IndexAction.class.php 第 63 行.
NOTIC: [8] Constant API_RETURN_FAILED already defined D:\wwwroot\mainweb\sdk\uc_client\model\note.php 第 16 行.
SQL: SHOW COLUMNS FROM `sdk_accounts` [ RunTime:0.002279s ]
SQL: SELECT * FROM `sdk_accounts` WHERE ( `account_id` = 1839 ) LIMIT 1   [ RunTime:0.000571s ]

[ 2013-07-08T08:29:12+08:00 ] 59.41.172.91 /api/uc.php?time=1373243351&code=2368As6H8hZ8WsLSp79ahGccooF5ejYVSUXHZ2JRFq5A1VyELQjSWeggMdoEmIVARb5mdq6eAShICBTIaoQXs9A2Qdqy3H%2BEQGeOweTroFYbRTxteizzWmdSLLREOjGgreL4PQOwZBu2hh9pHeLxr4cJjzXnho%2FQMaTeJMKM51wdEA
INFO: [ app_begin ] --START--
INFO: Run ReadHtmlCache Behavior [ RunTime:0.001239s ]
INFO: [ app_begin ] --END-- [ RunTime:0.001332s ]
NOTIC: [8] Constant UC_CLIENT_VERSION already defined D:\wwwroot\mainweb\sdk\api\UcApi\Lib\Action\IndexAction.class.php 第 4 行.
NOTIC: [8] Constant UC_CLIENT_RELEASE already defined D:\wwwroot\mainweb\sdk\api\UcApi\Lib\Action\IndexAction.class.php 第 5 行.
NOTIC: [2048] Only variables should be passed by reference D:\wwwroot\mainweb\sdk\api\UcApi\Lib\Action\IndexAction.class.php 第 63 行.
NOTIC: [8] Constant API_RETURN_FAILED already defined D:\wwwroot\mainweb\sdk\uc_client\model\note.php 第 16 行.
SQL: SHOW COLUMNS FROM `sdk_accounts` [ RunTime:0.002012s ]
SQL: SELECT * FROM `sdk_accounts` WHERE ( `account_id` = 1780 ) LIMIT 1   [ RunTime:0.000513s ]

[ 2013-07-08T11:50:42+08:00 ] 192.168.180.88 /api/uc.php?time=1373255442&code=56c2%2FUhmhwbM1SzyLlhiPU14Gz841mOgsCJxI5gJAaXzuoamI%2FvEoTc77PVoiC0d3fNV0V3vIS522pv1xkKP%2BIHRPjvrISUj3R8%2BqutwreloV8QKfijbC2vkGNiNr07bVaftOjiDtAZHUt9LnwxxXCmEYtFgsUMBo1qMhaFbyA
INFO: [ app_begin ] --START--
INFO: Run ReadHtmlCache Behavior [ RunTime:0.001551s ]
INFO: [ app_begin ] --END-- [ RunTime:0.001648s ]
NOTIC: [8] Constant UC_CLIENT_VERSION already defined D:\wwwroot\mainweb\sdk\api\UcApi\Lib\Action\IndexAction.class.php 第 4 行.
NOTIC: [8] Constant UC_CLIENT_RELEASE already defined D:\wwwroot\mainweb\sdk\api\UcApi\Lib\Action\IndexAction.class.php 第 5 行.
NOTIC: [2048] Only variables should be passed by reference D:\wwwroot\mainweb\sdk\api\UcApi\Lib\Action\IndexAction.class.php 第 63 行.
NOTIC: [8] Constant API_RETURN_FAILED already defined D:\wwwroot\mainweb\sdk\uc_client\model\note.php 第 16 行.
SQL: SHOW COLUMNS FROM `sdk_accounts` [ RunTime:0.002541s ]
SQL: SELECT * FROM `sdk_accounts` WHERE ( `account_id` = 844 ) LIMIT 1   [ RunTime:0.000484s ]

[ 2013-07-08T12:05:16+08:00 ] 192.168.158.213 /api/uc.php?time=1373256316&code=f364zmWqvLX5tEOcHdJRm526HAi0v1eDuwmIRev26ZeUBWRnxVDohq9IQcTIX0Je0fFAW06GEWHOAn1EplNTv6R1smDmvm4CcdKvDV1xbva%2FoH7OTNGW5Kcq69b%2FJao1BIvNNocIeXNM5no7SBblHdeADJy1%2FK58p1ljFBOS
INFO: [ app_begin ] --START--
INFO: Run ReadHtmlCache Behavior [ RunTime:0.001559s ]
INFO: [ app_begin ] --END-- [ RunTime:0.001653s ]
NOTIC: [8] Constant UC_CLIENT_VERSION already defined D:\wwwroot\mainweb\sdk\api\UcApi\Lib\Action\IndexAction.class.php 第 4 行.
NOTIC: [8] Constant UC_CLIENT_RELEASE already defined D:\wwwroot\mainweb\sdk\api\UcApi\Lib\Action\IndexAction.class.php 第 5 行.
NOTIC: [2048] Only variables should be passed by reference D:\wwwroot\mainweb\sdk\api\UcApi\Lib\Action\IndexAction.class.php 第 63 行.
NOTIC: [8] Constant API_RETURN_FAILED already defined D:\wwwroot\mainweb\sdk\uc_client\model\note.php 第 16 行.
SQL: SHOW COLUMNS FROM `sdk_accounts` [ RunTime:0.002076s ]
SQL: SELECT * FROM `sdk_accounts` WHERE ( `account_id` = 736 ) LIMIT 1   [ RunTime:0.000595s ]

[ 2013-07-08T13:55:03+08:00 ] 192.168.164.169 /api/uc.php?time=1373262903&code=5f3fg2zTN%2BDZ4vGKOfd1Ks1PMvRZh5q6z%2FBMvnhB4iF1LgNzd979Dikg61tQ%2Bd6kkgrFAKNQ%2BIB%2Ffqju7HEFIDTKak7fahVmWfHryW94obLv%2FRzGr1mJ2iWYWTYwC0D3DZlLZhTq7oggl1jqvj1K%2FBZCdjzGWlLRvVtefsnzUw
INFO: [ app_begin ] --START--
INFO: Run ReadHtmlCache Behavior [ RunTime:0.002944s ]
INFO: [ app_begin ] --END-- [ RunTime:0.003039s ]
NOTIC: [8] Constant UC_CLIENT_VERSION already defined D:\wwwroot\mainweb\sdk\api\UcApi\Lib\Action\IndexAction.class.php 第 4 行.
NOTIC: [8] Constant UC_CLIENT_RELEASE already defined D:\wwwroot\mainweb\sdk\api\UcApi\Lib\Action\IndexAction.class.php 第 5 行.
NOTIC: [2048] Only variables should be passed by reference D:\wwwroot\mainweb\sdk\api\UcApi\Lib\Action\IndexAction.class.php 第 63 行.
NOTIC: [8] Constant API_RETURN_FAILED already defined D:\wwwroot\mainweb\sdk\uc_client\model\note.php 第 16 行.
SQL: SHOW COLUMNS FROM `sdk_accounts` [ RunTime:0.002387s ]
SQL: SELECT * FROM `sdk_accounts` WHERE ( `account_id` = 1570 ) LIMIT 1   [ RunTime:0.000568s ]

[ 2013-07-08T15:02:30+08:00 ] 192.168.179.90 /api/uc.php?time=1373266950&code=b8491yrHXoV8ixm32CGGrkoj9vPthlK1dRk9QLR5ddobIr%2BNUbQbtHHwSYFxiLUFNyBLev%2BCvp7bhOLn5rOva7Sjbw2DiVshAKfBOQou6nseNwWQxEIdJoQdv5dvdiW0zCX%2BZSPGbB6jtETyFmJTqkp5U7nloKjImatA0SH8CH%2Bo
INFO: [ app_begin ] --START--
INFO: Run ReadHtmlCache Behavior [ RunTime:0.002031s ]
INFO: [ app_begin ] --END-- [ RunTime:0.002126s ]
NOTIC: [8] Constant UC_CLIENT_VERSION already defined D:\wwwroot\mainweb\sdk\api\UcApi\Lib\Action\IndexAction.class.php 第 4 行.
NOTIC: [8] Constant UC_CLIENT_RELEASE already defined D:\wwwroot\mainweb\sdk\api\UcApi\Lib\Action\IndexAction.class.php 第 5 行.
NOTIC: [2048] Only variables should be passed by reference D:\wwwroot\mainweb\sdk\api\UcApi\Lib\Action\IndexAction.class.php 第 63 行.
NOTIC: [8] Constant API_RETURN_FAILED already defined D:\wwwroot\mainweb\sdk\uc_client\model\note.php 第 16 行.
SQL: SHOW COLUMNS FROM `sdk_accounts` [ RunTime:0.002543s ]
SQL: SELECT * FROM `sdk_accounts` WHERE ( `account_id` = 2165 ) LIMIT 1   [ RunTime:0.000358s ]

[ 2013-07-08T16:03:44+08:00 ] 192.168.142.1 /api/uc.php?time=1373270624&code=93bbDSXZNjycimOhvcvsc3wMCUBwdoUZdhDKsEtfrL3AwhMM4xJfMbcHVcadSaCcYsGaRxU7aElOKOWbmCjld1xrqL7TWghxIFlKaacxwBgvKiPUOnsLLlwMydEm8MBpI4OfKQR12x2ZhV5elW1euzbcD83pqALNjFPOmQ
INFO: [ app_begin ] --START--
INFO: Run ReadHtmlCache Behavior [ RunTime:0.001247s ]
INFO: [ app_begin ] --END-- [ RunTime:0.001341s ]
NOTIC: [8] Constant UC_CLIENT_VERSION already defined D:\wwwroot\mainweb\sdk\api\UcApi\Lib\Action\IndexAction.class.php 第 4 行.
NOTIC: [8] Constant UC_CLIENT_RELEASE already defined D:\wwwroot\mainweb\sdk\api\UcApi\Lib\Action\IndexAction.class.php 第 5 行.
NOTIC: [2048] Only variables should be passed by reference D:\wwwroot\mainweb\sdk\api\UcApi\Lib\Action\IndexAction.class.php 第 63 行.
NOTIC: [8] Constant API_RETURN_FAILED already defined D:\wwwroot\mainweb\sdk\uc_client\model\note.php 第 16 行.
SQL: SHOW COLUMNS FROM `sdk_accounts` [ RunTime:0.002277s ]
SQL: SELECT * FROM `sdk_accounts` WHERE ( `account_id` = 659 ) LIMIT 1   [ RunTime:0.000617s ]

[ 2013-07-08T16:37:33+08:00 ] 192.168.131.14 /api/uc.php?time=1373272652&code=263bGrJfUDqxQxvr72diUIq9A49WZSbnaMtma7zBPAx8775Oe3ihp4W318cZfKQST2NN5ABVL%2BF0WRfvpqa2th6lU%2BcKSx7PGr%2BsuKRjIE5wYdS3av2NoljyGAWoqZuG2vdN0gyYhOWnHBRzMNuENdRHGCIP5j2F9nMMXp8
INFO: [ app_begin ] --START--
INFO: Run ReadHtmlCache Behavior [ RunTime:0.001246s ]
INFO: [ app_begin ] --END-- [ RunTime:0.001344s ]
NOTIC: [8] Constant UC_CLIENT_VERSION already defined D:\wwwroot\mainweb\sdk\api\UcApi\Lib\Action\IndexAction.class.php 第 4 行.
NOTIC: [8] Constant UC_CLIENT_RELEASE already defined D:\wwwroot\mainweb\sdk\api\UcApi\Lib\Action\IndexAction.class.php 第 5 行.
NOTIC: [2048] Only variables should be passed by reference D:\wwwroot\mainweb\sdk\api\UcApi\Lib\Action\IndexAction.class.php 第 63 行.
NOTIC: [8] Constant API_RETURN_FAILED already defined D:\wwwroot\mainweb\sdk\uc_client\model\note.php 第 16 行.
SQL: SHOW COLUMNS FROM `sdk_accounts` [ RunTime:0.002318s ]
SQL: SELECT * FROM `sdk_accounts` WHERE ( `account_id` = 683 ) LIMIT 1   [ RunTime:0.000347s ]

[ 2013-07-08T17:15:32+08:00 ] 183.3.191.3 /api/uc.php?time=1373274931&code=b541hicYG0VEucAZAFOF5MgnV9kKDg8swoChFGi7Spwa%2Bu%2Fp0A%2FlSKeMJ9pM8AvedJScFU%2BWn5KB12ReYiZkhCTwg90bLnc27Z%2BC5vnreJx9gRImxE7NC%2FjlEwloIBTqbaQtYcnwr1XQzG6FdZELtRTWBuICQOwaXDelVdAWBso
INFO: [ app_begin ] --START--
INFO: Run ReadHtmlCache Behavior [ RunTime:0.001287s ]
INFO: [ app_begin ] --END-- [ RunTime:0.001382s ]
NOTIC: [8] Constant UC_CLIENT_VERSION already defined D:\wwwroot\mainweb\sdk\api\UcApi\Lib\Action\IndexAction.class.php 第 4 行.
NOTIC: [8] Constant UC_CLIENT_RELEASE already defined D:\wwwroot\mainweb\sdk\api\UcApi\Lib\Action\IndexAction.class.php 第 5 行.
NOTIC: [2048] Only variables should be passed by reference D:\wwwroot\mainweb\sdk\api\UcApi\Lib\Action\IndexAction.class.php 第 63 行.
NOTIC: [8] Constant API_RETURN_FAILED already defined D:\wwwroot\mainweb\sdk\uc_client\model\note.php 第 16 行.
SQL: SHOW COLUMNS FROM `sdk_accounts` [ RunTime:0.002326s ]
SQL: SELECT * FROM `sdk_accounts` WHERE ( `account_id` = 2073 ) LIMIT 1   [ RunTime:0.000664s ]

[ 2013-07-08T19:34:30+08:00 ] 192.168.156.156 /api/uc.php?time=1373283270&code=6b3av3nQDwZeZ25S3L5WEbd5axGk6PeAD%2Bc0%2FGWR0dHCLKOvV4%2FjqAwJMRQjURzyodmTvgzS9LaaiJYZtTDFI4Mh7cWf%2FAIDek0hqkYFbM9tS%2FyFXm3o%2BceSNsFsJXkzAwZeZUxsU0cqN7AI0jPBBifq2qcS0DJahH%2F0CUtf%2Bcj7AA
INFO: [ app_begin ] --START--
INFO: Run ReadHtmlCache Behavior [ RunTime:0.001280s ]
INFO: [ app_begin ] --END-- [ RunTime:0.001375s ]
NOTIC: [8] Constant UC_CLIENT_VERSION already defined D:\wwwroot\mainweb\sdk\api\UcApi\Lib\Action\IndexAction.class.php 第 4 行.
NOTIC: [8] Constant UC_CLIENT_RELEASE already defined D:\wwwroot\mainweb\sdk\api\UcApi\Lib\Action\IndexAction.class.php 第 5 行.
NOTIC: [2048] Only variables should be passed by reference D:\wwwroot\mainweb\sdk\api\UcApi\Lib\Action\IndexAction.class.php 第 63 行.
NOTIC: [8] Constant API_RETURN_FAILED already defined D:\wwwroot\mainweb\sdk\uc_client\model\note.php 第 16 行.
SQL: SHOW COLUMNS FROM `sdk_accounts` [ RunTime:0.002334s ]
SQL: SELECT * FROM `sdk_accounts` WHERE ( `account_id` = 2376 ) LIMIT 1   [ RunTime:0.000330s ]
SQL: INSERT INTO `sdk_accounts` (`account_id`,`user_name`,`email`,`password`,`reg_time`) VALUES (2376,'liang0581','784001398@qq.com','721bfbba71c24fef031dd8d6f345ea4ca01f22c5',1373283270) [ RunTime:0.002513s ]

[ 2013-07-08T19:35:31+08:00 ] 192.168.193.193 /api/uc.php?time=1373283331&code=64b5m9MDm71GyOl%2BbH5Opo2GZO5O8Paj1OowlngTNY3ZvyRyBC6QYJwPu7U0RkD%2FkflkdRZ%2F3oBcHD4X5iIjU77feYLOOjm7VJsH7loBvJyA8lYhuKiPcP1DkD4ZoNBFFFnnQ0wsN1kjk2G1KQEflOu%2FxVInUuf20aT5i7g
INFO: [ app_begin ] --START--
INFO: Run ReadHtmlCache Behavior [ RunTime:0.001935s ]
INFO: [ app_begin ] --END-- [ RunTime:0.002027s ]
NOTIC: [8] Constant UC_CLIENT_VERSION already defined D:\wwwroot\mainweb\sdk\api\UcApi\Lib\Action\IndexAction.class.php 第 4 行.
NOTIC: [8] Constant UC_CLIENT_RELEASE already defined D:\wwwroot\mainweb\sdk\api\UcApi\Lib\Action\IndexAction.class.php 第 5 行.
NOTIC: [2048] Only variables should be passed by reference D:\wwwroot\mainweb\sdk\api\UcApi\Lib\Action\IndexAction.class.php 第 63 行.
NOTIC: [8] Constant API_RETURN_FAILED already defined D:\wwwroot\mainweb\sdk\uc_client\model\note.php 第 16 行.
SQL: SHOW COLUMNS FROM `sdk_accounts` [ RunTime:0.002050s ]
SQL: SELECT * FROM `sdk_accounts` WHERE ( `account_id` = 963 ) LIMIT 1   [ RunTime:0.000650s ]

[ 2013-07-08T19:36:11+08:00 ] 192.168.156.156 /api/uc.php?time=1373283371&code=8a37GF%2FAy5IIFjQxonNNJ2oNRPoPFnyi3SG8wHRxXuTRONYbZf%2Fxe%2Fme%2FsX2wnhCJigQPQdd681p9cvZKsD7hN3NqwLUEqKacAyhpG9%2Bf1z%2B6B65tv21r0FZLuY%2Bku6d1TrUJoE1oTwZVQuoQcVWwslsWdvDG1TmPjf5QMH6JlvLhg
INFO: [ app_begin ] --START--
INFO: Run ReadHtmlCache Behavior [ RunTime:0.001262s ]
INFO: [ app_begin ] --END-- [ RunTime:0.001358s ]
NOTIC: [8] Constant UC_CLIENT_VERSION already defined D:\wwwroot\mainweb\sdk\api\UcApi\Lib\Action\IndexAction.class.php 第 4 行.
NOTIC: [8] Constant UC_CLIENT_RELEASE already defined D:\wwwroot\mainweb\sdk\api\UcApi\Lib\Action\IndexAction.class.php 第 5 行.
NOTIC: [2048] Only variables should be passed by reference D:\wwwroot\mainweb\sdk\api\UcApi\Lib\Action\IndexAction.class.php 第 63 行.
NOTIC: [8] Constant API_RETURN_FAILED already defined D:\wwwroot\mainweb\sdk\uc_client\model\note.php 第 16 行.
SQL: SHOW COLUMNS FROM `sdk_accounts` [ RunTime:0.002026s ]
SQL: SELECT * FROM `sdk_accounts` WHERE ( `account_id` = 2376 ) LIMIT 1   [ RunTime:0.000423s ]

[ 2013-07-08T19:57:32+08:00 ] 192.168.158.136 /api/uc.php?time=1373284652&code=7388iFLWwkDAu%2BdspGsbDv1doNUDX%2BhuBffgkuwaTQQJC6PWNvbCiWdnGC3p6yMQ%2FYpHWn1J4jU4naTzvHk8aNNY6Wot%2FinH9UFZ%2FR3lfnioyWa7bj%2BtksGOC0co%2BUtcP258C9lQfOJK0hFvoFo5J7rQTxlGphdyXr70ixC9CA
INFO: [ app_begin ] --START--
INFO: Run ReadHtmlCache Behavior [ RunTime:0.001323s ]
INFO: [ app_begin ] --END-- [ RunTime:0.001419s ]
NOTIC: [8] Constant UC_CLIENT_VERSION already defined D:\wwwroot\mainweb\sdk\api\UcApi\Lib\Action\IndexAction.class.php 第 4 行.
NOTIC: [8] Constant UC_CLIENT_RELEASE already defined D:\wwwroot\mainweb\sdk\api\UcApi\Lib\Action\IndexAction.class.php 第 5 行.
NOTIC: [2048] Only variables should be passed by reference D:\wwwroot\mainweb\sdk\api\UcApi\Lib\Action\IndexAction.class.php 第 63 行.
NOTIC: [8] Constant API_RETURN_FAILED already defined D:\wwwroot\mainweb\sdk\uc_client\model\note.php 第 16 行.
SQL: SHOW COLUMNS FROM `sdk_accounts` [ RunTime:0.003410s ]
SQL: SELECT * FROM `sdk_accounts` WHERE ( `account_id` = 1035 ) LIMIT 1   [ RunTime:0.000639s ]

[ 2013-07-08T20:03:46+08:00 ] 192.168.201.75 /api/uc.php?time=1373285026&code=857eNtdycOgLJ7sWO2KSLAKSkkG%2BHvfmp8KrkG9Q5dp0uyKp4P2iIeC0NTcGiW%2BxFxaizocXMGohZhMRB8BwO5toXSWkSVuc%2FUv6SL1dpR2e85cDvvZnoMmPOLLtR9yDB9asPV1xWnmGX%2BPENZQTdxgOlayFNq0LxXSyhc%2Fi
INFO: [ app_begin ] --START--
INFO: Run ReadHtmlCache Behavior [ RunTime:0.001237s ]
INFO: [ app_begin ] --END-- [ RunTime:0.001332s ]
NOTIC: [8] Constant UC_CLIENT_VERSION already defined D:\wwwroot\mainweb\sdk\api\UcApi\Lib\Action\IndexAction.class.php 第 4 行.
NOTIC: [8] Constant UC_CLIENT_RELEASE already defined D:\wwwroot\mainweb\sdk\api\UcApi\Lib\Action\IndexAction.class.php 第 5 行.
NOTIC: [2048] Only variables should be passed by reference D:\wwwroot\mainweb\sdk\api\UcApi\Lib\Action\IndexAction.class.php 第 63 行.
NOTIC: [8] Constant API_RETURN_FAILED already defined D:\wwwroot\mainweb\sdk\uc_client\model\note.php 第 16 行.
SQL: SHOW COLUMNS FROM `sdk_accounts` [ RunTime:0.002025s ]
SQL: SELECT * FROM `sdk_accounts` WHERE ( `account_id` = 2130 ) LIMIT 1   [ RunTime:0.000426s ]

[ 2013-07-08T20:10:06+08:00 ] 202.104.68.226 /api/uc.php?time=1373285405&code=bcdfJjlgMGxBi1T82%2BBIactC5WIGRkUfo%2F6bxlau7sH5fjOUkff6a7G2fXbvZFK%2F2F3qjdVG49UukFi64jga81OiVjx8L4FJW8XW0yeqb6pjaxzgIW6TaMktyMLgxQGeFPgkBr9DdodV6%2BS8EZQdD4A6I1ll8UiHBNW4fNDOvzmD
INFO: [ app_begin ] --START--
INFO: Run ReadHtmlCache Behavior [ RunTime:0.001318s ]
INFO: [ app_begin ] --END-- [ RunTime:0.001412s ]
NOTIC: [8] Constant UC_CLIENT_VERSION already defined D:\wwwroot\mainweb\sdk\api\UcApi\Lib\Action\IndexAction.class.php 第 4 行.
NOTIC: [8] Constant UC_CLIENT_RELEASE already defined D:\wwwroot\mainweb\sdk\api\UcApi\Lib\Action\IndexAction.class.php 第 5 行.
NOTIC: [2048] Only variables should be passed by reference D:\wwwroot\mainweb\sdk\api\UcApi\Lib\Action\IndexAction.class.php 第 63 行.
NOTIC: [8] Constant API_RETURN_FAILED already defined D:\wwwroot\mainweb\sdk\uc_client\model\note.php 第 16 行.
SQL: SHOW COLUMNS FROM `sdk_accounts` [ RunTime:0.002149s ]
SQL: SELECT * FROM `sdk_accounts` WHERE ( `account_id` = 2377 ) LIMIT 1   [ RunTime:0.000270s ]
SQL: INSERT INTO `sdk_accounts` (`account_id`,`user_name`,`email`,`password`,`reg_time`) VALUES (2377,'surewang','me@surewang.com','339333b93cb41a0975ab58568f2bf45df346c062',1373285406) [ RunTime:0.000329s ]

[ 2013-07-08T20:47:09+08:00 ] 192.168.202.141 /api/uc.php?time=1373287629&code=d52emvYgixCTjPjDlwXnVcd7gdn5lbZPubgyetB5LVKDWwr65F5WkS5TwLHcALgS2sWcqVFoS0FMonHjiav3opD%2FpjDHMuIFVATP5NESWD4DTYXYifJ2TYDVV3GMJtRQTqrRyKvB%2FJocqkimPmm9%2Fv6w%2BrZaId6JhdIbvz4slUQG6zqH3UPRkg
INFO: [ app_begin ] --START--
INFO: Run ReadHtmlCache Behavior [ RunTime:0.002330s ]
INFO: [ app_begin ] --END-- [ RunTime:0.002424s ]
NOTIC: [8] Constant UC_CLIENT_VERSION already defined D:\wwwroot\mainweb\sdk\api\UcApi\Lib\Action\IndexAction.class.php 第 4 行.
NOTIC: [8] Constant UC_CLIENT_RELEASE already defined D:\wwwroot\mainweb\sdk\api\UcApi\Lib\Action\IndexAction.class.php 第 5 行.
NOTIC: [2048] Only variables should be passed by reference D:\wwwroot\mainweb\sdk\api\UcApi\Lib\Action\IndexAction.class.php 第 63 行.
NOTIC: [8] Constant API_RETURN_FAILED already defined D:\wwwroot\mainweb\sdk\uc_client\model\note.php 第 16 行.
SQL: SHOW COLUMNS FROM `sdk_accounts` [ RunTime:0.002316s ]
SQL: SELECT * FROM `sdk_accounts` WHERE ( `account_id` = 1685 ) LIMIT 1   [ RunTime:0.000463s ]

[ 2013-07-08T21:18:12+08:00 ] 192.168.136.20 /api/uc.php?time=1373289491&code=8b7dIco3QMA4FZ4TLiPD5q8LqdebxZXp7yLxySQvSK6Fg%2FAUccqay5gSI79GM53is%2B7Hj3A7mxkbd0jcPSag8fxoKEpV%2B%2F%2FkNqoITFVKovRTcwrI6%2Bx9zNm7JcJftVhx2way%2FXuXMRK7E7v7gFOTW%2F1ntSkyPGZQWjNZDTxS
INFO: [ app_begin ] --START--
INFO: Run ReadHtmlCache Behavior [ RunTime:0.001400s ]
INFO: [ app_begin ] --END-- [ RunTime:0.001496s ]
NOTIC: [8] Constant UC_CLIENT_VERSION already defined D:\wwwroot\mainweb\sdk\api\UcApi\Lib\Action\IndexAction.class.php 第 4 行.
NOTIC: [8] Constant UC_CLIENT_RELEASE already defined D:\wwwroot\mainweb\sdk\api\UcApi\Lib\Action\IndexAction.class.php 第 5 行.
NOTIC: [2048] Only variables should be passed by reference D:\wwwroot\mainweb\sdk\api\UcApi\Lib\Action\IndexAction.class.php 第 63 行.
NOTIC: [8] Constant API_RETURN_FAILED already defined D:\wwwroot\mainweb\sdk\uc_client\model\note.php 第 16 行.
SQL: SHOW COLUMNS FROM `sdk_accounts` [ RunTime:0.002288s ]
SQL: SELECT * FROM `sdk_accounts` WHERE ( `account_id` = 1588 ) LIMIT 1   [ RunTime:0.000463s ]

[ 2013-07-08T21:48:12+08:00 ] 101.226.51.230 /api/uc.php?time=1373289491&code=8b7dIco3QMA4FZ4TLiPD5q8LqdebxZXp7yLxySQvSK6Fg%2FAUccqay5gSI79GM53is%2B7Hj3A7mxkbd0jcPSag8fxoKEpV%2B%2F%2FkNqoITFVKovRTcwrI6%2Bx9zNm7JcJftVhx2way%2FXuXMRK7E7v7gFOTW%2F1ntSkyPGZQWjNZDTxS
INFO: [ app_begin ] --START--
INFO: Run ReadHtmlCache Behavior [ RunTime:0.001332s ]
INFO: [ app_begin ] --END-- [ RunTime:0.001426s ]
NOTIC: [8] Constant UC_CLIENT_VERSION already defined D:\wwwroot\mainweb\sdk\api\UcApi\Lib\Action\IndexAction.class.php 第 4 行.
NOTIC: [8] Constant UC_CLIENT_RELEASE already defined D:\wwwroot\mainweb\sdk\api\UcApi\Lib\Action\IndexAction.class.php 第 5 行.
NOTIC: [2048] Only variables should be passed by reference D:\wwwroot\mainweb\sdk\api\UcApi\Lib\Action\IndexAction.class.php 第 63 行.
NOTIC: [8] Constant API_RETURN_FAILED already defined D:\wwwroot\mainweb\sdk\uc_client\model\note.php 第 16 行.
SQL: SHOW COLUMNS FROM `sdk_accounts` [ RunTime:0.002322s ]
SQL: SELECT * FROM `sdk_accounts` WHERE ( `account_id` = 1588 ) LIMIT 1   [ RunTime:0.000171s ]

[ 2013-07-08T22:16:14+08:00 ] 192.168.133.206 /api/uc.php?time=1373292974&code=96e7jzFyQkWo1et6kyn4uTM6%2B1YGprlMRMfDFeY8nJ%2BbAc3k9gYdB5uSykwS6QXC4QDNUjiySJ4lK7cgnwTD39YyhGIub1zZs7HrBhZ9hpmLnSKAZG98ZAiKmRqJeg5tE0VtRQvLerismZXKXJSpc41afg9N6NVYL5biorR2Piqmyv0AmQ
INFO: [ app_begin ] --START--
INFO: Run ReadHtmlCache Behavior [ RunTime:0.001287s ]
INFO: [ app_begin ] --END-- [ RunTime:0.001391s ]
NOTIC: [8] Constant UC_CLIENT_VERSION already defined D:\wwwroot\mainweb\sdk\api\UcApi\Lib\Action\IndexAction.class.php 第 4 行.
NOTIC: [8] Constant UC_CLIENT_RELEASE already defined D:\wwwroot\mainweb\sdk\api\UcApi\Lib\Action\IndexAction.class.php 第 5 行.
NOTIC: [2048] Only variables should be passed by reference D:\wwwroot\mainweb\sdk\api\UcApi\Lib\Action\IndexAction.class.php 第 63 行.
NOTIC: [8] Constant API_RETURN_FAILED already defined D:\wwwroot\mainweb\sdk\uc_client\model\note.php 第 16 行.
SQL: SHOW COLUMNS FROM `sdk_accounts` [ RunTime:0.002251s ]
SQL: SELECT * FROM `sdk_accounts` WHERE ( `account_id` = 1713 ) LIMIT 1   [ RunTime:0.000447s ]

[ 2013-07-08T22:50:32+08:00 ] 192.168.200.5 /api/uc.php?time=1373295032&code=728fwzBCYGu2b3o2RkbSCTDneBIvS8mArbM%2FdlOGBXUQkHo2ZGKfzYr1eQkPC%2BLivbmh%2B6xCO1fXvTVbKSuHzZFVEpHkHnCESU%2FweYFYGYqkKp7MOPSqmm91QQN0H2a9WfD6OfH%2BNAGxED%2BzYH8z5ajmmEQJs2cEZKalwSSNzfCfy15m7I4GFbE0UmzlXg
INFO: [ app_begin ] --START--
INFO: Run ReadHtmlCache Behavior [ RunTime:0.001348s ]
INFO: [ app_begin ] --END-- [ RunTime:0.001441s ]
NOTIC: [8] Constant UC_CLIENT_VERSION already defined D:\wwwroot\mainweb\sdk\api\UcApi\Lib\Action\IndexAction.class.php 第 4 行.
NOTIC: [8] Constant UC_CLIENT_RELEASE already defined D:\wwwroot\mainweb\sdk\api\UcApi\Lib\Action\IndexAction.class.php 第 5 行.
NOTIC: [2048] Only variables should be passed by reference D:\wwwroot\mainweb\sdk\api\UcApi\Lib\Action\IndexAction.class.php 第 63 行.
NOTIC: [8] Constant API_RETURN_FAILED already defined D:\wwwroot\mainweb\sdk\uc_client\model\note.php 第 16 行.
SQL: SHOW COLUMNS FROM `sdk_accounts` [ RunTime:0.002285s ]
SQL: SELECT * FROM `sdk_accounts` WHERE ( `account_id` = 1038 ) LIMIT 1   [ RunTime:0.000628s ]

[ 2013-07-08T23:10:57+08:00 ] 192.168.200.138 /api/uc.php?time=1373296257&code=db32zac5zUvvtys3mtGbVjxYJZbhrVCqweTZDQMmS6QYvgmYTL6JAzsI04vN7YxDTDJLXQr6LqIIms8FB8IXo0ZHafaFl27PBnCn%2BkVHVZl9G5ZvBgUFwjivzxwwSqHmqDwApjcD5CFbgTuO%2Fki2bdIAmv%2F42t0B%2Bwdb8SeL5vQmSw
INFO: [ app_begin ] --START--
INFO: Run ReadHtmlCache Behavior [ RunTime:0.001283s ]
INFO: [ app_begin ] --END-- [ RunTime:0.001377s ]
NOTIC: [8] Constant UC_CLIENT_VERSION already defined D:\wwwroot\mainweb\sdk\api\UcApi\Lib\Action\IndexAction.class.php 第 4 行.
NOTIC: [8] Constant UC_CLIENT_RELEASE already defined D:\wwwroot\mainweb\sdk\api\UcApi\Lib\Action\IndexAction.class.php 第 5 行.
NOTIC: [2048] Only variables should be passed by reference D:\wwwroot\mainweb\sdk\api\UcApi\Lib\Action\IndexAction.class.php 第 63 行.
NOTIC: [8] Constant API_RETURN_FAILED already defined D:\wwwroot\mainweb\sdk\uc_client\model\note.php 第 16 行.
SQL: SHOW COLUMNS FROM `sdk_accounts` [ RunTime:0.002111s ]
SQL: SELECT * FROM `sdk_accounts` WHERE ( `account_id` = 2056 ) LIMIT 1   [ RunTime:0.000435s ]

[ 2013-07-08T23:14:43+08:00 ] 192.168.185.36 /api/uc.php?time=1373296483&code=d4372gmq0l3W%2BwaJVBPAk1wyXeRwLFW5Lm27P6yLGFtSusLR4IvgHEJ2K9YjtTTglr4ChjmERTgzowLKJBCH9ZHKZZ%2FEHdtQvZPXDId5lbzQQ61ivDTb4y32xXr55Vxi3It1WAeVHAIUlFHqbHELw%2FoRfajHJREott9na37ADiVXYw
INFO: [ app_begin ] --START--
INFO: Run ReadHtmlCache Behavior [ RunTime:0.000894s ]
INFO: [ app_begin ] --END-- [ RunTime:0.000987s ]
NOTIC: [8] Constant UC_CLIENT_VERSION already defined D:\wwwroot\mainweb\sdk\api\UcApi\Lib\Action\IndexAction.class.php 第 4 行.
NOTIC: [8] Constant UC_CLIENT_RELEASE already defined D:\wwwroot\mainweb\sdk\api\UcApi\Lib\Action\IndexAction.class.php 第 5 行.
NOTIC: [2048] Only variables should be passed by reference D:\wwwroot\mainweb\sdk\api\UcApi\Lib\Action\IndexAction.class.php 第 63 行.
NOTIC: [8] Constant API_RETURN_FAILED already defined D:\wwwroot\mainweb\sdk\uc_client\model\note.php 第 16 行.
SQL: SHOW COLUMNS FROM `sdk_accounts` [ RunTime:0.002465s ]
SQL: SELECT * FROM `sdk_accounts` WHERE ( `account_id` = 2177 ) LIMIT 1   [ RunTime:0.001161s ]

[ 2013-07-08T23:20:08+08:00 ] 192.168.134.221 /api/uc.php?time=1373296808&code=39e5cSRk5nhf%2B95b54Rk2Yc6r7ACdS0Vy5a756uqFPwCLXJ26cJ6KiM2jbXEzNaEY3sNhJRQTdSaidUYKmikgi1iXL%2FryOMsTTKGuPphqJAlIKVhHz41JHwl0yO%2FdT801n%2Bxb36F9sOKUv%2FFjrVlMl2yCOzMmFpAzt%2BRDUAqXk573g
INFO: [ app_begin ] --START--
INFO: Run ReadHtmlCache Behavior [ RunTime:0.000978s ]
INFO: [ app_begin ] --END-- [ RunTime:0.001083s ]
NOTIC: [8] Constant UC_CLIENT_VERSION already defined D:\wwwroot\mainweb\sdk\api\UcApi\Lib\Action\IndexAction.class.php 第 4 行.
NOTIC: [8] Constant UC_CLIENT_RELEASE already defined D:\wwwroot\mainweb\sdk\api\UcApi\Lib\Action\IndexAction.class.php 第 5 行.
NOTIC: [2048] Only variables should be passed by reference D:\wwwroot\mainweb\sdk\api\UcApi\Lib\Action\IndexAction.class.php 第 63 行.
NOTIC: [8] Constant API_RETURN_FAILED already defined D:\wwwroot\mainweb\sdk\uc_client\model\note.php 第 16 行.
SQL: SHOW COLUMNS FROM `sdk_accounts` [ RunTime:0.002056s ]
SQL: SELECT * FROM `sdk_accounts` WHERE ( `account_id` = 1777 ) LIMIT 1   [ RunTime:0.000579s ]

[ 2013-07-08T23:53:28+08:00 ] 192.168.176.203 /api/uc.php?time=1373298808&code=c1444DqbOT4X5EIWv9kChOBua33UqyruBt5jcjwGzz6PYpLG9Igvk3AP7jvQj4FaWF3yAbc6jvSwZkYcKOipMjhMDU1FmuwvxLYz3ZMau%2FxlZmBOAWNbvopYT1bnmH1I7mq8CsEDqeuorUpr4JGNeE3YdKeqbKyI5M8B
INFO: [ app_begin ] --START--
INFO: Run ReadHtmlCache Behavior [ RunTime:0.001342s ]
INFO: [ app_begin ] --END-- [ RunTime:0.001435s ]
NOTIC: [8] Constant UC_CLIENT_VERSION already defined D:\wwwroot\mainweb\sdk\api\UcApi\Lib\Action\IndexAction.class.php 第 4 行.
NOTIC: [8] Constant UC_CLIENT_RELEASE already defined D:\wwwroot\mainweb\sdk\api\UcApi\Lib\Action\IndexAction.class.php 第 5 行.
NOTIC: [2048] Only variables should be passed by reference D:\wwwroot\mainweb\sdk\api\UcApi\Lib\Action\IndexAction.class.php 第 63 行.
NOTIC: [8] Constant API_RETURN_FAILED already defined D:\wwwroot\mainweb\sdk\uc_client\model\note.php 第 16 行.
SQL: SHOW COLUMNS FROM `sdk_accounts` [ RunTime:0.002292s ]
SQL: SELECT * FROM `sdk_accounts` WHERE ( `account_id` = 943 ) LIMIT 1   [ RunTime:0.000544s ]

