[ 2013-09-07T08:51:02+08:00 ] 192.168.165.201 /api/uc.php?time=1378515061&code=8799oQsDY7VmiapsrmcFa3WGHzcAL7ejNf6ZUfnI0O%2B4RfkC3naRS9rNHCzMMBWUh1%2BautF51yvcLaMXkooLgVv4vL0TbyAEy8VQByTBd9%2B8550vxuSUmlk7w2uqSw2SAZATr6mtLTnTsaM0lnd8CTqkHJ%2FIBHoHp8KFUNTUNA
INFO: [ app_begin ] --START--
INFO: Run ReadHtmlCache Behavior [ RunTime:0.001196s ]
INFO: [ app_begin ] --END-- [ RunTime:0.001293s ]
NOTIC: [8] Constant UC_CLIENT_VERSION already defined D:\wwwroot\mainweb\sdk\api\UcApi\Lib\Action\IndexAction.class.php 第 4 行.
NOTIC: [8] Constant UC_CLIENT_RELEASE already defined D:\wwwroot\mainweb\sdk\api\UcApi\Lib\Action\IndexAction.class.php 第 5 行.
NOTIC: [2048] Only variables should be passed by reference D:\wwwroot\mainweb\sdk\api\UcApi\Lib\Action\IndexAction.class.php 第 63 行.
NOTIC: [8] Constant API_RETURN_FAILED already defined D:\wwwroot\mainweb\sdk\uc_client\model\note.php 第 16 行.
SQL: SHOW COLUMNS FROM `sdk_accounts` [ RunTime:0.002214s ]
SQL: SELECT * FROM `sdk_accounts` WHERE ( `account_id` = 1619 ) LIMIT 1   [ RunTime:0.000557s ]

[ 2013-09-07T09:36:45+08:00 ] 192.168.179.79 /api/uc.php?time=1378517805&code=7a5clCb6BVg%2Beegt%2FyBaZAXt1nu3GuQgnQ26L%2BL%2FKBna8SVAcSWJddQVQKFGUjIPt6P3yP8lPuhzc5tFdDbZnwib%2FTaffEtqpcEgHpZUeFnwm8r2oKjAzqNoqhOcEiC7F96ZgwhxAh6H4PXwIwNUL5yn%2BTjnbl%2FF0qbqDA
INFO: [ app_begin ] --START--
INFO: Run ReadHtmlCache Behavior [ RunTime:0.001052s ]
INFO: [ app_begin ] --END-- [ RunTime:0.001145s ]
NOTIC: [8] Constant UC_CLIENT_VERSION already defined D:\wwwroot\mainweb\sdk\api\UcApi\Lib\Action\IndexAction.class.php 第 4 行.
NOTIC: [8] Constant UC_CLIENT_RELEASE already defined D:\wwwroot\mainweb\sdk\api\UcApi\Lib\Action\IndexAction.class.php 第 5 行.
NOTIC: [2048] Only variables should be passed by reference D:\wwwroot\mainweb\sdk\api\UcApi\Lib\Action\IndexAction.class.php 第 63 行.
NOTIC: [8] Constant API_RETURN_FAILED already defined D:\wwwroot\mainweb\sdk\uc_client\model\note.php 第 16 行.
SQL: SHOW COLUMNS FROM `sdk_accounts` [ RunTime:0.001994s ]
SQL: SELECT * FROM `sdk_accounts` WHERE ( `account_id` = 1054 ) LIMIT 1   [ RunTime:0.000433s ]

[ 2013-09-07T10:21:53+08:00 ] 192.168.166.20 /api/uc.php?time=1378520512&code=9c41on9zoWy%2FJjyZgQAo8PhCmDR6a6QG%2F89Uuwo6ZaVyo3PnaRdlukHr1ydS1dIbp8s0neWdF2SHbqnxEEgqIxNclpinjzR9qnvuqisDKaC0Htdv80dZWQlVZh9GGgaxd%2FGBM%2FrTIo4HuEQy4el3epquEv4XltIbfotS646N39jxsXI
INFO: [ app_begin ] --START--
INFO: Run ReadHtmlCache Behavior [ RunTime:0.001696s ]
INFO: [ app_begin ] --END-- [ RunTime:0.001788s ]
NOTIC: [8] Constant UC_CLIENT_VERSION already defined D:\wwwroot\mainweb\sdk\api\UcApi\Lib\Action\IndexAction.class.php 第 4 行.
NOTIC: [8] Constant UC_CLIENT_RELEASE already defined D:\wwwroot\mainweb\sdk\api\UcApi\Lib\Action\IndexAction.class.php 第 5 行.
NOTIC: [2048] Only variables should be passed by reference D:\wwwroot\mainweb\sdk\api\UcApi\Lib\Action\IndexAction.class.php 第 63 行.
NOTIC: [8] Constant API_RETURN_FAILED already defined D:\wwwroot\mainweb\sdk\uc_client\model\note.php 第 16 行.
SQL: SHOW COLUMNS FROM `sdk_accounts` [ RunTime:0.017622s ]
SQL: SELECT * FROM `sdk_accounts` WHERE ( `account_id` = 2238 ) LIMIT 1   [ RunTime:0.000432s ]

[ 2013-09-07T11:20:39+08:00 ] 192.168.133.135 /api/uc.php?time=1378524039&code=1170cIPMhhFwzmEwDtIkXvFMldhZ9FvNinrd6hTTPRtRDAvQQndOmnwglbAWRrH7VV3xeTbHJQPac5Ko4NXiCn37zN2JrG8D5jLGs1eV17iGiiCEUZmnukcAs7Udn08jVQWK5e%2BZav9OlcmOfwAbsBCeFuntNUhFqj4owp6xfTzpdA
INFO: [ app_begin ] --START--
INFO: Run ReadHtmlCache Behavior [ RunTime:0.001177s ]
INFO: [ app_begin ] --END-- [ RunTime:0.001270s ]
NOTIC: [8] Constant UC_CLIENT_VERSION already defined D:\wwwroot\mainweb\sdk\api\UcApi\Lib\Action\IndexAction.class.php 第 4 行.
NOTIC: [8] Constant UC_CLIENT_RELEASE already defined D:\wwwroot\mainweb\sdk\api\UcApi\Lib\Action\IndexAction.class.php 第 5 行.
NOTIC: [2048] Only variables should be passed by reference D:\wwwroot\mainweb\sdk\api\UcApi\Lib\Action\IndexAction.class.php 第 63 行.
NOTIC: [8] Constant API_RETURN_FAILED already defined D:\wwwroot\mainweb\sdk\uc_client\model\note.php 第 16 行.
SQL: SHOW COLUMNS FROM `sdk_accounts` [ RunTime:0.002205s ]
SQL: SELECT * FROM `sdk_accounts` WHERE ( `account_id` = 2043 ) LIMIT 1   [ RunTime:0.000629s ]

[ 2013-09-07T11:31:43+08:00 ] 192.168.201.141 /api/uc.php?time=1378524703&code=6558TzPgo3OhR2T18nYjQk0wxU2dXT%2F1aQbRI1STgGyVWyONue%2FjllUoTxeOEOI82iluu3Y49MxGrEgGFsfhR%2FnCmzlZRKJ3iGaPXjxQp7zEQKbdrAcMzR%2BOBg%2BPGDa%2FxHo1gfeJIAkzrD7JGsYyWyAxUrkiYmW6Y8zTLV2drHXXjNM
INFO: [ app_begin ] --START--
INFO: Run ReadHtmlCache Behavior [ RunTime:0.001090s ]
INFO: [ app_begin ] --END-- [ RunTime:0.001184s ]
NOTIC: [8] Constant UC_CLIENT_VERSION already defined D:\wwwroot\mainweb\sdk\api\UcApi\Lib\Action\IndexAction.class.php 第 4 行.
NOTIC: [8] Constant UC_CLIENT_RELEASE already defined D:\wwwroot\mainweb\sdk\api\UcApi\Lib\Action\IndexAction.class.php 第 5 行.
NOTIC: [2048] Only variables should be passed by reference D:\wwwroot\mainweb\sdk\api\UcApi\Lib\Action\IndexAction.class.php 第 63 行.
NOTIC: [8] Constant API_RETURN_FAILED already defined D:\wwwroot\mainweb\sdk\uc_client\model\note.php 第 16 行.
SQL: SHOW COLUMNS FROM `sdk_accounts` [ RunTime:0.002142s ]
SQL: SELECT * FROM `sdk_accounts` WHERE ( `account_id` = 1750 ) LIMIT 1   [ RunTime:0.000478s ]

[ 2013-09-07T11:52:45+08:00 ] 192.168.135.1 /api/uc.php?time=1378525965&code=4b68MgF8qN9SA7CO3fdygq9AGL3IyEsGQ6wjyJpCJ7LDaZN9QepUt8JBTLDxJkOOwpPFIZfGwlYJv8X66a8L5c%2BHH62bK9Wi%2BJd6mykodbwZp%2FGrVNLbngKnrfqRy5CW0%2FPrk34SRmZ0A3i315arEURbaHBXLOiF3qMUoUWLlc8
INFO: [ app_begin ] --START--
INFO: Run ReadHtmlCache Behavior [ RunTime:0.001040s ]
INFO: [ app_begin ] --END-- [ RunTime:0.001134s ]
NOTIC: [8] Constant UC_CLIENT_VERSION already defined D:\wwwroot\mainweb\sdk\api\UcApi\Lib\Action\IndexAction.class.php 第 4 行.
NOTIC: [8] Constant UC_CLIENT_RELEASE already defined D:\wwwroot\mainweb\sdk\api\UcApi\Lib\Action\IndexAction.class.php 第 5 行.
NOTIC: [2048] Only variables should be passed by reference D:\wwwroot\mainweb\sdk\api\UcApi\Lib\Action\IndexAction.class.php 第 63 行.
NOTIC: [8] Constant API_RETURN_FAILED already defined D:\wwwroot\mainweb\sdk\uc_client\model\note.php 第 16 行.
SQL: SHOW COLUMNS FROM `sdk_accounts` [ RunTime:0.001962s ]
SQL: SELECT * FROM `sdk_accounts` WHERE ( `account_id` = 1314 ) LIMIT 1   [ RunTime:0.000278s ]
SQL: INSERT INTO `sdk_accounts` (`account_id`,`user_name`,`email`,`password`,`reg_time`) VALUES (1314,'xqh1111','369292849@qq.com','c4c6d7e1a0a5a99fddabd09ce155731e91c019c7',1378525965) [ RunTime:0.001876s ]

[ 2013-09-07T11:53:11+08:00 ] 192.168.135.1 /api/uc.php?time=1378525991&code=dd98fB%2F8%2B6eV85Pr%2B1QkU1LecyW8k7EN%2Fp4miIMBKaIv%2B12XWSjLt%2Fh3K6PGPckbvHLdeKIwlAROOeN%2FQN8IzNeK4b1vlLvZ%2BPdak%2Bq9CYo7iCujZjSpefYxzsAYgB1KQV9cjLOrq%2FAocc%2F73d6mwGN%2BNan4hbGSWz%2FxMoMDTbM
INFO: [ app_begin ] --START--
INFO: Run ReadHtmlCache Behavior [ RunTime:0.000919s ]
INFO: [ app_begin ] --END-- [ RunTime:0.001009s ]
NOTIC: [8] Constant UC_CLIENT_VERSION already defined D:\wwwroot\mainweb\sdk\api\UcApi\Lib\Action\IndexAction.class.php 第 4 行.
NOTIC: [8] Constant UC_CLIENT_RELEASE already defined D:\wwwroot\mainweb\sdk\api\UcApi\Lib\Action\IndexAction.class.php 第 5 行.
NOTIC: [2048] Only variables should be passed by reference D:\wwwroot\mainweb\sdk\api\UcApi\Lib\Action\IndexAction.class.php 第 63 行.
NOTIC: [8] Constant API_RETURN_FAILED already defined D:\wwwroot\mainweb\sdk\uc_client\model\note.php 第 16 行.
SQL: SHOW COLUMNS FROM `sdk_accounts` [ RunTime:0.001742s ]
SQL: SELECT * FROM `sdk_accounts` WHERE ( `account_id` = 1314 ) LIMIT 1   [ RunTime:0.000399s ]

[ 2013-09-07T12:11:20+08:00 ] 192.168.201.86 /api/uc.php?time=1378527080&code=4c04yWwZNsNekQ0Y5rBxE79lopInG3so6zbg9kveR%2FY282SKtyP87FkWFqnxShjjhamZ5fFVgRWuj8ibxQksFRfQjAzU5wXKOYGPZISEoLt%2BAfoBJi5wVi0YOd6ok98d%2Bn1cLADF9tPp%2F7FrVRsDUzxpbJsKjsYeGT3iTQ
INFO: [ app_begin ] --START--
INFO: Run ReadHtmlCache Behavior [ RunTime:0.001141s ]
INFO: [ app_begin ] --END-- [ RunTime:0.001233s ]
NOTIC: [8] Constant UC_CLIENT_VERSION already defined D:\wwwroot\mainweb\sdk\api\UcApi\Lib\Action\IndexAction.class.php 第 4 行.
NOTIC: [8] Constant UC_CLIENT_RELEASE already defined D:\wwwroot\mainweb\sdk\api\UcApi\Lib\Action\IndexAction.class.php 第 5 行.
NOTIC: [2048] Only variables should be passed by reference D:\wwwroot\mainweb\sdk\api\UcApi\Lib\Action\IndexAction.class.php 第 63 行.
NOTIC: [8] Constant API_RETURN_FAILED already defined D:\wwwroot\mainweb\sdk\uc_client\model\note.php 第 16 行.
SQL: SHOW COLUMNS FROM `sdk_accounts` [ RunTime:0.002234s ]
SQL: SELECT * FROM `sdk_accounts` WHERE ( `account_id` = 2312 ) LIMIT 1   [ RunTime:0.000627s ]

[ 2013-09-07T12:20:29+08:00 ] 192.168.204.22 /api/uc.php?time=1378527629&code=56fcByU8yOOQNxYnhIEifPIyA9rLGROxn5Ou2X7MniF2%2F3PzCPkklImyZSwPegolURz4%2FUdNcNWTWRINvgKX4lynwOrbBy2qLgur2YUXnsuKAd1nh4RaMtX8IN5k9Wkbh2N8MQPWCSegyVQs6MQdaWhbuIpQLQ%2FCQapJ
INFO: [ app_begin ] --START--
INFO: Run ReadHtmlCache Behavior [ RunTime:0.001088s ]
INFO: [ app_begin ] --END-- [ RunTime:0.001184s ]
NOTIC: [8] Constant UC_CLIENT_VERSION already defined D:\wwwroot\mainweb\sdk\api\UcApi\Lib\Action\IndexAction.class.php 第 4 行.
NOTIC: [8] Constant UC_CLIENT_RELEASE already defined D:\wwwroot\mainweb\sdk\api\UcApi\Lib\Action\IndexAction.class.php 第 5 行.
NOTIC: [2048] Only variables should be passed by reference D:\wwwroot\mainweb\sdk\api\UcApi\Lib\Action\IndexAction.class.php 第 63 行.
NOTIC: [8] Constant API_RETURN_FAILED already defined D:\wwwroot\mainweb\sdk\uc_client\model\note.php 第 16 行.
SQL: SHOW COLUMNS FROM `sdk_accounts` [ RunTime:0.002235s ]
SQL: SELECT * FROM `sdk_accounts` WHERE ( `account_id` = 425 ) LIMIT 1   [ RunTime:0.000482s ]

[ 2013-09-07T12:28:16+08:00 ] 192.168.154.69 /api/uc.php?time=1378528096&code=99dbUFgnWzLdbuXn0yi0dO%2FSpcLXMx9cQfcly4sxsHiNz8St9LwD%2BU91sR2xVnNX%2F8VdUKX6xTNd56d4troM3r3f5f5OQ06XrKMZiWR8eBp0mn34HB10E9eFFGseAJsGwInKEPd9gnUq%2BF1wrSg%2FUTUEfOjAIaTtU8Da%2BUnN8pWm
INFO: [ app_begin ] --START--
INFO: Run ReadHtmlCache Behavior [ RunTime:0.000974s ]
INFO: [ app_begin ] --END-- [ RunTime:0.001067s ]
NOTIC: [8] Constant UC_CLIENT_VERSION already defined D:\wwwroot\mainweb\sdk\api\UcApi\Lib\Action\IndexAction.class.php 第 4 行.
NOTIC: [8] Constant UC_CLIENT_RELEASE already defined D:\wwwroot\mainweb\sdk\api\UcApi\Lib\Action\IndexAction.class.php 第 5 行.
NOTIC: [2048] Only variables should be passed by reference D:\wwwroot\mainweb\sdk\api\UcApi\Lib\Action\IndexAction.class.php 第 63 行.
NOTIC: [8] Constant API_RETURN_FAILED already defined D:\wwwroot\mainweb\sdk\uc_client\model\note.php 第 16 行.
SQL: SHOW COLUMNS FROM `sdk_accounts` [ RunTime:0.002173s ]
SQL: SELECT * FROM `sdk_accounts` WHERE ( `account_id` = 716 ) LIMIT 1   [ RunTime:0.000428s ]

[ 2013-09-07T12:58:16+08:00 ] 101.226.33.218 /api/uc.php?time=1378528096&code=99dbUFgnWzLdbuXn0yi0dO/SpcLXMx9cQfcly4sxsHiNz8St9LwD+U91sR2xVnNX/8VdUKX6xTNd56d4troM3r3f5f5OQ06XrKMZiWR8eBp0mn34HB10E9eFFGseAJsGwInKEPd9gnUq+F1wrSg/UTUEfOjAIaTtU8Da+UnN8pWm
INFO: [ app_begin ] --START--
INFO: Run ReadHtmlCache Behavior [ RunTime:0.001165s ]
INFO: [ app_begin ] --END-- [ RunTime:0.001258s ]
NOTIC: [8] Constant UC_CLIENT_VERSION already defined D:\wwwroot\mainweb\sdk\api\UcApi\Lib\Action\IndexAction.class.php 第 4 行.
NOTIC: [8] Constant UC_CLIENT_RELEASE already defined D:\wwwroot\mainweb\sdk\api\UcApi\Lib\Action\IndexAction.class.php 第 5 行.
NOTIC: [8] Undefined index:  time D:\wwwroot\mainweb\sdk\api\UcApi\Lib\Action\IndexAction.class.php 第 54 行.

[ 2013-09-07T13:10:51+08:00 ] 192.168.171.65 /api/uc.php?time=1378530651&code=413c4ZWgc8CB9EffUeBhd%2BNB1c1vCVsIGRg%2BMho8C8urXfgmerAq%2BNDALqX5lYyTxugrKD5ItsCb68h3lXpXUx53WTqF9HjoUmliUuwMdiid6pg1I5J%2BsyaZrTszDrFRwvdZr30szXD%2Fl5%2B1%2BcgESQz1badICiB0l%2FCwEA
INFO: [ app_begin ] --START--
INFO: Run ReadHtmlCache Behavior [ RunTime:0.001028s ]
INFO: [ app_begin ] --END-- [ RunTime:0.001122s ]
NOTIC: [8] Constant UC_CLIENT_VERSION already defined D:\wwwroot\mainweb\sdk\api\UcApi\Lib\Action\IndexAction.class.php 第 4 行.
NOTIC: [8] Constant UC_CLIENT_RELEASE already defined D:\wwwroot\mainweb\sdk\api\UcApi\Lib\Action\IndexAction.class.php 第 5 行.
NOTIC: [2048] Only variables should be passed by reference D:\wwwroot\mainweb\sdk\api\UcApi\Lib\Action\IndexAction.class.php 第 63 行.
NOTIC: [8] Constant API_RETURN_FAILED already defined D:\wwwroot\mainweb\sdk\uc_client\model\note.php 第 16 行.
SQL: SHOW COLUMNS FROM `sdk_accounts` [ RunTime:0.002315s ]
SQL: SELECT * FROM `sdk_accounts` WHERE ( `account_id` = 1727 ) LIMIT 1   [ RunTime:0.000539s ]

[ 2013-09-07T16:46:49+08:00 ] 192.168.136.1 /api/uc.php?time=1378543609&code=7e71h%2BwJebnQjfOvpVp2Wla25XSmz4bzqGLc1YglvJ0Q29UteHIyxlnCnwdDexYATTCIFLOBA%2B5s7JIEwE81KGAibc6Gt3fP0%2FFwGniFJ4%2F7sYOTagDE%2FVdXH4OrwaUEknPjcMnQDEKRcjiu%2FAlhJwHtvLBUqQRE1PW1IFYMSy2cL%2FOP
INFO: [ app_begin ] --START--
INFO: Run ReadHtmlCache Behavior [ RunTime:0.001156s ]
INFO: [ app_begin ] --END-- [ RunTime:0.001249s ]
NOTIC: [8] Constant UC_CLIENT_VERSION already defined D:\wwwroot\mainweb\sdk\api\UcApi\Lib\Action\IndexAction.class.php 第 4 行.
NOTIC: [8] Constant UC_CLIENT_RELEASE already defined D:\wwwroot\mainweb\sdk\api\UcApi\Lib\Action\IndexAction.class.php 第 5 行.
NOTIC: [2048] Only variables should be passed by reference D:\wwwroot\mainweb\sdk\api\UcApi\Lib\Action\IndexAction.class.php 第 63 行.
NOTIC: [8] Constant API_RETURN_FAILED already defined D:\wwwroot\mainweb\sdk\uc_client\model\note.php 第 16 行.
SQL: SHOW COLUMNS FROM `sdk_accounts` [ RunTime:0.015308s ]
SQL: SELECT * FROM `sdk_accounts` WHERE ( `account_id` = 930 ) LIMIT 1   [ RunTime:0.000455s ]

[ 2013-09-07T16:48:32+08:00 ] 192.168.130.3 /api/uc.php?time=1378543711&code=266fkCtsyzA640r6qrXlG25UwhtXPX7rehhBkA%2Fn%2BJ133RxvQFopA3wWQF3aPzW%2FqXTyUACkSr7wK4bgTQlQPwM9WScRzbiqf2H2TxEC78uax%2F%2FsQhYXKk6tls5%2Bf3RdpRk%2FKzwaQh%2F2kKRVUoGs77rjfWgHNd6P4iQe%2BaCZlmSXI5tLMVPHhQ
INFO: [ app_begin ] --START--
INFO: Run ReadHtmlCache Behavior [ RunTime:0.001086s ]
INFO: [ app_begin ] --END-- [ RunTime:0.001181s ]
NOTIC: [8] Constant UC_CLIENT_VERSION already defined D:\wwwroot\mainweb\sdk\api\UcApi\Lib\Action\IndexAction.class.php 第 4 行.
NOTIC: [8] Constant UC_CLIENT_RELEASE already defined D:\wwwroot\mainweb\sdk\api\UcApi\Lib\Action\IndexAction.class.php 第 5 行.
NOTIC: [2048] Only variables should be passed by reference D:\wwwroot\mainweb\sdk\api\UcApi\Lib\Action\IndexAction.class.php 第 63 行.
NOTIC: [8] Constant API_RETURN_FAILED already defined D:\wwwroot\mainweb\sdk\uc_client\model\note.php 第 16 行.
SQL: SHOW COLUMNS FROM `sdk_accounts` [ RunTime:0.001975s ]
SQL: SELECT * FROM `sdk_accounts` WHERE ( `account_id` = 1020 ) LIMIT 1   [ RunTime:0.000529s ]

[ 2013-09-07T17:50:05+08:00 ] 192.168.206.12 /api/uc.php?time=1378547404&code=1936Hm%2B0rKJ8EkQKUc29tygfoGLiXNR8INfR0S9EomoWZTqJLHMSuKw5pn47uUHD%2BtCpN7jJxjOVuRXZQxd7UrmV3HBZQRF9CXkmjf%2B5cDI6jdxBNVYqqZh6%2BNXaKDZKQx4UjhGciuMpIWZE%2BAGps6r3bPbAe4gaywCgnItPFfSw
INFO: [ app_begin ] --START--
INFO: Run ReadHtmlCache Behavior [ RunTime:0.001063s ]
INFO: [ app_begin ] --END-- [ RunTime:0.001158s ]
NOTIC: [8] Constant UC_CLIENT_VERSION already defined D:\wwwroot\mainweb\sdk\api\UcApi\Lib\Action\IndexAction.class.php 第 4 行.
NOTIC: [8] Constant UC_CLIENT_RELEASE already defined D:\wwwroot\mainweb\sdk\api\UcApi\Lib\Action\IndexAction.class.php 第 5 行.
NOTIC: [2048] Only variables should be passed by reference D:\wwwroot\mainweb\sdk\api\UcApi\Lib\Action\IndexAction.class.php 第 63 行.
NOTIC: [8] Constant API_RETURN_FAILED already defined D:\wwwroot\mainweb\sdk\uc_client\model\note.php 第 16 行.
SQL: SHOW COLUMNS FROM `sdk_accounts` [ RunTime:0.002113s ]
SQL: SELECT * FROM `sdk_accounts` WHERE ( `account_id` = 1597 ) LIMIT 1   [ RunTime:0.000595s ]

[ 2013-09-07T18:49:34+08:00 ] 192.168.153.139 /api/uc.php?time=1378550973&code=8eec3KXdWy8XjXyJk7dilzOIgHveQY7QGk17dsi2h6OEhbXArDfIC3Y6GannOfR3YNoReEmyEwBu%2BVT%2FYdFVtkGc%2BG05xs32vX84zDGXB2xzC%2FXt1vmIoGXaBoheULKesHMFKmKqz9kJG38yX37LTOJBQhx84ebkv5l9dqdvAGFL1Q
INFO: [ app_begin ] --START--
INFO: Run ReadHtmlCache Behavior [ RunTime:0.001128s ]
INFO: [ app_begin ] --END-- [ RunTime:0.001226s ]
NOTIC: [8] Constant UC_CLIENT_VERSION already defined D:\wwwroot\mainweb\sdk\api\UcApi\Lib\Action\IndexAction.class.php 第 4 行.
NOTIC: [8] Constant UC_CLIENT_RELEASE already defined D:\wwwroot\mainweb\sdk\api\UcApi\Lib\Action\IndexAction.class.php 第 5 行.
NOTIC: [2048] Only variables should be passed by reference D:\wwwroot\mainweb\sdk\api\UcApi\Lib\Action\IndexAction.class.php 第 63 行.
NOTIC: [8] Constant API_RETURN_FAILED already defined D:\wwwroot\mainweb\sdk\uc_client\model\note.php 第 16 行.
SQL: SHOW COLUMNS FROM `sdk_accounts` [ RunTime:0.002116s ]
SQL: SELECT * FROM `sdk_accounts` WHERE ( `account_id` = 1436 ) LIMIT 1   [ RunTime:0.000423s ]

[ 2013-09-07T19:41:29+08:00 ] 192.168.185.143 /api/uc.php?time=1378554089&code=9dd0XzfdmT9KsZXQ76y0%2BMQkARcEq1n3jBkqbJFGgByhnvvEJJBGKs1Oefb1G4GqQoJl7%2FD%2BfySx9CZ3BJcoQWTTSkedO4ZOAZnsvg3UGhyOZ7ub%2BkWMRlLxRcmLrT4O46VKMm8eO6gshsShegD5vLh2NXz7Kh72PBRB5%2B%2F7cFuM1TwJ304
INFO: [ app_begin ] --START--
INFO: Run ReadHtmlCache Behavior [ RunTime:0.001102s ]
INFO: [ app_begin ] --END-- [ RunTime:0.001197s ]
NOTIC: [8] Constant UC_CLIENT_VERSION already defined D:\wwwroot\mainweb\sdk\api\UcApi\Lib\Action\IndexAction.class.php 第 4 行.
NOTIC: [8] Constant UC_CLIENT_RELEASE already defined D:\wwwroot\mainweb\sdk\api\UcApi\Lib\Action\IndexAction.class.php 第 5 行.
NOTIC: [2048] Only variables should be passed by reference D:\wwwroot\mainweb\sdk\api\UcApi\Lib\Action\IndexAction.class.php 第 63 行.
NOTIC: [8] Constant API_RETURN_FAILED already defined D:\wwwroot\mainweb\sdk\uc_client\model\note.php 第 16 行.
SQL: SHOW COLUMNS FROM `sdk_accounts` [ RunTime:0.003648s ]
SQL: SELECT * FROM `sdk_accounts` WHERE ( `account_id` = 2410 ) LIMIT 1   [ RunTime:0.000442s ]
SQL: INSERT INTO `sdk_accounts` (`account_id`,`user_name`,`email`,`password`,`reg_time`) VALUES (2410,'otakugirl0613','190620256@qq.com','8aed05ab203df99cbdcce6040f91580048b1832b',1378554089) [ RunTime:0.001753s ]

[ 2013-09-07T20:01:35+08:00 ] 202.116.192.50 /api/uc.php?code=bb3dZZD79MzN1M9MHyYdkWGWse%2F6RdYf1nmrb%2FgjypHzy66F%2BwazMtRg5xkrmxDSBiA%2FqrHaKciZmbqlulDD%2FiCf1ELN%2B8CvB2tI9nRv81%2BPtLazu%2B%2BJvjI%2B&__times__=1
INFO: [ app_begin ] --START--
INFO: Run ReadHtmlCache Behavior [ RunTime:0.001185s ]
INFO: [ app_begin ] --END-- [ RunTime:0.001278s ]
NOTIC: [8] Constant UC_CLIENT_VERSION already defined D:\wwwroot\mainweb\sdk\api\UcApi\Lib\Action\IndexAction.class.php 第 4 行.
NOTIC: [8] Constant UC_CLIENT_RELEASE already defined D:\wwwroot\mainweb\sdk\api\UcApi\Lib\Action\IndexAction.class.php 第 5 行.
NOTIC: [2048] Only variables should be passed by reference D:\wwwroot\mainweb\sdk\api\UcApi\Lib\Action\IndexAction.class.php 第 63 行.

[ 2013-09-07T20:01:35+08:00 ] 192.168.185.143 /api/uc.php?time=1378555295&code=65b2VDUKOdRuWIEDeftkz4TFTKVveSBOzSdVHcfOf3fRPeqji7OYxOw3%2B134aTMPYgTnDKLLA92cRZZaGtvKzFw%2F1YLFj9%2FXp9%2FM5nLj0xIUerM8gq7syKiOA19up6it%2BvJzi5NMOAyKIIGKit4b8pS0DzY0bSAYvV4JTVGQOtY2ZgY
INFO: [ app_begin ] --START--
INFO: Run ReadHtmlCache Behavior [ RunTime:0.000922s ]
INFO: [ app_begin ] --END-- [ RunTime:0.001015s ]
NOTIC: [8] Constant UC_CLIENT_VERSION already defined D:\wwwroot\mainweb\sdk\api\UcApi\Lib\Action\IndexAction.class.php 第 4 行.
NOTIC: [8] Constant UC_CLIENT_RELEASE already defined D:\wwwroot\mainweb\sdk\api\UcApi\Lib\Action\IndexAction.class.php 第 5 行.
NOTIC: [2048] Only variables should be passed by reference D:\wwwroot\mainweb\sdk\api\UcApi\Lib\Action\IndexAction.class.php 第 63 行.
NOTIC: [8] Constant API_RETURN_FAILED already defined D:\wwwroot\mainweb\sdk\uc_client\model\note.php 第 16 行.
SQL: SHOW COLUMNS FROM `sdk_accounts` [ RunTime:0.002255s ]
SQL: SELECT * FROM `sdk_accounts` WHERE ( `account_id` = 2410 ) LIMIT 1   [ RunTime:0.000435s ]

[ 2013-09-07T20:28:55+08:00 ] 192.168.200.138 /api/uc.php?time=1378556935&code=f36e5ax2DMgN9jIbp2QfwLIN%2BtsPZpv2PUS1PVCVnKzBbrxtv6KSwh3%2Fm9tOVsvXjDOWxLvg1Nk31hXXo0siomF0NwGrDF5sK1H%2B6jIoK%2FVRbxipYSiK7EylEvqAusEsyL2cBuktc%2FLEhR42jCx89qlhKnhgs0i%2FIBULTUcgQD3kQA
INFO: [ app_begin ] --START--
INFO: Run ReadHtmlCache Behavior [ RunTime:0.001191s ]
INFO: [ app_begin ] --END-- [ RunTime:0.001294s ]
NOTIC: [8] Constant UC_CLIENT_VERSION already defined D:\wwwroot\mainweb\sdk\api\UcApi\Lib\Action\IndexAction.class.php 第 4 行.
NOTIC: [8] Constant UC_CLIENT_RELEASE already defined D:\wwwroot\mainweb\sdk\api\UcApi\Lib\Action\IndexAction.class.php 第 5 行.
NOTIC: [2048] Only variables should be passed by reference D:\wwwroot\mainweb\sdk\api\UcApi\Lib\Action\IndexAction.class.php 第 63 行.
NOTIC: [8] Constant API_RETURN_FAILED already defined D:\wwwroot\mainweb\sdk\uc_client\model\note.php 第 16 行.
SQL: SHOW COLUMNS FROM `sdk_accounts` [ RunTime:0.002672s ]
SQL: SELECT * FROM `sdk_accounts` WHERE ( `account_id` = 2056 ) LIMIT 1   [ RunTime:0.000391s ]

[ 2013-09-07T23:13:46+08:00 ] 192.168.201.86 /api/uc.php?time=1378566825&code=aa76GDSU70N1JkVQ7wpnrShiXt4UOs6JAdosiJM35S8GilzYCt9UDDIw%2BzcY%2BHB3KEeO5Nusl8%2Bn1RtnoZPxYMFMPaLQJp5a2ZVaNuwqiW6%2FEh%2FW%2FndvLeGuO21UtvCrCxW%2FegVlS9cdkTKxY6mwk%2BQ1rMlm9IQntMAVeqeV
INFO: [ app_begin ] --START--
INFO: Run ReadHtmlCache Behavior [ RunTime:0.002144s ]
INFO: [ app_begin ] --END-- [ RunTime:0.002240s ]
NOTIC: [8] Constant UC_CLIENT_VERSION already defined D:\wwwroot\mainweb\sdk\api\UcApi\Lib\Action\IndexAction.class.php 第 4 行.
NOTIC: [8] Constant UC_CLIENT_RELEASE already defined D:\wwwroot\mainweb\sdk\api\UcApi\Lib\Action\IndexAction.class.php 第 5 行.
NOTIC: [2048] Only variables should be passed by reference D:\wwwroot\mainweb\sdk\api\UcApi\Lib\Action\IndexAction.class.php 第 63 行.
NOTIC: [8] Constant API_RETURN_FAILED already defined D:\wwwroot\mainweb\sdk\uc_client\model\note.php 第 16 行.
SQL: SHOW COLUMNS FROM `sdk_accounts` [ RunTime:0.001896s ]
SQL: SELECT * FROM `sdk_accounts` WHERE ( `account_id` = 2130 ) LIMIT 1   [ RunTime:0.000341s ]

[ 2013-09-07T23:27:51+08:00 ] 192.168.145.78 /api/uc.php?time=1378567670&code=f13c0QE2YTRVrQSYdZfRrtaBmOnLeQp7%2F0KZZ1keip%2BmpRFkRieNUr8muXZ3E1o6aLbxESVCQF14QRs2wS8GlEfjSgK7xZjW4TNuYmTYWE4IRUqXJyLuwJt7x3WkD9NLi2n0TGYB%2FByDBwPG8UvR%2Bc12%2B22L8%2BClpGF%2Bk%2FNJJiWSgw
INFO: [ app_begin ] --START--
INFO: Run ReadHtmlCache Behavior [ RunTime:0.001073s ]
INFO: [ app_begin ] --END-- [ RunTime:0.001167s ]
NOTIC: [8] Constant UC_CLIENT_VERSION already defined D:\wwwroot\mainweb\sdk\api\UcApi\Lib\Action\IndexAction.class.php 第 4 行.
NOTIC: [8] Constant UC_CLIENT_RELEASE already defined D:\wwwroot\mainweb\sdk\api\UcApi\Lib\Action\IndexAction.class.php 第 5 行.
NOTIC: [2048] Only variables should be passed by reference D:\wwwroot\mainweb\sdk\api\UcApi\Lib\Action\IndexAction.class.php 第 63 行.
NOTIC: [8] Constant API_RETURN_FAILED already defined D:\wwwroot\mainweb\sdk\uc_client\model\note.php 第 16 行.
SQL: SHOW COLUMNS FROM `sdk_accounts` [ RunTime:0.002096s ]
SQL: SELECT * FROM `sdk_accounts` WHERE ( `account_id` = 2257 ) LIMIT 1   [ RunTime:0.000387s ]

