[ 2013-10-09T00:06:11+08:00 ] 192.168.129.203 /api/uc.php?time=1381248370&code=07e5Lk2CWcaqnR6Ng3DQoE76RShDms2LO12GTbIllVDupjAiSHHGR8jIE5FdBGnslupNhB9cu8itu7WGGCJODHlnVNTlT%2FUyAlYRsIk2OFdVp9DoX0gP2JQMZHp7DPg2gKJL0Dgfruid3c90%2BhzOkRR5xZRYftmqmvv73bOfBewKqgKz%2Fw
INFO: [ app_begin ] --START--
INFO: Run ReadHtmlCache Behavior [ RunTime:0.001013s ]
INFO: [ app_begin ] --END-- [ RunTime:0.001110s ]
NOTIC: [8] Constant UC_CLIENT_VERSION already defined D:\wwwroot\mainweb\sdk\api\UcApi\Lib\Action\IndexAction.class.php 第 4 行.
NOTIC: [8] Constant UC_CLIENT_RELEASE already defined D:\wwwroot\mainweb\sdk\api\UcApi\Lib\Action\IndexAction.class.php 第 5 行.
NOTIC: [2048] Only variables should be passed by reference D:\wwwroot\mainweb\sdk\api\UcApi\Lib\Action\IndexAction.class.php 第 63 行.
NOTIC: [8] Constant API_RETURN_FAILED already defined D:\wwwroot\mainweb\sdk\uc_client\model\note.php 第 16 行.
SQL: SHOW COLUMNS FROM `sdk_accounts` [ RunTime:0.002145s ]
SQL: SELECT * FROM `sdk_accounts` WHERE ( `account_id` = 1892 ) LIMIT 1   [ RunTime:0.000587s ]

[ 2013-10-09T07:50:41+08:00 ] 192.168.204.100 /api/uc.php?time=1381276241&code=426aqsQEfnF8EE30eVAYSjOYRqZKjGEfDpzj%2BdAtonUufkuroOGoNcW7ZKTAbnzBRs5iU4dg2UzcFcZCL%2FNiKKnOt8T5HI3PwcWIm8erPI76vCyAkCmyEAp2GD82iAbiUT8J19kcHwlabKwolByQC6gDn%2B8bh3wWgtfHBg
INFO: [ app_begin ] --START--
INFO: Run ReadHtmlCache Behavior [ RunTime:0.001088s ]
INFO: [ app_begin ] --END-- [ RunTime:0.001178s ]
NOTIC: [8] Constant UC_CLIENT_VERSION already defined D:\wwwroot\mainweb\sdk\api\UcApi\Lib\Action\IndexAction.class.php 第 4 行.
NOTIC: [8] Constant UC_CLIENT_RELEASE already defined D:\wwwroot\mainweb\sdk\api\UcApi\Lib\Action\IndexAction.class.php 第 5 行.
NOTIC: [2048] Only variables should be passed by reference D:\wwwroot\mainweb\sdk\api\UcApi\Lib\Action\IndexAction.class.php 第 63 行.
NOTIC: [8] Constant API_RETURN_FAILED already defined D:\wwwroot\mainweb\sdk\uc_client\model\note.php 第 16 行.
SQL: SHOW COLUMNS FROM `sdk_accounts` [ RunTime:0.002392s ]
SQL: SELECT * FROM `sdk_accounts` WHERE ( `account_id` = 2363 ) LIMIT 1   [ RunTime:0.000620s ]

[ 2013-10-09T08:23:47+08:00 ] 192.168.202.85 /api/uc.php?time=1381278227&code=06cbwl46GibqmwVFSk6nMP0G1RGp0N6HB8CuxXU1S2Srz2KN3lQI4TuCGA8ZOvRzZZ2kAEqZRDsqHI0DHTGiDm2IXh7X21Tji%2FwCWq8oh1KPtAX6a%2BnPERvMJDD5Nyr%2B0VdMSLMVwzlHEf8l0sWflabKL1CVBO5uKxPRIKIcEGFc
INFO: [ app_begin ] --START--
INFO: Run ReadHtmlCache Behavior [ RunTime:0.001063s ]
INFO: [ app_begin ] --END-- [ RunTime:0.001157s ]
NOTIC: [8] Constant UC_CLIENT_VERSION already defined D:\wwwroot\mainweb\sdk\api\UcApi\Lib\Action\IndexAction.class.php 第 4 行.
NOTIC: [8] Constant UC_CLIENT_RELEASE already defined D:\wwwroot\mainweb\sdk\api\UcApi\Lib\Action\IndexAction.class.php 第 5 行.
NOTIC: [2048] Only variables should be passed by reference D:\wwwroot\mainweb\sdk\api\UcApi\Lib\Action\IndexAction.class.php 第 63 行.
NOTIC: [8] Constant API_RETURN_FAILED already defined D:\wwwroot\mainweb\sdk\uc_client\model\note.php 第 16 行.
SQL: SHOW COLUMNS FROM `sdk_accounts` [ RunTime:0.001954s ]
SQL: SELECT * FROM `sdk_accounts` WHERE ( `account_id` = 470 ) LIMIT 1   [ RunTime:0.000351s ]

[ 2013-10-09T08:33:09+08:00 ] 192.168.142.227 /api/uc.php?time=1381278788&code=b9e0m2e7WBtQUz2MwuKhnnDxG%2FeGFqGL0sdWzWOl39x%2FJgNSeruZ51Tx%2BsaCnDtUL%2BeubCKIfV81Oc6HoE%2FqRIIXGrj8iZ8g5Np9GIxvHwIFbG2cKVhNjwnw1eJuON8KYh9puKri5sj0sD8eBxWAlbqsGruUzoESNESDjOcGVhqbPQ
INFO: [ app_begin ] --START--
INFO: Run ReadHtmlCache Behavior [ RunTime:0.001041s ]
INFO: [ app_begin ] --END-- [ RunTime:0.001133s ]
NOTIC: [8] Constant UC_CLIENT_VERSION already defined D:\wwwroot\mainweb\sdk\api\UcApi\Lib\Action\IndexAction.class.php 第 4 行.
NOTIC: [8] Constant UC_CLIENT_RELEASE already defined D:\wwwroot\mainweb\sdk\api\UcApi\Lib\Action\IndexAction.class.php 第 5 行.
NOTIC: [2048] Only variables should be passed by reference D:\wwwroot\mainweb\sdk\api\UcApi\Lib\Action\IndexAction.class.php 第 63 行.
NOTIC: [8] Constant API_RETURN_FAILED already defined D:\wwwroot\mainweb\sdk\uc_client\model\note.php 第 16 行.
SQL: SHOW COLUMNS FROM `sdk_accounts` [ RunTime:0.002122s ]
SQL: SELECT * FROM `sdk_accounts` WHERE ( `account_id` = 2476 ) LIMIT 1   [ RunTime:0.000486s ]

[ 2013-10-09T10:10:55+08:00 ] 192.168.182.70 /api/uc.php?time=1381284654&code=18bbE4icmJHFtTTlsn4f2S8x9qLcgVEkfw%2F1gAjp3GlJEr84h1XgXqEpp6c3F%2BrehAG0FV2t69%2FbXqosn%2BIoBmrZPDdhsvL%2B6RynpG9ldqti2glViUh7q2oDNE6m%2B64g4rIL6uaSCj8cpG4suYMdyZvRefJPk8m5emmYcS0Ds3am
INFO: [ app_begin ] --START--
INFO: Run ReadHtmlCache Behavior [ RunTime:0.001404s ]
INFO: [ app_begin ] --END-- [ RunTime:0.001518s ]
NOTIC: [8] Constant UC_CLIENT_VERSION already defined D:\wwwroot\mainweb\sdk\api\UcApi\Lib\Action\IndexAction.class.php 第 4 行.
NOTIC: [8] Constant UC_CLIENT_RELEASE already defined D:\wwwroot\mainweb\sdk\api\UcApi\Lib\Action\IndexAction.class.php 第 5 行.
NOTIC: [2048] Only variables should be passed by reference D:\wwwroot\mainweb\sdk\api\UcApi\Lib\Action\IndexAction.class.php 第 63 行.
NOTIC: [8] Constant API_RETURN_FAILED already defined D:\wwwroot\mainweb\sdk\uc_client\model\note.php 第 16 行.
SQL: SHOW COLUMNS FROM `sdk_accounts` [ RunTime:0.002078s ]
SQL: SELECT * FROM `sdk_accounts` WHERE ( `account_id` = 580 ) LIMIT 1   [ RunTime:0.000463s ]

[ 2013-10-09T11:46:06+08:00 ] 192.168.204.72 /api/uc.php?time=1381290366&code=cefbLEAL8aWBucr4xSDZsIo4nc28R%2BNz4aM9cJvRUOUBU5tGWfoM35SDvrUYy%2BwjqK3SxORoWoFk1XrXQj0gw5cE1qIW00em58X3S1VjBNJITwJGZDXW7xFggsq7psCIqrUbokSY03Tnizi4%2FEB9LYWHNYCkgdto3JZoJQ
INFO: [ app_begin ] --START--
INFO: Run ReadHtmlCache Behavior [ RunTime:0.001061s ]
INFO: [ app_begin ] --END-- [ RunTime:0.001222s ]
NOTIC: [8] Constant UC_CLIENT_VERSION already defined D:\wwwroot\mainweb\sdk\api\UcApi\Lib\Action\IndexAction.class.php 第 4 行.
NOTIC: [8] Constant UC_CLIENT_RELEASE already defined D:\wwwroot\mainweb\sdk\api\UcApi\Lib\Action\IndexAction.class.php 第 5 行.
NOTIC: [2048] Only variables should be passed by reference D:\wwwroot\mainweb\sdk\api\UcApi\Lib\Action\IndexAction.class.php 第 63 行.
NOTIC: [8] Constant API_RETURN_FAILED already defined D:\wwwroot\mainweb\sdk\uc_client\model\note.php 第 16 行.
SQL: SHOW COLUMNS FROM `sdk_accounts` [ RunTime:0.002348s ]
SQL: SELECT * FROM `sdk_accounts` WHERE ( `account_id` = 2480 ) LIMIT 1   [ RunTime:0.000600s ]
SQL: INSERT INTO `sdk_accounts` (`account_id`,`user_name`,`email`,`password`,`reg_time`) VALUES (2480,'ghy','695701673@qq.com','1f9d8e8aa23ad239bc052c67bb8e360d3cc45319',1381290366) [ RunTime:0.001506s ]

[ 2013-10-09T11:46:55+08:00 ] 192.168.204.72 /api/uc.php?time=1381290415&code=4cffAjDZJw%2FB%2B9ss%2B63HCfsqm38Sxgb8oeetfddQBGUffysdP8qJWyozyoDOFOqJWDpJO9%2BWKNaMUCG7sxiW5yLiplpCbjdfk%2Fj2im38ni1ONYto2duE3uXm7CJSWuOZf%2Fw3ysNOfGSF%2F%2BQaP7aHB2BG2HPGi6gY5S24VA
INFO: [ app_begin ] --START--
INFO: Run ReadHtmlCache Behavior [ RunTime:0.000929s ]
INFO: [ app_begin ] --END-- [ RunTime:0.001118s ]
NOTIC: [8] Constant UC_CLIENT_VERSION already defined D:\wwwroot\mainweb\sdk\api\UcApi\Lib\Action\IndexAction.class.php 第 4 行.
NOTIC: [8] Constant UC_CLIENT_RELEASE already defined D:\wwwroot\mainweb\sdk\api\UcApi\Lib\Action\IndexAction.class.php 第 5 行.
NOTIC: [2048] Only variables should be passed by reference D:\wwwroot\mainweb\sdk\api\UcApi\Lib\Action\IndexAction.class.php 第 63 行.
NOTIC: [8] Constant API_RETURN_FAILED already defined D:\wwwroot\mainweb\sdk\uc_client\model\note.php 第 16 行.
SQL: SHOW COLUMNS FROM `sdk_accounts` [ RunTime:0.002241s ]
SQL: SELECT * FROM `sdk_accounts` WHERE ( `account_id` = 2480 ) LIMIT 1   [ RunTime:0.000628s ]

[ 2013-10-09T11:59:53+08:00 ] 192.168.168.152 /api/uc.php?time=1381291193&code=35e633MZysK8RVGoEM4YFf5GTHQqbl7GIy2DrwJFi4Hs7j%2FRj1NRAGJAttwRw0YySECyX0tChByQIGwx44L56UKyWRuG2xrjYo6A8uMz7KIDXL2bbKLMDN8E1yvuHSgxDLhGmiiQQB%2B6eTD5kQ6lKZGfbUXpd38naZ%2F2w8xb%2F9c6Vw
INFO: [ app_begin ] --START--
INFO: Run ReadHtmlCache Behavior [ RunTime:0.001237s ]
INFO: [ app_begin ] --END-- [ RunTime:0.001355s ]
NOTIC: [8] Constant UC_CLIENT_VERSION already defined D:\wwwroot\mainweb\sdk\api\UcApi\Lib\Action\IndexAction.class.php 第 4 行.
NOTIC: [8] Constant UC_CLIENT_RELEASE already defined D:\wwwroot\mainweb\sdk\api\UcApi\Lib\Action\IndexAction.class.php 第 5 行.
NOTIC: [2048] Only variables should be passed by reference D:\wwwroot\mainweb\sdk\api\UcApi\Lib\Action\IndexAction.class.php 第 63 行.
NOTIC: [8] Constant API_RETURN_FAILED already defined D:\wwwroot\mainweb\sdk\uc_client\model\note.php 第 16 行.
SQL: SHOW COLUMNS FROM `sdk_accounts` [ RunTime:0.002046s ]
SQL: SELECT * FROM `sdk_accounts` WHERE ( `account_id` = 2481 ) LIMIT 1   [ RunTime:0.000419s ]
SQL: INSERT INTO `sdk_accounts` (`account_id`,`user_name`,`email`,`password`,`reg_time`) VALUES (2481,'罹秣惜','120914091@qq.com','3a622d18b6e2e7252d51283d6d75c28baca09e7d',1381291193) [ RunTime:0.000758s ]

[ 2013-10-09T12:01:58+08:00 ] 192.168.168.152 /api/uc.php?time=1381291318&code=83acdxOGrkS7SWeVt2jTLhjrl7HN08d8xxoq3ktRTxAehwYPPQ%2FMDeMwRNeeL5BqumwOJdAt8s04V1pXek8rclf2InvqoDSMpcuNnAcX5ZfzWm6mj8XQPREAoKOllyW5fJ6MmzMjqPR300XLhJaCgfMIPw1B39lq9saxE52CB4JwDg
INFO: [ app_begin ] --START--
INFO: Run ReadHtmlCache Behavior [ RunTime:0.001053s ]
INFO: [ app_begin ] --END-- [ RunTime:0.001170s ]
NOTIC: [8] Constant UC_CLIENT_VERSION already defined D:\wwwroot\mainweb\sdk\api\UcApi\Lib\Action\IndexAction.class.php 第 4 行.
NOTIC: [8] Constant UC_CLIENT_RELEASE already defined D:\wwwroot\mainweb\sdk\api\UcApi\Lib\Action\IndexAction.class.php 第 5 行.
NOTIC: [2048] Only variables should be passed by reference D:\wwwroot\mainweb\sdk\api\UcApi\Lib\Action\IndexAction.class.php 第 63 行.
NOTIC: [8] Constant API_RETURN_FAILED already defined D:\wwwroot\mainweb\sdk\uc_client\model\note.php 第 16 行.
SQL: SHOW COLUMNS FROM `sdk_accounts` [ RunTime:0.001956s ]
SQL: SELECT * FROM `sdk_accounts` WHERE ( `account_id` = 2481 ) LIMIT 1   [ RunTime:0.000311s ]

[ 2013-10-09T12:05:52+08:00 ] 192.168.186.68 /api/uc.php?time=1381291552&code=b529xq0iuzv6f4i6UlBlPCinZJWKT5izSfQUhnkYDF7cujsW1CGpbYJY1%2F0sF26ctGEQUw6pEv8x08T3uJQhB4ou0nmA7iWVljMAFGanMzUp5KU8kkyKRR0Jz6%2B%2BRpslVzzCFrjB6YCuwcK2XKYy%2BOZyjlGd0Wb8KxK6BfhHfCcU
INFO: [ app_begin ] --START--
INFO: Run ReadHtmlCache Behavior [ RunTime:0.001102s ]
INFO: [ app_begin ] --END-- [ RunTime:0.001220s ]
NOTIC: [8] Constant UC_CLIENT_VERSION already defined D:\wwwroot\mainweb\sdk\api\UcApi\Lib\Action\IndexAction.class.php 第 4 行.
NOTIC: [8] Constant UC_CLIENT_RELEASE already defined D:\wwwroot\mainweb\sdk\api\UcApi\Lib\Action\IndexAction.class.php 第 5 行.
NOTIC: [2048] Only variables should be passed by reference D:\wwwroot\mainweb\sdk\api\UcApi\Lib\Action\IndexAction.class.php 第 63 行.
NOTIC: [8] Constant API_RETURN_FAILED already defined D:\wwwroot\mainweb\sdk\uc_client\model\note.php 第 16 行.
SQL: SHOW COLUMNS FROM `sdk_accounts` [ RunTime:0.001993s ]
SQL: SELECT * FROM `sdk_accounts` WHERE ( `account_id` = 2482 ) LIMIT 1   [ RunTime:0.000408s ]
SQL: INSERT INTO `sdk_accounts` (`account_id`,`user_name`,`email`,`password`,`reg_time`) VALUES (2482,'meicilee','meicilee@163.com','8f03ae1371b012d8c574151a71328b5fd297b73c',1381291552) [ RunTime:0.000413s ]

[ 2013-10-09T12:26:54+08:00 ] 192.168.131.74 /api/uc.php?time=1381292814&code=5d4bg6ViDjAAypUbMHutJjiPECBzb0IStZdvTvy2JALw4s4yzcD%2Fo4c%2BQu7NArhy%2Bduz54r%2BEKNEOBIAEsbfCTKJ543CNSsQJW4Zauma3O3pggLMgr%2BJhVQSMiFv%2BsSB5%2F9Qu3k2%2B0yg4jzEUpUJo4UVOfwLGVaxt3pxsC7x
INFO: [ app_begin ] --START--
INFO: Run ReadHtmlCache Behavior [ RunTime:0.001037s ]
INFO: [ app_begin ] --END-- [ RunTime:0.001155s ]
NOTIC: [8] Constant UC_CLIENT_VERSION already defined D:\wwwroot\mainweb\sdk\api\UcApi\Lib\Action\IndexAction.class.php 第 4 行.
NOTIC: [8] Constant UC_CLIENT_RELEASE already defined D:\wwwroot\mainweb\sdk\api\UcApi\Lib\Action\IndexAction.class.php 第 5 行.
NOTIC: [2048] Only variables should be passed by reference D:\wwwroot\mainweb\sdk\api\UcApi\Lib\Action\IndexAction.class.php 第 63 行.
NOTIC: [8] Constant API_RETURN_FAILED already defined D:\wwwroot\mainweb\sdk\uc_client\model\note.php 第 16 行.
SQL: SHOW COLUMNS FROM `sdk_accounts` [ RunTime:0.002053s ]
SQL: SELECT * FROM `sdk_accounts` WHERE ( `account_id` = 1476 ) LIMIT 1   [ RunTime:0.000593s ]

[ 2013-10-09T12:37:01+08:00 ] 192.168.139.79 /api/uc.php?time=1381293421&code=99bbo9PSovI2q3aOzPABmw4qrXFFJ%2BCegSGLu4HV5kA58wS5fYKrsAQvM5cLfuzN9g9FkBB%2FGwqtZa4F7VWajhicMKtXUvdaCGxaLTQTaDj5ZopFathh2FfV9t1fDPdmmYbSzm%2BxpSjBGN5oBAur0Jlf3uCtH8gxu7wRtMSkDWg
INFO: [ app_begin ] --START--
INFO: Run ReadHtmlCache Behavior [ RunTime:0.001077s ]
INFO: [ app_begin ] --END-- [ RunTime:0.001239s ]
NOTIC: [8] Constant UC_CLIENT_VERSION already defined D:\wwwroot\mainweb\sdk\api\UcApi\Lib\Action\IndexAction.class.php 第 4 行.
NOTIC: [8] Constant UC_CLIENT_RELEASE already defined D:\wwwroot\mainweb\sdk\api\UcApi\Lib\Action\IndexAction.class.php 第 5 行.
NOTIC: [2048] Only variables should be passed by reference D:\wwwroot\mainweb\sdk\api\UcApi\Lib\Action\IndexAction.class.php 第 63 行.
NOTIC: [8] Constant API_RETURN_FAILED already defined D:\wwwroot\mainweb\sdk\uc_client\model\note.php 第 16 行.
SQL: SHOW COLUMNS FROM `sdk_accounts` [ RunTime:0.001939s ]
SQL: SELECT * FROM `sdk_accounts` WHERE ( `account_id` = 910 ) LIMIT 1   [ RunTime:0.000482s ]

[ 2013-10-09T12:39:42+08:00 ] 192.168.180.103 /api/uc.php?time=1381293582&code=e5377xff%2FJl%2BqvqBPdShCjruJ8DUF7yVjI%2FVBbz1kxLAILsu7XSJmpi8mtI%2Frs3Qw88%2B7inFlw8WqLgZ3Rzht%2B4eSKMaRz7WUWGsVbmTb3PaMC0gEVZAJrWTe0nErB309YnmoisFBbqncdkLDoDNbQlE8cPzWHxcIJom9RJ6agoi
INFO: [ app_begin ] --START--
INFO: Run ReadHtmlCache Behavior [ RunTime:0.000700s ]
INFO: [ app_begin ] --END-- [ RunTime:0.000817s ]
NOTIC: [8] Constant UC_CLIENT_VERSION already defined D:\wwwroot\mainweb\sdk\api\UcApi\Lib\Action\IndexAction.class.php 第 4 行.
NOTIC: [8] Constant UC_CLIENT_RELEASE already defined D:\wwwroot\mainweb\sdk\api\UcApi\Lib\Action\IndexAction.class.php 第 5 行.
NOTIC: [2048] Only variables should be passed by reference D:\wwwroot\mainweb\sdk\api\UcApi\Lib\Action\IndexAction.class.php 第 63 行.
NOTIC: [8] Constant API_RETURN_FAILED already defined D:\wwwroot\mainweb\sdk\uc_client\model\note.php 第 16 行.
SQL: SHOW COLUMNS FROM `sdk_accounts` [ RunTime:0.001949s ]
SQL: SELECT * FROM `sdk_accounts` WHERE ( `account_id` = 2483 ) LIMIT 1   [ RunTime:0.000505s ]
SQL: INSERT INTO `sdk_accounts` (`account_id`,`user_name`,`email`,`password`,`reg_time`) VALUES (2483,'babefish','609252085@qq.com','d0df626a131e7bc174a00c987cabb2929f540625',1381293582) [ RunTime:0.000919s ]

[ 2013-10-09T12:42:40+08:00 ] 202.116.192.50 /api/uc.php?code=9df4m7LWShxKzNVAYKwNtVwwfAX0W5dF7VPiJ%2FGZh3uJ0Xc303IS9FfQnFx8Mrsj2pnRBEh6E4bxXN7H6fPdZubDfbh73ZGPKIhW8bJ4gGr%2BO84FNkqt3BLY41o&__times__=1
INFO: [ app_begin ] --START--
INFO: Run ReadHtmlCache Behavior [ RunTime:0.000920s ]
INFO: [ app_begin ] --END-- [ RunTime:0.001034s ]
NOTIC: [8] Constant UC_CLIENT_VERSION already defined D:\wwwroot\mainweb\sdk\api\UcApi\Lib\Action\IndexAction.class.php 第 4 行.
NOTIC: [8] Constant UC_CLIENT_RELEASE already defined D:\wwwroot\mainweb\sdk\api\UcApi\Lib\Action\IndexAction.class.php 第 5 行.
NOTIC: [2048] Only variables should be passed by reference D:\wwwroot\mainweb\sdk\api\UcApi\Lib\Action\IndexAction.class.php 第 63 行.

[ 2013-10-09T12:42:40+08:00 ] 192.168.180.103 /api/uc.php?time=1381293760&code=1bd9PFS9PHTbbBd2tS1PI6BFWocKhSLklhU61Z9c44FQiS5jmhP2gflFjIPk6W4Ar%2BNcHhdotoQV6WRBCjr79fhWMfH0NJZDVIunFn2UF%2FSE7H%2F8zQQBccLweSK5PAgHcD%2F5WQ5WkqvOl6VC00zukRIAkzfiG%2F8kZKI0QgNsi84yvufFCA
INFO: [ app_begin ] --START--
INFO: Run ReadHtmlCache Behavior [ RunTime:0.001151s ]
INFO: [ app_begin ] --END-- [ RunTime:0.001273s ]
NOTIC: [8] Constant UC_CLIENT_VERSION already defined D:\wwwroot\mainweb\sdk\api\UcApi\Lib\Action\IndexAction.class.php 第 4 行.
NOTIC: [8] Constant UC_CLIENT_RELEASE already defined D:\wwwroot\mainweb\sdk\api\UcApi\Lib\Action\IndexAction.class.php 第 5 行.
NOTIC: [2048] Only variables should be passed by reference D:\wwwroot\mainweb\sdk\api\UcApi\Lib\Action\IndexAction.class.php 第 63 行.
NOTIC: [8] Constant API_RETURN_FAILED already defined D:\wwwroot\mainweb\sdk\uc_client\model\note.php 第 16 行.
SQL: SHOW COLUMNS FROM `sdk_accounts` [ RunTime:0.002214s ]
SQL: SELECT * FROM `sdk_accounts` WHERE ( `account_id` = 2483 ) LIMIT 1   [ RunTime:0.000660s ]
NOTIC: [8] Undefined index:  apph D:\wwwroot\mainweb\sdk\uc_client\model\note.php 第 169 行.
NOTIC: [8] Undefined offset:  2 D:\wwwroot\mainweb\sdk\uc_client\model\note.php 第 141 行.

[ 2013-10-09T13:00:41+08:00 ] 192.168.131.20 /api/uc.php?time=1381294841&code=b342af0mK4XaowjH5MRqmY%2Bo%2FEZ3rzKzb%2BHwWu4oy2n7Fo4LlSMKYOhoYwOzAAInJbwtmeUIDLRaqJ8EMJ8EGXM7Dhz2k2nGj6XnadJdZCUH%2FM%2BbNN5OC8P6keb5XhWZ0oMfhSxGLKIoFYPsuG2A8SQKTsvEk%2BezAtHC1g
INFO: [ app_begin ] --START--
INFO: Run ReadHtmlCache Behavior [ RunTime:0.001067s ]
INFO: [ app_begin ] --END-- [ RunTime:0.001256s ]
NOTIC: [8] Constant UC_CLIENT_VERSION already defined D:\wwwroot\mainweb\sdk\api\UcApi\Lib\Action\IndexAction.class.php 第 4 行.
NOTIC: [8] Constant UC_CLIENT_RELEASE already defined D:\wwwroot\mainweb\sdk\api\UcApi\Lib\Action\IndexAction.class.php 第 5 行.
NOTIC: [2048] Only variables should be passed by reference D:\wwwroot\mainweb\sdk\api\UcApi\Lib\Action\IndexAction.class.php 第 63 行.
NOTIC: [8] Constant API_RETURN_FAILED already defined D:\wwwroot\mainweb\sdk\uc_client\model\note.php 第 16 行.
SQL: SHOW COLUMNS FROM `sdk_accounts` [ RunTime:0.002096s ]
SQL: SELECT * FROM `sdk_accounts` WHERE ( `account_id` = 2249 ) LIMIT 1   [ RunTime:0.000546s ]

[ 2013-10-09T13:01:59+08:00 ] 192.168.201.15 /api/uc.php?time=1381294919&code=1b86B2r%2BFnx9KR7wbuGSYDmOEeyNhlcItQA2e7bl1L7BKaLOZRvR82BVFM5DgqHg6mhnWL%2BaxZ%2FtJWIxR2M%2FQ2sFDQKliuzBwI1Xf1hVuhHfbiw1qIrAYIKI3X4NP3GKNQuy0tdAseGzFi7DW0KYQoqdNA5OxeVcAmnDo7owNQ
INFO: [ app_begin ] --START--
INFO: Run ReadHtmlCache Behavior [ RunTime:0.001183s ]
INFO: [ app_begin ] --END-- [ RunTime:0.001307s ]
NOTIC: [8] Constant UC_CLIENT_VERSION already defined D:\wwwroot\mainweb\sdk\api\UcApi\Lib\Action\IndexAction.class.php 第 4 行.
NOTIC: [8] Constant UC_CLIENT_RELEASE already defined D:\wwwroot\mainweb\sdk\api\UcApi\Lib\Action\IndexAction.class.php 第 5 行.
NOTIC: [2048] Only variables should be passed by reference D:\wwwroot\mainweb\sdk\api\UcApi\Lib\Action\IndexAction.class.php 第 63 行.
NOTIC: [8] Constant API_RETURN_FAILED already defined D:\wwwroot\mainweb\sdk\uc_client\model\note.php 第 16 行.
SQL: SHOW COLUMNS FROM `sdk_accounts` [ RunTime:0.002265s ]
SQL: SELECT * FROM `sdk_accounts` WHERE ( `account_id` = 1711 ) LIMIT 1   [ RunTime:0.000600s ]

[ 2013-10-09T13:03:04+08:00 ] 192.168.157.137 /api/uc.php?time=1381294984&code=709f5QrZ9YhI9sRbBxLmKW8iGeFrXKxQzVPdXYzfe0YEh4h3uWubXVrWiUqxljUwuWIptczZNB94gaU%2BRkVfoCBQeCRfxsMSDDLC1124IgWlTMc40zGDdrKC%2Fv926LK860Mz4O0yYLB9bTW6M8XuWKOIRdOYj8Wkp80WP3oHxA
INFO: [ app_begin ] --START--
INFO: Run ReadHtmlCache Behavior [ RunTime:0.001269s ]
INFO: [ app_begin ] --END-- [ RunTime:0.001388s ]
NOTIC: [8] Constant UC_CLIENT_VERSION already defined D:\wwwroot\mainweb\sdk\api\UcApi\Lib\Action\IndexAction.class.php 第 4 行.
NOTIC: [8] Constant UC_CLIENT_RELEASE already defined D:\wwwroot\mainweb\sdk\api\UcApi\Lib\Action\IndexAction.class.php 第 5 行.
NOTIC: [2048] Only variables should be passed by reference D:\wwwroot\mainweb\sdk\api\UcApi\Lib\Action\IndexAction.class.php 第 63 行.
NOTIC: [8] Constant API_RETURN_FAILED already defined D:\wwwroot\mainweb\sdk\uc_client\model\note.php 第 16 行.
SQL: SHOW COLUMNS FROM `sdk_accounts` [ RunTime:0.002268s ]
SQL: SELECT * FROM `sdk_accounts` WHERE ( `account_id` = 1834 ) LIMIT 1   [ RunTime:0.000725s ]

[ 2013-10-09T13:04:10+08:00 ] 192.168.180.135 /api/uc.php?time=1381295050&code=6a48AEHx2q%2FYUhzcMOgrTw5d5vL5AKUOIfBdqdqBRx70ss0Rxky5T8SQm8LkxgEjRCnmiOLaq40Hx3mX6JFFBgWwgRW2d45ODuCoTuwhqTAB2Cx80KMEugImJUb%2B5V0jxS1QW%2FZV%2BpgyREQrYls4CaZFjQ%2B9eB7M5uck%2FpatTO5n
INFO: [ app_begin ] --START--
INFO: Run ReadHtmlCache Behavior [ RunTime:0.001049s ]
INFO: [ app_begin ] --END-- [ RunTime:0.001170s ]
NOTIC: [8] Constant UC_CLIENT_VERSION already defined D:\wwwroot\mainweb\sdk\api\UcApi\Lib\Action\IndexAction.class.php 第 4 行.
NOTIC: [8] Constant UC_CLIENT_RELEASE already defined D:\wwwroot\mainweb\sdk\api\UcApi\Lib\Action\IndexAction.class.php 第 5 行.
NOTIC: [2048] Only variables should be passed by reference D:\wwwroot\mainweb\sdk\api\UcApi\Lib\Action\IndexAction.class.php 第 63 行.
NOTIC: [8] Constant API_RETURN_FAILED already defined D:\wwwroot\mainweb\sdk\uc_client\model\note.php 第 16 行.
SQL: SHOW COLUMNS FROM `sdk_accounts` [ RunTime:0.002071s ]
SQL: SELECT * FROM `sdk_accounts` WHERE ( `account_id` = 2385 ) LIMIT 1   [ RunTime:0.000416s ]

[ 2013-10-09T13:06:41+08:00 ] 192.168.200.220 /api/uc.php?time=1381295201&code=159bxtMXiqdEx%2FKbXUeqG%2FPx0P5ILAwL4KGf6%2Bux3SqW2oFTHuM0RdLEURJbXzDKZQxf6w2cOB8Dn4n1cC5xVw1g%2FDMpJhUt7unw5lNOx7GC8iO3o5XV2rR0NPiFccRtFpvlWazgE8zLxQjTaIJsXgO2LpW5%2FjfgmSzVTuyGQTx4IVinfDQEDw
INFO: [ app_begin ] --START--
INFO: Run ReadHtmlCache Behavior [ RunTime:0.001419s ]
INFO: [ app_begin ] --END-- [ RunTime:0.001537s ]
NOTIC: [8] Constant UC_CLIENT_VERSION already defined D:\wwwroot\mainweb\sdk\api\UcApi\Lib\Action\IndexAction.class.php 第 4 行.
NOTIC: [8] Constant UC_CLIENT_RELEASE already defined D:\wwwroot\mainweb\sdk\api\UcApi\Lib\Action\IndexAction.class.php 第 5 行.
NOTIC: [2048] Only variables should be passed by reference D:\wwwroot\mainweb\sdk\api\UcApi\Lib\Action\IndexAction.class.php 第 63 行.
NOTIC: [8] Constant API_RETURN_FAILED already defined D:\wwwroot\mainweb\sdk\uc_client\model\note.php 第 16 行.
SQL: SHOW COLUMNS FROM `sdk_accounts` [ RunTime:0.002251s ]
SQL: SELECT * FROM `sdk_accounts` WHERE ( `account_id` = 1686 ) LIMIT 1   [ RunTime:0.000607s ]

[ 2013-10-09T13:22:17+08:00 ] 119.147.146.118 /api/uc.php?time=1381295050&code=6a48aehx2q%2fyuhzcmogrtw5d5vl5akuoifbdqdqbrx70ss0rxky5t8sqm8lkxgejrcnmiolaq40hx3mx6jffbgwwgrw2d45oducotuwhqtab2cx80kmeugimjub%2b5v0jxs1qw%2fzv%2bpgyreqryls4cazfjq%2b9eb7m5uck%2fpatto5n
INFO: [ app_begin ] --START--
INFO: Run ReadHtmlCache Behavior [ RunTime:0.001103s ]
INFO: [ app_begin ] --END-- [ RunTime:0.001225s ]
NOTIC: [8] Constant UC_CLIENT_VERSION already defined D:\wwwroot\mainweb\sdk\api\UcApi\Lib\Action\IndexAction.class.php 第 4 行.
NOTIC: [8] Constant UC_CLIENT_RELEASE already defined D:\wwwroot\mainweb\sdk\api\UcApi\Lib\Action\IndexAction.class.php 第 5 行.
NOTIC: [8] Undefined index:  time D:\wwwroot\mainweb\sdk\api\UcApi\Lib\Action\IndexAction.class.php 第 54 行.

[ 2013-10-09T13:30:16+08:00 ] 192.168.187.145 /api/uc.php?time=1381296616&code=1f88OoAPrB2rNM63%2FOMdFZJyAKVAY9vziDlDdfc2VY55%2B2Juv6E0awGRXUo%2FKil%2F3WDupZqQLbFgn9aVHLO8vs8p%2Bk6%2B45NadEYJJ8H9nPJMsjPVvclO4PZnYRaIE53JzHAUPSUFLddSQeIxIWLWNISTSPUkXVAAz%2Bx4qPYzMfdU0eg35g
INFO: [ app_begin ] --START--
INFO: Run ReadHtmlCache Behavior [ RunTime:0.000675s ]
INFO: [ app_begin ] --END-- [ RunTime:0.000790s ]
NOTIC: [8] Constant UC_CLIENT_VERSION already defined D:\wwwroot\mainweb\sdk\api\UcApi\Lib\Action\IndexAction.class.php 第 4 行.
NOTIC: [8] Constant UC_CLIENT_RELEASE already defined D:\wwwroot\mainweb\sdk\api\UcApi\Lib\Action\IndexAction.class.php 第 5 行.
NOTIC: [2048] Only variables should be passed by reference D:\wwwroot\mainweb\sdk\api\UcApi\Lib\Action\IndexAction.class.php 第 63 行.
NOTIC: [8] Constant API_RETURN_FAILED already defined D:\wwwroot\mainweb\sdk\uc_client\model\note.php 第 16 行.
SQL: SHOW COLUMNS FROM `sdk_accounts` [ RunTime:0.002198s ]
SQL: SELECT * FROM `sdk_accounts` WHERE ( `account_id` = 2451 ) LIMIT 1   [ RunTime:0.000519s ]

[ 2013-10-09T13:47:39+08:00 ] 192.168.189.167 /api/uc.php?time=1381297658&code=3ff9%2BLX6C8ZLa7O8Nij%2F%2FK27dBwY1JAD2qtsqBNXpViNB2od6mtkdNIVkz8ea%2FIFg9QL2eKCIpHzF0GauuAoe592tGbIjx43hSrWIcF8R1Y8TP5kpx8Qa9i2dOMDIjePgb2fC6rwZ33PTSTdJRA7SxuCx2QkJ80vbMRMd%2FINMXU
INFO: [ app_begin ] --START--
INFO: Run ReadHtmlCache Behavior [ RunTime:0.001069s ]
INFO: [ app_begin ] --END-- [ RunTime:0.001190s ]
NOTIC: [8] Constant UC_CLIENT_VERSION already defined D:\wwwroot\mainweb\sdk\api\UcApi\Lib\Action\IndexAction.class.php 第 4 行.
NOTIC: [8] Constant UC_CLIENT_RELEASE already defined D:\wwwroot\mainweb\sdk\api\UcApi\Lib\Action\IndexAction.class.php 第 5 行.
NOTIC: [2048] Only variables should be passed by reference D:\wwwroot\mainweb\sdk\api\UcApi\Lib\Action\IndexAction.class.php 第 63 行.
NOTIC: [8] Constant API_RETURN_FAILED already defined D:\wwwroot\mainweb\sdk\uc_client\model\note.php 第 16 行.
SQL: SHOW COLUMNS FROM `sdk_accounts` [ RunTime:0.002244s ]
SQL: SELECT * FROM `sdk_accounts` WHERE ( `account_id` = 452 ) LIMIT 1   [ RunTime:0.000404s ]

[ 2013-10-09T14:15:25+08:00 ] 192.168.205.146 /api/uc.php?time=1381299322&code=d715OyrzmwHgHa%2BtbVndkb1833gCZ3YdybX6K9YaG7OOhlLf9mSuTUacqk2utrEsQTKpMAeKotRSKKClmwAuuG99uAn2LjBKy6n7aSUIhr%2Fe6iG31TeyNUFJ1RRDhp2ZuH5dmMM4izezi8SI6U3MqF3s3fo38xxKEfA0VwMYvF7rJg
INFO: [ app_begin ] --START--
INFO: Run ReadHtmlCache Behavior [ RunTime:0.000710s ]
INFO: [ app_begin ] --END-- [ RunTime:0.000829s ]
NOTIC: [8] Constant UC_CLIENT_VERSION already defined D:\wwwroot\mainweb\sdk\api\UcApi\Lib\Action\IndexAction.class.php 第 4 行.
NOTIC: [8] Constant UC_CLIENT_RELEASE already defined D:\wwwroot\mainweb\sdk\api\UcApi\Lib\Action\IndexAction.class.php 第 5 行.
NOTIC: [2048] Only variables should be passed by reference D:\wwwroot\mainweb\sdk\api\UcApi\Lib\Action\IndexAction.class.php 第 63 行.
NOTIC: [8] Constant API_RETURN_FAILED already defined D:\wwwroot\mainweb\sdk\uc_client\model\note.php 第 16 行.
SQL: SHOW COLUMNS FROM `sdk_accounts` [ RunTime:0.002155s ]
SQL: SELECT * FROM `sdk_accounts` WHERE ( `account_id` = 1832 ) LIMIT 1   [ RunTime:0.000465s ]

[ 2013-10-09T14:23:47+08:00 ] 192.168.141.69 /api/uc.php?time=1381299827&code=ac6f141GNTzUzS13r%2FE9XEzBQo5ZL0xpA5iWSH9HyfmVh9esFpepRUgPtykdeyjyWouf3TseaORkEch2p%2FkVVh9%2B6ZEmBYJ2uneDQRlokhktKoq3do6yf6XqELSQogWD3qk%2BLcnPOBWjySDElSxwC0HJooyLLujbhufvvA
INFO: [ app_begin ] --START--
INFO: Run ReadHtmlCache Behavior [ RunTime:0.001087s ]
INFO: [ app_begin ] --END-- [ RunTime:0.001275s ]
NOTIC: [8] Constant UC_CLIENT_VERSION already defined D:\wwwroot\mainweb\sdk\api\UcApi\Lib\Action\IndexAction.class.php 第 4 行.
NOTIC: [8] Constant UC_CLIENT_RELEASE already defined D:\wwwroot\mainweb\sdk\api\UcApi\Lib\Action\IndexAction.class.php 第 5 行.
NOTIC: [2048] Only variables should be passed by reference D:\wwwroot\mainweb\sdk\api\UcApi\Lib\Action\IndexAction.class.php 第 63 行.
NOTIC: [8] Constant API_RETURN_FAILED already defined D:\wwwroot\mainweb\sdk\uc_client\model\note.php 第 16 行.
SQL: SHOW COLUMNS FROM `sdk_accounts` [ RunTime:0.001910s ]
SQL: SELECT * FROM `sdk_accounts` WHERE ( `account_id` = 2484 ) LIMIT 1   [ RunTime:0.000376s ]
SQL: INSERT INTO `sdk_accounts` (`account_id`,`user_name`,`email`,`password`,`reg_time`) VALUES (2484,'763','234510268@qq.com','de2c4d2e43d3f3efe8ceba4912ceeeda0fcffb6b',1381299827) [ RunTime:0.000885s ]

[ 2013-10-09T14:23:52+08:00 ] 183.4.1.6 /api/uc.php?time=1381299832&code=0ae5NdWBHj2PiIs0%2BN%2FP0S7ff42LGxYSEg9LD4Tr4ySfqdRR9m136zxbg6WoxlvaEwUzFrOKgqjLd%2BwaOjBPzP97HUFnOnf7PdMuSG%2BhLqGiX3cVw8gOxGm2NUpAt7etmTRLIFztv9tn4XMfEo%2FqWRjJ%2BTk%2BH73jCeWHc82x
INFO: [ app_begin ] --START--
INFO: Run ReadHtmlCache Behavior [ RunTime:0.000959s ]
INFO: [ app_begin ] --END-- [ RunTime:0.001079s ]
NOTIC: [8] Constant UC_CLIENT_VERSION already defined D:\wwwroot\mainweb\sdk\api\UcApi\Lib\Action\IndexAction.class.php 第 4 行.
NOTIC: [8] Constant UC_CLIENT_RELEASE already defined D:\wwwroot\mainweb\sdk\api\UcApi\Lib\Action\IndexAction.class.php 第 5 行.
NOTIC: [2048] Only variables should be passed by reference D:\wwwroot\mainweb\sdk\api\UcApi\Lib\Action\IndexAction.class.php 第 63 行.
NOTIC: [8] Constant API_RETURN_FAILED already defined D:\wwwroot\mainweb\sdk\uc_client\model\note.php 第 16 行.
SQL: SHOW COLUMNS FROM `sdk_accounts` [ RunTime:0.001907s ]
SQL: SELECT * FROM `sdk_accounts` WHERE ( `account_id` = 558 ) LIMIT 1   [ RunTime:0.000326s ]

[ 2013-10-09T14:25:04+08:00 ] 202.116.192.50 /api/uc.php?code=22ebR%2BiF%2BqOBdl43TfRtEHsPZ%2Fp2TaFQk6WSrqJ5CLu2VQQXIHwyLRpwU81k3VWWwWmu%2FuR1HbaExZd3SX5ZUy%2BbCFa9v96dVV9zfOwVWuBOaQs&__times__=1
INFO: [ app_begin ] --START--
INFO: Run ReadHtmlCache Behavior [ RunTime:0.000923s ]
INFO: [ app_begin ] --END-- [ RunTime:0.001093s ]
NOTIC: [8] Constant UC_CLIENT_VERSION already defined D:\wwwroot\mainweb\sdk\api\UcApi\Lib\Action\IndexAction.class.php 第 4 行.
NOTIC: [8] Constant UC_CLIENT_RELEASE already defined D:\wwwroot\mainweb\sdk\api\UcApi\Lib\Action\IndexAction.class.php 第 5 行.
NOTIC: [2048] Only variables should be passed by reference D:\wwwroot\mainweb\sdk\api\UcApi\Lib\Action\IndexAction.class.php 第 63 行.

[ 2013-10-09T14:25:04+08:00 ] 192.168.141.69 /api/uc.php?time=1381299904&code=0d08Zqh6sg0ROlVx%2FnErpxyNjSTKJ7nzfwnssIPuRS5nq06vArWCyEaXJ230tAngbCDe%2F4klnHxbmVhmyttvrGgELDv%2FrrWkLtsOJk6rnmrKc7Iq0HBTb9vzJNyqOX8GwkdxKEi7DFfYGfZEV3ymw0htqb%2Bfxbyz9137eg
INFO: [ app_begin ] --START--
INFO: Run ReadHtmlCache Behavior [ RunTime:0.001253s ]
INFO: [ app_begin ] --END-- [ RunTime:0.001373s ]
NOTIC: [8] Constant UC_CLIENT_VERSION already defined D:\wwwroot\mainweb\sdk\api\UcApi\Lib\Action\IndexAction.class.php 第 4 行.
NOTIC: [8] Constant UC_CLIENT_RELEASE already defined D:\wwwroot\mainweb\sdk\api\UcApi\Lib\Action\IndexAction.class.php 第 5 行.
NOTIC: [2048] Only variables should be passed by reference D:\wwwroot\mainweb\sdk\api\UcApi\Lib\Action\IndexAction.class.php 第 63 行.
NOTIC: [8] Constant API_RETURN_FAILED already defined D:\wwwroot\mainweb\sdk\uc_client\model\note.php 第 16 行.
SQL: SHOW COLUMNS FROM `sdk_accounts` [ RunTime:0.002284s ]
SQL: SELECT * FROM `sdk_accounts` WHERE ( `account_id` = 2484 ) LIMIT 1   [ RunTime:0.000554s ]
NOTIC: [8] Undefined index:  apph D:\wwwroot\mainweb\sdk\uc_client\model\note.php 第 169 行.
NOTIC: [8] Undefined offset:  2 D:\wwwroot\mainweb\sdk\uc_client\model\note.php 第 141 行.

[ 2013-10-09T15:17:28+08:00 ] 192.168.164.216 /api/uc.php?time=1381303047&code=4b38dGDf0eD6Y8lLHT6QJ6sZucxD2Wu%2FmfCjKgD34OCSyKv2HJtBtpEasqqWM%2B9tm3G%2FEDU%2FR9%2BabjWZ5%2BduXabMiu3SiZqR0n9A7WCBbY62gJ5aLD3VHlVcsy051e74M4RQFCBw6q4zrk%2Fl5l3IRetsIcXOCyjWpE5sOFidaA
INFO: [ app_begin ] --START--
INFO: Run ReadHtmlCache Behavior [ RunTime:0.001333s ]
INFO: [ app_begin ] --END-- [ RunTime:0.001428s ]
NOTIC: [8] Constant UC_CLIENT_VERSION already defined D:\wwwroot\mainweb\sdk\api\UcApi\Lib\Action\IndexAction.class.php 第 4 行.
NOTIC: [8] Constant UC_CLIENT_RELEASE already defined D:\wwwroot\mainweb\sdk\api\UcApi\Lib\Action\IndexAction.class.php 第 5 行.
NOTIC: [2048] Only variables should be passed by reference D:\wwwroot\mainweb\sdk\api\UcApi\Lib\Action\IndexAction.class.php 第 63 行.
NOTIC: [8] Constant API_RETURN_FAILED already defined D:\wwwroot\mainweb\sdk\uc_client\model\note.php 第 16 行.
SQL: SHOW COLUMNS FROM `sdk_accounts` [ RunTime:0.002432s ]
SQL: SELECT * FROM `sdk_accounts` WHERE ( `account_id` = 1079 ) LIMIT 1   [ RunTime:0.000592s ]

[ 2013-10-09T16:32:44+08:00 ] 192.168.205.102 /api/uc.php?time=1381307564&code=1dc5LS2rgs0nDsiYCWvJl3yr1wqTAVnN%2BbTvfr5haD91EDUpXkJE20MVl5i35rzx2VJ3qCWM%2FEm1RslbIPBxOQjR%2FhXzhRXmZufz6YBGYX%2BI7NskD66GYlJRI5BubZlG%2BdS7qvMIGbnvNzYiTuZe7gr%2F8uYzzMK5kCAx
INFO: [ app_begin ] --START--
INFO: Run ReadHtmlCache Behavior [ RunTime:0.001187s ]
INFO: [ app_begin ] --END-- [ RunTime:0.001281s ]
NOTIC: [8] Constant UC_CLIENT_VERSION already defined D:\wwwroot\mainweb\sdk\api\UcApi\Lib\Action\IndexAction.class.php 第 4 行.
NOTIC: [8] Constant UC_CLIENT_RELEASE already defined D:\wwwroot\mainweb\sdk\api\UcApi\Lib\Action\IndexAction.class.php 第 5 行.
NOTIC: [2048] Only variables should be passed by reference D:\wwwroot\mainweb\sdk\api\UcApi\Lib\Action\IndexAction.class.php 第 63 行.
NOTIC: [8] Constant API_RETURN_FAILED already defined D:\wwwroot\mainweb\sdk\uc_client\model\note.php 第 16 行.
SQL: SHOW COLUMNS FROM `sdk_accounts` [ RunTime:0.002111s ]
SQL: SELECT * FROM `sdk_accounts` WHERE ( `account_id` = 353 ) LIMIT 1   [ RunTime:0.000446s ]

[ 2013-10-09T16:45:07+08:00 ] 192.168.150.111 /api/uc.php?time=1381308307&code=d023it1AXEKyX7zQQvG3aHbPD%2FdrIOOSDM9TEKC1JyKv9%2BackgQ%2F%2FOHN2ka%2FTi6IY3bqFx8kyqI5ouunZVJDPNYgmVryVlF7ePKZPRI5jgkkjTM%2BtAvgkGW%2Fp9NGAxm6fhFvuf7pyHgufDYt4t%2BfDh4Q%2FOt235N8yf9NVmCl
INFO: [ app_begin ] --START--
INFO: Run ReadHtmlCache Behavior [ RunTime:0.000808s ]
INFO: [ app_begin ] --END-- [ RunTime:0.000899s ]
NOTIC: [8] Constant UC_CLIENT_VERSION already defined D:\wwwroot\mainweb\sdk\api\UcApi\Lib\Action\IndexAction.class.php 第 4 行.
NOTIC: [8] Constant UC_CLIENT_RELEASE already defined D:\wwwroot\mainweb\sdk\api\UcApi\Lib\Action\IndexAction.class.php 第 5 行.
NOTIC: [2048] Only variables should be passed by reference D:\wwwroot\mainweb\sdk\api\UcApi\Lib\Action\IndexAction.class.php 第 63 行.
NOTIC: [8] Constant API_RETURN_FAILED already defined D:\wwwroot\mainweb\sdk\uc_client\model\note.php 第 16 行.
SQL: SHOW COLUMNS FROM `sdk_accounts` [ RunTime:0.002383s ]
SQL: SELECT * FROM `sdk_accounts` WHERE ( `account_id` = 2417 ) LIMIT 1   [ RunTime:0.000315s ]

[ 2013-10-09T16:53:00+08:00 ] 192.168.180.193 /api/uc.php?time=1381308780&code=4abdW925Xd7VF5zPDKbqcyC5EgpixzeKBZ%2B3TC3H80BljzBPVnkk03b7qun%2Bzt1ZR%2BOXffGEITA2J2G9UxfpU34tmk4HPh3Qct8DeVK6Jmugq3s2bM0vUue8GiuRkKAn8UYypPzsqeFiIzUVCEq6zICLZRkNIx8oCEZkOA
INFO: [ app_begin ] --START--
INFO: Run ReadHtmlCache Behavior [ RunTime:0.001132s ]
INFO: [ app_begin ] --END-- [ RunTime:0.001221s ]
NOTIC: [8] Constant UC_CLIENT_VERSION already defined D:\wwwroot\mainweb\sdk\api\UcApi\Lib\Action\IndexAction.class.php 第 4 行.
NOTIC: [8] Constant UC_CLIENT_RELEASE already defined D:\wwwroot\mainweb\sdk\api\UcApi\Lib\Action\IndexAction.class.php 第 5 行.
NOTIC: [2048] Only variables should be passed by reference D:\wwwroot\mainweb\sdk\api\UcApi\Lib\Action\IndexAction.class.php 第 63 行.
NOTIC: [8] Constant API_RETURN_FAILED already defined D:\wwwroot\mainweb\sdk\uc_client\model\note.php 第 16 行.
SQL: SHOW COLUMNS FROM `sdk_accounts` [ RunTime:0.002242s ]
SQL: SELECT * FROM `sdk_accounts` WHERE ( `account_id` = 2083 ) LIMIT 1   [ RunTime:0.000399s ]

[ 2013-10-09T17:00:47+08:00 ] 192.168.159.15 /api/uc.php?time=1381309246&code=598fuZriZ4MoExDwkRNc7ScUD6A0xGvttavMVN4GWowjFCo3pImCo%2BOiyoLusm3b7ihPsqcNVoxSsA7%2BHH7aTMl6TeDZACCHcLiQeArZB4CnE4kR1qsKp3AQvc7Vi7rzRcT%2F5Zhfw7DfMQaFxaowdzQtzT%2FD5j89eEmyAdlLF4Ndzvk
INFO: [ app_begin ] --START--
INFO: Run ReadHtmlCache Behavior [ RunTime:0.001130s ]
INFO: [ app_begin ] --END-- [ RunTime:0.001224s ]
NOTIC: [8] Constant UC_CLIENT_VERSION already defined D:\wwwroot\mainweb\sdk\api\UcApi\Lib\Action\IndexAction.class.php 第 4 行.
NOTIC: [8] Constant UC_CLIENT_RELEASE already defined D:\wwwroot\mainweb\sdk\api\UcApi\Lib\Action\IndexAction.class.php 第 5 行.
NOTIC: [2048] Only variables should be passed by reference D:\wwwroot\mainweb\sdk\api\UcApi\Lib\Action\IndexAction.class.php 第 63 行.
NOTIC: [8] Constant API_RETURN_FAILED already defined D:\wwwroot\mainweb\sdk\uc_client\model\note.php 第 16 行.
SQL: SHOW COLUMNS FROM `sdk_accounts` [ RunTime:0.002386s ]
SQL: SELECT * FROM `sdk_accounts` WHERE ( `account_id` = 1513 ) LIMIT 1   [ RunTime:0.000580s ]

[ 2013-10-09T17:05:33+08:00 ] 192.168.150.111 /api/uc.php?time=1381309533&code=4895CPdyRjjrrImh%2Bj9Bv%2BrNwxfE4k1IGPocScyIRKf7JBMWFPee%2BifekfR0V4fYFGgThjpvzlSm70iNmU%2Bt2YdJO82U42uajq8TFJ3cw3kYvP4WTF5EKXIuCWUSha2KkI5rL1Nuo6XQii60NGjkHW8HUXjD3SmyGaQBWinn
INFO: [ app_begin ] --START--
INFO: Run ReadHtmlCache Behavior [ RunTime:0.001128s ]
INFO: [ app_begin ] --END-- [ RunTime:0.001243s ]
NOTIC: [8] Constant UC_CLIENT_VERSION already defined D:\wwwroot\mainweb\sdk\api\UcApi\Lib\Action\IndexAction.class.php 第 4 行.
NOTIC: [8] Constant UC_CLIENT_RELEASE already defined D:\wwwroot\mainweb\sdk\api\UcApi\Lib\Action\IndexAction.class.php 第 5 行.
NOTIC: [2048] Only variables should be passed by reference D:\wwwroot\mainweb\sdk\api\UcApi\Lib\Action\IndexAction.class.php 第 63 行.
NOTIC: [8] Constant API_RETURN_FAILED already defined D:\wwwroot\mainweb\sdk\uc_client\model\note.php 第 16 行.
SQL: SHOW COLUMNS FROM `sdk_accounts` [ RunTime:0.002028s ]
SQL: SELECT * FROM `sdk_accounts` WHERE ( `account_id` = 2417 ) LIMIT 1   [ RunTime:0.000338s ]

[ 2013-10-09T17:20:46+08:00 ] 192.168.186.219 /api/uc.php?time=1381310446&code=9b825BfLV6oHj%2FPyKZZMozKJD850gnurrfZHU20WPVLI11QjrgeUHpYDJGxjEI9WV5dSY%2B9ftekD2f%2BtHo%2FkVfG1JojDIP246sNWploxBS44rcY4UnzgGrAvfmjxhxOUkhq%2BU1aJfH4vuq9FEnQ6L1qdpFdMS1iUT4lKnQ
INFO: [ app_begin ] --START--
INFO: Run ReadHtmlCache Behavior [ RunTime:0.000886s ]
INFO: [ app_begin ] --END-- [ RunTime:0.000978s ]
NOTIC: [8] Constant UC_CLIENT_VERSION already defined D:\wwwroot\mainweb\sdk\api\UcApi\Lib\Action\IndexAction.class.php 第 4 行.
NOTIC: [8] Constant UC_CLIENT_RELEASE already defined D:\wwwroot\mainweb\sdk\api\UcApi\Lib\Action\IndexAction.class.php 第 5 行.
NOTIC: [2048] Only variables should be passed by reference D:\wwwroot\mainweb\sdk\api\UcApi\Lib\Action\IndexAction.class.php 第 63 行.
NOTIC: [8] Constant API_RETURN_FAILED already defined D:\wwwroot\mainweb\sdk\uc_client\model\note.php 第 16 行.
SQL: SHOW COLUMNS FROM `sdk_accounts` [ RunTime:0.001985s ]
SQL: SELECT * FROM `sdk_accounts` WHERE ( `account_id` = 537 ) LIMIT 1   [ RunTime:0.000424s ]

[ 2013-10-09T17:20:47+08:00 ] 192.168.180.193 /api/uc.php?time=1381310447&code=553c%2BS%2BuIyoksOO6xS9UgsohEe9z2ku0p1n66lOspQZQ%2BFPGV1OvQC2SDYzPdTO0w3AdxnXBcKdqie62ZG3QlMzV7kFyn5peGcOW5sdQ4GsdnnVdtoSNd7q5bPxBrShvFTazrlTk0cziQQr6zdPaSeNRngOiOCY%2FIuZNoQ
INFO: [ app_begin ] --START--
INFO: Run ReadHtmlCache Behavior [ RunTime:0.000811s ]
INFO: [ app_begin ] --END-- [ RunTime:0.000898s ]
NOTIC: [8] Constant UC_CLIENT_VERSION already defined D:\wwwroot\mainweb\sdk\api\UcApi\Lib\Action\IndexAction.class.php 第 4 行.
NOTIC: [8] Constant UC_CLIENT_RELEASE already defined D:\wwwroot\mainweb\sdk\api\UcApi\Lib\Action\IndexAction.class.php 第 5 行.
NOTIC: [2048] Only variables should be passed by reference D:\wwwroot\mainweb\sdk\api\UcApi\Lib\Action\IndexAction.class.php 第 63 行.
NOTIC: [8] Constant API_RETURN_FAILED already defined D:\wwwroot\mainweb\sdk\uc_client\model\note.php 第 16 行.
SQL: SHOW COLUMNS FROM `sdk_accounts` [ RunTime:0.001791s ]
SQL: SELECT * FROM `sdk_accounts` WHERE ( `account_id` = 2083 ) LIMIT 1   [ RunTime:0.000158s ]

[ 2013-10-09T17:23:48+08:00 ] 192.168.180.103 /api/uc.php?time=1381310627&code=f7bdFHs10xKERUcjwY5OrVMpUZhtUm7VIbfCWDt11%2BeoS9kzYlTSS5FRYh%2BfQ5KUHjwcN5UwJroJnx3ejPlLm%2FEAUI%2BtE3vC%2BahR3L5Ibc7rCQxH%2Fe5EgjbwNyvi5uWKE9%2B0BtJc%2F91yVJ459VE4XMS0G%2FpS0f2%2F7tnR6nwNQWOqcTKjig
INFO: [ app_begin ] --START--
INFO: Run ReadHtmlCache Behavior [ RunTime:0.000825s ]
INFO: [ app_begin ] --END-- [ RunTime:0.000915s ]
NOTIC: [8] Constant UC_CLIENT_VERSION already defined D:\wwwroot\mainweb\sdk\api\UcApi\Lib\Action\IndexAction.class.php 第 4 行.
NOTIC: [8] Constant UC_CLIENT_RELEASE already defined D:\wwwroot\mainweb\sdk\api\UcApi\Lib\Action\IndexAction.class.php 第 5 行.
NOTIC: [2048] Only variables should be passed by reference D:\wwwroot\mainweb\sdk\api\UcApi\Lib\Action\IndexAction.class.php 第 63 行.
NOTIC: [8] Constant API_RETURN_FAILED already defined D:\wwwroot\mainweb\sdk\uc_client\model\note.php 第 16 行.
SQL: SHOW COLUMNS FROM `sdk_accounts` [ RunTime:0.002035s ]
SQL: SELECT * FROM `sdk_accounts` WHERE ( `account_id` = 2483 ) LIMIT 1   [ RunTime:0.000386s ]

[ 2013-10-09T17:31:20+08:00 ] 192.168.180.103 /api/uc.php?time=1381311080&code=9e08qg3cTq1SBEH7%2BymZuynWsCLzH0pbCZ%2Fvnjy5b0awaqswG%2BYYK%2B0tFt3Fe2kBFIQl7K5lf3TTsKtqKYLPz%2BAmZdnadFSP7XabJMqxlphSvt1Oy2TI8RV3Uh3kEchD1MXqlZo3mXQsi6qUx6aCV1KcQymSgyacFR7dxEZnNI6NcC8wIA
INFO: [ app_begin ] --START--
INFO: Run ReadHtmlCache Behavior [ RunTime:0.001208s ]
INFO: [ app_begin ] --END-- [ RunTime:0.001298s ]
NOTIC: [8] Constant UC_CLIENT_VERSION already defined D:\wwwroot\mainweb\sdk\api\UcApi\Lib\Action\IndexAction.class.php 第 4 行.
NOTIC: [8] Constant UC_CLIENT_RELEASE already defined D:\wwwroot\mainweb\sdk\api\UcApi\Lib\Action\IndexAction.class.php 第 5 行.
NOTIC: [2048] Only variables should be passed by reference D:\wwwroot\mainweb\sdk\api\UcApi\Lib\Action\IndexAction.class.php 第 63 行.
NOTIC: [8] Constant API_RETURN_FAILED already defined D:\wwwroot\mainweb\sdk\uc_client\model\note.php 第 16 行.
SQL: SHOW COLUMNS FROM `sdk_accounts` [ RunTime:0.002403s ]
SQL: SELECT * FROM `sdk_accounts` WHERE ( `account_id` = 2483 ) LIMIT 1   [ RunTime:0.000430s ]

[ 2013-10-09T17:35:20+08:00 ] 192.168.180.103 /api/uc.php?time=1381311319&code=6c7bzkdCu6%2BoAu6Wc6vRxpgYKzzSCPZKBaMPauhdXavt8r8lxoyFuDlwBl4TtNbExQ4gqJcTmugkBst1Qw
INFO: [ app_begin ] --START--
INFO: Run ReadHtmlCache Behavior [ RunTime:0.001153s ]
INFO: [ app_begin ] --END-- [ RunTime:0.001246s ]
NOTIC: [8] Constant UC_CLIENT_VERSION already defined D:\wwwroot\mainweb\sdk\api\UcApi\Lib\Action\IndexAction.class.php 第 4 行.
NOTIC: [8] Constant UC_CLIENT_RELEASE already defined D:\wwwroot\mainweb\sdk\api\UcApi\Lib\Action\IndexAction.class.php 第 5 行.
NOTIC: [2048] Only variables should be passed by reference D:\wwwroot\mainweb\sdk\api\UcApi\Lib\Action\IndexAction.class.php 第 63 行.

[ 2013-10-09T17:35:36+08:00 ] 192.168.180.103 /api/uc.php?time=1381311336&code=5f3df0jKUHQeHnx0JgarqRi0g%2BWxfol2cUZXONwzdrekKX80fV9l%2BHR%2FmMK17TLQ7IEuIPCtIEjinGxr%2FlWwENPPuXsQWzUDGxbsATuX0TkyUFo2op1%2FVA3ToHtwvYDq4E8c%2F1KF%2Be9rWKTyctcvnXvC6LbD6j0q98iewNf17lsyCMAxuQ
INFO: [ app_begin ] --START--
INFO: Run ReadHtmlCache Behavior [ RunTime:0.001189s ]
INFO: [ app_begin ] --END-- [ RunTime:0.001282s ]
NOTIC: [8] Constant UC_CLIENT_VERSION already defined D:\wwwroot\mainweb\sdk\api\UcApi\Lib\Action\IndexAction.class.php 第 4 行.
NOTIC: [8] Constant UC_CLIENT_RELEASE already defined D:\wwwroot\mainweb\sdk\api\UcApi\Lib\Action\IndexAction.class.php 第 5 行.
NOTIC: [2048] Only variables should be passed by reference D:\wwwroot\mainweb\sdk\api\UcApi\Lib\Action\IndexAction.class.php 第 63 行.
NOTIC: [8] Constant API_RETURN_FAILED already defined D:\wwwroot\mainweb\sdk\uc_client\model\note.php 第 16 行.
SQL: SHOW COLUMNS FROM `sdk_accounts` [ RunTime:0.002378s ]
SQL: SELECT * FROM `sdk_accounts` WHERE ( `account_id` = 2483 ) LIMIT 1   [ RunTime:0.000488s ]

[ 2013-10-09T17:53:19+08:00 ] 192.168.129.29 /api/uc.php?time=1381312399&code=a564K5XdMbaY%2FPJtarYkUCIXWxk4%2FS4MuiAxiPgpB8La%2BbpkIQ8XTan6cbj7oXWhFGzvOK5NqFSWTcktQrZcIemsc9JgKz9G%2Fyy%2BDI4yXrpmtbzA5lYVApcTh1XCah0iB946s5pqPYxFJO8kMhE98aDLMEpw8F%2BKwORka479G2C8jg
INFO: [ app_begin ] --START--
INFO: Run ReadHtmlCache Behavior [ RunTime:0.001147s ]
INFO: [ app_begin ] --END-- [ RunTime:0.001238s ]
NOTIC: [8] Constant UC_CLIENT_VERSION already defined D:\wwwroot\mainweb\sdk\api\UcApi\Lib\Action\IndexAction.class.php 第 4 行.
NOTIC: [8] Constant UC_CLIENT_RELEASE already defined D:\wwwroot\mainweb\sdk\api\UcApi\Lib\Action\IndexAction.class.php 第 5 行.
NOTIC: [2048] Only variables should be passed by reference D:\wwwroot\mainweb\sdk\api\UcApi\Lib\Action\IndexAction.class.php 第 63 行.
NOTIC: [8] Constant API_RETURN_FAILED already defined D:\wwwroot\mainweb\sdk\uc_client\model\note.php 第 16 行.
SQL: SHOW COLUMNS FROM `sdk_accounts` [ RunTime:0.002347s ]
SQL: SELECT * FROM `sdk_accounts` WHERE ( `account_id` = 2485 ) LIMIT 1   [ RunTime:0.000539s ]
SQL: INSERT INTO `sdk_accounts` (`account_id`,`user_name`,`email`,`password`,`reg_time`) VALUES (2485,'邹锦圣','610169218@qq.com','03260e643bf1d5de2f335097aed3bd72412ec55e',1381312399) [ RunTime:0.001347s ]

[ 2013-10-09T18:00:16+08:00 ] 192.168.181.8 /api/uc.php?time=1381312816&code=d223UxvpIkokdFr3Du2AR%2Ft5XiFrzNwVr4LRVr7cQ5a8lEXJW6mXDviz0KoiE%2FGvZaJibY3oLWpexISaJ0I1hrUvSuo890O501kTpXhb%2BdJZKU0Mrd2QoTAX4%2BFktct6KGB92oU58fI4nZZNTAISMEY837ybkvgMeJNhItu4HCn3e3OY1w
INFO: [ app_begin ] --START--
INFO: Run ReadHtmlCache Behavior [ RunTime:0.001120s ]
INFO: [ app_begin ] --END-- [ RunTime:0.001210s ]
NOTIC: [8] Constant UC_CLIENT_VERSION already defined D:\wwwroot\mainweb\sdk\api\UcApi\Lib\Action\IndexAction.class.php 第 4 行.
NOTIC: [8] Constant UC_CLIENT_RELEASE already defined D:\wwwroot\mainweb\sdk\api\UcApi\Lib\Action\IndexAction.class.php 第 5 行.
NOTIC: [2048] Only variables should be passed by reference D:\wwwroot\mainweb\sdk\api\UcApi\Lib\Action\IndexAction.class.php 第 63 行.
NOTIC: [8] Constant API_RETURN_FAILED already defined D:\wwwroot\mainweb\sdk\uc_client\model\note.php 第 16 行.
SQL: SHOW COLUMNS FROM `sdk_accounts` [ RunTime:0.001985s ]
SQL: SELECT * FROM `sdk_accounts` WHERE ( `account_id` = 2023 ) LIMIT 1   [ RunTime:0.000435s ]

[ 2013-10-09T18:03:14+08:00 ] 192.168.166.80 /api/uc.php?time=1381312994&code=9d2d0ORxSkMM%2BTw44fVV8sKSgdpmutNa4%2F0VeLdN95I9naiXfG1W6eY%2FJfP9J38QMDDq9ckeAYNfiVXdXfb7lweFTQE5itFbdvZLdfbUba3uhhC3QqvCgIAXGSCUXWxraXyjmzk%2FafFLo0xe27BOs4osQLsrX%2BrzMApsYcpX4Wn5
INFO: [ app_begin ] --START--
INFO: Run ReadHtmlCache Behavior [ RunTime:0.001158s ]
INFO: [ app_begin ] --END-- [ RunTime:0.001253s ]
NOTIC: [8] Constant UC_CLIENT_VERSION already defined D:\wwwroot\mainweb\sdk\api\UcApi\Lib\Action\IndexAction.class.php 第 4 行.
NOTIC: [8] Constant UC_CLIENT_RELEASE already defined D:\wwwroot\mainweb\sdk\api\UcApi\Lib\Action\IndexAction.class.php 第 5 行.
NOTIC: [2048] Only variables should be passed by reference D:\wwwroot\mainweb\sdk\api\UcApi\Lib\Action\IndexAction.class.php 第 63 行.
NOTIC: [8] Constant API_RETURN_FAILED already defined D:\wwwroot\mainweb\sdk\uc_client\model\note.php 第 16 行.
SQL: SHOW COLUMNS FROM `sdk_accounts` [ RunTime:0.002078s ]
SQL: SELECT * FROM `sdk_accounts` WHERE ( `account_id` = 1045 ) LIMIT 1   [ RunTime:0.000473s ]

[ 2013-10-09T18:05:00+08:00 ] 183.4.20.211 /api/uc.php?time=1381313087&code=d26cdv87brHSyiKilHUJLO2EcLuEUJMonE3XdF3Vv69Oz5%2BpNmJhkDuFsxxIALeCqhfiH3g9JaaNlDFUD1mZB7UMSRuij55fg2cIDEBMJzyV%2F1%2BgBote2Yz7Zbh4chI2Ea7Caerwov%2Fh2d%2F%2BYiSHIxfcp5xvlnPFpEfq2b8
INFO: [ app_begin ] --START--
INFO: Run ReadHtmlCache Behavior [ RunTime:0.000803s ]
INFO: [ app_begin ] --END-- [ RunTime:0.000895s ]
NOTIC: [8] Constant UC_CLIENT_VERSION already defined D:\wwwroot\mainweb\sdk\api\UcApi\Lib\Action\IndexAction.class.php 第 4 行.
NOTIC: [8] Constant UC_CLIENT_RELEASE already defined D:\wwwroot\mainweb\sdk\api\UcApi\Lib\Action\IndexAction.class.php 第 5 行.
NOTIC: [2048] Only variables should be passed by reference D:\wwwroot\mainweb\sdk\api\UcApi\Lib\Action\IndexAction.class.php 第 63 行.
NOTIC: [8] Constant API_RETURN_FAILED already defined D:\wwwroot\mainweb\sdk\uc_client\model\note.php 第 16 行.
SQL: SHOW COLUMNS FROM `sdk_accounts` [ RunTime:0.002045s ]
SQL: SELECT * FROM `sdk_accounts` WHERE ( `account_id` = 1949 ) LIMIT 1   [ RunTime:0.000414s ]

[ 2013-10-09T18:09:21+08:00 ] 192.168.202.235 /api/uc.php?time=1381313361&code=579f%2FwtEvDtLKsVfa%2BrCxgJh5Aankpncu6o057qNoqn0ZPbrQi6UyM9IlsnSPe9Wn6OXO3D7XPky5MTx5qfrd7FdBoG4%2B8nqHtStmf21QJzc%2BKPJ3SO8x%2FZritf81IbIy4W3tQF008%2B%2F8hTfWs6kAlViSAcHF5%2FcWimdeMcgufD7
INFO: [ app_begin ] --START--
INFO: Run ReadHtmlCache Behavior [ RunTime:0.001135s ]
INFO: [ app_begin ] --END-- [ RunTime:0.001228s ]
NOTIC: [8] Constant UC_CLIENT_VERSION already defined D:\wwwroot\mainweb\sdk\api\UcApi\Lib\Action\IndexAction.class.php 第 4 行.
NOTIC: [8] Constant UC_CLIENT_RELEASE already defined D:\wwwroot\mainweb\sdk\api\UcApi\Lib\Action\IndexAction.class.php 第 5 行.
NOTIC: [2048] Only variables should be passed by reference D:\wwwroot\mainweb\sdk\api\UcApi\Lib\Action\IndexAction.class.php 第 63 行.
NOTIC: [8] Constant API_RETURN_FAILED already defined D:\wwwroot\mainweb\sdk\uc_client\model\note.php 第 16 行.
SQL: SHOW COLUMNS FROM `sdk_accounts` [ RunTime:0.002036s ]
SQL: SELECT * FROM `sdk_accounts` WHERE ( `account_id` = 1317 ) LIMIT 1   [ RunTime:0.000413s ]

[ 2013-10-09T18:30:53+08:00 ] 192.168.200.90 /api/uc.php?time=1381314653&code=667cWejjvEPF46Cu%2BnO5hJAECPQm8bq3WhAyBAVq6zfZBqktFYIOrlJGGL2MlH7AkQnDcGxBG5xC%2BkHFKIjL7h180IxsqwjuS3b1970rXRbGZGzyEZq20JrZag8spvRVAlx95Ci5Cuv6qW1yIeLDio2zAoE65EYV1op%2BTHYCA7bkPQ
INFO: [ app_begin ] --START--
INFO: Run ReadHtmlCache Behavior [ RunTime:0.001529s ]
INFO: [ app_begin ] --END-- [ RunTime:0.001622s ]
NOTIC: [8] Constant UC_CLIENT_VERSION already defined D:\wwwroot\mainweb\sdk\api\UcApi\Lib\Action\IndexAction.class.php 第 4 行.
NOTIC: [8] Constant UC_CLIENT_RELEASE already defined D:\wwwroot\mainweb\sdk\api\UcApi\Lib\Action\IndexAction.class.php 第 5 行.
NOTIC: [2048] Only variables should be passed by reference D:\wwwroot\mainweb\sdk\api\UcApi\Lib\Action\IndexAction.class.php 第 63 行.
NOTIC: [8] Constant API_RETURN_FAILED already defined D:\wwwroot\mainweb\sdk\uc_client\model\note.php 第 16 行.
SQL: SHOW COLUMNS FROM `sdk_accounts` [ RunTime:0.001871s ]
SQL: SELECT * FROM `sdk_accounts` WHERE ( `account_id` = 1790 ) LIMIT 1   [ RunTime:0.000516s ]

[ 2013-10-09T18:33:16+08:00 ] 112.64.235.254 /api/uc.php?time=1381312994&code=9d2d0ORxSkMM+Tw44fVV8sKSgdpmutNa4/0VeLdN95I9naiXfG1W6eY/JfP9J38QMDDq9ckeAYNfiVXdXfb7lweFTQE5itFbdvZLdfbUba3uhhC3QqvCgIAXGSCUXWxraXyjmzk/afFLo0xe27BOs4osQLsrX+rzMApsYcpX4Wn5
INFO: [ app_begin ] --START--
INFO: Run ReadHtmlCache Behavior [ RunTime:0.001200s ]
INFO: [ app_begin ] --END-- [ RunTime:0.001355s ]
NOTIC: [8] Constant UC_CLIENT_VERSION already defined D:\wwwroot\mainweb\sdk\api\UcApi\Lib\Action\IndexAction.class.php 第 4 行.
NOTIC: [8] Constant UC_CLIENT_RELEASE already defined D:\wwwroot\mainweb\sdk\api\UcApi\Lib\Action\IndexAction.class.php 第 5 行.
NOTIC: [8] Undefined index:  time D:\wwwroot\mainweb\sdk\api\UcApi\Lib\Action\IndexAction.class.php 第 54 行.

[ 2013-10-09T18:43:35+08:00 ] 192.168.180.82 /api/uc.php?time=1381315415&code=815b1G812Qmdq%2BCaUhnIVA7wqNNG9vX%2BcND3Xc2tuLRwcfd1Yplq5vWodC7d9Sl772jl9mVLIJe2V1uSfCweRXwrrxVt1F8J%2Fxm9s95Cl0aah%2FvRByIbLhMCCu4t%2FiXYrjqFkVg%2BbhW2RuJYhsXgvokJt%2FYq3TT3HvhTE70
INFO: [ app_begin ] --START--
INFO: Run ReadHtmlCache Behavior [ RunTime:0.001222s ]
INFO: [ app_begin ] --END-- [ RunTime:0.001319s ]
NOTIC: [8] Constant UC_CLIENT_VERSION already defined D:\wwwroot\mainweb\sdk\api\UcApi\Lib\Action\IndexAction.class.php 第 4 行.
NOTIC: [8] Constant UC_CLIENT_RELEASE already defined D:\wwwroot\mainweb\sdk\api\UcApi\Lib\Action\IndexAction.class.php 第 5 行.
NOTIC: [2048] Only variables should be passed by reference D:\wwwroot\mainweb\sdk\api\UcApi\Lib\Action\IndexAction.class.php 第 63 行.
NOTIC: [8] Constant API_RETURN_FAILED already defined D:\wwwroot\mainweb\sdk\uc_client\model\note.php 第 16 行.
SQL: SHOW COLUMNS FROM `sdk_accounts` [ RunTime:0.001927s ]
SQL: SELECT * FROM `sdk_accounts` WHERE ( `account_id` = 2486 ) LIMIT 1   [ RunTime:0.000595s ]
SQL: INSERT INTO `sdk_accounts` (`account_id`,`user_name`,`email`,`password`,`reg_time`) VALUES (2486,'qing','519202625@qq.com','abd112c0aa5b1f8b772fc50ae116969628f1ebcf',1381315415) [ RunTime:0.000863s ]

[ 2013-10-09T18:47:52+08:00 ] 202.116.192.50 /api/uc.php?code=86e3rXLOxrpTR7nid%2BVT3V0iCIRXtqWfkN42vWkCgvxIL1tnwNLxu8d55OXJW16Zz7cxz78l9uFi0yxU8zizsSMhhlCTHC4kKLzD8vxFp%2FiNcWkYOxxL7MZ2OcU75uCdEXkCYxK3xtCoCU35Z6ro%2Fjb0iCXDxJFUUaG3yY0&__times__=1
INFO: [ app_begin ] --START--
INFO: Run ReadHtmlCache Behavior [ RunTime:0.001146s ]
INFO: [ app_begin ] --END-- [ RunTime:0.001239s ]
NOTIC: [8] Constant UC_CLIENT_VERSION already defined D:\wwwroot\mainweb\sdk\api\UcApi\Lib\Action\IndexAction.class.php 第 4 行.
NOTIC: [8] Constant UC_CLIENT_RELEASE already defined D:\wwwroot\mainweb\sdk\api\UcApi\Lib\Action\IndexAction.class.php 第 5 行.
NOTIC: [2048] Only variables should be passed by reference D:\wwwroot\mainweb\sdk\api\UcApi\Lib\Action\IndexAction.class.php 第 63 行.

[ 2013-10-09T18:58:37+08:00 ] 192.168.180.82 /api/uc.php?time=1381316316&code=bf96RG98K1GUo4LpuO6Dmj3i4PaXDI2vc2iabWKzAQDdly%2BdHs1jOYJXd3F6GSWLL37XlFMmV8EILIov0qaWF%2FPvpC1QZK9Lp4XIVKtJ3qvXRR3eWQwyMI9reV5Ir%2FM3tKmah%2BZhuvcOdf%2BCz6igI0ZxAAvqBPvPvZUMr1nZqc3u0FYf2FPweA
INFO: [ app_begin ] --START--
INFO: Run ReadHtmlCache Behavior [ RunTime:0.001135s ]
INFO: [ app_begin ] --END-- [ RunTime:0.001225s ]
NOTIC: [8] Constant UC_CLIENT_VERSION already defined D:\wwwroot\mainweb\sdk\api\UcApi\Lib\Action\IndexAction.class.php 第 4 行.
NOTIC: [8] Constant UC_CLIENT_RELEASE already defined D:\wwwroot\mainweb\sdk\api\UcApi\Lib\Action\IndexAction.class.php 第 5 行.
NOTIC: [2048] Only variables should be passed by reference D:\wwwroot\mainweb\sdk\api\UcApi\Lib\Action\IndexAction.class.php 第 63 行.
NOTIC: [8] Constant API_RETURN_FAILED already defined D:\wwwroot\mainweb\sdk\uc_client\model\note.php 第 16 行.
SQL: SHOW COLUMNS FROM `sdk_accounts` [ RunTime:0.017918s ]
SQL: SELECT * FROM `sdk_accounts` WHERE ( `account_id` = 2486 ) LIMIT 1   [ RunTime:0.000506s ]

[ 2013-10-09T19:16:43+08:00 ] 192.168.179.65 /api/uc.php?time=1381317403&code=42d4%2B%2FnQWbnwlRgIXTfVCDgK4daWXuM1VWPH7gLUoJHn%2F%2B2XAD5R1JH3seaR3NcHfmanqnGUW87b6bNXE%2BKf%2BVCvS5djrs5J7ZiuNGhaBdBQLwN%2F6uIHKi4SjqPGdXT45aOkHtRX0DPqZDIQoUxdfua6FcVN3t1Lc%2Fa%2F%2BjoWSw
INFO: [ app_begin ] --START--
INFO: Run ReadHtmlCache Behavior [ RunTime:0.001440s ]
INFO: [ app_begin ] --END-- [ RunTime:0.001532s ]
NOTIC: [8] Constant UC_CLIENT_VERSION already defined D:\wwwroot\mainweb\sdk\api\UcApi\Lib\Action\IndexAction.class.php 第 4 行.
NOTIC: [8] Constant UC_CLIENT_RELEASE already defined D:\wwwroot\mainweb\sdk\api\UcApi\Lib\Action\IndexAction.class.php 第 5 行.
NOTIC: [2048] Only variables should be passed by reference D:\wwwroot\mainweb\sdk\api\UcApi\Lib\Action\IndexAction.class.php 第 63 行.
NOTIC: [8] Constant API_RETURN_FAILED already defined D:\wwwroot\mainweb\sdk\uc_client\model\note.php 第 16 行.
SQL: SHOW COLUMNS FROM `sdk_accounts` [ RunTime:0.002206s ]
SQL: SELECT * FROM `sdk_accounts` WHERE ( `account_id` = 2487 ) LIMIT 1   [ RunTime:0.000388s ]
SQL: INSERT INTO `sdk_accounts` (`account_id`,`user_name`,`email`,`password`,`reg_time`) VALUES (2487,'emiu.m','emiu.m@163.com','b076339eae6b53746708855bffebac84ec5759f8',1381317403) [ RunTime:0.000538s ]

[ 2013-10-09T19:18:20+08:00 ] 202.116.192.50 /api/uc.php?code=13ccRJVmtTf8HTWQn%2BoweJq96dUh%2BNi2toUYpQYXdI1gIc%2BvpZF9oTo0n3qUyr53%2FxyDSXnjdIrY8t%2FDB39MbEG%2FlyNXPf%2BPhUZuaOFCXhlF0eABA1NoJ80&__times__=1
INFO: [ app_begin ] --START--
INFO: Run ReadHtmlCache Behavior [ RunTime:0.001094s ]
INFO: [ app_begin ] --END-- [ RunTime:0.001184s ]
NOTIC: [8] Constant UC_CLIENT_VERSION already defined D:\wwwroot\mainweb\sdk\api\UcApi\Lib\Action\IndexAction.class.php 第 4 行.
NOTIC: [8] Constant UC_CLIENT_RELEASE already defined D:\wwwroot\mainweb\sdk\api\UcApi\Lib\Action\IndexAction.class.php 第 5 行.
NOTIC: [2048] Only variables should be passed by reference D:\wwwroot\mainweb\sdk\api\UcApi\Lib\Action\IndexAction.class.php 第 63 行.

[ 2013-10-09T19:18:20+08:00 ] 192.168.179.65 /api/uc.php?time=1381317500&code=cd85Psr5Vj7u%2BX6ETRfq806EWSpJ%2B9r56L0nI2AM3TEmLFYRbAbTstqLCbtAKW2ZoNtUGngyhR39%2BWOdCHEGwuvn214MZQsb5GPK%2FwuYsR%2FkASmEecUGEITQ%2BypMHASoYQfBrucdrv%2F8fQ3sONtcezK35wmdHqh6oZWE7%2F6sZg9Omw
INFO: [ app_begin ] --START--
INFO: Run ReadHtmlCache Behavior [ RunTime:0.001130s ]
INFO: [ app_begin ] --END-- [ RunTime:0.001221s ]
NOTIC: [8] Constant UC_CLIENT_VERSION already defined D:\wwwroot\mainweb\sdk\api\UcApi\Lib\Action\IndexAction.class.php 第 4 行.
NOTIC: [8] Constant UC_CLIENT_RELEASE already defined D:\wwwroot\mainweb\sdk\api\UcApi\Lib\Action\IndexAction.class.php 第 5 行.
NOTIC: [2048] Only variables should be passed by reference D:\wwwroot\mainweb\sdk\api\UcApi\Lib\Action\IndexAction.class.php 第 63 行.
NOTIC: [8] Constant API_RETURN_FAILED already defined D:\wwwroot\mainweb\sdk\uc_client\model\note.php 第 16 行.
SQL: SHOW COLUMNS FROM `sdk_accounts` [ RunTime:0.001865s ]
SQL: SELECT * FROM `sdk_accounts` WHERE ( `account_id` = 2487 ) LIMIT 1   [ RunTime:0.000387s ]
NOTIC: [8] Undefined index:  apph D:\wwwroot\mainweb\sdk\uc_client\model\note.php 第 169 行.
NOTIC: [8] Undefined offset:  2 D:\wwwroot\mainweb\sdk\uc_client\model\note.php 第 141 行.

[ 2013-10-09T19:35:17+08:00 ] 192.168.202.1 /api/uc.php?time=1381318517&code=86e01iTjrUuKUEa0z5B3nayzCm42V%2BazHXfapNw3EDfZREF7FJKhfinGDghbh%2BoXU3g1utYYXWsk3XQLWC7ovUmLlyAmpcDz7UpHLdncKdL68G5d0EqFJDsP4unL1WYDTPQ6ITjXf5%2FIG%2BaaGjaz%2BeTJSd4nUQcoeeDanZR7vJUS
INFO: [ app_begin ] --START--
INFO: Run ReadHtmlCache Behavior [ RunTime:0.001248s ]
INFO: [ app_begin ] --END-- [ RunTime:0.001340s ]
NOTIC: [8] Constant UC_CLIENT_VERSION already defined D:\wwwroot\mainweb\sdk\api\UcApi\Lib\Action\IndexAction.class.php 第 4 行.
NOTIC: [8] Constant UC_CLIENT_RELEASE already defined D:\wwwroot\mainweb\sdk\api\UcApi\Lib\Action\IndexAction.class.php 第 5 行.
NOTIC: [2048] Only variables should be passed by reference D:\wwwroot\mainweb\sdk\api\UcApi\Lib\Action\IndexAction.class.php 第 63 行.
NOTIC: [8] Constant API_RETURN_FAILED already defined D:\wwwroot\mainweb\sdk\uc_client\model\note.php 第 16 行.
SQL: SHOW COLUMNS FROM `sdk_accounts` [ RunTime:0.014894s ]
SQL: SELECT * FROM `sdk_accounts` WHERE ( `account_id` = 155 ) LIMIT 1   [ RunTime:0.000600s ]

[ 2013-10-09T20:05:17+08:00 ] 180.153.206.14 /api/uc.php?time=1381318517&code=86e01iTjrUuKUEa0z5B3nayzCm42V+azHXfapNw3EDfZREF7FJKhfinGDghbh+oXU3g1utYYXWsk3XQLWC7ovUmLlyAmpcDz7UpHLdncKdL68G5d0EqFJDsP4unL1WYDTPQ6ITjXf5/IG+aaGjaz+eTJSd4nUQcoeeDanZR7vJUS
INFO: [ app_begin ] --START--
INFO: Run ReadHtmlCache Behavior [ RunTime:0.000860s ]
INFO: [ app_begin ] --END-- [ RunTime:0.000967s ]
NOTIC: [8] Constant UC_CLIENT_VERSION already defined D:\wwwroot\mainweb\sdk\api\UcApi\Lib\Action\IndexAction.class.php 第 4 行.
NOTIC: [8] Constant UC_CLIENT_RELEASE already defined D:\wwwroot\mainweb\sdk\api\UcApi\Lib\Action\IndexAction.class.php 第 5 行.
NOTIC: [8] Undefined index:  time D:\wwwroot\mainweb\sdk\api\UcApi\Lib\Action\IndexAction.class.php 第 54 行.

[ 2013-10-09T20:35:16+08:00 ] 192.168.193.144 /api/uc.php?time=1381322116&code=4b9bMY0zlTSObYRdE8Gs1FvBT7SILH7nMFN9zWehITQInrkzqTaYXcKma8f2nRS7UnvAGRBtHTbLMuEJrhHkf5MUpWtDFjOjz6FXu817GSLlAotboUyFiwSpIUAPAhfIPZgzwmN2Vs9JI8HFHXVduUuryWElGW11NtZZdoI
INFO: [ app_begin ] --START--
INFO: Run ReadHtmlCache Behavior [ RunTime:0.000932s ]
INFO: [ app_begin ] --END-- [ RunTime:0.001020s ]
NOTIC: [8] Constant UC_CLIENT_VERSION already defined D:\wwwroot\mainweb\sdk\api\UcApi\Lib\Action\IndexAction.class.php 第 4 行.
NOTIC: [8] Constant UC_CLIENT_RELEASE already defined D:\wwwroot\mainweb\sdk\api\UcApi\Lib\Action\IndexAction.class.php 第 5 行.
NOTIC: [2048] Only variables should be passed by reference D:\wwwroot\mainweb\sdk\api\UcApi\Lib\Action\IndexAction.class.php 第 63 行.
NOTIC: [8] Constant API_RETURN_FAILED already defined D:\wwwroot\mainweb\sdk\uc_client\model\note.php 第 16 行.
SQL: SHOW COLUMNS FROM `sdk_accounts` [ RunTime:0.002266s ]
SQL: SELECT * FROM `sdk_accounts` WHERE ( `account_id` = 1075 ) LIMIT 1   [ RunTime:0.000560s ]

[ 2013-10-09T20:46:38+08:00 ] 192.168.135.14 /api/uc.php?time=1381322798&code=9c97%2BfosQEvMpX2ifhepi%2B8E7J6Lf4eAXmFUp2l6MiQrANQJdiqojMDvNIy0yKD6CimhPjELGIOgiaZYbQ2vG2jeEoM%2BMDbll3cYnjI%2BctQh9WdfACIEHgAUHZWZwqDtJXloUJFVs92nf0wBcIHh%2BWEnanGtPUgcq%2FdBGuE
INFO: [ app_begin ] --START--
INFO: Run ReadHtmlCache Behavior [ RunTime:0.000929s ]
INFO: [ app_begin ] --END-- [ RunTime:0.001018s ]
NOTIC: [8] Constant UC_CLIENT_VERSION already defined D:\wwwroot\mainweb\sdk\api\UcApi\Lib\Action\IndexAction.class.php 第 4 行.
NOTIC: [8] Constant UC_CLIENT_RELEASE already defined D:\wwwroot\mainweb\sdk\api\UcApi\Lib\Action\IndexAction.class.php 第 5 行.
NOTIC: [2048] Only variables should be passed by reference D:\wwwroot\mainweb\sdk\api\UcApi\Lib\Action\IndexAction.class.php 第 63 行.
NOTIC: [8] Constant API_RETURN_FAILED already defined D:\wwwroot\mainweb\sdk\uc_client\model\note.php 第 16 行.
SQL: SHOW COLUMNS FROM `sdk_accounts` [ RunTime:0.002900s ]
SQL: SELECT * FROM `sdk_accounts` WHERE ( `account_id` = 846 ) LIMIT 1   [ RunTime:0.000563s ]

[ 2013-10-09T21:24:56+08:00 ] 192.168.204.7 /api/uc.php?time=1381325096&code=68b9hAFtChA7ptWpO9fG3paAeUY19fGW8oi9N7NNOGNaLkG3g%2FzikShVO1xPbRoreXyEKPMogKP0w7FS2cZbCqKVniYRPOvrIYUAIJ5whA28E6VwiwJ69EtmTQVfXknQ35Uaccw0GrdeSYR%2B3C62MQBULuEBQQnmstLQnZ0
INFO: [ app_begin ] --START--
INFO: Run ReadHtmlCache Behavior [ RunTime:0.000613s ]
INFO: [ app_begin ] --END-- [ RunTime:0.000704s ]
NOTIC: [8] Constant UC_CLIENT_VERSION already defined D:\wwwroot\mainweb\sdk\api\UcApi\Lib\Action\IndexAction.class.php 第 4 行.
NOTIC: [8] Constant UC_CLIENT_RELEASE already defined D:\wwwroot\mainweb\sdk\api\UcApi\Lib\Action\IndexAction.class.php 第 5 行.
NOTIC: [2048] Only variables should be passed by reference D:\wwwroot\mainweb\sdk\api\UcApi\Lib\Action\IndexAction.class.php 第 63 行.
NOTIC: [8] Constant API_RETURN_FAILED already defined D:\wwwroot\mainweb\sdk\uc_client\model\note.php 第 16 行.
SQL: SHOW COLUMNS FROM `sdk_accounts` [ RunTime:0.001995s ]
SQL: SELECT * FROM `sdk_accounts` WHERE ( `account_id` = 107 ) LIMIT 1   [ RunTime:0.000508s ]

[ 2013-10-09T21:29:33+08:00 ] 192.168.194.6 /api/uc.php?time=1381325373&code=6c03fNjNXCEdp9qVsd92edm%2BiNeUkoMwG5d%2ByCYXVwRu53tZx%2BlvMsFNXSpYbKhFTz3uS6uFDmBpbL2h2X0OfaRVJkGqLOD4ER%2Byf4AUVlyCE40EO4s5FUKw0pNzEAvXjbmBHCVJSYIi8R8zU81poU8QXoB%2F4mola9v%2F
INFO: [ app_begin ] --START--
INFO: Run ReadHtmlCache Behavior [ RunTime:0.000927s ]
INFO: [ app_begin ] --END-- [ RunTime:0.001016s ]
NOTIC: [8] Constant UC_CLIENT_VERSION already defined D:\wwwroot\mainweb\sdk\api\UcApi\Lib\Action\IndexAction.class.php 第 4 行.
NOTIC: [8] Constant UC_CLIENT_RELEASE already defined D:\wwwroot\mainweb\sdk\api\UcApi\Lib\Action\IndexAction.class.php 第 5 行.
NOTIC: [2048] Only variables should be passed by reference D:\wwwroot\mainweb\sdk\api\UcApi\Lib\Action\IndexAction.class.php 第 63 行.
NOTIC: [8] Constant API_RETURN_FAILED already defined D:\wwwroot\mainweb\sdk\uc_client\model\note.php 第 16 行.
SQL: SHOW COLUMNS FROM `sdk_accounts` [ RunTime:0.002120s ]
SQL: SELECT * FROM `sdk_accounts` WHERE ( `account_id` = 932 ) LIMIT 1   [ RunTime:0.000434s ]

[ 2013-10-09T21:30:17+08:00 ] 192.168.204.7 /api/uc.php?time=1381325417&code=dd03MZBcNth%2B2v%2Fml6DTlPjLjm9gbT%2F4v9RWb7TU%2BMNPJFMWZPhsgRRpq%2BreoCwuapnFsm4Ex5%2FWhDg46Q
INFO: [ app_begin ] --START--
INFO: Run ReadHtmlCache Behavior [ RunTime:0.000934s ]
INFO: [ app_begin ] --END-- [ RunTime:0.001023s ]
NOTIC: [8] Constant UC_CLIENT_VERSION already defined D:\wwwroot\mainweb\sdk\api\UcApi\Lib\Action\IndexAction.class.php 第 4 行.
NOTIC: [8] Constant UC_CLIENT_RELEASE already defined D:\wwwroot\mainweb\sdk\api\UcApi\Lib\Action\IndexAction.class.php 第 5 行.
NOTIC: [2048] Only variables should be passed by reference D:\wwwroot\mainweb\sdk\api\UcApi\Lib\Action\IndexAction.class.php 第 63 行.

[ 2013-10-09T21:40:05+08:00 ] 192.168.204.7 /api/uc.php?time=1381326005&code=6bdekoAwiubFLGhzGuCtLOM%2Fy79%2BYWQEmjhey4t4hixX9p3XIg95R1kpsOJ1r8gSEtsNClni8Txs2hjoWVYhMQRB777yV1t%2BGOlJMmbw9QxBgj3w5YRjEvuGQjsrDdEOaL%2FSO1TlYJWRq712lf0WKjXSg9KH%2FfTX%2BunZPFU
INFO: [ app_begin ] --START--
INFO: Run ReadHtmlCache Behavior [ RunTime:0.000587s ]
INFO: [ app_begin ] --END-- [ RunTime:0.000679s ]
NOTIC: [8] Constant UC_CLIENT_VERSION already defined D:\wwwroot\mainweb\sdk\api\UcApi\Lib\Action\IndexAction.class.php 第 4 行.
NOTIC: [8] Constant UC_CLIENT_RELEASE already defined D:\wwwroot\mainweb\sdk\api\UcApi\Lib\Action\IndexAction.class.php 第 5 行.
NOTIC: [2048] Only variables should be passed by reference D:\wwwroot\mainweb\sdk\api\UcApi\Lib\Action\IndexAction.class.php 第 63 行.
NOTIC: [8] Constant API_RETURN_FAILED already defined D:\wwwroot\mainweb\sdk\uc_client\model\note.php 第 16 行.
SQL: SHOW COLUMNS FROM `sdk_accounts` [ RunTime:0.001956s ]
SQL: SELECT * FROM `sdk_accounts` WHERE ( `account_id` = 107 ) LIMIT 1   [ RunTime:0.000259s ]

[ 2013-10-09T21:40:20+08:00 ] 192.168.146.201 /api/uc.php?time=1381326019&code=19baLkNbAQlIIWGxe%2FUQZIChYW9IPfbOq0wKvF5EGV1oU1KuAo53C%2FKkryU%2BWbT7RiL7N1PtooJzMPYA6S9GRG09BTO%2FTAKpgrQC%2FqLfz8anRUpfbviKxt4Nj3BNOi%2BoBD59BHXos0Pvic7d3ecFcMIt2e3LsWiUNZoSzs3pGBVPGzk
INFO: [ app_begin ] --START--
INFO: Run ReadHtmlCache Behavior [ RunTime:0.000929s ]
INFO: [ app_begin ] --END-- [ RunTime:0.001021s ]
NOTIC: [8] Constant UC_CLIENT_VERSION already defined D:\wwwroot\mainweb\sdk\api\UcApi\Lib\Action\IndexAction.class.php 第 4 行.
NOTIC: [8] Constant UC_CLIENT_RELEASE already defined D:\wwwroot\mainweb\sdk\api\UcApi\Lib\Action\IndexAction.class.php 第 5 行.
NOTIC: [2048] Only variables should be passed by reference D:\wwwroot\mainweb\sdk\api\UcApi\Lib\Action\IndexAction.class.php 第 63 行.
NOTIC: [8] Constant API_RETURN_FAILED already defined D:\wwwroot\mainweb\sdk\uc_client\model\note.php 第 16 行.
SQL: SHOW COLUMNS FROM `sdk_accounts` [ RunTime:0.002275s ]
SQL: SELECT * FROM `sdk_accounts` WHERE ( `account_id` = 1534 ) LIMIT 1   [ RunTime:0.000600s ]

[ 2013-10-09T21:41:15+08:00 ] 192.168.204.7 /api/uc.php?time=1381326074&code=783cCDdvyjjYXKEblw%2BnJKaJcthNZOtOyR1he9Syi5lwv%2BSZt1yrM2n%2B6oVNIS8lC4KK1UAOdxlcikkUCrn%2BIJZ%2Fo%2B5SZrgHzxISvSbBbsSVUyP91NGeVqBe1D0FSbhIHQffcP0lVwykZacF3UyxZyLnvHEF9oNojK1KtdE
INFO: [ app_begin ] --START--
INFO: Run ReadHtmlCache Behavior [ RunTime:0.000251s ]
INFO: [ app_begin ] --END-- [ RunTime:0.000340s ]
NOTIC: [8] Constant UC_CLIENT_VERSION already defined D:\wwwroot\mainweb\sdk\api\UcApi\Lib\Action\IndexAction.class.php 第 4 行.
NOTIC: [8] Constant UC_CLIENT_RELEASE already defined D:\wwwroot\mainweb\sdk\api\UcApi\Lib\Action\IndexAction.class.php 第 5 行.
NOTIC: [2048] Only variables should be passed by reference D:\wwwroot\mainweb\sdk\api\UcApi\Lib\Action\IndexAction.class.php 第 63 行.
NOTIC: [8] Constant API_RETURN_FAILED already defined D:\wwwroot\mainweb\sdk\uc_client\model\note.php 第 16 行.
SQL: SHOW COLUMNS FROM `sdk_accounts` [ RunTime:0.001949s ]
SQL: SELECT * FROM `sdk_accounts` WHERE ( `account_id` = 107 ) LIMIT 1   [ RunTime:0.000311s ]

[ 2013-10-09T21:47:27+08:00 ] 192.168.201.154 /api/uc.php?time=1381326447&code=e3a5a0aVPgkNJnbbUJQR8wmtOOKCeUo4xOcLN7aFl8kp1FkPuJIp%2BLU1MoBHMuKcW2L6s9l7QGLqgxEwB%2FFgEgQHWuVI9PU5Y9hO6BEmp4i0TcSOOjs4IEMOQLUdgj7emNL0fpKuHnJM%2Bfe%2BLR4Aes9nbcykdYkD8LG2z%2BM
INFO: [ app_begin ] --START--
INFO: Run ReadHtmlCache Behavior [ RunTime:0.000855s ]
INFO: [ app_begin ] --END-- [ RunTime:0.000967s ]
NOTIC: [8] Constant UC_CLIENT_VERSION already defined D:\wwwroot\mainweb\sdk\api\UcApi\Lib\Action\IndexAction.class.php 第 4 行.
NOTIC: [8] Constant UC_CLIENT_RELEASE already defined D:\wwwroot\mainweb\sdk\api\UcApi\Lib\Action\IndexAction.class.php 第 5 行.
NOTIC: [2048] Only variables should be passed by reference D:\wwwroot\mainweb\sdk\api\UcApi\Lib\Action\IndexAction.class.php 第 63 行.
NOTIC: [8] Constant API_RETURN_FAILED already defined D:\wwwroot\mainweb\sdk\uc_client\model\note.php 第 16 行.
SQL: SHOW COLUMNS FROM `sdk_accounts` [ RunTime:0.002090s ]
SQL: SELECT * FROM `sdk_accounts` WHERE ( `account_id` = 1750 ) LIMIT 1   [ RunTime:0.000557s ]

[ 2013-10-09T21:58:29+08:00 ] 192.168.201.223 /api/uc.php?time=1381327109&code=9599MhgL6w0SsfGMJZEcvtEgqcA0nRlDRSWfwZgj1B28WlNgaENjWRBY0Q2c3paHyRT9waEtiY70uZKjT7RIxxkIS%2B0Nuao%2F4r7A8beWaQb6JdiJxAJYqrhh%2BfzkZCfDdR9cYqJsW%2FMUm5%2Bw9iHY8so9Z1AFtcswbYGD
INFO: [ app_begin ] --START--
INFO: Run ReadHtmlCache Behavior [ RunTime:0.001312s ]
INFO: [ app_begin ] --END-- [ RunTime:0.001403s ]
NOTIC: [8] Constant UC_CLIENT_VERSION already defined D:\wwwroot\mainweb\sdk\api\UcApi\Lib\Action\IndexAction.class.php 第 4 行.
NOTIC: [8] Constant UC_CLIENT_RELEASE already defined D:\wwwroot\mainweb\sdk\api\UcApi\Lib\Action\IndexAction.class.php 第 5 行.
NOTIC: [2048] Only variables should be passed by reference D:\wwwroot\mainweb\sdk\api\UcApi\Lib\Action\IndexAction.class.php 第 63 行.
NOTIC: [8] Constant API_RETURN_FAILED already defined D:\wwwroot\mainweb\sdk\uc_client\model\note.php 第 16 行.
SQL: SHOW COLUMNS FROM `sdk_accounts` [ RunTime:0.002116s ]
SQL: SELECT * FROM `sdk_accounts` WHERE ( `account_id` = 748 ) LIMIT 1   [ RunTime:0.000444s ]

[ 2013-10-09T22:19:31+08:00 ] 192.168.205.24 /api/uc.php?time=1381328371&code=b618OXfHhUh4u7%2B%2BAAzO1hZ%2F8NmS7dHqWc7tHEMCRgIiXWWLQt7gpgR2bgzIqLlchS0KmDI2jXP6O8KI3Rwwemkcr1Tq2ldg58szdCEw9L5m%2FmlZz3TPB5VDU3zoOMfEjlezcpbc1hil%2B5wfyNSCj3modNm9Nc5HdS%2FKJA
INFO: [ app_begin ] --START--
INFO: Run ReadHtmlCache Behavior [ RunTime:0.000956s ]
INFO: [ app_begin ] --END-- [ RunTime:0.001045s ]
NOTIC: [8] Constant UC_CLIENT_VERSION already defined D:\wwwroot\mainweb\sdk\api\UcApi\Lib\Action\IndexAction.class.php 第 4 行.
NOTIC: [8] Constant UC_CLIENT_RELEASE already defined D:\wwwroot\mainweb\sdk\api\UcApi\Lib\Action\IndexAction.class.php 第 5 行.
NOTIC: [2048] Only variables should be passed by reference D:\wwwroot\mainweb\sdk\api\UcApi\Lib\Action\IndexAction.class.php 第 63 行.
NOTIC: [8] Constant API_RETURN_FAILED already defined D:\wwwroot\mainweb\sdk\uc_client\model\note.php 第 16 行.
SQL: SHOW COLUMNS FROM `sdk_accounts` [ RunTime:0.001936s ]
SQL: SELECT * FROM `sdk_accounts` WHERE ( `account_id` = 2083 ) LIMIT 1   [ RunTime:0.000333s ]

[ 2013-10-09T22:27:49+08:00 ] 192.168.182.72 /api/uc.php?time=1381328869&code=0346IPQ7AwfOdoAkRslCcwcVGD9JtYrgczWTa5lq%2BtFaB0O4xyaKvKn7JOUo0c1CxBdwsApQxiF%2BbehrdNYevDmwT0JVycZwDEMnQ7B8sD8Wmx%2B%2Bdb9xuLEvvYie7omUeZanCMFUoVsMchI7iRMckSdUIYZcu%2BakAdoDGV4Vo1eX
INFO: [ app_begin ] --START--
INFO: Run ReadHtmlCache Behavior [ RunTime:0.000972s ]
INFO: [ app_begin ] --END-- [ RunTime:0.001062s ]
NOTIC: [8] Constant UC_CLIENT_VERSION already defined D:\wwwroot\mainweb\sdk\api\UcApi\Lib\Action\IndexAction.class.php 第 4 行.
NOTIC: [8] Constant UC_CLIENT_RELEASE already defined D:\wwwroot\mainweb\sdk\api\UcApi\Lib\Action\IndexAction.class.php 第 5 行.
NOTIC: [2048] Only variables should be passed by reference D:\wwwroot\mainweb\sdk\api\UcApi\Lib\Action\IndexAction.class.php 第 63 行.
NOTIC: [8] Constant API_RETURN_FAILED already defined D:\wwwroot\mainweb\sdk\uc_client\model\note.php 第 16 行.
SQL: SHOW COLUMNS FROM `sdk_accounts` [ RunTime:0.002027s ]
SQL: SELECT * FROM `sdk_accounts` WHERE ( `account_id` = 580 ) LIMIT 1   [ RunTime:0.000506s ]

[ 2013-10-09T22:28:09+08:00 ] 192.168.157.14 /api/uc.php?time=1381328889&code=94f0CZaRJwvEJcZXNdXzv%2B%2Bcrf22lNvpAdU0iWGMdEAuchy7lb6MGD9%2BrkWbNdSS0KlHNjAkmKygtKo95T6FszUTqbiwou%2Bj6k%2B5oZREO%2F9Qe0JpExsoWCu4V8wvgBv0WeMvF68v47sUaH0htd0PgXYvw0ZAhisOvjctXQqyGKd4
INFO: [ app_begin ] --START--
INFO: Run ReadHtmlCache Behavior [ RunTime:0.000928s ]
INFO: [ app_begin ] --END-- [ RunTime:0.001019s ]
NOTIC: [8] Constant UC_CLIENT_VERSION already defined D:\wwwroot\mainweb\sdk\api\UcApi\Lib\Action\IndexAction.class.php 第 4 行.
NOTIC: [8] Constant UC_CLIENT_RELEASE already defined D:\wwwroot\mainweb\sdk\api\UcApi\Lib\Action\IndexAction.class.php 第 5 行.
NOTIC: [2048] Only variables should be passed by reference D:\wwwroot\mainweb\sdk\api\UcApi\Lib\Action\IndexAction.class.php 第 63 行.
NOTIC: [8] Constant API_RETURN_FAILED already defined D:\wwwroot\mainweb\sdk\uc_client\model\note.php 第 16 行.
SQL: SHOW COLUMNS FROM `sdk_accounts` [ RunTime:0.002255s ]
SQL: SELECT * FROM `sdk_accounts` WHERE ( `account_id` = 825 ) LIMIT 1   [ RunTime:0.000560s ]

[ 2013-10-09T23:21:34+08:00 ] 192.168.201.161 /api/uc.php?time=1381332094&code=ad44b1b%2FLwb2fMQ8N2d%2BR9sj8LtlHNWaKFWUOCZbvJya1Mc9lolNpZxlJiqbIlvHV89R6kSAUOd6eaK3lPLQTTq%2BreDZCyIocZJF1EXelUs%2FGbJOmyD54JS28LXE4Si2%2FotEJT3EqxnenV8PCYA%2BuMIVLDB1TywE6GRx%2BP8
INFO: [ app_begin ] --START--
INFO: Run ReadHtmlCache Behavior [ RunTime:0.008140s ]
INFO: [ app_begin ] --END-- [ RunTime:0.008231s ]
NOTIC: [8] Constant UC_CLIENT_VERSION already defined D:\wwwroot\mainweb\sdk\api\UcApi\Lib\Action\IndexAction.class.php 第 4 行.
NOTIC: [8] Constant UC_CLIENT_RELEASE already defined D:\wwwroot\mainweb\sdk\api\UcApi\Lib\Action\IndexAction.class.php 第 5 行.
NOTIC: [2048] Only variables should be passed by reference D:\wwwroot\mainweb\sdk\api\UcApi\Lib\Action\IndexAction.class.php 第 63 行.
NOTIC: [8] Constant API_RETURN_FAILED already defined D:\wwwroot\mainweb\sdk\uc_client\model\note.php 第 16 行.
SQL: SHOW COLUMNS FROM `sdk_accounts` [ RunTime:0.002310s ]
SQL: SELECT * FROM `sdk_accounts` WHERE ( `account_id` = 2488 ) LIMIT 1   [ RunTime:0.000479s ]
SQL: INSERT INTO `sdk_accounts` (`account_id`,`user_name`,`email`,`password`,`reg_time`) VALUES (2488,'jack','393165935@qq.com','f857f5b6020e9490a2625b3c8922292d7fade3ed',1381332094) [ RunTime:0.001122s ]

[ 2013-10-09T23:31:01+08:00 ] 202.116.192.50 /api/uc.php?code=3471DD6qsYWilu0Vcq1EKpU4Og2yBBAR961rbsu5jIuGHwPYDf90kd2KnH6vorsOnN2QDC8IL28fu7nE%2FFOOmtB0vJhjM0vzSQbFZhzKOA%2B2tTCNStY9%2B2p9%2FPBu3%2BtsaaRD8Nc&__times__=1
INFO: [ app_begin ] --START--
INFO: Run ReadHtmlCache Behavior [ RunTime:0.000921s ]
INFO: [ app_begin ] --END-- [ RunTime:0.001014s ]
NOTIC: [8] Constant UC_CLIENT_VERSION already defined D:\wwwroot\mainweb\sdk\api\UcApi\Lib\Action\IndexAction.class.php 第 4 行.
NOTIC: [8] Constant UC_CLIENT_RELEASE already defined D:\wwwroot\mainweb\sdk\api\UcApi\Lib\Action\IndexAction.class.php 第 5 行.
NOTIC: [2048] Only variables should be passed by reference D:\wwwroot\mainweb\sdk\api\UcApi\Lib\Action\IndexAction.class.php 第 63 行.

[ 2013-10-09T23:31:01+08:00 ] 192.168.173.15 /api/uc.php?time=1381332660&code=7d18wnPuWKJLHB6bcIECTS8UThzuteCzK45EsHDE7IGMMsbpZrPKJTrqWs%2BkMYk5CjcJlIDH50Da3Gd5eDD9btzLjhdRkCMD%2FZiNwKz9ZPgxIPxfzLxfBsGvp%2FVhLm3Z1nfuQ7NYtyh9hM8vnta1lVA5fTBf9aaudjX2daoucAPYuGqwn54J9A
INFO: [ app_begin ] --START--
INFO: Run ReadHtmlCache Behavior [ RunTime:0.001141s ]
INFO: [ app_begin ] --END-- [ RunTime:0.001233s ]
NOTIC: [8] Constant UC_CLIENT_VERSION already defined D:\wwwroot\mainweb\sdk\api\UcApi\Lib\Action\IndexAction.class.php 第 4 行.
NOTIC: [8] Constant UC_CLIENT_RELEASE already defined D:\wwwroot\mainweb\sdk\api\UcApi\Lib\Action\IndexAction.class.php 第 5 行.
NOTIC: [2048] Only variables should be passed by reference D:\wwwroot\mainweb\sdk\api\UcApi\Lib\Action\IndexAction.class.php 第 63 行.
NOTIC: [8] Constant API_RETURN_FAILED already defined D:\wwwroot\mainweb\sdk\uc_client\model\note.php 第 16 行.
SQL: SHOW COLUMNS FROM `sdk_accounts` [ RunTime:0.002075s ]
SQL: SELECT * FROM `sdk_accounts` WHERE ( `account_id` = 2437 ) LIMIT 1   [ RunTime:0.000566s ]
NOTIC: [8] Undefined index:  apph D:\wwwroot\mainweb\sdk\uc_client\model\note.php 第 169 行.
NOTIC: [8] Undefined offset:  2 D:\wwwroot\mainweb\sdk\uc_client\model\note.php 第 141 行.

[ 2013-10-09T23:37:44+08:00 ] 192.168.193.85 /api/uc.php?time=1381333064&code=12eftWUWAiz7F6o4RO%2FWHEs1OPz46izMMNsEFSznYcYaAMCYlvzCnV4X79t0NsZ11Qa%2B5kYTiuoyM8CvdbjdSPK9dXdZUSflReLr9XYLCAoReDFCizF1xJ1wqOcgqAimGSAUOtTpEGkSVW%2B1b8S26AIA7WRF44TPQupVb3Ss9BoLhv%2FDZA
INFO: [ app_begin ] --START--
INFO: Run ReadHtmlCache Behavior [ RunTime:0.000817s ]
INFO: [ app_begin ] --END-- [ RunTime:0.000909s ]
NOTIC: [8] Constant UC_CLIENT_VERSION already defined D:\wwwroot\mainweb\sdk\api\UcApi\Lib\Action\IndexAction.class.php 第 4 行.
NOTIC: [8] Constant UC_CLIENT_RELEASE already defined D:\wwwroot\mainweb\sdk\api\UcApi\Lib\Action\IndexAction.class.php 第 5 行.
NOTIC: [2048] Only variables should be passed by reference D:\wwwroot\mainweb\sdk\api\UcApi\Lib\Action\IndexAction.class.php 第 63 行.
NOTIC: [8] Constant API_RETURN_FAILED already defined D:\wwwroot\mainweb\sdk\uc_client\model\note.php 第 16 行.
SQL: SHOW COLUMNS FROM `sdk_accounts` [ RunTime:0.002012s ]
SQL: SELECT * FROM `sdk_accounts` WHERE ( `account_id` = 1796 ) LIMIT 1   [ RunTime:0.000498s ]

[ 2013-10-09T23:50:00+08:00 ] 192.168.176.218 /api/uc.php?time=1381333799&code=03abyoKJb26NF1GrmF8WDr69U%2BIJa9q4sRfAh4ZOL3KXn4fuhnIjgewJqOKoAyuL8JhmLQKB26%2FkiDJ1NCo4tvZdklFsEnkskuNnCjJaLR3xUaHdbK7lozmZL7zbVcYwKjYTvLXcJTYtHu9hUD1xllaV4TitfgzIxkjm6A
INFO: [ app_begin ] --START--
INFO: Run ReadHtmlCache Behavior [ RunTime:0.000985s ]
INFO: [ app_begin ] --END-- [ RunTime:0.001077s ]
NOTIC: [8] Constant UC_CLIENT_VERSION already defined D:\wwwroot\mainweb\sdk\api\UcApi\Lib\Action\IndexAction.class.php 第 4 行.
NOTIC: [8] Constant UC_CLIENT_RELEASE already defined D:\wwwroot\mainweb\sdk\api\UcApi\Lib\Action\IndexAction.class.php 第 5 行.
NOTIC: [2048] Only variables should be passed by reference D:\wwwroot\mainweb\sdk\api\UcApi\Lib\Action\IndexAction.class.php 第 63 行.
NOTIC: [8] Constant API_RETURN_FAILED already defined D:\wwwroot\mainweb\sdk\uc_client\model\note.php 第 16 行.
SQL: SHOW COLUMNS FROM `sdk_accounts` [ RunTime:0.002169s ]
SQL: SELECT * FROM `sdk_accounts` WHERE ( `account_id` = 1477 ) LIMIT 1   [ RunTime:0.000484s ]

[ 2013-10-09T23:52:18+08:00 ] 192.168.143.209 /api/uc.php?time=1381333938&code=c704U%2FnW7joJZuL9UOvb8EHACTHaHOI3bYuEJV2EP4%2Fx9JHmkmCYwdF%2BKXBoC0mwFtI0e%2BWMJvc7t2%2BWJZlx1NVYDYT2UBzUQzBYq3k%2B7KUfDYUVbewOwmXAPM1ALditV4mdE17763y1AG9bXl5qEovZWr4N6PlCUeLOfn24nfgs
INFO: [ app_begin ] --START--
INFO: Run ReadHtmlCache Behavior [ RunTime:0.001226s ]
INFO: [ app_begin ] --END-- [ RunTime:0.001317s ]
NOTIC: [8] Constant UC_CLIENT_VERSION already defined D:\wwwroot\mainweb\sdk\api\UcApi\Lib\Action\IndexAction.class.php 第 4 行.
NOTIC: [8] Constant UC_CLIENT_RELEASE already defined D:\wwwroot\mainweb\sdk\api\UcApi\Lib\Action\IndexAction.class.php 第 5 行.
NOTIC: [2048] Only variables should be passed by reference D:\wwwroot\mainweb\sdk\api\UcApi\Lib\Action\IndexAction.class.php 第 63 行.
NOTIC: [8] Constant API_RETURN_FAILED already defined D:\wwwroot\mainweb\sdk\uc_client\model\note.php 第 16 行.
SQL: SHOW COLUMNS FROM `sdk_accounts` [ RunTime:0.001933s ]
SQL: SELECT * FROM `sdk_accounts` WHERE ( `account_id` = 405 ) LIMIT 1   [ RunTime:0.000541s ]

[ 2013-10-09T23:53:19+08:00 ] 192.168.166.138 /api/uc.php?time=1381333999&code=c1a53t4ii5HkPLQooY41Yfua8JBiWdxYnTVlhMeuFDNg4oKEAbzbK3ryezkcQ0Hg356DZmjjQGYtkUl1UNSJU9qo2BKaVNspysWPfUe3BH6zNFgbNYCVG9OUt48VS0%2B9f3zB0z%2FUwFWQEsSqZuA66jDXSppwOrR5%2FfkGkVC7mg
INFO: [ app_begin ] --START--
INFO: Run ReadHtmlCache Behavior [ RunTime:0.001052s ]
INFO: [ app_begin ] --END-- [ RunTime:0.001143s ]
NOTIC: [8] Constant UC_CLIENT_VERSION already defined D:\wwwroot\mainweb\sdk\api\UcApi\Lib\Action\IndexAction.class.php 第 4 行.
NOTIC: [8] Constant UC_CLIENT_RELEASE already defined D:\wwwroot\mainweb\sdk\api\UcApi\Lib\Action\IndexAction.class.php 第 5 行.
NOTIC: [2048] Only variables should be passed by reference D:\wwwroot\mainweb\sdk\api\UcApi\Lib\Action\IndexAction.class.php 第 63 行.
NOTIC: [8] Constant API_RETURN_FAILED already defined D:\wwwroot\mainweb\sdk\uc_client\model\note.php 第 16 行.
SQL: SHOW COLUMNS FROM `sdk_accounts` [ RunTime:0.002224s ]
SQL: SELECT * FROM `sdk_accounts` WHERE ( `account_id` = 1506 ) LIMIT 1   [ RunTime:0.000486s ]

[ 2013-10-09T23:53:49+08:00 ] 192.168.133.139 /api/uc.php?time=1381334029&code=9e11Iff1njdsaXXunJV9%2FYMHEMLXppWYG5K3x89hTquO5u8MhT8DCibmBr3hC0m4SK2RghLehv8BRQ8Dv4rpcEYVUGr%2BDqpmz0CtTBHm1rIz%2BNE5AaIsS69k%2F8Vajm%2F6HfLxktKw2ozzErN0SavU%2Bv9KiA2bpKcS7L9b7HxVSudROQ
INFO: [ app_begin ] --START--
INFO: Run ReadHtmlCache Behavior [ RunTime:0.001155s ]
INFO: [ app_begin ] --END-- [ RunTime:0.001258s ]
NOTIC: [8] Constant UC_CLIENT_VERSION already defined D:\wwwroot\mainweb\sdk\api\UcApi\Lib\Action\IndexAction.class.php 第 4 行.
NOTIC: [8] Constant UC_CLIENT_RELEASE already defined D:\wwwroot\mainweb\sdk\api\UcApi\Lib\Action\IndexAction.class.php 第 5 行.
NOTIC: [2048] Only variables should be passed by reference D:\wwwroot\mainweb\sdk\api\UcApi\Lib\Action\IndexAction.class.php 第 63 行.
NOTIC: [8] Constant API_RETURN_FAILED already defined D:\wwwroot\mainweb\sdk\uc_client\model\note.php 第 16 行.
SQL: SHOW COLUMNS FROM `sdk_accounts` [ RunTime:0.002009s ]
SQL: SELECT * FROM `sdk_accounts` WHERE ( `account_id` = 2043 ) LIMIT 1   [ RunTime:0.000349s ]

