[ 2013-10-24T00:53:41+08:00 ] 192.168.171.72 /api/uc.php?time=1382547221&code=77ba014XrhPjmb8YeUCukiheodrBKK7b%2BlrUZtUCkzgkSC8GVOH%2BPP7TqBY3d6%2F%2BlugWGZJsIFWLpabInW%2B8V55MGDd81jHamr7xNx6u1BmuNYX0b%2Bh%2FzcKMbYqvhJd4scN9%2F%2BHYWChCgKzYFOI%2FFVTK6ZQTlmLA50aMig
INFO: [ app_begin ] --START--
INFO: Run ReadHtmlCache Behavior [ RunTime:0.001419s ]
INFO: [ app_begin ] --END-- [ RunTime:0.001510s ]
NOTIC: [8] Constant UC_CLIENT_VERSION already defined D:\wwwroot\mainweb\sdk\api\UcApi\Lib\Action\IndexAction.class.php 第 4 行.
NOTIC: [8] Constant UC_CLIENT_RELEASE already defined D:\wwwroot\mainweb\sdk\api\UcApi\Lib\Action\IndexAction.class.php 第 5 行.
NOTIC: [2048] Only variables should be passed by reference D:\wwwroot\mainweb\sdk\api\UcApi\Lib\Action\IndexAction.class.php 第 63 行.
NOTIC: [8] Constant API_RETURN_FAILED already defined D:\wwwroot\mainweb\sdk\uc_client\model\note.php 第 16 行.
SQL: SHOW COLUMNS FROM `sdk_accounts` [ RunTime:0.002598s ]
SQL: SELECT * FROM `sdk_accounts` WHERE ( `account_id` = 2496 ) LIMIT 1   [ RunTime:0.000672s ]

[ 2013-10-24T07:43:11+08:00 ] 192.168.164.216 /api/uc.php?time=1382571791&code=70c4CLaQ7Jo8QQ9NL0p2Uhg5eJaQrRe08z2PGw6L2tl1n3epvZ5SwNhBH0W2l1Co7G48cpgBFXs%2BX3h7QrE1EFcpn84Yrm3F3DbzqnOfU0H9tze4WRWN%2FLaV2kHYzu8Vby3TP5LQkMFPjL5LajO4pMXc%2BI0QbbJC1z1LWgjPpw
INFO: [ app_begin ] --START--
INFO: Run ReadHtmlCache Behavior [ RunTime:0.001248s ]
INFO: [ app_begin ] --END-- [ RunTime:0.001338s ]
NOTIC: [8] Constant UC_CLIENT_VERSION already defined D:\wwwroot\mainweb\sdk\api\UcApi\Lib\Action\IndexAction.class.php 第 4 行.
NOTIC: [8] Constant UC_CLIENT_RELEASE already defined D:\wwwroot\mainweb\sdk\api\UcApi\Lib\Action\IndexAction.class.php 第 5 行.
NOTIC: [2048] Only variables should be passed by reference D:\wwwroot\mainweb\sdk\api\UcApi\Lib\Action\IndexAction.class.php 第 63 行.
NOTIC: [8] Constant API_RETURN_FAILED already defined D:\wwwroot\mainweb\sdk\uc_client\model\note.php 第 16 行.
SQL: SHOW COLUMNS FROM `sdk_accounts` [ RunTime:0.018267s ]
SQL: SELECT * FROM `sdk_accounts` WHERE ( `account_id` = 1079 ) LIMIT 1   [ RunTime:0.000705s ]

[ 2013-10-24T08:34:49+08:00 ] 192.168.136.158 /api/uc.php?time=1382574889&code=42f9MAWeOMFEWVyDAXY8VTOXo6y8gALjwWT0qXXs3l8iigHoF1%2B6Od0IYLuKBTGXs0RzLEp8qXkq%2FrqTlL1lzCZbuV%2BSrIrKVyeI92ZdydPdWpHt7ENh4WHdFZPIcwDCb6u6PdCflpO%2FjXdEy%2Bce%2Fvhs5PKME8sNu7Kq8glC71cwVw
INFO: [ app_begin ] --START--
INFO: Run ReadHtmlCache Behavior [ RunTime:0.001349s ]
INFO: [ app_begin ] --END-- [ RunTime:0.001447s ]
NOTIC: [8] Constant UC_CLIENT_VERSION already defined D:\wwwroot\mainweb\sdk\api\UcApi\Lib\Action\IndexAction.class.php 第 4 行.
NOTIC: [8] Constant UC_CLIENT_RELEASE already defined D:\wwwroot\mainweb\sdk\api\UcApi\Lib\Action\IndexAction.class.php 第 5 行.
NOTIC: [2048] Only variables should be passed by reference D:\wwwroot\mainweb\sdk\api\UcApi\Lib\Action\IndexAction.class.php 第 63 行.
NOTIC: [8] Constant API_RETURN_FAILED already defined D:\wwwroot\mainweb\sdk\uc_client\model\note.php 第 16 行.
SQL: SHOW COLUMNS FROM `sdk_accounts` [ RunTime:0.002547s ]
SQL: SELECT * FROM `sdk_accounts` WHERE ( `account_id` = 1560 ) LIMIT 1   [ RunTime:0.000587s ]

[ 2013-10-24T09:39:36+08:00 ] 192.168.140.212 /api/uc.php?time=1382578776&code=8018VXRTJBA3eTnWUynSV5EGGKd6%2BOWvFiIFjCo2C55IunHgqSrF34MfKEsR7uPh3M6y55oBS1faJGCulymoN9Vvt%2FMbgqpKbgRRLAP5uZlHHftyI5ZRgVPAeVglC2LDTi0ArCDSbAupvIl3PXlbm5KsYIx0ieY89sFphos
INFO: [ app_begin ] --START--
INFO: Run ReadHtmlCache Behavior [ RunTime:0.001255s ]
INFO: [ app_begin ] --END-- [ RunTime:0.001347s ]
NOTIC: [8] Constant UC_CLIENT_VERSION already defined D:\wwwroot\mainweb\sdk\api\UcApi\Lib\Action\IndexAction.class.php 第 4 行.
NOTIC: [8] Constant UC_CLIENT_RELEASE already defined D:\wwwroot\mainweb\sdk\api\UcApi\Lib\Action\IndexAction.class.php 第 5 行.
NOTIC: [2048] Only variables should be passed by reference D:\wwwroot\mainweb\sdk\api\UcApi\Lib\Action\IndexAction.class.php 第 63 行.
NOTIC: [8] Constant API_RETURN_FAILED already defined D:\wwwroot\mainweb\sdk\uc_client\model\note.php 第 16 行.
SQL: SHOW COLUMNS FROM `sdk_accounts` [ RunTime:0.002811s ]
SQL: SELECT * FROM `sdk_accounts` WHERE ( `account_id` = 680 ) LIMIT 1   [ RunTime:0.000456s ]

[ 2013-10-24T11:47:31+08:00 ] 192.168.161.129 /api/uc.php?time=1382586451&code=229c7n3fMbi68Pu2iOeLg6pY76tGCzn8Op3nZjcrgpGRLn64yAJhoDsAam8GLrG2OrjymaqUHF18DedQ7St69fmfnaSUFQvrTM5yxdRk6llo9cexfph2OQY269DrT9JrP01Y0cGagF732fUXKGomJx88g3hqPa9JOQflRh4LrSwe
INFO: [ app_begin ] --START--
INFO: Run ReadHtmlCache Behavior [ RunTime:0.001265s ]
INFO: [ app_begin ] --END-- [ RunTime:0.001354s ]
NOTIC: [8] Constant UC_CLIENT_VERSION already defined D:\wwwroot\mainweb\sdk\api\UcApi\Lib\Action\IndexAction.class.php 第 4 行.
NOTIC: [8] Constant UC_CLIENT_RELEASE already defined D:\wwwroot\mainweb\sdk\api\UcApi\Lib\Action\IndexAction.class.php 第 5 行.
NOTIC: [2048] Only variables should be passed by reference D:\wwwroot\mainweb\sdk\api\UcApi\Lib\Action\IndexAction.class.php 第 63 行.
NOTIC: [8] Constant API_RETURN_FAILED already defined D:\wwwroot\mainweb\sdk\uc_client\model\note.php 第 16 行.
SQL: SHOW COLUMNS FROM `sdk_accounts` [ RunTime:0.002327s ]
SQL: SELECT * FROM `sdk_accounts` WHERE ( `account_id` = 544 ) LIMIT 1   [ RunTime:0.000580s ]

[ 2013-10-24T11:47:33+08:00 ] 192.168.161.129 /api/uc.php?time=1382586453&code=d5fbb60Xuz0j3rVw31%2BdPDp1m%2BsOUnZW65THTLZWKzJt7zDSSRHrCnJ%2FSXtb%2BPSx1dlZC9AjzyXFdKQfr0XxvfFInh72ThhHJ7Kvxn2ve0vGVVmYveNOcXa8yLDl%2BmRqDLGSGCfBcm1lfP2Pfzt5V3KWr7c8tjfWkEzW4tJIy4US
INFO: [ app_begin ] --START--
INFO: Run ReadHtmlCache Behavior [ RunTime:0.001440s ]
INFO: [ app_begin ] --END-- [ RunTime:0.001552s ]
NOTIC: [8] Constant UC_CLIENT_VERSION already defined D:\wwwroot\mainweb\sdk\api\UcApi\Lib\Action\IndexAction.class.php 第 4 行.
NOTIC: [8] Constant UC_CLIENT_RELEASE already defined D:\wwwroot\mainweb\sdk\api\UcApi\Lib\Action\IndexAction.class.php 第 5 行.
NOTIC: [2048] Only variables should be passed by reference D:\wwwroot\mainweb\sdk\api\UcApi\Lib\Action\IndexAction.class.php 第 63 行.
NOTIC: [8] Constant API_RETURN_FAILED already defined D:\wwwroot\mainweb\sdk\uc_client\model\note.php 第 16 行.
SQL: SHOW COLUMNS FROM `sdk_accounts` [ RunTime:0.002054s ]
SQL: SELECT * FROM `sdk_accounts` WHERE ( `account_id` = 544 ) LIMIT 1   [ RunTime:0.000236s ]

[ 2013-10-24T12:33:30+08:00 ] 192.168.146.201 /api/uc.php?time=1382589209&code=5de9PNPGGhGA2URQxG%2BbBjqab3Odi%2BgsLX9vTwUhKx%2F7frO%2Fiw5MyQfHIBZcGeu8ZwhQFgv3Nh0PFqNV3o9%2FeWZfXV9C%2FJvQaAUXpM6rMOKzjbX9RaCpdq%2BwLBFTWa9%2BU2CWvi6W8EPGRadC1B5jUtBwA%2Bs8GI1xqmzrVmnCLfjCY4k
INFO: [ app_begin ] --START--
INFO: Run ReadHtmlCache Behavior [ RunTime:0.001261s ]
INFO: [ app_begin ] --END-- [ RunTime:0.001352s ]
NOTIC: [8] Constant UC_CLIENT_VERSION already defined D:\wwwroot\mainweb\sdk\api\UcApi\Lib\Action\IndexAction.class.php 第 4 行.
NOTIC: [8] Constant UC_CLIENT_RELEASE already defined D:\wwwroot\mainweb\sdk\api\UcApi\Lib\Action\IndexAction.class.php 第 5 行.
NOTIC: [2048] Only variables should be passed by reference D:\wwwroot\mainweb\sdk\api\UcApi\Lib\Action\IndexAction.class.php 第 63 行.
NOTIC: [8] Constant API_RETURN_FAILED already defined D:\wwwroot\mainweb\sdk\uc_client\model\note.php 第 16 行.
SQL: SHOW COLUMNS FROM `sdk_accounts` [ RunTime:0.002168s ]
SQL: SELECT * FROM `sdk_accounts` WHERE ( `account_id` = 1534 ) LIMIT 1   [ RunTime:0.000604s ]

[ 2013-10-24T12:52:47+08:00 ] 192.168.185.30 /api/uc.php?time=1382590366&code=06db4R9UGp9DoA%2F%2FwoO%2FQKsnsRFbo5b%2F9DPtqaJzkTJ5TjIepLuhQRapbbeR90D%2FCoJ%2Byvc5rii0Ki5aiUzFp3xrVDHkzayRlr8JIhMyb6tcXUAWDg2m%2FBk%2BgB8xiDSSthskKeXEHby2GAozgwTyY9HcnzxamlhG2rSpqFGgDUJ8hw
INFO: [ app_begin ] --START--
INFO: Run ReadHtmlCache Behavior [ RunTime:0.001396s ]
INFO: [ app_begin ] --END-- [ RunTime:0.001488s ]
NOTIC: [8] Constant UC_CLIENT_VERSION already defined D:\wwwroot\mainweb\sdk\api\UcApi\Lib\Action\IndexAction.class.php 第 4 行.
NOTIC: [8] Constant UC_CLIENT_RELEASE already defined D:\wwwroot\mainweb\sdk\api\UcApi\Lib\Action\IndexAction.class.php 第 5 行.
NOTIC: [2048] Only variables should be passed by reference D:\wwwroot\mainweb\sdk\api\UcApi\Lib\Action\IndexAction.class.php 第 63 行.
NOTIC: [8] Constant API_RETURN_FAILED already defined D:\wwwroot\mainweb\sdk\uc_client\model\note.php 第 16 行.
SQL: SHOW COLUMNS FROM `sdk_accounts` [ RunTime:0.014354s ]
SQL: SELECT * FROM `sdk_accounts` WHERE ( `account_id` = 2177 ) LIMIT 1   [ RunTime:0.000561s ]

[ 2013-10-24T13:02:31+08:00 ] 192.168.171.72 /api/uc.php?time=1382590950&code=74a86buf2hdBxsloLBsbOvqZ4EIItjhY4h7dXXJbmUy%2B1hyc6lm5IiNnux36ORMQg4VSLDjSvZVy5IfSVzSh38CyXzZA2B9lFKwwhQV0To%2B5CjNzbLJthv5Y9uV5YzhmWZUsaB8msS5sjPHlDjjI6NPUPYDc08dpnSE65Q
INFO: [ app_begin ] --START--
INFO: Run ReadHtmlCache Behavior [ RunTime:0.001298s ]
INFO: [ app_begin ] --END-- [ RunTime:0.001388s ]
NOTIC: [8] Constant UC_CLIENT_VERSION already defined D:\wwwroot\mainweb\sdk\api\UcApi\Lib\Action\IndexAction.class.php 第 4 行.
NOTIC: [8] Constant UC_CLIENT_RELEASE already defined D:\wwwroot\mainweb\sdk\api\UcApi\Lib\Action\IndexAction.class.php 第 5 行.
NOTIC: [2048] Only variables should be passed by reference D:\wwwroot\mainweb\sdk\api\UcApi\Lib\Action\IndexAction.class.php 第 63 行.
NOTIC: [8] Constant API_RETURN_FAILED already defined D:\wwwroot\mainweb\sdk\uc_client\model\note.php 第 16 行.
SQL: SHOW COLUMNS FROM `sdk_accounts` [ RunTime:0.002075s ]
SQL: SELECT * FROM `sdk_accounts` WHERE ( `account_id` = 2496 ) LIMIT 1   [ RunTime:0.000222s ]

[ 2013-10-24T13:19:26+08:00 ] 192.168.204.168 /api/uc.php?time=1382591966&code=c2b9GK68BWbfDV8A7hGpl5lO6EPWs%2BYK01dXQvvZZXNXV9KX1%2Bde2sBYt%2BJZghzD7L5ne4nwLNfl40J1kivk3rIQB9b1iARgd3POwXSIsAflfy6qZsq8VdF5Vn64VdDqzxgtP1bWH1lHwz7p3L5x2die8iZ11X%2F%2FVO2l9H%2F%2B0%2BjWoQHo99aOUA
INFO: [ app_begin ] --START--
INFO: Run ReadHtmlCache Behavior [ RunTime:0.001250s ]
INFO: [ app_begin ] --END-- [ RunTime:0.001340s ]
NOTIC: [8] Constant UC_CLIENT_VERSION already defined D:\wwwroot\mainweb\sdk\api\UcApi\Lib\Action\IndexAction.class.php 第 4 行.
NOTIC: [8] Constant UC_CLIENT_RELEASE already defined D:\wwwroot\mainweb\sdk\api\UcApi\Lib\Action\IndexAction.class.php 第 5 行.
NOTIC: [2048] Only variables should be passed by reference D:\wwwroot\mainweb\sdk\api\UcApi\Lib\Action\IndexAction.class.php 第 63 行.
NOTIC: [8] Constant API_RETURN_FAILED already defined D:\wwwroot\mainweb\sdk\uc_client\model\note.php 第 16 行.
SQL: SHOW COLUMNS FROM `sdk_accounts` [ RunTime:0.002860s ]
SQL: SELECT * FROM `sdk_accounts` WHERE ( `account_id` = 1385 ) LIMIT 1   [ RunTime:0.000596s ]

[ 2013-10-24T13:28:57+08:00 ] 183.4.39.148 /api/uc.php?time=1382592537&code=8985f%2FmUtIzSAbRRNVSQn6qzbzrPqI47bN3JrmQnAFK8qC%2BJ182vzeSKabq8BlIzn3jO3%2B%2Bd7qby1F3Md0pedKTk4Ibyie2sxK8rUbRyxYE5jEke%2F2zKZ%2F8jjChdOZAQHBGL4o4rXyrBf9gTvT7EGf7KXDxETmhBqECoQHeu
INFO: [ app_begin ] --START--
INFO: Run ReadHtmlCache Behavior [ RunTime:0.001314s ]
INFO: [ app_begin ] --END-- [ RunTime:0.001406s ]
NOTIC: [8] Constant UC_CLIENT_VERSION already defined D:\wwwroot\mainweb\sdk\api\UcApi\Lib\Action\IndexAction.class.php 第 4 行.
NOTIC: [8] Constant UC_CLIENT_RELEASE already defined D:\wwwroot\mainweb\sdk\api\UcApi\Lib\Action\IndexAction.class.php 第 5 行.
NOTIC: [2048] Only variables should be passed by reference D:\wwwroot\mainweb\sdk\api\UcApi\Lib\Action\IndexAction.class.php 第 63 行.
NOTIC: [8] Constant API_RETURN_FAILED already defined D:\wwwroot\mainweb\sdk\uc_client\model\note.php 第 16 行.
SQL: SHOW COLUMNS FROM `sdk_accounts` [ RunTime:0.002099s ]
SQL: SELECT * FROM `sdk_accounts` WHERE ( `account_id` = 558 ) LIMIT 1   [ RunTime:0.000474s ]

[ 2013-10-24T15:01:36+08:00 ] 192.168.150.27 /api/uc.php?time=1382598095&code=2c0fPPKtOahvJWSjc75KqEgmgmOD0G5UIj0yoj1ngj5tuiIk73KIpoFKCKHcRCa3ewiDTpRWI4tnSIRIOMLKRf70Z8U%2B7QG3609Ht9UD03oX0XW0YK%2B9A%2B2abzp41tCI1g6ikVDVtnX2nFeYx8FeoYlyFs0aj9mGwmrOItZkaFFUHXfXmumaGw
INFO: [ app_begin ] --START--
INFO: Run ReadHtmlCache Behavior [ RunTime:0.001330s ]
INFO: [ app_begin ] --END-- [ RunTime:0.001422s ]
NOTIC: [8] Constant UC_CLIENT_VERSION already defined D:\wwwroot\mainweb\sdk\api\UcApi\Lib\Action\IndexAction.class.php 第 4 行.
NOTIC: [8] Constant UC_CLIENT_RELEASE already defined D:\wwwroot\mainweb\sdk\api\UcApi\Lib\Action\IndexAction.class.php 第 5 行.
NOTIC: [2048] Only variables should be passed by reference D:\wwwroot\mainweb\sdk\api\UcApi\Lib\Action\IndexAction.class.php 第 63 行.
NOTIC: [8] Constant API_RETURN_FAILED already defined D:\wwwroot\mainweb\sdk\uc_client\model\note.php 第 16 行.
SQL: SHOW COLUMNS FROM `sdk_accounts` [ RunTime:0.010564s ]
SQL: SELECT * FROM `sdk_accounts` WHERE ( `account_id` = 1940 ) LIMIT 1   [ RunTime:0.000616s ]

[ 2013-10-24T17:44:10+08:00 ] 192.168.181.210 /api/uc.php?time=1382607849&code=7ae407Fjsalzhyd%2FpRnud1fsv%2FdnVqAQbvGzR14aOFa2pD%2BGZYTlHhpKipM5qyCNi290mMoC1IqqMGvCSdTePYNepwU%2B1UEzbagOTn8nfyscSd7%2BUYLmGAQadOKOtT06lqRhxYxoADo2x3LNhEphpx%2FmO%2FhkAD38ny%2FRua6xjv2kZ1rC04xK1A
INFO: [ app_begin ] --START--
INFO: Run ReadHtmlCache Behavior [ RunTime:0.001405s ]
INFO: [ app_begin ] --END-- [ RunTime:0.001498s ]
NOTIC: [8] Constant UC_CLIENT_VERSION already defined D:\wwwroot\mainweb\sdk\api\UcApi\Lib\Action\IndexAction.class.php 第 4 行.
NOTIC: [8] Constant UC_CLIENT_RELEASE already defined D:\wwwroot\mainweb\sdk\api\UcApi\Lib\Action\IndexAction.class.php 第 5 行.
NOTIC: [2048] Only variables should be passed by reference D:\wwwroot\mainweb\sdk\api\UcApi\Lib\Action\IndexAction.class.php 第 63 行.
NOTIC: [8] Constant API_RETURN_FAILED already defined D:\wwwroot\mainweb\sdk\uc_client\model\note.php 第 16 行.
SQL: SHOW COLUMNS FROM `sdk_accounts` [ RunTime:0.002545s ]
SQL: SELECT * FROM `sdk_accounts` WHERE ( `account_id` = 2166 ) LIMIT 1   [ RunTime:0.000576s ]

[ 2013-10-24T17:44:13+08:00 ] 192.168.181.210 /api/uc.php?time=1382607853&code=ecf8pV4zM98iStR0zK2YNStojOH2cP5z5KK8nMBRljGH3OSDhF300Wz%2BOOfU5r6aurlIxkTre8RmCuKjHw9MwagEdk1mqoazOYkom3JXbg7MrE%2Bt7x2%2FjpHHTjj1iDNvVDJSOQxYu%2BmeBHFT2T7%2Fu4LuqlfKff9KPFwB7dA9Df%2Br4FXPrA4Lwg
INFO: [ app_begin ] --START--
INFO: Run ReadHtmlCache Behavior [ RunTime:0.000801s ]
INFO: [ app_begin ] --END-- [ RunTime:0.000889s ]
NOTIC: [8] Constant UC_CLIENT_VERSION already defined D:\wwwroot\mainweb\sdk\api\UcApi\Lib\Action\IndexAction.class.php 第 4 行.
NOTIC: [8] Constant UC_CLIENT_RELEASE already defined D:\wwwroot\mainweb\sdk\api\UcApi\Lib\Action\IndexAction.class.php 第 5 行.
NOTIC: [2048] Only variables should be passed by reference D:\wwwroot\mainweb\sdk\api\UcApi\Lib\Action\IndexAction.class.php 第 63 行.
NOTIC: [8] Constant API_RETURN_FAILED already defined D:\wwwroot\mainweb\sdk\uc_client\model\note.php 第 16 行.
SQL: SHOW COLUMNS FROM `sdk_accounts` [ RunTime:0.001991s ]
SQL: SELECT * FROM `sdk_accounts` WHERE ( `account_id` = 2166 ) LIMIT 1   [ RunTime:0.000158s ]

[ 2013-10-24T19:08:04+08:00 ] 192.168.185.30 /api/uc.php?time=1382612882&code=8648%2FApu9aQkyS2%2BbhTDU3jPKhhrujwKcmP%2F4yrE9c8wgKGRZQflCc4j9Dkq7VZFKntH6c0R5Sd4jiHlVN8RZ57vZDZkCKcLBh14KjhX8zPryqJenTVvYKCaMMnFzUo0eb2bUKg9kxU6mHDe794aZlDwAZzmoolrz2Vt5o5sUFjvwA
INFO: [ app_begin ] --START--
INFO: Run ReadHtmlCache Behavior [ RunTime:0.001202s ]
INFO: [ app_begin ] --END-- [ RunTime:0.001292s ]
NOTIC: [8] Constant UC_CLIENT_VERSION already defined D:\wwwroot\mainweb\sdk\api\UcApi\Lib\Action\IndexAction.class.php 第 4 行.
NOTIC: [8] Constant UC_CLIENT_RELEASE already defined D:\wwwroot\mainweb\sdk\api\UcApi\Lib\Action\IndexAction.class.php 第 5 行.
NOTIC: [2048] Only variables should be passed by reference D:\wwwroot\mainweb\sdk\api\UcApi\Lib\Action\IndexAction.class.php 第 63 行.
NOTIC: [8] Constant API_RETURN_FAILED already defined D:\wwwroot\mainweb\sdk\uc_client\model\note.php 第 16 行.
SQL: SHOW COLUMNS FROM `sdk_accounts` [ RunTime:0.002430s ]
SQL: SELECT * FROM `sdk_accounts` WHERE ( `account_id` = 2177 ) LIMIT 1   [ RunTime:0.000306s ]

[ 2013-10-24T19:40:57+08:00 ] 192.168.203.136 /api/uc.php?time=1382614854&code=1d314CWWFinzTDakzGvX1iz8HliPi%2Fh%2F9W3FZIX1TpJi9g6a2D34XIXpd%2BtoRh6epEPVoTfKoe6WfIN1jfC5GFQUPTDGx7bkv31nidNH2ZXpjG47dT5dEJM6CCazdu7saT28yt8nWy%2BnqvreFoIIqox4e9R223jVfRlkvgul
INFO: [ app_begin ] --START--
INFO: Run ReadHtmlCache Behavior [ RunTime:0.001308s ]
INFO: [ app_begin ] --END-- [ RunTime:0.001399s ]
NOTIC: [8] Constant UC_CLIENT_VERSION already defined D:\wwwroot\mainweb\sdk\api\UcApi\Lib\Action\IndexAction.class.php 第 4 行.
NOTIC: [8] Constant UC_CLIENT_RELEASE already defined D:\wwwroot\mainweb\sdk\api\UcApi\Lib\Action\IndexAction.class.php 第 5 行.
NOTIC: [2048] Only variables should be passed by reference D:\wwwroot\mainweb\sdk\api\UcApi\Lib\Action\IndexAction.class.php 第 63 行.
NOTIC: [8] Constant API_RETURN_FAILED already defined D:\wwwroot\mainweb\sdk\uc_client\model\note.php 第 16 行.
SQL: SHOW COLUMNS FROM `sdk_accounts` [ RunTime:0.002347s ]
SQL: SELECT * FROM `sdk_accounts` WHERE ( `account_id` = 643 ) LIMIT 1   [ RunTime:0.000632s ]

[ 2013-10-24T20:02:25+08:00 ] 192.168.133.219 /api/uc.php?time=1382616145&code=acbdzDVqhpRQjT%2FXK5XTzfiKskUfCpuVMIXfrVjKiviCWwdmkUalT2%2FuUPjBTnlLNXmSmDbQKNELqFs6eRgzaBGb7zWubDCeo3c1RiIeb4O0laroeceTJ5n6ttqK%2B5kSYAoy%2BvQOkWSGiEmV0RJaJJkAFEAgm76KcImOcCtX0SdZiV3MPg
INFO: [ app_begin ] --START--
INFO: Run ReadHtmlCache Behavior [ RunTime:0.001379s ]
INFO: [ app_begin ] --END-- [ RunTime:0.001477s ]
NOTIC: [8] Constant UC_CLIENT_VERSION already defined D:\wwwroot\mainweb\sdk\api\UcApi\Lib\Action\IndexAction.class.php 第 4 行.
NOTIC: [8] Constant UC_CLIENT_RELEASE already defined D:\wwwroot\mainweb\sdk\api\UcApi\Lib\Action\IndexAction.class.php 第 5 行.
NOTIC: [2048] Only variables should be passed by reference D:\wwwroot\mainweb\sdk\api\UcApi\Lib\Action\IndexAction.class.php 第 63 行.
NOTIC: [8] Constant API_RETURN_FAILED already defined D:\wwwroot\mainweb\sdk\uc_client\model\note.php 第 16 行.
SQL: SHOW COLUMNS FROM `sdk_accounts` [ RunTime:0.002453s ]
SQL: SELECT * FROM `sdk_accounts` WHERE ( `account_id` = 1713 ) LIMIT 1   [ RunTime:0.000469s ]

[ 2013-10-24T21:16:23+08:00 ] 192.168.185.17 /api/uc.php?time=1382620583&code=b317Q5iPsookydB%2BI42c%2F30xPHTNQ%2FA6%2Beox01UxlHHbylG0KrdqVmM5XnipVXWD%2BDKUQ64Ic4a%2Fffl%2Flvea7U9kC0RLjc0J0xXvg136%2BF3kAOWbdOn2GDnYdpWhsHHh4nMUeiNLKbvC8IYnwLgF65a0BDhkfnZK%2Fzv6GrB2zI9o8Q
INFO: [ app_begin ] --START--
INFO: Run ReadHtmlCache Behavior [ RunTime:0.001308s ]
INFO: [ app_begin ] --END-- [ RunTime:0.001401s ]
NOTIC: [8] Constant UC_CLIENT_VERSION already defined D:\wwwroot\mainweb\sdk\api\UcApi\Lib\Action\IndexAction.class.php 第 4 行.
NOTIC: [8] Constant UC_CLIENT_RELEASE already defined D:\wwwroot\mainweb\sdk\api\UcApi\Lib\Action\IndexAction.class.php 第 5 行.
NOTIC: [2048] Only variables should be passed by reference D:\wwwroot\mainweb\sdk\api\UcApi\Lib\Action\IndexAction.class.php 第 63 行.
NOTIC: [8] Constant API_RETURN_FAILED already defined D:\wwwroot\mainweb\sdk\uc_client\model\note.php 第 16 行.
SQL: SHOW COLUMNS FROM `sdk_accounts` [ RunTime:0.002042s ]
SQL: SELECT * FROM `sdk_accounts` WHERE ( `account_id` = 2533 ) LIMIT 1   [ RunTime:0.000434s ]
SQL: INSERT INTO `sdk_accounts` (`account_id`,`user_name`,`email`,`password`,`reg_time`) VALUES (2533,'苏一世','13760701161@163.com','1547d52e54a0a7572df7cca0b4794b14d08db335',1382620583) [ RunTime:0.002405s ]

[ 2013-10-24T22:01:58+08:00 ] 192.168.150.70 /api/uc.php?time=1382623318&code=8393%2BzieEoNxs5csS7EKKlekGFYJCiiuWmMtTMsdeon0lLSNW2KYv9XJOmiJQHdS0pixpt59TZD362h6UmAEk7mYIn7XXHjJALlDDW%2BC1cmhgfrqgh%2F5w7zBqIVCTYFIvXqkRQTPqz1hVU0eSwMS2seLZ9VH09LARKmtwg%2Bkvw
INFO: [ app_begin ] --START--
INFO: Run ReadHtmlCache Behavior [ RunTime:0.001337s ]
INFO: [ app_begin ] --END-- [ RunTime:0.001427s ]
NOTIC: [8] Constant UC_CLIENT_VERSION already defined D:\wwwroot\mainweb\sdk\api\UcApi\Lib\Action\IndexAction.class.php 第 4 行.
NOTIC: [8] Constant UC_CLIENT_RELEASE already defined D:\wwwroot\mainweb\sdk\api\UcApi\Lib\Action\IndexAction.class.php 第 5 行.
NOTIC: [2048] Only variables should be passed by reference D:\wwwroot\mainweb\sdk\api\UcApi\Lib\Action\IndexAction.class.php 第 63 行.
NOTIC: [8] Constant API_RETURN_FAILED already defined D:\wwwroot\mainweb\sdk\uc_client\model\note.php 第 16 行.
SQL: SHOW COLUMNS FROM `sdk_accounts` [ RunTime:0.001896s ]
SQL: SELECT * FROM `sdk_accounts` WHERE ( `account_id` = 1768 ) LIMIT 1   [ RunTime:0.000304s ]

[ 2013-10-24T22:08:45+08:00 ] 192.168.160.94 /api/uc.php?time=1382623724&code=2f71LJhPsZy%2FTtOtnZao%2FUQ6Bi%2FgjbWCiyNsh5DaPw39PuLgcG6Po4wNrH3M%2FleUeYRXcK5h1u%2FZxwzTEr1vY0K2my9onqD67Pl70Y7%2Bq2KjS8JjNRiWCqI%2B%2BqDW5l12L3jI7EaxDFWRE1Uu3nitLh7oV7b4N%2FNv3rctxag%2Bhd8Y
INFO: [ app_begin ] --START--
INFO: Run ReadHtmlCache Behavior [ RunTime:0.001282s ]
INFO: [ app_begin ] --END-- [ RunTime:0.001374s ]
NOTIC: [8] Constant UC_CLIENT_VERSION already defined D:\wwwroot\mainweb\sdk\api\UcApi\Lib\Action\IndexAction.class.php 第 4 行.
NOTIC: [8] Constant UC_CLIENT_RELEASE already defined D:\wwwroot\mainweb\sdk\api\UcApi\Lib\Action\IndexAction.class.php 第 5 行.
NOTIC: [2048] Only variables should be passed by reference D:\wwwroot\mainweb\sdk\api\UcApi\Lib\Action\IndexAction.class.php 第 63 行.
NOTIC: [8] Constant API_RETURN_FAILED already defined D:\wwwroot\mainweb\sdk\uc_client\model\note.php 第 16 行.
SQL: SHOW COLUMNS FROM `sdk_accounts` [ RunTime:0.002155s ]
SQL: SELECT * FROM `sdk_accounts` WHERE ( `account_id` = 926 ) LIMIT 1   [ RunTime:0.000515s ]

[ 2013-10-24T22:08:49+08:00 ] 192.168.160.94 /api/uc.php?time=1382623729&code=eaf56YA8o31tAxVxzbLYNU3%2BYnp3DN8yIPEedbO%2Bv1eh4hdDV5pe%2FMJS03VofgFU1vNXxnfppxKgZVbRqQ
INFO: [ app_begin ] --START--
INFO: Run ReadHtmlCache Behavior [ RunTime:0.001143s ]
INFO: [ app_begin ] --END-- [ RunTime:0.001239s ]
NOTIC: [8] Constant UC_CLIENT_VERSION already defined D:\wwwroot\mainweb\sdk\api\UcApi\Lib\Action\IndexAction.class.php 第 4 行.
NOTIC: [8] Constant UC_CLIENT_RELEASE already defined D:\wwwroot\mainweb\sdk\api\UcApi\Lib\Action\IndexAction.class.php 第 5 行.
NOTIC: [2048] Only variables should be passed by reference D:\wwwroot\mainweb\sdk\api\UcApi\Lib\Action\IndexAction.class.php 第 63 行.

[ 2013-10-24T22:18:07+08:00 ] 192.168.201.9 /api/uc.php?time=1382624287&code=bcc2GHNgbPTsEQcuPmMB2SyLuIKsU4Q17YKX9YSmC274xwPeBQ1YEauzQrxbegg3CIZppzUM25bTvl2f3OlhanoN12C4%2BEz7tM9pvgAcKtljLvRlDXvt2uYi7iG2PPoagUHrRQcVi9qltH8yYLylk1291%2FWO51RqC2djVNWEwUcF
INFO: [ app_begin ] --START--
INFO: Run ReadHtmlCache Behavior [ RunTime:0.001282s ]
INFO: [ app_begin ] --END-- [ RunTime:0.001378s ]
NOTIC: [8] Constant UC_CLIENT_VERSION already defined D:\wwwroot\mainweb\sdk\api\UcApi\Lib\Action\IndexAction.class.php 第 4 行.
NOTIC: [8] Constant UC_CLIENT_RELEASE already defined D:\wwwroot\mainweb\sdk\api\UcApi\Lib\Action\IndexAction.class.php 第 5 行.
NOTIC: [2048] Only variables should be passed by reference D:\wwwroot\mainweb\sdk\api\UcApi\Lib\Action\IndexAction.class.php 第 63 行.
NOTIC: [8] Constant API_RETURN_FAILED already defined D:\wwwroot\mainweb\sdk\uc_client\model\note.php 第 16 行.
SQL: SHOW COLUMNS FROM `sdk_accounts` [ RunTime:0.002056s ]
SQL: SELECT * FROM `sdk_accounts` WHERE ( `account_id` = 528 ) LIMIT 1   [ RunTime:0.000375s ]

