[ 2013-10-28T00:02:51+08:00 ] 101.226.66.172 /api/uc.php?time=1382887970&code=a6a4iETuGeJzltOHmfCIgxVqpRjQsZv9d2eajqoIE+kKKOLCfatWPV46TdZGY9fWuzPnn8yWEjE5XTc+Gph5g3itvT1pKlGz7GMvonKpKNLaGBQxqMklW9NwhNv+L9cIPfV6zA8hR13WdGuecrmpX0d0Gmc0pGgxAdPEEUsb
INFO: [ app_begin ] --START--
INFO: Run ReadHtmlCache Behavior [ RunTime:0.001121s ]
INFO: [ app_begin ] --END-- [ RunTime:0.001213s ]
NOTIC: [8] Constant UC_CLIENT_VERSION already defined D:\wwwroot\mainweb\sdk\api\UcApi\Lib\Action\IndexAction.class.php 第 4 行.
NOTIC: [8] Constant UC_CLIENT_RELEASE already defined D:\wwwroot\mainweb\sdk\api\UcApi\Lib\Action\IndexAction.class.php 第 5 行.
NOTIC: [8] Undefined index:  time D:\wwwroot\mainweb\sdk\api\UcApi\Lib\Action\IndexAction.class.php 第 54 行.

[ 2013-10-28T00:03:46+08:00 ] 180.153.214.189 /api/uc.php?time=1382888025&code=5200758qczd6jnZaKgznyO9fgsqZPCnFDdumX0qMun/gDsp54xfC/ZmHYvqgNmmplbytf4vbiZgkzXNwiHWXzBggA0bk/eecZvQ7wcZTuBKgtPuy7S62ueGgoSI8VEMQHC6147fI/wXmJg4MsfFlWqjUJbAdn5CmaF9Bwidx
INFO: [ app_begin ] --START--
INFO: Run ReadHtmlCache Behavior [ RunTime:0.001151s ]
INFO: [ app_begin ] --END-- [ RunTime:0.001242s ]
NOTIC: [8] Constant UC_CLIENT_VERSION already defined D:\wwwroot\mainweb\sdk\api\UcApi\Lib\Action\IndexAction.class.php 第 4 行.
NOTIC: [8] Constant UC_CLIENT_RELEASE already defined D:\wwwroot\mainweb\sdk\api\UcApi\Lib\Action\IndexAction.class.php 第 5 行.
NOTIC: [2048] Only variables should be passed by reference D:\wwwroot\mainweb\sdk\api\UcApi\Lib\Action\IndexAction.class.php 第 63 行.
NOTIC: [8] Constant API_RETURN_FAILED already defined D:\wwwroot\mainweb\sdk\uc_client\model\note.php 第 16 行.
SQL: SHOW COLUMNS FROM `sdk_accounts` [ RunTime:0.002310s ]
SQL: SELECT * FROM `sdk_accounts` WHERE ( `account_id` = 2545 ) LIMIT 1   [ RunTime:0.000327s ]

[ 2013-10-28T08:23:09+08:00 ] 192.168.189.137 /api/uc.php?time=1382919789&code=cbb8U0ouGvpzp3d%2FOyGIuGwevm55casXNuYk3087ezoHS5YsW2n%2FemuLWPzxl4%2FiB4oB84xNkJayaprSJ%2BUuxCIPFw2UfRupDqjFxey2EJtw2NytDo5mw5%2BkujHAkf70pZ6aoBWlWbbBtRmuJoufJBmnCyoc8Wc8YnQRdK4agw
INFO: [ app_begin ] --START--
INFO: Run ReadHtmlCache Behavior [ RunTime:0.000831s ]
INFO: [ app_begin ] --END-- [ RunTime:0.000923s ]
NOTIC: [8] Constant UC_CLIENT_VERSION already defined D:\wwwroot\mainweb\sdk\api\UcApi\Lib\Action\IndexAction.class.php 第 4 行.
NOTIC: [8] Constant UC_CLIENT_RELEASE already defined D:\wwwroot\mainweb\sdk\api\UcApi\Lib\Action\IndexAction.class.php 第 5 行.
NOTIC: [2048] Only variables should be passed by reference D:\wwwroot\mainweb\sdk\api\UcApi\Lib\Action\IndexAction.class.php 第 63 行.
NOTIC: [8] Constant API_RETURN_FAILED already defined D:\wwwroot\mainweb\sdk\uc_client\model\note.php 第 16 行.
SQL: SHOW COLUMNS FROM `sdk_accounts` [ RunTime:0.011529s ]
SQL: SELECT * FROM `sdk_accounts` WHERE ( `account_id` = 1772 ) LIMIT 1   [ RunTime:0.000671s ]

[ 2013-10-28T09:03:47+08:00 ] 192.168.229.193 /api/uc.php?time=1382922227&code=9f46%2FQasH7DSb2MCixP0ni5U4l1fXtCYktX46ssxfCzWlAZa5SS4kMSURtay9wUnV1J%2Fs6tSKnmPyLy7YRNhAoXiieqVDb5XUCdsP5SrYZz%2Bo2upzqFow8xPrxlFtEeGQlo6yljDZvGNHgheyWRkO6itWpwEyaDIgHYOMzceV%2BlzwjNCQfgo
INFO: [ app_begin ] --START--
INFO: Run ReadHtmlCache Behavior [ RunTime:0.000803s ]
INFO: [ app_begin ] --END-- [ RunTime:0.000894s ]
NOTIC: [8] Constant UC_CLIENT_VERSION already defined D:\wwwroot\mainweb\sdk\api\UcApi\Lib\Action\IndexAction.class.php 第 4 行.
NOTIC: [8] Constant UC_CLIENT_RELEASE already defined D:\wwwroot\mainweb\sdk\api\UcApi\Lib\Action\IndexAction.class.php 第 5 行.
NOTIC: [2048] Only variables should be passed by reference D:\wwwroot\mainweb\sdk\api\UcApi\Lib\Action\IndexAction.class.php 第 63 行.
NOTIC: [8] Constant API_RETURN_FAILED already defined D:\wwwroot\mainweb\sdk\uc_client\model\note.php 第 16 行.
SQL: SHOW COLUMNS FROM `sdk_accounts` [ RunTime:0.008749s ]
SQL: SELECT * FROM `sdk_accounts` WHERE ( `account_id` = 2456 ) LIMIT 1   [ RunTime:0.000688s ]

[ 2013-10-28T09:29:14+08:00 ] 192.168.130.141 /api/uc.php?time=1382923754&code=916dTJUSZeOHka9DL9yXuJyeqUMYNzv55b%2BSxF62nshBCcYq5vOJXeKoYmX7X4eQSdJlJWLGbzZenFy1y0De5Ohe2qZ8ZCRlFBgkHfsbhfl9ss9jMVrqXbEv8sIG0P3f%2FIG7czpz9ooNrzivqKj%2FFMkFyifZMFaZC1jsVE57Pw
INFO: [ app_begin ] --START--
INFO: Run ReadHtmlCache Behavior [ RunTime:0.001165s ]
INFO: [ app_begin ] --END-- [ RunTime:0.001254s ]
NOTIC: [8] Constant UC_CLIENT_VERSION already defined D:\wwwroot\mainweb\sdk\api\UcApi\Lib\Action\IndexAction.class.php 第 4 行.
NOTIC: [8] Constant UC_CLIENT_RELEASE already defined D:\wwwroot\mainweb\sdk\api\UcApi\Lib\Action\IndexAction.class.php 第 5 行.
NOTIC: [2048] Only variables should be passed by reference D:\wwwroot\mainweb\sdk\api\UcApi\Lib\Action\IndexAction.class.php 第 63 行.
NOTIC: [8] Constant API_RETURN_FAILED already defined D:\wwwroot\mainweb\sdk\uc_client\model\note.php 第 16 行.
SQL: SHOW COLUMNS FROM `sdk_accounts` [ RunTime:0.002247s ]
SQL: SELECT * FROM `sdk_accounts` WHERE ( `account_id` = 1485 ) LIMIT 1   [ RunTime:0.000488s ]

[ 2013-10-28T09:49:43+08:00 ] 192.168.163.201 /api/uc.php?time=1382924982&code=fb3azlHabbeOGBFKmn0o7ODF%2FBA%2BEmGV1TIxzciXcHri%2BM1qh96QRTqivGM60pXEat3SsaSbTY8BJgjhvkGOYsRzTAChjuGk03M2as1bJaCaHishwRruu25V%2FjdmhTJgVuBNnWzdEc47d4XTpytawDnqdCimpXZIm0BsoSfdvqfC
INFO: [ app_begin ] --START--
INFO: Run ReadHtmlCache Behavior [ RunTime:0.001695s ]
INFO: [ app_begin ] --END-- [ RunTime:0.001786s ]
NOTIC: [8] Constant UC_CLIENT_VERSION already defined D:\wwwroot\mainweb\sdk\api\UcApi\Lib\Action\IndexAction.class.php 第 4 行.
NOTIC: [8] Constant UC_CLIENT_RELEASE already defined D:\wwwroot\mainweb\sdk\api\UcApi\Lib\Action\IndexAction.class.php 第 5 行.
NOTIC: [2048] Only variables should be passed by reference D:\wwwroot\mainweb\sdk\api\UcApi\Lib\Action\IndexAction.class.php 第 63 行.
NOTIC: [8] Constant API_RETURN_FAILED already defined D:\wwwroot\mainweb\sdk\uc_client\model\note.php 第 16 行.
SQL: SHOW COLUMNS FROM `sdk_accounts` [ RunTime:0.002084s ]
SQL: SELECT * FROM `sdk_accounts` WHERE ( `account_id` = 423 ) LIMIT 1   [ RunTime:0.000496s ]

[ 2013-10-28T11:04:32+08:00 ] 192.168.203.163 /api/uc.php?time=1382929470&code=5643Gz3cD1zKr0ptLL5Mnv%2F4zcOEKW8YhOjBvVOtzDhGnaLoUQU5y94l0y7SZIKelQaCU%2BBeOHV7EM930cOtcRqNfLEHy9xIGpe6FyNVpYOhoNy2uOPPAG1ooMb7lsgOPYHsxeD29qsdjdbowi57i5KhVdUi4yeZah39H9q0Ag
INFO: [ app_begin ] --START--
INFO: Run ReadHtmlCache Behavior [ RunTime:0.001164s ]
INFO: [ app_begin ] --END-- [ RunTime:0.001254s ]
NOTIC: [8] Constant UC_CLIENT_VERSION already defined D:\wwwroot\mainweb\sdk\api\UcApi\Lib\Action\IndexAction.class.php 第 4 行.
NOTIC: [8] Constant UC_CLIENT_RELEASE already defined D:\wwwroot\mainweb\sdk\api\UcApi\Lib\Action\IndexAction.class.php 第 5 行.
NOTIC: [2048] Only variables should be passed by reference D:\wwwroot\mainweb\sdk\api\UcApi\Lib\Action\IndexAction.class.php 第 63 行.
NOTIC: [8] Constant API_RETURN_FAILED already defined D:\wwwroot\mainweb\sdk\uc_client\model\note.php 第 16 行.
SQL: SHOW COLUMNS FROM `sdk_accounts` [ RunTime:0.002132s ]
SQL: SELECT * FROM `sdk_accounts` WHERE ( `account_id` = 2013 ) LIMIT 1   [ RunTime:0.000289s ]

[ 2013-10-28T11:32:31+08:00 ] 192.168.251.99 /api/uc.php?time=1382931151&code=d5bel%2BJQDb8kzwEfTGLVd6s%2Be9Jf7%2BHY44WtymxTWaI7%2Bp%2B5zrcQdNpsbI%2B4KeOKkFkKEKP6CLvzCJcbBanghbFADbv2uyXYcFR2Z4NKRHsOs6URWeBPzPGcAxVYzBQZ60X0FX30SNSUr0ZcPKRtN7RheODytFjYc69ecnhXhPqGmvfRiFicqHIO
INFO: [ app_begin ] --START--
INFO: Run ReadHtmlCache Behavior [ RunTime:0.001142s ]
INFO: [ app_begin ] --END-- [ RunTime:0.001234s ]
NOTIC: [8] Constant UC_CLIENT_VERSION already defined D:\wwwroot\mainweb\sdk\api\UcApi\Lib\Action\IndexAction.class.php 第 4 行.
NOTIC: [8] Constant UC_CLIENT_RELEASE already defined D:\wwwroot\mainweb\sdk\api\UcApi\Lib\Action\IndexAction.class.php 第 5 行.
NOTIC: [2048] Only variables should be passed by reference D:\wwwroot\mainweb\sdk\api\UcApi\Lib\Action\IndexAction.class.php 第 63 行.
NOTIC: [8] Constant API_RETURN_FAILED already defined D:\wwwroot\mainweb\sdk\uc_client\model\note.php 第 16 行.
SQL: SHOW COLUMNS FROM `sdk_accounts` [ RunTime:0.002031s ]
SQL: SELECT * FROM `sdk_accounts` WHERE ( `account_id` = 475 ) LIMIT 1   [ RunTime:0.000458s ]

[ 2013-10-28T12:12:26+08:00 ] 192.168.175.103 /api/uc.php?time=1382933546&code=3a57CO8pPO8T9%2BQ7uTo3IrJ4nkUx573hymRAv8zV3oLC%2B7G7xvSPqgRI8UbFBQbeOdr%2F1Wv3ZFey%2B3JQrka2GQsjB%2Bu5imlLTPIRM76PbnVFEhZyxkSrPVH0avMK5%2BBYlcaR2Hp8t6sAMHNZXZjxiuAQRhHKkk8sbJMfnsFo
INFO: [ app_begin ] --START--
INFO: Run ReadHtmlCache Behavior [ RunTime:0.000935s ]
INFO: [ app_begin ] --END-- [ RunTime:0.001025s ]
NOTIC: [8] Constant UC_CLIENT_VERSION already defined D:\wwwroot\mainweb\sdk\api\UcApi\Lib\Action\IndexAction.class.php 第 4 行.
NOTIC: [8] Constant UC_CLIENT_RELEASE already defined D:\wwwroot\mainweb\sdk\api\UcApi\Lib\Action\IndexAction.class.php 第 5 行.
NOTIC: [2048] Only variables should be passed by reference D:\wwwroot\mainweb\sdk\api\UcApi\Lib\Action\IndexAction.class.php 第 63 行.
NOTIC: [8] Constant API_RETURN_FAILED already defined D:\wwwroot\mainweb\sdk\uc_client\model\note.php 第 16 行.
SQL: SHOW COLUMNS FROM `sdk_accounts` [ RunTime:0.002440s ]
SQL: SELECT * FROM `sdk_accounts` WHERE ( `account_id` = 1537 ) LIMIT 1   [ RunTime:0.000302s ]

[ 2013-10-28T12:12:26+08:00 ] 192.168.175.103 /api/uc.php?time=1382933546&code=075dlnXLgsTDSpl%2B6sFDwm6pYI%2Bh9soi4kS9slN6ImdMSroYOGd1tbiNl6Rd0vlphsogUYa%2BKK%2FpZqFJAS4wZYMFIcya3IqV6Hwp1NMhptRB%2FqomHs%2Bv2K8pwtjwtn%2F8v8TAH5Yynx2aeoQBFLyo3tI2na3Sris1AWqx1C7D
INFO: [ app_begin ] --START--
INFO: Run ReadHtmlCache Behavior [ RunTime:0.000590s ]
INFO: [ app_begin ] --END-- [ RunTime:0.000677s ]
NOTIC: [8] Constant UC_CLIENT_VERSION already defined D:\wwwroot\mainweb\sdk\api\UcApi\Lib\Action\IndexAction.class.php 第 4 行.
NOTIC: [8] Constant UC_CLIENT_RELEASE already defined D:\wwwroot\mainweb\sdk\api\UcApi\Lib\Action\IndexAction.class.php 第 5 行.
NOTIC: [2048] Only variables should be passed by reference D:\wwwroot\mainweb\sdk\api\UcApi\Lib\Action\IndexAction.class.php 第 63 行.
NOTIC: [8] Constant API_RETURN_FAILED already defined D:\wwwroot\mainweb\sdk\uc_client\model\note.php 第 16 行.
SQL: SHOW COLUMNS FROM `sdk_accounts` [ RunTime:0.001887s ]
SQL: SELECT * FROM `sdk_accounts` WHERE ( `account_id` = 1537 ) LIMIT 1   [ RunTime:0.000213s ]

[ 2013-10-28T12:12:26+08:00 ] 192.168.175.103 /api/uc.php?time=1382933546&code=62279DoM%2FQtRKvxoIVcywNrSt8v5H%2BcJKNxVsXYxRVz8HfYwXhqzPaoAMVk06jnGNN5Pjnd81yTpVLHpjvwvUfL%2Bc6sHGQR4dter9dO0BanhGug1LwsLbaWVsRc%2BgIcJylB4dN3zY6M%2F1cvAyVcbX5fdoDoOGe8EWKtglax2
INFO: [ app_begin ] --START--
INFO: Run ReadHtmlCache Behavior [ RunTime:0.000930s ]
INFO: [ app_begin ] --END-- [ RunTime:0.001017s ]
NOTIC: [8] Constant UC_CLIENT_VERSION already defined D:\wwwroot\mainweb\sdk\api\UcApi\Lib\Action\IndexAction.class.php 第 4 行.
NOTIC: [8] Constant UC_CLIENT_RELEASE already defined D:\wwwroot\mainweb\sdk\api\UcApi\Lib\Action\IndexAction.class.php 第 5 行.
NOTIC: [2048] Only variables should be passed by reference D:\wwwroot\mainweb\sdk\api\UcApi\Lib\Action\IndexAction.class.php 第 63 行.
NOTIC: [8] Constant API_RETURN_FAILED already defined D:\wwwroot\mainweb\sdk\uc_client\model\note.php 第 16 行.
SQL: SHOW COLUMNS FROM `sdk_accounts` [ RunTime:0.001942s ]
SQL: SELECT * FROM `sdk_accounts` WHERE ( `account_id` = 1537 ) LIMIT 1   [ RunTime:0.000278s ]

[ 2013-10-28T12:21:24+08:00 ] 192.168.131.215 /api/uc.php?time=1382934083&code=8d11lz4qqWh2WK4WK0JmyQaoRWMi1sZjW6mY4fK8x8SOgmRE09ukfloxsDrXoERJ9ywZ0FQ3w5xMppfck9%2Bqi2wkqUp887J55KYi1%2B4YG7FvLOFpiNxm1xxRj1PpYQ7hJgwR%2Fw%2BuKwyoXJQ44lPOgAhKPRyeRk8XR7UDIDVmZrpqDXqRJpU85hHEZg
INFO: [ app_begin ] --START--
INFO: Run ReadHtmlCache Behavior [ RunTime:0.001143s ]
INFO: [ app_begin ] --END-- [ RunTime:0.001235s ]
NOTIC: [8] Constant UC_CLIENT_VERSION already defined D:\wwwroot\mainweb\sdk\api\UcApi\Lib\Action\IndexAction.class.php 第 4 行.
NOTIC: [8] Constant UC_CLIENT_RELEASE already defined D:\wwwroot\mainweb\sdk\api\UcApi\Lib\Action\IndexAction.class.php 第 5 行.
NOTIC: [2048] Only variables should be passed by reference D:\wwwroot\mainweb\sdk\api\UcApi\Lib\Action\IndexAction.class.php 第 63 行.
NOTIC: [8] Constant API_RETURN_FAILED already defined D:\wwwroot\mainweb\sdk\uc_client\model\note.php 第 16 行.
SQL: SHOW COLUMNS FROM `sdk_accounts` [ RunTime:0.002180s ]
SQL: SELECT * FROM `sdk_accounts` WHERE ( `account_id` = 718 ) LIMIT 1   [ RunTime:0.000505s ]

[ 2013-10-28T12:22:17+08:00 ] 192.168.175.1 /api/uc.php?time=1382934137&code=151bkl0gBykVkWa3%2BM4PkF%2FQ3nN9tX3QJ9qB%2Fh95ArMzIv8N8FVKeevfIrpRhKpQIiiYemHSemZof1dxON5KE04n8BqRQlwUUgKdZJUnsmFOadxilTvp%2Bc%2F8UDpFLai8Cb79wwq4QYY0wYbWQnMCxbWTUMojYAhHtPOxXKdAgXbmUGw
INFO: [ app_begin ] --START--
INFO: Run ReadHtmlCache Behavior [ RunTime:0.000965s ]
INFO: [ app_begin ] --END-- [ RunTime:0.001057s ]
NOTIC: [8] Constant UC_CLIENT_VERSION already defined D:\wwwroot\mainweb\sdk\api\UcApi\Lib\Action\IndexAction.class.php 第 4 行.
NOTIC: [8] Constant UC_CLIENT_RELEASE already defined D:\wwwroot\mainweb\sdk\api\UcApi\Lib\Action\IndexAction.class.php 第 5 行.
NOTIC: [2048] Only variables should be passed by reference D:\wwwroot\mainweb\sdk\api\UcApi\Lib\Action\IndexAction.class.php 第 63 行.
NOTIC: [8] Constant API_RETURN_FAILED already defined D:\wwwroot\mainweb\sdk\uc_client\model\note.php 第 16 行.
SQL: SHOW COLUMNS FROM `sdk_accounts` [ RunTime:0.001980s ]
SQL: SELECT * FROM `sdk_accounts` WHERE ( `account_id` = 603 ) LIMIT 1   [ RunTime:0.000387s ]

[ 2013-10-28T12:22:31+08:00 ] 192.168.163.206 /api/uc.php?time=1382934151&code=e4ffr2yNyZWC1DB4odqLTEYSFx0YQKEzifVDFvLWnLcTWXxXoUldDGKLX4mqkgG6bi9cf3X9oGKeFQZ7nR1u7ND6VBtRS1jO7X7saOd%2F3AejBnLak147xGO68qirvUH1H7b6IknOfCzz8JXVSZevgSPe%2FWaIj0YB6wwfkrHBgzedByDmnw
INFO: [ app_begin ] --START--
INFO: Run ReadHtmlCache Behavior [ RunTime:0.000927s ]
INFO: [ app_begin ] --END-- [ RunTime:0.001017s ]
NOTIC: [8] Constant UC_CLIENT_VERSION already defined D:\wwwroot\mainweb\sdk\api\UcApi\Lib\Action\IndexAction.class.php 第 4 行.
NOTIC: [8] Constant UC_CLIENT_RELEASE already defined D:\wwwroot\mainweb\sdk\api\UcApi\Lib\Action\IndexAction.class.php 第 5 行.
NOTIC: [2048] Only variables should be passed by reference D:\wwwroot\mainweb\sdk\api\UcApi\Lib\Action\IndexAction.class.php 第 63 行.
NOTIC: [8] Constant API_RETURN_FAILED already defined D:\wwwroot\mainweb\sdk\uc_client\model\note.php 第 16 行.
SQL: SHOW COLUMNS FROM `sdk_accounts` [ RunTime:0.002030s ]
SQL: SELECT * FROM `sdk_accounts` WHERE ( `account_id` = 2089 ) LIMIT 1   [ RunTime:0.000550s ]

[ 2013-10-28T12:31:29+08:00 ] 192.168.180.204 /api/uc.php?time=1382934689&code=9ad9594sLlg2BQjy%2BrEI%2BEb1rCKkl8AWMueX7cLEpqZOomFwqVSmXmbO3IIXTErve0Lpc4lMnEUu6Ghgvi3z%2FxVRod7YLgemCXnfNbe1wJznl%2BrVU8cBAUz7GMmVsdDJb5ONTZe0XzReuCsRRGImEYEnvdKlaGdv6GR%2Baw
INFO: [ app_begin ] --START--
INFO: Run ReadHtmlCache Behavior [ RunTime:0.000974s ]
INFO: [ app_begin ] --END-- [ RunTime:0.001063s ]
NOTIC: [8] Constant UC_CLIENT_VERSION already defined D:\wwwroot\mainweb\sdk\api\UcApi\Lib\Action\IndexAction.class.php 第 4 行.
NOTIC: [8] Constant UC_CLIENT_RELEASE already defined D:\wwwroot\mainweb\sdk\api\UcApi\Lib\Action\IndexAction.class.php 第 5 行.
NOTIC: [2048] Only variables should be passed by reference D:\wwwroot\mainweb\sdk\api\UcApi\Lib\Action\IndexAction.class.php 第 63 行.
NOTIC: [8] Constant API_RETURN_FAILED already defined D:\wwwroot\mainweb\sdk\uc_client\model\note.php 第 16 行.
SQL: SHOW COLUMNS FROM `sdk_accounts` [ RunTime:0.001949s ]
SQL: SELECT * FROM `sdk_accounts` WHERE ( `account_id` = 2083 ) LIMIT 1   [ RunTime:0.000377s ]

[ 2013-10-28T12:32:07+08:00 ] 192.168.180.204 /api/uc.php?time=1382934727&code=b7f3rvBvw8E0rUrlkvCE6aJNsSAdp1AlgcYFYEfsxRLFhksVCiWmFP%2BTRyOcRevtbj1AMgp4WjngdH2Xbg
INFO: [ app_begin ] --START--
INFO: Run ReadHtmlCache Behavior [ RunTime:0.000919s ]
INFO: [ app_begin ] --END-- [ RunTime:0.001025s ]
NOTIC: [8] Constant UC_CLIENT_VERSION already defined D:\wwwroot\mainweb\sdk\api\UcApi\Lib\Action\IndexAction.class.php 第 4 行.
NOTIC: [8] Constant UC_CLIENT_RELEASE already defined D:\wwwroot\mainweb\sdk\api\UcApi\Lib\Action\IndexAction.class.php 第 5 行.
NOTIC: [2048] Only variables should be passed by reference D:\wwwroot\mainweb\sdk\api\UcApi\Lib\Action\IndexAction.class.php 第 63 行.

[ 2013-10-28T13:00:15+08:00 ] 192.168.152.101 /api/uc.php?time=1382936415&code=9631i1CnA7wHS5plhQBDkialjeyVXfx3sVQqeXGs%2BTwfZxK8wrt6XX3sowcBD6WDkj0Lzx%2FRzQLsUKWhCj0Y2aS%2B3RNyQS%2B9J1KtHR7Y3hZ2vaTJjfXE9PKkgbtfYkLWzZflV%2FzZ2LOlDv6H6ToXUw0gLivGwLtoM1XZKtU8r4c
INFO: [ app_begin ] --START--
INFO: Run ReadHtmlCache Behavior [ RunTime:0.000588s ]
INFO: [ app_begin ] --END-- [ RunTime:0.000677s ]
NOTIC: [8] Constant UC_CLIENT_VERSION already defined D:\wwwroot\mainweb\sdk\api\UcApi\Lib\Action\IndexAction.class.php 第 4 行.
NOTIC: [8] Constant UC_CLIENT_RELEASE already defined D:\wwwroot\mainweb\sdk\api\UcApi\Lib\Action\IndexAction.class.php 第 5 行.
NOTIC: [2048] Only variables should be passed by reference D:\wwwroot\mainweb\sdk\api\UcApi\Lib\Action\IndexAction.class.php 第 63 行.
NOTIC: [8] Constant API_RETURN_FAILED already defined D:\wwwroot\mainweb\sdk\uc_client\model\note.php 第 16 行.
SQL: SHOW COLUMNS FROM `sdk_accounts` [ RunTime:0.002110s ]
SQL: SELECT * FROM `sdk_accounts` WHERE ( `account_id` = 1228 ) LIMIT 1   [ RunTime:0.000407s ]

[ 2013-10-28T13:01:30+08:00 ] 101.226.33.227 /api/uc.php?time=1382934689&code=9ad9594sLlg2BQjy+rEI+Eb1rCKkl8AWMueX7cLEpqZOomFwqVSmXmbO3IIXTErve0Lpc4lMnEUu6Ghgvi3z/xVRod7YLgemCXnfNbe1wJznl+rVU8cBAUz7GMmVsdDJb5ONTZe0XzReuCsRRGImEYEnvdKlaGdv6GR+aw
INFO: [ app_begin ] --START--
INFO: Run ReadHtmlCache Behavior [ RunTime:0.000923s ]
INFO: [ app_begin ] --END-- [ RunTime:0.001016s ]
NOTIC: [8] Constant UC_CLIENT_VERSION already defined D:\wwwroot\mainweb\sdk\api\UcApi\Lib\Action\IndexAction.class.php 第 4 行.
NOTIC: [8] Constant UC_CLIENT_RELEASE already defined D:\wwwroot\mainweb\sdk\api\UcApi\Lib\Action\IndexAction.class.php 第 5 行.
NOTIC: [8] Undefined index:  time D:\wwwroot\mainweb\sdk\api\UcApi\Lib\Action\IndexAction.class.php 第 54 行.

[ 2013-10-28T13:02:07+08:00 ] 180.153.214.176 /api/uc.php?time=1382934727&code=b7f3rvBvw8E0rUrlkvCE6aJNsSAdp1AlgcYFYEfsxRLFhksVCiWmFP+TRyOcRevtbj1AMgp4WjngdH2Xbg
INFO: [ app_begin ] --START--
INFO: Run ReadHtmlCache Behavior [ RunTime:0.000931s ]
INFO: [ app_begin ] --END-- [ RunTime:0.001020s ]
NOTIC: [8] Constant UC_CLIENT_VERSION already defined D:\wwwroot\mainweb\sdk\api\UcApi\Lib\Action\IndexAction.class.php 第 4 行.
NOTIC: [8] Constant UC_CLIENT_RELEASE already defined D:\wwwroot\mainweb\sdk\api\UcApi\Lib\Action\IndexAction.class.php 第 5 行.
NOTIC: [8] Undefined index:  time D:\wwwroot\mainweb\sdk\api\UcApi\Lib\Action\IndexAction.class.php 第 54 行.

[ 2013-10-28T13:03:11+08:00 ] 180.153.201.217 /api/uc.php?time=1382936527&code=5c16o0M6lghcObJ%2BEbTifGsD9i2%2Baknu25RcxRhUqmJRQZ7n%2BWPLUj2debjL5mdnfeJaM2yTJB9PHI30Ww
INFO: [ app_begin ] --START--
INFO: Run ReadHtmlCache Behavior [ RunTime:0.000927s ]
INFO: [ app_begin ] --END-- [ RunTime:0.001020s ]
NOTIC: [8] Constant UC_CLIENT_VERSION already defined D:\wwwroot\mainweb\sdk\api\UcApi\Lib\Action\IndexAction.class.php 第 4 行.
NOTIC: [8] Constant UC_CLIENT_RELEASE already defined D:\wwwroot\mainweb\sdk\api\UcApi\Lib\Action\IndexAction.class.php 第 5 行.
NOTIC: [2048] Only variables should be passed by reference D:\wwwroot\mainweb\sdk\api\UcApi\Lib\Action\IndexAction.class.php 第 63 行.

[ 2013-10-28T13:49:55+08:00 ] 192.168.200.168 /api/uc.php?time=1382939395&code=cbda0LxYsawAFYkwI%2FZ1MmhnkqiIyXpalHS0ip9HgZhKJX1Cq%2BmGhg8FyuqSaYxk7SHfYn5QE%2BMrQmPRHqp9DnTxPSDc7wAjODVJcs0yYF3FM1Ykd6g5LwmDCocVtaAepancVXbxVQ%2B2GC4p0iHtMogsJ%2BATP47B45PB7Cav3jHMjw
INFO: [ app_begin ] --START--
INFO: Run ReadHtmlCache Behavior [ RunTime:0.001245s ]
INFO: [ app_begin ] --END-- [ RunTime:0.001336s ]
NOTIC: [8] Constant UC_CLIENT_VERSION already defined D:\wwwroot\mainweb\sdk\api\UcApi\Lib\Action\IndexAction.class.php 第 4 行.
NOTIC: [8] Constant UC_CLIENT_RELEASE already defined D:\wwwroot\mainweb\sdk\api\UcApi\Lib\Action\IndexAction.class.php 第 5 行.
NOTIC: [2048] Only variables should be passed by reference D:\wwwroot\mainweb\sdk\api\UcApi\Lib\Action\IndexAction.class.php 第 63 行.
NOTIC: [8] Constant API_RETURN_FAILED already defined D:\wwwroot\mainweb\sdk\uc_client\model\note.php 第 16 行.
SQL: SHOW COLUMNS FROM `sdk_accounts` [ RunTime:0.002448s ]
SQL: SELECT * FROM `sdk_accounts` WHERE ( `account_id` = 2056 ) LIMIT 1   [ RunTime:0.000409s ]

[ 2013-10-28T13:59:49+08:00 ] 192.168.201.27 /api/uc.php?time=1382939989&code=7d51OxgHqJjSlc9dhZ6RYFWKVsgtN5iK%2FJxChwQj2kyQuoUy6Y5xbI7miRoYtsEfErC%2BahpY8tNzyazi%2FYsdGaQFDqdwikBLWcxFtP6PcYyv%2FgOLsxKeePoBgldDihOmtfUSo7X4uHyft2FlSa%2FUl1BNJrhxy3wEUIGqf0If3cu0FQ
INFO: [ app_begin ] --START--
INFO: Run ReadHtmlCache Behavior [ RunTime:0.000927s ]
INFO: [ app_begin ] --END-- [ RunTime:0.001017s ]
NOTIC: [8] Constant UC_CLIENT_VERSION already defined D:\wwwroot\mainweb\sdk\api\UcApi\Lib\Action\IndexAction.class.php 第 4 行.
NOTIC: [8] Constant UC_CLIENT_RELEASE already defined D:\wwwroot\mainweb\sdk\api\UcApi\Lib\Action\IndexAction.class.php 第 5 行.
NOTIC: [2048] Only variables should be passed by reference D:\wwwroot\mainweb\sdk\api\UcApi\Lib\Action\IndexAction.class.php 第 63 行.
NOTIC: [8] Constant API_RETURN_FAILED already defined D:\wwwroot\mainweb\sdk\uc_client\model\note.php 第 16 行.
SQL: SHOW COLUMNS FROM `sdk_accounts` [ RunTime:0.016391s ]
SQL: SELECT * FROM `sdk_accounts` WHERE ( `account_id` = 2352 ) LIMIT 1   [ RunTime:0.000626s ]

[ 2013-10-28T13:59:58+08:00 ] 192.168.159.169 /api/uc.php?time=1382939998&code=eb015Q1cil%2BO7j%2ByDHdZiM%2Bx7r1oPQKd2gixZ%2BtMToq0gdcC%2F7GHpjPclwDG%2FI7rhzIxMm08YAYar8%2BehIlgWpOPWKYgbTmvvMtR807y7eYhUcSYwn6mCS6d5GyADoJHaTsOM4YHk0HZiKpj9Ke7qIxEcRRToyXGnHI3PyfE
INFO: [ app_begin ] --START--
INFO: Run ReadHtmlCache Behavior [ RunTime:0.000926s ]
INFO: [ app_begin ] --END-- [ RunTime:0.001014s ]
NOTIC: [8] Constant UC_CLIENT_VERSION already defined D:\wwwroot\mainweb\sdk\api\UcApi\Lib\Action\IndexAction.class.php 第 4 行.
NOTIC: [8] Constant UC_CLIENT_RELEASE already defined D:\wwwroot\mainweb\sdk\api\UcApi\Lib\Action\IndexAction.class.php 第 5 行.
NOTIC: [2048] Only variables should be passed by reference D:\wwwroot\mainweb\sdk\api\UcApi\Lib\Action\IndexAction.class.php 第 63 行.
NOTIC: [8] Constant API_RETURN_FAILED already defined D:\wwwroot\mainweb\sdk\uc_client\model\note.php 第 16 行.
SQL: SHOW COLUMNS FROM `sdk_accounts` [ RunTime:0.002256s ]
SQL: SELECT * FROM `sdk_accounts` WHERE ( `account_id` = 631 ) LIMIT 1   [ RunTime:0.000567s ]

[ 2013-10-28T15:16:29+08:00 ] 192.168.160.155 /api/uc.php?time=1382944589&code=0f86GCfJOK5cH1Lj50d6wIvUO9fMyBB6Tmqq6SukN4tUjJk3oy1dZB0CRNLf4W4%2BuXJkZgEkoutRZhrDDPUIJ2BL85WSbIsQx%2F9zWonjYciILpMx5PA4QI5T57orB0h9OWXj4rG2pni8AEP3X3PdMl1Cb%2BqD6SSi1ytIen37tr4
INFO: [ app_begin ] --START--
INFO: Run ReadHtmlCache Behavior [ RunTime:0.000951s ]
INFO: [ app_begin ] --END-- [ RunTime:0.001041s ]
NOTIC: [8] Constant UC_CLIENT_VERSION already defined D:\wwwroot\mainweb\sdk\api\UcApi\Lib\Action\IndexAction.class.php 第 4 行.
NOTIC: [8] Constant UC_CLIENT_RELEASE already defined D:\wwwroot\mainweb\sdk\api\UcApi\Lib\Action\IndexAction.class.php 第 5 行.
NOTIC: [2048] Only variables should be passed by reference D:\wwwroot\mainweb\sdk\api\UcApi\Lib\Action\IndexAction.class.php 第 63 行.
NOTIC: [8] Constant API_RETURN_FAILED already defined D:\wwwroot\mainweb\sdk\uc_client\model\note.php 第 16 行.
SQL: SHOW COLUMNS FROM `sdk_accounts` [ RunTime:0.020423s ]
SQL: SELECT * FROM `sdk_accounts` WHERE ( `account_id` = 1249 ) LIMIT 1   [ RunTime:0.000644s ]
SQL: INSERT INTO `sdk_accounts` (`account_id`,`user_name`,`email`,`password`,`reg_time`) VALUES (1249,'Funnnnn','524296909@qq.com','2dce5728be927ffce7b66f708c54cc8e71fb03dd',1382944589) [ RunTime:0.001356s ]

[ 2013-10-28T15:16:34+08:00 ] 192.168.160.155 /api/uc.php?time=1382944594&code=16352zAQoQmsCRRPFjP55fwvBH6mhe16hOTYAqOD%2FVlLJb4W8FrOWjNKS1El7aYRKNGK3T%2FWtMlRd0aFuB8ydY5wqlUypIgh6%2FhtzG87JhVXg8ZeTbluJa%2BFuJrLcsgx09a9eVensbkW2MZaYuzt5Zp3kpQ7gU%2ByigiRW%2FujFls
INFO: [ app_begin ] --START--
INFO: Run ReadHtmlCache Behavior [ RunTime:0.000998s ]
INFO: [ app_begin ] --END-- [ RunTime:0.001088s ]
NOTIC: [8] Constant UC_CLIENT_VERSION already defined D:\wwwroot\mainweb\sdk\api\UcApi\Lib\Action\IndexAction.class.php 第 4 行.
NOTIC: [8] Constant UC_CLIENT_RELEASE already defined D:\wwwroot\mainweb\sdk\api\UcApi\Lib\Action\IndexAction.class.php 第 5 行.
NOTIC: [2048] Only variables should be passed by reference D:\wwwroot\mainweb\sdk\api\UcApi\Lib\Action\IndexAction.class.php 第 63 行.
NOTIC: [8] Constant API_RETURN_FAILED already defined D:\wwwroot\mainweb\sdk\uc_client\model\note.php 第 16 行.
SQL: SHOW COLUMNS FROM `sdk_accounts` [ RunTime:0.002055s ]
SQL: SELECT * FROM `sdk_accounts` WHERE ( `account_id` = 1249 ) LIMIT 1   [ RunTime:0.000439s ]

[ 2013-10-28T16:38:56+08:00 ] 192.168.170.131 /api/uc.php?time=1382949536&code=e6c0YVQe1rE48kGqZiy3MVX1PKSjKXxnQa0At7lB1affWJwyiNi4ltnfE2KuIgekTpqMnqaUryKm%2BIx%2Fcogl4xgFRAlSp1g86sUKeY01%2BQ3mSSMy4oJ8zvqcIVB1AUaEX%2Bq%2Bk6t3rdXdpmx6ZFN2FBAFOz22GClczGZVJu1x7g
INFO: [ app_begin ] --START--
INFO: Run ReadHtmlCache Behavior [ RunTime:0.001015s ]
INFO: [ app_begin ] --END-- [ RunTime:0.001109s ]
NOTIC: [8] Constant UC_CLIENT_VERSION already defined D:\wwwroot\mainweb\sdk\api\UcApi\Lib\Action\IndexAction.class.php 第 4 行.
NOTIC: [8] Constant UC_CLIENT_RELEASE already defined D:\wwwroot\mainweb\sdk\api\UcApi\Lib\Action\IndexAction.class.php 第 5 行.
NOTIC: [2048] Only variables should be passed by reference D:\wwwroot\mainweb\sdk\api\UcApi\Lib\Action\IndexAction.class.php 第 63 行.
NOTIC: [8] Constant API_RETURN_FAILED already defined D:\wwwroot\mainweb\sdk\uc_client\model\note.php 第 16 行.
SQL: SHOW COLUMNS FROM `sdk_accounts` [ RunTime:0.002317s ]
SQL: SELECT * FROM `sdk_accounts` WHERE ( `account_id` = 2422 ) LIMIT 1   [ RunTime:0.000556s ]

[ 2013-10-28T16:46:29+08:00 ] 192.168.203.212 /api/uc.php?time=1382949989&code=d4e6CmEAsoo0oqimi7SvX9Vcdyesj8vJQBetQmJlN%2BZ0tTuf%2FTmDjLxFnQDSrGWKLeWQ11Avvtd3znO7szAXq%2F6XFEOHHZIFTNu6xWp%2BAqCE3%2FXVnS5i8zVpFA2rCUbIQe7VPWrKGoWaU9mqPG7Fgcfz9lGSZZiOnFdz%2BpIMqr0AmUi9tw
INFO: [ app_begin ] --START--
INFO: Run ReadHtmlCache Behavior [ RunTime:0.000591s ]
INFO: [ app_begin ] --END-- [ RunTime:0.000682s ]
NOTIC: [8] Constant UC_CLIENT_VERSION already defined D:\wwwroot\mainweb\sdk\api\UcApi\Lib\Action\IndexAction.class.php 第 4 行.
NOTIC: [8] Constant UC_CLIENT_RELEASE already defined D:\wwwroot\mainweb\sdk\api\UcApi\Lib\Action\IndexAction.class.php 第 5 行.
NOTIC: [2048] Only variables should be passed by reference D:\wwwroot\mainweb\sdk\api\UcApi\Lib\Action\IndexAction.class.php 第 63 行.
NOTIC: [8] Constant API_RETURN_FAILED already defined D:\wwwroot\mainweb\sdk\uc_client\model\note.php 第 16 行.
SQL: SHOW COLUMNS FROM `sdk_accounts` [ RunTime:0.002402s ]
SQL: SELECT * FROM `sdk_accounts` WHERE ( `account_id` = 1912 ) LIMIT 1   [ RunTime:0.000487s ]

[ 2013-10-28T17:35:42+08:00 ] 192.168.134.144 /api/uc.php?time=1382952942&code=d504sooIwjHDI6cMh5nA71FZ8hPeL3ga8%2F97iY0XsPQuLVoUqCiHxW%2F%2FBUmlwAq1zNnkSy06BJwx1UPhd8IFJwHQqoznpigKbCrLkNQVFVqk6urEVzjg2LYRU3lgcI2ipVUx%2Bs2CVYrPU3nZZOJ0fADT7dB%2BdQrSPggRWw
INFO: [ app_begin ] --START--
INFO: Run ReadHtmlCache Behavior [ RunTime:0.000929s ]
INFO: [ app_begin ] --END-- [ RunTime:0.001029s ]
NOTIC: [8] Constant UC_CLIENT_VERSION already defined D:\wwwroot\mainweb\sdk\api\UcApi\Lib\Action\IndexAction.class.php 第 4 行.
NOTIC: [8] Constant UC_CLIENT_RELEASE already defined D:\wwwroot\mainweb\sdk\api\UcApi\Lib\Action\IndexAction.class.php 第 5 行.
NOTIC: [2048] Only variables should be passed by reference D:\wwwroot\mainweb\sdk\api\UcApi\Lib\Action\IndexAction.class.php 第 63 行.
NOTIC: [8] Constant API_RETURN_FAILED already defined D:\wwwroot\mainweb\sdk\uc_client\model\note.php 第 16 行.
SQL: SHOW COLUMNS FROM `sdk_accounts` [ RunTime:0.002107s ]
SQL: SELECT * FROM `sdk_accounts` WHERE ( `account_id` = 1904 ) LIMIT 1   [ RunTime:0.000313s ]

[ 2013-10-28T18:48:35+08:00 ] 192.168.202.137 /api/uc.php?time=1382957315&code=d51ecMeP0%2F49YsS7sSTeel6aGjD%2BtEL3dmWZGoTiIQiLKZY0P2POGRcwF2CNqZUdkkY05ZLglj1eUJ6Y7QvghXCouuGjdQMRL45FBMHATBbsPkR3t%2FgezoO8%2BSaTfonOcpWq1eYCLJE018JliMqiFtd4UE4W5n%2BTGMrGQxiFAtfCwU1sGXJJ
INFO: [ app_begin ] --START--
INFO: Run ReadHtmlCache Behavior [ RunTime:0.000949s ]
INFO: [ app_begin ] --END-- [ RunTime:0.001038s ]
NOTIC: [8] Constant UC_CLIENT_VERSION already defined D:\wwwroot\mainweb\sdk\api\UcApi\Lib\Action\IndexAction.class.php 第 4 行.
NOTIC: [8] Constant UC_CLIENT_RELEASE already defined D:\wwwroot\mainweb\sdk\api\UcApi\Lib\Action\IndexAction.class.php 第 5 行.
NOTIC: [2048] Only variables should be passed by reference D:\wwwroot\mainweb\sdk\api\UcApi\Lib\Action\IndexAction.class.php 第 63 行.
NOTIC: [8] Constant API_RETURN_FAILED already defined D:\wwwroot\mainweb\sdk\uc_client\model\note.php 第 16 行.
SQL: SHOW COLUMNS FROM `sdk_accounts` [ RunTime:0.002386s ]
SQL: SELECT * FROM `sdk_accounts` WHERE ( `account_id` = 1746 ) LIMIT 1   [ RunTime:0.000568s ]

[ 2013-10-28T19:52:44+08:00 ] 192.168.188.86 /api/uc.php?time=1382961163&code=2618W1QdBiSJRZCYE8Sspb%2FxEUvAl0xkJCOdGzPz7voxtcXBN8H6r050yXe61TxqoGoj7P%2F7vbkrzVcnyynxeyUEFK7xeVC9x1epAuzp%2ByTUFG%2FXrhN3HzxKGtYRHePxKMvvTefIH%2FgtdreS6oMzgHNdcVxXOaL5Y7O93pxL1NzS9RQiFLuPjG9lcw
INFO: [ app_begin ] --START--
INFO: Run ReadHtmlCache Behavior [ RunTime:0.000952s ]
INFO: [ app_begin ] --END-- [ RunTime:0.001043s ]
NOTIC: [8] Constant UC_CLIENT_VERSION already defined D:\wwwroot\mainweb\sdk\api\UcApi\Lib\Action\IndexAction.class.php 第 4 行.
NOTIC: [8] Constant UC_CLIENT_RELEASE already defined D:\wwwroot\mainweb\sdk\api\UcApi\Lib\Action\IndexAction.class.php 第 5 行.
NOTIC: [2048] Only variables should be passed by reference D:\wwwroot\mainweb\sdk\api\UcApi\Lib\Action\IndexAction.class.php 第 63 行.
NOTIC: [8] Constant API_RETURN_FAILED already defined D:\wwwroot\mainweb\sdk\uc_client\model\note.php 第 16 行.
SQL: SHOW COLUMNS FROM `sdk_accounts` [ RunTime:0.002112s ]
SQL: SELECT * FROM `sdk_accounts` WHERE ( `account_id` = 2512 ) LIMIT 1   [ RunTime:0.000381s ]

[ 2013-10-28T20:26:07+08:00 ] 192.168.156.36 /api/uc.php?time=1382963167&code=762cUIJKARAGjmVJmfIsTEHYtVTjDSEY2gdkNv%2F3P1CHrNg0ZXCfIVvxxlX%2FNaAUJkGcUF%2BtoJxSy3ZI5J%2B95yELJeUziXrHpxtKG7RviyAc6n9lx6tnoKJbxMTFHOa8MSXw7DbtX%2BQh1YbgnUZkhdRSgpfISNwZnLbh5%2F4b12gx
INFO: [ app_begin ] --START--
INFO: Run ReadHtmlCache Behavior [ RunTime:0.000935s ]
INFO: [ app_begin ] --END-- [ RunTime:0.001026s ]
NOTIC: [8] Constant UC_CLIENT_VERSION already defined D:\wwwroot\mainweb\sdk\api\UcApi\Lib\Action\IndexAction.class.php 第 4 行.
NOTIC: [8] Constant UC_CLIENT_RELEASE already defined D:\wwwroot\mainweb\sdk\api\UcApi\Lib\Action\IndexAction.class.php 第 5 行.
NOTIC: [2048] Only variables should be passed by reference D:\wwwroot\mainweb\sdk\api\UcApi\Lib\Action\IndexAction.class.php 第 63 行.
NOTIC: [8] Constant API_RETURN_FAILED already defined D:\wwwroot\mainweb\sdk\uc_client\model\note.php 第 16 行.
SQL: SHOW COLUMNS FROM `sdk_accounts` [ RunTime:0.002766s ]
SQL: SELECT * FROM `sdk_accounts` WHERE ( `account_id` = 2546 ) LIMIT 1   [ RunTime:0.000643s ]
SQL: INSERT INTO `sdk_accounts` (`account_id`,`user_name`,`email`,`password`,`reg_time`) VALUES (2546,'thislady','505090529@qq.com','3654820e8ea6828736bd8215ab502bf3a042efe4',1382963167) [ RunTime:0.000772s ]

[ 2013-10-28T21:56:53+08:00 ] 192.168.205.4 /api/uc.php?time=1382968609&code=39a7NPCI952%2BWRWjI4gCe0U80rHqrJzOY2kweMvfdAbCKMVIT%2F7Futth6RGcIZI%2FLdII6tEelnPcn8afcljg%2Bn0bY3oaatLppD3mBXQzdT0iZRJlehPKubz9RUTAaABbZ1SmH%2BwtBScUBJFA6Bv%2FdNt6p9uE3w9YGLPZLqDncA
INFO: [ app_begin ] --START--
INFO: Run ReadHtmlCache Behavior [ RunTime:0.001013s ]
INFO: [ app_begin ] --END-- [ RunTime:0.001102s ]
NOTIC: [8] Constant UC_CLIENT_VERSION already defined D:\wwwroot\mainweb\sdk\api\UcApi\Lib\Action\IndexAction.class.php 第 4 行.
NOTIC: [8] Constant UC_CLIENT_RELEASE already defined D:\wwwroot\mainweb\sdk\api\UcApi\Lib\Action\IndexAction.class.php 第 5 行.
NOTIC: [2048] Only variables should be passed by reference D:\wwwroot\mainweb\sdk\api\UcApi\Lib\Action\IndexAction.class.php 第 63 行.
NOTIC: [8] Constant API_RETURN_FAILED already defined D:\wwwroot\mainweb\sdk\uc_client\model\note.php 第 16 行.
SQL: SHOW COLUMNS FROM `sdk_accounts` [ RunTime:0.002173s ]
SQL: SELECT * FROM `sdk_accounts` WHERE ( `account_id` = 968 ) LIMIT 1   [ RunTime:0.000504s ]

[ 2013-10-28T22:15:47+08:00 ] 192.168.205.86 /api/uc.php?time=1382969747&code=208duHuD7rRR%2B1zUAEO%2BD4j3KNGhXjl%2FXHjbuSqLhPt7pErcOw%2Bl7E9liXJiptOQCLfVgGPsqjdx%2FC90MVV%2FJh1hgAZ0NzB1I0e5qsRypvCku5g%2F7FNFq2K8rGmVPm6t%2BOPxdUHeucHeLhKroIAcvR5O0r%2BSr8CMu7dskyW0nI0a%2Fw
INFO: [ app_begin ] --START--
INFO: Run ReadHtmlCache Behavior [ RunTime:0.000923s ]
INFO: [ app_begin ] --END-- [ RunTime:0.001013s ]
NOTIC: [8] Constant UC_CLIENT_VERSION already defined D:\wwwroot\mainweb\sdk\api\UcApi\Lib\Action\IndexAction.class.php 第 4 行.
NOTIC: [8] Constant UC_CLIENT_RELEASE already defined D:\wwwroot\mainweb\sdk\api\UcApi\Lib\Action\IndexAction.class.php 第 5 行.
NOTIC: [2048] Only variables should be passed by reference D:\wwwroot\mainweb\sdk\api\UcApi\Lib\Action\IndexAction.class.php 第 63 行.
NOTIC: [8] Constant API_RETURN_FAILED already defined D:\wwwroot\mainweb\sdk\uc_client\model\note.php 第 16 行.
SQL: SHOW COLUMNS FROM `sdk_accounts` [ RunTime:0.002314s ]
SQL: SELECT * FROM `sdk_accounts` WHERE ( `account_id` = 2547 ) LIMIT 1   [ RunTime:0.000551s ]
SQL: INSERT INTO `sdk_accounts` (`account_id`,`user_name`,`email`,`password`,`reg_time`) VALUES (2547,'westbrook','191458834@qq.com','50707b9eb0e6943b93539f48406cfd178b36039c',1382969747) [ RunTime:0.000593s ]

[ 2013-10-28T22:15:47+08:00 ] 180.153.201.15 /api/uc.php?time=1382969747&code=208duHuD7rRR+1zUAEO+D4j3KNGhXjl/XHjbuSqLhPt7pErcOw+l7E9liXJiptOQCLfVgGPsqjdx/C90MVV/Jh1hgAZ0NzB1I0e5qsRypvCku5g/7FNFq2K8rGmVPm6t+OPxdUHeucHeLhKroIAcvR5O0r+Sr8CMu7dskyW0nI0a/w
INFO: [ app_begin ] --START--
INFO: Run ReadHtmlCache Behavior [ RunTime:0.000931s ]
INFO: [ app_begin ] --END-- [ RunTime:0.001022s ]
NOTIC: [8] Constant UC_CLIENT_VERSION already defined D:\wwwroot\mainweb\sdk\api\UcApi\Lib\Action\IndexAction.class.php 第 4 行.
NOTIC: [8] Constant UC_CLIENT_RELEASE already defined D:\wwwroot\mainweb\sdk\api\UcApi\Lib\Action\IndexAction.class.php 第 5 行.
NOTIC: [8] Undefined index:  time D:\wwwroot\mainweb\sdk\api\UcApi\Lib\Action\IndexAction.class.php 第 54 行.

[ 2013-10-28T22:16:10+08:00 ] 192.168.205.86 /api/uc.php?time=1382969770&code=9183vPg18q7gDtNirmMpSPwEJphuMgq1r32hC%2FMJQGzSHmzWSlR1EIPq%2FUaMucaz4QLAtEjfUCwrdgKYr7p2a0DwVB0Kkt5BjBcKYkm9xuqycwmQ1Q6gTJ%2Fu3RnufYRvu9nbCyutxaqej%2BxfR%2F8b5Av8ZnXKr%2BQAvGWo6NLCv6oUeA
INFO: [ app_begin ] --START--
INFO: Run ReadHtmlCache Behavior [ RunTime:0.000916s ]
INFO: [ app_begin ] --END-- [ RunTime:0.001005s ]
NOTIC: [8] Constant UC_CLIENT_VERSION already defined D:\wwwroot\mainweb\sdk\api\UcApi\Lib\Action\IndexAction.class.php 第 4 行.
NOTIC: [8] Constant UC_CLIENT_RELEASE already defined D:\wwwroot\mainweb\sdk\api\UcApi\Lib\Action\IndexAction.class.php 第 5 行.
NOTIC: [2048] Only variables should be passed by reference D:\wwwroot\mainweb\sdk\api\UcApi\Lib\Action\IndexAction.class.php 第 63 行.
NOTIC: [8] Constant API_RETURN_FAILED already defined D:\wwwroot\mainweb\sdk\uc_client\model\note.php 第 16 行.
SQL: SHOW COLUMNS FROM `sdk_accounts` [ RunTime:0.002141s ]
SQL: SELECT * FROM `sdk_accounts` WHERE ( `account_id` = 2547 ) LIMIT 1   [ RunTime:0.000567s ]

[ 2013-10-28T22:24:39+08:00 ] 192.168.201.86 /api/uc.php?time=1382970279&code=03b1qr9K5dDB318JXhm6jiXxT5jbPpQqTwEDOi52o5%2B9IVK%2F7CTFf2g7Afhgb%2F%2FcZxZKLE4jCYWknlPnXHJteuHC5jF5Mp0PGH4wkXpkkGY8Vr0xRkjdjVKTRn%2FASDnloOIk4%2BUiEBwaeRouRzBJnzBvXQCszM3rtOfuPWNZm9loqw
INFO: [ app_begin ] --START--
INFO: Run ReadHtmlCache Behavior [ RunTime:0.000965s ]
INFO: [ app_begin ] --END-- [ RunTime:0.001056s ]
NOTIC: [8] Constant UC_CLIENT_VERSION already defined D:\wwwroot\mainweb\sdk\api\UcApi\Lib\Action\IndexAction.class.php 第 4 行.
NOTIC: [8] Constant UC_CLIENT_RELEASE already defined D:\wwwroot\mainweb\sdk\api\UcApi\Lib\Action\IndexAction.class.php 第 5 行.
NOTIC: [2048] Only variables should be passed by reference D:\wwwroot\mainweb\sdk\api\UcApi\Lib\Action\IndexAction.class.php 第 63 行.
NOTIC: [8] Constant API_RETURN_FAILED already defined D:\wwwroot\mainweb\sdk\uc_client\model\note.php 第 16 行.
SQL: SHOW COLUMNS FROM `sdk_accounts` [ RunTime:0.002002s ]
SQL: SELECT * FROM `sdk_accounts` WHERE ( `account_id` = 2288 ) LIMIT 1   [ RunTime:0.000553s ]

[ 2013-10-28T22:26:08+08:00 ] 192.168.153.161 /api/uc.php?time=1382970368&code=6188UjvSf6j9SU3waL9SKWWqDBZp1dwdX%2BHHbyFSzr%2Bl0zGRb9gBTeieMgHmRxtSfx83k2Aym1Wsp1JvCwdPlrgpiHEzc9FedwKnLNM8d3hC6elCQZr4Nt8I5uN%2FkzHYwNXDCPQXeK50eRrRcpmFaieq5P54jg%2Fd2Hi4%2BWY
INFO: [ app_begin ] --START--
INFO: Run ReadHtmlCache Behavior [ RunTime:0.000925s ]
INFO: [ app_begin ] --END-- [ RunTime:0.001019s ]
NOTIC: [8] Constant UC_CLIENT_VERSION already defined D:\wwwroot\mainweb\sdk\api\UcApi\Lib\Action\IndexAction.class.php 第 4 行.
NOTIC: [8] Constant UC_CLIENT_RELEASE already defined D:\wwwroot\mainweb\sdk\api\UcApi\Lib\Action\IndexAction.class.php 第 5 行.
NOTIC: [2048] Only variables should be passed by reference D:\wwwroot\mainweb\sdk\api\UcApi\Lib\Action\IndexAction.class.php 第 63 行.
NOTIC: [8] Constant API_RETURN_FAILED already defined D:\wwwroot\mainweb\sdk\uc_client\model\note.php 第 16 行.
SQL: SHOW COLUMNS FROM `sdk_accounts` [ RunTime:0.001897s ]
SQL: SELECT * FROM `sdk_accounts` WHERE ( `account_id` = 788 ) LIMIT 1   [ RunTime:0.000503s ]

[ 2013-10-28T22:46:11+08:00 ] 180.153.163.211 /api/uc.php?time=1382969770&code=9183vPg18q7gDtNirmMpSPwEJphuMgq1r32hC/MJQGzSHmzWSlR1EIPq/UaMucaz4QLAtEjfUCwrdgKYr7p2a0DwVB0Kkt5BjBcKYkm9xuqycwmQ1Q6gTJ/u3RnufYRvu9nbCyutxaqej+xfR/8b5Av8ZnXKr+QAvGWo6NLCv6oUeA
INFO: [ app_begin ] --START--
INFO: Run ReadHtmlCache Behavior [ RunTime:0.001021s ]
INFO: [ app_begin ] --END-- [ RunTime:0.001115s ]
NOTIC: [8] Constant UC_CLIENT_VERSION already defined D:\wwwroot\mainweb\sdk\api\UcApi\Lib\Action\IndexAction.class.php 第 4 行.
NOTIC: [8] Constant UC_CLIENT_RELEASE already defined D:\wwwroot\mainweb\sdk\api\UcApi\Lib\Action\IndexAction.class.php 第 5 行.
NOTIC: [8] Undefined index:  time D:\wwwroot\mainweb\sdk\api\UcApi\Lib\Action\IndexAction.class.php 第 54 行.

[ 2013-10-28T23:02:03+08:00 ] 192.168.182.72 /api/uc.php?time=1382972523&code=7271kTCTRlZXW663qhvsvmB63lwjp5Bc6G6XK%2BMHgffIO4%2FAdBQ7maz0XmXLVs2i3cP%2FlvdRRQ12uJ1f5XaqLkNiPCPuwtXrGaZfYQydOPUQg0Nf4y5Z%2BmA%2FRk21zBBcvIgWrEp9zyxcSbisJAmpmoE8twkxCgD4BdaMtVoZLH09
INFO: [ app_begin ] --START--
INFO: Run ReadHtmlCache Behavior [ RunTime:0.001141s ]
INFO: [ app_begin ] --END-- [ RunTime:0.001230s ]
NOTIC: [8] Constant UC_CLIENT_VERSION already defined D:\wwwroot\mainweb\sdk\api\UcApi\Lib\Action\IndexAction.class.php 第 4 行.
NOTIC: [8] Constant UC_CLIENT_RELEASE already defined D:\wwwroot\mainweb\sdk\api\UcApi\Lib\Action\IndexAction.class.php 第 5 行.
NOTIC: [2048] Only variables should be passed by reference D:\wwwroot\mainweb\sdk\api\UcApi\Lib\Action\IndexAction.class.php 第 63 行.
NOTIC: [8] Constant API_RETURN_FAILED already defined D:\wwwroot\mainweb\sdk\uc_client\model\note.php 第 16 行.
SQL: SHOW COLUMNS FROM `sdk_accounts` [ RunTime:0.002135s ]
SQL: SELECT * FROM `sdk_accounts` WHERE ( `account_id` = 580 ) LIMIT 1   [ RunTime:0.000443s ]

[ 2013-10-28T23:22:03+08:00 ] 192.168.183.142 /api/uc.php?time=1382973722&code=e987%2Fv1t5kQ4VPzNX6wPbyDrLIoTb8BaG6gs0H6yFsozhbNxaOejQAde10JSrwf%2FH4yG2VhD0%2B5wXKdjrxV4qicToVz1%2BZXC8JPruMsAlsbCEsTkeLqNvRCzeJt5OmDgBdQR%2BknT5jUV0VAxgeWCGrlbarfqCRuQaOguZDKK
INFO: [ app_begin ] --START--
INFO: Run ReadHtmlCache Behavior [ RunTime:0.001134s ]
INFO: [ app_begin ] --END-- [ RunTime:0.001226s ]
NOTIC: [8] Constant UC_CLIENT_VERSION already defined D:\wwwroot\mainweb\sdk\api\UcApi\Lib\Action\IndexAction.class.php 第 4 行.
NOTIC: [8] Constant UC_CLIENT_RELEASE already defined D:\wwwroot\mainweb\sdk\api\UcApi\Lib\Action\IndexAction.class.php 第 5 行.
NOTIC: [2048] Only variables should be passed by reference D:\wwwroot\mainweb\sdk\api\UcApi\Lib\Action\IndexAction.class.php 第 63 行.
NOTIC: [8] Constant API_RETURN_FAILED already defined D:\wwwroot\mainweb\sdk\uc_client\model\note.php 第 16 行.
SQL: SHOW COLUMNS FROM `sdk_accounts` [ RunTime:0.002310s ]
SQL: SELECT * FROM `sdk_accounts` WHERE ( `account_id` = 2349 ) LIMIT 1   [ RunTime:0.000592s ]

[ 2013-10-28T23:32:58+08:00 ] 192.168.152.13 /api/uc.php?time=1382974378&code=c0f0%2BVN7whqQj98G4kpVKfCKTVGi2wFHfpNTNKNJVI%2FUjlSxXfMoeHV%2Bsck6zbhsRikwd6pWnt%2BIViZJaGjgKZizfY4SCrYPwl66mTh6tQ1Xa3xRbVae5gjMHi4n6YLtZ32IvxmmEAY4yAa60sHkj7JEbQcp3bk%2Fcv3P
INFO: [ app_begin ] --START--
INFO: Run ReadHtmlCache Behavior [ RunTime:0.001035s ]
INFO: [ app_begin ] --END-- [ RunTime:0.001127s ]
NOTIC: [8] Constant UC_CLIENT_VERSION already defined D:\wwwroot\mainweb\sdk\api\UcApi\Lib\Action\IndexAction.class.php 第 4 行.
NOTIC: [8] Constant UC_CLIENT_RELEASE already defined D:\wwwroot\mainweb\sdk\api\UcApi\Lib\Action\IndexAction.class.php 第 5 行.
NOTIC: [2048] Only variables should be passed by reference D:\wwwroot\mainweb\sdk\api\UcApi\Lib\Action\IndexAction.class.php 第 63 行.
NOTIC: [8] Constant API_RETURN_FAILED already defined D:\wwwroot\mainweb\sdk\uc_client\model\note.php 第 16 行.
SQL: SHOW COLUMNS FROM `sdk_accounts` [ RunTime:0.002160s ]
SQL: SELECT * FROM `sdk_accounts` WHERE ( `account_id` = 581 ) LIMIT 1   [ RunTime:0.000565s ]

