[ 2013-10-26T00:30:47+08:00 ] 192.168.194.137 /api/uc.php?time=1382718647&code=9072ugWnhI9AGk63XGu%2Br9rfPpI7V1irqxntU34p3x3n87p3fKgp35iv4Nw5iFhimYsshCM49019HhPgqLkUb%2F1Zb7depbnSYiu7zL%2FHCrAh0x2%2B9QJotbY91SYvUub3R0hXdjOaQV%2B4j5ruio81%2FHj%2B%2BfBDtjEDFOAzN6jruj7MmQDMNg
INFO: [ app_begin ] --START--
INFO: Run ReadHtmlCache Behavior [ RunTime:0.001310s ]
INFO: [ app_begin ] --END-- [ RunTime:0.001400s ]
NOTIC: [8] Constant UC_CLIENT_VERSION already defined D:\wwwroot\mainweb\sdk\api\UcApi\Lib\Action\IndexAction.class.php 第 4 行.
NOTIC: [8] Constant UC_CLIENT_RELEASE already defined D:\wwwroot\mainweb\sdk\api\UcApi\Lib\Action\IndexAction.class.php 第 5 行.
NOTIC: [2048] Only variables should be passed by reference D:\wwwroot\mainweb\sdk\api\UcApi\Lib\Action\IndexAction.class.php 第 63 行.
NOTIC: [8] Constant API_RETURN_FAILED already defined D:\wwwroot\mainweb\sdk\uc_client\model\note.php 第 16 行.
SQL: SHOW COLUMNS FROM `sdk_accounts` [ RunTime:0.003007s ]
SQL: SELECT * FROM `sdk_accounts` WHERE ( `account_id` = 2539 ) LIMIT 1   [ RunTime:0.000546s ]
SQL: INSERT INTO `sdk_accounts` (`account_id`,`user_name`,`email`,`password`,`reg_time`) VALUES (2539,'jiajialing55','573178403@qq.com','f00f4fe2c6dac161c84018951003131e279aa4f1',1382718647) [ RunTime:0.000866s ]

[ 2013-10-26T00:31:13+08:00 ] 192.168.194.137 /api/uc.php?time=1382718673&code=bd4fOiqiCIBIytNvf7%2B3qBw7%2BeAq1YN1aOmP7uM323smzowvFossNraT9%2F9vsRkC9zL8BOU%2FB7EDkTo7TaZY%2B6FqDiaHb9tFa3FgYKsX05XDShJw2LHiFBo%2FTD0YyU6JVv2lSqMKS9PK2EojpPRTh4d6eXi7oPAhSHjrYSedqT3zp4woVA
INFO: [ app_begin ] --START--
INFO: Run ReadHtmlCache Behavior [ RunTime:0.001134s ]
INFO: [ app_begin ] --END-- [ RunTime:0.001224s ]
NOTIC: [8] Constant UC_CLIENT_VERSION already defined D:\wwwroot\mainweb\sdk\api\UcApi\Lib\Action\IndexAction.class.php 第 4 行.
NOTIC: [8] Constant UC_CLIENT_RELEASE already defined D:\wwwroot\mainweb\sdk\api\UcApi\Lib\Action\IndexAction.class.php 第 5 行.
NOTIC: [2048] Only variables should be passed by reference D:\wwwroot\mainweb\sdk\api\UcApi\Lib\Action\IndexAction.class.php 第 63 行.
NOTIC: [8] Constant API_RETURN_FAILED already defined D:\wwwroot\mainweb\sdk\uc_client\model\note.php 第 16 行.
SQL: SHOW COLUMNS FROM `sdk_accounts` [ RunTime:0.002779s ]
SQL: SELECT * FROM `sdk_accounts` WHERE ( `account_id` = 2539 ) LIMIT 1   [ RunTime:0.000568s ]

[ 2013-10-26T00:32:49+08:00 ] 192.168.203.143 /api/uc.php?time=1382718769&code=7a26aEWfBtpAcuW7Qhp%2BEVZNb63L0Lot6b7ge0K4NBinWBtCgzkgagaB%2F%2B9auGLGA%2FuUkgknrVQDtNmaGM7ikYxKF5V%2FHcW4BQBKsBcTJ9V126LypHV4ijFUSz3TjCDYh1S3zalSuyQzAPbl6%2FQlildqu53ojtdUzHz9
INFO: [ app_begin ] --START--
INFO: Run ReadHtmlCache Behavior [ RunTime:0.001242s ]
INFO: [ app_begin ] --END-- [ RunTime:0.001340s ]
NOTIC: [8] Constant UC_CLIENT_VERSION already defined D:\wwwroot\mainweb\sdk\api\UcApi\Lib\Action\IndexAction.class.php 第 4 行.
NOTIC: [8] Constant UC_CLIENT_RELEASE already defined D:\wwwroot\mainweb\sdk\api\UcApi\Lib\Action\IndexAction.class.php 第 5 行.
NOTIC: [2048] Only variables should be passed by reference D:\wwwroot\mainweb\sdk\api\UcApi\Lib\Action\IndexAction.class.php 第 63 行.
NOTIC: [8] Constant API_RETURN_FAILED already defined D:\wwwroot\mainweb\sdk\uc_client\model\note.php 第 16 行.
SQL: SHOW COLUMNS FROM `sdk_accounts` [ RunTime:0.002359s ]
SQL: SELECT * FROM `sdk_accounts` WHERE ( `account_id` = 648 ) LIMIT 1   [ RunTime:0.000568s ]

[ 2013-10-26T00:33:49+08:00 ] 192.168.194.137 /api/uc.php?time=1382718828&code=43d0VyGTDAv6id%2BsysQ7YYDd5WrVL%2FoTR0xVZYZ%2BcOsHm%2Bq1Y37uwOAA%2BNUIMrNuNAjANeuywHrSMe%2B4dQ
INFO: [ app_begin ] --START--
INFO: Run ReadHtmlCache Behavior [ RunTime:0.001324s ]
INFO: [ app_begin ] --END-- [ RunTime:0.001416s ]
NOTIC: [8] Constant UC_CLIENT_VERSION already defined D:\wwwroot\mainweb\sdk\api\UcApi\Lib\Action\IndexAction.class.php 第 4 行.
NOTIC: [8] Constant UC_CLIENT_RELEASE already defined D:\wwwroot\mainweb\sdk\api\UcApi\Lib\Action\IndexAction.class.php 第 5 行.
NOTIC: [2048] Only variables should be passed by reference D:\wwwroot\mainweb\sdk\api\UcApi\Lib\Action\IndexAction.class.php 第 63 行.

[ 2013-10-26T01:03:50+08:00 ] 112.64.235.87 /api/uc.php?time=1382720628&code=98cdMHotpLV9FtV%2Fpbo88vdljP2eKqqAtERp69fyRLKxvTQYWjZd%2F28TUUhw1GHjvIk6xopnXShddWCpMg
INFO: [ app_begin ] --START--
INFO: Run ReadHtmlCache Behavior [ RunTime:0.001209s ]
INFO: [ app_begin ] --END-- [ RunTime:0.001300s ]
NOTIC: [8] Constant UC_CLIENT_VERSION already defined D:\wwwroot\mainweb\sdk\api\UcApi\Lib\Action\IndexAction.class.php 第 4 行.
NOTIC: [8] Constant UC_CLIENT_RELEASE already defined D:\wwwroot\mainweb\sdk\api\UcApi\Lib\Action\IndexAction.class.php 第 5 行.
NOTIC: [2048] Only variables should be passed by reference D:\wwwroot\mainweb\sdk\api\UcApi\Lib\Action\IndexAction.class.php 第 63 行.

[ 2013-10-26T09:29:53+08:00 ] 192.168.149.78 /api/uc.php?time=1382750992&code=ec68lcyp9%2FVlN3ZoOPl1%2B5JIfo8rPgTIUYfuVuKinfjTdLmvsnmgwakmPNPoue5wXOEDRUE%2FRrCFEJsaqK2H0mXaRMW7jyf9DiqsEXLix4oZTAEisqYf33HKs31w2Zxsy%2BNHDKtuXaGXkcFZcMSj5gE0UYGpkvTxk2FNRQ
INFO: [ app_begin ] --START--
INFO: Run ReadHtmlCache Behavior [ RunTime:0.001332s ]
INFO: [ app_begin ] --END-- [ RunTime:0.001423s ]
NOTIC: [8] Constant UC_CLIENT_VERSION already defined D:\wwwroot\mainweb\sdk\api\UcApi\Lib\Action\IndexAction.class.php 第 4 行.
NOTIC: [8] Constant UC_CLIENT_RELEASE already defined D:\wwwroot\mainweb\sdk\api\UcApi\Lib\Action\IndexAction.class.php 第 5 行.
NOTIC: [2048] Only variables should be passed by reference D:\wwwroot\mainweb\sdk\api\UcApi\Lib\Action\IndexAction.class.php 第 63 行.
NOTIC: [8] Constant API_RETURN_FAILED already defined D:\wwwroot\mainweb\sdk\uc_client\model\note.php 第 16 行.
SQL: SHOW COLUMNS FROM `sdk_accounts` [ RunTime:0.002502s ]
SQL: SELECT * FROM `sdk_accounts` WHERE ( `account_id` = 2311 ) LIMIT 1   [ RunTime:0.000542s ]

[ 2013-10-26T09:31:23+08:00 ] 192.168.182.72 /api/uc.php?time=1382751082&code=d570Z1OgrzslkPsIxUkbOzA3a9QIByoBTowsot2KMA86X152x%2BvDTptp8UQnr%2BSMUxh3xuwns8dpn%2B8v9INCna0qCNjs1%2B29SzGlB%2FwCgidOSZq5qZFmMl4NbdgT%2FzgKOObwu06cD6rl1o0CxmizYkxIshFL7hCs%2BMT0w%2FFnQCAj
INFO: [ app_begin ] --START--
INFO: Run ReadHtmlCache Behavior [ RunTime:0.001299s ]
INFO: [ app_begin ] --END-- [ RunTime:0.001390s ]
NOTIC: [8] Constant UC_CLIENT_VERSION already defined D:\wwwroot\mainweb\sdk\api\UcApi\Lib\Action\IndexAction.class.php 第 4 行.
NOTIC: [8] Constant UC_CLIENT_RELEASE already defined D:\wwwroot\mainweb\sdk\api\UcApi\Lib\Action\IndexAction.class.php 第 5 行.
NOTIC: [2048] Only variables should be passed by reference D:\wwwroot\mainweb\sdk\api\UcApi\Lib\Action\IndexAction.class.php 第 63 行.
NOTIC: [8] Constant API_RETURN_FAILED already defined D:\wwwroot\mainweb\sdk\uc_client\model\note.php 第 16 行.
SQL: SHOW COLUMNS FROM `sdk_accounts` [ RunTime:0.002063s ]
SQL: SELECT * FROM `sdk_accounts` WHERE ( `account_id` = 580 ) LIMIT 1   [ RunTime:0.000462s ]

[ 2013-10-26T09:52:39+08:00 ] 192.168.137.13 /api/uc.php?time=1382752359&code=e74by%2BiQVRuPu5SPNz7lqe9HMvelVdaBrzDkt8hMVW40%2B7dNJ%2FlT7yijH155FpePR%2BzfRgOIQ6gD89wKrXwBB2W3hGyFc6V8q%2BU9J1ZqtOKMv%2BqObubAb86EgO0XbM1sbmE%2FKPQB5OR57t5lF8RrzxlJSYcnc9Tip6r9ZA
INFO: [ app_begin ] --START--
INFO: Run ReadHtmlCache Behavior [ RunTime:0.001304s ]
INFO: [ app_begin ] --END-- [ RunTime:0.001393s ]
NOTIC: [8] Constant UC_CLIENT_VERSION already defined D:\wwwroot\mainweb\sdk\api\UcApi\Lib\Action\IndexAction.class.php 第 4 行.
NOTIC: [8] Constant UC_CLIENT_RELEASE already defined D:\wwwroot\mainweb\sdk\api\UcApi\Lib\Action\IndexAction.class.php 第 5 行.
NOTIC: [2048] Only variables should be passed by reference D:\wwwroot\mainweb\sdk\api\UcApi\Lib\Action\IndexAction.class.php 第 63 行.
NOTIC: [8] Constant API_RETURN_FAILED already defined D:\wwwroot\mainweb\sdk\uc_client\model\note.php 第 16 行.
SQL: SHOW COLUMNS FROM `sdk_accounts` [ RunTime:0.002393s ]
SQL: SELECT * FROM `sdk_accounts` WHERE ( `account_id` = 2320 ) LIMIT 1   [ RunTime:0.000595s ]

[ 2013-10-26T10:21:10+08:00 ] 192.168.187.145 /api/uc.php?time=1382754070&code=53dfmU%2FSCvZuicNWvLOoUphDvZkNX9kXBoLBeqMoxoqFFeuXK0CrxBIRf3xtzhRBMc2MQHzxLZ2UQ9GzUOsPbWG4yqd4awpRnHbRnEofhMcVXMDLaZZuc6y%2BQtHknYMG00OswUFvxGRBNXJAHDYXg7k2rkPxjDiXn0z2VbPJ%2BkgnzaCDaw
INFO: [ app_begin ] --START--
INFO: Run ReadHtmlCache Behavior [ RunTime:0.000963s ]
INFO: [ app_begin ] --END-- [ RunTime:0.001053s ]
NOTIC: [8] Constant UC_CLIENT_VERSION already defined D:\wwwroot\mainweb\sdk\api\UcApi\Lib\Action\IndexAction.class.php 第 4 行.
NOTIC: [8] Constant UC_CLIENT_RELEASE already defined D:\wwwroot\mainweb\sdk\api\UcApi\Lib\Action\IndexAction.class.php 第 5 行.
NOTIC: [2048] Only variables should be passed by reference D:\wwwroot\mainweb\sdk\api\UcApi\Lib\Action\IndexAction.class.php 第 63 行.
NOTIC: [8] Constant API_RETURN_FAILED already defined D:\wwwroot\mainweb\sdk\uc_client\model\note.php 第 16 行.
SQL: SHOW COLUMNS FROM `sdk_accounts` [ RunTime:0.002304s ]
SQL: SELECT * FROM `sdk_accounts` WHERE ( `account_id` = 2451 ) LIMIT 1   [ RunTime:0.000418s ]

[ 2013-10-26T10:49:00+08:00 ] 192.168.201.34 /api/uc.php?time=1382755732&code=7d0bUZRfEWXIERc9U2WpX4IueTcuFx8Ga9WXj9CQjpuLRWkNjnrEfo%2BJl0FeKKmdYgyOO1lgNdRfDVPC0ukB%2BwLZzCrhklPoFdbULngBhnCWZoqq9ean1va1crA8yIb6Mzecu7ayvUFlIGRqDljkJuVdb%2FrszcTyxFCBn8bKNBsgEA
INFO: [ app_begin ] --START--
INFO: Run ReadHtmlCache Behavior [ RunTime:0.000915s ]
INFO: [ app_begin ] --END-- [ RunTime:0.001006s ]
NOTIC: [8] Constant UC_CLIENT_VERSION already defined D:\wwwroot\mainweb\sdk\api\UcApi\Lib\Action\IndexAction.class.php 第 4 行.
NOTIC: [8] Constant UC_CLIENT_RELEASE already defined D:\wwwroot\mainweb\sdk\api\UcApi\Lib\Action\IndexAction.class.php 第 5 行.
NOTIC: [2048] Only variables should be passed by reference D:\wwwroot\mainweb\sdk\api\UcApi\Lib\Action\IndexAction.class.php 第 63 行.
NOTIC: [8] Constant API_RETURN_FAILED already defined D:\wwwroot\mainweb\sdk\uc_client\model\note.php 第 16 行.
SQL: SHOW COLUMNS FROM `sdk_accounts` [ RunTime:0.002069s ]
SQL: SELECT * FROM `sdk_accounts` WHERE ( `account_id` = 1965 ) LIMIT 1   [ RunTime:0.000323s ]

[ 2013-10-26T11:10:21+08:00 ] 192.168.134.215 /api/uc.php?time=1382757020&code=120c7cou8Jcss3uyu6npqoB6ugkWi8cLfU01OQE0EMhTuC%2Bw72frmF0DHNlnh4IQU4aauj6F7abjeM78dJ87IgA2FArxjwa3PYVT98EMnqbvbT%2FN4uBwDEeCnIf4TVpFQ54e%2FrpIgbyE0LzBDz8tFmEhw9avYY37%2F8s%2B7%2B9YRUqsOg
INFO: [ app_begin ] --START--
INFO: Run ReadHtmlCache Behavior [ RunTime:0.001232s ]
INFO: [ app_begin ] --END-- [ RunTime:0.001321s ]
NOTIC: [8] Constant UC_CLIENT_VERSION already defined D:\wwwroot\mainweb\sdk\api\UcApi\Lib\Action\IndexAction.class.php 第 4 行.
NOTIC: [8] Constant UC_CLIENT_RELEASE already defined D:\wwwroot\mainweb\sdk\api\UcApi\Lib\Action\IndexAction.class.php 第 5 行.
NOTIC: [2048] Only variables should be passed by reference D:\wwwroot\mainweb\sdk\api\UcApi\Lib\Action\IndexAction.class.php 第 63 行.
NOTIC: [8] Constant API_RETURN_FAILED already defined D:\wwwroot\mainweb\sdk\uc_client\model\note.php 第 16 行.
SQL: SHOW COLUMNS FROM `sdk_accounts` [ RunTime:0.002172s ]
SQL: SELECT * FROM `sdk_accounts` WHERE ( `account_id` = 1777 ) LIMIT 1   [ RunTime:0.000557s ]

[ 2013-10-26T11:44:15+08:00 ] 192.168.187.8 /api/uc.php?time=1382759055&code=baefogl9zeNtq1SUqvkRk8IV5UzR4RNtXsXqp8nF8hHZ1pFwpiZk9L39ABVBxg7WXRXxjt5weqT2BJzTpA6OROi16HYDhzIOGMX0rMIEJ15MTWTUByD%2Bjx7kVK50sgKtmf1NxlBYEYg5xRpSZmiYXViLtG%2F0%2BJBQXrTv6OiQWzKxAelgtOxf3Q
INFO: [ app_begin ] --START--
INFO: Run ReadHtmlCache Behavior [ RunTime:0.001206s ]
INFO: [ app_begin ] --END-- [ RunTime:0.001300s ]
NOTIC: [8] Constant UC_CLIENT_VERSION already defined D:\wwwroot\mainweb\sdk\api\UcApi\Lib\Action\IndexAction.class.php 第 4 行.
NOTIC: [8] Constant UC_CLIENT_RELEASE already defined D:\wwwroot\mainweb\sdk\api\UcApi\Lib\Action\IndexAction.class.php 第 5 行.
NOTIC: [2048] Only variables should be passed by reference D:\wwwroot\mainweb\sdk\api\UcApi\Lib\Action\IndexAction.class.php 第 63 行.
NOTIC: [8] Constant API_RETURN_FAILED already defined D:\wwwroot\mainweb\sdk\uc_client\model\note.php 第 16 行.
SQL: SHOW COLUMNS FROM `sdk_accounts` [ RunTime:0.002246s ]
SQL: SELECT * FROM `sdk_accounts` WHERE ( `account_id` = 2540 ) LIMIT 1   [ RunTime:0.000548s ]
SQL: INSERT INTO `sdk_accounts` (`account_id`,`user_name`,`email`,`password`,`reg_time`) VALUES (2540,'心有明镜台','1035515540@qq.com','0cf18a4e45788fe14346e28ad7317bb7be155fa9',1382759055) [ RunTime:0.001808s ]

[ 2013-10-26T11:44:50+08:00 ] 192.168.187.8 /api/uc.php?time=1382759089&code=0dbbjIX5eteG7CmEYDq3vP9w7bI62r%2FCFkc6KZ8Bvh09jqgJnOOR3lQRxIwHf%2BlFWUBEBm2L77%2BI6%2BCO3kdSQ7%2Bso0v2wI%2F56K2M5sk7cMQxHOut5Wa2MVSqb8A4Ng57%2BUebdLXkjHiXLuHDfVlnDk5WJkFRYWcIjCDopl%2B1Qs3%2Fgc5gPd7UaA
INFO: [ app_begin ] --START--
INFO: Run ReadHtmlCache Behavior [ RunTime:0.001251s ]
INFO: [ app_begin ] --END-- [ RunTime:0.001341s ]
NOTIC: [8] Constant UC_CLIENT_VERSION already defined D:\wwwroot\mainweb\sdk\api\UcApi\Lib\Action\IndexAction.class.php 第 4 行.
NOTIC: [8] Constant UC_CLIENT_RELEASE already defined D:\wwwroot\mainweb\sdk\api\UcApi\Lib\Action\IndexAction.class.php 第 5 行.
NOTIC: [2048] Only variables should be passed by reference D:\wwwroot\mainweb\sdk\api\UcApi\Lib\Action\IndexAction.class.php 第 63 行.
NOTIC: [8] Constant API_RETURN_FAILED already defined D:\wwwroot\mainweb\sdk\uc_client\model\note.php 第 16 行.
SQL: SHOW COLUMNS FROM `sdk_accounts` [ RunTime:0.002369s ]
SQL: SELECT * FROM `sdk_accounts` WHERE ( `account_id` = 2540 ) LIMIT 1   [ RunTime:0.000604s ]

[ 2013-10-26T11:54:00+08:00 ] 192.168.187.8 /api/uc.php?time=1382759640&code=4087jz0fNQeSkvTbb5TEs%2FynRvOJSWC%2BbmpSCXqj9nH6cWYITWhQJ00Zb9WeqsMLK8QDzN3kHXd1Udo13w
INFO: [ app_begin ] --START--
INFO: Run ReadHtmlCache Behavior [ RunTime:0.001267s ]
INFO: [ app_begin ] --END-- [ RunTime:0.001363s ]
NOTIC: [8] Constant UC_CLIENT_VERSION already defined D:\wwwroot\mainweb\sdk\api\UcApi\Lib\Action\IndexAction.class.php 第 4 行.
NOTIC: [8] Constant UC_CLIENT_RELEASE already defined D:\wwwroot\mainweb\sdk\api\UcApi\Lib\Action\IndexAction.class.php 第 5 行.
NOTIC: [2048] Only variables should be passed by reference D:\wwwroot\mainweb\sdk\api\UcApi\Lib\Action\IndexAction.class.php 第 63 行.

[ 2013-10-26T11:58:06+08:00 ] 183.4.25.26 /api/uc.php?time=1382759884&code=b810Ec8oNXCA8RYiRqIsPrgEIxeNFk6NYDHgKtMWHKwpuSUQ76IQksGzrera6mrwabr%2BAe3irs4YtquUjUmPLnWXu6lKPl267QfoRHfz1iHehVaLTPewM81MnkIYRjkwlIgMOfiKjqcF3pYJP%2BclmHqtnUkUFdAHX5ZT%2F35b9Grpfe%2FOvHFWrQ
INFO: [ app_begin ] --START--
INFO: Run ReadHtmlCache Behavior [ RunTime:0.001241s ]
INFO: [ app_begin ] --END-- [ RunTime:0.001332s ]
NOTIC: [8] Constant UC_CLIENT_VERSION already defined D:\wwwroot\mainweb\sdk\api\UcApi\Lib\Action\IndexAction.class.php 第 4 行.
NOTIC: [8] Constant UC_CLIENT_RELEASE already defined D:\wwwroot\mainweb\sdk\api\UcApi\Lib\Action\IndexAction.class.php 第 5 行.
NOTIC: [2048] Only variables should be passed by reference D:\wwwroot\mainweb\sdk\api\UcApi\Lib\Action\IndexAction.class.php 第 63 行.
NOTIC: [8] Constant API_RETURN_FAILED already defined D:\wwwroot\mainweb\sdk\uc_client\model\note.php 第 16 行.
SQL: SHOW COLUMNS FROM `sdk_accounts` [ RunTime:0.002714s ]
SQL: SELECT * FROM `sdk_accounts` WHERE ( `account_id` = 1214 ) LIMIT 1   [ RunTime:0.000579s ]

[ 2013-10-26T12:15:33+08:00 ] 192.168.136.216 /api/uc.php?time=1382760933&code=4c5f7YavYjCOu1rPvD0%2F9SpO57u4sEgsFfaey1DeGhsw5GKvDGx6TmzfC2CKLi9eFGdozZKPXu2bZVkBqwRjbMT0MBywYhB2fPEH5ePxqF2JcJxVg9ep2kU%2FK9UjfgdXHRe0OBKbrboCHJ%2FpCM64Hp1XuIyaYhOylupOgJom%2FTNw%2BA
INFO: [ app_begin ] --START--
INFO: Run ReadHtmlCache Behavior [ RunTime:0.001298s ]
INFO: [ app_begin ] --END-- [ RunTime:0.001387s ]
NOTIC: [8] Constant UC_CLIENT_VERSION already defined D:\wwwroot\mainweb\sdk\api\UcApi\Lib\Action\IndexAction.class.php 第 4 行.
NOTIC: [8] Constant UC_CLIENT_RELEASE already defined D:\wwwroot\mainweb\sdk\api\UcApi\Lib\Action\IndexAction.class.php 第 5 行.
NOTIC: [2048] Only variables should be passed by reference D:\wwwroot\mainweb\sdk\api\UcApi\Lib\Action\IndexAction.class.php 第 63 行.
NOTIC: [8] Constant API_RETURN_FAILED already defined D:\wwwroot\mainweb\sdk\uc_client\model\note.php 第 16 行.
SQL: SHOW COLUMNS FROM `sdk_accounts` [ RunTime:0.002151s ]
SQL: SELECT * FROM `sdk_accounts` WHERE ( `account_id` = 2509 ) LIMIT 1   [ RunTime:0.000481s ]

[ 2013-10-26T12:15:52+08:00 ] 192.168.201.73 /api/uc.php?time=1382760952&code=a97beuo0JfqK8nu4bpHTyIkHcCO8t11kkcCw1wexJ3hvZgxGeQS70ECE%2BidAVocDhTtWDefVh5VVa49TsG0t%2F%2BGvrRGTDxcefnuhDjcK%2FYJDoeYh0fq37gzR9BV8hdzchp31hEtgsoNyiaG2DVL%2BlRqotGV1mSB0Z6iowQ
INFO: [ app_begin ] --START--
INFO: Run ReadHtmlCache Behavior [ RunTime:0.001119s ]
INFO: [ app_begin ] --END-- [ RunTime:0.001208s ]
NOTIC: [8] Constant UC_CLIENT_VERSION already defined D:\wwwroot\mainweb\sdk\api\UcApi\Lib\Action\IndexAction.class.php 第 4 行.
NOTIC: [8] Constant UC_CLIENT_RELEASE already defined D:\wwwroot\mainweb\sdk\api\UcApi\Lib\Action\IndexAction.class.php 第 5 行.
NOTIC: [2048] Only variables should be passed by reference D:\wwwroot\mainweb\sdk\api\UcApi\Lib\Action\IndexAction.class.php 第 63 行.
NOTIC: [8] Constant API_RETURN_FAILED already defined D:\wwwroot\mainweb\sdk\uc_client\model\note.php 第 16 行.
SQL: SHOW COLUMNS FROM `sdk_accounts` [ RunTime:0.002008s ]
SQL: SELECT * FROM `sdk_accounts` WHERE ( `account_id` = 2312 ) LIMIT 1   [ RunTime:0.000496s ]

[ 2013-10-26T12:28:44+08:00 ] 192.168.188.164 /api/uc.php?time=1382761724&code=bf4c2TgFifxSSGY68vWuHGOp2UpLxOdvLi0AkwQvzFrsc0KL5QGStEkx9iKmr2Zuqta79HqJ08crWxG26C%2Fm%2BPCF11zvEi7GlwXSsEZOsb6hAI%2FLP6viscloUQ0q37QbfMgG2kesLn29OxgvhUXZq98fxxCL735dGVKl5A
INFO: [ app_begin ] --START--
INFO: Run ReadHtmlCache Behavior [ RunTime:0.000886s ]
INFO: [ app_begin ] --END-- [ RunTime:0.000977s ]
NOTIC: [8] Constant UC_CLIENT_VERSION already defined D:\wwwroot\mainweb\sdk\api\UcApi\Lib\Action\IndexAction.class.php 第 4 行.
NOTIC: [8] Constant UC_CLIENT_RELEASE already defined D:\wwwroot\mainweb\sdk\api\UcApi\Lib\Action\IndexAction.class.php 第 5 行.
NOTIC: [2048] Only variables should be passed by reference D:\wwwroot\mainweb\sdk\api\UcApi\Lib\Action\IndexAction.class.php 第 63 行.
NOTIC: [8] Constant API_RETURN_FAILED already defined D:\wwwroot\mainweb\sdk\uc_client\model\note.php 第 16 行.
SQL: SHOW COLUMNS FROM `sdk_accounts` [ RunTime:0.002271s ]
SQL: SELECT * FROM `sdk_accounts` WHERE ( `account_id` = 927 ) LIMIT 1   [ RunTime:0.000515s ]

[ 2013-10-26T13:25:03+08:00 ] 192.168.187.8 /api/uc.php?time=1382765103&code=a339yrEzv1oIUTYV%2FrnppCpUKex%2FV5%2FPPAXUzoHnt9rF%2BB0U6qP46K2ogdQQPfpIVB6l8bw4CJ2YHGa35lUXtA8CxLmuAOyWGY4D09eaR%2FXsFxOkoXZeqnUoqmxh%2FinAxexkFKv9y5b%2B34Z9ihy9Akr3LAX5wpnJ356dWvpOPoZQ36huY0MWrQ
INFO: [ app_begin ] --START--
INFO: Run ReadHtmlCache Behavior [ RunTime:0.001272s ]
INFO: [ app_begin ] --END-- [ RunTime:0.001362s ]
NOTIC: [8] Constant UC_CLIENT_VERSION already defined D:\wwwroot\mainweb\sdk\api\UcApi\Lib\Action\IndexAction.class.php 第 4 行.
NOTIC: [8] Constant UC_CLIENT_RELEASE already defined D:\wwwroot\mainweb\sdk\api\UcApi\Lib\Action\IndexAction.class.php 第 5 行.
NOTIC: [2048] Only variables should be passed by reference D:\wwwroot\mainweb\sdk\api\UcApi\Lib\Action\IndexAction.class.php 第 63 行.
NOTIC: [8] Constant API_RETURN_FAILED already defined D:\wwwroot\mainweb\sdk\uc_client\model\note.php 第 16 行.
SQL: SHOW COLUMNS FROM `sdk_accounts` [ RunTime:0.002253s ]
SQL: SELECT * FROM `sdk_accounts` WHERE ( `account_id` = 2540 ) LIMIT 1   [ RunTime:0.000211s ]

[ 2013-10-26T14:24:09+08:00 ] 192.168.133.22 /api/uc.php?time=1382768649&code=2895k1zWrrjXSbk%2FkFY9%2FZfQPUpS1ly8j7VpYt2rGfrg%2Faku5FenWVrj4dLmGsBccKTWwGxIVpxV1WvyKFt99G2q6d2X%2FS%2BldqeEPHMyYtLvqTDZFAALutHW0kYA0mbzxmC%2FnD5X1%2Bhkc16DDPVZT%2BhRgfcnDDlsDoS%2F6lHzeQCSY7PV%2BKDT
INFO: [ app_begin ] --START--
INFO: Run ReadHtmlCache Behavior [ RunTime:0.001297s ]
INFO: [ app_begin ] --END-- [ RunTime:0.001386s ]
NOTIC: [8] Constant UC_CLIENT_VERSION already defined D:\wwwroot\mainweb\sdk\api\UcApi\Lib\Action\IndexAction.class.php 第 4 行.
NOTIC: [8] Constant UC_CLIENT_RELEASE already defined D:\wwwroot\mainweb\sdk\api\UcApi\Lib\Action\IndexAction.class.php 第 5 行.
NOTIC: [2048] Only variables should be passed by reference D:\wwwroot\mainweb\sdk\api\UcApi\Lib\Action\IndexAction.class.php 第 63 行.
NOTIC: [8] Constant API_RETURN_FAILED already defined D:\wwwroot\mainweb\sdk\uc_client\model\note.php 第 16 行.
SQL: SHOW COLUMNS FROM `sdk_accounts` [ RunTime:0.002294s ]
SQL: SELECT * FROM `sdk_accounts` WHERE ( `account_id` = 2504 ) LIMIT 1   [ RunTime:0.000455s ]

[ 2013-10-26T14:39:07+08:00 ] 192.168.163.169 /api/uc.php?time=1382769546&code=c088ajYdQfqqagAgeIxZ2G6UEpB%2B%2Foxig7e3acotZg%2BB566kBNh5mXDp%2B5Nd%2BAI9XSG%2BZXIoaBdABzsB3o4%2FkXt85otW6o3i0KpYtktcJeqicHIsTLUYrc%2FPhsiPzqco0cSnn85BD2b49M3mR85f9npZvKEpomwrIZf8X5fkyauXFg
INFO: [ app_begin ] --START--
INFO: Run ReadHtmlCache Behavior [ RunTime:0.002079s ]
INFO: [ app_begin ] --END-- [ RunTime:0.002197s ]
NOTIC: [8] Constant UC_CLIENT_VERSION already defined D:\wwwroot\mainweb\sdk\api\UcApi\Lib\Action\IndexAction.class.php 第 4 行.
NOTIC: [8] Constant UC_CLIENT_RELEASE already defined D:\wwwroot\mainweb\sdk\api\UcApi\Lib\Action\IndexAction.class.php 第 5 行.
NOTIC: [2048] Only variables should be passed by reference D:\wwwroot\mainweb\sdk\api\UcApi\Lib\Action\IndexAction.class.php 第 63 行.
NOTIC: [8] Constant API_RETURN_FAILED already defined D:\wwwroot\mainweb\sdk\uc_client\model\note.php 第 16 行.
SQL: SHOW COLUMNS FROM `sdk_accounts` [ RunTime:0.002281s ]
SQL: SELECT * FROM `sdk_accounts` WHERE ( `account_id` = 2492 ) LIMIT 1   [ RunTime:0.000566s ]

[ 2013-10-26T14:39:26+08:00 ] 192.168.163.169 /api/uc.php?time=1382769566&code=062aH3KP5OObzaENh15BkfP84qE7afkwwmVRyOMjYqmllPOuE8M9rFMeN81f%2BhHOTHkYl4cw9ijpTKAnKg
INFO: [ app_begin ] --START--
INFO: Run ReadHtmlCache Behavior [ RunTime:0.001142s ]
INFO: [ app_begin ] --END-- [ RunTime:0.001230s ]
NOTIC: [8] Constant UC_CLIENT_VERSION already defined D:\wwwroot\mainweb\sdk\api\UcApi\Lib\Action\IndexAction.class.php 第 4 行.
NOTIC: [8] Constant UC_CLIENT_RELEASE already defined D:\wwwroot\mainweb\sdk\api\UcApi\Lib\Action\IndexAction.class.php 第 5 行.
NOTIC: [2048] Only variables should be passed by reference D:\wwwroot\mainweb\sdk\api\UcApi\Lib\Action\IndexAction.class.php 第 63 行.

[ 2013-10-26T15:46:46+08:00 ] 192.168.163.153 /api/uc.php?time=1382773606&code=34facFfoYUvvF0YtfGflhAX7%2FoutFrIsaRqYCkDdj537zlOOB1%2ByoBi7TzmdODFGWPYXSuzml7L7DXZVgqA9pgBq%2FErthFPFFUCC8QL0MEwtr0hwC%2FCHG%2F7yocga7DmCDA%2BR7lxDIkU5QWKIOFzF35TwJGTvfJIpkT6Ktwzy
INFO: [ app_begin ] --START--
INFO: Run ReadHtmlCache Behavior [ RunTime:0.001265s ]
INFO: [ app_begin ] --END-- [ RunTime:0.001356s ]
NOTIC: [8] Constant UC_CLIENT_VERSION already defined D:\wwwroot\mainweb\sdk\api\UcApi\Lib\Action\IndexAction.class.php 第 4 行.
NOTIC: [8] Constant UC_CLIENT_RELEASE already defined D:\wwwroot\mainweb\sdk\api\UcApi\Lib\Action\IndexAction.class.php 第 5 行.
NOTIC: [2048] Only variables should be passed by reference D:\wwwroot\mainweb\sdk\api\UcApi\Lib\Action\IndexAction.class.php 第 63 行.
NOTIC: [8] Constant API_RETURN_FAILED already defined D:\wwwroot\mainweb\sdk\uc_client\model\note.php 第 16 行.
SQL: SHOW COLUMNS FROM `sdk_accounts` [ RunTime:0.002036s ]
SQL: SELECT * FROM `sdk_accounts` WHERE ( `account_id` = 2525 ) LIMIT 1   [ RunTime:0.000470s ]

[ 2013-10-26T16:31:30+08:00 ] 192.168.206.152 /api/uc.php?time=1382776290&code=08e6byzaxYzCEVKoMVoLGDPHpANkhLydqpSQj4ImYIgy%2BOgqc2oBWAcKPEOCZs9DAHdnBtBx7PycRMfVt8iZXyQjoWUgAXYoqk5LxwLg3e9s4esFdTJhbTs%2FsMhcnIDDl7siIcAc9O9TkI7flU0tAvA9qY0YkjUQOdMyyd%2Fu
INFO: [ app_begin ] --START--
INFO: Run ReadHtmlCache Behavior [ RunTime:0.001233s ]
INFO: [ app_begin ] --END-- [ RunTime:0.001322s ]
NOTIC: [8] Constant UC_CLIENT_VERSION already defined D:\wwwroot\mainweb\sdk\api\UcApi\Lib\Action\IndexAction.class.php 第 4 行.
NOTIC: [8] Constant UC_CLIENT_RELEASE already defined D:\wwwroot\mainweb\sdk\api\UcApi\Lib\Action\IndexAction.class.php 第 5 行.
NOTIC: [2048] Only variables should be passed by reference D:\wwwroot\mainweb\sdk\api\UcApi\Lib\Action\IndexAction.class.php 第 63 行.
NOTIC: [8] Constant API_RETURN_FAILED already defined D:\wwwroot\mainweb\sdk\uc_client\model\note.php 第 16 行.
SQL: SHOW COLUMNS FROM `sdk_accounts` [ RunTime:0.002118s ]
SQL: SELECT * FROM `sdk_accounts` WHERE ( `account_id` = 379 ) LIMIT 1   [ RunTime:0.000396s ]

[ 2013-10-26T17:44:41+08:00 ] 192.168.175.103 /api/uc.php?time=1382780681&code=2e83vvz%2F6xjl2H88waQFuE62x7eaABsSNxNWATiW7%2FbI%2BzxJNK2RyPflFqfBFwoYYLVDNWsERgGLBSmJc%2BvFif0L5wZQpYl0t6J%2BBqLE%2FYCGzSIg84%2BEAbXKSw9kRXz6jsFnT9rj1A3I%2Bx3AzDodJpP0bE8FgHAU%2BP3yKoWa
INFO: [ app_begin ] --START--
INFO: Run ReadHtmlCache Behavior [ RunTime:0.001254s ]
INFO: [ app_begin ] --END-- [ RunTime:0.001346s ]
NOTIC: [8] Constant UC_CLIENT_VERSION already defined D:\wwwroot\mainweb\sdk\api\UcApi\Lib\Action\IndexAction.class.php 第 4 行.
NOTIC: [8] Constant UC_CLIENT_RELEASE already defined D:\wwwroot\mainweb\sdk\api\UcApi\Lib\Action\IndexAction.class.php 第 5 行.
NOTIC: [2048] Only variables should be passed by reference D:\wwwroot\mainweb\sdk\api\UcApi\Lib\Action\IndexAction.class.php 第 63 行.
NOTIC: [8] Constant API_RETURN_FAILED already defined D:\wwwroot\mainweb\sdk\uc_client\model\note.php 第 16 行.
SQL: SHOW COLUMNS FROM `sdk_accounts` [ RunTime:0.002292s ]
SQL: SELECT * FROM `sdk_accounts` WHERE ( `account_id` = 1537 ) LIMIT 1   [ RunTime:0.000404s ]

[ 2013-10-26T17:57:06+08:00 ] 192.168.201.141 /api/uc.php?time=1382781426&code=a5e7PMlBtkb0XGRafMxQ4w5ygAepeNbxj4PsVoY9CcX7UaRkAnouiwPvjBpcfpBaao7DdDh1PHI%2FKWrIzLEgshcmOVa1%2BIALGpx4KYcm4D2%2BClKdLmZYXlzxsLAVOW93UqbCJKivmMU19azsI%2FQ7qOUQF3%2FWt1j7Fr325FFCLXtdKMnjPrkKHw
INFO: [ app_begin ] --START--
INFO: Run ReadHtmlCache Behavior [ RunTime:0.001243s ]
INFO: [ app_begin ] --END-- [ RunTime:0.001334s ]
NOTIC: [8] Constant UC_CLIENT_VERSION already defined D:\wwwroot\mainweb\sdk\api\UcApi\Lib\Action\IndexAction.class.php 第 4 行.
NOTIC: [8] Constant UC_CLIENT_RELEASE already defined D:\wwwroot\mainweb\sdk\api\UcApi\Lib\Action\IndexAction.class.php 第 5 行.
NOTIC: [2048] Only variables should be passed by reference D:\wwwroot\mainweb\sdk\api\UcApi\Lib\Action\IndexAction.class.php 第 63 行.
NOTIC: [8] Constant API_RETURN_FAILED already defined D:\wwwroot\mainweb\sdk\uc_client\model\note.php 第 16 行.
SQL: SHOW COLUMNS FROM `sdk_accounts` [ RunTime:0.002120s ]
SQL: SELECT * FROM `sdk_accounts` WHERE ( `account_id` = 1905 ) LIMIT 1   [ RunTime:0.009562s ]

[ 2013-10-26T18:06:14+08:00 ] 192.168.132.224 /api/uc.php?time=1382781973&code=600fF5AyjD9AkPUTVDiHmj1Pin6P%2FdqLqTpfGzSMBew9SyCGlSbFObPaJyVOwbQGxLfqJUL7uoElZGam1V9n6A0lQEH27AQyAgGuChuAoZ6TlOIWl%2BG3%2B3S5zrA0I%2BDEXjXm7GQvGIGMKGPG%2BLeQ2FiLTPCYK9TsVLpvL1JgJ%2FtXtQ
INFO: [ app_begin ] --START--
INFO: Run ReadHtmlCache Behavior [ RunTime:0.001302s ]
INFO: [ app_begin ] --END-- [ RunTime:0.001401s ]
NOTIC: [8] Constant UC_CLIENT_VERSION already defined D:\wwwroot\mainweb\sdk\api\UcApi\Lib\Action\IndexAction.class.php 第 4 行.
NOTIC: [8] Constant UC_CLIENT_RELEASE already defined D:\wwwroot\mainweb\sdk\api\UcApi\Lib\Action\IndexAction.class.php 第 5 行.
NOTIC: [2048] Only variables should be passed by reference D:\wwwroot\mainweb\sdk\api\UcApi\Lib\Action\IndexAction.class.php 第 63 行.
NOTIC: [8] Constant API_RETURN_FAILED already defined D:\wwwroot\mainweb\sdk\uc_client\model\note.php 第 16 行.
SQL: SHOW COLUMNS FROM `sdk_accounts` [ RunTime:0.002198s ]
SQL: SELECT * FROM `sdk_accounts` WHERE ( `account_id` = 1049 ) LIMIT 1   [ RunTime:0.000564s ]

[ 2013-10-26T18:36:14+08:00 ] 180.153.214.178 /api/uc.php?time=1382781973&code=600fF5AyjD9AkPUTVDiHmj1Pin6P/dqLqTpfGzSMBew9SyCGlSbFObPaJyVOwbQGxLfqJUL7uoElZGam1V9n6A0lQEH27AQyAgGuChuAoZ6TlOIWl+G3+3S5zrA0I+DEXjXm7GQvGIGMKGPG+LeQ2FiLTPCYK9TsVLpvL1JgJ/tXtQ
INFO: [ app_begin ] --START--
INFO: Run ReadHtmlCache Behavior [ RunTime:0.001258s ]
INFO: [ app_begin ] --END-- [ RunTime:0.001349s ]
NOTIC: [8] Constant UC_CLIENT_VERSION already defined D:\wwwroot\mainweb\sdk\api\UcApi\Lib\Action\IndexAction.class.php 第 4 行.
NOTIC: [8] Constant UC_CLIENT_RELEASE already defined D:\wwwroot\mainweb\sdk\api\UcApi\Lib\Action\IndexAction.class.php 第 5 行.
NOTIC: [8] Undefined index:  time D:\wwwroot\mainweb\sdk\api\UcApi\Lib\Action\IndexAction.class.php 第 54 行.

[ 2013-10-26T18:55:15+08:00 ] 192.168.185.30 /api/uc.php?time=1382784914&code=aae4TeB9cKKMfIfygfhcgCcXuSAr44ThNsXmh%2B%2FCqfxS7D6eEYyJeZAbYifo%2FYdaWyclvP0ZwfChweH%2FsjZYYMDkL3lSamigBLFw%2BkTVgDUKf7jswk0PpPcwB1VURPuSpbJ5iHLEi6U91E6dSQv9V0jLaDImzggmbE2tJHKns%2BpYvg
INFO: [ app_begin ] --START--
INFO: Run ReadHtmlCache Behavior [ RunTime:0.001307s ]
INFO: [ app_begin ] --END-- [ RunTime:0.001397s ]
NOTIC: [8] Constant UC_CLIENT_VERSION already defined D:\wwwroot\mainweb\sdk\api\UcApi\Lib\Action\IndexAction.class.php 第 4 行.
NOTIC: [8] Constant UC_CLIENT_RELEASE already defined D:\wwwroot\mainweb\sdk\api\UcApi\Lib\Action\IndexAction.class.php 第 5 行.
NOTIC: [2048] Only variables should be passed by reference D:\wwwroot\mainweb\sdk\api\UcApi\Lib\Action\IndexAction.class.php 第 63 行.
NOTIC: [8] Constant API_RETURN_FAILED already defined D:\wwwroot\mainweb\sdk\uc_client\model\note.php 第 16 行.
SQL: SHOW COLUMNS FROM `sdk_accounts` [ RunTime:0.002193s ]
SQL: SELECT * FROM `sdk_accounts` WHERE ( `account_id` = 2177 ) LIMIT 1   [ RunTime:0.000389s ]

[ 2013-10-26T19:00:43+08:00 ] 192.168.153.141 /api/uc.php?time=1382785241&code=261bzOMjDu9K1ka4mZDJA5dHV6Ch1eudVQVik5gHUMDOfCyJ8YCQrSyzDUiuBgP%2BLwmc9t7pnHc1a5gtfKnYTPld6UHUSPJ4gts0x1h6DCNllBqPfsAvkr%2BcABt7bN%2FyFq4%2Bu4gvqEHXduVZfiOPFlRdU5nsAgKNVs6S
INFO: [ app_begin ] --START--
INFO: Run ReadHtmlCache Behavior [ RunTime:0.000953s ]
INFO: [ app_begin ] --END-- [ RunTime:0.001044s ]
NOTIC: [8] Constant UC_CLIENT_VERSION already defined D:\wwwroot\mainweb\sdk\api\UcApi\Lib\Action\IndexAction.class.php 第 4 行.
NOTIC: [8] Constant UC_CLIENT_RELEASE already defined D:\wwwroot\mainweb\sdk\api\UcApi\Lib\Action\IndexAction.class.php 第 5 行.
NOTIC: [2048] Only variables should be passed by reference D:\wwwroot\mainweb\sdk\api\UcApi\Lib\Action\IndexAction.class.php 第 63 行.
NOTIC: [8] Constant API_RETURN_FAILED already defined D:\wwwroot\mainweb\sdk\uc_client\model\note.php 第 16 行.
SQL: SHOW COLUMNS FROM `sdk_accounts` [ RunTime:0.002090s ]
SQL: SELECT * FROM `sdk_accounts` WHERE ( `account_id` = 798 ) LIMIT 1   [ RunTime:0.000609s ]

[ 2013-10-26T20:07:17+08:00 ] 172.16.96.52 /api/uc.php?time=1382789237&code=d2fd2K1agLfPadj3evZBZuaRb%2FLKh1jKRZRjJn8mFWHbKYlYmk3UxhWzz9W13x%2FlKP5L9CNSTfYmL7pDKVqGMfBx47mjhAfpNfAiJ%2BDDvfGQ67bwrNVVlufuq7prhm9zL7Re4RfefBp%2FLfjxX3V7BLh2qqvSyV8f0XnJsqljtaLYfcphLA
INFO: [ app_begin ] --START--
INFO: Run ReadHtmlCache Behavior [ RunTime:0.001466s ]
INFO: [ app_begin ] --END-- [ RunTime:0.001557s ]
NOTIC: [8] Constant UC_CLIENT_VERSION already defined D:\wwwroot\mainweb\sdk\api\UcApi\Lib\Action\IndexAction.class.php 第 4 行.
NOTIC: [8] Constant UC_CLIENT_RELEASE already defined D:\wwwroot\mainweb\sdk\api\UcApi\Lib\Action\IndexAction.class.php 第 5 行.
NOTIC: [2048] Only variables should be passed by reference D:\wwwroot\mainweb\sdk\api\UcApi\Lib\Action\IndexAction.class.php 第 63 行.
NOTIC: [8] Constant API_RETURN_FAILED already defined D:\wwwroot\mainweb\sdk\uc_client\model\note.php 第 16 行.
SQL: SHOW COLUMNS FROM `sdk_accounts` [ RunTime:0.002259s ]
SQL: SELECT * FROM `sdk_accounts` WHERE ( `account_id` = 995 ) LIMIT 1   [ RunTime:0.000501s ]

[ 2013-10-26T20:29:57+08:00 ] 192.168.162.9 /api/uc.php?time=1382790597&code=ad82SIoyoF0bReP%2FyZNZGqvJ%2F9pDNROCzB2VVpsQLuEmUPVYQMaNWxV1XH12X6QC5F8zbNjNIA4TJcUpsFg7ShLGM1lFABBlbzO1wrb6jdP%2F4zHJd3BrtRphFN0yP4Q3aCd9vEMgdaj1A7FfkOtf9d8wMc90rF1yTe0I%2BpdY
INFO: [ app_begin ] --START--
INFO: Run ReadHtmlCache Behavior [ RunTime:0.001243s ]
INFO: [ app_begin ] --END-- [ RunTime:0.001333s ]
NOTIC: [8] Constant UC_CLIENT_VERSION already defined D:\wwwroot\mainweb\sdk\api\UcApi\Lib\Action\IndexAction.class.php 第 4 行.
NOTIC: [8] Constant UC_CLIENT_RELEASE already defined D:\wwwroot\mainweb\sdk\api\UcApi\Lib\Action\IndexAction.class.php 第 5 行.
NOTIC: [2048] Only variables should be passed by reference D:\wwwroot\mainweb\sdk\api\UcApi\Lib\Action\IndexAction.class.php 第 63 行.
NOTIC: [8] Constant API_RETURN_FAILED already defined D:\wwwroot\mainweb\sdk\uc_client\model\note.php 第 16 行.
SQL: SHOW COLUMNS FROM `sdk_accounts` [ RunTime:0.002461s ]
SQL: SELECT * FROM `sdk_accounts` WHERE ( `account_id` = 668 ) LIMIT 1   [ RunTime:0.000556s ]

[ 2013-10-26T20:30:10+08:00 ] 192.168.162.9 /api/uc.php?time=1382790610&code=4005V3eX%2FSKIeCSRhu3fsHo%2FEjB9xRSBMUIsndbgARWXs3RMduF2KhG6WiSLbyyv%2FwX6MQF2C%2BQvR9d3Mg
INFO: [ app_begin ] --START--
INFO: Run ReadHtmlCache Behavior [ RunTime:0.000795s ]
INFO: [ app_begin ] --END-- [ RunTime:0.000884s ]
NOTIC: [8] Constant UC_CLIENT_VERSION already defined D:\wwwroot\mainweb\sdk\api\UcApi\Lib\Action\IndexAction.class.php 第 4 行.
NOTIC: [8] Constant UC_CLIENT_RELEASE already defined D:\wwwroot\mainweb\sdk\api\UcApi\Lib\Action\IndexAction.class.php 第 5 行.
NOTIC: [2048] Only variables should be passed by reference D:\wwwroot\mainweb\sdk\api\UcApi\Lib\Action\IndexAction.class.php 第 63 行.

[ 2013-10-26T21:00:11+08:00 ] 112.64.235.245 /api/uc.php?time=1382790610&code=4005V3eX/SKIeCSRhu3fsHo/EjB9xRSBMUIsndbgARWXs3RMduF2KhG6WiSLbyyv/wX6MQF2C+QvR9d3Mg
INFO: [ app_begin ] --START--
INFO: Run ReadHtmlCache Behavior [ RunTime:0.001247s ]
INFO: [ app_begin ] --END-- [ RunTime:0.001339s ]
NOTIC: [8] Constant UC_CLIENT_VERSION already defined D:\wwwroot\mainweb\sdk\api\UcApi\Lib\Action\IndexAction.class.php 第 4 行.
NOTIC: [8] Constant UC_CLIENT_RELEASE already defined D:\wwwroot\mainweb\sdk\api\UcApi\Lib\Action\IndexAction.class.php 第 5 行.
NOTIC: [8] Undefined index:  time D:\wwwroot\mainweb\sdk\api\UcApi\Lib\Action\IndexAction.class.php 第 54 行.

[ 2013-10-26T21:07:12+08:00 ] 119.147.146.189 /api/uc.php?time=1382790610&code=4005v3ex/skiecsrhu3fsho/ejb9xrsbmuisndbgarwxs3rmduf2khg6wislbyyv/wx6mqf2c+qvr9d3mg
INFO: [ app_begin ] --START--
INFO: Run ReadHtmlCache Behavior [ RunTime:0.001292s ]
INFO: [ app_begin ] --END-- [ RunTime:0.001383s ]
NOTIC: [8] Constant UC_CLIENT_VERSION already defined D:\wwwroot\mainweb\sdk\api\UcApi\Lib\Action\IndexAction.class.php 第 4 行.
NOTIC: [8] Constant UC_CLIENT_RELEASE already defined D:\wwwroot\mainweb\sdk\api\UcApi\Lib\Action\IndexAction.class.php 第 5 行.
NOTIC: [8] Undefined index:  time D:\wwwroot\mainweb\sdk\api\UcApi\Lib\Action\IndexAction.class.php 第 54 行.

[ 2013-10-26T21:46:36+08:00 ] 192.168.157.14 /api/uc.php?time=1382795195&code=cee1ORnSsUYMieWagMqNWNW7zcrnZjGkIFgmntkoJ7z3G79l0oQXN7KDwVdQTDgONMdwzIYVNRPgDfeS%2FvGN5ac45YhyGHhNRW5pUpDNkiSYb6OhcorS1u7ijgUWxSxUCZ3F6%2B0EaSGGUDJhc5jTqq0ombACcn1Aw9PDzTFoRkwu
INFO: [ app_begin ] --START--
INFO: Run ReadHtmlCache Behavior [ RunTime:0.001311s ]
INFO: [ app_begin ] --END-- [ RunTime:0.001405s ]
NOTIC: [8] Constant UC_CLIENT_VERSION already defined D:\wwwroot\mainweb\sdk\api\UcApi\Lib\Action\IndexAction.class.php 第 4 行.
NOTIC: [8] Constant UC_CLIENT_RELEASE already defined D:\wwwroot\mainweb\sdk\api\UcApi\Lib\Action\IndexAction.class.php 第 5 行.
NOTIC: [2048] Only variables should be passed by reference D:\wwwroot\mainweb\sdk\api\UcApi\Lib\Action\IndexAction.class.php 第 63 行.
NOTIC: [8] Constant API_RETURN_FAILED already defined D:\wwwroot\mainweb\sdk\uc_client\model\note.php 第 16 行.
SQL: SHOW COLUMNS FROM `sdk_accounts` [ RunTime:0.016581s ]
SQL: SELECT * FROM `sdk_accounts` WHERE ( `account_id` = 825 ) LIMIT 1   [ RunTime:0.000622s ]

[ 2013-10-26T22:35:40+08:00 ] 192.168.143.158 /api/uc.php?time=1382798139&code=1f8aNy1DxT%2FbX%2Brqh6ycpLHVe31gJtu9SVAEyvofKINu3lRikYOhTbrzvW8h%2Fs0v9CpUJ%2FJxPuUTjQyIDwNDNni4N2S8SIyZuj%2FtSSEjUzn69%2F2%2BgOGNxhNCTLurOoGw0ciKtON9nCn9YFfkm7BcJ%2Bq8C%2Fdm5OsMZ2ZOWI%2BtNVKzgQ
INFO: [ app_begin ] --START--
INFO: Run ReadHtmlCache Behavior [ RunTime:0.001281s ]
INFO: [ app_begin ] --END-- [ RunTime:0.001371s ]
NOTIC: [8] Constant UC_CLIENT_VERSION already defined D:\wwwroot\mainweb\sdk\api\UcApi\Lib\Action\IndexAction.class.php 第 4 行.
NOTIC: [8] Constant UC_CLIENT_RELEASE already defined D:\wwwroot\mainweb\sdk\api\UcApi\Lib\Action\IndexAction.class.php 第 5 行.
NOTIC: [2048] Only variables should be passed by reference D:\wwwroot\mainweb\sdk\api\UcApi\Lib\Action\IndexAction.class.php 第 63 行.
NOTIC: [8] Constant API_RETURN_FAILED already defined D:\wwwroot\mainweb\sdk\uc_client\model\note.php 第 16 行.
SQL: SHOW COLUMNS FROM `sdk_accounts` [ RunTime:0.002482s ]
SQL: SELECT * FROM `sdk_accounts` WHERE ( `account_id` = 2293 ) LIMIT 1   [ RunTime:0.000521s ]

[ 2013-10-26T22:48:01+08:00 ] 192.168.139.23 /api/uc.php?time=1382798880&code=86b1N11aFSCBIXb6MdReJm5xLoA9E%2Fq8aCVH0WwZkuLvWU0Ao0axb9StmefiDDIUmY0j612uQj0blZrnCqL4ehPerFegknll%2F01c15624NvfkPss%2B5HdLWblrDiVfgRYAfJciTCTd8ym5DKl9dWDX8YNhCE4j8FfxmXujQ
INFO: [ app_begin ] --START--
INFO: Run ReadHtmlCache Behavior [ RunTime:0.000969s ]
INFO: [ app_begin ] --END-- [ RunTime:0.001060s ]
NOTIC: [8] Constant UC_CLIENT_VERSION already defined D:\wwwroot\mainweb\sdk\api\UcApi\Lib\Action\IndexAction.class.php 第 4 行.
NOTIC: [8] Constant UC_CLIENT_RELEASE already defined D:\wwwroot\mainweb\sdk\api\UcApi\Lib\Action\IndexAction.class.php 第 5 行.
NOTIC: [2048] Only variables should be passed by reference D:\wwwroot\mainweb\sdk\api\UcApi\Lib\Action\IndexAction.class.php 第 63 行.
NOTIC: [8] Constant API_RETURN_FAILED already defined D:\wwwroot\mainweb\sdk\uc_client\model\note.php 第 16 行.
SQL: SHOW COLUMNS FROM `sdk_accounts` [ RunTime:0.029146s ]
SQL: SELECT * FROM `sdk_accounts` WHERE ( `account_id` = 1705 ) LIMIT 1   [ RunTime:0.000635s ]

[ 2013-10-26T22:56:43+08:00 ] 192.168.206.156 /api/uc.php?time=1382799402&code=f07fdt4olqOly8%2FT4PwKKk793c1UzrZWgPW71KD%2BqSQk6KU458%2BZtqxJZentyygBwYVOV%2F8SxUWY41fWG%2BwUqpqSkLVWn2dKw%2FB4u2qK7Q98Dz08sBevlvv4xRvgGyGN0ifaaWvbT%2BsB0PWvRu%2FFyTInAeR2o3J9yWiqh%2FOund9t
INFO: [ app_begin ] --START--
INFO: Run ReadHtmlCache Behavior [ RunTime:0.001237s ]
INFO: [ app_begin ] --END-- [ RunTime:0.001328s ]
NOTIC: [8] Constant UC_CLIENT_VERSION already defined D:\wwwroot\mainweb\sdk\api\UcApi\Lib\Action\IndexAction.class.php 第 4 行.
NOTIC: [8] Constant UC_CLIENT_RELEASE already defined D:\wwwroot\mainweb\sdk\api\UcApi\Lib\Action\IndexAction.class.php 第 5 行.
NOTIC: [2048] Only variables should be passed by reference D:\wwwroot\mainweb\sdk\api\UcApi\Lib\Action\IndexAction.class.php 第 63 行.
NOTIC: [8] Constant API_RETURN_FAILED already defined D:\wwwroot\mainweb\sdk\uc_client\model\note.php 第 16 行.
SQL: SHOW COLUMNS FROM `sdk_accounts` [ RunTime:0.002027s ]
SQL: SELECT * FROM `sdk_accounts` WHERE ( `account_id` = 411 ) LIMIT 1   [ RunTime:0.034931s ]

[ 2013-10-26T23:00:54+08:00 ] 192.168.206.156 /api/uc.php?time=1382799654&code=def7v9%2F19NlBCSdd7BzIskWHbK892uiK2xJyVhIt7JyJdmWm6Ks5aak0hRXMWwYZVdQxEvq8LTUOwOlabQ
INFO: [ app_begin ] --START--
INFO: Run ReadHtmlCache Behavior [ RunTime:0.001303s ]
INFO: [ app_begin ] --END-- [ RunTime:0.001395s ]
NOTIC: [8] Constant UC_CLIENT_VERSION already defined D:\wwwroot\mainweb\sdk\api\UcApi\Lib\Action\IndexAction.class.php 第 4 行.
NOTIC: [8] Constant UC_CLIENT_RELEASE already defined D:\wwwroot\mainweb\sdk\api\UcApi\Lib\Action\IndexAction.class.php 第 5 行.
NOTIC: [2048] Only variables should be passed by reference D:\wwwroot\mainweb\sdk\api\UcApi\Lib\Action\IndexAction.class.php 第 63 行.

[ 2013-10-26T23:08:14+08:00 ] 192.168.145.12 /api/uc.php?time=1382800094&code=fcf8lomqZ5BjR5%2BNTnxFdOcPcEhOfpA3UGG94WAqbOdQjk7WxBBszWnqcylqwpJJxswGgSfz4fzEghqjTS6zxzB942quls0njJhB%2F6AfusgrKOkEqspogMwif1iK8%2FRp9Uf8AAnXBOauJ2BqS9Px81Nmejs3uM9rASaXAg
INFO: [ app_begin ] --START--
INFO: Run ReadHtmlCache Behavior [ RunTime:0.001316s ]
INFO: [ app_begin ] --END-- [ RunTime:0.001407s ]
NOTIC: [8] Constant UC_CLIENT_VERSION already defined D:\wwwroot\mainweb\sdk\api\UcApi\Lib\Action\IndexAction.class.php 第 4 行.
NOTIC: [8] Constant UC_CLIENT_RELEASE already defined D:\wwwroot\mainweb\sdk\api\UcApi\Lib\Action\IndexAction.class.php 第 5 行.
NOTIC: [2048] Only variables should be passed by reference D:\wwwroot\mainweb\sdk\api\UcApi\Lib\Action\IndexAction.class.php 第 63 行.
NOTIC: [8] Constant API_RETURN_FAILED already defined D:\wwwroot\mainweb\sdk\uc_client\model\note.php 第 16 行.
SQL: SHOW COLUMNS FROM `sdk_accounts` [ RunTime:0.002044s ]
SQL: SELECT * FROM `sdk_accounts` WHERE ( `account_id` = 2507 ) LIMIT 1   [ RunTime:0.000440s ]

[ 2013-10-26T23:11:20+08:00 ] 192.168.150.111 /api/uc.php?time=1382800280&code=8eaaD3B0xR5OMh0%2BXqgX1h%2BDRzi5hsdQsxSlxs%2FSsCByuCOv%2B3T2cedw0NpPLoUT3bExAUqGSX5AcqChEtBXGsPXIR5r55WaGf57FKjJP4vrqxz2AJxj0vrtX0b%2BzgG4LaFJPmI7RNU4kZl9Jdp%2FT5Uuma5YMe8kDhwLmuYM
INFO: [ app_begin ] --START--
INFO: Run ReadHtmlCache Behavior [ RunTime:0.001325s ]
INFO: [ app_begin ] --END-- [ RunTime:0.001417s ]
NOTIC: [8] Constant UC_CLIENT_VERSION already defined D:\wwwroot\mainweb\sdk\api\UcApi\Lib\Action\IndexAction.class.php 第 4 行.
NOTIC: [8] Constant UC_CLIENT_RELEASE already defined D:\wwwroot\mainweb\sdk\api\UcApi\Lib\Action\IndexAction.class.php 第 5 行.
NOTIC: [2048] Only variables should be passed by reference D:\wwwroot\mainweb\sdk\api\UcApi\Lib\Action\IndexAction.class.php 第 63 行.
NOTIC: [8] Constant API_RETURN_FAILED already defined D:\wwwroot\mainweb\sdk\uc_client\model\note.php 第 16 行.
SQL: SHOW COLUMNS FROM `sdk_accounts` [ RunTime:0.008073s ]
SQL: SELECT * FROM `sdk_accounts` WHERE ( `account_id` = 2417 ) LIMIT 1   [ RunTime:0.000562s ]

[ 2013-10-26T23:31:11+08:00 ] 192.168.155.225 /api/uc.php?time=1382801471&code=d39eGHVUPbvb%2BtaDROvD1cXURJ4sD66wWY0eZaceh7gC1slxe4b1PcBZ23OO9XqMpq%2B%2B7IPDHMx6g7YgyZUC9BgN1Il500Fm8ZPnQx4bEAOPgiT6DNUfplJgAbl3vDvB3WpeYVjUJooIiAbSbgf1MWb0oDoiDgpk%2FiUDNPvqKPbrig
INFO: [ app_begin ] --START--
INFO: Run ReadHtmlCache Behavior [ RunTime:0.001445s ]
INFO: [ app_begin ] --END-- [ RunTime:0.001535s ]
NOTIC: [8] Constant UC_CLIENT_VERSION already defined D:\wwwroot\mainweb\sdk\api\UcApi\Lib\Action\IndexAction.class.php 第 4 行.
NOTIC: [8] Constant UC_CLIENT_RELEASE already defined D:\wwwroot\mainweb\sdk\api\UcApi\Lib\Action\IndexAction.class.php 第 5 行.
NOTIC: [2048] Only variables should be passed by reference D:\wwwroot\mainweb\sdk\api\UcApi\Lib\Action\IndexAction.class.php 第 63 行.
NOTIC: [8] Constant API_RETURN_FAILED already defined D:\wwwroot\mainweb\sdk\uc_client\model\note.php 第 16 行.
SQL: SHOW COLUMNS FROM `sdk_accounts` [ RunTime:0.002102s ]
SQL: SELECT * FROM `sdk_accounts` WHERE ( `account_id` = 1422 ) LIMIT 1   [ RunTime:0.000435s ]

[ 2013-10-26T23:48:03+08:00 ] 192.168.133.24 /api/uc.php?time=1382802483&code=0d4bc6icxuuejf1ctve46JoUjV29vNnGKzml6dcu8fxn2g1%2BBdTqjMpf4YiQDrfSVKxo1oq4AImF2X0aG%2Falpoc3TgznfgDVBUO2o8BNbWbswM28YcUaFw3Xp1KjQBm8YJP6upbHalz5ZQSRQ%2BkkxYFu6RKzlFKYKXwohuWoens1mQ
INFO: [ app_begin ] --START--
INFO: Run ReadHtmlCache Behavior [ RunTime:0.001263s ]
INFO: [ app_begin ] --END-- [ RunTime:0.001353s ]
NOTIC: [8] Constant UC_CLIENT_VERSION already defined D:\wwwroot\mainweb\sdk\api\UcApi\Lib\Action\IndexAction.class.php 第 4 行.
NOTIC: [8] Constant UC_CLIENT_RELEASE already defined D:\wwwroot\mainweb\sdk\api\UcApi\Lib\Action\IndexAction.class.php 第 5 行.
NOTIC: [2048] Only variables should be passed by reference D:\wwwroot\mainweb\sdk\api\UcApi\Lib\Action\IndexAction.class.php 第 63 行.
NOTIC: [8] Constant API_RETURN_FAILED already defined D:\wwwroot\mainweb\sdk\uc_client\model\note.php 第 16 行.
SQL: SHOW COLUMNS FROM `sdk_accounts` [ RunTime:0.002384s ]
SQL: SELECT * FROM `sdk_accounts` WHERE ( `account_id` = 1890 ) LIMIT 1   [ RunTime:0.000612s ]

