[ 2013-12-12T12:00:21+08:00 ] 192.168.177.143 /api/uc.php?time=1386820821&code=f44dEK9zHwpXfvfSaeVci2GZU96ZDbR9fz91iRYA%2B6Nd4NrHC2CMrJeo%2FfMkY5kTZfvvNACAXcSSGWqd0x3ygpIOOlJC60OIiAcLHDPOlSsE7Q3wxJpK4BxUN62FEH5gmN02fFJmqirrOuBG9d%2BcLsqpOp1AbkjSgZnn4TYZByWM1g
INFO: [ app_begin ] --START--
INFO: Run ReadHtmlCache Behavior [ RunTime:0.001308s ]
INFO: [ app_begin ] --END-- [ RunTime:0.001400s ]
NOTIC: [8] Constant UC_CLIENT_VERSION already defined D:\wwwroot\mainweb\sdk\api\UcApi\Lib\Action\IndexAction.class.php 第 4 行.
NOTIC: [8] Constant UC_CLIENT_RELEASE already defined D:\wwwroot\mainweb\sdk\api\UcApi\Lib\Action\IndexAction.class.php 第 5 行.
NOTIC: [2048] Only variables should be passed by reference D:\wwwroot\mainweb\sdk\api\UcApi\Lib\Action\IndexAction.class.php 第 63 行.
NOTIC: [8] Constant API_RETURN_FAILED already defined D:\wwwroot\mainweb\sdk\uc_client\model\note.php 第 16 行.
SQL: SHOW COLUMNS FROM `sdk_accounts` [ RunTime:0.002294s ]
SQL: SELECT * FROM `sdk_accounts` WHERE ( `account_id` = 1058 ) LIMIT 1   [ RunTime:0.000596s ]

[ 2013-12-12T12:09:53+08:00 ] 192.168.205.130 /api/uc.php?time=1386821393&code=c572xI%2FjuCQ5R34DSP3Xw7lS%2B2YfQjzA5IG%2FYSaYywhzkck6ithGulpUL1sbYfGjezxz6wC%2B%2FA2c1in70QTT2Im34ccdXJ3ti8kblnesoR7%2F4MdSDm7bvgcmZeltsJtvd0y9R%2FRSew%2FPLT%2BMY%2FDV5I4T754LvFZjQuJKltM
INFO: [ app_begin ] --START--
INFO: Run ReadHtmlCache Behavior [ RunTime:0.001027s ]
INFO: [ app_begin ] --END-- [ RunTime:0.001120s ]
NOTIC: [8] Constant UC_CLIENT_VERSION already defined D:\wwwroot\mainweb\sdk\api\UcApi\Lib\Action\IndexAction.class.php 第 4 行.
NOTIC: [8] Constant UC_CLIENT_RELEASE already defined D:\wwwroot\mainweb\sdk\api\UcApi\Lib\Action\IndexAction.class.php 第 5 行.
NOTIC: [2048] Only variables should be passed by reference D:\wwwroot\mainweb\sdk\api\UcApi\Lib\Action\IndexAction.class.php 第 63 行.
NOTIC: [8] Constant API_RETURN_FAILED already defined D:\wwwroot\mainweb\sdk\uc_client\model\note.php 第 16 行.
SQL: SHOW COLUMNS FROM `sdk_accounts` [ RunTime:0.001937s ]
SQL: SELECT * FROM `sdk_accounts` WHERE ( `account_id` = 222 ) LIMIT 1   [ RunTime:0.000473s ]

[ 2013-12-12T12:45:11+08:00 ] 192.168.136.216 /api/uc.php?time=1386823511&code=117bi%2FqQHp7r2ZMfCnlFaGmVGkTt8J6UO1Oz0r7ar0yPa49yxuZiixuzr0Ga4BqATcgzxc%2BuWSCWUyyq5UrrnHc9u0QIcDYpRgKI1ttzanyHI5a%2BcPnMCr%2FkpdQ%2Fc9zm0truZwI9WnSMSVDGbv%2FEDrFgX%2BwdfsmC2DMjZ1dnHy%2FJAQ
INFO: [ app_begin ] --START--
INFO: Run ReadHtmlCache Behavior [ RunTime:0.001037s ]
INFO: [ app_begin ] --END-- [ RunTime:0.001132s ]
NOTIC: [8] Constant UC_CLIENT_VERSION already defined D:\wwwroot\mainweb\sdk\api\UcApi\Lib\Action\IndexAction.class.php 第 4 行.
NOTIC: [8] Constant UC_CLIENT_RELEASE already defined D:\wwwroot\mainweb\sdk\api\UcApi\Lib\Action\IndexAction.class.php 第 5 行.
NOTIC: [2048] Only variables should be passed by reference D:\wwwroot\mainweb\sdk\api\UcApi\Lib\Action\IndexAction.class.php 第 63 行.
NOTIC: [8] Constant API_RETURN_FAILED already defined D:\wwwroot\mainweb\sdk\uc_client\model\note.php 第 16 行.
SQL: SHOW COLUMNS FROM `sdk_accounts` [ RunTime:0.002147s ]
SQL: SELECT * FROM `sdk_accounts` WHERE ( `account_id` = 2509 ) LIMIT 1   [ RunTime:0.000439s ]

[ 2013-12-12T13:26:11+08:00 ] 192.168.201.223 /api/uc.php?time=1386825970&code=5b66noypWhG%2Bgf0HEiBPLiOsbHOoK1l5rtccpggcvPZQWzmD7Xo04Js8nX4GIkUKrkdvrtCLfBoPqxH%2FMgIAtI8vbVTZo%2BvEDoJX7Sj1HdZI8BexcniRt4jwuqmBvE6XP3zmvG49VvJM9Pz6nI7virG1uDV%2B0ZAzK%2BualeiKTleiwg
INFO: [ app_begin ] --START--
INFO: Run ReadHtmlCache Behavior [ RunTime:0.000736s ]
INFO: [ app_begin ] --END-- [ RunTime:0.000827s ]
NOTIC: [8] Constant UC_CLIENT_VERSION already defined D:\wwwroot\mainweb\sdk\api\UcApi\Lib\Action\IndexAction.class.php 第 4 行.
NOTIC: [8] Constant UC_CLIENT_RELEASE already defined D:\wwwroot\mainweb\sdk\api\UcApi\Lib\Action\IndexAction.class.php 第 5 行.
NOTIC: [2048] Only variables should be passed by reference D:\wwwroot\mainweb\sdk\api\UcApi\Lib\Action\IndexAction.class.php 第 63 行.
NOTIC: [8] Constant API_RETURN_FAILED already defined D:\wwwroot\mainweb\sdk\uc_client\model\note.php 第 16 行.
SQL: SHOW COLUMNS FROM `sdk_accounts` [ RunTime:0.002290s ]
SQL: SELECT * FROM `sdk_accounts` WHERE ( `account_id` = 1544 ) LIMIT 1   [ RunTime:0.000659s ]

[ 2013-12-12T13:26:12+08:00 ] 119.147.146.189 /api/uc.php?time=1386825970&code=5b66noypwhg%2bgf0heibpliosbhook1l5rtccpggcvpzqwzmd7xo04js8nx4gikukrkdvrtclfbopqxh%2fmgiati8vbvtzo%2bvedojx7sj1hdzi8bexcnirt4jwuqmbve6xp3zmvg49vvjm9pz6ni7virg1udv%2b0zazk%2bualeiktleiwg
INFO: [ app_begin ] --START--
INFO: Run ReadHtmlCache Behavior [ RunTime:0.000920s ]
INFO: [ app_begin ] --END-- [ RunTime:0.001012s ]
NOTIC: [8] Constant UC_CLIENT_VERSION already defined D:\wwwroot\mainweb\sdk\api\UcApi\Lib\Action\IndexAction.class.php 第 4 行.
NOTIC: [8] Constant UC_CLIENT_RELEASE already defined D:\wwwroot\mainweb\sdk\api\UcApi\Lib\Action\IndexAction.class.php 第 5 行.
NOTIC: [8] Undefined index:  time D:\wwwroot\mainweb\sdk\api\UcApi\Lib\Action\IndexAction.class.php 第 54 行.

[ 2013-12-12T14:16:42+08:00 ] 192.168.181.203 /api/uc.php?time=1386829001&code=820erugI5SOcpebxCa%2Bulcps2iB0zqBjyzen5qiqMn0%2FIeWYy3e34n%2BJ1IiCCi4AZEi%2FYONQnKMk1tWQhme7TgloVWd5xr8Wrk9DAIP3P90Z7pTG%2BQQ%2BmazW%2FLod6dAH79IPP3fYh9lBD5pNKrZOyeV1tRXXoG9lLhO2E40hYJc
INFO: [ app_begin ] --START--
INFO: Run ReadHtmlCache Behavior [ RunTime:0.001162s ]
INFO: [ app_begin ] --END-- [ RunTime:0.001253s ]
NOTIC: [8] Constant UC_CLIENT_VERSION already defined D:\wwwroot\mainweb\sdk\api\UcApi\Lib\Action\IndexAction.class.php 第 4 行.
NOTIC: [8] Constant UC_CLIENT_RELEASE already defined D:\wwwroot\mainweb\sdk\api\UcApi\Lib\Action\IndexAction.class.php 第 5 行.
NOTIC: [2048] Only variables should be passed by reference D:\wwwroot\mainweb\sdk\api\UcApi\Lib\Action\IndexAction.class.php 第 63 行.
NOTIC: [8] Constant API_RETURN_FAILED already defined D:\wwwroot\mainweb\sdk\uc_client\model\note.php 第 16 行.
SQL: SHOW COLUMNS FROM `sdk_accounts` [ RunTime:0.002448s ]
SQL: SELECT * FROM `sdk_accounts` WHERE ( `account_id` = 1529 ) LIMIT 1   [ RunTime:0.000508s ]

[ 2013-12-12T14:48:51+08:00 ] 192.168.163.206 /api/uc.php?time=1386830931&code=915768A1T0M%2FZKuGShxCy76kQzCfx83rqpCgzlcFWk%2FdtEEtWxF7zkTT7ZHqFiXGl1pRRVpISo4uwItQfzMgLQL8Q5SDOzTil4VBCwVpYobZs189RLTktwIEf5vSLpW1lAHkP0hcdbKd3hcEU%2Fzx5fJc9T8pABnJ5ex4BRY53nYhTXaiMA
INFO: [ app_begin ] --START--
INFO: Run ReadHtmlCache Behavior [ RunTime:0.001036s ]
INFO: [ app_begin ] --END-- [ RunTime:0.001133s ]
NOTIC: [8] Constant UC_CLIENT_VERSION already defined D:\wwwroot\mainweb\sdk\api\UcApi\Lib\Action\IndexAction.class.php 第 4 行.
NOTIC: [8] Constant UC_CLIENT_RELEASE already defined D:\wwwroot\mainweb\sdk\api\UcApi\Lib\Action\IndexAction.class.php 第 5 行.
NOTIC: [2048] Only variables should be passed by reference D:\wwwroot\mainweb\sdk\api\UcApi\Lib\Action\IndexAction.class.php 第 63 行.
NOTIC: [8] Constant API_RETURN_FAILED already defined D:\wwwroot\mainweb\sdk\uc_client\model\note.php 第 16 行.
SQL: SHOW COLUMNS FROM `sdk_accounts` [ RunTime:0.002457s ]
SQL: SELECT * FROM `sdk_accounts` WHERE ( `account_id` = 2089 ) LIMIT 1   [ RunTime:0.000643s ]

[ 2013-12-12T15:46:09+08:00 ] 192.168.141.26 /api/uc.php?time=1386834369&code=bcc53FGR3JlsvsEq1CibIkkocMf9J8eFAyHHVFLvEYkBMqnMM4Rzwb1vLZ%2BARmjHpPtKg8vnamN4TtLWzJQW52OP8yrD0dCebf4%2B1xP%2FGSVGGPlzGeAad0AdcSA5QKUfZWoLkR2L3wGBYcHlD0I4Oj4ckeXMGb4Ax46j6ek
INFO: [ app_begin ] --START--
INFO: Run ReadHtmlCache Behavior [ RunTime:0.001074s ]
INFO: [ app_begin ] --END-- [ RunTime:0.001165s ]
NOTIC: [8] Constant UC_CLIENT_VERSION already defined D:\wwwroot\mainweb\sdk\api\UcApi\Lib\Action\IndexAction.class.php 第 4 行.
NOTIC: [8] Constant UC_CLIENT_RELEASE already defined D:\wwwroot\mainweb\sdk\api\UcApi\Lib\Action\IndexAction.class.php 第 5 行.
NOTIC: [2048] Only variables should be passed by reference D:\wwwroot\mainweb\sdk\api\UcApi\Lib\Action\IndexAction.class.php 第 63 行.
NOTIC: [8] Constant API_RETURN_FAILED already defined D:\wwwroot\mainweb\sdk\uc_client\model\note.php 第 16 行.
SQL: SHOW COLUMNS FROM `sdk_accounts` [ RunTime:0.002139s ]
SQL: SELECT * FROM `sdk_accounts` WHERE ( `account_id` = 783 ) LIMIT 1   [ RunTime:0.000650s ]

[ 2013-12-12T15:48:55+08:00 ] 192.168.184.249 /api/uc.php?time=1386834535&code=ee1cENmvS7pQqLJ%2BXiJgwksRloz1e8p6%2FEBBLkCAxCfzByshwIPEx%2Fv82JAONID6J%2F%2F2hES55iTqOf7090%2Fdw6IEFgvfnEwbhtIUPcOM7yHCzu8yROewH59RJMZGS6yCP7h18snS87wIZISME2tYgte2XukkbGhv%2BiaRmcnjAEM7%2Fw
INFO: [ app_begin ] --START--
INFO: Run ReadHtmlCache Behavior [ RunTime:0.001115s ]
INFO: [ app_begin ] --END-- [ RunTime:0.001207s ]
NOTIC: [8] Constant UC_CLIENT_VERSION already defined D:\wwwroot\mainweb\sdk\api\UcApi\Lib\Action\IndexAction.class.php 第 4 行.
NOTIC: [8] Constant UC_CLIENT_RELEASE already defined D:\wwwroot\mainweb\sdk\api\UcApi\Lib\Action\IndexAction.class.php 第 5 行.
NOTIC: [2048] Only variables should be passed by reference D:\wwwroot\mainweb\sdk\api\UcApi\Lib\Action\IndexAction.class.php 第 63 行.
NOTIC: [8] Constant API_RETURN_FAILED already defined D:\wwwroot\mainweb\sdk\uc_client\model\note.php 第 16 行.
SQL: SHOW COLUMNS FROM `sdk_accounts` [ RunTime:0.001944s ]
SQL: SELECT * FROM `sdk_accounts` WHERE ( `account_id` = 2532 ) LIMIT 1   [ RunTime:0.000475s ]

[ 2013-12-12T16:19:26+08:00 ] 192.168.163.201 /api/uc.php?time=1386836365&code=bcb4FFn5lua5U3RlSLDRjlJXvN9SdBBx66YM8ipEdImxjeivFr5N0VMsA4wWIRgRcPAgGlO%2FV0MaGD9mxGJ8sG1yW3U5TpMXv1%2FEiRCAvKqkNasr6a7kgBxpimAZndMT8OOEx%2FO6kfhZxEnjK9lBG%2FVMtWjWlflfIZWcSDwSqZZZ
INFO: [ app_begin ] --START--
INFO: Run ReadHtmlCache Behavior [ RunTime:0.001055s ]
INFO: [ app_begin ] --END-- [ RunTime:0.001146s ]
NOTIC: [8] Constant UC_CLIENT_VERSION already defined D:\wwwroot\mainweb\sdk\api\UcApi\Lib\Action\IndexAction.class.php 第 4 行.
NOTIC: [8] Constant UC_CLIENT_RELEASE already defined D:\wwwroot\mainweb\sdk\api\UcApi\Lib\Action\IndexAction.class.php 第 5 行.
NOTIC: [2048] Only variables should be passed by reference D:\wwwroot\mainweb\sdk\api\UcApi\Lib\Action\IndexAction.class.php 第 63 行.
NOTIC: [8] Constant API_RETURN_FAILED already defined D:\wwwroot\mainweb\sdk\uc_client\model\note.php 第 16 行.
SQL: SHOW COLUMNS FROM `sdk_accounts` [ RunTime:0.002297s ]
SQL: SELECT * FROM `sdk_accounts` WHERE ( `account_id` = 423 ) LIMIT 1   [ RunTime:0.000568s ]

[ 2013-12-12T16:40:16+08:00 ] 192.168.166.172 /api/uc.php?time=1386837616&code=5500e1Qgtnjf3sgrcIH5MfUpx5EVJgRXo%2BPqGvAgvvHxpxhmOxZWyh5yn0W3rhytHwLcfmio4PdTyNIBNZtjzm5UH5V7ks4C31kEr6TN2coipzhX%2FyWIvx3cJw9qpOfEfycgHOZcNZBRjwnu9ZnLRUW7ljufjGRGIf2%2Bjqesl9kLSg
INFO: [ app_begin ] --START--
INFO: Run ReadHtmlCache Behavior [ RunTime:0.001117s ]
INFO: [ app_begin ] --END-- [ RunTime:0.001211s ]
NOTIC: [8] Constant UC_CLIENT_VERSION already defined D:\wwwroot\mainweb\sdk\api\UcApi\Lib\Action\IndexAction.class.php 第 4 行.
NOTIC: [8] Constant UC_CLIENT_RELEASE already defined D:\wwwroot\mainweb\sdk\api\UcApi\Lib\Action\IndexAction.class.php 第 5 行.
NOTIC: [2048] Only variables should be passed by reference D:\wwwroot\mainweb\sdk\api\UcApi\Lib\Action\IndexAction.class.php 第 63 行.
NOTIC: [8] Constant API_RETURN_FAILED already defined D:\wwwroot\mainweb\sdk\uc_client\model\note.php 第 16 行.
SQL: SHOW COLUMNS FROM `sdk_accounts` [ RunTime:0.002171s ]
SQL: SELECT * FROM `sdk_accounts` WHERE ( `account_id` = 2409 ) LIMIT 1   [ RunTime:0.000546s ]

[ 2013-12-12T17:13:02+08:00 ] 192.168.192.108 /api/uc.php?time=1386839582&code=84e4v40DdLFPM%2B9vWw3KTRdEXUqYx%2BVskfE5GX3rXRjaCddwg%2F4u%2Bzqa1N2vBg5zHgBGirKZtvegqwhSFrz9CU1kZz%2B4DWOI2kmvjFxD0rs0XJYGm%2FLtvv5diWSCtZ0%2FD1BZr8sxWFs%2F3HuDkAqhMCYSYTuDlj7v6RBLp7pZKcE
INFO: [ app_begin ] --START--
INFO: Run ReadHtmlCache Behavior [ RunTime:0.001042s ]
INFO: [ app_begin ] --END-- [ RunTime:0.001134s ]
NOTIC: [8] Constant UC_CLIENT_VERSION already defined D:\wwwroot\mainweb\sdk\api\UcApi\Lib\Action\IndexAction.class.php 第 4 行.
NOTIC: [8] Constant UC_CLIENT_RELEASE already defined D:\wwwroot\mainweb\sdk\api\UcApi\Lib\Action\IndexAction.class.php 第 5 行.
NOTIC: [2048] Only variables should be passed by reference D:\wwwroot\mainweb\sdk\api\UcApi\Lib\Action\IndexAction.class.php 第 63 行.
NOTIC: [8] Constant API_RETURN_FAILED already defined D:\wwwroot\mainweb\sdk\uc_client\model\note.php 第 16 行.
SQL: SHOW COLUMNS FROM `sdk_accounts` [ RunTime:0.002535s ]
SQL: SELECT * FROM `sdk_accounts` WHERE ( `account_id` = 2117 ) LIMIT 1   [ RunTime:0.000618s ]

[ 2013-12-12T17:17:27+08:00 ] 192.168.192.28 /api/uc.php?time=1386839847&code=5f803a9RMWFiiiyJvaBr1q5O75iHUPFA1Gtp%2FPbprS1LEn%2BX8dM%2FpdvDZqN3ccGXp6NhaOiC%2B7yYw53SBeXcIjW58jL00Gmmq2xP9MfLUAppDcjrkCkrM6vn8rVKXD9G2qDB7TFqZZ%2FnE1g%2FW3c1747w9SryJIPn6n1wGymYLw
INFO: [ app_begin ] --START--
INFO: Run ReadHtmlCache Behavior [ RunTime:0.001034s ]
INFO: [ app_begin ] --END-- [ RunTime:0.001126s ]
NOTIC: [8] Constant UC_CLIENT_VERSION already defined D:\wwwroot\mainweb\sdk\api\UcApi\Lib\Action\IndexAction.class.php 第 4 行.
NOTIC: [8] Constant UC_CLIENT_RELEASE already defined D:\wwwroot\mainweb\sdk\api\UcApi\Lib\Action\IndexAction.class.php 第 5 行.
NOTIC: [2048] Only variables should be passed by reference D:\wwwroot\mainweb\sdk\api\UcApi\Lib\Action\IndexAction.class.php 第 63 行.
NOTIC: [8] Constant API_RETURN_FAILED already defined D:\wwwroot\mainweb\sdk\uc_client\model\note.php 第 16 行.
SQL: SHOW COLUMNS FROM `sdk_accounts` [ RunTime:0.002156s ]
SQL: SELECT * FROM `sdk_accounts` WHERE ( `account_id` = 833 ) LIMIT 1   [ RunTime:0.000492s ]

[ 2013-12-12T18:09:23+08:00 ] 192.168.163.31 /api/uc.php?time=1386842963&code=33f1RL6LE%2Flj9Gu%2Bg1k2PI8HPtDJe%2FpXhYvHrbg2wFRBwjsANAt7DK9qYv0B6lpvkqfBA8dwTTqnhR6DgL8CjazQ990rEueyWEQ8%2Bo0YvDTFsqi1OgoBO%2BII3mZqTYArAH5bZ3L6a0%2FXtYy7n%2BiagZAEWVBav2re3%2BjjbmO%2F
INFO: [ app_begin ] --START--
INFO: Run ReadHtmlCache Behavior [ RunTime:0.001375s ]
INFO: [ app_begin ] --END-- [ RunTime:0.001467s ]
NOTIC: [8] Constant UC_CLIENT_VERSION already defined D:\wwwroot\mainweb\sdk\api\UcApi\Lib\Action\IndexAction.class.php 第 4 行.
NOTIC: [8] Constant UC_CLIENT_RELEASE already defined D:\wwwroot\mainweb\sdk\api\UcApi\Lib\Action\IndexAction.class.php 第 5 行.
NOTIC: [2048] Only variables should be passed by reference D:\wwwroot\mainweb\sdk\api\UcApi\Lib\Action\IndexAction.class.php 第 63 行.
NOTIC: [8] Constant API_RETURN_FAILED already defined D:\wwwroot\mainweb\sdk\uc_client\model\note.php 第 16 行.
SQL: SHOW COLUMNS FROM `sdk_accounts` [ RunTime:0.002294s ]
SQL: SELECT * FROM `sdk_accounts` WHERE ( `account_id` = 2449 ) LIMIT 1   [ RunTime:0.000416s ]

[ 2013-12-12T19:05:26+08:00 ] 192.168.202.73 /api/uc.php?time=1386846326&code=cb483nG%2FFqbWtcgFSUBvgqx1st2wBdmEr62CxQg9ABWOvbkfg2DrmCP%2BYJyW5DkRo2N3lMWyXoAlpfgFATyDr9gypRBROzDK1fu7d1XJt5%2BM3SF5aSVeHU6rk2lVnILAL7wXWaMkWZmaRaMZsYHrQpsJy9TEVabFZB79GEIIqsuS
INFO: [ app_begin ] --START--
INFO: Run ReadHtmlCache Behavior [ RunTime:0.000859s ]
INFO: [ app_begin ] --END-- [ RunTime:0.000965s ]
NOTIC: [8] Constant UC_CLIENT_VERSION already defined D:\wwwroot\mainweb\sdk\api\UcApi\Lib\Action\IndexAction.class.php 第 4 行.
NOTIC: [8] Constant UC_CLIENT_RELEASE already defined D:\wwwroot\mainweb\sdk\api\UcApi\Lib\Action\IndexAction.class.php 第 5 行.
NOTIC: [2048] Only variables should be passed by reference D:\wwwroot\mainweb\sdk\api\UcApi\Lib\Action\IndexAction.class.php 第 63 行.
NOTIC: [8] Constant API_RETURN_FAILED already defined D:\wwwroot\mainweb\sdk\uc_client\model\note.php 第 16 行.
SQL: SHOW COLUMNS FROM `sdk_accounts` [ RunTime:0.002264s ]
SQL: SELECT * FROM `sdk_accounts` WHERE ( `account_id` = 753 ) LIMIT 1   [ RunTime:0.000591s ]

[ 2013-12-12T19:52:11+08:00 ] 192.168.185.96 /api/uc.php?time=1386849131&code=3864bYqTbUlkMmt%2FfeL9QLtmDf40CPBllE30Zy004d9e%2Bqk42k3116DB0T4%2B8C4RxMUx7p6Y84x2KuTUYmkdyCQddphFJHqFeJs5LjG2pXnbl4%2BCPSMkde0uBJJA%2Fx5p4GsprXjX3RcJTMb8%2FS7w7dPaxbKlEBhFIfp350CYi0ab46s
INFO: [ app_begin ] --START--
INFO: Run ReadHtmlCache Behavior [ RunTime:0.001157s ]
INFO: [ app_begin ] --END-- [ RunTime:0.001281s ]
NOTIC: [8] Constant UC_CLIENT_VERSION already defined D:\wwwroot\mainweb\sdk\api\UcApi\Lib\Action\IndexAction.class.php 第 4 行.
NOTIC: [8] Constant UC_CLIENT_RELEASE already defined D:\wwwroot\mainweb\sdk\api\UcApi\Lib\Action\IndexAction.class.php 第 5 行.
NOTIC: [2048] Only variables should be passed by reference D:\wwwroot\mainweb\sdk\api\UcApi\Lib\Action\IndexAction.class.php 第 63 行.
NOTIC: [8] Constant API_RETURN_FAILED already defined D:\wwwroot\mainweb\sdk\uc_client\model\note.php 第 16 行.
SQL: SHOW COLUMNS FROM `sdk_accounts` [ RunTime:0.002221s ]
SQL: SELECT * FROM `sdk_accounts` WHERE ( `account_id` = 1183 ) LIMIT 1   [ RunTime:0.000461s ]

[ 2013-12-12T19:52:14+08:00 ] 202.116.150.59 /api/uc.php?time=1386849133&code=0b99kFLd%2FU0dARKrptWO%2B4Z%2BjOsF9vbVp0Zp2PkjmthaU2KgPVXywCMBRh690U5sdw%2FBKQ4AQWICf9A%2Fu6%2FSIjNQTMgSdPc8uU0LPpvcyW3KsIL5rkAP3%2FvY90%2BxJhuYJ5RUZEs%2F%2FfWHGZ2Cqjw%2FNqJt6IHB3J5556AFKkXJQeZY
INFO: [ app_begin ] --START--
INFO: Run ReadHtmlCache Behavior [ RunTime:0.000920s ]
INFO: [ app_begin ] --END-- [ RunTime:0.001012s ]
NOTIC: [8] Constant UC_CLIENT_VERSION already defined D:\wwwroot\mainweb\sdk\api\UcApi\Lib\Action\IndexAction.class.php 第 4 行.
NOTIC: [8] Constant UC_CLIENT_RELEASE already defined D:\wwwroot\mainweb\sdk\api\UcApi\Lib\Action\IndexAction.class.php 第 5 行.
NOTIC: [2048] Only variables should be passed by reference D:\wwwroot\mainweb\sdk\api\UcApi\Lib\Action\IndexAction.class.php 第 63 行.
NOTIC: [8] Constant API_RETURN_FAILED already defined D:\wwwroot\mainweb\sdk\uc_client\model\note.php 第 16 行.
SQL: SHOW COLUMNS FROM `sdk_accounts` [ RunTime:0.002709s ]
SQL: SELECT * FROM `sdk_accounts` WHERE ( `account_id` = 2588 ) LIMIT 1   [ RunTime:0.000546s ]
SQL: INSERT INTO `sdk_accounts` (`account_id`,`user_name`,`email`,`password`,`reg_time`) VALUES (2588,'simmi311','min_199311@163.com','491dab7d519808cdd23e9d71a14552f8094e83cd',1386849134) [ RunTime:0.006257s ]

[ 2013-12-12T19:53:36+08:00 ] 202.116.150.59 /api/uc.php?time=1386849215&code=87442FsxjK70s94O5L4npwNk8jdszdhX91CgEJbDvWl9HSV5bADKMw6NTexYwHEpJWlgBIWnPooZFX9UlT4hj%2BTIEou4wrty1nApDTuvbwwyt3dA7ZSxddHlt1F%2FH%2FBmQ0%2BaRWksZXzGDaTyObux%2F%2Fvji7tRWF2WjMahXz28gAFf
INFO: [ app_begin ] --START--
INFO: Run ReadHtmlCache Behavior [ RunTime:0.001035s ]
INFO: [ app_begin ] --END-- [ RunTime:0.001125s ]
NOTIC: [8] Constant UC_CLIENT_VERSION already defined D:\wwwroot\mainweb\sdk\api\UcApi\Lib\Action\IndexAction.class.php 第 4 行.
NOTIC: [8] Constant UC_CLIENT_RELEASE already defined D:\wwwroot\mainweb\sdk\api\UcApi\Lib\Action\IndexAction.class.php 第 5 行.
NOTIC: [2048] Only variables should be passed by reference D:\wwwroot\mainweb\sdk\api\UcApi\Lib\Action\IndexAction.class.php 第 63 行.
NOTIC: [8] Constant API_RETURN_FAILED already defined D:\wwwroot\mainweb\sdk\uc_client\model\note.php 第 16 行.
SQL: SHOW COLUMNS FROM `sdk_accounts` [ RunTime:0.002034s ]
SQL: SELECT * FROM `sdk_accounts` WHERE ( `account_id` = 2588 ) LIMIT 1   [ RunTime:0.000507s ]

[ 2013-12-12T20:00:40+08:00 ] 192.168.185.177 /api/uc.php?time=1386849640&code=2435HKMXXuev3JcW8mryHUWpCwQgvEpVfxwdUlsYU%2FIsyZiRmC5g0WYsksji5ojrUw015vu4XzVTOs%2BR%2BI8JJccm80HvvWSP7ufJvk9r%2Ffkb%2FGnYNNy%2BMISm7tO8KtRV1XYlrXTitbg7FgPxTJiIMZ959VHzfv8nwy4wQE5iS3%2F36ws
INFO: [ app_begin ] --START--
INFO: Run ReadHtmlCache Behavior [ RunTime:0.001063s ]
INFO: [ app_begin ] --END-- [ RunTime:0.001156s ]
NOTIC: [8] Constant UC_CLIENT_VERSION already defined D:\wwwroot\mainweb\sdk\api\UcApi\Lib\Action\IndexAction.class.php 第 4 行.
NOTIC: [8] Constant UC_CLIENT_RELEASE already defined D:\wwwroot\mainweb\sdk\api\UcApi\Lib\Action\IndexAction.class.php 第 5 行.
NOTIC: [2048] Only variables should be passed by reference D:\wwwroot\mainweb\sdk\api\UcApi\Lib\Action\IndexAction.class.php 第 63 行.
NOTIC: [8] Constant API_RETURN_FAILED already defined D:\wwwroot\mainweb\sdk\uc_client\model\note.php 第 16 行.
SQL: SHOW COLUMNS FROM `sdk_accounts` [ RunTime:0.001923s ]
SQL: SELECT * FROM `sdk_accounts` WHERE ( `account_id` = 2410 ) LIMIT 1   [ RunTime:0.000360s ]

[ 2013-12-12T21:54:35+08:00 ] 192.168.137.72 /api/uc.php?time=1386856474&code=02b1%2B1YsVUMIh9UlQJToCVe4QvRqiILDO6cTUh3m31B6E0GkvbzwMdFKmWc%2B8O81fsofwNNLAxDJ32BDYQZNxtXCpA1Jih5SjYI%2FGboZ0sCTHNntRjGYqexsI%2BWt95dvT%2FlwtuCmuQneBoPQwizW%2FDzpsK345re2XLdn82F8
INFO: [ app_begin ] --START--
INFO: Run ReadHtmlCache Behavior [ RunTime:0.001047s ]
INFO: [ app_begin ] --END-- [ RunTime:0.001139s ]
NOTIC: [8] Constant UC_CLIENT_VERSION already defined D:\wwwroot\mainweb\sdk\api\UcApi\Lib\Action\IndexAction.class.php 第 4 行.
NOTIC: [8] Constant UC_CLIENT_RELEASE already defined D:\wwwroot\mainweb\sdk\api\UcApi\Lib\Action\IndexAction.class.php 第 5 行.
NOTIC: [2048] Only variables should be passed by reference D:\wwwroot\mainweb\sdk\api\UcApi\Lib\Action\IndexAction.class.php 第 63 行.
NOTIC: [8] Constant API_RETURN_FAILED already defined D:\wwwroot\mainweb\sdk\uc_client\model\note.php 第 16 行.
SQL: SHOW COLUMNS FROM `sdk_accounts` [ RunTime:0.002052s ]
SQL: SELECT * FROM `sdk_accounts` WHERE ( `account_id` = 1488 ) LIMIT 1   [ RunTime:0.000372s ]

[ 2013-12-12T22:01:41+08:00 ] 192.168.136.20 /api/uc.php?time=1386856900&code=ab25UzrnYaMqMKc16E1ND5yndngvxC%2B4JMvEyESK95Peket4%2FzgZK25chhovONg3Qe9JaGHvo0EVTQN2wek%2B1EsFPNU6ZMFtD8ikVfeGV5yMn7SyHa%2FTm9UXofH%2BCdWeDkeEUDvUeU%2BYGetNskf8PJSlUSUIxDVbkyULiGI
INFO: [ app_begin ] --START--
INFO: Run ReadHtmlCache Behavior [ RunTime:0.001046s ]
INFO: [ app_begin ] --END-- [ RunTime:0.001138s ]
NOTIC: [8] Constant UC_CLIENT_VERSION already defined D:\wwwroot\mainweb\sdk\api\UcApi\Lib\Action\IndexAction.class.php 第 4 行.
NOTIC: [8] Constant UC_CLIENT_RELEASE already defined D:\wwwroot\mainweb\sdk\api\UcApi\Lib\Action\IndexAction.class.php 第 5 行.
NOTIC: [2048] Only variables should be passed by reference D:\wwwroot\mainweb\sdk\api\UcApi\Lib\Action\IndexAction.class.php 第 63 行.
NOTIC: [8] Constant API_RETURN_FAILED already defined D:\wwwroot\mainweb\sdk\uc_client\model\note.php 第 16 行.
SQL: SHOW COLUMNS FROM `sdk_accounts` [ RunTime:0.002088s ]
SQL: SELECT * FROM `sdk_accounts` WHERE ( `account_id` = 1580 ) LIMIT 1   [ RunTime:0.000555s ]

[ 2013-12-12T22:24:36+08:00 ] 112.64.235.247 /api/uc.php?time=1386856474&code=02b1+1YsVUMIh9UlQJToCVe4QvRqiILDO6cTUh3m31B6E0GkvbzwMdFKmWc+8O81fsofwNNLAxDJ32BDYQZNxtXCpA1Jih5SjYI/GboZ0sCTHNntRjGYqexsI+Wt95dvT/lwtuCmuQneBoPQwizW/DzpsK345re2XLdn82F8
INFO: [ app_begin ] --START--
INFO: Run ReadHtmlCache Behavior [ RunTime:0.001047s ]
INFO: [ app_begin ] --END-- [ RunTime:0.001141s ]
NOTIC: [8] Constant UC_CLIENT_VERSION already defined D:\wwwroot\mainweb\sdk\api\UcApi\Lib\Action\IndexAction.class.php 第 4 行.
NOTIC: [8] Constant UC_CLIENT_RELEASE already defined D:\wwwroot\mainweb\sdk\api\UcApi\Lib\Action\IndexAction.class.php 第 5 行.
NOTIC: [8] Undefined index:  time D:\wwwroot\mainweb\sdk\api\UcApi\Lib\Action\IndexAction.class.php 第 54 行.

[ 2013-12-12T23:12:03+08:00 ] 192.168.143.220 /api/uc.php?time=1386861123&code=29f0koGQ2rxNJH1CPe1eWLJiiCOStvYtNbNGFibi9kO%2FYHK7osKWiCT7leiiFSWfrjrvKSAhwDTvpduLRqABCEDLCHrmzaxu7pNrQNjYlfxtfj26O4Ik2w%2BwAuOj0dWb%2F3X0sZNqOqUIVUe6ngxFSZama0W8PmNINvrKyeR3
INFO: [ app_begin ] --START--
INFO: Run ReadHtmlCache Behavior [ RunTime:0.001093s ]
INFO: [ app_begin ] --END-- [ RunTime:0.001185s ]
NOTIC: [8] Constant UC_CLIENT_VERSION already defined D:\wwwroot\mainweb\sdk\api\UcApi\Lib\Action\IndexAction.class.php 第 4 行.
NOTIC: [8] Constant UC_CLIENT_RELEASE already defined D:\wwwroot\mainweb\sdk\api\UcApi\Lib\Action\IndexAction.class.php 第 5 行.
NOTIC: [2048] Only variables should be passed by reference D:\wwwroot\mainweb\sdk\api\UcApi\Lib\Action\IndexAction.class.php 第 63 行.
NOTIC: [8] Constant API_RETURN_FAILED already defined D:\wwwroot\mainweb\sdk\uc_client\model\note.php 第 16 行.
SQL: SHOW COLUMNS FROM `sdk_accounts` [ RunTime:0.001742s ]
SQL: SELECT * FROM `sdk_accounts` WHERE ( `account_id` = 2046 ) LIMIT 1   [ RunTime:0.000247s ]

