[ 2013-11-29T00:07:11+08:00 ] 192.168.185.67 /api/uc.php?time=1385654831&code=3865zpcnqbKhDhjAaw5yOUCJwTEAATXp2bg6FpyCF6pm57Vcn4SDjyYwBw%2F5xIHppJcqHoW8TehPQxc3ExUimIWl2GNN%2FIbktpkYjZ7FAZbk%2FYYmqzA2vW6%2FQkMpWe4tZ%2BuwtIlEjrHYvroAbxAuqYEv6jhH2IRkUxhUiS6kXw
INFO: [ app_begin ] --START--
INFO: Run ReadHtmlCache Behavior [ RunTime:0.001065s ]
INFO: [ app_begin ] --END-- [ RunTime:0.001160s ]
NOTIC: [8] Constant UC_CLIENT_VERSION already defined D:\wwwroot\mainweb\sdk\api\UcApi\Lib\Action\IndexAction.class.php 第 4 行.
NOTIC: [8] Constant UC_CLIENT_RELEASE already defined D:\wwwroot\mainweb\sdk\api\UcApi\Lib\Action\IndexAction.class.php 第 5 行.
NOTIC: [2048] Only variables should be passed by reference D:\wwwroot\mainweb\sdk\api\UcApi\Lib\Action\IndexAction.class.php 第 63 行.
NOTIC: [8] Constant API_RETURN_FAILED already defined D:\wwwroot\mainweb\sdk\uc_client\model\note.php 第 16 行.
SQL: SHOW COLUMNS FROM `sdk_accounts` [ RunTime:0.001998s ]
SQL: SELECT * FROM `sdk_accounts` WHERE ( `account_id` = 2268 ) LIMIT 1   [ RunTime:0.000223s ]

[ 2013-11-29T08:23:47+08:00 ] 192.168.175.83 /api/uc.php?time=1385684627&code=cd50Nsv2UPpB77L5ZvFaZKmDnuSWOm3bHN38N%2Bh3L6Yaq16oDvyfbqoX9HAS2Gg2zHjy5n2aPpNZYzCHSLtBLo1wHixsHXrF5Qbsng3B8pbnEwUz84rAk0MgaT1P%2BA%2BH%2Bg4sEEGupEJKRAl5g8CS0c9AZFiNBm5S%2F0wsvmS4
INFO: [ app_begin ] --START--
INFO: Run ReadHtmlCache Behavior [ RunTime:0.001085s ]
INFO: [ app_begin ] --END-- [ RunTime:0.001178s ]
NOTIC: [8] Constant UC_CLIENT_VERSION already defined D:\wwwroot\mainweb\sdk\api\UcApi\Lib\Action\IndexAction.class.php 第 4 行.
NOTIC: [8] Constant UC_CLIENT_RELEASE already defined D:\wwwroot\mainweb\sdk\api\UcApi\Lib\Action\IndexAction.class.php 第 5 行.
NOTIC: [2048] Only variables should be passed by reference D:\wwwroot\mainweb\sdk\api\UcApi\Lib\Action\IndexAction.class.php 第 63 行.
NOTIC: [8] Constant API_RETURN_FAILED already defined D:\wwwroot\mainweb\sdk\uc_client\model\note.php 第 16 行.
SQL: SHOW COLUMNS FROM `sdk_accounts` [ RunTime:0.002421s ]
SQL: SELECT * FROM `sdk_accounts` WHERE ( `account_id` = 1537 ) LIMIT 1   [ RunTime:0.000425s ]

[ 2013-11-29T09:25:33+08:00 ] 192.168.201.93 /api/uc.php?time=1385688333&code=9c65qLZoB%2FHCoTAHFDVi6%2BnkNBDsg9KFC%2Fud2rFn6FmC4jDHyjav1LqThhVhHAvrmsBmmQKv44fqu%2FlzDsIgyD8vyY%2BZKkn8rU%2FNRhlSSXWIAkx1Gn1N0D6J06Y8C%2Fw4LHzt229qImOrPSRIlCJQK6oDpY65wfKUp1BvRTGXSPk
INFO: [ app_begin ] --START--
INFO: Run ReadHtmlCache Behavior [ RunTime:0.001044s ]
INFO: [ app_begin ] --END-- [ RunTime:0.001136s ]
NOTIC: [8] Constant UC_CLIENT_VERSION already defined D:\wwwroot\mainweb\sdk\api\UcApi\Lib\Action\IndexAction.class.php 第 4 行.
NOTIC: [8] Constant UC_CLIENT_RELEASE already defined D:\wwwroot\mainweb\sdk\api\UcApi\Lib\Action\IndexAction.class.php 第 5 行.
NOTIC: [2048] Only variables should be passed by reference D:\wwwroot\mainweb\sdk\api\UcApi\Lib\Action\IndexAction.class.php 第 63 行.
NOTIC: [8] Constant API_RETURN_FAILED already defined D:\wwwroot\mainweb\sdk\uc_client\model\note.php 第 16 行.
SQL: SHOW COLUMNS FROM `sdk_accounts` [ RunTime:0.002092s ]
SQL: SELECT * FROM `sdk_accounts` WHERE ( `account_id` = 2017 ) LIMIT 1   [ RunTime:0.000363s ]

[ 2013-11-29T09:28:28+08:00 ] 192.168.160.110 /api/uc.php?time=1385688508&code=712aMPa0MBNu2F60lHTyc0v9mbg9mFnqAnpOwAVGmjjOIhqWHFpwQqWACuFj3rRHT9zSiSjF%2FTIRDPM1lK%2BDzPDCCMq23IYNFDJd1oQuKuwO8%2FahUTHJ9JgC%2BxbgldnjnN77FhDXEKk0ZKAuu7YeAU5hnvWZ7OsoSbAnPx7NvQ
INFO: [ app_begin ] --START--
INFO: Run ReadHtmlCache Behavior [ RunTime:0.001044s ]
INFO: [ app_begin ] --END-- [ RunTime:0.001138s ]
NOTIC: [8] Constant UC_CLIENT_VERSION already defined D:\wwwroot\mainweb\sdk\api\UcApi\Lib\Action\IndexAction.class.php 第 4 行.
NOTIC: [8] Constant UC_CLIENT_RELEASE already defined D:\wwwroot\mainweb\sdk\api\UcApi\Lib\Action\IndexAction.class.php 第 5 行.
NOTIC: [2048] Only variables should be passed by reference D:\wwwroot\mainweb\sdk\api\UcApi\Lib\Action\IndexAction.class.php 第 63 行.
NOTIC: [8] Constant API_RETURN_FAILED already defined D:\wwwroot\mainweb\sdk\uc_client\model\note.php 第 16 行.
SQL: SHOW COLUMNS FROM `sdk_accounts` [ RunTime:0.002092s ]
SQL: SELECT * FROM `sdk_accounts` WHERE ( `account_id` = 2198 ) LIMIT 1   [ RunTime:0.000569s ]

[ 2013-11-29T09:37:27+08:00 ] 192.168.206.47 /api/uc.php?time=1385689047&code=67e8lqSfOpyLjwRxh7sbzFOXWD4AfvjrypFs8JlLXZak%2Bm15sUbJs0yqKKqbRkYxcrMFs4DE3caIa91fUiXLzoLwYLthnR3JDKEnnAwm56FbE%2FBXg92LPSQbCL1I2GdxwQNj2S8KTcKNYrrOrGsIVbAyM%2BvSUnVB%2B%2FbV6Os3v%2FA
INFO: [ app_begin ] --START--
INFO: Run ReadHtmlCache Behavior [ RunTime:0.000702s ]
INFO: [ app_begin ] --END-- [ RunTime:0.000793s ]
NOTIC: [8] Constant UC_CLIENT_VERSION already defined D:\wwwroot\mainweb\sdk\api\UcApi\Lib\Action\IndexAction.class.php 第 4 行.
NOTIC: [8] Constant UC_CLIENT_RELEASE already defined D:\wwwroot\mainweb\sdk\api\UcApi\Lib\Action\IndexAction.class.php 第 5 行.
NOTIC: [2048] Only variables should be passed by reference D:\wwwroot\mainweb\sdk\api\UcApi\Lib\Action\IndexAction.class.php 第 63 行.
NOTIC: [8] Constant API_RETURN_FAILED already defined D:\wwwroot\mainweb\sdk\uc_client\model\note.php 第 16 行.
SQL: SHOW COLUMNS FROM `sdk_accounts` [ RunTime:0.001983s ]
SQL: SELECT * FROM `sdk_accounts` WHERE ( `account_id` = 235 ) LIMIT 1   [ RunTime:0.000231s ]

[ 2013-11-29T10:49:12+08:00 ] 192.168.150.111 /api/uc.php?time=1385693351&code=ce13olAzWs%2B74jv9dquLLMBZ0IQFZYN5g%2BETby0bEyjdok8zmbHLGbUCIivvO2oWB%2FEO1qOXpukIUm88z7xaAxqyARkGTtbGgwoErFTx0du8tTC00jDAYNkdjzlFqhE2Vh%2FcCoZ7rMipyWCZjqITjEBd5PhiByozZ8m8zEa%2F
INFO: [ app_begin ] --START--
INFO: Run ReadHtmlCache Behavior [ RunTime:0.000704s ]
INFO: [ app_begin ] --END-- [ RunTime:0.000796s ]
NOTIC: [8] Constant UC_CLIENT_VERSION already defined D:\wwwroot\mainweb\sdk\api\UcApi\Lib\Action\IndexAction.class.php 第 4 行.
NOTIC: [8] Constant UC_CLIENT_RELEASE already defined D:\wwwroot\mainweb\sdk\api\UcApi\Lib\Action\IndexAction.class.php 第 5 行.
NOTIC: [2048] Only variables should be passed by reference D:\wwwroot\mainweb\sdk\api\UcApi\Lib\Action\IndexAction.class.php 第 63 行.
NOTIC: [8] Constant API_RETURN_FAILED already defined D:\wwwroot\mainweb\sdk\uc_client\model\note.php 第 16 行.
SQL: SHOW COLUMNS FROM `sdk_accounts` [ RunTime:0.002189s ]
SQL: SELECT * FROM `sdk_accounts` WHERE ( `account_id` = 2417 ) LIMIT 1   [ RunTime:0.000527s ]

[ 2013-11-29T12:44:31+08:00 ] 192.168.178.173 /api/uc.php?time=1385700271&code=214aiuZXOCMzo88XZN7zEOrNqfKQPTX2XM3x5viaaoYZi18V0BLu8QS%2FIyIErboiEYRULvnTLWe%2FFz%2FZqJsQZgy0VQnQ9EUCdD%2BGORT4XUl3qilJluuG3kT4%2B7HgwbJI54S3HTUutntFaAg%2FaYCGY2C0I7R4a3BPuT5p90BL9w
INFO: [ app_begin ] --START--
INFO: Run ReadHtmlCache Behavior [ RunTime:0.000993s ]
INFO: [ app_begin ] --END-- [ RunTime:0.001086s ]
NOTIC: [8] Constant UC_CLIENT_VERSION already defined D:\wwwroot\mainweb\sdk\api\UcApi\Lib\Action\IndexAction.class.php 第 4 行.
NOTIC: [8] Constant UC_CLIENT_RELEASE already defined D:\wwwroot\mainweb\sdk\api\UcApi\Lib\Action\IndexAction.class.php 第 5 行.
NOTIC: [2048] Only variables should be passed by reference D:\wwwroot\mainweb\sdk\api\UcApi\Lib\Action\IndexAction.class.php 第 63 行.
NOTIC: [8] Constant API_RETURN_FAILED already defined D:\wwwroot\mainweb\sdk\uc_client\model\note.php 第 16 行.
SQL: SHOW COLUMNS FROM `sdk_accounts` [ RunTime:0.002310s ]
SQL: SELECT * FROM `sdk_accounts` WHERE ( `account_id` = 2173 ) LIMIT 1   [ RunTime:0.000619s ]

[ 2013-11-29T12:55:21+08:00 ] 192.168.202.160 /api/uc.php?time=1385700921&code=7d990O2UiL0xdVk%2FxneyPZP6dA7SyVLoS2v7PUcFVyj0mepiiuQjUyjtyiRdl%2FvQf3TOpvCMtjoDklV6t82xzY2%2FPqizld1i%2BZQEft4yOqOkqeNgbZ2YBxI588dFqWmopCzp4xRRH39jqVOVeiyiG5Uh2qY6RIoskR4BLCHOB9oGFQ
INFO: [ app_begin ] --START--
INFO: Run ReadHtmlCache Behavior [ RunTime:0.001201s ]
INFO: [ app_begin ] --END-- [ RunTime:0.001295s ]
NOTIC: [8] Constant UC_CLIENT_VERSION already defined D:\wwwroot\mainweb\sdk\api\UcApi\Lib\Action\IndexAction.class.php 第 4 行.
NOTIC: [8] Constant UC_CLIENT_RELEASE already defined D:\wwwroot\mainweb\sdk\api\UcApi\Lib\Action\IndexAction.class.php 第 5 行.
NOTIC: [2048] Only variables should be passed by reference D:\wwwroot\mainweb\sdk\api\UcApi\Lib\Action\IndexAction.class.php 第 63 行.
NOTIC: [8] Constant API_RETURN_FAILED already defined D:\wwwroot\mainweb\sdk\uc_client\model\note.php 第 16 行.
SQL: SHOW COLUMNS FROM `sdk_accounts` [ RunTime:0.002131s ]
SQL: SELECT * FROM `sdk_accounts` WHERE ( `account_id` = 2527 ) LIMIT 1   [ RunTime:0.000527s ]

[ 2013-11-29T12:56:12+08:00 ] 192.168.145.12 /api/uc.php?time=1385700972&code=9a62EQ0FafqQ8xx73xl1nRdCR6aQdu2%2F28sOLbXjfsRarRLiVEBoTQX9sImSC03FXJpoRp3wnFsUGUvq1g0owax%2FoU6LwFSbwaQiFO9u2VzhWigygUptBXSjKwSLYO2%2B3pagiFta6L1K%2FDKITwPg4KeoQULb%2BvrL8og3Rg
INFO: [ app_begin ] --START--
INFO: Run ReadHtmlCache Behavior [ RunTime:0.001033s ]
INFO: [ app_begin ] --END-- [ RunTime:0.001126s ]
NOTIC: [8] Constant UC_CLIENT_VERSION already defined D:\wwwroot\mainweb\sdk\api\UcApi\Lib\Action\IndexAction.class.php 第 4 行.
NOTIC: [8] Constant UC_CLIENT_RELEASE already defined D:\wwwroot\mainweb\sdk\api\UcApi\Lib\Action\IndexAction.class.php 第 5 行.
NOTIC: [2048] Only variables should be passed by reference D:\wwwroot\mainweb\sdk\api\UcApi\Lib\Action\IndexAction.class.php 第 63 行.
NOTIC: [8] Constant API_RETURN_FAILED already defined D:\wwwroot\mainweb\sdk\uc_client\model\note.php 第 16 行.
SQL: SHOW COLUMNS FROM `sdk_accounts` [ RunTime:0.002033s ]
SQL: SELECT * FROM `sdk_accounts` WHERE ( `account_id` = 2507 ) LIMIT 1   [ RunTime:0.000554s ]

[ 2013-11-29T13:24:01+08:00 ] 192.168.204.77 /api/uc.php?time=1385702641&code=936bjfm1tbbTjF4RrZyd0ttNEfAAZTbETgk5zUl9%2F9vkkuAr8B5vxPaBhqfaKHyeJrbYdawtalU%2FcxdmjC0oxZOstF5wO7itp1N2UBvkw%2F0e%2BQFoFasl36WyVZ%2B10FYxqZMGS4UnN3ylQZbvxN%2FCRHI66fWxEVUbPtGkVDrdMEOXqiU
INFO: [ app_begin ] --START--
INFO: Run ReadHtmlCache Behavior [ RunTime:0.000702s ]
INFO: [ app_begin ] --END-- [ RunTime:0.000796s ]
NOTIC: [8] Constant UC_CLIENT_VERSION already defined D:\wwwroot\mainweb\sdk\api\UcApi\Lib\Action\IndexAction.class.php 第 4 行.
NOTIC: [8] Constant UC_CLIENT_RELEASE already defined D:\wwwroot\mainweb\sdk\api\UcApi\Lib\Action\IndexAction.class.php 第 5 行.
NOTIC: [2048] Only variables should be passed by reference D:\wwwroot\mainweb\sdk\api\UcApi\Lib\Action\IndexAction.class.php 第 63 行.
NOTIC: [8] Constant API_RETURN_FAILED already defined D:\wwwroot\mainweb\sdk\uc_client\model\note.php 第 16 行.
SQL: SHOW COLUMNS FROM `sdk_accounts` [ RunTime:0.002295s ]
SQL: SELECT * FROM `sdk_accounts` WHERE ( `account_id` = 20 ) LIMIT 1   [ RunTime:0.000485s ]

[ 2013-11-29T13:58:39+08:00 ] 192.168.164.1 /api/uc.php?time=1385704718&code=960fPf2RH26z73oQq%2FjGGmwjc0paxq4F56Z61%2BDM8TOLVEcHJYZeRT0qqFopP0lBdQRgJtKBCNw36lZObp267xS2j9ZEHRtQ9PsRRqJtCREpOO1EjXam1%2B1OhLMAW53p8CQAzYEOkrf3utH2ub4UVHbxzM%2BdfAEjL6WMyYI6h4AYJeekOw
INFO: [ app_begin ] --START--
INFO: Run ReadHtmlCache Behavior [ RunTime:0.001050s ]
INFO: [ app_begin ] --END-- [ RunTime:0.001142s ]
NOTIC: [8] Constant UC_CLIENT_VERSION already defined D:\wwwroot\mainweb\sdk\api\UcApi\Lib\Action\IndexAction.class.php 第 4 行.
NOTIC: [8] Constant UC_CLIENT_RELEASE already defined D:\wwwroot\mainweb\sdk\api\UcApi\Lib\Action\IndexAction.class.php 第 5 行.
NOTIC: [2048] Only variables should be passed by reference D:\wwwroot\mainweb\sdk\api\UcApi\Lib\Action\IndexAction.class.php 第 63 行.
NOTIC: [8] Constant API_RETURN_FAILED already defined D:\wwwroot\mainweb\sdk\uc_client\model\note.php 第 16 行.
SQL: SHOW COLUMNS FROM `sdk_accounts` [ RunTime:0.002264s ]
SQL: SELECT * FROM `sdk_accounts` WHERE ( `account_id` = 1303 ) LIMIT 1   [ RunTime:0.000448s ]

[ 2013-11-29T13:59:15+08:00 ] 192.168.176.216 /api/uc.php?time=1385704755&code=2849dQABsViEHyuTEKeqvbdtNwdzX%2Bnzlpg3CvqJqhNlDGeNhUIhcH3aXKGU%2BGOGyoLaIZRYiJ0WRhpcVpsH21RUuAy%2BN8oMpXSQwBTyaHAt4%2FzYCe1tXNGJS%2BH%2BgVXLWZq69nNyzTwWda8ODfirSSEDKBk1J356IKah
INFO: [ app_begin ] --START--
INFO: Run ReadHtmlCache Behavior [ RunTime:0.001201s ]
INFO: [ app_begin ] --END-- [ RunTime:0.001292s ]
NOTIC: [8] Constant UC_CLIENT_VERSION already defined D:\wwwroot\mainweb\sdk\api\UcApi\Lib\Action\IndexAction.class.php 第 4 行.
NOTIC: [8] Constant UC_CLIENT_RELEASE already defined D:\wwwroot\mainweb\sdk\api\UcApi\Lib\Action\IndexAction.class.php 第 5 行.
NOTIC: [2048] Only variables should be passed by reference D:\wwwroot\mainweb\sdk\api\UcApi\Lib\Action\IndexAction.class.php 第 63 行.
NOTIC: [8] Constant API_RETURN_FAILED already defined D:\wwwroot\mainweb\sdk\uc_client\model\note.php 第 16 行.
SQL: SHOW COLUMNS FROM `sdk_accounts` [ RunTime:0.002108s ]
SQL: SELECT * FROM `sdk_accounts` WHERE ( `account_id` = 943 ) LIMIT 1   [ RunTime:0.000437s ]

[ 2013-11-29T14:31:12+08:00 ] 192.168.188.8 /api/uc.php?time=1385706671&code=5b03TVTpTYLcZU4%2BvSr1ZWeH4uQ4NIZ%2FU6fLiA9ZpFyasIXOuY%2FdqgJTT2nooQMlMMrcQ1uQG5k82RFojHJGa413GnM9SEXVN0KmDq6%2FBgd3Hv84mTtOEa1XD9tDC212Tj4K8IpITnCWKmzhwjkDHYvBLkihynZxaBxW
INFO: [ app_begin ] --START--
INFO: Run ReadHtmlCache Behavior [ RunTime:0.000698s ]
INFO: [ app_begin ] --END-- [ RunTime:0.000791s ]
NOTIC: [8] Constant UC_CLIENT_VERSION already defined D:\wwwroot\mainweb\sdk\api\UcApi\Lib\Action\IndexAction.class.php 第 4 行.
NOTIC: [8] Constant UC_CLIENT_RELEASE already defined D:\wwwroot\mainweb\sdk\api\UcApi\Lib\Action\IndexAction.class.php 第 5 行.
NOTIC: [2048] Only variables should be passed by reference D:\wwwroot\mainweb\sdk\api\UcApi\Lib\Action\IndexAction.class.php 第 63 行.
NOTIC: [8] Constant API_RETURN_FAILED already defined D:\wwwroot\mainweb\sdk\uc_client\model\note.php 第 16 行.
SQL: SHOW COLUMNS FROM `sdk_accounts` [ RunTime:0.002161s ]
SQL: SELECT * FROM `sdk_accounts` WHERE ( `account_id` = 899 ) LIMIT 1   [ RunTime:0.000452s ]

[ 2013-11-29T15:03:49+08:00 ] 192.168.203.154 /api/uc.php?time=1385708628&code=c1ef9pKkUxtS6xjUIcRB4okDYGS%2FYfaWJTx38Mffbm5AvWSwmeDxXCBcWvB6U3RutzwTUZfgKs%2BXbD%2BYkzZsWL%2FSKyhAijhOYmDptcbIt%2BqepEvJGisnlXlncnzIvzn2%2BWwqR%2FaRSj4pUiRDJzc4rSe2DUzkF%2ByDGpY3Ugt0CZXP2u8
INFO: [ app_begin ] --START--
INFO: Run ReadHtmlCache Behavior [ RunTime:0.000704s ]
INFO: [ app_begin ] --END-- [ RunTime:0.000795s ]
NOTIC: [8] Constant UC_CLIENT_VERSION already defined D:\wwwroot\mainweb\sdk\api\UcApi\Lib\Action\IndexAction.class.php 第 4 行.
NOTIC: [8] Constant UC_CLIENT_RELEASE already defined D:\wwwroot\mainweb\sdk\api\UcApi\Lib\Action\IndexAction.class.php 第 5 行.
NOTIC: [2048] Only variables should be passed by reference D:\wwwroot\mainweb\sdk\api\UcApi\Lib\Action\IndexAction.class.php 第 63 行.
NOTIC: [8] Constant API_RETURN_FAILED already defined D:\wwwroot\mainweb\sdk\uc_client\model\note.php 第 16 行.
SQL: SHOW COLUMNS FROM `sdk_accounts` [ RunTime:0.002278s ]
SQL: SELECT * FROM `sdk_accounts` WHERE ( `account_id` = 1117 ) LIMIT 1   [ RunTime:0.000583s ]

[ 2013-11-29T15:54:39+08:00 ] 192.168.185.157 /api/uc.php?time=1385711678&code=aaf7N2xacbZA8JVTNiAmABZvN9r%2BepVi3V1k6WcJ8NK%2FhxmA8Ruw0gUL%2FE3TYFVYD5cwfjSoULbgWFtXMXipi%2BNSVw0ZZ4yvBIG5xdv8JDKPGDv786cBkobaExiIlB29CHrpClFHfzqtNzYkIVl5Y1968WohBBujgUJd8cFSoERDvg0
INFO: [ app_begin ] --START--
INFO: Run ReadHtmlCache Behavior [ RunTime:0.001161s ]
INFO: [ app_begin ] --END-- [ RunTime:0.001251s ]
NOTIC: [8] Constant UC_CLIENT_VERSION already defined D:\wwwroot\mainweb\sdk\api\UcApi\Lib\Action\IndexAction.class.php 第 4 行.
NOTIC: [8] Constant UC_CLIENT_RELEASE already defined D:\wwwroot\mainweb\sdk\api\UcApi\Lib\Action\IndexAction.class.php 第 5 行.
NOTIC: [2048] Only variables should be passed by reference D:\wwwroot\mainweb\sdk\api\UcApi\Lib\Action\IndexAction.class.php 第 63 行.
NOTIC: [8] Constant API_RETURN_FAILED already defined D:\wwwroot\mainweb\sdk\uc_client\model\note.php 第 16 行.
SQL: SHOW COLUMNS FROM `sdk_accounts` [ RunTime:0.002158s ]
SQL: SELECT * FROM `sdk_accounts` WHERE ( `account_id` = 2410 ) LIMIT 1   [ RunTime:0.000565s ]

[ 2013-11-29T17:12:16+08:00 ] 192.168.199.167 /api/uc.php?time=1385716336&code=f23elLG7bPm%2FAlptNa3WFI61QZ9NbdzPCZBf%2FZS2R0VQGI94r71eb0xHWaCyc%2BkJcrsw8Qu5N4gpF82GGpxSvgy8uYPJuBvcm2AbnYSyqiA4w6%2F39OquuGfDHc1XLFrnnQ5BiqnD9R8thPzA917oZ%2Biq6%2BllpcOJE7lzQ0frac2j
INFO: [ app_begin ] --START--
INFO: Run ReadHtmlCache Behavior [ RunTime:0.001040s ]
INFO: [ app_begin ] --END-- [ RunTime:0.001132s ]
NOTIC: [8] Constant UC_CLIENT_VERSION already defined D:\wwwroot\mainweb\sdk\api\UcApi\Lib\Action\IndexAction.class.php 第 4 行.
NOTIC: [8] Constant UC_CLIENT_RELEASE already defined D:\wwwroot\mainweb\sdk\api\UcApi\Lib\Action\IndexAction.class.php 第 5 行.
NOTIC: [2048] Only variables should be passed by reference D:\wwwroot\mainweb\sdk\api\UcApi\Lib\Action\IndexAction.class.php 第 63 行.
NOTIC: [8] Constant API_RETURN_FAILED already defined D:\wwwroot\mainweb\sdk\uc_client\model\note.php 第 16 行.
SQL: SHOW COLUMNS FROM `sdk_accounts` [ RunTime:0.002390s ]
SQL: SELECT * FROM `sdk_accounts` WHERE ( `account_id` = 900 ) LIMIT 1   [ RunTime:0.000474s ]

[ 2013-11-29T18:16:38+08:00 ] 192.168.160.196 /api/uc.php?time=1385720198&code=3a75fpNY5v4L6SwW%2B8CgLyVk63WWeYu8IwNngmJNkklu2E8A7Q7E%2Bwu3IaGJ%2BAapw6d8kbJgNLNQaDnmjnMEe4QzOwfw6fHgPUVBBnayGdS0kAwfGYwJVvYI1SIlVZsYzFxNpZmZPZSmvTFqYfin8DPRCq1ANGGc%2FRG%2FfDReBrIEiIsw
INFO: [ app_begin ] --START--
INFO: Run ReadHtmlCache Behavior [ RunTime:0.001111s ]
INFO: [ app_begin ] --END-- [ RunTime:0.001201s ]
NOTIC: [8] Constant UC_CLIENT_VERSION already defined D:\wwwroot\mainweb\sdk\api\UcApi\Lib\Action\IndexAction.class.php 第 4 行.
NOTIC: [8] Constant UC_CLIENT_RELEASE already defined D:\wwwroot\mainweb\sdk\api\UcApi\Lib\Action\IndexAction.class.php 第 5 行.
NOTIC: [2048] Only variables should be passed by reference D:\wwwroot\mainweb\sdk\api\UcApi\Lib\Action\IndexAction.class.php 第 63 行.
NOTIC: [8] Constant API_RETURN_FAILED already defined D:\wwwroot\mainweb\sdk\uc_client\model\note.php 第 16 行.
SQL: SHOW COLUMNS FROM `sdk_accounts` [ RunTime:0.002207s ]
SQL: SELECT * FROM `sdk_accounts` WHERE ( `account_id` = 2251 ) LIMIT 1   [ RunTime:0.000586s ]

[ 2013-11-29T19:13:13+08:00 ] 192.168.202.1 /api/uc.php?time=1385723592&code=d430H27gBUIF1FDlWMwowPhmatnopERk3o9jJLCarY%2FxbcL0%2B02Jk1ZTz%2BApWLSLi2kxGtyIiz0SRo8AZcA8HujgdfIepnVkHhaeoG0Ti53%2BO46%2BLdr77jKU2B%2BOQqnob4YkT%2BFB2Nqy91o%2BOCxRZf4UUvVIQMEn9pFc8TjAA9HAgeX%2F
INFO: [ app_begin ] --START--
INFO: Run ReadHtmlCache Behavior [ RunTime:0.000652s ]
INFO: [ app_begin ] --END-- [ RunTime:0.000743s ]
NOTIC: [8] Constant UC_CLIENT_VERSION already defined D:\wwwroot\mainweb\sdk\api\UcApi\Lib\Action\IndexAction.class.php 第 4 行.
NOTIC: [8] Constant UC_CLIENT_RELEASE already defined D:\wwwroot\mainweb\sdk\api\UcApi\Lib\Action\IndexAction.class.php 第 5 行.
NOTIC: [2048] Only variables should be passed by reference D:\wwwroot\mainweb\sdk\api\UcApi\Lib\Action\IndexAction.class.php 第 63 行.
NOTIC: [8] Constant API_RETURN_FAILED already defined D:\wwwroot\mainweb\sdk\uc_client\model\note.php 第 16 行.
SQL: SHOW COLUMNS FROM `sdk_accounts` [ RunTime:0.016757s ]
SQL: SELECT * FROM `sdk_accounts` WHERE ( `account_id` = 155 ) LIMIT 1   [ RunTime:0.000566s ]

[ 2013-11-29T19:42:18+08:00 ] 192.168.205.146 /api/uc.php?time=1385725338&code=375e8R4vXyiqk%2Bz4jorSDcuILlsDWbQgyF8nbML3deKYC7joicWqUndRm%2F9VXH3E6Exn9G4JqhyUF2WeWL%2BMJVX92TTMQvMSVNp%2BrgrvBfFC4kj86orBDxftWtZ6Ixdyt34%2BR2pA2jXAJgB5E1JsRa8oMz6EmkIXKxwpYzlEe559Zw
INFO: [ app_begin ] --START--
INFO: Run ReadHtmlCache Behavior [ RunTime:0.001049s ]
INFO: [ app_begin ] --END-- [ RunTime:0.001142s ]
NOTIC: [8] Constant UC_CLIENT_VERSION already defined D:\wwwroot\mainweb\sdk\api\UcApi\Lib\Action\IndexAction.class.php 第 4 行.
NOTIC: [8] Constant UC_CLIENT_RELEASE already defined D:\wwwroot\mainweb\sdk\api\UcApi\Lib\Action\IndexAction.class.php 第 5 行.
NOTIC: [2048] Only variables should be passed by reference D:\wwwroot\mainweb\sdk\api\UcApi\Lib\Action\IndexAction.class.php 第 63 行.
NOTIC: [8] Constant API_RETURN_FAILED already defined D:\wwwroot\mainweb\sdk\uc_client\model\note.php 第 16 行.
SQL: SHOW COLUMNS FROM `sdk_accounts` [ RunTime:0.002171s ]
SQL: SELECT * FROM `sdk_accounts` WHERE ( `account_id` = 1832 ) LIMIT 1   [ RunTime:0.000440s ]

[ 2013-11-29T19:43:25+08:00 ] 112.64.235.245 /api/uc.php?time=1385723592&code=d430H27gBUIF1FDlWMwowPhmatnopERk3o9jJLCarY/xbcL0+02Jk1ZTz+ApWLSLi2kxGtyIiz0SRo8AZcA8HujgdfIepnVkHhaeoG0Ti53+O46+Ldr77jKU2B+OQqnob4YkT+FB2Nqy91o+OCxRZf4UUvVIQMEn9pFc8TjAA9HAgeX
INFO: [ app_begin ] --START--
INFO: Run ReadHtmlCache Behavior [ RunTime:0.000923s ]
INFO: [ app_begin ] --END-- [ RunTime:0.001017s ]
NOTIC: [8] Constant UC_CLIENT_VERSION already defined D:\wwwroot\mainweb\sdk\api\UcApi\Lib\Action\IndexAction.class.php 第 4 行.
NOTIC: [8] Constant UC_CLIENT_RELEASE already defined D:\wwwroot\mainweb\sdk\api\UcApi\Lib\Action\IndexAction.class.php 第 5 行.
NOTIC: [8] Undefined index:  time D:\wwwroot\mainweb\sdk\api\UcApi\Lib\Action\IndexAction.class.php 第 54 行.

[ 2013-11-29T22:42:57+08:00 ] 192.168.152.13 /api/uc.php?time=1385736176&code=1e52FWfhSZjGzBiUSnDTSWYCkiFIhT%2FF9Yl5Lp6QVrLhGRH4EfpxpHM2a2p1t0JN3aXh0fFwDYgFhoWeuBTXJo8BGkg6E4YKPLUJk6SBFwu6prtJoRF2InK1VYggMrio%2Bl4jlG9j2cXDEqsU%2BY%2BVDMtVLF8fsRIMPx4e
INFO: [ app_begin ] --START--
INFO: Run ReadHtmlCache Behavior [ RunTime:0.001001s ]
INFO: [ app_begin ] --END-- [ RunTime:0.001096s ]
NOTIC: [8] Constant UC_CLIENT_VERSION already defined D:\wwwroot\mainweb\sdk\api\UcApi\Lib\Action\IndexAction.class.php 第 4 行.
NOTIC: [8] Constant UC_CLIENT_RELEASE already defined D:\wwwroot\mainweb\sdk\api\UcApi\Lib\Action\IndexAction.class.php 第 5 行.
NOTIC: [2048] Only variables should be passed by reference D:\wwwroot\mainweb\sdk\api\UcApi\Lib\Action\IndexAction.class.php 第 63 行.
NOTIC: [8] Constant API_RETURN_FAILED already defined D:\wwwroot\mainweb\sdk\uc_client\model\note.php 第 16 行.
SQL: SHOW COLUMNS FROM `sdk_accounts` [ RunTime:0.002282s ]
SQL: SELECT * FROM `sdk_accounts` WHERE ( `account_id` = 581 ) LIMIT 1   [ RunTime:0.006867s ]

