[ 2013-12-11T09:09:50+08:00 ] 192.168.191.5 /api/uc.php?time=1386724190&code=b6a69PhOr1DmEnemsU7Se%2Fo4SzmRij7t12w0qMpdsCo17MKvTw1PZX7T67840qDX1DKiMvEGWCCRmBPovjYFcZLwlFJU69kyJFyf3fthxxbMrorTWEgHbQM7fXr7WOFrsJrUEFno0293Uovzuyzhmai5kyMaXPkpNnqLU4TFb3l3
INFO: [ app_begin ] --START--
INFO: Run ReadHtmlCache Behavior [ RunTime:0.001047s ]
INFO: [ app_begin ] --END-- [ RunTime:0.001139s ]
NOTIC: [8] Constant UC_CLIENT_VERSION already defined D:\wwwroot\mainweb\sdk\api\UcApi\Lib\Action\IndexAction.class.php 第 4 行.
NOTIC: [8] Constant UC_CLIENT_RELEASE already defined D:\wwwroot\mainweb\sdk\api\UcApi\Lib\Action\IndexAction.class.php 第 5 行.
NOTIC: [2048] Only variables should be passed by reference D:\wwwroot\mainweb\sdk\api\UcApi\Lib\Action\IndexAction.class.php 第 63 行.
NOTIC: [8] Constant API_RETURN_FAILED already defined D:\wwwroot\mainweb\sdk\uc_client\model\note.php 第 16 行.
SQL: SHOW COLUMNS FROM `sdk_accounts` [ RunTime:0.002096s ]
SQL: SELECT * FROM `sdk_accounts` WHERE ( `account_id` = 1018 ) LIMIT 1   [ RunTime:0.000606s ]

[ 2013-12-11T09:26:04+08:00 ] 192.168.178.217 /api/uc.php?time=1386725163&code=9922zORhbIhEE4sdmowQT67ngWNgmUvo8VzorNRIYy1iRChVMu12YFKaPw2RP9MCV0QS0XJWiHKkQtIJaFGenv4bliU7GOt2E%2BKKsGwFeL173t9iwQa7M1FhxHhxM9fTx52GytPaHMOfhvy%2BoyWsBoP2NyesDgLUEn%2BIjw
INFO: [ app_begin ] --START--
INFO: Run ReadHtmlCache Behavior [ RunTime:0.001037s ]
INFO: [ app_begin ] --END-- [ RunTime:0.001129s ]
NOTIC: [8] Constant UC_CLIENT_VERSION already defined D:\wwwroot\mainweb\sdk\api\UcApi\Lib\Action\IndexAction.class.php 第 4 行.
NOTIC: [8] Constant UC_CLIENT_RELEASE already defined D:\wwwroot\mainweb\sdk\api\UcApi\Lib\Action\IndexAction.class.php 第 5 行.
NOTIC: [2048] Only variables should be passed by reference D:\wwwroot\mainweb\sdk\api\UcApi\Lib\Action\IndexAction.class.php 第 63 行.
NOTIC: [8] Constant API_RETURN_FAILED already defined D:\wwwroot\mainweb\sdk\uc_client\model\note.php 第 16 行.
SQL: SHOW COLUMNS FROM `sdk_accounts` [ RunTime:0.002187s ]
SQL: SELECT * FROM `sdk_accounts` WHERE ( `account_id` = 1897 ) LIMIT 1   [ RunTime:0.000462s ]

[ 2013-12-11T09:58:27+08:00 ] 180.153.206.33 /api/uc.php?time=1386725163&code=9922zORhbIhEE4sdmowQT67ngWNgmUvo8VzorNRIYy1iRChVMu12YFKaPw2RP9MCV0QS0XJWiHKkQtIJaFGenv4bliU7GOt2E+KKsGwFeL173t9iwQa7M1FhxHhxM9fTx52GytPaHMOfhvy+oyWsBoP2NyesDgLUEn+Ijw
INFO: [ app_begin ] --START--
INFO: Run ReadHtmlCache Behavior [ RunTime:0.001040s ]
INFO: [ app_begin ] --END-- [ RunTime:0.001134s ]
NOTIC: [8] Constant UC_CLIENT_VERSION already defined D:\wwwroot\mainweb\sdk\api\UcApi\Lib\Action\IndexAction.class.php 第 4 行.
NOTIC: [8] Constant UC_CLIENT_RELEASE already defined D:\wwwroot\mainweb\sdk\api\UcApi\Lib\Action\IndexAction.class.php 第 5 行.
NOTIC: [8] Undefined index:  time D:\wwwroot\mainweb\sdk\api\UcApi\Lib\Action\IndexAction.class.php 第 54 行.

[ 2013-12-11T11:39:19+08:00 ] 192.168.166.95 /api/uc.php?time=1386733159&code=ac8f3wscrfc1QaufqC2Mt9Al%2BylcnCipzDUqnCSP87UOuHyTn4faYsIIbqcRkULsfaqfsajk67sV%2F5SicpsjYvnYWbHT%2BZDKvCRYqqBepHqzIMc%2F9%2BKM8FnzFF79bSze1d9PQk7wpKG6YHRd%2BRb002%2B0atlGdbo9P039etqNGCsr
INFO: [ app_begin ] --START--
INFO: Run ReadHtmlCache Behavior [ RunTime:0.001091s ]
INFO: [ app_begin ] --END-- [ RunTime:0.001192s ]
NOTIC: [8] Constant UC_CLIENT_VERSION already defined D:\wwwroot\mainweb\sdk\api\UcApi\Lib\Action\IndexAction.class.php 第 4 行.
NOTIC: [8] Constant UC_CLIENT_RELEASE already defined D:\wwwroot\mainweb\sdk\api\UcApi\Lib\Action\IndexAction.class.php 第 5 行.
NOTIC: [2048] Only variables should be passed by reference D:\wwwroot\mainweb\sdk\api\UcApi\Lib\Action\IndexAction.class.php 第 63 行.
NOTIC: [8] Constant API_RETURN_FAILED already defined D:\wwwroot\mainweb\sdk\uc_client\model\note.php 第 16 行.
SQL: SHOW COLUMNS FROM `sdk_accounts` [ RunTime:0.002621s ]
SQL: SELECT * FROM `sdk_accounts` WHERE ( `account_id` = 2381 ) LIMIT 1   [ RunTime:0.000472s ]

[ 2013-12-11T11:42:50+08:00 ] 192.168.159.91 /api/uc.php?time=1386733369&code=98acccd%2BjaQETKMF7WtLj0fx%2FdIR0Ilp2qwKgd16HQBGWR7cYqTNQ8xK5NRq74puXeGbZlVtzsl7FypoyiDL%2FVIq%2F%2FzpfJb9%2Breu0Xh%2F5eghhU0UHdsLsBcUptsE7WOvegiGy8ONr07joAf58guQXOtwxAh26aP3ZDs%2B5dlIIW0Big
INFO: [ app_begin ] --START--
INFO: Run ReadHtmlCache Behavior [ RunTime:0.001050s ]
INFO: [ app_begin ] --END-- [ RunTime:0.001142s ]
NOTIC: [8] Constant UC_CLIENT_VERSION already defined D:\wwwroot\mainweb\sdk\api\UcApi\Lib\Action\IndexAction.class.php 第 4 行.
NOTIC: [8] Constant UC_CLIENT_RELEASE already defined D:\wwwroot\mainweb\sdk\api\UcApi\Lib\Action\IndexAction.class.php 第 5 行.
NOTIC: [2048] Only variables should be passed by reference D:\wwwroot\mainweb\sdk\api\UcApi\Lib\Action\IndexAction.class.php 第 63 行.
NOTIC: [8] Constant API_RETURN_FAILED already defined D:\wwwroot\mainweb\sdk\uc_client\model\note.php 第 16 行.
SQL: SHOW COLUMNS FROM `sdk_accounts` [ RunTime:0.002101s ]
SQL: SELECT * FROM `sdk_accounts` WHERE ( `account_id` = 1131 ) LIMIT 1   [ RunTime:0.000545s ]

[ 2013-12-11T15:50:00+08:00 ] 192.168.185.116 /api/uc.php?time=1386748199&code=138fChGdAsL8S45cMBdtcRU4y0z9hQx%2BCxvxZinx2hU03ZgujQbtp6f7oqYE424VilsjTtGCTQjBvkjL%2F34YroN1RxbhGWTkus9B3UtY1QKxVGK%2BPkgeZW%2FWHVYkHQgpxGtZYwl8N1a54Er3g4gVvyhldCOsx5%2B4%2FltOrGnrwA
INFO: [ app_begin ] --START--
INFO: Run ReadHtmlCache Behavior [ RunTime:0.001033s ]
INFO: [ app_begin ] --END-- [ RunTime:0.001125s ]
NOTIC: [8] Constant UC_CLIENT_VERSION already defined D:\wwwroot\mainweb\sdk\api\UcApi\Lib\Action\IndexAction.class.php 第 4 行.
NOTIC: [8] Constant UC_CLIENT_RELEASE already defined D:\wwwroot\mainweb\sdk\api\UcApi\Lib\Action\IndexAction.class.php 第 5 行.
NOTIC: [2048] Only variables should be passed by reference D:\wwwroot\mainweb\sdk\api\UcApi\Lib\Action\IndexAction.class.php 第 63 行.
NOTIC: [8] Constant API_RETURN_FAILED already defined D:\wwwroot\mainweb\sdk\uc_client\model\note.php 第 16 行.
SQL: SHOW COLUMNS FROM `sdk_accounts` [ RunTime:0.002375s ]
SQL: SELECT * FROM `sdk_accounts` WHERE ( `account_id` = 2268 ) LIMIT 1   [ RunTime:0.000486s ]

[ 2013-12-11T16:09:29+08:00 ] 192.168.137.13 /api/uc.php?time=1386749368&code=95a6WcTNtxCtKmi7emGYUJ%2FVnp2QWeiThoZTCg9BqIeNJLJRx7q47MhZCVUTuC4HwpyjwKHZfzLjXPiIKiIGu4%2BNKpLblI4mI68on1%2BKU3%2BxWJzFINWje%2BchLo41goR2EvDthmfO4jVGTkxfuVZR4K9AwAwU84SfiDznDA
INFO: [ app_begin ] --START--
INFO: Run ReadHtmlCache Behavior [ RunTime:0.001118s ]
INFO: [ app_begin ] --END-- [ RunTime:0.001212s ]
NOTIC: [8] Constant UC_CLIENT_VERSION already defined D:\wwwroot\mainweb\sdk\api\UcApi\Lib\Action\IndexAction.class.php 第 4 行.
NOTIC: [8] Constant UC_CLIENT_RELEASE already defined D:\wwwroot\mainweb\sdk\api\UcApi\Lib\Action\IndexAction.class.php 第 5 行.
NOTIC: [2048] Only variables should be passed by reference D:\wwwroot\mainweb\sdk\api\UcApi\Lib\Action\IndexAction.class.php 第 63 行.
NOTIC: [8] Constant API_RETURN_FAILED already defined D:\wwwroot\mainweb\sdk\uc_client\model\note.php 第 16 行.
SQL: SHOW COLUMNS FROM `sdk_accounts` [ RunTime:0.001977s ]
SQL: SELECT * FROM `sdk_accounts` WHERE ( `account_id` = 2320 ) LIMIT 1   [ RunTime:0.000405s ]

[ 2013-12-11T17:15:48+08:00 ] 192.168.136.220 /api/uc.php?time=1386753348&code=20e70egc4oEe%2BxBzqdYbXP4yYAcKCNxOz5Do98QWLKNoDbjDtmjs9oyEYcZnGTPdMZd0tqMcN1SdFAynjM%2BlU3p8YdZQaKdgYYQXg58%2BOGXeqDNFgl6wVAtmUdsZ%2FYRppmb1AeBmLgsydvZlhu%2F%2FY4MHVmowTlV%2Bj7lHpK5Uhw7YBePmUMU
INFO: [ app_begin ] --START--
INFO: Run ReadHtmlCache Behavior [ RunTime:0.001065s ]
INFO: [ app_begin ] --END-- [ RunTime:0.001156s ]
NOTIC: [8] Constant UC_CLIENT_VERSION already defined D:\wwwroot\mainweb\sdk\api\UcApi\Lib\Action\IndexAction.class.php 第 4 行.
NOTIC: [8] Constant UC_CLIENT_RELEASE already defined D:\wwwroot\mainweb\sdk\api\UcApi\Lib\Action\IndexAction.class.php 第 5 行.
NOTIC: [2048] Only variables should be passed by reference D:\wwwroot\mainweb\sdk\api\UcApi\Lib\Action\IndexAction.class.php 第 63 行.
NOTIC: [8] Constant API_RETURN_FAILED already defined D:\wwwroot\mainweb\sdk\uc_client\model\note.php 第 16 行.
SQL: SHOW COLUMNS FROM `sdk_accounts` [ RunTime:0.002098s ]
SQL: SELECT * FROM `sdk_accounts` WHERE ( `account_id` = 1884 ) LIMIT 1   [ RunTime:0.000421s ]

[ 2013-12-11T17:25:57+08:00 ] 192.168.134.144 /api/uc.php?time=1386753957&code=0403a4lUVH7aNL2MhaDxDsiO5bDgsu5I9UOfj2RU5Qm6Ud3HtkvlCSgrACepa9x75CRvSvhI1RkP%2FRm3Fp84pUTXPW10ZTLmfE991uV%2F1l3hfULT56cz1MqoIKSK%2BT8lT5R7J63ngwgpVeTf1e%2Fj%2Fb1sQYXyg5rU04bRQA
INFO: [ app_begin ] --START--
INFO: Run ReadHtmlCache Behavior [ RunTime:0.001038s ]
INFO: [ app_begin ] --END-- [ RunTime:0.001128s ]
NOTIC: [8] Constant UC_CLIENT_VERSION already defined D:\wwwroot\mainweb\sdk\api\UcApi\Lib\Action\IndexAction.class.php 第 4 行.
NOTIC: [8] Constant UC_CLIENT_RELEASE already defined D:\wwwroot\mainweb\sdk\api\UcApi\Lib\Action\IndexAction.class.php 第 5 行.
NOTIC: [2048] Only variables should be passed by reference D:\wwwroot\mainweb\sdk\api\UcApi\Lib\Action\IndexAction.class.php 第 63 行.
NOTIC: [8] Constant API_RETURN_FAILED already defined D:\wwwroot\mainweb\sdk\uc_client\model\note.php 第 16 行.
SQL: SHOW COLUMNS FROM `sdk_accounts` [ RunTime:0.002007s ]
SQL: SELECT * FROM `sdk_accounts` WHERE ( `account_id` = 1904 ) LIMIT 1   [ RunTime:0.000576s ]

[ 2013-12-11T17:38:28+08:00 ] 192.168.164.109 /api/uc.php?time=1386754707&code=cb88VMMnCyzCbITh%2BU5Xa527AFYpVTOT%2FGtJweeAKJMrcYS8aIPRud3vAswRcweLiAL%2BbyJztRuJzmnv0mHdEywK5YI8ty%2FPVO8D%2FiFupOuaueFNj9oQYejNAvUOhWWzUtkFdySjvkZNrOJhdmxpXXP%2Bh%2FlmsKhY%2FiEU9Q
INFO: [ app_begin ] --START--
INFO: Run ReadHtmlCache Behavior [ RunTime:0.001105s ]
INFO: [ app_begin ] --END-- [ RunTime:0.001199s ]
NOTIC: [8] Constant UC_CLIENT_VERSION already defined D:\wwwroot\mainweb\sdk\api\UcApi\Lib\Action\IndexAction.class.php 第 4 行.
NOTIC: [8] Constant UC_CLIENT_RELEASE already defined D:\wwwroot\mainweb\sdk\api\UcApi\Lib\Action\IndexAction.class.php 第 5 行.
NOTIC: [2048] Only variables should be passed by reference D:\wwwroot\mainweb\sdk\api\UcApi\Lib\Action\IndexAction.class.php 第 63 行.
NOTIC: [8] Constant API_RETURN_FAILED already defined D:\wwwroot\mainweb\sdk\uc_client\model\note.php 第 16 行.
SQL: SHOW COLUMNS FROM `sdk_accounts` [ RunTime:0.002084s ]
SQL: SELECT * FROM `sdk_accounts` WHERE ( `account_id` = 1702 ) LIMIT 1   [ RunTime:0.000189s ]

[ 2013-12-11T17:55:12+08:00 ] 192.168.140.2 /api/uc.php?time=1386755712&code=f6674OvAlfD73ZADktg%2BqvxD2NEbS%2F%2BY9f0QC8vU7DGHblX9uOIjdr7ojQTmuWUPqo3N%2FwJ9G2echDFIl2N3CcOe4kMTtrltfnIbsGUpiQM2WUlny82p1YCGgcgwqPCOilBA6VQZ7V%2F94%2F2rRTTlef3WIsREu9YPY6YVZUk9XcM
INFO: [ app_begin ] --START--
INFO: Run ReadHtmlCache Behavior [ RunTime:0.001157s ]
INFO: [ app_begin ] --END-- [ RunTime:0.001262s ]
NOTIC: [8] Constant UC_CLIENT_VERSION already defined D:\wwwroot\mainweb\sdk\api\UcApi\Lib\Action\IndexAction.class.php 第 4 行.
NOTIC: [8] Constant UC_CLIENT_RELEASE already defined D:\wwwroot\mainweb\sdk\api\UcApi\Lib\Action\IndexAction.class.php 第 5 行.
NOTIC: [2048] Only variables should be passed by reference D:\wwwroot\mainweb\sdk\api\UcApi\Lib\Action\IndexAction.class.php 第 63 行.
NOTIC: [8] Constant API_RETURN_FAILED already defined D:\wwwroot\mainweb\sdk\uc_client\model\note.php 第 16 行.
SQL: SHOW COLUMNS FROM `sdk_accounts` [ RunTime:0.002050s ]
SQL: SELECT * FROM `sdk_accounts` WHERE ( `account_id` = 398 ) LIMIT 1   [ RunTime:0.000413s ]

[ 2013-12-11T19:20:45+08:00 ] 192.168.194.154 /api/uc.php?time=1386760845&code=2298g7w7N7HDD%2BOf5k0NgQYXcNPQxa5EcMzi51v%2B8ItqjljLzdgsLenmqoUIoEUKAET65qor2u8oZfUQVqQfjHSlvrOJhPIsIl5MndXf9lMhXY7jyv7ojCuwxyUWxZ8Og0vdjw9otW%2BJhStG8jjUEIYMYIVhO8Y0NI%2BxaQ
INFO: [ app_begin ] --START--
INFO: Run ReadHtmlCache Behavior [ RunTime:0.000742s ]
INFO: [ app_begin ] --END-- [ RunTime:0.000833s ]
NOTIC: [8] Constant UC_CLIENT_VERSION already defined D:\wwwroot\mainweb\sdk\api\UcApi\Lib\Action\IndexAction.class.php 第 4 行.
NOTIC: [8] Constant UC_CLIENT_RELEASE already defined D:\wwwroot\mainweb\sdk\api\UcApi\Lib\Action\IndexAction.class.php 第 5 行.
NOTIC: [2048] Only variables should be passed by reference D:\wwwroot\mainweb\sdk\api\UcApi\Lib\Action\IndexAction.class.php 第 63 行.
NOTIC: [8] Constant API_RETURN_FAILED already defined D:\wwwroot\mainweb\sdk\uc_client\model\note.php 第 16 行.
SQL: SHOW COLUMNS FROM `sdk_accounts` [ RunTime:0.001937s ]
SQL: SELECT * FROM `sdk_accounts` WHERE ( `account_id` = 2562 ) LIMIT 1   [ RunTime:0.000421s ]

[ 2013-12-11T20:36:13+08:00 ] 192.168.204.79 /api/uc.php?time=1386765373&code=6a47Eua%2FhlkskHjwDlttygilmS7ud1yNnZW35LXgLTz2KaN4zs17DAbiS0bdHy4ZxxpUNTH6tNJd1RvsamykCAb%2BJo2e%2BsBFMzdyruj2iJvj3%2FHsv35MIeOP8h872e1VuCFs6Fyg056MnkLf5R4tbieOICvh2ioSsVtgpQ
INFO: [ app_begin ] --START--
INFO: Run ReadHtmlCache Behavior [ RunTime:0.001046s ]
INFO: [ app_begin ] --END-- [ RunTime:0.001144s ]
NOTIC: [8] Constant UC_CLIENT_VERSION already defined D:\wwwroot\mainweb\sdk\api\UcApi\Lib\Action\IndexAction.class.php 第 4 行.
NOTIC: [8] Constant UC_CLIENT_RELEASE already defined D:\wwwroot\mainweb\sdk\api\UcApi\Lib\Action\IndexAction.class.php 第 5 行.
NOTIC: [2048] Only variables should be passed by reference D:\wwwroot\mainweb\sdk\api\UcApi\Lib\Action\IndexAction.class.php 第 63 行.
NOTIC: [8] Constant API_RETURN_FAILED already defined D:\wwwroot\mainweb\sdk\uc_client\model\note.php 第 16 行.
SQL: SHOW COLUMNS FROM `sdk_accounts` [ RunTime:0.002159s ]
SQL: SELECT * FROM `sdk_accounts` WHERE ( `account_id` = 506 ) LIMIT 1   [ RunTime:0.000342s ]

[ 2013-12-11T21:12:41+08:00 ] 192.168.147.76 /api/uc.php?time=1386767560&code=ae50G2qREhAwnVUw4PSjCXYpAdhrDfLdUQho9kk7PLDA3mK4vbbRstBRkqbDYBfqYQDrRcrb35MwAwjdGj5zJwAMFnO7ou7ra7GvvnlM09P4kPnIN7iv38LPDup3lfqu1PwuPOmVa9FqdeDI9xJyQA9m57DTEQI%2BSCsgtcZ8VkI
INFO: [ app_begin ] --START--
INFO: Run ReadHtmlCache Behavior [ RunTime:0.001145s ]
INFO: [ app_begin ] --END-- [ RunTime:0.001236s ]
NOTIC: [8] Constant UC_CLIENT_VERSION already defined D:\wwwroot\mainweb\sdk\api\UcApi\Lib\Action\IndexAction.class.php 第 4 行.
NOTIC: [8] Constant UC_CLIENT_RELEASE already defined D:\wwwroot\mainweb\sdk\api\UcApi\Lib\Action\IndexAction.class.php 第 5 行.
NOTIC: [2048] Only variables should be passed by reference D:\wwwroot\mainweb\sdk\api\UcApi\Lib\Action\IndexAction.class.php 第 63 行.
NOTIC: [8] Constant API_RETURN_FAILED already defined D:\wwwroot\mainweb\sdk\uc_client\model\note.php 第 16 行.
SQL: SHOW COLUMNS FROM `sdk_accounts` [ RunTime:0.002592s ]
SQL: SELECT * FROM `sdk_accounts` WHERE ( `account_id` = 644 ) LIMIT 1   [ RunTime:0.000553s ]

[ 2013-12-11T21:54:40+08:00 ] 192.168.129.19 /api/uc.php?time=1386770079&code=a060S%2BkAfAe6FULjf%2B9SoVmvtlX2Bn9W2Vsv4UhdJ6peDqU%2FIA7AsuMPSQHu%2FF0MEK0291YKTGW7%2B1dptpiqmpqFd6OMg0HcYmGBepmSLgdDNgp2XPYereQ3l9j3T7fEqEN8JcrrdhNGFiTBDPeJLPME4v%2Fgadr0mvkyJ8w3qvUPAw
INFO: [ app_begin ] --START--
INFO: Run ReadHtmlCache Behavior [ RunTime:0.001090s ]
INFO: [ app_begin ] --END-- [ RunTime:0.001181s ]
NOTIC: [8] Constant UC_CLIENT_VERSION already defined D:\wwwroot\mainweb\sdk\api\UcApi\Lib\Action\IndexAction.class.php 第 4 行.
NOTIC: [8] Constant UC_CLIENT_RELEASE already defined D:\wwwroot\mainweb\sdk\api\UcApi\Lib\Action\IndexAction.class.php 第 5 行.
NOTIC: [2048] Only variables should be passed by reference D:\wwwroot\mainweb\sdk\api\UcApi\Lib\Action\IndexAction.class.php 第 63 行.
NOTIC: [8] Constant API_RETURN_FAILED already defined D:\wwwroot\mainweb\sdk\uc_client\model\note.php 第 16 行.
SQL: SHOW COLUMNS FROM `sdk_accounts` [ RunTime:0.002193s ]
SQL: SELECT * FROM `sdk_accounts` WHERE ( `account_id` = 2485 ) LIMIT 1   [ RunTime:0.000479s ]

[ 2013-12-11T22:00:20+08:00 ] 192.168.200.84 /api/uc.php?time=1386770418&code=c202qO9FvZcF6Sreuyznus0d%2BZbFEoCIqL3W6bbDBywQ2CdDnSRAmhwDcCKMM9JzVgprU13Ya%2BMFX4iOAKIRywHQhBaQUME9E%2BBKmDAcxsROT4RhsD0QIRyDaUgiHr6PWvHRasNDSPthhodjl2UlAuFnAlVFj5Rrw7s1ojotTwFb
INFO: [ app_begin ] --START--
INFO: Run ReadHtmlCache Behavior [ RunTime:0.001033s ]
INFO: [ app_begin ] --END-- [ RunTime:0.001124s ]
NOTIC: [8] Constant UC_CLIENT_VERSION already defined D:\wwwroot\mainweb\sdk\api\UcApi\Lib\Action\IndexAction.class.php 第 4 行.
NOTIC: [8] Constant UC_CLIENT_RELEASE already defined D:\wwwroot\mainweb\sdk\api\UcApi\Lib\Action\IndexAction.class.php 第 5 行.
NOTIC: [2048] Only variables should be passed by reference D:\wwwroot\mainweb\sdk\api\UcApi\Lib\Action\IndexAction.class.php 第 63 行.
NOTIC: [8] Constant API_RETURN_FAILED already defined D:\wwwroot\mainweb\sdk\uc_client\model\note.php 第 16 行.
SQL: SHOW COLUMNS FROM `sdk_accounts` [ RunTime:0.002056s ]
SQL: SELECT * FROM `sdk_accounts` WHERE ( `account_id` = 1639 ) LIMIT 1   [ RunTime:0.000513s ]

[ 2013-12-11T22:42:38+08:00 ] 192.168.200.218 /api/uc.php?time=1386772958&code=59da24otsXMwQQel4LAjDj%2FalZI7YKGr4YmZCHVhX%2BCtQg6YZdWQ1%2F9k%2FOFh1CYV%2FzRLiY3a01WN572SL3LDroycBn%2BOOqLiyIthWvP2y9ncPHA1mZjayZMwS8Xcn5V2nzDOyqS%2BtSo1bBxZQOjCMsLqxUjeHtwG%2B3klrA0TvIb3rg
INFO: [ app_begin ] --START--
INFO: Run ReadHtmlCache Behavior [ RunTime:0.001090s ]
INFO: [ app_begin ] --END-- [ RunTime:0.001184s ]
NOTIC: [8] Constant UC_CLIENT_VERSION already defined D:\wwwroot\mainweb\sdk\api\UcApi\Lib\Action\IndexAction.class.php 第 4 行.
NOTIC: [8] Constant UC_CLIENT_RELEASE already defined D:\wwwroot\mainweb\sdk\api\UcApi\Lib\Action\IndexAction.class.php 第 5 行.
NOTIC: [2048] Only variables should be passed by reference D:\wwwroot\mainweb\sdk\api\UcApi\Lib\Action\IndexAction.class.php 第 63 行.
NOTIC: [8] Constant API_RETURN_FAILED already defined D:\wwwroot\mainweb\sdk\uc_client\model\note.php 第 16 行.
SQL: SHOW COLUMNS FROM `sdk_accounts` [ RunTime:0.001941s ]
SQL: SELECT * FROM `sdk_accounts` WHERE ( `account_id` = 1657 ) LIMIT 1   [ RunTime:0.000358s ]

[ 2013-12-11T22:52:54+08:00 ] 113.96.41.109 /api/uc.php?time=1386773571&code=4fbfhCE24JXdQg64lFohbdphocZ0pT75NNTVlj3M574rVe%2Bb7nyD%2B18aKhJcPy5EClS4YC2dWl50svGWflKv7%2F3NPt1WWBo9QIM%2FkOTowMO7tDtFBH4k1EIJ5oUYj9BtJXdxBfSlrTbmx%2F3qW0R4emwSRLLPsrnZcC%2FNe9fF3i73V7Ee
INFO: [ app_begin ] --START--
INFO: Run ReadHtmlCache Behavior [ RunTime:0.001042s ]
INFO: [ app_begin ] --END-- [ RunTime:0.001137s ]
NOTIC: [8] Constant UC_CLIENT_VERSION already defined D:\wwwroot\mainweb\sdk\api\UcApi\Lib\Action\IndexAction.class.php 第 4 行.
NOTIC: [8] Constant UC_CLIENT_RELEASE already defined D:\wwwroot\mainweb\sdk\api\UcApi\Lib\Action\IndexAction.class.php 第 5 行.
NOTIC: [2048] Only variables should be passed by reference D:\wwwroot\mainweb\sdk\api\UcApi\Lib\Action\IndexAction.class.php 第 63 行.
NOTIC: [8] Constant API_RETURN_FAILED already defined D:\wwwroot\mainweb\sdk\uc_client\model\note.php 第 16 行.
SQL: SHOW COLUMNS FROM `sdk_accounts` [ RunTime:0.002165s ]
SQL: SELECT * FROM `sdk_accounts` WHERE ( `account_id` = 896 ) LIMIT 1   [ RunTime:0.000612s ]

[ 2013-12-11T23:56:43+08:00 ] 192.168.141.137 /api/uc.php?time=1386777402&code=7748AlzoajoqMwjS20siqH%2B8%2BWzCUvRWDWnSomj3U4ITuwgAYISOzbnq%2Fk%2BIDXQyKrUsx%2BVyGNKkrznBrzQ7oE%2FNOJ%2BD1sbzu7r2aVulae2lwtW3sSacdRKOxxxqLDl5dGMj1KeemFTTEyXKk%2BBomVwQkKK89%2Bgc7MWu1VNjhB96mApr6CF2aA
INFO: [ app_begin ] --START--
INFO: Run ReadHtmlCache Behavior [ RunTime:0.001086s ]
INFO: [ app_begin ] --END-- [ RunTime:0.001178s ]
NOTIC: [8] Constant UC_CLIENT_VERSION already defined D:\wwwroot\mainweb\sdk\api\UcApi\Lib\Action\IndexAction.class.php 第 4 行.
NOTIC: [8] Constant UC_CLIENT_RELEASE already defined D:\wwwroot\mainweb\sdk\api\UcApi\Lib\Action\IndexAction.class.php 第 5 行.
NOTIC: [2048] Only variables should be passed by reference D:\wwwroot\mainweb\sdk\api\UcApi\Lib\Action\IndexAction.class.php 第 63 行.
NOTIC: [8] Constant API_RETURN_FAILED already defined D:\wwwroot\mainweb\sdk\uc_client\model\note.php 第 16 行.
SQL: SHOW COLUMNS FROM `sdk_accounts` [ RunTime:0.001889s ]
SQL: SELECT * FROM `sdk_accounts` WHERE ( `account_id` = 1738 ) LIMIT 1   [ RunTime:0.000478s ]

[ 2013-12-11T23:56:58+08:00 ] 192.168.185.30 /api/uc.php?time=1386777417&code=dd843e0u%2BWKasiyM0HFSwrx2i50u3BELtXIYKZ6w3w%2BUEY9q6lJvecSB5IylZJCOmETcjI8tM73i33TdlINBWAH%2FxgqBqX444wKO%2B9LOjN4b5wUQ5I3lHtFaficf8tIFEZ9BAOSvtc5nCpGyu1vALaMKuA3WN94JjAxLGAmlgEQW6Q
INFO: [ app_begin ] --START--
INFO: Run ReadHtmlCache Behavior [ RunTime:0.000917s ]
INFO: [ app_begin ] --END-- [ RunTime:0.001007s ]
NOTIC: [8] Constant UC_CLIENT_VERSION already defined D:\wwwroot\mainweb\sdk\api\UcApi\Lib\Action\IndexAction.class.php 第 4 行.
NOTIC: [8] Constant UC_CLIENT_RELEASE already defined D:\wwwroot\mainweb\sdk\api\UcApi\Lib\Action\IndexAction.class.php 第 5 行.
NOTIC: [2048] Only variables should be passed by reference D:\wwwroot\mainweb\sdk\api\UcApi\Lib\Action\IndexAction.class.php 第 63 行.
NOTIC: [8] Constant API_RETURN_FAILED already defined D:\wwwroot\mainweb\sdk\uc_client\model\note.php 第 16 行.
SQL: SHOW COLUMNS FROM `sdk_accounts` [ RunTime:0.002018s ]
SQL: SELECT * FROM `sdk_accounts` WHERE ( `account_id` = 2177 ) LIMIT 1   [ RunTime:0.000583s ]

