[ 2013-11-16T00:41:27+08:00 ] 192.168.201.86 /api/uc.php?time=1384533687&code=af069akXn2Dz%2FQfIVh4dMCeQyMuZ3yrjTUcF%2BSvuhqxfnGZF0LwCoZGlXQsIeYAfxXQY1u59EqWaLIqZb3d7d0aAcs9GR2Oy23N5x4ddP95fdstDgP%2FSxa5qsVMod2nYklyTRfBZ1w67GhAEYMVbRE7Q%2BSqmzqo94AcT1D3oYMz%2FJQ
INFO: [ app_begin ] --START--
INFO: Run ReadHtmlCache Behavior [ RunTime:0.000984s ]
INFO: [ app_begin ] --END-- [ RunTime:0.001078s ]
NOTIC: [8] Constant UC_CLIENT_VERSION already defined D:\wwwroot\mainweb\sdk\api\UcApi\Lib\Action\IndexAction.class.php 第 4 行.
NOTIC: [8] Constant UC_CLIENT_RELEASE already defined D:\wwwroot\mainweb\sdk\api\UcApi\Lib\Action\IndexAction.class.php 第 5 行.
NOTIC: [2048] Only variables should be passed by reference D:\wwwroot\mainweb\sdk\api\UcApi\Lib\Action\IndexAction.class.php 第 63 行.
NOTIC: [8] Constant API_RETURN_FAILED already defined D:\wwwroot\mainweb\sdk\uc_client\model\note.php 第 16 行.
SQL: SHOW COLUMNS FROM `sdk_accounts` [ RunTime:0.002520s ]
SQL: SELECT * FROM `sdk_accounts` WHERE ( `account_id` = 2288 ) LIMIT 1   [ RunTime:0.000617s ]

[ 2013-11-16T08:37:11+08:00 ] 192.168.175.103 /api/uc.php?time=1384562230&code=a025VAJcBlzwemq5ZSdddU8GC%2Bk3domBaqOUJbuYfxyAWV7xBBKPrwQAUGHfCpQQiQlazYUYtau%2BrWJ2oIdkdk%2BfkSF3rty3n2EEeMr6UkHNLIdevWUwzFwfZKJy2rnWM9UyDCiBO45gR4i%2BzUJaonIpR4pCYfr2%2BA5ABX4p
INFO: [ app_begin ] --START--
INFO: Run ReadHtmlCache Behavior [ RunTime:0.000872s ]
INFO: [ app_begin ] --END-- [ RunTime:0.000963s ]
NOTIC: [8] Constant UC_CLIENT_VERSION already defined D:\wwwroot\mainweb\sdk\api\UcApi\Lib\Action\IndexAction.class.php 第 4 行.
NOTIC: [8] Constant UC_CLIENT_RELEASE already defined D:\wwwroot\mainweb\sdk\api\UcApi\Lib\Action\IndexAction.class.php 第 5 行.
NOTIC: [2048] Only variables should be passed by reference D:\wwwroot\mainweb\sdk\api\UcApi\Lib\Action\IndexAction.class.php 第 63 行.
NOTIC: [8] Constant API_RETURN_FAILED already defined D:\wwwroot\mainweb\sdk\uc_client\model\note.php 第 16 行.
SQL: SHOW COLUMNS FROM `sdk_accounts` [ RunTime:0.002156s ]
SQL: SELECT * FROM `sdk_accounts` WHERE ( `account_id` = 1537 ) LIMIT 1   [ RunTime:0.000313s ]

[ 2013-11-16T09:37:27+08:00 ] 192.168.200.168 /api/uc.php?time=1384565847&code=2910jrqjlfXT%2BNFYTVDH3aglU3sYefxlevOCOmiwefSNGxbqAPa81x69ORTqrqmIoHHoYHxBNmg0bcL1yTS3la9zLTnav%2FDyP5v0CZOjqoMm07QcLiQSd%2FYkrMTNK7xDD3RSLKCToFsil%2FMj38UxPGuKGYRNX4ZlKJtAu7JilWlr7A
INFO: [ app_begin ] --START--
INFO: Run ReadHtmlCache Behavior [ RunTime:0.001672s ]
INFO: [ app_begin ] --END-- [ RunTime:0.001762s ]
NOTIC: [8] Constant UC_CLIENT_VERSION already defined D:\wwwroot\mainweb\sdk\api\UcApi\Lib\Action\IndexAction.class.php 第 4 行.
NOTIC: [8] Constant UC_CLIENT_RELEASE already defined D:\wwwroot\mainweb\sdk\api\UcApi\Lib\Action\IndexAction.class.php 第 5 行.
NOTIC: [2048] Only variables should be passed by reference D:\wwwroot\mainweb\sdk\api\UcApi\Lib\Action\IndexAction.class.php 第 63 行.
NOTIC: [8] Constant API_RETURN_FAILED already defined D:\wwwroot\mainweb\sdk\uc_client\model\note.php 第 16 行.
SQL: SHOW COLUMNS FROM `sdk_accounts` [ RunTime:0.002297s ]
SQL: SELECT * FROM `sdk_accounts` WHERE ( `account_id` = 2056 ) LIMIT 1   [ RunTime:0.000425s ]

[ 2013-11-16T09:44:13+08:00 ] 192.168.200.168 /api/uc.php?time=1384566253&code=5cf48jr2OkNtUFOeYQCYhc1x4e0C6J2E9mddCs9CXKQpO2hbEC%2BaWF8Mpi3LKP4OFj5fg0gUZclHtiC%2BxX%2BhuZIDkA2W7AA46fAczZi1RbJP20T4ew%2FKIZErcw4n0wDZHDKTnAY%2FpFLe%2FjE8XrIORccKwFy5shyF2NMGwCK5k64q5Q
INFO: [ app_begin ] --START--
INFO: Run ReadHtmlCache Behavior [ RunTime:0.001083s ]
INFO: [ app_begin ] --END-- [ RunTime:0.001176s ]
NOTIC: [8] Constant UC_CLIENT_VERSION already defined D:\wwwroot\mainweb\sdk\api\UcApi\Lib\Action\IndexAction.class.php 第 4 行.
NOTIC: [8] Constant UC_CLIENT_RELEASE already defined D:\wwwroot\mainweb\sdk\api\UcApi\Lib\Action\IndexAction.class.php 第 5 行.
NOTIC: [2048] Only variables should be passed by reference D:\wwwroot\mainweb\sdk\api\UcApi\Lib\Action\IndexAction.class.php 第 63 行.
NOTIC: [8] Constant API_RETURN_FAILED already defined D:\wwwroot\mainweb\sdk\uc_client\model\note.php 第 16 行.
SQL: SHOW COLUMNS FROM `sdk_accounts` [ RunTime:0.001950s ]
SQL: SELECT * FROM `sdk_accounts` WHERE ( `account_id` = 2056 ) LIMIT 1   [ RunTime:0.000251s ]

[ 2013-11-16T12:12:23+08:00 ] 192.168.159.71 /api/uc.php?time=1384575142&code=6fc8NO7eSEpnnM%2FHEBkPyga8po6AGRDj%2Frd%2B%2BJ%2BpKToF%2Bqhd0MgYet9AT2Z7uJTk3aQ5e8gsoZHhFtqi9E4vR0bUqPUOr32JwHLa55Ecf9Sp9Ph8tb49sOEaeIO1RVQXF0RIP%2Bz3aSE7GzJgpGoMOUTZyIhcpejgRk%2BF
INFO: [ app_begin ] --START--
INFO: Run ReadHtmlCache Behavior [ RunTime:0.000715s ]
INFO: [ app_begin ] --END-- [ RunTime:0.000812s ]
NOTIC: [8] Constant UC_CLIENT_VERSION already defined D:\wwwroot\mainweb\sdk\api\UcApi\Lib\Action\IndexAction.class.php 第 4 行.
NOTIC: [8] Constant UC_CLIENT_RELEASE already defined D:\wwwroot\mainweb\sdk\api\UcApi\Lib\Action\IndexAction.class.php 第 5 行.
NOTIC: [2048] Only variables should be passed by reference D:\wwwroot\mainweb\sdk\api\UcApi\Lib\Action\IndexAction.class.php 第 63 行.
NOTIC: [8] Constant API_RETURN_FAILED already defined D:\wwwroot\mainweb\sdk\uc_client\model\note.php 第 16 行.
SQL: SHOW COLUMNS FROM `sdk_accounts` [ RunTime:0.002254s ]
SQL: SELECT * FROM `sdk_accounts` WHERE ( `account_id` = 990 ) LIMIT 1   [ RunTime:0.000368s ]

[ 2013-11-16T12:48:09+08:00 ] 172.16.96.67 /api/uc.php?time=1384577289&code=23318wVmv%2BseEs%2F8k5WLrbsJ1n4S9c%2FTJ54eAabRvZDXJje3f5MPXoSNIebiQw8%2Fp7vVAE55t1V9wk1HECJci6DL6RISu46eRiqkm2gCZ2%2BTHrm2goywdCej6B2fdJXqNwa3U1BYr73q6QCytDHUoRwRDg15co4l01iC4ijHTg
INFO: [ app_begin ] --START--
INFO: Run ReadHtmlCache Behavior [ RunTime:0.001037s ]
INFO: [ app_begin ] --END-- [ RunTime:0.001129s ]
NOTIC: [8] Constant UC_CLIENT_VERSION already defined D:\wwwroot\mainweb\sdk\api\UcApi\Lib\Action\IndexAction.class.php 第 4 行.
NOTIC: [8] Constant UC_CLIENT_RELEASE already defined D:\wwwroot\mainweb\sdk\api\UcApi\Lib\Action\IndexAction.class.php 第 5 行.
NOTIC: [2048] Only variables should be passed by reference D:\wwwroot\mainweb\sdk\api\UcApi\Lib\Action\IndexAction.class.php 第 63 行.
NOTIC: [8] Constant API_RETURN_FAILED already defined D:\wwwroot\mainweb\sdk\uc_client\model\note.php 第 16 行.
SQL: SHOW COLUMNS FROM `sdk_accounts` [ RunTime:0.002628s ]
SQL: SELECT * FROM `sdk_accounts` WHERE ( `account_id` = 1176 ) LIMIT 1   [ RunTime:0.000601s ]

[ 2013-11-16T13:11:11+08:00 ] 192.168.203.89 /api/uc.php?time=1384578671&code=febfeSaRtcNa3e%2F8Z1AEUHqffOF%2FqqJi9KfFwkvhE5fAJOjs8VoLXbB15DRR3oHVXspDTjCRgBfJ88CK19f9H4F5T6NKALmmet%2BCJlSDgUHx7sUKwpgBpsdP4AtFG85DxMSlCDYxCoJDYx9Z%2FYZlr44qVmG90XYgCci1xp7QJ35p
INFO: [ app_begin ] --START--
INFO: Run ReadHtmlCache Behavior [ RunTime:0.000979s ]
INFO: [ app_begin ] --END-- [ RunTime:0.001070s ]
NOTIC: [8] Constant UC_CLIENT_VERSION already defined D:\wwwroot\mainweb\sdk\api\UcApi\Lib\Action\IndexAction.class.php 第 4 行.
NOTIC: [8] Constant UC_CLIENT_RELEASE already defined D:\wwwroot\mainweb\sdk\api\UcApi\Lib\Action\IndexAction.class.php 第 5 行.
NOTIC: [2048] Only variables should be passed by reference D:\wwwroot\mainweb\sdk\api\UcApi\Lib\Action\IndexAction.class.php 第 63 行.
NOTIC: [8] Constant API_RETURN_FAILED already defined D:\wwwroot\mainweb\sdk\uc_client\model\note.php 第 16 行.
SQL: SHOW COLUMNS FROM `sdk_accounts` [ RunTime:0.002267s ]
SQL: SELECT * FROM `sdk_accounts` WHERE ( `account_id` = 719 ) LIMIT 1   [ RunTime:0.000451s ]

[ 2013-11-16T13:48:46+08:00 ] 172.16.97.24 /api/uc.php?time=1384580926&code=f48dyTo%2Bby6SMLWojaT%2FYxj%2FQ%2BDByN789jTTTJKhdV2rvPOxf9nR9lmqYLte3vfXNOBqfrAFCTpF0ub8mzdJzf8o3puADqvk4AFYdfjXJnN1n2cdlylrSsddazkOVO4yfe7iMXbJ5PzYUVNofcq0%2FOIiNyz0k3hiGzz7h4b8zg
INFO: [ app_begin ] --START--
INFO: Run ReadHtmlCache Behavior [ RunTime:0.001108s ]
INFO: [ app_begin ] --END-- [ RunTime:0.001199s ]
NOTIC: [8] Constant UC_CLIENT_VERSION already defined D:\wwwroot\mainweb\sdk\api\UcApi\Lib\Action\IndexAction.class.php 第 4 行.
NOTIC: [8] Constant UC_CLIENT_RELEASE already defined D:\wwwroot\mainweb\sdk\api\UcApi\Lib\Action\IndexAction.class.php 第 5 行.
NOTIC: [2048] Only variables should be passed by reference D:\wwwroot\mainweb\sdk\api\UcApi\Lib\Action\IndexAction.class.php 第 63 行.
NOTIC: [8] Constant API_RETURN_FAILED already defined D:\wwwroot\mainweb\sdk\uc_client\model\note.php 第 16 行.
SQL: SHOW COLUMNS FROM `sdk_accounts` [ RunTime:0.002447s ]
SQL: SELECT * FROM `sdk_accounts` WHERE ( `account_id` = 2552 ) LIMIT 1   [ RunTime:0.000589s ]

[ 2013-11-16T13:48:54+08:00 ] 172.16.97.24 /api/uc.php?time=1384580934&code=de11I0qTVpntsGuvzTp8fs6EM%2FIcm8E%2BlSY5e6jH%2Brq5ABYHqzkJITXdopxmkGBrjDLiVqjUsSy28hOCmEzoTgsddcAkOVAprgiT6XDtdwiaVXR6ZW4xUcGew4yQRchk%2BcIXXrgMezvbNCnkPROwQZHtj6zZlXX46CPnhpPIDw
INFO: [ app_begin ] --START--
INFO: Run ReadHtmlCache Behavior [ RunTime:0.000923s ]
INFO: [ app_begin ] --END-- [ RunTime:0.001013s ]
NOTIC: [8] Constant UC_CLIENT_VERSION already defined D:\wwwroot\mainweb\sdk\api\UcApi\Lib\Action\IndexAction.class.php 第 4 行.
NOTIC: [8] Constant UC_CLIENT_RELEASE already defined D:\wwwroot\mainweb\sdk\api\UcApi\Lib\Action\IndexAction.class.php 第 5 行.
NOTIC: [2048] Only variables should be passed by reference D:\wwwroot\mainweb\sdk\api\UcApi\Lib\Action\IndexAction.class.php 第 63 行.
NOTIC: [8] Constant API_RETURN_FAILED already defined D:\wwwroot\mainweb\sdk\uc_client\model\note.php 第 16 行.
SQL: SHOW COLUMNS FROM `sdk_accounts` [ RunTime:0.002103s ]
SQL: SELECT * FROM `sdk_accounts` WHERE ( `account_id` = 2552 ) LIMIT 1   [ RunTime:0.000238s ]

[ 2013-11-16T13:54:31+08:00 ] 172.16.97.50 /api/uc.php?time=1384581271&code=09722j%2FZ%2FWha7i3e3qoxk%2FEaGA2zxQnTx25Eq5tW%2BCNM2AbacernWFvmoqlS%2BnQBCYqN%2B6G3KMJjDMJuzXTuD9gyGoEcHnz8G56YmDmLqqJiXk6tGdxZOh%2BEWUZtlyOmbCdwdcJ%2FhhlwudxkglxS51pIS92nC1oImMuBono3
INFO: [ app_begin ] --START--
INFO: Run ReadHtmlCache Behavior [ RunTime:0.001106s ]
INFO: [ app_begin ] --END-- [ RunTime:0.001196s ]
NOTIC: [8] Constant UC_CLIENT_VERSION already defined D:\wwwroot\mainweb\sdk\api\UcApi\Lib\Action\IndexAction.class.php 第 4 行.
NOTIC: [8] Constant UC_CLIENT_RELEASE already defined D:\wwwroot\mainweb\sdk\api\UcApi\Lib\Action\IndexAction.class.php 第 5 行.
NOTIC: [2048] Only variables should be passed by reference D:\wwwroot\mainweb\sdk\api\UcApi\Lib\Action\IndexAction.class.php 第 63 行.
NOTIC: [8] Constant API_RETURN_FAILED already defined D:\wwwroot\mainweb\sdk\uc_client\model\note.php 第 16 行.
SQL: SHOW COLUMNS FROM `sdk_accounts` [ RunTime:0.002057s ]
SQL: SELECT * FROM `sdk_accounts` WHERE ( `account_id` = 1942 ) LIMIT 1   [ RunTime:0.000435s ]

[ 2013-11-16T14:02:09+08:00 ] 192.168.164.85 /api/uc.php?time=1384581729&code=944dvCP0kfDI%2FdZjM7F%2F6JL3qLWe7GVTbLFwDdARcuDA6htG5oVdH6O0AL6L8GIWOHsn8866MWhkB85fWmNJt%2B11piAWa%2BuxpVGR2C3FNmh3s7ObjgJustJ9gUz9UMFNB12JswpZWdm24qUdOw2wLpQE6fWgi5%2BDMD%2F4CXgY
INFO: [ app_begin ] --START--
INFO: Run ReadHtmlCache Behavior [ RunTime:0.000700s ]
INFO: [ app_begin ] --END-- [ RunTime:0.000792s ]
NOTIC: [8] Constant UC_CLIENT_VERSION already defined D:\wwwroot\mainweb\sdk\api\UcApi\Lib\Action\IndexAction.class.php 第 4 行.
NOTIC: [8] Constant UC_CLIENT_RELEASE already defined D:\wwwroot\mainweb\sdk\api\UcApi\Lib\Action\IndexAction.class.php 第 5 行.
NOTIC: [2048] Only variables should be passed by reference D:\wwwroot\mainweb\sdk\api\UcApi\Lib\Action\IndexAction.class.php 第 63 行.
NOTIC: [8] Constant API_RETURN_FAILED already defined D:\wwwroot\mainweb\sdk\uc_client\model\note.php 第 16 行.
SQL: SHOW COLUMNS FROM `sdk_accounts` [ RunTime:0.001943s ]
SQL: SELECT * FROM `sdk_accounts` WHERE ( `account_id` = 757 ) LIMIT 1   [ RunTime:0.000317s ]

[ 2013-11-16T15:29:09+08:00 ] 116.21.146.54 /api/uc.php?time=1384586944&code=788dhmLKqruQassf%2BZ%2FvrhAmYVox5AI7ySZhMtfO8uznvJRHl2nojC3VFZhKa9DTbPnkUpTNqvxlrdVoDN1erkhM0kXuAExivZZqh9yrc%2BhJWg7x32EOK1zAlkEAGC8qoQxk631XPzF01O%2BJW22N9jDrqCVkWFl90amd8y8%2Fpjaruw
INFO: [ app_begin ] --START--
INFO: Run ReadHtmlCache Behavior [ RunTime:0.001029s ]
INFO: [ app_begin ] --END-- [ RunTime:0.001124s ]
NOTIC: [8] Constant UC_CLIENT_VERSION already defined D:\wwwroot\mainweb\sdk\api\UcApi\Lib\Action\IndexAction.class.php 第 4 行.
NOTIC: [8] Constant UC_CLIENT_RELEASE already defined D:\wwwroot\mainweb\sdk\api\UcApi\Lib\Action\IndexAction.class.php 第 5 行.
NOTIC: [2048] Only variables should be passed by reference D:\wwwroot\mainweb\sdk\api\UcApi\Lib\Action\IndexAction.class.php 第 63 行.
NOTIC: [8] Constant API_RETURN_FAILED already defined D:\wwwroot\mainweb\sdk\uc_client\model\note.php 第 16 行.
SQL: SHOW COLUMNS FROM `sdk_accounts` [ RunTime:0.002304s ]
SQL: SELECT * FROM `sdk_accounts` WHERE ( `account_id` = 1758 ) LIMIT 1   [ RunTime:0.000445s ]

[ 2013-11-16T15:33:22+08:00 ] 192.168.139.26 /api/uc.php?time=1384587201&code=c4fa%2BXnq2gqpaZqykbaNBOBXQ4v%2FmuNNYtTVQZM5F5O0bvS%2FSzcXqjEbb5%2FzQqpouNKww9qaRBEk5FnmOd2murmtrRB%2FBwZrUPfo89bOi4jt7NdEiEa3L80%2F6x9gYvIbnGnE2Aw%2FaYnerOPI2u2W5xksDxqN%2BAJroAKWg238
INFO: [ app_begin ] --START--
INFO: Run ReadHtmlCache Behavior [ RunTime:0.000712s ]
INFO: [ app_begin ] --END-- [ RunTime:0.000806s ]
NOTIC: [8] Constant UC_CLIENT_VERSION already defined D:\wwwroot\mainweb\sdk\api\UcApi\Lib\Action\IndexAction.class.php 第 4 行.
NOTIC: [8] Constant UC_CLIENT_RELEASE already defined D:\wwwroot\mainweb\sdk\api\UcApi\Lib\Action\IndexAction.class.php 第 5 行.
NOTIC: [2048] Only variables should be passed by reference D:\wwwroot\mainweb\sdk\api\UcApi\Lib\Action\IndexAction.class.php 第 63 行.
NOTIC: [8] Constant API_RETURN_FAILED already defined D:\wwwroot\mainweb\sdk\uc_client\model\note.php 第 16 行.
SQL: SHOW COLUMNS FROM `sdk_accounts` [ RunTime:0.002091s ]
SQL: SELECT * FROM `sdk_accounts` WHERE ( `account_id` = 2106 ) LIMIT 1   [ RunTime:0.000563s ]

[ 2013-11-16T15:44:35+08:00 ] 192.168.135.79 /api/uc.php?time=1384587874&code=1143zOmgQuOOEomDrVY97fr1OzUDQed2jPqiFaFGFqWaz25ccU36HEoWnG%2BQroCu5WC2Q8%2FxX46deqQhadFDfZOYsq84peShr4vL5yr%2Bs3PfsVncijoZU70ECvaPiT5BX1UEbjzFEobjJeXGOXFQoLARjbyQ85x5CECUPcs
INFO: [ app_begin ] --START--
INFO: Run ReadHtmlCache Behavior [ RunTime:0.001041s ]
INFO: [ app_begin ] --END-- [ RunTime:0.001135s ]
NOTIC: [8] Constant UC_CLIENT_VERSION already defined D:\wwwroot\mainweb\sdk\api\UcApi\Lib\Action\IndexAction.class.php 第 4 行.
NOTIC: [8] Constant UC_CLIENT_RELEASE already defined D:\wwwroot\mainweb\sdk\api\UcApi\Lib\Action\IndexAction.class.php 第 5 行.
NOTIC: [2048] Only variables should be passed by reference D:\wwwroot\mainweb\sdk\api\UcApi\Lib\Action\IndexAction.class.php 第 63 行.
NOTIC: [8] Constant API_RETURN_FAILED already defined D:\wwwroot\mainweb\sdk\uc_client\model\note.php 第 16 行.
SQL: SHOW COLUMNS FROM `sdk_accounts` [ RunTime:0.002803s ]
SQL: SELECT * FROM `sdk_accounts` WHERE ( `account_id` = 846 ) LIMIT 1   [ RunTime:0.000674s ]

[ 2013-11-16T18:09:54+08:00 ] 192.168.202.235 /api/uc.php?time=1384596594&code=48e00j4R5hjq%2FcZfpABCMrMChaEKM5fOwwPiAQr1mQhLJPS%2ByE0J4uJQLRaCbg8q3meYOwZnvbGc9A6EfhNVKsdIS0nHGD5Fp7poQrLpsPZ4joWOP60hp3xEnvKAEMCYkzDf5Wx1U7HB8jRARbeDHAJEeGzRd3BBWdZXcmGVAmm6
INFO: [ app_begin ] --START--
INFO: Run ReadHtmlCache Behavior [ RunTime:0.000750s ]
INFO: [ app_begin ] --END-- [ RunTime:0.000844s ]
NOTIC: [8] Constant UC_CLIENT_VERSION already defined D:\wwwroot\mainweb\sdk\api\UcApi\Lib\Action\IndexAction.class.php 第 4 行.
NOTIC: [8] Constant UC_CLIENT_RELEASE already defined D:\wwwroot\mainweb\sdk\api\UcApi\Lib\Action\IndexAction.class.php 第 5 行.
NOTIC: [2048] Only variables should be passed by reference D:\wwwroot\mainweb\sdk\api\UcApi\Lib\Action\IndexAction.class.php 第 63 行.
NOTIC: [8] Constant API_RETURN_FAILED already defined D:\wwwroot\mainweb\sdk\uc_client\model\note.php 第 16 行.
SQL: SHOW COLUMNS FROM `sdk_accounts` [ RunTime:0.002263s ]
SQL: SELECT * FROM `sdk_accounts` WHERE ( `account_id` = 1317 ) LIMIT 1   [ RunTime:0.000415s ]

[ 2013-11-16T18:14:51+08:00 ] 192.168.143.211 /api/uc.php?time=1384596890&code=3ea3fBKF244KaEbo1Oz%2B7%2Fx49RPXjeoEZECgsiEXnEC6FtyZrE5EUmsKFQ8bjY2pDLTjc7J1pp71BBxB5cfcdMFgX%2Buwsfb1931Fu78pv73DuVL89UCt7lWYErwdX8bHwMbMrF%2Bh4Y%2BXmFV%2FGOXQiAk5q77Ij3mNzrXfI9Ywz4JY
INFO: [ app_begin ] --START--
INFO: Run ReadHtmlCache Behavior [ RunTime:0.000724s ]
INFO: [ app_begin ] --END-- [ RunTime:0.000818s ]
NOTIC: [8] Constant UC_CLIENT_VERSION already defined D:\wwwroot\mainweb\sdk\api\UcApi\Lib\Action\IndexAction.class.php 第 4 行.
NOTIC: [8] Constant UC_CLIENT_RELEASE already defined D:\wwwroot\mainweb\sdk\api\UcApi\Lib\Action\IndexAction.class.php 第 5 行.
NOTIC: [2048] Only variables should be passed by reference D:\wwwroot\mainweb\sdk\api\UcApi\Lib\Action\IndexAction.class.php 第 63 行.
NOTIC: [8] Constant API_RETURN_FAILED already defined D:\wwwroot\mainweb\sdk\uc_client\model\note.php 第 16 行.
SQL: SHOW COLUMNS FROM `sdk_accounts` [ RunTime:0.002053s ]
SQL: SELECT * FROM `sdk_accounts` WHERE ( `account_id` = 405 ) LIMIT 1   [ RunTime:0.000420s ]

[ 2013-11-16T18:29:37+08:00 ] 192.168.177.143 /api/uc.php?time=1384597776&code=6f93OEIvXAP%2BuCfpG%2FfDwI2552mygi3qC82b0ZG2GWTdwF%2BdlJb3fXIfkRbBebdCsej0BIo3JTcXrCOuA3fyKHJhlfqMyK3J6gV%2BbiaWSDjBZx6m5r%2FITm62CtwbW2gxI3HtCad%2FI94RdltVrsaydRyobAWMLjf0doCL%2FZ10Hy%2BRrA
INFO: [ app_begin ] --START--
INFO: Run ReadHtmlCache Behavior [ RunTime:0.001036s ]
INFO: [ app_begin ] --END-- [ RunTime:0.001130s ]
NOTIC: [8] Constant UC_CLIENT_VERSION already defined D:\wwwroot\mainweb\sdk\api\UcApi\Lib\Action\IndexAction.class.php 第 4 行.
NOTIC: [8] Constant UC_CLIENT_RELEASE already defined D:\wwwroot\mainweb\sdk\api\UcApi\Lib\Action\IndexAction.class.php 第 5 行.
NOTIC: [2048] Only variables should be passed by reference D:\wwwroot\mainweb\sdk\api\UcApi\Lib\Action\IndexAction.class.php 第 63 行.
NOTIC: [8] Constant API_RETURN_FAILED already defined D:\wwwroot\mainweb\sdk\uc_client\model\note.php 第 16 行.
SQL: SHOW COLUMNS FROM `sdk_accounts` [ RunTime:0.002086s ]
SQL: SELECT * FROM `sdk_accounts` WHERE ( `account_id` = 1058 ) LIMIT 1   [ RunTime:0.000457s ]

[ 2013-11-16T20:30:55+08:00 ] 192.168.178.81 /api/uc.php?time=1384605055&code=a748H8O3%2FWRKH%2FKpNHkzoAynGnycoPizMUB%2BpTJMbzh9hsH3wVnsvSaNzzNHI0vT6tAqF61P%2F6kilMR2beVl%2Bj4bDSpgPKNYWbu%2F6%2FtJIjKdXoonBILasZ4T%2B53NB19lYLDWQFe9UtQ92SZWmiTqxTRCTw0kmQISweZ5LpHZhniRY7M
INFO: [ app_begin ] --START--
INFO: Run ReadHtmlCache Behavior [ RunTime:0.000710s ]
INFO: [ app_begin ] --END-- [ RunTime:0.000800s ]
NOTIC: [8] Constant UC_CLIENT_VERSION already defined D:\wwwroot\mainweb\sdk\api\UcApi\Lib\Action\IndexAction.class.php 第 4 行.
NOTIC: [8] Constant UC_CLIENT_RELEASE already defined D:\wwwroot\mainweb\sdk\api\UcApi\Lib\Action\IndexAction.class.php 第 5 行.
NOTIC: [2048] Only variables should be passed by reference D:\wwwroot\mainweb\sdk\api\UcApi\Lib\Action\IndexAction.class.php 第 63 行.
NOTIC: [8] Constant API_RETURN_FAILED already defined D:\wwwroot\mainweb\sdk\uc_client\model\note.php 第 16 行.
SQL: SHOW COLUMNS FROM `sdk_accounts` [ RunTime:0.002000s ]
SQL: SELECT * FROM `sdk_accounts` WHERE ( `account_id` = 2502 ) LIMIT 1   [ RunTime:0.000283s ]

[ 2013-11-16T20:50:55+08:00 ] 192.168.206.23 /api/uc.php?time=1384606255&code=2c86d7KGaIR5aNrtExIDyRsb977YRfv%2BjJhiFCMJfPRiB4wh9gAYmHdJCHp1ye%2Fes8e92fKjRdWi%2B0JoXmZ2jYTFROAlA4szwHchtEHRAjOjw08RvQ9bOWQZu4xDhG%2FEVdsiIJpzfhQgjCsEd9m7PPZY2BrpTgB0mJaTt8f6uf6l
INFO: [ app_begin ] --START--
INFO: Run ReadHtmlCache Behavior [ RunTime:0.000814s ]
INFO: [ app_begin ] --END-- [ RunTime:0.000917s ]
NOTIC: [8] Constant UC_CLIENT_VERSION already defined D:\wwwroot\mainweb\sdk\api\UcApi\Lib\Action\IndexAction.class.php 第 4 行.
NOTIC: [8] Constant UC_CLIENT_RELEASE already defined D:\wwwroot\mainweb\sdk\api\UcApi\Lib\Action\IndexAction.class.php 第 5 行.
NOTIC: [2048] Only variables should be passed by reference D:\wwwroot\mainweb\sdk\api\UcApi\Lib\Action\IndexAction.class.php 第 63 行.
NOTIC: [8] Constant API_RETURN_FAILED already defined D:\wwwroot\mainweb\sdk\uc_client\model\note.php 第 16 行.
SQL: SHOW COLUMNS FROM `sdk_accounts` [ RunTime:0.002126s ]
SQL: SELECT * FROM `sdk_accounts` WHERE ( `account_id` = 1597 ) LIMIT 1   [ RunTime:0.000386s ]

[ 2013-11-16T21:21:10+08:00 ] 192.168.201.154 /api/uc.php?time=1384608070&code=5bbfL35Nt6cYavTgx0uBpPf%2FP94iLdtVyLV9Bnb4W1gNdYIUbttu5%2BhQCkzuMgmE0wTlGlJBqYkD6Hvv6%2B0bETaGaNN%2Fdu8ahR2Lo8XnbrZUWKFky1PgXefCXTJdcmsoNXXfF92%2Bs0yw4Zw67Hos5FHimPZeUwralJPfI%2Bs
INFO: [ app_begin ] --START--
INFO: Run ReadHtmlCache Behavior [ RunTime:0.000714s ]
INFO: [ app_begin ] --END-- [ RunTime:0.000803s ]
NOTIC: [8] Constant UC_CLIENT_VERSION already defined D:\wwwroot\mainweb\sdk\api\UcApi\Lib\Action\IndexAction.class.php 第 4 行.
NOTIC: [8] Constant UC_CLIENT_RELEASE already defined D:\wwwroot\mainweb\sdk\api\UcApi\Lib\Action\IndexAction.class.php 第 5 行.
NOTIC: [2048] Only variables should be passed by reference D:\wwwroot\mainweb\sdk\api\UcApi\Lib\Action\IndexAction.class.php 第 63 行.
NOTIC: [8] Constant API_RETURN_FAILED already defined D:\wwwroot\mainweb\sdk\uc_client\model\note.php 第 16 行.
SQL: SHOW COLUMNS FROM `sdk_accounts` [ RunTime:0.002246s ]
SQL: SELECT * FROM `sdk_accounts` WHERE ( `account_id` = 1750 ) LIMIT 1   [ RunTime:0.000455s ]

[ 2013-11-16T23:15:47+08:00 ] 192.168.201.86 /api/uc.php?time=1384614947&code=5ba3VmwCz8mtIhVAAkY6IHC73Brw8KR7rWfHi7oBjF%2FLjjy%2BlggmpFHCl3Qin9j3gk%2BF0sk7YOe23d6IN%2BlHPjm5SKuf5vTWN0a%2B0Tu4Fi%2BGvIia3vP4nqD6NqCtfM74%2FDfLJUavSNyD%2FsLO7ViJJUdsDGxUDksnmOgYWqyWTr7Ilg
INFO: [ app_begin ] --START--
INFO: Run ReadHtmlCache Behavior [ RunTime:0.000739s ]
INFO: [ app_begin ] --END-- [ RunTime:0.000831s ]
NOTIC: [8] Constant UC_CLIENT_VERSION already defined D:\wwwroot\mainweb\sdk\api\UcApi\Lib\Action\IndexAction.class.php 第 4 行.
NOTIC: [8] Constant UC_CLIENT_RELEASE already defined D:\wwwroot\mainweb\sdk\api\UcApi\Lib\Action\IndexAction.class.php 第 5 行.
NOTIC: [2048] Only variables should be passed by reference D:\wwwroot\mainweb\sdk\api\UcApi\Lib\Action\IndexAction.class.php 第 63 行.
NOTIC: [8] Constant API_RETURN_FAILED already defined D:\wwwroot\mainweb\sdk\uc_client\model\note.php 第 16 行.
SQL: SHOW COLUMNS FROM `sdk_accounts` [ RunTime:0.002119s ]
SQL: SELECT * FROM `sdk_accounts` WHERE ( `account_id` = 2288 ) LIMIT 1   [ RunTime:0.000358s ]

