[ 2013-12-27T00:07:00+08:00 ] 192.168.136.130 /api/uc.php?time=1388074019&code=353fso4Jh%2Bmqm5in6lSe7CQcwPryfuW0xrtyO7%2BbQaplsrENeaFgcjfFNjXYxvxrwv7w7vqMA8EhvccBfYa1U3Tkx9%2BhBNfb4aSXJ4cwUbB1%2FZ7G%2BWzM04LMMwoq2awAtUIn9zE9Wx%2FxG2SX2YRtJGEWhTT1z%2FQ6TnqQYBptWtx7cw
INFO: [ app_begin ] --START--
INFO: Run ReadHtmlCache Behavior [ RunTime:0.001344s ]
INFO: [ app_begin ] --END-- [ RunTime:0.001458s ]
NOTIC: [8] Constant UC_CLIENT_VERSION already defined D:\wwwroot\mainweb\sdk\api\UcApi\Lib\Action\IndexAction.class.php 第 4 行.
NOTIC: [8] Constant UC_CLIENT_RELEASE already defined D:\wwwroot\mainweb\sdk\api\UcApi\Lib\Action\IndexAction.class.php 第 5 行.
NOTIC: [2048] Only variables should be passed by reference D:\wwwroot\mainweb\sdk\api\UcApi\Lib\Action\IndexAction.class.php 第 63 行.
NOTIC: [8] Constant API_RETURN_FAILED already defined D:\wwwroot\mainweb\sdk\uc_client\model\note.php 第 16 行.
SQL: SHOW COLUMNS FROM `sdk_accounts` [ RunTime:0.002141s ]
SQL: SELECT * FROM `sdk_accounts` WHERE ( `account_id` = 2318 ) LIMIT 1   [ RunTime:0.000515s ]

[ 2013-12-27T10:52:01+08:00 ] 183.61.109.198 /api/uc.php?time=1388112720&code=8f08pPV%2B40lFJTR3LwW7LIRGrUazVneBhCjs4G%2Bfn5FFit803dwX3zy%2BMsUny7tgAP4ibv8Q1k%2FMeiHvdxp%2FehEiVp3KzTDtNQdCyKqxBsAJb53kSgiiihJCX%2Bh%2FKBFe8n%2B6JMfb3Ibebitfzg1H%2BcwEaMecT7xPQj4
INFO: [ app_begin ] --START--
INFO: Run ReadHtmlCache Behavior [ RunTime:0.001074s ]
INFO: [ app_begin ] --END-- [ RunTime:0.001163s ]
NOTIC: [8] Constant UC_CLIENT_VERSION already defined D:\wwwroot\mainweb\sdk\api\UcApi\Lib\Action\IndexAction.class.php 第 4 行.
NOTIC: [8] Constant UC_CLIENT_RELEASE already defined D:\wwwroot\mainweb\sdk\api\UcApi\Lib\Action\IndexAction.class.php 第 5 行.
NOTIC: [2048] Only variables should be passed by reference D:\wwwroot\mainweb\sdk\api\UcApi\Lib\Action\IndexAction.class.php 第 63 行.
NOTIC: [8] Constant API_RETURN_FAILED already defined D:\wwwroot\mainweb\sdk\uc_client\model\note.php 第 16 行.
SQL: SHOW COLUMNS FROM `sdk_accounts` [ RunTime:0.002146s ]
SQL: SELECT * FROM `sdk_accounts` WHERE ( `account_id` = 4 ) LIMIT 1   [ RunTime:0.000544s ]

[ 2013-12-27T11:00:13+08:00 ] 202.116.192.50 /api/uc.php?code=7a14nKw6nWZlfVf4LeQhTC07qY75ed77180KS3RN8Vt7gerSg4wNYZAq3IpWe6O3Eugqsstu%2B7o
INFO: [ app_begin ] --START--
INFO: Run ReadHtmlCache Behavior [ RunTime:0.001131s ]
INFO: [ app_begin ] --END-- [ RunTime:0.001221s ]
NOTIC: [8] Constant UC_CLIENT_VERSION already defined D:\wwwroot\mainweb\sdk\api\UcApi\Lib\Action\IndexAction.class.php 第 4 行.
NOTIC: [8] Constant UC_CLIENT_RELEASE already defined D:\wwwroot\mainweb\sdk\api\UcApi\Lib\Action\IndexAction.class.php 第 5 行.
NOTIC: [2048] Only variables should be passed by reference D:\wwwroot\mainweb\sdk\api\UcApi\Lib\Action\IndexAction.class.php 第 63 行.

[ 2013-12-27T11:03:35+08:00 ] 183.61.109.198 /api/uc.php?time=1388113411&code=0c48uiR8aVG%2FkjD9vCRlmN5Gscd8xrCfTLpSUo6oaJQObNDbDlUJcoTh7BOFAnFU8w06RdLHooBNbijgkf7oNcIfJspeMzU9ma%2B7l1LSzt7bmImrXF3R5dEA9R5BdShnCyv%2FelMzN7dJK4z5Q1pTiakhRnK2F4vY45s
INFO: [ app_begin ] --START--
INFO: Run ReadHtmlCache Behavior [ RunTime:0.001068s ]
INFO: [ app_begin ] --END-- [ RunTime:0.001157s ]
NOTIC: [8] Constant UC_CLIENT_VERSION already defined D:\wwwroot\mainweb\sdk\api\UcApi\Lib\Action\IndexAction.class.php 第 4 行.
NOTIC: [8] Constant UC_CLIENT_RELEASE already defined D:\wwwroot\mainweb\sdk\api\UcApi\Lib\Action\IndexAction.class.php 第 5 行.
NOTIC: [2048] Only variables should be passed by reference D:\wwwroot\mainweb\sdk\api\UcApi\Lib\Action\IndexAction.class.php 第 63 行.
NOTIC: [8] Constant API_RETURN_FAILED already defined D:\wwwroot\mainweb\sdk\uc_client\model\note.php 第 16 行.
SQL: SHOW COLUMNS FROM `sdk_accounts` [ RunTime:0.002202s ]
SQL: SELECT * FROM `sdk_accounts` WHERE ( `account_id` = 4 ) LIMIT 1   [ RunTime:0.000239s ]

[ 2013-12-27T11:11:29+08:00 ] 192.168.207.3 /api/uc.php?time=1388113889&code=bc7188UKiwT2zCUYd6LjhIsQj3BD48Q3UZ%2BSiDshq9a%2BfIpEWaryedfnzvnsN6g9WkZPOqqXz9RDJ4rNWMFttB2nQRovsvkYfpesIB6GysESsnpU9KZ0dbiIwoN403Z%2BkBilActqOvHAb33z7%2FFbDZMjd2Xk2KIUorVIjxk
INFO: [ app_begin ] --START--
INFO: Run ReadHtmlCache Behavior [ RunTime:0.001177s ]
INFO: [ app_begin ] --END-- [ RunTime:0.001267s ]
NOTIC: [8] Constant UC_CLIENT_VERSION already defined D:\wwwroot\mainweb\sdk\api\UcApi\Lib\Action\IndexAction.class.php 第 4 行.
NOTIC: [8] Constant UC_CLIENT_RELEASE already defined D:\wwwroot\mainweb\sdk\api\UcApi\Lib\Action\IndexAction.class.php 第 5 行.
NOTIC: [2048] Only variables should be passed by reference D:\wwwroot\mainweb\sdk\api\UcApi\Lib\Action\IndexAction.class.php 第 63 行.
NOTIC: [8] Constant API_RETURN_FAILED already defined D:\wwwroot\mainweb\sdk\uc_client\model\note.php 第 16 行.
SQL: SHOW COLUMNS FROM `sdk_accounts` [ RunTime:0.001956s ]
SQL: SELECT * FROM `sdk_accounts` WHERE ( `account_id` = 218 ) LIMIT 1   [ RunTime:0.000419s ]

[ 2013-12-27T11:11:32+08:00 ] 192.168.207.3 /api/uc.php?time=1388113891&code=c13cVpDxe5WTQv4kutCjgXxu1pEWjMErSQK20jTikYYoaLZu2AoTwUfjbb5EO99h8BuuYhyIlne5yS3L1ZVlcvfjJf%2FC2ClbUvjixOhYLaPVPrTl1oyd8sJ8eUTIE3xgnCUEUf6Zl5sTYcKC%2BB%2F129F02oPqSH2yUqi2BNE
INFO: [ app_begin ] --START--
INFO: Run ReadHtmlCache Behavior [ RunTime:0.000915s ]
INFO: [ app_begin ] --END-- [ RunTime:0.001006s ]
NOTIC: [8] Constant UC_CLIENT_VERSION already defined D:\wwwroot\mainweb\sdk\api\UcApi\Lib\Action\IndexAction.class.php 第 4 行.
NOTIC: [8] Constant UC_CLIENT_RELEASE already defined D:\wwwroot\mainweb\sdk\api\UcApi\Lib\Action\IndexAction.class.php 第 5 行.
NOTIC: [2048] Only variables should be passed by reference D:\wwwroot\mainweb\sdk\api\UcApi\Lib\Action\IndexAction.class.php 第 63 行.
NOTIC: [8] Constant API_RETURN_FAILED already defined D:\wwwroot\mainweb\sdk\uc_client\model\note.php 第 16 行.
SQL: SHOW COLUMNS FROM `sdk_accounts` [ RunTime:0.001862s ]
SQL: SELECT * FROM `sdk_accounts` WHERE ( `account_id` = 218 ) LIMIT 1   [ RunTime:0.000159s ]

[ 2013-12-27T11:11:52+08:00 ] 192.168.207.3 /api/uc.php?time=1388113912&code=5284zhKcIHzCH3TWx8cPC6eusfc0ofnjkfN2MTiYMUWbUuBC5Kkh6BOIegUMWYmazPD%2Frrx3HrHruY8VUg
INFO: [ app_begin ] --START--
INFO: Run ReadHtmlCache Behavior [ RunTime:0.001049s ]
INFO: [ app_begin ] --END-- [ RunTime:0.001140s ]
NOTIC: [8] Constant UC_CLIENT_VERSION already defined D:\wwwroot\mainweb\sdk\api\UcApi\Lib\Action\IndexAction.class.php 第 4 行.
NOTIC: [8] Constant UC_CLIENT_RELEASE already defined D:\wwwroot\mainweb\sdk\api\UcApi\Lib\Action\IndexAction.class.php 第 5 行.
NOTIC: [2048] Only variables should be passed by reference D:\wwwroot\mainweb\sdk\api\UcApi\Lib\Action\IndexAction.class.php 第 63 行.

[ 2013-12-27T11:18:18+08:00 ] 192.168.203.103 /api/uc.php?time=1388114297&code=d7f9o2cEPBYF%2FEhJPGwtYu3VvYYMKCfm2RcpgNtgOsYgT%2BPezYxAwPp38bBpdiX%2Fix7YgX1zVUeE3B9B24M5fiGnF36C%2BCjvWlitdDxWQJ6vdnVMYmYHEDRIDk1hO%2FxQADL302tt6tgARQYfh2QwdAJgrPAS0BZX%2BYPuOQ
INFO: [ app_begin ] --START--
INFO: Run ReadHtmlCache Behavior [ RunTime:0.001040s ]
INFO: [ app_begin ] --END-- [ RunTime:0.001133s ]
NOTIC: [8] Constant UC_CLIENT_VERSION already defined D:\wwwroot\mainweb\sdk\api\UcApi\Lib\Action\IndexAction.class.php 第 4 行.
NOTIC: [8] Constant UC_CLIENT_RELEASE already defined D:\wwwroot\mainweb\sdk\api\UcApi\Lib\Action\IndexAction.class.php 第 5 行.
NOTIC: [2048] Only variables should be passed by reference D:\wwwroot\mainweb\sdk\api\UcApi\Lib\Action\IndexAction.class.php 第 63 行.
NOTIC: [8] Constant API_RETURN_FAILED already defined D:\wwwroot\mainweb\sdk\uc_client\model\note.php 第 16 行.
SQL: SHOW COLUMNS FROM `sdk_accounts` [ RunTime:0.002124s ]
SQL: SELECT * FROM `sdk_accounts` WHERE ( `account_id` = 1520 ) LIMIT 1   [ RunTime:0.000457s ]

[ 2013-12-27T11:27:42+08:00 ] 192.168.207.3 /api/uc.php?time=1388114862&code=93ecS9c8oCzP8XXRrGw8v4jKuYSFlVp1QfGTeqqkOKr4T6tODrB5pZHXEghi5LL5cU38svizkOIIh2eBy2jwTYHmrgNuNyZChDyHPybPbZAJMN2fOmVbM4kZFpJLPI8Bjd5PpoylDcojxwMRrYZgS9UNCOtcoSPuD8LiIKU
INFO: [ app_begin ] --START--
INFO: Run ReadHtmlCache Behavior [ RunTime:0.001080s ]
INFO: [ app_begin ] --END-- [ RunTime:0.001171s ]
NOTIC: [8] Constant UC_CLIENT_VERSION already defined D:\wwwroot\mainweb\sdk\api\UcApi\Lib\Action\IndexAction.class.php 第 4 行.
NOTIC: [8] Constant UC_CLIENT_RELEASE already defined D:\wwwroot\mainweb\sdk\api\UcApi\Lib\Action\IndexAction.class.php 第 5 行.
NOTIC: [2048] Only variables should be passed by reference D:\wwwroot\mainweb\sdk\api\UcApi\Lib\Action\IndexAction.class.php 第 63 行.
NOTIC: [8] Constant API_RETURN_FAILED already defined D:\wwwroot\mainweb\sdk\uc_client\model\note.php 第 16 行.
SQL: SHOW COLUMNS FROM `sdk_accounts` [ RunTime:0.001911s ]
SQL: SELECT * FROM `sdk_accounts` WHERE ( `account_id` = 218 ) LIMIT 1   [ RunTime:0.000221s ]

[ 2013-12-27T11:27:46+08:00 ] 192.168.207.3 /api/uc.php?time=1388114866&code=cc6eSCtkDdI5sYBcxooJyZatcft8q7KzEDpS1c5o9rBT7ziA09pu4CZwwBF%2FnNS7TS0KU3TQgihtz2SADg
INFO: [ app_begin ] --START--
INFO: Run ReadHtmlCache Behavior [ RunTime:0.000924s ]
INFO: [ app_begin ] --END-- [ RunTime:0.001015s ]
NOTIC: [8] Constant UC_CLIENT_VERSION already defined D:\wwwroot\mainweb\sdk\api\UcApi\Lib\Action\IndexAction.class.php 第 4 行.
NOTIC: [8] Constant UC_CLIENT_RELEASE already defined D:\wwwroot\mainweb\sdk\api\UcApi\Lib\Action\IndexAction.class.php 第 5 行.
NOTIC: [2048] Only variables should be passed by reference D:\wwwroot\mainweb\sdk\api\UcApi\Lib\Action\IndexAction.class.php 第 63 行.

[ 2013-12-27T11:29:15+08:00 ] 192.168.235.229 /api/uc.php?time=1388114955&code=4d4cIO1OhtrVEnGB29L8UTBvPiOEwmcaoD1zkI2TpUS0%2B4POstci%2BAQWNMa1BKZ2yGWCXx%2FGeBnV%2FTrEOtxHn2PUxMKFI%2B%2BPIEHHzApSif8CN0BRg6qcUBN%2BmGNdwSn2%2BngzwLrFIc7OsaDhPn9TbgUOC6YtYUKvHz8Cu6cJYoY
INFO: [ app_begin ] --START--
INFO: Run ReadHtmlCache Behavior [ RunTime:0.000924s ]
INFO: [ app_begin ] --END-- [ RunTime:0.001014s ]
NOTIC: [8] Constant UC_CLIENT_VERSION already defined D:\wwwroot\mainweb\sdk\api\UcApi\Lib\Action\IndexAction.class.php 第 4 行.
NOTIC: [8] Constant UC_CLIENT_RELEASE already defined D:\wwwroot\mainweb\sdk\api\UcApi\Lib\Action\IndexAction.class.php 第 5 行.
NOTIC: [2048] Only variables should be passed by reference D:\wwwroot\mainweb\sdk\api\UcApi\Lib\Action\IndexAction.class.php 第 63 行.
NOTIC: [8] Constant API_RETURN_FAILED already defined D:\wwwroot\mainweb\sdk\uc_client\model\note.php 第 16 行.
SQL: SHOW COLUMNS FROM `sdk_accounts` [ RunTime:0.002047s ]
SQL: SELECT * FROM `sdk_accounts` WHERE ( `account_id` = 573 ) LIMIT 1   [ RunTime:0.000416s ]

[ 2013-12-27T12:54:21+08:00 ] 192.168.205.204 /api/uc.php?time=1388120059&code=bb2cVIcMsxvdZjjZqDVms6uZ49UdTuEIblCxYP4qb9ntnszgyVvCbDVN1nbZp%2FXcNuvlWAdlBUTk0%2BmVqQ
INFO: [ app_begin ] --START--
INFO: Run ReadHtmlCache Behavior [ RunTime:0.001035s ]
INFO: [ app_begin ] --END-- [ RunTime:0.001123s ]
NOTIC: [8] Constant UC_CLIENT_VERSION already defined D:\wwwroot\mainweb\sdk\api\UcApi\Lib\Action\IndexAction.class.php 第 4 行.
NOTIC: [8] Constant UC_CLIENT_RELEASE already defined D:\wwwroot\mainweb\sdk\api\UcApi\Lib\Action\IndexAction.class.php 第 5 行.
NOTIC: [2048] Only variables should be passed by reference D:\wwwroot\mainweb\sdk\api\UcApi\Lib\Action\IndexAction.class.php 第 63 行.

[ 2013-12-27T13:21:43+08:00 ] 192.168.159.15 /api/uc.php?time=1388121703&code=f263OBHW8ZO5%2FcNf9qgd4d2dufbiYJTFR5iKBshb%2BlcePOw6SmJpG4gL9IVzRvnX2jqe%2BjjQ4cm8LUlbFZTuzDy8CjSRzaVpRhjNfbr7mLfolCQpCPGUSQ58mdqQbQhLqvvpysOI6WiJCSHeYDuBldFU1kt%2BckRfTF1x9Cs3%2FgRmL%2F8
INFO: [ app_begin ] --START--
INFO: Run ReadHtmlCache Behavior [ RunTime:0.001083s ]
INFO: [ app_begin ] --END-- [ RunTime:0.001170s ]
NOTIC: [8] Constant UC_CLIENT_VERSION already defined D:\wwwroot\mainweb\sdk\api\UcApi\Lib\Action\IndexAction.class.php 第 4 行.
NOTIC: [8] Constant UC_CLIENT_RELEASE already defined D:\wwwroot\mainweb\sdk\api\UcApi\Lib\Action\IndexAction.class.php 第 5 行.
NOTIC: [2048] Only variables should be passed by reference D:\wwwroot\mainweb\sdk\api\UcApi\Lib\Action\IndexAction.class.php 第 63 行.
NOTIC: [8] Constant API_RETURN_FAILED already defined D:\wwwroot\mainweb\sdk\uc_client\model\note.php 第 16 行.
SQL: SHOW COLUMNS FROM `sdk_accounts` [ RunTime:0.002218s ]
SQL: SELECT * FROM `sdk_accounts` WHERE ( `account_id` = 1513 ) LIMIT 1   [ RunTime:0.000410s ]

[ 2013-12-27T13:25:12+08:00 ] 192.168.200.210 /api/uc.php?time=1388121911&code=c65bYOq%2FqUdzDyIG4XfYfBGZHe2EK%2Bt%2BLGcWFdUGEz%2B1O9Xb5PwsYt%2FQ8ORwtS8y370OWQ4zIgBsU3SM%2BRNLLkejYixucP0NPK4qO1i2FxLOsVGh6nJmbpArxlL%2Fqan5Asi8JAomBDkteQaaHpYjmAAez7IOYSpq9yhfWHaT
INFO: [ app_begin ] --START--
INFO: Run ReadHtmlCache Behavior [ RunTime:0.001115s ]
INFO: [ app_begin ] --END-- [ RunTime:0.001204s ]
NOTIC: [8] Constant UC_CLIENT_VERSION already defined D:\wwwroot\mainweb\sdk\api\UcApi\Lib\Action\IndexAction.class.php 第 4 行.
NOTIC: [8] Constant UC_CLIENT_RELEASE already defined D:\wwwroot\mainweb\sdk\api\UcApi\Lib\Action\IndexAction.class.php 第 5 行.
NOTIC: [2048] Only variables should be passed by reference D:\wwwroot\mainweb\sdk\api\UcApi\Lib\Action\IndexAction.class.php 第 63 行.
NOTIC: [8] Constant API_RETURN_FAILED already defined D:\wwwroot\mainweb\sdk\uc_client\model\note.php 第 16 行.
SQL: SHOW COLUMNS FROM `sdk_accounts` [ RunTime:0.002155s ]
SQL: SELECT * FROM `sdk_accounts` WHERE ( `account_id` = 929 ) LIMIT 1   [ RunTime:0.000477s ]

[ 2013-12-27T13:25:50+08:00 ] 192.168.156.39 /api/uc.php?time=1388121949&code=78e5VFEjl%2B9B8chJGSudndxfo8weRFS2XWPYeyYS3RL1Y5jrO6e%2FUAhSSvWD3PGggFboDpsuxwrxSW06s0xrqIGXVSvoX3QALjWwLtpANccGXxszCobUC0kBQUML1vv66Ee%2FT9MUQwRoLUTo11KXeevVEDEPmfMTr3nzHnw
INFO: [ app_begin ] --START--
INFO: Run ReadHtmlCache Behavior [ RunTime:0.000920s ]
INFO: [ app_begin ] --END-- [ RunTime:0.001013s ]
NOTIC: [8] Constant UC_CLIENT_VERSION already defined D:\wwwroot\mainweb\sdk\api\UcApi\Lib\Action\IndexAction.class.php 第 4 行.
NOTIC: [8] Constant UC_CLIENT_RELEASE already defined D:\wwwroot\mainweb\sdk\api\UcApi\Lib\Action\IndexAction.class.php 第 5 行.
NOTIC: [2048] Only variables should be passed by reference D:\wwwroot\mainweb\sdk\api\UcApi\Lib\Action\IndexAction.class.php 第 63 行.
NOTIC: [8] Constant API_RETURN_FAILED already defined D:\wwwroot\mainweb\sdk\uc_client\model\note.php 第 16 行.
SQL: SHOW COLUMNS FROM `sdk_accounts` [ RunTime:0.002187s ]
SQL: SELECT * FROM `sdk_accounts` WHERE ( `account_id` = 541 ) LIMIT 1   [ RunTime:0.000437s ]

[ 2013-12-27T13:27:57+08:00 ] 192.168.251.128 /api/uc.php?time=1388122077&code=92e1nW9q5hdL%2BSlAtN5YiRFFR68UWguNIYdFYoF9238SZaTGLxDRUPfdby2j2n%2F3NQU6YUmWWQvzhdM5XllDmBN5Y4JNG5QQboNEdbC5r0ns9i20oq1NO2kyAPFp9mM84LPlH9C4f1nPicyMnGSY5rhkpDgJNlaVwK7WXgDkWs4OH%2FvL
INFO: [ app_begin ] --START--
INFO: Run ReadHtmlCache Behavior [ RunTime:0.001477s ]
INFO: [ app_begin ] --END-- [ RunTime:0.001566s ]
NOTIC: [8] Constant UC_CLIENT_VERSION already defined D:\wwwroot\mainweb\sdk\api\UcApi\Lib\Action\IndexAction.class.php 第 4 行.
NOTIC: [8] Constant UC_CLIENT_RELEASE already defined D:\wwwroot\mainweb\sdk\api\UcApi\Lib\Action\IndexAction.class.php 第 5 行.
NOTIC: [2048] Only variables should be passed by reference D:\wwwroot\mainweb\sdk\api\UcApi\Lib\Action\IndexAction.class.php 第 63 行.
NOTIC: [8] Constant API_RETURN_FAILED already defined D:\wwwroot\mainweb\sdk\uc_client\model\note.php 第 16 行.
SQL: SHOW COLUMNS FROM `sdk_accounts` [ RunTime:0.002352s ]
SQL: SELECT * FROM `sdk_accounts` WHERE ( `account_id` = 2273 ) LIMIT 1   [ RunTime:0.000442s ]
SQL: INSERT INTO `sdk_accounts` (`account_id`,`user_name`,`email`,`password`,`reg_time`) VALUES (2273,'Zyzyzy00777','826229117@qq.com','18ac7011fc0f4c3e74e139979aff537633f0645e',1388122077) [ RunTime:0.005776s ]

[ 2013-12-27T13:54:04+08:00 ] 192.168.201.89 /api/uc.php?time=1388123644&code=46fa3Yb7mhLv3NLNZlKkFAa6IWQSSdOTEz4WPaG7Dh9COgl8fZHoD5hJSGh9wfXYboa3Jk%2BwSn5LJtNkmO1gnMNpalRybZV5LORbdBun7QixVDrlzaw319dJT87Pzf5W4aoUycClAScdwZPWJz6DFYqoU%2Ft13ISurzIiw0HHhLg
INFO: [ app_begin ] --START--
INFO: Run ReadHtmlCache Behavior [ RunTime:0.001077s ]
INFO: [ app_begin ] --END-- [ RunTime:0.001171s ]
NOTIC: [8] Constant UC_CLIENT_VERSION already defined D:\wwwroot\mainweb\sdk\api\UcApi\Lib\Action\IndexAction.class.php 第 4 行.
NOTIC: [8] Constant UC_CLIENT_RELEASE already defined D:\wwwroot\mainweb\sdk\api\UcApi\Lib\Action\IndexAction.class.php 第 5 行.
NOTIC: [2048] Only variables should be passed by reference D:\wwwroot\mainweb\sdk\api\UcApi\Lib\Action\IndexAction.class.php 第 63 行.
NOTIC: [8] Constant API_RETURN_FAILED already defined D:\wwwroot\mainweb\sdk\uc_client\model\note.php 第 16 行.
SQL: SHOW COLUMNS FROM `sdk_accounts` [ RunTime:0.002325s ]
SQL: SELECT * FROM `sdk_accounts` WHERE ( `account_id` = 2017 ) LIMIT 1   [ RunTime:0.000620s ]

[ 2013-12-27T15:34:12+08:00 ] 192.168.134.144 /api/uc.php?time=1388129651&code=3a72r0%2B18gbsG2a9880K%2F87DaGk1%2FyMHuMLtF8MLWB5hb13BvRbWl90rmZEfs7BDuOYCob6aBqnAfg77MiCXThcq0U%2FXS%2Bzbo7QvEcHEMvX8qxKK5mfI4rP3H3sNa%2BtVaA3zQ3KBZYdziJYvuEE75ZSIGSc6jU%2BCvXocaA
INFO: [ app_begin ] --START--
INFO: Run ReadHtmlCache Behavior [ RunTime:0.001040s ]
INFO: [ app_begin ] --END-- [ RunTime:0.001135s ]
NOTIC: [8] Constant UC_CLIENT_VERSION already defined D:\wwwroot\mainweb\sdk\api\UcApi\Lib\Action\IndexAction.class.php 第 4 行.
NOTIC: [8] Constant UC_CLIENT_RELEASE already defined D:\wwwroot\mainweb\sdk\api\UcApi\Lib\Action\IndexAction.class.php 第 5 行.
NOTIC: [2048] Only variables should be passed by reference D:\wwwroot\mainweb\sdk\api\UcApi\Lib\Action\IndexAction.class.php 第 63 行.
NOTIC: [8] Constant API_RETURN_FAILED already defined D:\wwwroot\mainweb\sdk\uc_client\model\note.php 第 16 行.
SQL: SHOW COLUMNS FROM `sdk_accounts` [ RunTime:0.002221s ]
SQL: SELECT * FROM `sdk_accounts` WHERE ( `account_id` = 1904 ) LIMIT 1   [ RunTime:0.000510s ]

[ 2013-12-27T17:49:09+08:00 ] 192.168.160.110 /api/uc.php?time=1388137749&code=46e1df%2FvdgKjLIT%2FurQuhh28gQ59zps26U6YsSbSmSI208DVsDWStuk89C%2FwzQ1KRX1VV7WbBClqTCOREQtio9Zp7Nywpj9GknXQLn0oan65y0WlxYfirgaxa2VUPfs8dzgEZsGIQfCNlTWYVJwERxNK%2B4sV9bpiSeREFwxlxw
INFO: [ app_begin ] --START--
INFO: Run ReadHtmlCache Behavior [ RunTime:0.001066s ]
INFO: [ app_begin ] --END-- [ RunTime:0.001158s ]
NOTIC: [8] Constant UC_CLIENT_VERSION already defined D:\wwwroot\mainweb\sdk\api\UcApi\Lib\Action\IndexAction.class.php 第 4 行.
NOTIC: [8] Constant UC_CLIENT_RELEASE already defined D:\wwwroot\mainweb\sdk\api\UcApi\Lib\Action\IndexAction.class.php 第 5 行.
NOTIC: [2048] Only variables should be passed by reference D:\wwwroot\mainweb\sdk\api\UcApi\Lib\Action\IndexAction.class.php 第 63 行.
NOTIC: [8] Constant API_RETURN_FAILED already defined D:\wwwroot\mainweb\sdk\uc_client\model\note.php 第 16 行.
SQL: SHOW COLUMNS FROM `sdk_accounts` [ RunTime:0.002094s ]
SQL: SELECT * FROM `sdk_accounts` WHERE ( `account_id` = 2198 ) LIMIT 1   [ RunTime:0.000279s ]

[ 2013-12-27T17:56:25+08:00 ] 192.168.186.151 /api/uc.php?time=1388138185&code=6506tS6fOOOlvSOIh5baqV51xvgrlThUMyhNS1vlIO8sI5RxxZxNeLcplGZER87paQX9jquyEg5FvZL%2F8s%2Ft6qbo6HjHnD3uiFXhGfqMQ5JtsuwKIdQnfwKzn3KB%2BzNOH8fXA0MCS9rhKYP3xV3XK2fwpYmbLHp3%2Frb1yH3JId5fYRh7PLvnvA
INFO: [ app_begin ] --START--
INFO: Run ReadHtmlCache Behavior [ RunTime:0.001072s ]
INFO: [ app_begin ] --END-- [ RunTime:0.001162s ]
NOTIC: [8] Constant UC_CLIENT_VERSION already defined D:\wwwroot\mainweb\sdk\api\UcApi\Lib\Action\IndexAction.class.php 第 4 行.
NOTIC: [8] Constant UC_CLIENT_RELEASE already defined D:\wwwroot\mainweb\sdk\api\UcApi\Lib\Action\IndexAction.class.php 第 5 行.
NOTIC: [2048] Only variables should be passed by reference D:\wwwroot\mainweb\sdk\api\UcApi\Lib\Action\IndexAction.class.php 第 63 行.
NOTIC: [8] Constant API_RETURN_FAILED already defined D:\wwwroot\mainweb\sdk\uc_client\model\note.php 第 16 行.
SQL: SHOW COLUMNS FROM `sdk_accounts` [ RunTime:0.002019s ]
SQL: SELECT * FROM `sdk_accounts` WHERE ( `account_id` = 2439 ) LIMIT 1   [ RunTime:0.000422s ]

[ 2013-12-27T17:57:21+08:00 ] 192.168.164.216 /api/uc.php?time=1388138241&code=26f9oFZ87pKwRzowpg4dRSK0Xf3aQLeY5jImSohNLqv1nGJct%2BIDZEtBt9en0rE5mMUMOLrVpMgk9V4egkj3vwpX0EjeNK8kj9ZNjSC9%2FjsmAJAQtY2NZx%2BE5qJ7%2FkAm4%2FAti0qa43ifAXk2btB8Sd2uvpmcGEdas5CIuU%2BWWQ
INFO: [ app_begin ] --START--
INFO: Run ReadHtmlCache Behavior [ RunTime:0.000927s ]
INFO: [ app_begin ] --END-- [ RunTime:0.001017s ]
NOTIC: [8] Constant UC_CLIENT_VERSION already defined D:\wwwroot\mainweb\sdk\api\UcApi\Lib\Action\IndexAction.class.php 第 4 行.
NOTIC: [8] Constant UC_CLIENT_RELEASE already defined D:\wwwroot\mainweb\sdk\api\UcApi\Lib\Action\IndexAction.class.php 第 5 行.
NOTIC: [2048] Only variables should be passed by reference D:\wwwroot\mainweb\sdk\api\UcApi\Lib\Action\IndexAction.class.php 第 63 行.
NOTIC: [8] Constant API_RETURN_FAILED already defined D:\wwwroot\mainweb\sdk\uc_client\model\note.php 第 16 行.
SQL: SHOW COLUMNS FROM `sdk_accounts` [ RunTime:0.002190s ]
SQL: SELECT * FROM `sdk_accounts` WHERE ( `account_id` = 1079 ) LIMIT 1   [ RunTime:0.000434s ]

[ 2013-12-27T18:06:48+08:00 ] 192.168.163.204 /api/uc.php?time=1388138807&code=5f2aTRjU2IJYqGFGXhhrBTt5%2F8S57Hv2WSHNQVr7mssFyj691iPY2OsAZscJmMXUwlMT6qrx4ebpV6FTyKbegmtvYw7YFJYJK%2FJ6d88zTX92%2FGWYMPpthIThcagjRe9y%2F7NPpL8YXJFyHhHOStNf2BWfDh2I6QmVKVddQQQ79BWvNA
INFO: [ app_begin ] --START--
INFO: Run ReadHtmlCache Behavior [ RunTime:0.001029s ]
INFO: [ app_begin ] --END-- [ RunTime:0.001119s ]
NOTIC: [8] Constant UC_CLIENT_VERSION already defined D:\wwwroot\mainweb\sdk\api\UcApi\Lib\Action\IndexAction.class.php 第 4 行.
NOTIC: [8] Constant UC_CLIENT_RELEASE already defined D:\wwwroot\mainweb\sdk\api\UcApi\Lib\Action\IndexAction.class.php 第 5 行.
NOTIC: [2048] Only variables should be passed by reference D:\wwwroot\mainweb\sdk\api\UcApi\Lib\Action\IndexAction.class.php 第 63 行.
NOTIC: [8] Constant API_RETURN_FAILED already defined D:\wwwroot\mainweb\sdk\uc_client\model\note.php 第 16 行.
SQL: SHOW COLUMNS FROM `sdk_accounts` [ RunTime:0.001994s ]
SQL: SELECT * FROM `sdk_accounts` WHERE ( `account_id` = 1566 ) LIMIT 1   [ RunTime:0.000413s ]

[ 2013-12-27T18:38:29+08:00 ] 192.168.154.129 /api/uc.php?time=1388140709&code=141eZ6yTinn8V7Pf%2FQUtisbBfZifN0RRXews87GdWTFmUkCN9DnC1fJ%2B3nYJ8cSjqExHjComm7lI6o%2FrAWkjFQl8B0cLJKLuvbyImIixDtIqolywenNw8QA6uatF7tt1GD0ERPxs6YJOzXxhABNDsDwUWcXc9ydJZYTH8uIqbg
INFO: [ app_begin ] --START--
INFO: Run ReadHtmlCache Behavior [ RunTime:0.001090s ]
INFO: [ app_begin ] --END-- [ RunTime:0.001180s ]
NOTIC: [8] Constant UC_CLIENT_VERSION already defined D:\wwwroot\mainweb\sdk\api\UcApi\Lib\Action\IndexAction.class.php 第 4 行.
NOTIC: [8] Constant UC_CLIENT_RELEASE already defined D:\wwwroot\mainweb\sdk\api\UcApi\Lib\Action\IndexAction.class.php 第 5 行.
NOTIC: [2048] Only variables should be passed by reference D:\wwwroot\mainweb\sdk\api\UcApi\Lib\Action\IndexAction.class.php 第 63 行.
NOTIC: [8] Constant API_RETURN_FAILED already defined D:\wwwroot\mainweb\sdk\uc_client\model\note.php 第 16 行.
SQL: SHOW COLUMNS FROM `sdk_accounts` [ RunTime:0.002244s ]
SQL: SELECT * FROM `sdk_accounts` WHERE ( `account_id` = 1691 ) LIMIT 1   [ RunTime:0.000548s ]

[ 2013-12-27T19:18:55+08:00 ] 192.168.141.26 /api/uc.php?time=1388143135&code=7a240WRnZhI%2B%2FjmXQ41NnHXSAIVEJW%2BdKa%2BCmaztfqQAzen4LEUEHpl1TiSJ1qnUKxdsLGW%2FWvVujNF1adsN3iL7lr3d6axCYG2OeJF%2F%2Ftr31XlztT5EoTV5hiiLTmS%2FNF2QX9YyzOhPYQQkYJJdIjwtnNK1H3leMD6STwY
INFO: [ app_begin ] --START--
INFO: Run ReadHtmlCache Behavior [ RunTime:0.001062s ]
INFO: [ app_begin ] --END-- [ RunTime:0.001158s ]
NOTIC: [8] Constant UC_CLIENT_VERSION already defined D:\wwwroot\mainweb\sdk\api\UcApi\Lib\Action\IndexAction.class.php 第 4 行.
NOTIC: [8] Constant UC_CLIENT_RELEASE already defined D:\wwwroot\mainweb\sdk\api\UcApi\Lib\Action\IndexAction.class.php 第 5 行.
NOTIC: [2048] Only variables should be passed by reference D:\wwwroot\mainweb\sdk\api\UcApi\Lib\Action\IndexAction.class.php 第 63 行.
NOTIC: [8] Constant API_RETURN_FAILED already defined D:\wwwroot\mainweb\sdk\uc_client\model\note.php 第 16 行.
SQL: SHOW COLUMNS FROM `sdk_accounts` [ RunTime:0.002270s ]
SQL: SELECT * FROM `sdk_accounts` WHERE ( `account_id` = 783 ) LIMIT 1   [ RunTime:0.000431s ]

[ 2013-12-27T21:40:44+08:00 ] 192.168.187.145 /api/uc.php?time=1388151643&code=ba100Lq093XMzgnaAr6KSGl%2Fnmt5XFqmPOkRkX%2F%2Fz9hfCl1Z203e98y25dqMk7cEyVWbwT%2Fg0zDsl45A5O3MGdswXiuY%2BlQmqeO%2Fr8q4fCl2IW4rt3C%2B1gue3k4MNmXy1B2HnknC6v%2FLOFb%2BYG25n3eF3FZF5AKmjWesdlZrAjXHN8Gw5w
INFO: [ app_begin ] --START--
INFO: Run ReadHtmlCache Behavior [ RunTime:0.001074s ]
INFO: [ app_begin ] --END-- [ RunTime:0.001169s ]
NOTIC: [8] Constant UC_CLIENT_VERSION already defined D:\wwwroot\mainweb\sdk\api\UcApi\Lib\Action\IndexAction.class.php 第 4 行.
NOTIC: [8] Constant UC_CLIENT_RELEASE already defined D:\wwwroot\mainweb\sdk\api\UcApi\Lib\Action\IndexAction.class.php 第 5 行.
NOTIC: [2048] Only variables should be passed by reference D:\wwwroot\mainweb\sdk\api\UcApi\Lib\Action\IndexAction.class.php 第 63 行.
NOTIC: [8] Constant API_RETURN_FAILED already defined D:\wwwroot\mainweb\sdk\uc_client\model\note.php 第 16 行.
SQL: SHOW COLUMNS FROM `sdk_accounts` [ RunTime:0.002048s ]
SQL: SELECT * FROM `sdk_accounts` WHERE ( `account_id` = 2451 ) LIMIT 1   [ RunTime:0.000512s ]

[ 2013-12-27T22:06:46+08:00 ] 192.168.190.86 /api/uc.php?time=1388153206&code=517eNANIU1jq0Os7Ghry%2FJZqibS1AHnzjSjWtVQq4nSZyThAMIQx%2F3fI20HM57OSzLMlBda486Heen1%2Ffao1i8%2BrMHKG7TglPuAPdbq4SRrw3tGY47JPB%2FQECWXsHbhYPKbJ4eAVxyhYtFHJu6WZehikxzhGXizdX7AWg4lf8w
INFO: [ app_begin ] --START--
INFO: Run ReadHtmlCache Behavior [ RunTime:0.001029s ]
INFO: [ app_begin ] --END-- [ RunTime:0.001119s ]
NOTIC: [8] Constant UC_CLIENT_VERSION already defined D:\wwwroot\mainweb\sdk\api\UcApi\Lib\Action\IndexAction.class.php 第 4 行.
NOTIC: [8] Constant UC_CLIENT_RELEASE already defined D:\wwwroot\mainweb\sdk\api\UcApi\Lib\Action\IndexAction.class.php 第 5 行.
NOTIC: [2048] Only variables should be passed by reference D:\wwwroot\mainweb\sdk\api\UcApi\Lib\Action\IndexAction.class.php 第 63 行.
NOTIC: [8] Constant API_RETURN_FAILED already defined D:\wwwroot\mainweb\sdk\uc_client\model\note.php 第 16 行.
SQL: SHOW COLUMNS FROM `sdk_accounts` [ RunTime:0.002396s ]
SQL: SELECT * FROM `sdk_accounts` WHERE ( `account_id` = 1069 ) LIMIT 1   [ RunTime:0.000395s ]

[ 2013-12-27T22:13:51+08:00 ] 192.168.158.236 /api/uc.php?time=1388153630&code=e47bS6YNPl%2B7WzilvN2Jv47mBkvufrh4qYVr0hf49Hj3skeh0GL0BpW64yp00jb2QNAeHCCNqdPKnj2T8QAnju9OXCvsLVEPCqRjcm%2FkXZyXPUOk5DvAw9jrEy4S6zR6snteBopwVwqPW2v6IVaAQ%2F7nimyLyOgFGlgHAnXZ
INFO: [ app_begin ] --START--
INFO: Run ReadHtmlCache Behavior [ RunTime:0.001038s ]
INFO: [ app_begin ] --END-- [ RunTime:0.001130s ]
NOTIC: [8] Constant UC_CLIENT_VERSION already defined D:\wwwroot\mainweb\sdk\api\UcApi\Lib\Action\IndexAction.class.php 第 4 行.
NOTIC: [8] Constant UC_CLIENT_RELEASE already defined D:\wwwroot\mainweb\sdk\api\UcApi\Lib\Action\IndexAction.class.php 第 5 行.
NOTIC: [2048] Only variables should be passed by reference D:\wwwroot\mainweb\sdk\api\UcApi\Lib\Action\IndexAction.class.php 第 63 行.
NOTIC: [8] Constant API_RETURN_FAILED already defined D:\wwwroot\mainweb\sdk\uc_client\model\note.php 第 16 行.
SQL: SHOW COLUMNS FROM `sdk_accounts` [ RunTime:0.002177s ]
SQL: SELECT * FROM `sdk_accounts` WHERE ( `account_id` = 736 ) LIMIT 1   [ RunTime:0.000502s ]

[ 2013-12-27T22:16:41+08:00 ] 192.168.201.27 /api/uc.php?time=1388153800&code=88c74dhLraIXJUr%2FtnnvhHx1lNrz2DREJSv1MPy%2FNwDF9P%2F43BZe8q1dbr3E6OPOA%2BmgfB3wnXop2BDFgeCgS9OV%2BQ9BciwThkSwH%2FjXIL%2Fn08yNxoLFK0DfbTbn5dPAQKVT9nvhXzGEHKH%2BF5uv6AK4vdHre%2BhR9iGjgQla1SDC9Q
INFO: [ app_begin ] --START--
INFO: Run ReadHtmlCache Behavior [ RunTime:0.000697s ]
INFO: [ app_begin ] --END-- [ RunTime:0.000791s ]
NOTIC: [8] Constant UC_CLIENT_VERSION already defined D:\wwwroot\mainweb\sdk\api\UcApi\Lib\Action\IndexAction.class.php 第 4 行.
NOTIC: [8] Constant UC_CLIENT_RELEASE already defined D:\wwwroot\mainweb\sdk\api\UcApi\Lib\Action\IndexAction.class.php 第 5 行.
NOTIC: [2048] Only variables should be passed by reference D:\wwwroot\mainweb\sdk\api\UcApi\Lib\Action\IndexAction.class.php 第 63 行.
NOTIC: [8] Constant API_RETURN_FAILED already defined D:\wwwroot\mainweb\sdk\uc_client\model\note.php 第 16 行.
SQL: SHOW COLUMNS FROM `sdk_accounts` [ RunTime:0.002009s ]
SQL: SELECT * FROM `sdk_accounts` WHERE ( `account_id` = 2352 ) LIMIT 1   [ RunTime:0.000507s ]

