[ 2013-11-17T08:33:51+08:00 ] 192.168.171.199 /api/uc.php?time=1384648431&code=d034P5d5RPZHkNXl4ZlNhmuzkECuLKNkp4mw7APK5%2BleMDkyO%2BVZbDKJ%2FeQcnEQv5pyE3ajK3%2B90gu9hezYhj3hHP1oEt9Eh7IrHc8dHZdM30OpvlbZEP8SYBhu%2F1uvsR0zCeDu7zoQC8BCJ%2FQOzUM6Ehg6Y%2BB8bh8zOGCLJhg
INFO: [ app_begin ] --START--
INFO: Run ReadHtmlCache Behavior [ RunTime:0.000783s ]
INFO: [ app_begin ] --END-- [ RunTime:0.000878s ]
NOTIC: [8] Constant UC_CLIENT_VERSION already defined D:\wwwroot\mainweb\sdk\api\UcApi\Lib\Action\IndexAction.class.php 第 4 行.
NOTIC: [8] Constant UC_CLIENT_RELEASE already defined D:\wwwroot\mainweb\sdk\api\UcApi\Lib\Action\IndexAction.class.php 第 5 行.
NOTIC: [2048] Only variables should be passed by reference D:\wwwroot\mainweb\sdk\api\UcApi\Lib\Action\IndexAction.class.php 第 63 行.
NOTIC: [8] Constant API_RETURN_FAILED already defined D:\wwwroot\mainweb\sdk\uc_client\model\note.php 第 16 行.
SQL: SHOW COLUMNS FROM `sdk_accounts` [ RunTime:0.002434s ]
SQL: SELECT * FROM `sdk_accounts` WHERE ( `account_id` = 2471 ) LIMIT 1   [ RunTime:0.000575s ]

[ 2013-11-17T08:50:47+08:00 ] 192.168.251.32 /api/uc.php?time=1384649447&code=9a0fa6Th5FDjG8av6vnInxQNN9sF6qdwNjc5TfUWdR6wXwo61fL0Xt9ZffAQw%2Fwyszbw7zJwIxS%2Bh5PhXbg%2FyVOCPLZNk%2FuIM2KIuAx5wLsVfOQhwnhab6JJ0p7x0oY%2ByN4yVBnJ%2BQ0WAeryI7mxd8P%2F%2BliE1cVWWMlH3XHr3wBhzlcHdBPhOg
INFO: [ app_begin ] --START--
INFO: Run ReadHtmlCache Behavior [ RunTime:0.001085s ]
INFO: [ app_begin ] --END-- [ RunTime:0.001176s ]
NOTIC: [8] Constant UC_CLIENT_VERSION already defined D:\wwwroot\mainweb\sdk\api\UcApi\Lib\Action\IndexAction.class.php 第 4 行.
NOTIC: [8] Constant UC_CLIENT_RELEASE already defined D:\wwwroot\mainweb\sdk\api\UcApi\Lib\Action\IndexAction.class.php 第 5 行.
NOTIC: [2048] Only variables should be passed by reference D:\wwwroot\mainweb\sdk\api\UcApi\Lib\Action\IndexAction.class.php 第 63 行.
NOTIC: [8] Constant API_RETURN_FAILED already defined D:\wwwroot\mainweb\sdk\uc_client\model\note.php 第 16 行.
SQL: SHOW COLUMNS FROM `sdk_accounts` [ RunTime:0.002261s ]
SQL: SELECT * FROM `sdk_accounts` WHERE ( `account_id` = 1448 ) LIMIT 1   [ RunTime:0.000419s ]

[ 2013-11-17T09:17:28+08:00 ] 192.168.142.227 /api/uc.php?time=1384651048&code=42807gDz8WAQckcvBJYYbcC9Dlwx20aT7YeMUHoi0uxr3yCE9PmlaiJ%2FTC6rogFRmvicUHSID8h6ZCDLoowHNH4FgEIYEMpJbojqp7MTNWeP7rMEDJ1560J%2FECo963x7UL2SeR6BzkLoASFhb4%2Fw1LQQSGFSvBalNz2E4RWF%2B%2Fklyg
INFO: [ app_begin ] --START--
INFO: Run ReadHtmlCache Behavior [ RunTime:0.000697s ]
INFO: [ app_begin ] --END-- [ RunTime:0.000786s ]
NOTIC: [8] Constant UC_CLIENT_VERSION already defined D:\wwwroot\mainweb\sdk\api\UcApi\Lib\Action\IndexAction.class.php 第 4 行.
NOTIC: [8] Constant UC_CLIENT_RELEASE already defined D:\wwwroot\mainweb\sdk\api\UcApi\Lib\Action\IndexAction.class.php 第 5 行.
NOTIC: [2048] Only variables should be passed by reference D:\wwwroot\mainweb\sdk\api\UcApi\Lib\Action\IndexAction.class.php 第 63 行.
NOTIC: [8] Constant API_RETURN_FAILED already defined D:\wwwroot\mainweb\sdk\uc_client\model\note.php 第 16 行.
SQL: SHOW COLUMNS FROM `sdk_accounts` [ RunTime:0.002282s ]
SQL: SELECT * FROM `sdk_accounts` WHERE ( `account_id` = 2476 ) LIMIT 1   [ RunTime:0.000498s ]

[ 2013-11-17T10:20:51+08:00 ] 192.168.162.11 /api/uc.php?time=1384654851&code=ac84%2B8jIOizRwsjTFJrekFI3399VAtE4LJjETtfTq5uOIdB9haaOXoHhtPzPTUluPFzjPvC1A28pCx%2FTDMDLfc7F5gdPwzSXgT2%2BMIDxs%2B4G7ERuNAnUjgJJQnLf22t9wSZghUBybePFZ1L1YYEuYWsQHRTUxbhjJpvxiHOg
INFO: [ app_begin ] --START--
INFO: Run ReadHtmlCache Behavior [ RunTime:0.000785s ]
INFO: [ app_begin ] --END-- [ RunTime:0.000875s ]
NOTIC: [8] Constant UC_CLIENT_VERSION already defined D:\wwwroot\mainweb\sdk\api\UcApi\Lib\Action\IndexAction.class.php 第 4 行.
NOTIC: [8] Constant UC_CLIENT_RELEASE already defined D:\wwwroot\mainweb\sdk\api\UcApi\Lib\Action\IndexAction.class.php 第 5 行.
NOTIC: [2048] Only variables should be passed by reference D:\wwwroot\mainweb\sdk\api\UcApi\Lib\Action\IndexAction.class.php 第 63 行.
NOTIC: [8] Constant API_RETURN_FAILED already defined D:\wwwroot\mainweb\sdk\uc_client\model\note.php 第 16 行.
SQL: SHOW COLUMNS FROM `sdk_accounts` [ RunTime:0.002317s ]
SQL: SELECT * FROM `sdk_accounts` WHERE ( `account_id` = 668 ) LIMIT 1   [ RunTime:0.000475s ]

[ 2013-11-17T10:35:36+08:00 ] 192.168.204.141 /api/uc.php?time=1384655736&code=e2ed0CUcWn8jvDGCFewdJyNbo2Z6kzyIEa13%2Bof1WaMhnEkOW3LgFyv6cPgbk2O%2BMmo1lCWPqgDVE3Q4eBEkuoUNSxRqZx5f2zmw0yThF5lqweCTHg%2BER0GcvJmwrtk%2FnCsIV8wdmviwJlJIwyioGXH9e%2BpOLyawRW8ebyPi2F%2BN
INFO: [ app_begin ] --START--
INFO: Run ReadHtmlCache Behavior [ RunTime:0.001049s ]
INFO: [ app_begin ] --END-- [ RunTime:0.001140s ]
NOTIC: [8] Constant UC_CLIENT_VERSION already defined D:\wwwroot\mainweb\sdk\api\UcApi\Lib\Action\IndexAction.class.php 第 4 行.
NOTIC: [8] Constant UC_CLIENT_RELEASE already defined D:\wwwroot\mainweb\sdk\api\UcApi\Lib\Action\IndexAction.class.php 第 5 行.
NOTIC: [2048] Only variables should be passed by reference D:\wwwroot\mainweb\sdk\api\UcApi\Lib\Action\IndexAction.class.php 第 63 行.
NOTIC: [8] Constant API_RETURN_FAILED already defined D:\wwwroot\mainweb\sdk\uc_client\model\note.php 第 16 行.
SQL: SHOW COLUMNS FROM `sdk_accounts` [ RunTime:0.002141s ]
SQL: SELECT * FROM `sdk_accounts` WHERE ( `account_id` = 1545 ) LIMIT 1   [ RunTime:0.000406s ]

[ 2013-11-17T10:38:08+08:00 ] 192.168.205.141 /api/uc.php?time=1384655888&code=ebc45qfxYxoCTBIziPOj1pA8pJ2Iedq1Mbth00cl0XLRV0SqDbazwfW68MiYY0wKiQHxd3UfJPF5FKNUuOLMF8YvMRHbtuv5OM2GID3RUW9LoLx8NkfRQUuO%2B0OzG6nCeoBvvTIPL9swadco9gcZOvfL5bdJWYa%2B0J%2BoLBOpNbMzVg
INFO: [ app_begin ] --START--
INFO: Run ReadHtmlCache Behavior [ RunTime:0.000730s ]
INFO: [ app_begin ] --END-- [ RunTime:0.000824s ]
NOTIC: [8] Constant UC_CLIENT_VERSION already defined D:\wwwroot\mainweb\sdk\api\UcApi\Lib\Action\IndexAction.class.php 第 4 行.
NOTIC: [8] Constant UC_CLIENT_RELEASE already defined D:\wwwroot\mainweb\sdk\api\UcApi\Lib\Action\IndexAction.class.php 第 5 行.
NOTIC: [2048] Only variables should be passed by reference D:\wwwroot\mainweb\sdk\api\UcApi\Lib\Action\IndexAction.class.php 第 63 行.
NOTIC: [8] Constant API_RETURN_FAILED already defined D:\wwwroot\mainweb\sdk\uc_client\model\note.php 第 16 行.
SQL: SHOW COLUMNS FROM `sdk_accounts` [ RunTime:0.001944s ]
SQL: SELECT * FROM `sdk_accounts` WHERE ( `account_id` = 1434 ) LIMIT 1   [ RunTime:0.000466s ]

[ 2013-11-17T10:46:58+08:00 ] 192.168.205.24 /api/uc.php?time=1384656418&code=0d5bhmydDjbSGhoowA68JP8vMXT63uLOqYyuLTeQCAW4FnoupSczNw3OKPpr0mKlU%2BrQeEEZge8JDGifdexB1oCM7d8wofo4A42Wz7d7Mrffy4EuyK3cTCnzXMAx17ozlBRy590C18GCgATO9UelZYO4vAV8zqbeVkGQo3RFHNlyH9KVlJ7o78xF
INFO: [ app_begin ] --START--
INFO: Run ReadHtmlCache Behavior [ RunTime:0.000706s ]
INFO: [ app_begin ] --END-- [ RunTime:0.000795s ]
NOTIC: [8] Constant UC_CLIENT_VERSION already defined D:\wwwroot\mainweb\sdk\api\UcApi\Lib\Action\IndexAction.class.php 第 4 行.
NOTIC: [8] Constant UC_CLIENT_RELEASE already defined D:\wwwroot\mainweb\sdk\api\UcApi\Lib\Action\IndexAction.class.php 第 5 行.
NOTIC: [2048] Only variables should be passed by reference D:\wwwroot\mainweb\sdk\api\UcApi\Lib\Action\IndexAction.class.php 第 63 行.
NOTIC: [8] Constant API_RETURN_FAILED already defined D:\wwwroot\mainweb\sdk\uc_client\model\note.php 第 16 行.
SQL: SHOW COLUMNS FROM `sdk_accounts` [ RunTime:0.002588s ]
SQL: SELECT * FROM `sdk_accounts` WHERE ( `account_id` = 475 ) LIMIT 1   [ RunTime:0.000390s ]

[ 2013-11-17T11:24:47+08:00 ] 192.168.191.5 /api/uc.php?time=1384658687&code=6c22nNmG9TGe0XVy1N7ZhgOgVZwSPb7mzfXA%2FTyjoWouGud1HNSA1akHY811%2FxwwfuKZYeRjIso39ZDnnnRBsaWyRsQNOstadOfLflAqmEHsaxhnMnLzLYrGCBjndODi9LJ1%2B2rDpX6W19wI8hFK4uxxWgc8YeLpzUHMI1O2muvm
INFO: [ app_begin ] --START--
INFO: Run ReadHtmlCache Behavior [ RunTime:0.000686s ]
INFO: [ app_begin ] --END-- [ RunTime:0.000777s ]
NOTIC: [8] Constant UC_CLIENT_VERSION already defined D:\wwwroot\mainweb\sdk\api\UcApi\Lib\Action\IndexAction.class.php 第 4 行.
NOTIC: [8] Constant UC_CLIENT_RELEASE already defined D:\wwwroot\mainweb\sdk\api\UcApi\Lib\Action\IndexAction.class.php 第 5 行.
NOTIC: [2048] Only variables should be passed by reference D:\wwwroot\mainweb\sdk\api\UcApi\Lib\Action\IndexAction.class.php 第 63 行.
NOTIC: [8] Constant API_RETURN_FAILED already defined D:\wwwroot\mainweb\sdk\uc_client\model\note.php 第 16 行.
SQL: SHOW COLUMNS FROM `sdk_accounts` [ RunTime:0.002432s ]
SQL: SELECT * FROM `sdk_accounts` WHERE ( `account_id` = 1018 ) LIMIT 1   [ RunTime:0.000545s ]

[ 2013-11-17T11:27:44+08:00 ] 192.168.205.72 /api/uc.php?time=1384658864&code=15aeBcmIdhitv3VuCGHLvJr6Bbk%2BOOpEr5mF7CjAHAuZt7zc1DJkna%2FkbywlpkerIlIEwBowN8SNFlda0j8MLvY66Twy%2B29L9USkDIWEXmT3EZ36CJlNyd2lPewrUJML9gn8twq2FdyfJpMYDRNmHLSEFVafZfnT%2Bjkj76FSm4m2Y3Gb%2Fyk
INFO: [ app_begin ] --START--
INFO: Run ReadHtmlCache Behavior [ RunTime:0.001137s ]
INFO: [ app_begin ] --END-- [ RunTime:0.001231s ]
NOTIC: [8] Constant UC_CLIENT_VERSION already defined D:\wwwroot\mainweb\sdk\api\UcApi\Lib\Action\IndexAction.class.php 第 4 行.
NOTIC: [8] Constant UC_CLIENT_RELEASE already defined D:\wwwroot\mainweb\sdk\api\UcApi\Lib\Action\IndexAction.class.php 第 5 行.
NOTIC: [2048] Only variables should be passed by reference D:\wwwroot\mainweb\sdk\api\UcApi\Lib\Action\IndexAction.class.php 第 63 行.
NOTIC: [8] Constant API_RETURN_FAILED already defined D:\wwwroot\mainweb\sdk\uc_client\model\note.php 第 16 行.
SQL: SHOW COLUMNS FROM `sdk_accounts` [ RunTime:0.002332s ]
SQL: SELECT * FROM `sdk_accounts` WHERE ( `account_id` = 1929 ) LIMIT 1   [ RunTime:0.000429s ]

[ 2013-11-17T11:55:57+08:00 ] 192.168.205.82 /api/uc.php?time=1384660557&code=78713%2FQhodQGvM8%2FUx3VSppZ9GP5%2FfG3bAOMk3WyJjWdEArYRuwNOvou8ntW%2FEedCeXL8Jkm0dvaXB4XGIv6jAZ4odZYhu8AEscFFO42XRl%2FTGyKFmv4mmIGk3XEhwVuYOOnZNKIS8RB%2FdxUOi%2BvbWZpsmkPypji49ihjJDExlK0kZ4Bua0
INFO: [ app_begin ] --START--
INFO: Run ReadHtmlCache Behavior [ RunTime:0.000706s ]
INFO: [ app_begin ] --END-- [ RunTime:0.000798s ]
NOTIC: [8] Constant UC_CLIENT_VERSION already defined D:\wwwroot\mainweb\sdk\api\UcApi\Lib\Action\IndexAction.class.php 第 4 行.
NOTIC: [8] Constant UC_CLIENT_RELEASE already defined D:\wwwroot\mainweb\sdk\api\UcApi\Lib\Action\IndexAction.class.php 第 5 行.
NOTIC: [2048] Only variables should be passed by reference D:\wwwroot\mainweb\sdk\api\UcApi\Lib\Action\IndexAction.class.php 第 63 行.
NOTIC: [8] Constant API_RETURN_FAILED already defined D:\wwwroot\mainweb\sdk\uc_client\model\note.php 第 16 行.
SQL: SHOW COLUMNS FROM `sdk_accounts` [ RunTime:0.002058s ]
SQL: SELECT * FROM `sdk_accounts` WHERE ( `account_id` = 172 ) LIMIT 1   [ RunTime:0.000558s ]

[ 2013-11-17T12:03:56+08:00 ] 119.147.146.189 /api/uc.php?time=1384660557&code=78713%2fqhodqgvm8%2fux3vsppz9gp5%2ffg3baomk3wyjjwdearyruwnovou8ntw%2feedcexl8jkm0dvaxb4xgiv6jaz4odzyhu8aescffo42xrl%2ftgykfmv4mmigk3xehwvuyoonznkis8rb%2fdxuoi%2bvbwzpsmkpypji49ihjjdexlk0kz4bua0
INFO: [ app_begin ] --START--
INFO: Run ReadHtmlCache Behavior [ RunTime:0.000700s ]
INFO: [ app_begin ] --END-- [ RunTime:0.000795s ]
NOTIC: [8] Constant UC_CLIENT_VERSION already defined D:\wwwroot\mainweb\sdk\api\UcApi\Lib\Action\IndexAction.class.php 第 4 行.
NOTIC: [8] Constant UC_CLIENT_RELEASE already defined D:\wwwroot\mainweb\sdk\api\UcApi\Lib\Action\IndexAction.class.php 第 5 行.
NOTIC: [8] Undefined index:  time D:\wwwroot\mainweb\sdk\api\UcApi\Lib\Action\IndexAction.class.php 第 54 行.

[ 2013-11-17T12:08:04+08:00 ] 192.168.205.30 /api/uc.php?time=1384661284&code=08fdEsd8YrEXsmiAygdD2YCkVHPQJ7xItjgsLEW8oIrwm0IaZE6t8p7IhyHEhrwuK3DLsILRRGye%2BJePeoHdzzh%2FuwNDs7xE0bObJVcEuwlCxy%2BU0dul2UOUotHqi%2BOLXV5iWAskJ%2B6MyBpn2BcqRm%2F%2FDqnd2uebhEyTIhUgbsQq4Q
INFO: [ app_begin ] --START--
INFO: Run ReadHtmlCache Behavior [ RunTime:0.001089s ]
INFO: [ app_begin ] --END-- [ RunTime:0.001179s ]
NOTIC: [8] Constant UC_CLIENT_VERSION already defined D:\wwwroot\mainweb\sdk\api\UcApi\Lib\Action\IndexAction.class.php 第 4 行.
NOTIC: [8] Constant UC_CLIENT_RELEASE already defined D:\wwwroot\mainweb\sdk\api\UcApi\Lib\Action\IndexAction.class.php 第 5 行.
NOTIC: [2048] Only variables should be passed by reference D:\wwwroot\mainweb\sdk\api\UcApi\Lib\Action\IndexAction.class.php 第 63 行.
NOTIC: [8] Constant API_RETURN_FAILED already defined D:\wwwroot\mainweb\sdk\uc_client\model\note.php 第 16 行.
SQL: SHOW COLUMNS FROM `sdk_accounts` [ RunTime:0.002217s ]
SQL: SELECT * FROM `sdk_accounts` WHERE ( `account_id` = 647 ) LIMIT 1   [ RunTime:0.000553s ]

[ 2013-11-17T12:10:33+08:00 ] 192.168.205.30 /api/uc.php?time=1384661433&code=c545ho19gDpxyq%2F7mW8CFP%2Bzwo%2Bn%2Bz8ZUrDZsQUjFpSgodNULBi6%2BRcXG6vC1Fpp5sH6xAWF5NADt%2BspzNP9FbbsSq2RY2odxnkAAoBwRJPiOiRqzO8oXs5c15P9KnKQTCyopeg11kdIUpgI3IZ0zoSeBu9MGkWkgy3OIQuZjZ5TyQ
INFO: [ app_begin ] --START--
INFO: Run ReadHtmlCache Behavior [ RunTime:0.001064s ]
INFO: [ app_begin ] --END-- [ RunTime:0.001155s ]
NOTIC: [8] Constant UC_CLIENT_VERSION already defined D:\wwwroot\mainweb\sdk\api\UcApi\Lib\Action\IndexAction.class.php 第 4 行.
NOTIC: [8] Constant UC_CLIENT_RELEASE already defined D:\wwwroot\mainweb\sdk\api\UcApi\Lib\Action\IndexAction.class.php 第 5 行.
NOTIC: [2048] Only variables should be passed by reference D:\wwwroot\mainweb\sdk\api\UcApi\Lib\Action\IndexAction.class.php 第 63 行.
NOTIC: [8] Constant API_RETURN_FAILED already defined D:\wwwroot\mainweb\sdk\uc_client\model\note.php 第 16 行.
SQL: SHOW COLUMNS FROM `sdk_accounts` [ RunTime:0.002241s ]
SQL: SELECT * FROM `sdk_accounts` WHERE ( `account_id` = 647 ) LIMIT 1   [ RunTime:0.000373s ]

[ 2013-11-17T14:07:08+08:00 ] 192.168.193.97 /api/uc.php?time=1384668427&code=1f29%2Fbj4ccFIw3gIRwr5JgGgsOkcQ5f62J9Lc6ZzyVaTlyj3ocA1acWzKiB8H4xdXA0xGXvHAYgbJMP4AXYyYyL5FXnB7JeB%2FcHoSiZJHwdQ4yaPkvY9OTsrOJmbMwRpxSPhakw5VvfIT6G6rZ87%2FKI6AY%2By25R5bK%2F47KkYNv1Csg
INFO: [ app_begin ] --START--
INFO: Run ReadHtmlCache Behavior [ RunTime:0.000727s ]
INFO: [ app_begin ] --END-- [ RunTime:0.000821s ]
NOTIC: [8] Constant UC_CLIENT_VERSION already defined D:\wwwroot\mainweb\sdk\api\UcApi\Lib\Action\IndexAction.class.php 第 4 行.
NOTIC: [8] Constant UC_CLIENT_RELEASE already defined D:\wwwroot\mainweb\sdk\api\UcApi\Lib\Action\IndexAction.class.php 第 5 行.
NOTIC: [2048] Only variables should be passed by reference D:\wwwroot\mainweb\sdk\api\UcApi\Lib\Action\IndexAction.class.php 第 63 行.
NOTIC: [8] Constant API_RETURN_FAILED already defined D:\wwwroot\mainweb\sdk\uc_client\model\note.php 第 16 行.
SQL: SHOW COLUMNS FROM `sdk_accounts` [ RunTime:0.002155s ]
SQL: SELECT * FROM `sdk_accounts` WHERE ( `account_id` = 1217 ) LIMIT 1   [ RunTime:0.000913s ]

[ 2013-11-17T14:54:27+08:00 ] 192.168.160.207 /api/uc.php?time=1384671266&code=826c16z%2FtIMmEaqRVTiI0wqbLfnCzksy1b3G8L8XQF3pKSuFD1U3c%2F8N4BZzLa6N%2B7l2mq0WcLixARs2KhDPXnzk6f4IQVe8KogDVpy5Y6Ifk3p07kZuUmAJwSo8qdKChpejUFlxyQb38oXOMlaZ5vYicuhYyw8pFMU3sVbyY80fvns
INFO: [ app_begin ] --START--
INFO: Run ReadHtmlCache Behavior [ RunTime:0.000700s ]
INFO: [ app_begin ] --END-- [ RunTime:0.000793s ]
NOTIC: [8] Constant UC_CLIENT_VERSION already defined D:\wwwroot\mainweb\sdk\api\UcApi\Lib\Action\IndexAction.class.php 第 4 行.
NOTIC: [8] Constant UC_CLIENT_RELEASE already defined D:\wwwroot\mainweb\sdk\api\UcApi\Lib\Action\IndexAction.class.php 第 5 行.
NOTIC: [2048] Only variables should be passed by reference D:\wwwroot\mainweb\sdk\api\UcApi\Lib\Action\IndexAction.class.php 第 63 行.
NOTIC: [8] Constant API_RETURN_FAILED already defined D:\wwwroot\mainweb\sdk\uc_client\model\note.php 第 16 行.
SQL: SHOW COLUMNS FROM `sdk_accounts` [ RunTime:0.002109s ]
SQL: SELECT * FROM `sdk_accounts` WHERE ( `account_id` = 776 ) LIMIT 1   [ RunTime:0.000435s ]

[ 2013-11-17T15:24:28+08:00 ] 180.153.206.31 /api/uc.php?time=1384671266&code=826c16z/tIMmEaqRVTiI0wqbLfnCzksy1b3G8L8XQF3pKSuFD1U3c/8N4BZzLa6N+7l2mq0WcLixARs2KhDPXnzk6f4IQVe8KogDVpy5Y6Ifk3p07kZuUmAJwSo8qdKChpejUFlxyQb38oXOMlaZ5vYicuhYyw8pFMU3sVbyY80fvns
INFO: [ app_begin ] --START--
INFO: Run ReadHtmlCache Behavior [ RunTime:0.000743s ]
INFO: [ app_begin ] --END-- [ RunTime:0.000836s ]
NOTIC: [8] Constant UC_CLIENT_VERSION already defined D:\wwwroot\mainweb\sdk\api\UcApi\Lib\Action\IndexAction.class.php 第 4 行.
NOTIC: [8] Constant UC_CLIENT_RELEASE already defined D:\wwwroot\mainweb\sdk\api\UcApi\Lib\Action\IndexAction.class.php 第 5 行.
NOTIC: [8] Undefined index:  time D:\wwwroot\mainweb\sdk\api\UcApi\Lib\Action\IndexAction.class.php 第 54 行.

[ 2013-11-17T15:58:45+08:00 ] 192.168.206.150 /api/uc.php?time=1384675125&code=b91eo6SraDF0B84uJ6tzwhvUSJy7quvYiQWcvkt8SlYgg4Um59i8oYznGskGFll2SMo5%2Bv8BGcWIp7sJ4D80KSuj4CrY2lJn46XR78riVAnoY%2B07Wy4fHW%2BDKaGf3E7zoiTjSBFSdJ1biwg%2FkXIfBOiqmFyvVtlYlL%2Bb5A2lXg
INFO: [ app_begin ] --START--
INFO: Run ReadHtmlCache Behavior [ RunTime:0.000722s ]
INFO: [ app_begin ] --END-- [ RunTime:0.000813s ]
NOTIC: [8] Constant UC_CLIENT_VERSION already defined D:\wwwroot\mainweb\sdk\api\UcApi\Lib\Action\IndexAction.class.php 第 4 行.
NOTIC: [8] Constant UC_CLIENT_RELEASE already defined D:\wwwroot\mainweb\sdk\api\UcApi\Lib\Action\IndexAction.class.php 第 5 行.
NOTIC: [2048] Only variables should be passed by reference D:\wwwroot\mainweb\sdk\api\UcApi\Lib\Action\IndexAction.class.php 第 63 行.
NOTIC: [8] Constant API_RETURN_FAILED already defined D:\wwwroot\mainweb\sdk\uc_client\model\note.php 第 16 行.
SQL: SHOW COLUMNS FROM `sdk_accounts` [ RunTime:0.002452s ]
SQL: SELECT * FROM `sdk_accounts` WHERE ( `account_id` = 1923 ) LIMIT 1   [ RunTime:0.000606s ]

[ 2013-11-17T16:14:19+08:00 ] 192.168.149.167 /api/uc.php?time=1384676058&code=97deC%2BiHRcDsmX67EPQbqfobucYTYIo1MgwQDDr2UV%2B8Qj4n36PJJqj82l8GzVp09stEn0ziwnn%2Bii92hXg4iYStb%2FWeKxTKZxITF5e4NPrwwfLSc2sRWUgoO1lBRK3Q1aBgihuiPtOo%2FVdMWT3YCWSVCwboxzbQaq4t4pCB9Ok
INFO: [ app_begin ] --START--
INFO: Run ReadHtmlCache Behavior [ RunTime:0.000706s ]
INFO: [ app_begin ] --END-- [ RunTime:0.000797s ]
NOTIC: [8] Constant UC_CLIENT_VERSION already defined D:\wwwroot\mainweb\sdk\api\UcApi\Lib\Action\IndexAction.class.php 第 4 行.
NOTIC: [8] Constant UC_CLIENT_RELEASE already defined D:\wwwroot\mainweb\sdk\api\UcApi\Lib\Action\IndexAction.class.php 第 5 行.
NOTIC: [2048] Only variables should be passed by reference D:\wwwroot\mainweb\sdk\api\UcApi\Lib\Action\IndexAction.class.php 第 63 行.
NOTIC: [8] Constant API_RETURN_FAILED already defined D:\wwwroot\mainweb\sdk\uc_client\model\note.php 第 16 行.
SQL: SHOW COLUMNS FROM `sdk_accounts` [ RunTime:0.002265s ]
SQL: SELECT * FROM `sdk_accounts` WHERE ( `account_id` = 1891 ) LIMIT 1   [ RunTime:0.000480s ]

[ 2013-11-17T16:23:16+08:00 ] 192.168.130.70 /api/uc.php?time=1384676596&code=4d61KCpXj0nje6bS68H3RIhtoU7GTueuyO2rwDIoMasqpIi1ykz1V%2Bwi7Fyo0skZtZ1pFiPhN2Mm5cccYihkajCUKujH%2FgtJnmBpe1v9DoMiPsk7023N553yxtzeJdQiPVf%2Bf2izcRrDc7VzPLRd5ktdCCyDx8Wv5svM7gj7bOOtQUKh
INFO: [ app_begin ] --START--
INFO: Run ReadHtmlCache Behavior [ RunTime:0.001080s ]
INFO: [ app_begin ] --END-- [ RunTime:0.001170s ]
NOTIC: [8] Constant UC_CLIENT_VERSION already defined D:\wwwroot\mainweb\sdk\api\UcApi\Lib\Action\IndexAction.class.php 第 4 行.
NOTIC: [8] Constant UC_CLIENT_RELEASE already defined D:\wwwroot\mainweb\sdk\api\UcApi\Lib\Action\IndexAction.class.php 第 5 行.
NOTIC: [2048] Only variables should be passed by reference D:\wwwroot\mainweb\sdk\api\UcApi\Lib\Action\IndexAction.class.php 第 63 行.
NOTIC: [8] Constant API_RETURN_FAILED already defined D:\wwwroot\mainweb\sdk\uc_client\model\note.php 第 16 行.
SQL: SHOW COLUMNS FROM `sdk_accounts` [ RunTime:0.002153s ]
SQL: SELECT * FROM `sdk_accounts` WHERE ( `account_id` = 821 ) LIMIT 1   [ RunTime:0.000424s ]

[ 2013-11-17T16:25:11+08:00 ] 192.168.130.70 /api/uc.php?time=1384676711&code=a978w1tlsbkm76pmcEJcY1u%2FkBoJprO2EhI7TkY5HF%2Fxay1oZO1Rc2mL8e3x2Gg48RGTVWgUUkIQ9dKFyiYnqtE%2F6ySV4VsHfqu5HS7FS85JYNtyVVdR73SxsntlKMBSXzOZFXREoFxyLBHx45oLDEh8062%2BHS4Jrb%2F8GvmUrERwaD8Z
INFO: [ app_begin ] --START--
INFO: Run ReadHtmlCache Behavior [ RunTime:0.001041s ]
INFO: [ app_begin ] --END-- [ RunTime:0.001131s ]
NOTIC: [8] Constant UC_CLIENT_VERSION already defined D:\wwwroot\mainweb\sdk\api\UcApi\Lib\Action\IndexAction.class.php 第 4 行.
NOTIC: [8] Constant UC_CLIENT_RELEASE already defined D:\wwwroot\mainweb\sdk\api\UcApi\Lib\Action\IndexAction.class.php 第 5 行.
NOTIC: [2048] Only variables should be passed by reference D:\wwwroot\mainweb\sdk\api\UcApi\Lib\Action\IndexAction.class.php 第 63 行.
NOTIC: [8] Constant API_RETURN_FAILED already defined D:\wwwroot\mainweb\sdk\uc_client\model\note.php 第 16 行.
SQL: SHOW COLUMNS FROM `sdk_accounts` [ RunTime:0.001983s ]
SQL: SELECT * FROM `sdk_accounts` WHERE ( `account_id` = 821 ) LIMIT 1   [ RunTime:0.000240s ]

[ 2013-11-17T17:13:58+08:00 ] 192.168.204.11 /api/uc.php?time=1384679638&code=3200pPY1cRKc8Jd28dZ5hGtjPmX40rRdC3FRdkgIQtNxK9gG%2BUTHuFJqEci0HfjmwnZNW9XP2oiYO%2FdW7NDMeVXRHOpMkn2SMr0jvcVkO2buvCGqRMcD6GyZ%2BjjUEGPjOXHvObg4rNo23Il2OwISujUcyBRbzfMC4%2B3r
INFO: [ app_begin ] --START--
INFO: Run ReadHtmlCache Behavior [ RunTime:0.001088s ]
INFO: [ app_begin ] --END-- [ RunTime:0.001196s ]
NOTIC: [8] Constant UC_CLIENT_VERSION already defined D:\wwwroot\mainweb\sdk\api\UcApi\Lib\Action\IndexAction.class.php 第 4 行.
NOTIC: [8] Constant UC_CLIENT_RELEASE already defined D:\wwwroot\mainweb\sdk\api\UcApi\Lib\Action\IndexAction.class.php 第 5 行.
NOTIC: [2048] Only variables should be passed by reference D:\wwwroot\mainweb\sdk\api\UcApi\Lib\Action\IndexAction.class.php 第 63 行.
NOTIC: [8] Constant API_RETURN_FAILED already defined D:\wwwroot\mainweb\sdk\uc_client\model\note.php 第 16 行.
SQL: SHOW COLUMNS FROM `sdk_accounts` [ RunTime:0.002217s ]
SQL: SELECT * FROM `sdk_accounts` WHERE ( `account_id` = 425 ) LIMIT 1   [ RunTime:0.000581s ]

[ 2013-11-17T17:59:27+08:00 ] 192.168.166.156 /api/uc.php?time=1384682366&code=74dcCA9e3WqXCGjdEEkj%2BK3E04V4FHem5vIuur5F1Nq%2FDQBHvgj7dqvaP6hqtboBeLHRQ3NlsEadLTfZ%2BihXDRkD7Oyn4rtxJljLcXEmmichBZYqIYXsS84FjmyjUUao%2BotYr8Vi3Ik%2BWxQ8%2B4Pv5VPlJ1gifQtocNrcxReLEUPOtw
INFO: [ app_begin ] --START--
INFO: Run ReadHtmlCache Behavior [ RunTime:0.001050s ]
INFO: [ app_begin ] --END-- [ RunTime:0.001143s ]
NOTIC: [8] Constant UC_CLIENT_VERSION already defined D:\wwwroot\mainweb\sdk\api\UcApi\Lib\Action\IndexAction.class.php 第 4 行.
NOTIC: [8] Constant UC_CLIENT_RELEASE already defined D:\wwwroot\mainweb\sdk\api\UcApi\Lib\Action\IndexAction.class.php 第 5 行.
NOTIC: [2048] Only variables should be passed by reference D:\wwwroot\mainweb\sdk\api\UcApi\Lib\Action\IndexAction.class.php 第 63 行.
NOTIC: [8] Constant API_RETURN_FAILED already defined D:\wwwroot\mainweb\sdk\uc_client\model\note.php 第 16 行.
SQL: SHOW COLUMNS FROM `sdk_accounts` [ RunTime:0.002132s ]
SQL: SELECT * FROM `sdk_accounts` WHERE ( `account_id` = 1583 ) LIMIT 1   [ RunTime:0.000465s ]

[ 2013-11-17T17:59:51+08:00 ] 192.168.166.156 /api/uc.php?time=1384682391&code=2d82V%2Bevwd5e%2FpnCUdgTqZMPpQO9ACJQn2w9IwgGAl8%2BokVn%2FTWXWtGNVpgtybrVDbYykpGPWFxeWYdNOg
INFO: [ app_begin ] --START--
INFO: Run ReadHtmlCache Behavior [ RunTime:0.000700s ]
INFO: [ app_begin ] --END-- [ RunTime:0.000792s ]
NOTIC: [8] Constant UC_CLIENT_VERSION already defined D:\wwwroot\mainweb\sdk\api\UcApi\Lib\Action\IndexAction.class.php 第 4 行.
NOTIC: [8] Constant UC_CLIENT_RELEASE already defined D:\wwwroot\mainweb\sdk\api\UcApi\Lib\Action\IndexAction.class.php 第 5 行.
NOTIC: [2048] Only variables should be passed by reference D:\wwwroot\mainweb\sdk\api\UcApi\Lib\Action\IndexAction.class.php 第 63 行.

[ 2013-11-17T18:35:29+08:00 ] 192.168.138.138 /api/uc.php?time=1384684529&code=316ep6Z1qweb3BPy9nGu770slr163eCYIYfhc4LdtiHpJrX4Nfy3zrmVBFpnfyPXYsrcJEcsQRALTUBYtNkfGXh%2FuAt2RnJz7ea7NeiaiXwTf6c%2Bbr7kL4DduQaot%2FwwVwgp%2Fuj1PJL%2Fme%2FIiBlYFhNn7sUk7Y79Llniv%2FbsKsuEIw
INFO: [ app_begin ] --START--
INFO: Run ReadHtmlCache Behavior [ RunTime:0.000706s ]
INFO: [ app_begin ] --END-- [ RunTime:0.000796s ]
NOTIC: [8] Constant UC_CLIENT_VERSION already defined D:\wwwroot\mainweb\sdk\api\UcApi\Lib\Action\IndexAction.class.php 第 4 行.
NOTIC: [8] Constant UC_CLIENT_RELEASE already defined D:\wwwroot\mainweb\sdk\api\UcApi\Lib\Action\IndexAction.class.php 第 5 行.
NOTIC: [2048] Only variables should be passed by reference D:\wwwroot\mainweb\sdk\api\UcApi\Lib\Action\IndexAction.class.php 第 63 行.
NOTIC: [8] Constant API_RETURN_FAILED already defined D:\wwwroot\mainweb\sdk\uc_client\model\note.php 第 16 行.
SQL: SHOW COLUMNS FROM `sdk_accounts` [ RunTime:0.002066s ]
SQL: SELECT * FROM `sdk_accounts` WHERE ( `account_id` = 2000 ) LIMIT 1   [ RunTime:0.000319s ]

[ 2013-11-17T18:45:30+08:00 ] 192.168.165.106 /api/uc.php?time=1384685130&code=da12vmhAUZjrC7avoX5RIzo%2B8neGXmEEI%2BYHkkvQbD0JVPVOyWDvxvfs9NH9HHNgHuUfct9j2QpO5hYVfggjMLZkqD6grmNWy8rhlIMpQ%2F5qg5zoL7JX8cpDooofjizdpoHDT5XEXu0qO11R3LktcwB%2BmvOjepKjnqNA3g
INFO: [ app_begin ] --START--
INFO: Run ReadHtmlCache Behavior [ RunTime:0.001275s ]
INFO: [ app_begin ] --END-- [ RunTime:0.001384s ]
NOTIC: [8] Constant UC_CLIENT_VERSION already defined D:\wwwroot\mainweb\sdk\api\UcApi\Lib\Action\IndexAction.class.php 第 4 行.
NOTIC: [8] Constant UC_CLIENT_RELEASE already defined D:\wwwroot\mainweb\sdk\api\UcApi\Lib\Action\IndexAction.class.php 第 5 行.
NOTIC: [2048] Only variables should be passed by reference D:\wwwroot\mainweb\sdk\api\UcApi\Lib\Action\IndexAction.class.php 第 63 行.
NOTIC: [8] Constant API_RETURN_FAILED already defined D:\wwwroot\mainweb\sdk\uc_client\model\note.php 第 16 行.
SQL: SHOW COLUMNS FROM `sdk_accounts` [ RunTime:0.002745s ]
SQL: SELECT * FROM `sdk_accounts` WHERE ( `account_id` = 1331 ) LIMIT 1   [ RunTime:0.000552s ]

[ 2013-11-17T18:50:11+08:00 ] 192.168.200.233 /api/uc.php?time=1384685411&code=4b0fKg1z8ZVu0MR9o9uMOKRp9lf%2FIyYN6MVudRkxstZl7L8e09LfJcuuabwbDLSFx7yembkEGoUba160hddzuepKdLahkim%2BxgpsPVHw6XDWyeGNV67vjlRAIjb%2FAuo%2BygkOw7KYy95yAx8iX4C7B%2FEh7SkLj4NFLLG6SbVVkA0
INFO: [ app_begin ] --START--
INFO: Run ReadHtmlCache Behavior [ RunTime:0.000700s ]
INFO: [ app_begin ] --END-- [ RunTime:0.000793s ]
NOTIC: [8] Constant UC_CLIENT_VERSION already defined D:\wwwroot\mainweb\sdk\api\UcApi\Lib\Action\IndexAction.class.php 第 4 行.
NOTIC: [8] Constant UC_CLIENT_RELEASE already defined D:\wwwroot\mainweb\sdk\api\UcApi\Lib\Action\IndexAction.class.php 第 5 行.
NOTIC: [2048] Only variables should be passed by reference D:\wwwroot\mainweb\sdk\api\UcApi\Lib\Action\IndexAction.class.php 第 63 行.
NOTIC: [8] Constant API_RETURN_FAILED already defined D:\wwwroot\mainweb\sdk\uc_client\model\note.php 第 16 行.
SQL: SHOW COLUMNS FROM `sdk_accounts` [ RunTime:0.002091s ]
SQL: SELECT * FROM `sdk_accounts` WHERE ( `account_id` = 348 ) LIMIT 1   [ RunTime:0.000561s ]

[ 2013-11-17T19:23:40+08:00 ] 192.168.200.218 /api/uc.php?time=1384687419&code=7177qDsPdLkQYI2HC3RXMxjvX99hN4n%2FkyV4ig%2FUi%2Fe1NnnPZLMOwqY9ZAuad5JRzy0HCMCPWbEzoDrvkXO%2BN1qwhq7rcjHXAhDeCZMAUwuGCCOaeJ2BopKohhc2354SDgKPSUmxuAxvVHyvvvfuKX9nAMP1zBBfZR3KqGA9odBTcg
INFO: [ app_begin ] --START--
INFO: Run ReadHtmlCache Behavior [ RunTime:0.000746s ]
INFO: [ app_begin ] --END-- [ RunTime:0.000839s ]
NOTIC: [8] Constant UC_CLIENT_VERSION already defined D:\wwwroot\mainweb\sdk\api\UcApi\Lib\Action\IndexAction.class.php 第 4 行.
NOTIC: [8] Constant UC_CLIENT_RELEASE already defined D:\wwwroot\mainweb\sdk\api\UcApi\Lib\Action\IndexAction.class.php 第 5 行.
NOTIC: [2048] Only variables should be passed by reference D:\wwwroot\mainweb\sdk\api\UcApi\Lib\Action\IndexAction.class.php 第 63 行.
NOTIC: [8] Constant API_RETURN_FAILED already defined D:\wwwroot\mainweb\sdk\uc_client\model\note.php 第 16 行.
SQL: SHOW COLUMNS FROM `sdk_accounts` [ RunTime:0.002051s ]
SQL: SELECT * FROM `sdk_accounts` WHERE ( `account_id` = 1657 ) LIMIT 1   [ RunTime:0.000465s ]

[ 2013-11-17T22:17:59+08:00 ] 192.168.139.71 /api/uc.php?time=1384697879&code=d212zEeAipxJKUwctgW%2F18bM98ypTpJHSdyaB2AXbuTXqMCmD9lFGKxFqqtbErpAr1ShF%2B0vw9If99uqSXoDM%2FlG4ScP2%2B8NorE3J8%2B75zgHKtSiAglVI17YO52N8m518Eo%2FO2lgZnJxKiqgFGurb0yYqRvUttD73jA0qnZUpWU
INFO: [ app_begin ] --START--
INFO: Run ReadHtmlCache Behavior [ RunTime:0.001043s ]
INFO: [ app_begin ] --END-- [ RunTime:0.001136s ]
NOTIC: [8] Constant UC_CLIENT_VERSION already defined D:\wwwroot\mainweb\sdk\api\UcApi\Lib\Action\IndexAction.class.php 第 4 行.
NOTIC: [8] Constant UC_CLIENT_RELEASE already defined D:\wwwroot\mainweb\sdk\api\UcApi\Lib\Action\IndexAction.class.php 第 5 行.
NOTIC: [2048] Only variables should be passed by reference D:\wwwroot\mainweb\sdk\api\UcApi\Lib\Action\IndexAction.class.php 第 63 行.
NOTIC: [8] Constant API_RETURN_FAILED already defined D:\wwwroot\mainweb\sdk\uc_client\model\note.php 第 16 行.
SQL: SHOW COLUMNS FROM `sdk_accounts` [ RunTime:0.002100s ]
SQL: SELECT * FROM `sdk_accounts` WHERE ( `account_id` = 2465 ) LIMIT 1   [ RunTime:0.000404s ]

[ 2013-11-17T22:18:19+08:00 ] 192.168.201.27 /api/uc.php?time=1384697898&code=a8a90pI2m%2BAhIvuJU%2FZXyiMXP0UlFZqD3LbEnEXoq8Iu9M2xjvvbz%2BGvl9dNvX8ye8LiE%2BE9ubwx57bhlxsOmKe15ilFaHeARtxc3V72E40%2FsyljkRcr19b8ptMBz%2FjSuB2sI9R%2FQeTNZwtXxfe4YUSI7yWITUWPCPwXNESEXWvtqg
INFO: [ app_begin ] --START--
INFO: Run ReadHtmlCache Behavior [ RunTime:0.000584s ]
INFO: [ app_begin ] --END-- [ RunTime:0.000674s ]
NOTIC: [8] Constant UC_CLIENT_VERSION already defined D:\wwwroot\mainweb\sdk\api\UcApi\Lib\Action\IndexAction.class.php 第 4 行.
NOTIC: [8] Constant UC_CLIENT_RELEASE already defined D:\wwwroot\mainweb\sdk\api\UcApi\Lib\Action\IndexAction.class.php 第 5 行.
NOTIC: [2048] Only variables should be passed by reference D:\wwwroot\mainweb\sdk\api\UcApi\Lib\Action\IndexAction.class.php 第 63 行.
NOTIC: [8] Constant API_RETURN_FAILED already defined D:\wwwroot\mainweb\sdk\uc_client\model\note.php 第 16 行.
SQL: SHOW COLUMNS FROM `sdk_accounts` [ RunTime:0.002190s ]
SQL: SELECT * FROM `sdk_accounts` WHERE ( `account_id` = 2352 ) LIMIT 1   [ RunTime:0.000591s ]

[ 2013-11-17T22:27:10+08:00 ] 192.168.178.194 /api/uc.php?time=1384698430&code=45ebrwhCs333C%2BjpvpAbV9ZYyGZuYsJVL3tBzFng1Xudy9mr2570XPUcuvlUb2coMxyrOmgcQh6ynn9c2zI718VatfITcbXxUcP%2FewXztFzI1DOjyUqKSrPGJs3omC2FfJ5zOGQfYOGMWtvMju2kf6EtJ%2F%2FDYuT%2FHC2LwCypYiYwqA
INFO: [ app_begin ] --START--
INFO: Run ReadHtmlCache Behavior [ RunTime:0.000701s ]
INFO: [ app_begin ] --END-- [ RunTime:0.000793s ]
NOTIC: [8] Constant UC_CLIENT_VERSION already defined D:\wwwroot\mainweb\sdk\api\UcApi\Lib\Action\IndexAction.class.php 第 4 行.
NOTIC: [8] Constant UC_CLIENT_RELEASE already defined D:\wwwroot\mainweb\sdk\api\UcApi\Lib\Action\IndexAction.class.php 第 5 行.
NOTIC: [2048] Only variables should be passed by reference D:\wwwroot\mainweb\sdk\api\UcApi\Lib\Action\IndexAction.class.php 第 63 行.
NOTIC: [8] Constant API_RETURN_FAILED already defined D:\wwwroot\mainweb\sdk\uc_client\model\note.php 第 16 行.
SQL: SHOW COLUMNS FROM `sdk_accounts` [ RunTime:0.002072s ]
SQL: SELECT * FROM `sdk_accounts` WHERE ( `account_id` = 1591 ) LIMIT 1   [ RunTime:0.000631s ]

[ 2013-11-17T23:08:40+08:00 ] 192.168.137.13 /api/uc.php?time=1384700920&code=0b7c9%2B81cZvmOX%2BB6OQN2FQNPjp5wAGleHLyMOVNyHMi3agq2RQv1vvriQWT1J4g3hf5%2BYGTcUm%2FoDXoXwGKUnmd2%2FeydjA7NHo7plcaff%2Fowf9G7vGl%2BNLIdqLDG8fvSEZt3IINkPeiGdpkmvhW4QluX7b3DpKe%2BRUVrA
INFO: [ app_begin ] --START--
INFO: Run ReadHtmlCache Behavior [ RunTime:0.000737s ]
INFO: [ app_begin ] --END-- [ RunTime:0.000828s ]
NOTIC: [8] Constant UC_CLIENT_VERSION already defined D:\wwwroot\mainweb\sdk\api\UcApi\Lib\Action\IndexAction.class.php 第 4 行.
NOTIC: [8] Constant UC_CLIENT_RELEASE already defined D:\wwwroot\mainweb\sdk\api\UcApi\Lib\Action\IndexAction.class.php 第 5 行.
NOTIC: [2048] Only variables should be passed by reference D:\wwwroot\mainweb\sdk\api\UcApi\Lib\Action\IndexAction.class.php 第 63 行.
NOTIC: [8] Constant API_RETURN_FAILED already defined D:\wwwroot\mainweb\sdk\uc_client\model\note.php 第 16 行.
SQL: SHOW COLUMNS FROM `sdk_accounts` [ RunTime:0.002326s ]
SQL: SELECT * FROM `sdk_accounts` WHERE ( `account_id` = 2320 ) LIMIT 1   [ RunTime:0.000417s ]

[ 2013-11-17T23:25:43+08:00 ] 192.168.203.227 /api/uc.php?time=1384701943&code=74ffk3Yw6Jsz49j7eiXSGWrw%2FK64BJ3HMI7L9T4F8MTJnJKE650dpKaLW%2BEhEpMKXI%2B9wJxfa91z7%2FfdLNe0ucSWJmdnbmzebHShon3Gzb79Zj%2FD%2B3zfO5bJFpN1xqJrKcXkDTQQmtYbp3B2qtHXR1s88%2FuSMS5VP7UwCLGX
INFO: [ app_begin ] --START--
INFO: Run ReadHtmlCache Behavior [ RunTime:0.001086s ]
INFO: [ app_begin ] --END-- [ RunTime:0.001184s ]
NOTIC: [8] Constant UC_CLIENT_VERSION already defined D:\wwwroot\mainweb\sdk\api\UcApi\Lib\Action\IndexAction.class.php 第 4 行.
NOTIC: [8] Constant UC_CLIENT_RELEASE already defined D:\wwwroot\mainweb\sdk\api\UcApi\Lib\Action\IndexAction.class.php 第 5 行.
NOTIC: [2048] Only variables should be passed by reference D:\wwwroot\mainweb\sdk\api\UcApi\Lib\Action\IndexAction.class.php 第 63 行.
NOTIC: [8] Constant API_RETURN_FAILED already defined D:\wwwroot\mainweb\sdk\uc_client\model\note.php 第 16 行.
SQL: SHOW COLUMNS FROM `sdk_accounts` [ RunTime:0.002214s ]
SQL: SELECT * FROM `sdk_accounts` WHERE ( `account_id` = 2564 ) LIMIT 1   [ RunTime:0.000322s ]

