[ 2013-12-24T01:24:57+08:00 ] 219.133.40.15 /api/uc.php?time=1387819497&code=d4d6AFDOyF4%2Bn70KKiOe5h79bepezWFrkNvtWNosofbXVJ1z%2BR9GvGuWiyMEhsQ01j2ZMyNTQn4tslVRozWp322sIzvXyM3tV38Qp%2BIzN0kmsast8utqXwduqI5L%2BoSI%2FP%2FgC8MzQMV7r3i5HS6epoE8Ao2KC7MTV4P8Va7lbp7RDVyEBA
INFO: [ app_begin ] --START--
INFO: Run ReadHtmlCache Behavior [ RunTime:0.001131s ]
INFO: [ app_begin ] --END-- [ RunTime:0.001224s ]
NOTIC: [8] Constant UC_CLIENT_VERSION already defined D:\wwwroot\mainweb\sdk\api\UcApi\Lib\Action\IndexAction.class.php 第 4 行.
NOTIC: [8] Constant UC_CLIENT_RELEASE already defined D:\wwwroot\mainweb\sdk\api\UcApi\Lib\Action\IndexAction.class.php 第 5 行.
NOTIC: [2048] Only variables should be passed by reference D:\wwwroot\mainweb\sdk\api\UcApi\Lib\Action\IndexAction.class.php 第 63 行.
NOTIC: [8] Constant API_RETURN_FAILED already defined D:\wwwroot\mainweb\sdk\uc_client\model\note.php 第 16 行.
SQL: SHOW COLUMNS FROM `sdk_accounts` [ RunTime:0.002207s ]
SQL: SELECT * FROM `sdk_accounts` WHERE ( `account_id` = 2541 ) LIMIT 1   [ RunTime:0.000437s ]

[ 2013-12-24T01:24:57+08:00 ] 120.196.212.107 /api/uc.php?time=1387819497&code=d4d6AFDOyF4%2Bn70KKiOe5h79bepezWFrkNvtWNosofbXVJ1z%2BR9GvGuWiyMEhsQ01j2ZMyNTQn4tslVRozWp322sIzvXyM3tV38Qp%2BIzN0kmsast8utqXwduqI5L%2BoSI%2FP%2FgC8MzQMV7r3i5HS6epoE8Ao2KC7MTV4P8Va7lbp7RDVyEBA
INFO: [ app_begin ] --START--
INFO: Run ReadHtmlCache Behavior [ RunTime:0.001024s ]
INFO: [ app_begin ] --END-- [ RunTime:0.001111s ]
NOTIC: [8] Constant UC_CLIENT_VERSION already defined D:\wwwroot\mainweb\sdk\api\UcApi\Lib\Action\IndexAction.class.php 第 4 行.
NOTIC: [8] Constant UC_CLIENT_RELEASE already defined D:\wwwroot\mainweb\sdk\api\UcApi\Lib\Action\IndexAction.class.php 第 5 行.
NOTIC: [2048] Only variables should be passed by reference D:\wwwroot\mainweb\sdk\api\UcApi\Lib\Action\IndexAction.class.php 第 63 行.
NOTIC: [8] Constant API_RETURN_FAILED already defined D:\wwwroot\mainweb\sdk\uc_client\model\note.php 第 16 行.
SQL: SHOW COLUMNS FROM `sdk_accounts` [ RunTime:0.002007s ]
SQL: SELECT * FROM `sdk_accounts` WHERE ( `account_id` = 2541 ) LIMIT 1   [ RunTime:0.000214s ]

[ 2013-12-24T01:24:59+08:00 ] 219.133.40.15 /api/uc.php?time=1387819497&code=d4d6AFDOyF4%2Bn70KKiOe5h79bepezWFrkNvtWNosofbXVJ1z%2BR9GvGuWiyMEhsQ01j2ZMyNTQn4tslVRozWp322sIzvXyM3tV38Qp%2BIzN0kmsast8utqXwduqI5L%2BoSI%2FP%2FgC8MzQMV7r3i5HS6epoE8Ao2KC7MTV4P8Va7lbp7RDVyEBA
INFO: [ app_begin ] --START--
INFO: Run ReadHtmlCache Behavior [ RunTime:0.000916s ]
INFO: [ app_begin ] --END-- [ RunTime:0.001006s ]
NOTIC: [8] Constant UC_CLIENT_VERSION already defined D:\wwwroot\mainweb\sdk\api\UcApi\Lib\Action\IndexAction.class.php 第 4 行.
NOTIC: [8] Constant UC_CLIENT_RELEASE already defined D:\wwwroot\mainweb\sdk\api\UcApi\Lib\Action\IndexAction.class.php 第 5 行.
NOTIC: [2048] Only variables should be passed by reference D:\wwwroot\mainweb\sdk\api\UcApi\Lib\Action\IndexAction.class.php 第 63 行.
NOTIC: [8] Constant API_RETURN_FAILED already defined D:\wwwroot\mainweb\sdk\uc_client\model\note.php 第 16 行.
SQL: SHOW COLUMNS FROM `sdk_accounts` [ RunTime:0.002343s ]
SQL: SELECT * FROM `sdk_accounts` WHERE ( `account_id` = 2541 ) LIMIT 1   [ RunTime:0.000357s ]

[ 2013-12-24T08:23:04+08:00 ] 192.168.142.155 /api/uc.php?time=1387844584&code=bfbfnC7MCxnVsj0qk67bxXqV9Kg5jbhElHyXkBXieK1iky3WcA7Q5yVOoJM2Q0c52Zf%2B%2Bh1ZeJAg1J4wS6MfugD%2Fg6%2Bm98MUNQb53f4eZl0fF%2BDdHLqoRvQbThTayiEKwAeEf%2B5gWpCCzdoOC86h1jd%2BrWUEbi%2Bm6KbuVumuPKQLzw
INFO: [ app_begin ] --START--
INFO: Run ReadHtmlCache Behavior [ RunTime:0.001040s ]
INFO: [ app_begin ] --END-- [ RunTime:0.001130s ]
NOTIC: [8] Constant UC_CLIENT_VERSION already defined D:\wwwroot\mainweb\sdk\api\UcApi\Lib\Action\IndexAction.class.php 第 4 行.
NOTIC: [8] Constant UC_CLIENT_RELEASE already defined D:\wwwroot\mainweb\sdk\api\UcApi\Lib\Action\IndexAction.class.php 第 5 行.
NOTIC: [2048] Only variables should be passed by reference D:\wwwroot\mainweb\sdk\api\UcApi\Lib\Action\IndexAction.class.php 第 63 行.
NOTIC: [8] Constant API_RETURN_FAILED already defined D:\wwwroot\mainweb\sdk\uc_client\model\note.php 第 16 行.
SQL: SHOW COLUMNS FROM `sdk_accounts` [ RunTime:0.002157s ]
SQL: SELECT * FROM `sdk_accounts` WHERE ( `account_id` = 2181 ) LIMIT 1   [ RunTime:0.000470s ]

[ 2013-12-24T09:55:18+08:00 ] 192.168.201.215 /api/uc.php?time=1387850118&code=cab9h8%2B1STDGCKjjtIAVNNDNIXIOPEBvddJJNVeNau1VhI%2FeGM3eu2SpaVfAkyCOXoOvAK5UJvcvPSxvh%2FbJpEqA1elJIrNZqT6FxMj3IP0hrp9HRgFRTg%2FPUZwp5UmefplO0ZGcfoKVP3GYZAkjIliwQ9yuxrqgcTp5Ew
INFO: [ app_begin ] --START--
INFO: Run ReadHtmlCache Behavior [ RunTime:0.001171s ]
INFO: [ app_begin ] --END-- [ RunTime:0.001268s ]
NOTIC: [8] Constant UC_CLIENT_VERSION already defined D:\wwwroot\mainweb\sdk\api\UcApi\Lib\Action\IndexAction.class.php 第 4 行.
NOTIC: [8] Constant UC_CLIENT_RELEASE already defined D:\wwwroot\mainweb\sdk\api\UcApi\Lib\Action\IndexAction.class.php 第 5 行.
NOTIC: [2048] Only variables should be passed by reference D:\wwwroot\mainweb\sdk\api\UcApi\Lib\Action\IndexAction.class.php 第 63 行.
NOTIC: [8] Constant API_RETURN_FAILED already defined D:\wwwroot\mainweb\sdk\uc_client\model\note.php 第 16 行.
SQL: SHOW COLUMNS FROM `sdk_accounts` [ RunTime:0.002008s ]
SQL: SELECT * FROM `sdk_accounts` WHERE ( `account_id` = 1773 ) LIMIT 1   [ RunTime:0.000503s ]

[ 2013-12-24T10:39:02+08:00 ] 192.168.181.196 /api/uc.php?time=1387852741&code=1e450EV5pKKE22wYGj4PzGIeJ5sOSkIIYWQjxqOYaoYdH0oF2e7Hp0XRSru6aV0xLRt9NCQ8USejglN%2FWYvooQf5xGd6Iz6uRo7hNuyTy1yX5B7GRnXwA81OTm%2Br2%2FeD3FIf4o3wnzC3zm2J0YaLj8xTDfAOW35ywVy4rhWwG6pjrQ
INFO: [ app_begin ] --START--
INFO: Run ReadHtmlCache Behavior [ RunTime:0.001152s ]
INFO: [ app_begin ] --END-- [ RunTime:0.001243s ]
NOTIC: [8] Constant UC_CLIENT_VERSION already defined D:\wwwroot\mainweb\sdk\api\UcApi\Lib\Action\IndexAction.class.php 第 4 行.
NOTIC: [8] Constant UC_CLIENT_RELEASE already defined D:\wwwroot\mainweb\sdk\api\UcApi\Lib\Action\IndexAction.class.php 第 5 行.
NOTIC: [2048] Only variables should be passed by reference D:\wwwroot\mainweb\sdk\api\UcApi\Lib\Action\IndexAction.class.php 第 63 行.
NOTIC: [8] Constant API_RETURN_FAILED already defined D:\wwwroot\mainweb\sdk\uc_client\model\note.php 第 16 行.
SQL: SHOW COLUMNS FROM `sdk_accounts` [ RunTime:0.002191s ]
SQL: SELECT * FROM `sdk_accounts` WHERE ( `account_id` = 1037 ) LIMIT 1   [ RunTime:0.000484s ]

[ 2013-12-24T12:12:53+08:00 ] 192.168.181.101 /api/uc.php?time=1387858373&code=1babtrkQHjxNz%2BIPTZRG4Qhrfbl8o06U%2BwpJj7fJ0gdXBVx1ClXsp4uqNMG11jjyRffwfhfp5gaPWoWitBWWtETjXmFKFmhw3gKSamJeRHXwYBISCtcKyZ6aVHdq5WW7Z6AfZooBWrOqexWxhK%2FBRYE3WyvBrEd%2B457PqqZB
INFO: [ app_begin ] --START--
INFO: Run ReadHtmlCache Behavior [ RunTime:0.001115s ]
INFO: [ app_begin ] --END-- [ RunTime:0.001207s ]
NOTIC: [8] Constant UC_CLIENT_VERSION already defined D:\wwwroot\mainweb\sdk\api\UcApi\Lib\Action\IndexAction.class.php 第 4 行.
NOTIC: [8] Constant UC_CLIENT_RELEASE already defined D:\wwwroot\mainweb\sdk\api\UcApi\Lib\Action\IndexAction.class.php 第 5 行.
NOTIC: [2048] Only variables should be passed by reference D:\wwwroot\mainweb\sdk\api\UcApi\Lib\Action\IndexAction.class.php 第 63 行.
NOTIC: [8] Constant API_RETURN_FAILED already defined D:\wwwroot\mainweb\sdk\uc_client\model\note.php 第 16 行.
SQL: SHOW COLUMNS FROM `sdk_accounts` [ RunTime:0.002130s ]
SQL: SELECT * FROM `sdk_accounts` WHERE ( `account_id` = 2074 ) LIMIT 1   [ RunTime:0.000528s ]

[ 2013-12-24T12:15:37+08:00 ] 183.4.26.202 /api/uc.php?time=1387858536&code=ed00IJ5CaIdS7qN8vDP3lMtyGIMNGeuxhQ9%2FjoO3MZ%2BJP3xa7IoWjAxI29nDo1v6zboPx3SNjxAy7vq6vsKE8ex4rp%2BK0Es3bK1%2BiElfDhpN0Wv%2FVWapTdNBuhDDU%2FZxFr%2FWu0hvaYy5SzHfeFlmXJQtU3coav6x8iRMolc
INFO: [ app_begin ] --START--
INFO: Run ReadHtmlCache Behavior [ RunTime:0.001012s ]
INFO: [ app_begin ] --END-- [ RunTime:0.001106s ]
NOTIC: [8] Constant UC_CLIENT_VERSION already defined D:\wwwroot\mainweb\sdk\api\UcApi\Lib\Action\IndexAction.class.php 第 4 行.
NOTIC: [8] Constant UC_CLIENT_RELEASE already defined D:\wwwroot\mainweb\sdk\api\UcApi\Lib\Action\IndexAction.class.php 第 5 行.
NOTIC: [2048] Only variables should be passed by reference D:\wwwroot\mainweb\sdk\api\UcApi\Lib\Action\IndexAction.class.php 第 63 行.
NOTIC: [8] Constant API_RETURN_FAILED already defined D:\wwwroot\mainweb\sdk\uc_client\model\note.php 第 16 行.
SQL: SHOW COLUMNS FROM `sdk_accounts` [ RunTime:0.002119s ]
SQL: SELECT * FROM `sdk_accounts` WHERE ( `account_id` = 1949 ) LIMIT 1   [ RunTime:0.015173s ]

[ 2013-12-24T12:34:51+08:00 ] 192.168.190.3 /api/uc.php?time=1387859691&code=0ae0mudNfTRG1u7D97%2FZkK6OYUXRr%2BY3upMMO3qAiW2xPOw4ZqhV2Lx%2BBCqkMpDytJqYkMDQIoMm3g9nM2ttAtCSVGkaJO1glvXPPQJPF2MZh%2B1%2BJRAVjH5g5RaHqv4QsdW5o%2Fy2zt%2B71EOiUQJSChiRXN%2FjsYrWVTCrebMC0Q
INFO: [ app_begin ] --START--
INFO: Run ReadHtmlCache Behavior [ RunTime:0.001128s ]
INFO: [ app_begin ] --END-- [ RunTime:0.001255s ]
NOTIC: [8] Constant UC_CLIENT_VERSION already defined D:\wwwroot\mainweb\sdk\api\UcApi\Lib\Action\IndexAction.class.php 第 4 行.
NOTIC: [8] Constant UC_CLIENT_RELEASE already defined D:\wwwroot\mainweb\sdk\api\UcApi\Lib\Action\IndexAction.class.php 第 5 行.
NOTIC: [2048] Only variables should be passed by reference D:\wwwroot\mainweb\sdk\api\UcApi\Lib\Action\IndexAction.class.php 第 63 行.
NOTIC: [8] Constant API_RETURN_FAILED already defined D:\wwwroot\mainweb\sdk\uc_client\model\note.php 第 16 行.
SQL: SHOW COLUMNS FROM `sdk_accounts` [ RunTime:0.002061s ]
SQL: SELECT * FROM `sdk_accounts` WHERE ( `account_id` = 2577 ) LIMIT 1   [ RunTime:0.000582s ]
SQL: INSERT INTO `sdk_accounts` (`account_id`,`user_name`,`email`,`password`,`reg_time`) VALUES (2577,'唯心','710601524@qq.com','1a42639cab7f4013d9f4e4621f00dcdc1997e6dc',1387859691) [ RunTime:0.039211s ]

[ 2013-12-24T12:57:05+08:00 ] 192.168.201.22 /api/uc.php?time=1387861024&code=9e60X6IFzkzufI0O0hFhbfI2GijHKwvn3uOdOphzVkx5O51zKEoW0NRMSDjAsnZlQgirWChTVrexQwoocINQhYyHw1RpBnr4Vr7W47DLQ5ma03NByXKp1DcEhia%2Bu1w6oMbH3gn5zhyctjOsDCJSKS314iSVUzB8BI4sWZfgXlYO
INFO: [ app_begin ] --START--
INFO: Run ReadHtmlCache Behavior [ RunTime:0.001092s ]
INFO: [ app_begin ] --END-- [ RunTime:0.001186s ]
NOTIC: [8] Constant UC_CLIENT_VERSION already defined D:\wwwroot\mainweb\sdk\api\UcApi\Lib\Action\IndexAction.class.php 第 4 行.
NOTIC: [8] Constant UC_CLIENT_RELEASE already defined D:\wwwroot\mainweb\sdk\api\UcApi\Lib\Action\IndexAction.class.php 第 5 行.
NOTIC: [2048] Only variables should be passed by reference D:\wwwroot\mainweb\sdk\api\UcApi\Lib\Action\IndexAction.class.php 第 63 行.
NOTIC: [8] Constant API_RETURN_FAILED already defined D:\wwwroot\mainweb\sdk\uc_client\model\note.php 第 16 行.
SQL: SHOW COLUMNS FROM `sdk_accounts` [ RunTime:0.002185s ]
SQL: SELECT * FROM `sdk_accounts` WHERE ( `account_id` = 2228 ) LIMIT 1   [ RunTime:0.000347s ]

[ 2013-12-24T13:01:25+08:00 ] 192.168.175.216 /api/uc.php?time=1387861284&code=6a4cs%2Bi99H5lZiSdCHREJFzQgCJLaY7HnowvR%2BAbY3%2Fqv6voNCkSW3Zr%2Bir1RFbEvUChPPl%2Bio%2FcuTLfQGP2PHBCjPWmpDsYzOlMp2O9Xngt8DFKwyNP3%2FDTPh093zRjxaWeuI4xM%2Fmi3VebqGmTa72hK61ghsOEZsqOCRI
INFO: [ app_begin ] --START--
INFO: Run ReadHtmlCache Behavior [ RunTime:0.001115s ]
INFO: [ app_begin ] --END-- [ RunTime:0.001210s ]
NOTIC: [8] Constant UC_CLIENT_VERSION already defined D:\wwwroot\mainweb\sdk\api\UcApi\Lib\Action\IndexAction.class.php 第 4 行.
NOTIC: [8] Constant UC_CLIENT_RELEASE already defined D:\wwwroot\mainweb\sdk\api\UcApi\Lib\Action\IndexAction.class.php 第 5 行.
NOTIC: [2048] Only variables should be passed by reference D:\wwwroot\mainweb\sdk\api\UcApi\Lib\Action\IndexAction.class.php 第 63 行.
NOTIC: [8] Constant API_RETURN_FAILED already defined D:\wwwroot\mainweb\sdk\uc_client\model\note.php 第 16 行.
SQL: SHOW COLUMNS FROM `sdk_accounts` [ RunTime:0.001935s ]
SQL: SELECT * FROM `sdk_accounts` WHERE ( `account_id` = 687 ) LIMIT 1   [ RunTime:0.010358s ]

[ 2013-12-24T13:22:38+08:00 ] 192.168.164.109 /api/uc.php?time=1387862558&code=a87csr4dKqOPGkh7QadFZljuuxUWaKVBBgTTkz8rFRZrILLHHsF6EexWr%2BwmbBTvsmcX6xV9u17iX2x024XOyLE2va322RX4F0rWxMjDNhiL2yTzqFmgwEZR2XaA1fmA3mKcw0IhiOBeYW%2FK2lHbGKvc9jTxsinIzP9wrw
INFO: [ app_begin ] --START--
INFO: Run ReadHtmlCache Behavior [ RunTime:0.001096s ]
INFO: [ app_begin ] --END-- [ RunTime:0.001190s ]
NOTIC: [8] Constant UC_CLIENT_VERSION already defined D:\wwwroot\mainweb\sdk\api\UcApi\Lib\Action\IndexAction.class.php 第 4 行.
NOTIC: [8] Constant UC_CLIENT_RELEASE already defined D:\wwwroot\mainweb\sdk\api\UcApi\Lib\Action\IndexAction.class.php 第 5 行.
NOTIC: [2048] Only variables should be passed by reference D:\wwwroot\mainweb\sdk\api\UcApi\Lib\Action\IndexAction.class.php 第 63 行.
NOTIC: [8] Constant API_RETURN_FAILED already defined D:\wwwroot\mainweb\sdk\uc_client\model\note.php 第 16 行.
SQL: SHOW COLUMNS FROM `sdk_accounts` [ RunTime:0.001938s ]
SQL: SELECT * FROM `sdk_accounts` WHERE ( `account_id` = 1702 ) LIMIT 1   [ RunTime:0.000328s ]

[ 2013-12-24T13:42:57+08:00 ] 192.168.203.92 /api/uc.php?time=1387863777&code=821841tK6fD9qwhtwGCQ%2Fx2ZGof0D7EnUdDUgVbX09aAJZeI7hlqXYZkbWi2jTKr86bSa%2FEt74ArzJ8EM%2F8PIVqgK2K7Agur3mz1JI8tLYGj3ke5Q9sxm%2FBE457NoU7Q6OPiWCB4GY55EBFU8FuSYetsOfi66BxTOq%2BnsOShOQ
INFO: [ app_begin ] --START--
INFO: Run ReadHtmlCache Behavior [ RunTime:0.001322s ]
INFO: [ app_begin ] --END-- [ RunTime:0.001413s ]
NOTIC: [8] Constant UC_CLIENT_VERSION already defined D:\wwwroot\mainweb\sdk\api\UcApi\Lib\Action\IndexAction.class.php 第 4 行.
NOTIC: [8] Constant UC_CLIENT_RELEASE already defined D:\wwwroot\mainweb\sdk\api\UcApi\Lib\Action\IndexAction.class.php 第 5 行.
NOTIC: [2048] Only variables should be passed by reference D:\wwwroot\mainweb\sdk\api\UcApi\Lib\Action\IndexAction.class.php 第 63 行.
NOTIC: [8] Constant API_RETURN_FAILED already defined D:\wwwroot\mainweb\sdk\uc_client\model\note.php 第 16 行.
SQL: SHOW COLUMNS FROM `sdk_accounts` [ RunTime:0.001916s ]
SQL: SELECT * FROM `sdk_accounts` WHERE ( `account_id` = 1169 ) LIMIT 1   [ RunTime:0.012205s ]

[ 2013-12-24T13:43:09+08:00 ] 119.147.146.189 /api/uc.php?time=1387863777&code=821841tk6fd9qwhtwgcq/x2zgof0d7enuddugvbx09aajzei7hlqxyzkbwi2jtkr86bsa/et74arzj8em/8pivqgk2k7agur3mz1ji8tlygj3ke5q9sxm/be457nou7q6opiwcb4gy55ebfu8fusyetsofi66bxtoq+nsoshoq
INFO: [ app_begin ] --START--
INFO: Run ReadHtmlCache Behavior [ RunTime:0.000924s ]
INFO: [ app_begin ] --END-- [ RunTime:0.001018s ]
NOTIC: [8] Constant UC_CLIENT_VERSION already defined D:\wwwroot\mainweb\sdk\api\UcApi\Lib\Action\IndexAction.class.php 第 4 行.
NOTIC: [8] Constant UC_CLIENT_RELEASE already defined D:\wwwroot\mainweb\sdk\api\UcApi\Lib\Action\IndexAction.class.php 第 5 行.
NOTIC: [8] Undefined index:  time D:\wwwroot\mainweb\sdk\api\UcApi\Lib\Action\IndexAction.class.php 第 54 行.

[ 2013-12-24T13:48:00+08:00 ] 192.168.129.69 /api/uc.php?time=1387864080&code=4938xJ2fwrFmYX5SYM7%2BDWuIk4C%2ByyHAGktatXJv6nrkZjpICTSujqUA5xAbRA7tpK7BE6ldmdgQH5PTjHaHPaZ9MGwj%2BhYCAbgcinvjZx%2FadhpNMlXDhIg7HV%2FvoysFGTWRFbVNIxVzuMATGO%2BDYoEJkjPHtGei4hGhbTPo
INFO: [ app_begin ] --START--
INFO: Run ReadHtmlCache Behavior [ RunTime:0.001096s ]
INFO: [ app_begin ] --END-- [ RunTime:0.001205s ]
NOTIC: [8] Constant UC_CLIENT_VERSION already defined D:\wwwroot\mainweb\sdk\api\UcApi\Lib\Action\IndexAction.class.php 第 4 行.
NOTIC: [8] Constant UC_CLIENT_RELEASE already defined D:\wwwroot\mainweb\sdk\api\UcApi\Lib\Action\IndexAction.class.php 第 5 行.
NOTIC: [2048] Only variables should be passed by reference D:\wwwroot\mainweb\sdk\api\UcApi\Lib\Action\IndexAction.class.php 第 63 行.
NOTIC: [8] Constant API_RETURN_FAILED already defined D:\wwwroot\mainweb\sdk\uc_client\model\note.php 第 16 行.
SQL: SHOW COLUMNS FROM `sdk_accounts` [ RunTime:0.002204s ]
SQL: SELECT * FROM `sdk_accounts` WHERE ( `account_id` = 2052 ) LIMIT 1   [ RunTime:0.000477s ]

[ 2013-12-24T14:12:57+08:00 ] 180.153.114.200 /api/uc.php?time=1387863777&code=821841tK6fD9qwhtwGCQ/x2ZGof0D7EnUdDUgVbX09aAJZeI7hlqXYZkbWi2jTKr86bSa/Et74ArzJ8EM/8PIVqgK2K7Agur3mz1JI8tLYGj3ke5Q9sxm/BE457NoU7Q6OPiWCB4GY55EBFU8FuSYetsOfi66BxTOq+nsOShOQ
INFO: [ app_begin ] --START--
INFO: Run ReadHtmlCache Behavior [ RunTime:0.001039s ]
INFO: [ app_begin ] --END-- [ RunTime:0.001133s ]
NOTIC: [8] Constant UC_CLIENT_VERSION already defined D:\wwwroot\mainweb\sdk\api\UcApi\Lib\Action\IndexAction.class.php 第 4 行.
NOTIC: [8] Constant UC_CLIENT_RELEASE already defined D:\wwwroot\mainweb\sdk\api\UcApi\Lib\Action\IndexAction.class.php 第 5 行.
NOTIC: [8] Undefined index:  time D:\wwwroot\mainweb\sdk\api\UcApi\Lib\Action\IndexAction.class.php 第 54 行.

[ 2013-12-24T15:27:05+08:00 ] 192.168.137.87 /api/uc.php?time=1387870024&code=3400NgUZ3qYXw6PgQ27P4tAFf%2BYJGY469i6k2gJ3tVyaBSsymAcWn3s5lGch6RouJd40koQNmf3U1Gp%2FF9%2BLk6bvJz5uFyT1NMnuaB%2BHdiD8fLYyma7AOr2DHO8EAqT41mozHKWkDgXDphahGorhB62HuYcun0jsuoYzMj17a5Levg
INFO: [ app_begin ] --START--
INFO: Run ReadHtmlCache Behavior [ RunTime:0.001090s ]
INFO: [ app_begin ] --END-- [ RunTime:0.001185s ]
NOTIC: [8] Constant UC_CLIENT_VERSION already defined D:\wwwroot\mainweb\sdk\api\UcApi\Lib\Action\IndexAction.class.php 第 4 行.
NOTIC: [8] Constant UC_CLIENT_RELEASE already defined D:\wwwroot\mainweb\sdk\api\UcApi\Lib\Action\IndexAction.class.php 第 5 行.
NOTIC: [2048] Only variables should be passed by reference D:\wwwroot\mainweb\sdk\api\UcApi\Lib\Action\IndexAction.class.php 第 63 行.
NOTIC: [8] Constant API_RETURN_FAILED already defined D:\wwwroot\mainweb\sdk\uc_client\model\note.php 第 16 行.
SQL: SHOW COLUMNS FROM `sdk_accounts` [ RunTime:0.002348s ]
SQL: SELECT * FROM `sdk_accounts` WHERE ( `account_id` = 1992 ) LIMIT 1   [ RunTime:0.000576s ]

[ 2013-12-24T16:30:00+08:00 ] 192.168.136.20 /api/uc.php?time=1387873800&code=ed045ZMpiqlvtBvkniEQjW2xbOoZ3%2F0WpxG4PHwG8%2FT%2BWmq6LoaUk2RFWOd%2BMPcJiDeP9K5L2hAGuXpIEdhgke0hqCSL0VInKAWV1jQEvxyRL0xo19eeL%2BwfBqU7RkEo0qXvtfdxN2CHTNL579L%2FXm%2FbXwaXmzQkeNw8M0Q
INFO: [ app_begin ] --START--
INFO: Run ReadHtmlCache Behavior [ RunTime:0.001100s ]
INFO: [ app_begin ] --END-- [ RunTime:0.001192s ]
NOTIC: [8] Constant UC_CLIENT_VERSION already defined D:\wwwroot\mainweb\sdk\api\UcApi\Lib\Action\IndexAction.class.php 第 4 行.
NOTIC: [8] Constant UC_CLIENT_RELEASE already defined D:\wwwroot\mainweb\sdk\api\UcApi\Lib\Action\IndexAction.class.php 第 5 行.
NOTIC: [2048] Only variables should be passed by reference D:\wwwroot\mainweb\sdk\api\UcApi\Lib\Action\IndexAction.class.php 第 63 行.
NOTIC: [8] Constant API_RETURN_FAILED already defined D:\wwwroot\mainweb\sdk\uc_client\model\note.php 第 16 行.
SQL: SHOW COLUMNS FROM `sdk_accounts` [ RunTime:0.002342s ]
SQL: SELECT * FROM `sdk_accounts` WHERE ( `account_id` = 1580 ) LIMIT 1   [ RunTime:0.000519s ]

[ 2013-12-24T18:46:53+08:00 ] 192.168.193.154 /api/uc.php?time=1387882013&code=ea5dA1RJ2vtNORfCU%2Bs05njypyEPyuZyY2XQRWKo%2BX6zBWe6gWtIRtZ400YOFw1HJgi1xFrfLSTMHgL5DxDvRKBHqTEV8nXRV%2BVugUdgtU5GOoW8Hlcjpu3K50BDYdWyAeXcVQeKblNOyhl2qoP04Ah8%2Bjxr%2FRM%2F9CDJcc0
INFO: [ app_begin ] --START--
INFO: Run ReadHtmlCache Behavior [ RunTime:0.000775s ]
INFO: [ app_begin ] --END-- [ RunTime:0.000900s ]
NOTIC: [8] Constant UC_CLIENT_VERSION already defined D:\wwwroot\mainweb\sdk\api\UcApi\Lib\Action\IndexAction.class.php 第 4 行.
NOTIC: [8] Constant UC_CLIENT_RELEASE already defined D:\wwwroot\mainweb\sdk\api\UcApi\Lib\Action\IndexAction.class.php 第 5 行.
NOTIC: [2048] Only variables should be passed by reference D:\wwwroot\mainweb\sdk\api\UcApi\Lib\Action\IndexAction.class.php 第 63 行.
NOTIC: [8] Constant API_RETURN_FAILED already defined D:\wwwroot\mainweb\sdk\uc_client\model\note.php 第 16 行.
SQL: SHOW COLUMNS FROM `sdk_accounts` [ RunTime:0.002001s ]
SQL: SELECT * FROM `sdk_accounts` WHERE ( `account_id` = 1075 ) LIMIT 1   [ RunTime:0.000373s ]

[ 2013-12-24T18:47:31+08:00 ] 192.168.178.99 /api/uc.php?time=1387882051&code=2b99tFbA2%2Bq03XJQ%2FhJbeqGAZ8YVDgv4fKfWS1WgQ09QAzPwWTCTTn70ZhBcr%2FqZr%2B1UM%2BCVMwf6iP56mf78B6FQYUVKRFY1DPo3BQr5o49j%2FVMdYk3APayNqU2L4w84M9bxwmqzRvhb2LnruPY%2FiptYlMQuFwMCYsknwR8xu2pL
INFO: [ app_begin ] --START--
INFO: Run ReadHtmlCache Behavior [ RunTime:0.000673s ]
INFO: [ app_begin ] --END-- [ RunTime:0.000764s ]
NOTIC: [8] Constant UC_CLIENT_VERSION already defined D:\wwwroot\mainweb\sdk\api\UcApi\Lib\Action\IndexAction.class.php 第 4 行.
NOTIC: [8] Constant UC_CLIENT_RELEASE already defined D:\wwwroot\mainweb\sdk\api\UcApi\Lib\Action\IndexAction.class.php 第 5 行.
NOTIC: [2048] Only variables should be passed by reference D:\wwwroot\mainweb\sdk\api\UcApi\Lib\Action\IndexAction.class.php 第 63 行.
NOTIC: [8] Constant API_RETURN_FAILED already defined D:\wwwroot\mainweb\sdk\uc_client\model\note.php 第 16 行.
SQL: SHOW COLUMNS FROM `sdk_accounts` [ RunTime:0.002214s ]
SQL: SELECT * FROM `sdk_accounts` WHERE ( `account_id` = 2441 ) LIMIT 1   [ RunTime:0.000576s ]

[ 2013-12-24T21:06:42+08:00 ] 192.168.205.159 /api/uc.php?time=1387890402&code=57adh%2FAlteiTi8XKf%2FHrk35BOpx2PENwA3fCDS2iRf%2FuaUO1OqonQmxLFngq23Qu1%2BZTTFENI90M0DTMk0QvwrKQPiOB6mXW6YYialtRT4Xkqq7EfVkxJgebAie1AeKQPlKRIF7T%2F1sEutWMwXnbRxBoeBdVLolYycTG4EMrcMx54BqQPrh8eQ
INFO: [ app_begin ] --START--
INFO: Run ReadHtmlCache Behavior [ RunTime:0.001048s ]
INFO: [ app_begin ] --END-- [ RunTime:0.001149s ]
NOTIC: [8] Constant UC_CLIENT_VERSION already defined D:\wwwroot\mainweb\sdk\api\UcApi\Lib\Action\IndexAction.class.php 第 4 行.
NOTIC: [8] Constant UC_CLIENT_RELEASE already defined D:\wwwroot\mainweb\sdk\api\UcApi\Lib\Action\IndexAction.class.php 第 5 行.
NOTIC: [2048] Only variables should be passed by reference D:\wwwroot\mainweb\sdk\api\UcApi\Lib\Action\IndexAction.class.php 第 63 行.
NOTIC: [8] Constant API_RETURN_FAILED already defined D:\wwwroot\mainweb\sdk\uc_client\model\note.php 第 16 行.
SQL: SHOW COLUMNS FROM `sdk_accounts` [ RunTime:0.002106s ]
SQL: SELECT * FROM `sdk_accounts` WHERE ( `account_id` = 1195 ) LIMIT 1   [ RunTime:0.000468s ]

[ 2013-12-24T21:08:05+08:00 ] 192.168.141.69 /api/uc.php?time=1387890485&code=7b4cbArkavE0fIdsxKvsZvwC1J5J5KSgun4ziQj4EZ7vlp0U%2F8y9JRveQNZdrCBLU6L5TQFTAWENO5yNUUvYkjAKmnQGBxU%2FvRgbnrfC9Y5GHxTbafsRoehU4H5kh5hKnOe%2B6i3NpzCpa7TDM42MpGvvHxi1mwueNfepFw
INFO: [ app_begin ] --START--
INFO: Run ReadHtmlCache Behavior [ RunTime:0.001043s ]
INFO: [ app_begin ] --END-- [ RunTime:0.001133s ]
NOTIC: [8] Constant UC_CLIENT_VERSION already defined D:\wwwroot\mainweb\sdk\api\UcApi\Lib\Action\IndexAction.class.php 第 4 行.
NOTIC: [8] Constant UC_CLIENT_RELEASE already defined D:\wwwroot\mainweb\sdk\api\UcApi\Lib\Action\IndexAction.class.php 第 5 行.
NOTIC: [2048] Only variables should be passed by reference D:\wwwroot\mainweb\sdk\api\UcApi\Lib\Action\IndexAction.class.php 第 63 行.
NOTIC: [8] Constant API_RETURN_FAILED already defined D:\wwwroot\mainweb\sdk\uc_client\model\note.php 第 16 行.
SQL: SHOW COLUMNS FROM `sdk_accounts` [ RunTime:0.002122s ]
SQL: SELECT * FROM `sdk_accounts` WHERE ( `account_id` = 2484 ) LIMIT 1   [ RunTime:0.000546s ]

[ 2013-12-24T21:57:45+08:00 ] 192.168.187.43 /api/uc.php?time=1387893465&code=a527iefGoeqEUYohgb2YBHY10GjlqXR43DKBki1NyEp%2FyiaCqwl9S43kYdbi6hZargVfAwcoM8uUwXBTJaSWxeLPIiAcG6Or5jrG7TgsSwHcZgvaqUQ571jWSFSSceY9D9s23hYDUsClqkS8M8px%2F9MnN%2F4eOyJeD%2FLonoin83zFcg
INFO: [ app_begin ] --START--
INFO: Run ReadHtmlCache Behavior [ RunTime:0.001033s ]
INFO: [ app_begin ] --END-- [ RunTime:0.001128s ]
NOTIC: [8] Constant UC_CLIENT_VERSION already defined D:\wwwroot\mainweb\sdk\api\UcApi\Lib\Action\IndexAction.class.php 第 4 行.
NOTIC: [8] Constant UC_CLIENT_RELEASE already defined D:\wwwroot\mainweb\sdk\api\UcApi\Lib\Action\IndexAction.class.php 第 5 行.
NOTIC: [2048] Only variables should be passed by reference D:\wwwroot\mainweb\sdk\api\UcApi\Lib\Action\IndexAction.class.php 第 63 行.
NOTIC: [8] Constant API_RETURN_FAILED already defined D:\wwwroot\mainweb\sdk\uc_client\model\note.php 第 16 行.
SQL: SHOW COLUMNS FROM `sdk_accounts` [ RunTime:0.014892s ]
SQL: SELECT * FROM `sdk_accounts` WHERE ( `account_id` = 2313 ) LIMIT 1   [ RunTime:0.000564s ]

[ 2013-12-24T22:12:22+08:00 ] 192.168.163.206 /api/uc.php?time=1387894342&code=b4a8cs8oCYLp5fR4ZBsQmysH4aF%2Fx%2FyvqteDVEvLb7Mptl15T37YY0wJYodrkYW%2Bu1WEq%2FGE%2Bw6bgXDlIfHWKhxfrmpNBBLD2kjl4GQMVEPNSOnmQ%2BAgNaZoeHuZbzb79zBaGI92dlFMWfxjpRQy7WQXgB9gMdoLP2u3Q71LATiTlBfFig
INFO: [ app_begin ] --START--
INFO: Run ReadHtmlCache Behavior [ RunTime:0.001047s ]
INFO: [ app_begin ] --END-- [ RunTime:0.001139s ]
NOTIC: [8] Constant UC_CLIENT_VERSION already defined D:\wwwroot\mainweb\sdk\api\UcApi\Lib\Action\IndexAction.class.php 第 4 行.
NOTIC: [8] Constant UC_CLIENT_RELEASE already defined D:\wwwroot\mainweb\sdk\api\UcApi\Lib\Action\IndexAction.class.php 第 5 行.
NOTIC: [2048] Only variables should be passed by reference D:\wwwroot\mainweb\sdk\api\UcApi\Lib\Action\IndexAction.class.php 第 63 行.
NOTIC: [8] Constant API_RETURN_FAILED already defined D:\wwwroot\mainweb\sdk\uc_client\model\note.php 第 16 行.
SQL: SHOW COLUMNS FROM `sdk_accounts` [ RunTime:0.002618s ]
SQL: SELECT * FROM `sdk_accounts` WHERE ( `account_id` = 2089 ) LIMIT 1   [ RunTime:0.000367s ]

[ 2013-12-24T22:56:22+08:00 ] 192.168.166.199 /api/uc.php?time=1387896982&code=410d94qHC5por3gW82ExCuRG1WSwRiFLLIST78cCI6mRKhxgzxXTRx9UXGXYSOyOGnQsRYMALPfF9UuHqB34b2BrgCxoUGO%2Fp8SKaaLmXPYvGgThEwtT1b8H2O65wDMY7OZd1%2FXvSIu1zIKOKnqDOixJ%2FF2otoR3YBx%2Fdtu%2BWA
INFO: [ app_begin ] --START--
INFO: Run ReadHtmlCache Behavior [ RunTime:0.001044s ]
INFO: [ app_begin ] --END-- [ RunTime:0.001138s ]
NOTIC: [8] Constant UC_CLIENT_VERSION already defined D:\wwwroot\mainweb\sdk\api\UcApi\Lib\Action\IndexAction.class.php 第 4 行.
NOTIC: [8] Constant UC_CLIENT_RELEASE already defined D:\wwwroot\mainweb\sdk\api\UcApi\Lib\Action\IndexAction.class.php 第 5 行.
NOTIC: [2048] Only variables should be passed by reference D:\wwwroot\mainweb\sdk\api\UcApi\Lib\Action\IndexAction.class.php 第 63 行.
NOTIC: [8] Constant API_RETURN_FAILED already defined D:\wwwroot\mainweb\sdk\uc_client\model\note.php 第 16 行.
SQL: SHOW COLUMNS FROM `sdk_accounts` [ RunTime:0.002116s ]
SQL: SELECT * FROM `sdk_accounts` WHERE ( `account_id` = 1579 ) LIMIT 1   [ RunTime:0.000512s ]

[ 2013-12-24T23:46:14+08:00 ] 192.168.151.10 /api/uc.php?time=1387899974&code=492duZ2xK5vQO634uQTIdquOe8LtoJxGSRRhNvBggvytOa06X6GXUKYsT1v96s7CVYljrKBJFPnQMgFDfc5e9x1Ktww7Lfb1m7aShS13%2BwmeCK%2BWId9TrlrongCvwRAqpJKFTipYCQ%2BK%2FxgjgYVsgwIY6i4IKLObm3zPOFOqWUiY6A
INFO: [ app_begin ] --START--
INFO: Run ReadHtmlCache Behavior [ RunTime:0.001082s ]
INFO: [ app_begin ] --END-- [ RunTime:0.001177s ]
NOTIC: [8] Constant UC_CLIENT_VERSION already defined D:\wwwroot\mainweb\sdk\api\UcApi\Lib\Action\IndexAction.class.php 第 4 行.
NOTIC: [8] Constant UC_CLIENT_RELEASE already defined D:\wwwroot\mainweb\sdk\api\UcApi\Lib\Action\IndexAction.class.php 第 5 行.
NOTIC: [2048] Only variables should be passed by reference D:\wwwroot\mainweb\sdk\api\UcApi\Lib\Action\IndexAction.class.php 第 63 行.
NOTIC: [8] Constant API_RETURN_FAILED already defined D:\wwwroot\mainweb\sdk\uc_client\model\note.php 第 16 行.
SQL: SHOW COLUMNS FROM `sdk_accounts` [ RunTime:0.002076s ]
SQL: SELECT * FROM `sdk_accounts` WHERE ( `account_id` = 1751 ) LIMIT 1   [ RunTime:0.000326s ]

[ 2013-12-24T23:46:19+08:00 ] 192.168.163.206 /api/uc.php?time=1387899979&code=1d60Ws8BYGxm5SastpPiAzShYJgjZYKvnEbaiTC2HdrdF5Gm9SlnJP76tXySxSJAxoG%2FItdVqMIB6QsUU21uGUvs4VHjccAAgnF89I9eKBL5XTh2OCbiBUcrVF8qxtJ14f0WaOOUfBnJ7pXCcmkSZ47BbkdFbUbRVoDH2PheGdeWBWTh7w
INFO: [ app_begin ] --START--
INFO: Run ReadHtmlCache Behavior [ RunTime:0.000927s ]
INFO: [ app_begin ] --END-- [ RunTime:0.001026s ]
NOTIC: [8] Constant UC_CLIENT_VERSION already defined D:\wwwroot\mainweb\sdk\api\UcApi\Lib\Action\IndexAction.class.php 第 4 行.
NOTIC: [8] Constant UC_CLIENT_RELEASE already defined D:\wwwroot\mainweb\sdk\api\UcApi\Lib\Action\IndexAction.class.php 第 5 行.
NOTIC: [2048] Only variables should be passed by reference D:\wwwroot\mainweb\sdk\api\UcApi\Lib\Action\IndexAction.class.php 第 63 行.
NOTIC: [8] Constant API_RETURN_FAILED already defined D:\wwwroot\mainweb\sdk\uc_client\model\note.php 第 16 行.
SQL: SHOW COLUMNS FROM `sdk_accounts` [ RunTime:0.002056s ]
SQL: SELECT * FROM `sdk_accounts` WHERE ( `account_id` = 2089 ) LIMIT 1   [ RunTime:0.000238s ]

