[ 2013-11-09T09:23:27+08:00 ] 192.168.185.169 /api/uc.php?time=1383960207&code=e2e4yeKuobASpg5w2940wvyYrjqxeaoNqyo0bZlS2BPWjvQrNMUHdRFzTKmsadNOdqha4439JsSF0YwvzB%2F7h9llbu2wrUcwFDjSSjJIpKAOhJIqItR6WLGGByUt3q5qGLD40SnepekrqjcBvG%2BIgFPNbjnQOO4RINQwVkOcdD72QoULu5NnSQ
INFO: [ app_begin ] --START--
INFO: Run ReadHtmlCache Behavior [ RunTime:0.001192s ]
INFO: [ app_begin ] --END-- [ RunTime:0.001285s ]
NOTIC: [8] Constant UC_CLIENT_VERSION already defined D:\wwwroot\mainweb\sdk\api\UcApi\Lib\Action\IndexAction.class.php 第 4 行.
NOTIC: [8] Constant UC_CLIENT_RELEASE already defined D:\wwwroot\mainweb\sdk\api\UcApi\Lib\Action\IndexAction.class.php 第 5 行.
NOTIC: [2048] Only variables should be passed by reference D:\wwwroot\mainweb\sdk\api\UcApi\Lib\Action\IndexAction.class.php 第 63 行.
NOTIC: [8] Constant API_RETURN_FAILED already defined D:\wwwroot\mainweb\sdk\uc_client\model\note.php 第 16 行.
SQL: SHOW COLUMNS FROM `sdk_accounts` [ RunTime:0.021513s ]
SQL: SELECT * FROM `sdk_accounts` WHERE ( `account_id` = 1337 ) LIMIT 1   [ RunTime:0.000614s ]

[ 2013-11-09T11:05:56+08:00 ] 192.168.129.219 /api/uc.php?time=1383966355&code=f4816RAzFfdTS0S3ZYQsnHXVYXyxATHW15XUDd4EVM7iTjESTlNOOO7ekzKDHxzOk6qzSYjxtch8ymNJxJdeLd19a4oZLNcP3%2BptjfaXDFsD27exY34jMX%2FyItlhhGPnu7tVSQRFvOKrF6Xh1PF5mBfTR5ffmg%2F2AEwl0zJ5LI%2Bm%2FrRcEA
INFO: [ app_begin ] --START--
INFO: Run ReadHtmlCache Behavior [ RunTime:0.001102s ]
INFO: [ app_begin ] --END-- [ RunTime:0.001193s ]
NOTIC: [8] Constant UC_CLIENT_VERSION already defined D:\wwwroot\mainweb\sdk\api\UcApi\Lib\Action\IndexAction.class.php 第 4 行.
NOTIC: [8] Constant UC_CLIENT_RELEASE already defined D:\wwwroot\mainweb\sdk\api\UcApi\Lib\Action\IndexAction.class.php 第 5 行.
NOTIC: [2048] Only variables should be passed by reference D:\wwwroot\mainweb\sdk\api\UcApi\Lib\Action\IndexAction.class.php 第 63 行.
NOTIC: [8] Constant API_RETURN_FAILED already defined D:\wwwroot\mainweb\sdk\uc_client\model\note.php 第 16 行.
SQL: SHOW COLUMNS FROM `sdk_accounts` [ RunTime:0.002828s ]
SQL: SELECT * FROM `sdk_accounts` WHERE ( `account_id` = 1892 ) LIMIT 1   [ RunTime:0.000491s ]

[ 2013-11-09T11:21:19+08:00 ] 192.168.203.92 /api/uc.php?time=1383967279&code=6798Zk2zSxgjAcyXM9bty9lCHTBf9oy%2BFaxoOpn54SAWB3k%2FYR6Tnx8WRgMxp8F8kuN49we9DWu26vT305I5XOU8TMW0SJ4XGUn4TgxjiD%2B6rEgYcrl33kTUwGzRRqAnI%2FzS44hWm5%2Fl3tmh0PnGHZwPc5ijrYhFmb90pvGfpg
INFO: [ app_begin ] --START--
INFO: Run ReadHtmlCache Behavior [ RunTime:0.001074s ]
INFO: [ app_begin ] --END-- [ RunTime:0.001165s ]
NOTIC: [8] Constant UC_CLIENT_VERSION already defined D:\wwwroot\mainweb\sdk\api\UcApi\Lib\Action\IndexAction.class.php 第 4 行.
NOTIC: [8] Constant UC_CLIENT_RELEASE already defined D:\wwwroot\mainweb\sdk\api\UcApi\Lib\Action\IndexAction.class.php 第 5 行.
NOTIC: [2048] Only variables should be passed by reference D:\wwwroot\mainweb\sdk\api\UcApi\Lib\Action\IndexAction.class.php 第 63 行.
NOTIC: [8] Constant API_RETURN_FAILED already defined D:\wwwroot\mainweb\sdk\uc_client\model\note.php 第 16 行.
SQL: SHOW COLUMNS FROM `sdk_accounts` [ RunTime:0.002323s ]
SQL: SELECT * FROM `sdk_accounts` WHERE ( `account_id` = 1169 ) LIMIT 1   [ RunTime:0.000595s ]

[ 2013-11-09T11:53:40+08:00 ] 101.226.89.121 /api/uc.php?time=1383967279&code=6798Zk2zSxgjAcyXM9bty9lCHTBf9oy+FaxoOpn54SAWB3k/YR6Tnx8WRgMxp8F8kuN49we9DWu26vT305I5XOU8TMW0SJ4XGUn4TgxjiD+6rEgYcrl33kTUwGzRRqAnI/zS44hWm5/l3tmh0PnGHZwPc5ijrYhFmb90pvGfpg
INFO: [ app_begin ] --START--
INFO: Run ReadHtmlCache Behavior [ RunTime:0.001031s ]
INFO: [ app_begin ] --END-- [ RunTime:0.001126s ]
NOTIC: [8] Constant UC_CLIENT_VERSION already defined D:\wwwroot\mainweb\sdk\api\UcApi\Lib\Action\IndexAction.class.php 第 4 行.
NOTIC: [8] Constant UC_CLIENT_RELEASE already defined D:\wwwroot\mainweb\sdk\api\UcApi\Lib\Action\IndexAction.class.php 第 5 行.
NOTIC: [8] Undefined index:  time D:\wwwroot\mainweb\sdk\api\UcApi\Lib\Action\IndexAction.class.php 第 54 行.

[ 2013-11-09T12:24:59+08:00 ] 202.116.192.50 /api/uc.php?code=7a92zR8u4vQXmzVTggeLDrBUH0kBIOlIeH9EFscsKpT8PtVEOZOVTrHRLOC6Yt8IYXJ7vKH4fA4HdaXlHJdgoGYrNL4fsna%2Bh2r6uWrO2w0T1hny%2BTIp8hk&__times__=1
INFO: [ app_begin ] --START--
INFO: Run ReadHtmlCache Behavior [ RunTime:0.000919s ]
INFO: [ app_begin ] --END-- [ RunTime:0.001007s ]
NOTIC: [8] Constant UC_CLIENT_VERSION already defined D:\wwwroot\mainweb\sdk\api\UcApi\Lib\Action\IndexAction.class.php 第 4 行.
NOTIC: [8] Constant UC_CLIENT_RELEASE already defined D:\wwwroot\mainweb\sdk\api\UcApi\Lib\Action\IndexAction.class.php 第 5 行.
NOTIC: [2048] Only variables should be passed by reference D:\wwwroot\mainweb\sdk\api\UcApi\Lib\Action\IndexAction.class.php 第 63 行.

[ 2013-11-09T12:24:59+08:00 ] 192.168.201.7 /api/uc.php?time=1383971099&code=d620XlKRYiCaD6B4uavPqMr3Hr3PBx9DMzhdnAZYXd2QHTdfhGK5vDV7mLZ7CATITnB4S%2BhXl24tx%2FpZFKGn7Jl3mqURus3NUNoAuvrjIPeeY2ZXLGnM9991YvjUzJAU8u77uOXeuFPO8NX5pDKjE7pylH02nOdTawY6LuT%2FksIorA
INFO: [ app_begin ] --START--
INFO: Run ReadHtmlCache Behavior [ RunTime:0.001001s ]
INFO: [ app_begin ] --END-- [ RunTime:0.001097s ]
NOTIC: [8] Constant UC_CLIENT_VERSION already defined D:\wwwroot\mainweb\sdk\api\UcApi\Lib\Action\IndexAction.class.php 第 4 行.
NOTIC: [8] Constant UC_CLIENT_RELEASE already defined D:\wwwroot\mainweb\sdk\api\UcApi\Lib\Action\IndexAction.class.php 第 5 行.
NOTIC: [2048] Only variables should be passed by reference D:\wwwroot\mainweb\sdk\api\UcApi\Lib\Action\IndexAction.class.php 第 63 行.
NOTIC: [8] Constant API_RETURN_FAILED already defined D:\wwwroot\mainweb\sdk\uc_client\model\note.php 第 16 行.
SQL: SHOW COLUMNS FROM `sdk_accounts` [ RunTime:0.018719s ]
SQL: SELECT * FROM `sdk_accounts` WHERE ( `account_id` = 2352 ) LIMIT 1   [ RunTime:0.000663s ]
NOTIC: [8] Undefined index:  apph D:\wwwroot\mainweb\sdk\uc_client\model\note.php 第 169 行.
NOTIC: [8] Undefined offset:  2 D:\wwwroot\mainweb\sdk\uc_client\model\note.php 第 141 行.

[ 2013-11-09T12:25:03+08:00 ] 192.168.201.7 /api/uc.php?time=1383971101&code=c7fdmp3PqbuBx7BCtzP%2FdIP1llwgZc%2B6TXFUCcK%2B0iIIDxTYbV5fqxL7kqfPNmv%2Fy9TY7gyBXPvvi%2B7N0eNe4nIxV0MIo3nZpkOc6lJyglhP%2B4eEVp%2B2vYc%2BuTutVcSO7hZtPLLgfZCkEaWbwAleOJEk6260Q9YqoZ2CNI0XQNqorA
INFO: [ app_begin ] --START--
INFO: Run ReadHtmlCache Behavior [ RunTime:0.000925s ]
INFO: [ app_begin ] --END-- [ RunTime:0.001017s ]
NOTIC: [8] Constant UC_CLIENT_VERSION already defined D:\wwwroot\mainweb\sdk\api\UcApi\Lib\Action\IndexAction.class.php 第 4 行.
NOTIC: [8] Constant UC_CLIENT_RELEASE already defined D:\wwwroot\mainweb\sdk\api\UcApi\Lib\Action\IndexAction.class.php 第 5 行.
NOTIC: [2048] Only variables should be passed by reference D:\wwwroot\mainweb\sdk\api\UcApi\Lib\Action\IndexAction.class.php 第 63 行.
NOTIC: [8] Constant API_RETURN_FAILED already defined D:\wwwroot\mainweb\sdk\uc_client\model\note.php 第 16 行.
SQL: SHOW COLUMNS FROM `sdk_accounts` [ RunTime:0.002083s ]
SQL: SELECT * FROM `sdk_accounts` WHERE ( `account_id` = 2352 ) LIMIT 1   [ RunTime:0.000246s ]

[ 2013-11-09T12:28:18+08:00 ] 192.168.158.93 /api/uc.php?time=1383971298&code=bcbefRwp0gr%2FH0LjjtUg4oQ5BJM94T8sxNRaBpJ%2FQKvjPX0uVutH%2FlpHgzEKmcFfsTFyZiLM5JwkL8LNNRmz0DEvTFPrlRq7z6WvVwkcgvyomEwTqEpT%2FHzcQSTXrQeL56jFFAvRbrK4e7mOx2SWmh1%2B%2ByZkaFWbXiSL5N%2Bcnj%2FRkQ
INFO: [ app_begin ] --START--
INFO: Run ReadHtmlCache Behavior [ RunTime:0.001035s ]
INFO: [ app_begin ] --END-- [ RunTime:0.001130s ]
NOTIC: [8] Constant UC_CLIENT_VERSION already defined D:\wwwroot\mainweb\sdk\api\UcApi\Lib\Action\IndexAction.class.php 第 4 行.
NOTIC: [8] Constant UC_CLIENT_RELEASE already defined D:\wwwroot\mainweb\sdk\api\UcApi\Lib\Action\IndexAction.class.php 第 5 行.
NOTIC: [2048] Only variables should be passed by reference D:\wwwroot\mainweb\sdk\api\UcApi\Lib\Action\IndexAction.class.php 第 63 行.
NOTIC: [8] Constant API_RETURN_FAILED already defined D:\wwwroot\mainweb\sdk\uc_client\model\note.php 第 16 行.
SQL: SHOW COLUMNS FROM `sdk_accounts` [ RunTime:0.018335s ]
SQL: SELECT * FROM `sdk_accounts` WHERE ( `account_id` = 1453 ) LIMIT 1   [ RunTime:0.000581s ]

[ 2013-11-09T12:36:57+08:00 ] 192.168.132.224 /api/uc.php?time=1383971817&code=cd9exRIPmMG1iRmD1ybHTKudAiDqi6wo21ECu8gNMOHoebJ2KnNmk4f90u2o3wWZY7chWkd6YDCqBZiKjnnZkK7OhKNE7Dx2HFa1%2FgdhbL2qEyykE1jUfYDiEyMeqzOMCTrVsivj%2BBWePDf16JLTypJGmuy5MYCMTQRB6oPdl6yfDA
INFO: [ app_begin ] --START--
INFO: Run ReadHtmlCache Behavior [ RunTime:0.001028s ]
INFO: [ app_begin ] --END-- [ RunTime:0.001118s ]
NOTIC: [8] Constant UC_CLIENT_VERSION already defined D:\wwwroot\mainweb\sdk\api\UcApi\Lib\Action\IndexAction.class.php 第 4 行.
NOTIC: [8] Constant UC_CLIENT_RELEASE already defined D:\wwwroot\mainweb\sdk\api\UcApi\Lib\Action\IndexAction.class.php 第 5 行.
NOTIC: [2048] Only variables should be passed by reference D:\wwwroot\mainweb\sdk\api\UcApi\Lib\Action\IndexAction.class.php 第 63 行.
NOTIC: [8] Constant API_RETURN_FAILED already defined D:\wwwroot\mainweb\sdk\uc_client\model\note.php 第 16 行.
SQL: SHOW COLUMNS FROM `sdk_accounts` [ RunTime:0.002069s ]
SQL: SELECT * FROM `sdk_accounts` WHERE ( `account_id` = 1049 ) LIMIT 1   [ RunTime:0.000459s ]

[ 2013-11-09T12:37:09+08:00 ] 183.4.25.24 /api/uc.php?time=1383971828&code=fb0eIi41bodUfWgYYXd1fz4hxAAZXPDgMVxkt%2BE7EAJ1SsjNtcW2ccEpzgD0dhLsExU4iEZOHcrth5kIJR2SZlbW%2BvCs4GOK9O%2FMQXA7RG7uOWdaRzhhLXd19CqN%2FQf%2FoSDI4fuX9zDC2h1ZaVRGTRUmVP8wQYK%2BO8OcqqQs3OlDpw
INFO: [ app_begin ] --START--
INFO: Run ReadHtmlCache Behavior [ RunTime:0.001058s ]
INFO: [ app_begin ] --END-- [ RunTime:0.001149s ]
NOTIC: [8] Constant UC_CLIENT_VERSION already defined D:\wwwroot\mainweb\sdk\api\UcApi\Lib\Action\IndexAction.class.php 第 4 行.
NOTIC: [8] Constant UC_CLIENT_RELEASE already defined D:\wwwroot\mainweb\sdk\api\UcApi\Lib\Action\IndexAction.class.php 第 5 行.
NOTIC: [2048] Only variables should be passed by reference D:\wwwroot\mainweb\sdk\api\UcApi\Lib\Action\IndexAction.class.php 第 63 行.
NOTIC: [8] Constant API_RETURN_FAILED already defined D:\wwwroot\mainweb\sdk\uc_client\model\note.php 第 16 行.
SQL: SHOW COLUMNS FROM `sdk_accounts` [ RunTime:0.002140s ]
SQL: SELECT * FROM `sdk_accounts` WHERE ( `account_id` = 2042 ) LIMIT 1   [ RunTime:0.000620s ]

[ 2013-11-09T12:54:07+08:00 ] 192.168.141.26 /api/uc.php?time=1383972846&code=76a2LoqETqx9tuEP07To6H2YSNP7cMJvuLu60Ugz4dN4FjGnKrGv7pmyE431kMJh%2Fek94h8IA%2BvzKX1iwdkGrKL61wErvPDPz4z3hvRCZ76affFCcJg9ZDPgBjcm2b5ym0Pf%2BElh50uzlow%2B6lJdP6gl3DOF8nI3wJy%2Fs7Y
INFO: [ app_begin ] --START--
INFO: Run ReadHtmlCache Behavior [ RunTime:0.001165s ]
INFO: [ app_begin ] --END-- [ RunTime:0.001258s ]
NOTIC: [8] Constant UC_CLIENT_VERSION already defined D:\wwwroot\mainweb\sdk\api\UcApi\Lib\Action\IndexAction.class.php 第 4 行.
NOTIC: [8] Constant UC_CLIENT_RELEASE already defined D:\wwwroot\mainweb\sdk\api\UcApi\Lib\Action\IndexAction.class.php 第 5 行.
NOTIC: [2048] Only variables should be passed by reference D:\wwwroot\mainweb\sdk\api\UcApi\Lib\Action\IndexAction.class.php 第 63 行.
NOTIC: [8] Constant API_RETURN_FAILED already defined D:\wwwroot\mainweb\sdk\uc_client\model\note.php 第 16 行.
SQL: SHOW COLUMNS FROM `sdk_accounts` [ RunTime:0.002202s ]
SQL: SELECT * FROM `sdk_accounts` WHERE ( `account_id` = 783 ) LIMIT 1   [ RunTime:0.000574s ]

[ 2013-11-09T13:06:57+08:00 ] 112.64.235.91 /api/uc.php?time=1383971817&code=cd9exRIPmMG1iRmD1ybHTKudAiDqi6wo21ECu8gNMOHoebJ2KnNmk4f90u2o3wWZY7chWkd6YDCqBZiKjnnZkK7OhKNE7Dx2HFa1/gdhbL2qEyykE1jUfYDiEyMeqzOMCTrVsivj+BWePDf16JLTypJGmuy5MYCMTQRB6oPdl6yfDA
INFO: [ app_begin ] --START--
INFO: Run ReadHtmlCache Behavior [ RunTime:0.001090s ]
INFO: [ app_begin ] --END-- [ RunTime:0.001183s ]
NOTIC: [8] Constant UC_CLIENT_VERSION already defined D:\wwwroot\mainweb\sdk\api\UcApi\Lib\Action\IndexAction.class.php 第 4 行.
NOTIC: [8] Constant UC_CLIENT_RELEASE already defined D:\wwwroot\mainweb\sdk\api\UcApi\Lib\Action\IndexAction.class.php 第 5 行.
NOTIC: [8] Undefined index:  time D:\wwwroot\mainweb\sdk\api\UcApi\Lib\Action\IndexAction.class.php 第 54 行.

[ 2013-11-09T13:42:32+08:00 ] 192.168.180.198 /api/uc.php?time=1383975752&code=8619V%2FLXY8uusNCKKooiIY02u1epegL0LjNXnEcQ6C9wZ4n%2BFWdAWycfiGDP0Z0akren2GZS4eFoTFIXyr7NOAiNHNO1ztf9sER7k7hVZm56MCee2izDoxwwc4oPOkM%2FqDXV6ARObmsakgSfUxjTY3gO8hO%2FoBgIEvhomcXdCAg49d3i
INFO: [ app_begin ] --START--
INFO: Run ReadHtmlCache Behavior [ RunTime:0.001063s ]
INFO: [ app_begin ] --END-- [ RunTime:0.001185s ]
NOTIC: [8] Constant UC_CLIENT_VERSION already defined D:\wwwroot\mainweb\sdk\api\UcApi\Lib\Action\IndexAction.class.php 第 4 行.
NOTIC: [8] Constant UC_CLIENT_RELEASE already defined D:\wwwroot\mainweb\sdk\api\UcApi\Lib\Action\IndexAction.class.php 第 5 行.
NOTIC: [2048] Only variables should be passed by reference D:\wwwroot\mainweb\sdk\api\UcApi\Lib\Action\IndexAction.class.php 第 63 行.
NOTIC: [8] Constant API_RETURN_FAILED already defined D:\wwwroot\mainweb\sdk\uc_client\model\note.php 第 16 行.
SQL: SHOW COLUMNS FROM `sdk_accounts` [ RunTime:0.002375s ]
SQL: SELECT * FROM `sdk_accounts` WHERE ( `account_id` = 2458 ) LIMIT 1   [ RunTime:0.000449s ]

[ 2013-11-09T14:23:13+08:00 ] 192.168.200.99 /api/uc.php?time=1383978193&code=6084Ei8c2%2F259m%2FA0%2BgZT6ZZhBQc3DMZ9tk4HOuzz49IaLEGsxXGbCGpbbzHD2ahnfSxmVZdV8KsmV21lKT0khuZoKkc1dvQ3VR17jUSRHeIoY4MKLleqCiCpFDqIZK4gebT4NU9QuoADbswBfuvogxG9KA33vxXi79vNCKg1bj0Ow
INFO: [ app_begin ] --START--
INFO: Run ReadHtmlCache Behavior [ RunTime:0.001017s ]
INFO: [ app_begin ] --END-- [ RunTime:0.001110s ]
NOTIC: [8] Constant UC_CLIENT_VERSION already defined D:\wwwroot\mainweb\sdk\api\UcApi\Lib\Action\IndexAction.class.php 第 4 行.
NOTIC: [8] Constant UC_CLIENT_RELEASE already defined D:\wwwroot\mainweb\sdk\api\UcApi\Lib\Action\IndexAction.class.php 第 5 行.
NOTIC: [2048] Only variables should be passed by reference D:\wwwroot\mainweb\sdk\api\UcApi\Lib\Action\IndexAction.class.php 第 63 行.
NOTIC: [8] Constant API_RETURN_FAILED already defined D:\wwwroot\mainweb\sdk\uc_client\model\note.php 第 16 行.
SQL: SHOW COLUMNS FROM `sdk_accounts` [ RunTime:0.002397s ]
SQL: SELECT * FROM `sdk_accounts` WHERE ( `account_id` = 2442 ) LIMIT 1   [ RunTime:0.000695s ]

[ 2013-11-09T14:25:20+08:00 ] 192.168.190.167 /api/uc.php?time=1383978320&code=0abfSJMCm6gaXRHSDcrXL4gpkiHz8FCEqx0JK%2FIQOuCFEphMn7rAxuvjyhqLyoKHqg61rORaBCCZc3uKPmRqROmLsj89obYby46r8resuXfmWnQY7NPSTi4ZdeOHQP8cSQvBomDhvi6y335K02Ke7aKuSic%2BxeK%2B6KAXW%2Fs2
INFO: [ app_begin ] --START--
INFO: Run ReadHtmlCache Behavior [ RunTime:0.001185s ]
INFO: [ app_begin ] --END-- [ RunTime:0.001276s ]
NOTIC: [8] Constant UC_CLIENT_VERSION already defined D:\wwwroot\mainweb\sdk\api\UcApi\Lib\Action\IndexAction.class.php 第 4 行.
NOTIC: [8] Constant UC_CLIENT_RELEASE already defined D:\wwwroot\mainweb\sdk\api\UcApi\Lib\Action\IndexAction.class.php 第 5 行.
NOTIC: [2048] Only variables should be passed by reference D:\wwwroot\mainweb\sdk\api\UcApi\Lib\Action\IndexAction.class.php 第 63 行.
NOTIC: [8] Constant API_RETURN_FAILED already defined D:\wwwroot\mainweb\sdk\uc_client\model\note.php 第 16 行.
SQL: SHOW COLUMNS FROM `sdk_accounts` [ RunTime:0.002518s ]
SQL: SELECT * FROM `sdk_accounts` WHERE ( `account_id` = 2469 ) LIMIT 1   [ RunTime:0.000611s ]

[ 2013-11-09T20:34:27+08:00 ] 192.168.182.72 /api/uc.php?time=1384000467&code=5e08XC%2BcN7sQiNQ%2F1WNTr5%2F11%2FH2vH542NFKCs2YzsSSIhw%2Bdz4lA7aliq5JjnjRkeE0f28ly7wS6iGZ%2BvrHj1D%2BCJIM7EaZgvlDIwtQXxm2eZLDS9zdx0c9RwkCtIrAjssSl0g19bZYJgjyT%2Biq%2FxXGWgwsZlfnTAWGYxG8TA9f
INFO: [ app_begin ] --START--
INFO: Run ReadHtmlCache Behavior [ RunTime:0.001040s ]
INFO: [ app_begin ] --END-- [ RunTime:0.001131s ]
NOTIC: [8] Constant UC_CLIENT_VERSION already defined D:\wwwroot\mainweb\sdk\api\UcApi\Lib\Action\IndexAction.class.php 第 4 行.
NOTIC: [8] Constant UC_CLIENT_RELEASE already defined D:\wwwroot\mainweb\sdk\api\UcApi\Lib\Action\IndexAction.class.php 第 5 行.
NOTIC: [2048] Only variables should be passed by reference D:\wwwroot\mainweb\sdk\api\UcApi\Lib\Action\IndexAction.class.php 第 63 行.
NOTIC: [8] Constant API_RETURN_FAILED already defined D:\wwwroot\mainweb\sdk\uc_client\model\note.php 第 16 行.
SQL: SHOW COLUMNS FROM `sdk_accounts` [ RunTime:0.002127s ]
SQL: SELECT * FROM `sdk_accounts` WHERE ( `account_id` = 580 ) LIMIT 1   [ RunTime:0.000525s ]

[ 2013-11-09T21:06:07+08:00 ] 192.168.164.108 /api/uc.php?time=1384002367&code=9ff6WWcJ%2BfHxkhhKRE5xb0zBzKhFN3YeRmnwz3bdcYBq3aerjBkEIv0GDse4bq1FY6PeyOD22rS%2FJp0ZRfgYWp%2Bl3f9in62ta8y%2FFrPYtwvd4BbDMoCg5ZMoNJYWrFpRB3n43cwY2T%2BAKNuPSrLsMJjvlgNnIfbEt5oppb33mf54Nw
INFO: [ app_begin ] --START--
INFO: Run ReadHtmlCache Behavior [ RunTime:0.001155s ]
INFO: [ app_begin ] --END-- [ RunTime:0.001250s ]
NOTIC: [8] Constant UC_CLIENT_VERSION already defined D:\wwwroot\mainweb\sdk\api\UcApi\Lib\Action\IndexAction.class.php 第 4 行.
NOTIC: [8] Constant UC_CLIENT_RELEASE already defined D:\wwwroot\mainweb\sdk\api\UcApi\Lib\Action\IndexAction.class.php 第 5 行.
NOTIC: [2048] Only variables should be passed by reference D:\wwwroot\mainweb\sdk\api\UcApi\Lib\Action\IndexAction.class.php 第 63 行.
NOTIC: [8] Constant API_RETURN_FAILED already defined D:\wwwroot\mainweb\sdk\uc_client\model\note.php 第 16 行.
SQL: SHOW COLUMNS FROM `sdk_accounts` [ RunTime:0.002245s ]
SQL: SELECT * FROM `sdk_accounts` WHERE ( `account_id` = 2408 ) LIMIT 1   [ RunTime:0.000501s ]

[ 2013-11-09T21:47:15+08:00 ] 192.168.128.142 /api/uc.php?time=1384004835&code=783aiJvne%2FkyI5LXzqy7NkFCLX3ULVCcL3BfDA%2F27rY7zhcD%2FZcwi4JlzAGAVUIwAnOMfRXC%2F%2B51QsN4dRjVA%2Bi%2Fjsipc3sTDJ1o9gHfMf2dJINABhWdeUK8qB8SBsOmv96jUekPea8HDb3f7dN2cnSzShtbo9sOwu0%2Bkup4
INFO: [ app_begin ] --START--
INFO: Run ReadHtmlCache Behavior [ RunTime:0.001129s ]
INFO: [ app_begin ] --END-- [ RunTime:0.001224s ]
NOTIC: [8] Constant UC_CLIENT_VERSION already defined D:\wwwroot\mainweb\sdk\api\UcApi\Lib\Action\IndexAction.class.php 第 4 行.
NOTIC: [8] Constant UC_CLIENT_RELEASE already defined D:\wwwroot\mainweb\sdk\api\UcApi\Lib\Action\IndexAction.class.php 第 5 行.
NOTIC: [2048] Only variables should be passed by reference D:\wwwroot\mainweb\sdk\api\UcApi\Lib\Action\IndexAction.class.php 第 63 行.
NOTIC: [8] Constant API_RETURN_FAILED already defined D:\wwwroot\mainweb\sdk\uc_client\model\note.php 第 16 行.
SQL: SHOW COLUMNS FROM `sdk_accounts` [ RunTime:0.002119s ]
SQL: SELECT * FROM `sdk_accounts` WHERE ( `account_id` = 1628 ) LIMIT 1   [ RunTime:0.000300s ]

[ 2013-11-09T21:50:10+08:00 ] 192.168.184.149 /api/uc.php?time=1384005009&code=d342cMbc%2FxlRmSsVXSGi8GulJlqhcb1uX%2BlDfj8wLW8f72qKGM5%2FAt3Mm95l6NHdci1gKF20cTbOazI1lV9qdvcTcr7cJ%2BRwSlYsE7%2Bq9y5yzRCs8dg06Uf32bC82oHKwFjcCDFFEjWjkwXgrbmj9GJos01vdKL0YbgpAi0G
INFO: [ app_begin ] --START--
INFO: Run ReadHtmlCache Behavior [ RunTime:0.001115s ]
INFO: [ app_begin ] --END-- [ RunTime:0.001208s ]
NOTIC: [8] Constant UC_CLIENT_VERSION already defined D:\wwwroot\mainweb\sdk\api\UcApi\Lib\Action\IndexAction.class.php 第 4 行.
NOTIC: [8] Constant UC_CLIENT_RELEASE already defined D:\wwwroot\mainweb\sdk\api\UcApi\Lib\Action\IndexAction.class.php 第 5 行.
NOTIC: [2048] Only variables should be passed by reference D:\wwwroot\mainweb\sdk\api\UcApi\Lib\Action\IndexAction.class.php 第 63 行.
NOTIC: [8] Constant API_RETURN_FAILED already defined D:\wwwroot\mainweb\sdk\uc_client\model\note.php 第 16 行.
SQL: SHOW COLUMNS FROM `sdk_accounts` [ RunTime:0.002033s ]
SQL: SELECT * FROM `sdk_accounts` WHERE ( `account_id` = 1709 ) LIMIT 1   [ RunTime:0.000508s ]

[ 2013-11-09T21:58:23+08:00 ] 192.168.205.146 /api/uc.php?time=1384005501&code=03c5MR79CESXcHOXOKA3ild14XfUzY%2FFxQFZnsnn4E8TyWAuwMgECZDU5ND4eVQxEPqsOJYF8cs%2BZVC6RAABnzVqUzZ49LSziz7QJF3H59c%2FFgQSbXkmgkHSvThK440TftzBXBDzb1IVgCxti1Kv0c95Pb90pgEgJ4jEwdlCwrdOSw
INFO: [ app_begin ] --START--
INFO: Run ReadHtmlCache Behavior [ RunTime:0.001008s ]
INFO: [ app_begin ] --END-- [ RunTime:0.001103s ]
NOTIC: [8] Constant UC_CLIENT_VERSION already defined D:\wwwroot\mainweb\sdk\api\UcApi\Lib\Action\IndexAction.class.php 第 4 行.
NOTIC: [8] Constant UC_CLIENT_RELEASE already defined D:\wwwroot\mainweb\sdk\api\UcApi\Lib\Action\IndexAction.class.php 第 5 行.
NOTIC: [2048] Only variables should be passed by reference D:\wwwroot\mainweb\sdk\api\UcApi\Lib\Action\IndexAction.class.php 第 63 行.
NOTIC: [8] Constant API_RETURN_FAILED already defined D:\wwwroot\mainweb\sdk\uc_client\model\note.php 第 16 行.
SQL: SHOW COLUMNS FROM `sdk_accounts` [ RunTime:0.002213s ]
SQL: SELECT * FROM `sdk_accounts` WHERE ( `account_id` = 1832 ) LIMIT 1   [ RunTime:0.000491s ]

[ 2013-11-09T22:00:11+08:00 ] 192.168.183.142 /api/uc.php?time=1384005608&code=5a89fM5E3SMuWssX98sI2kwdkQXl50vXK0Wb8JP4K%2FoYlNoP3QucmVsFDzTzC8Vt1NPRldZEs%2F3jJMgK7n0vjo%2BJ1In7qpIY8qidRKkqUI66YDA9ZM6LaNz7saE6NZcpGBZhvUze72qseAqefhtMA52PwRgCEIpKHtiUyZMr
INFO: [ app_begin ] --START--
INFO: Run ReadHtmlCache Behavior [ RunTime:0.001041s ]
INFO: [ app_begin ] --END-- [ RunTime:0.001133s ]
NOTIC: [8] Constant UC_CLIENT_VERSION already defined D:\wwwroot\mainweb\sdk\api\UcApi\Lib\Action\IndexAction.class.php 第 4 行.
NOTIC: [8] Constant UC_CLIENT_RELEASE already defined D:\wwwroot\mainweb\sdk\api\UcApi\Lib\Action\IndexAction.class.php 第 5 行.
NOTIC: [2048] Only variables should be passed by reference D:\wwwroot\mainweb\sdk\api\UcApi\Lib\Action\IndexAction.class.php 第 63 行.
NOTIC: [8] Constant API_RETURN_FAILED already defined D:\wwwroot\mainweb\sdk\uc_client\model\note.php 第 16 行.
SQL: SHOW COLUMNS FROM `sdk_accounts` [ RunTime:0.001924s ]
SQL: SELECT * FROM `sdk_accounts` WHERE ( `account_id` = 2349 ) LIMIT 1   [ RunTime:0.000301s ]

[ 2013-11-09T22:02:02+08:00 ] 192.168.135.96 /api/uc.php?time=1384005722&code=23e6nfmMDllM5t0F7aVDW4w9j77yhFMRjGJHtLO%2FMUGleBXirMwGfUUSfUjHu1CSOVTATWvZcecntVgUOO3w4A0ANwSTC1hXXxAtyR0%2FJK2L928x2zgBYpz2cZJS%2F%2FPlcCXNLvxHjsJ3g4NSvle0WffxRBV4AOAlxy5G233Z%2B5%2FLlQ
INFO: [ app_begin ] --START--
INFO: Run ReadHtmlCache Behavior [ RunTime:0.001037s ]
INFO: [ app_begin ] --END-- [ RunTime:0.001127s ]
NOTIC: [8] Constant UC_CLIENT_VERSION already defined D:\wwwroot\mainweb\sdk\api\UcApi\Lib\Action\IndexAction.class.php 第 4 行.
NOTIC: [8] Constant UC_CLIENT_RELEASE already defined D:\wwwroot\mainweb\sdk\api\UcApi\Lib\Action\IndexAction.class.php 第 5 行.
NOTIC: [2048] Only variables should be passed by reference D:\wwwroot\mainweb\sdk\api\UcApi\Lib\Action\IndexAction.class.php 第 63 行.
NOTIC: [8] Constant API_RETURN_FAILED already defined D:\wwwroot\mainweb\sdk\uc_client\model\note.php 第 16 行.
SQL: SHOW COLUMNS FROM `sdk_accounts` [ RunTime:0.001937s ]
SQL: SELECT * FROM `sdk_accounts` WHERE ( `account_id` = 2455 ) LIMIT 1   [ RunTime:0.000544s ]

[ 2013-11-09T22:12:00+08:00 ] 192.168.150.232 /api/uc.php?time=1384006320&code=d64c4kCFfLE%2Buc660Wjh0oU2UFWGFEe3v5XVlQGGbwfn%2FToxvP7W%2BPLd3kvaix73WlaSwe%2BTS1FP3%2FTHfYJBJuSXBGZnLq4loy2LWth6CLjsL8goapukPkc%2BT%2F0TB48zLmeM8R50VUrKj6gu45WrdYZymwD2M%2BOYO0XuwHcKFgI
INFO: [ app_begin ] --START--
INFO: Run ReadHtmlCache Behavior [ RunTime:0.001301s ]
INFO: [ app_begin ] --END-- [ RunTime:0.001393s ]
NOTIC: [8] Constant UC_CLIENT_VERSION already defined D:\wwwroot\mainweb\sdk\api\UcApi\Lib\Action\IndexAction.class.php 第 4 行.
NOTIC: [8] Constant UC_CLIENT_RELEASE already defined D:\wwwroot\mainweb\sdk\api\UcApi\Lib\Action\IndexAction.class.php 第 5 行.
NOTIC: [2048] Only variables should be passed by reference D:\wwwroot\mainweb\sdk\api\UcApi\Lib\Action\IndexAction.class.php 第 63 行.
NOTIC: [8] Constant API_RETURN_FAILED already defined D:\wwwroot\mainweb\sdk\uc_client\model\note.php 第 16 行.
SQL: SHOW COLUMNS FROM `sdk_accounts` [ RunTime:0.002197s ]
SQL: SELECT * FROM `sdk_accounts` WHERE ( `account_id` = 2543 ) LIMIT 1   [ RunTime:0.000570s ]

[ 2013-11-09T23:24:00+08:00 ] 192.168.164.112 /api/uc.php?time=1384010640&code=98b89OC1P2Sw8sRQHJm6wbw61GMJUgnfrVqJ3bKvAg4TSkfGl3PxgxLjUFSXsQGl90PIVoS6HTCQK7vCut1t0Jm0QEunOq7OgdnUtlURYNEt2Qk6nI8c7PpEf5vqL3%2BNpk1OachHSFDejRJv0yHihGA8qYkW62AIjPkUVOSenr2LoQ
INFO: [ app_begin ] --START--
INFO: Run ReadHtmlCache Behavior [ RunTime:0.001343s ]
INFO: [ app_begin ] --END-- [ RunTime:0.001433s ]
NOTIC: [8] Constant UC_CLIENT_VERSION already defined D:\wwwroot\mainweb\sdk\api\UcApi\Lib\Action\IndexAction.class.php 第 4 行.
NOTIC: [8] Constant UC_CLIENT_RELEASE already defined D:\wwwroot\mainweb\sdk\api\UcApi\Lib\Action\IndexAction.class.php 第 5 行.
NOTIC: [2048] Only variables should be passed by reference D:\wwwroot\mainweb\sdk\api\UcApi\Lib\Action\IndexAction.class.php 第 63 行.
NOTIC: [8] Constant API_RETURN_FAILED already defined D:\wwwroot\mainweb\sdk\uc_client\model\note.php 第 16 行.
SQL: SHOW COLUMNS FROM `sdk_accounts` [ RunTime:0.002096s ]
SQL: SELECT * FROM `sdk_accounts` WHERE ( `account_id` = 1913 ) LIMIT 1   [ RunTime:0.000304s ]

[ 2013-11-09T23:49:25+08:00 ] 192.168.206.208 /api/uc.php?time=1384012165&code=52b8GV8aSRWyw715HSuxJoU1us4fF5BRryazmvn1GbGFPUdOCTbWqWidNBCxzwTYp%2BkobDYTJmx8hx5ot21bsmvz4fV7mGlN%2Bs%2BxjShFLC7co8ZKMB2l86UyV7yKvFO2x10LamLS%2Fxf2DkkLDijYyGW53KKRv%2Fw8yOkO0VIUbw
INFO: [ app_begin ] --START--
INFO: Run ReadHtmlCache Behavior [ RunTime:0.001034s ]
INFO: [ app_begin ] --END-- [ RunTime:0.001125s ]
NOTIC: [8] Constant UC_CLIENT_VERSION already defined D:\wwwroot\mainweb\sdk\api\UcApi\Lib\Action\IndexAction.class.php 第 4 行.
NOTIC: [8] Constant UC_CLIENT_RELEASE already defined D:\wwwroot\mainweb\sdk\api\UcApi\Lib\Action\IndexAction.class.php 第 5 行.
NOTIC: [2048] Only variables should be passed by reference D:\wwwroot\mainweb\sdk\api\UcApi\Lib\Action\IndexAction.class.php 第 63 行.
NOTIC: [8] Constant API_RETURN_FAILED already defined D:\wwwroot\mainweb\sdk\uc_client\model\note.php 第 16 行.
SQL: SHOW COLUMNS FROM `sdk_accounts` [ RunTime:0.002241s ]
SQL: SELECT * FROM `sdk_accounts` WHERE ( `account_id` = 1092 ) LIMIT 1   [ RunTime:0.000799s ]

