[ 2013-11-04T08:54:30+08:00 ] 192.168.201.29 /api/uc.php?time=1383526468&code=2c2frImarzsia2b0dmNdnHvbbn%2BC0uHcdJxdNoYam35hvTMsvUZEizWbIfvkucYXqGVB%2FxHWHNggsr4VoA2BNvKpEsVoZc7k3CgQwV%2BuHPcBurzTkqsiExfLj95FQv8F%2F6wKuIbAL%2F6wMQCyiYrCKRocDhqQ9bevmLDND8TMlA
INFO: [ app_begin ] --START--
INFO: Run ReadHtmlCache Behavior [ RunTime:0.001074s ]
INFO: [ app_begin ] --END-- [ RunTime:0.001167s ]
NOTIC: [8] Constant UC_CLIENT_VERSION already defined D:\wwwroot\mainweb\sdk\api\UcApi\Lib\Action\IndexAction.class.php 第 4 行.
NOTIC: [8] Constant UC_CLIENT_RELEASE already defined D:\wwwroot\mainweb\sdk\api\UcApi\Lib\Action\IndexAction.class.php 第 5 行.
NOTIC: [2048] Only variables should be passed by reference D:\wwwroot\mainweb\sdk\api\UcApi\Lib\Action\IndexAction.class.php 第 63 行.
NOTIC: [8] Constant API_RETURN_FAILED already defined D:\wwwroot\mainweb\sdk\uc_client\model\note.php 第 16 行.
SQL: SHOW COLUMNS FROM `sdk_accounts` [ RunTime:0.002113s ]
SQL: SELECT * FROM `sdk_accounts` WHERE ( `account_id` = 1403 ) LIMIT 1   [ RunTime:0.000598s ]

[ 2013-11-04T12:17:46+08:00 ] 192.168.133.220 /api/uc.php?time=1383538664&code=daa1gZ78K%2FmLHQrYNE3usEGaQ6AQDGssRBVLIgLrvAI0Sf2JRz7zGcDrSZJ5YScKN1WShAdfk4ov3SbMYeW2cUyMZmhIsCd7%2BcttH76ANsFkTomVFsTbomtqKaNh%2Fu1vWcSzfBN6uSsPH6FX9puYz%2Fgk9yJWAeAnNlVhOHPEVa65XTS5aw
INFO: [ app_begin ] --START--
INFO: Run ReadHtmlCache Behavior [ RunTime:0.001146s ]
INFO: [ app_begin ] --END-- [ RunTime:0.001237s ]
NOTIC: [8] Constant UC_CLIENT_VERSION already defined D:\wwwroot\mainweb\sdk\api\UcApi\Lib\Action\IndexAction.class.php 第 4 行.
NOTIC: [8] Constant UC_CLIENT_RELEASE already defined D:\wwwroot\mainweb\sdk\api\UcApi\Lib\Action\IndexAction.class.php 第 5 行.
NOTIC: [2048] Only variables should be passed by reference D:\wwwroot\mainweb\sdk\api\UcApi\Lib\Action\IndexAction.class.php 第 63 行.
NOTIC: [8] Constant API_RETURN_FAILED already defined D:\wwwroot\mainweb\sdk\uc_client\model\note.php 第 16 行.
SQL: SHOW COLUMNS FROM `sdk_accounts` [ RunTime:0.002302s ]
SQL: SELECT * FROM `sdk_accounts` WHERE ( `account_id` = 1713 ) LIMIT 1   [ RunTime:0.000983s ]

[ 2013-11-04T12:28:12+08:00 ] 192.168.185.30 /api/uc.php?time=1383539291&code=2136UEoYgjLxaknU9CitqGCUTlqbGjB%2Buq3FG1F3joncyZFyNrVynPX%2FqNTbcnjL7afTvBsV8NqgUId1rnnZO%2B5tIYM%2Fz50e2FBxC3k6x3yk1dxwe20u14hBsII2BT8aYLvUsR8S0yUvjPh20dvyzbTJKpUlHQ8tM5d%2F3qGfh2f5CA
INFO: [ app_begin ] --START--
INFO: Run ReadHtmlCache Behavior [ RunTime:0.001634s ]
INFO: [ app_begin ] --END-- [ RunTime:0.001724s ]
NOTIC: [8] Constant UC_CLIENT_VERSION already defined D:\wwwroot\mainweb\sdk\api\UcApi\Lib\Action\IndexAction.class.php 第 4 行.
NOTIC: [8] Constant UC_CLIENT_RELEASE already defined D:\wwwroot\mainweb\sdk\api\UcApi\Lib\Action\IndexAction.class.php 第 5 行.
NOTIC: [2048] Only variables should be passed by reference D:\wwwroot\mainweb\sdk\api\UcApi\Lib\Action\IndexAction.class.php 第 63 行.
NOTIC: [8] Constant API_RETURN_FAILED already defined D:\wwwroot\mainweb\sdk\uc_client\model\note.php 第 16 行.
SQL: SHOW COLUMNS FROM `sdk_accounts` [ RunTime:0.002054s ]
SQL: SELECT * FROM `sdk_accounts` WHERE ( `account_id` = 2177 ) LIMIT 1   [ RunTime:0.000435s ]

[ 2013-11-04T13:13:52+08:00 ] 192.168.156.142 /api/uc.php?time=1383542031&code=898dxDrYuT3En3g%2BTgckD0aJKasXoLYvNfq%2FgAgRYObN%2F2ojlN6J3TCNzy%2B4O28hHBqdapKJwvRSabVErnGMK1C0X2ItuNNxcV%2B1dVSIX5IQRLd3qhpjPo2X2AH1tFb5VwhRhnjbiLt02uRZolvQY6hiQ5ur81Ck%2BkyZLxTU3ymO
INFO: [ app_begin ] --START--
INFO: Run ReadHtmlCache Behavior [ RunTime:0.001041s ]
INFO: [ app_begin ] --END-- [ RunTime:0.001136s ]
NOTIC: [8] Constant UC_CLIENT_VERSION already defined D:\wwwroot\mainweb\sdk\api\UcApi\Lib\Action\IndexAction.class.php 第 4 行.
NOTIC: [8] Constant UC_CLIENT_RELEASE already defined D:\wwwroot\mainweb\sdk\api\UcApi\Lib\Action\IndexAction.class.php 第 5 行.
NOTIC: [2048] Only variables should be passed by reference D:\wwwroot\mainweb\sdk\api\UcApi\Lib\Action\IndexAction.class.php 第 63 行.
NOTIC: [8] Constant API_RETURN_FAILED already defined D:\wwwroot\mainweb\sdk\uc_client\model\note.php 第 16 行.
SQL: SHOW COLUMNS FROM `sdk_accounts` [ RunTime:0.001980s ]
SQL: SELECT * FROM `sdk_accounts` WHERE ( `account_id` = 880 ) LIMIT 1   [ RunTime:0.000451s ]

[ 2013-11-04T13:15:05+08:00 ] 192.168.215.218 /api/uc.php?time=1383542104&code=23dex%2FFiGGAVoaHPIq2Frn6ad1Ijys571Lp928d8KR6cZLnz3SAb5ZhfXnwMX1tDCWdW8dgnJHVUKe9AaYf6iy%2FbfVRr7uXksrFObsdHZuvLfCSUnEM4psk3eHftHJLn7BXOg0gAAYm8IKbh0muLQAn4kino2A1J1Bv7PQ
INFO: [ app_begin ] --START--
INFO: Run ReadHtmlCache Behavior [ RunTime:0.000696s ]
INFO: [ app_begin ] --END-- [ RunTime:0.000788s ]
NOTIC: [8] Constant UC_CLIENT_VERSION already defined D:\wwwroot\mainweb\sdk\api\UcApi\Lib\Action\IndexAction.class.php 第 4 行.
NOTIC: [8] Constant UC_CLIENT_RELEASE already defined D:\wwwroot\mainweb\sdk\api\UcApi\Lib\Action\IndexAction.class.php 第 5 行.
NOTIC: [2048] Only variables should be passed by reference D:\wwwroot\mainweb\sdk\api\UcApi\Lib\Action\IndexAction.class.php 第 63 行.
NOTIC: [8] Constant API_RETURN_FAILED already defined D:\wwwroot\mainweb\sdk\uc_client\model\note.php 第 16 行.
SQL: SHOW COLUMNS FROM `sdk_accounts` [ RunTime:0.002048s ]
SQL: SELECT * FROM `sdk_accounts` WHERE ( `account_id` = 1773 ) LIMIT 1   [ RunTime:0.000141s ]

[ 2013-11-04T14:06:51+08:00 ] 192.168.136.130 /api/uc.php?time=1383545211&code=d531hkeM3m1XgL7HH1MAK46Yvu7vTYfuxaTJZFxEy5hSVASr3k3jha0xut8oxzNu5yopmNwlcgqEInVy2dJCXxRZ4u40DkOiEgvoKAD7lP93p5Aank3QPpmsySM%2FTn1k%2Bsm72Wj4VU9aa0069KxpqHkQJyguzhSINRKWvb1MFn1QIA
INFO: [ app_begin ] --START--
INFO: Run ReadHtmlCache Behavior [ RunTime:0.001077s ]
INFO: [ app_begin ] --END-- [ RunTime:0.001168s ]
NOTIC: [8] Constant UC_CLIENT_VERSION already defined D:\wwwroot\mainweb\sdk\api\UcApi\Lib\Action\IndexAction.class.php 第 4 行.
NOTIC: [8] Constant UC_CLIENT_RELEASE already defined D:\wwwroot\mainweb\sdk\api\UcApi\Lib\Action\IndexAction.class.php 第 5 行.
NOTIC: [2048] Only variables should be passed by reference D:\wwwroot\mainweb\sdk\api\UcApi\Lib\Action\IndexAction.class.php 第 63 行.
NOTIC: [8] Constant API_RETURN_FAILED already defined D:\wwwroot\mainweb\sdk\uc_client\model\note.php 第 16 行.
SQL: SHOW COLUMNS FROM `sdk_accounts` [ RunTime:0.002192s ]
SQL: SELECT * FROM `sdk_accounts` WHERE ( `account_id` = 2318 ) LIMIT 1   [ RunTime:0.000439s ]

[ 2013-11-04T15:03:38+08:00 ] 192.168.193.197 /api/uc.php?time=1383548618&code=7635G9bSxql5%2BhVVOsPLqRB0HfaUoxwQqb%2Frblnyln%2Fgqvtz31dTaMOtYfpGPOlfhFKOrL6E%2F3lOifwpAwi%2Behcf%2BZZp71qaL5COYb9dtQszL47jRcOXekjiKOq0bbzkSEivE8%2BHwkRpCohjD4E25mvPfEMdShXNsUuVJrU
INFO: [ app_begin ] --START--
INFO: Run ReadHtmlCache Behavior [ RunTime:0.000703s ]
INFO: [ app_begin ] --END-- [ RunTime:0.000794s ]
NOTIC: [8] Constant UC_CLIENT_VERSION already defined D:\wwwroot\mainweb\sdk\api\UcApi\Lib\Action\IndexAction.class.php 第 4 行.
NOTIC: [8] Constant UC_CLIENT_RELEASE already defined D:\wwwroot\mainweb\sdk\api\UcApi\Lib\Action\IndexAction.class.php 第 5 行.
NOTIC: [2048] Only variables should be passed by reference D:\wwwroot\mainweb\sdk\api\UcApi\Lib\Action\IndexAction.class.php 第 63 行.
NOTIC: [8] Constant API_RETURN_FAILED already defined D:\wwwroot\mainweb\sdk\uc_client\model\note.php 第 16 行.
SQL: SHOW COLUMNS FROM `sdk_accounts` [ RunTime:0.002061s ]
SQL: SELECT * FROM `sdk_accounts` WHERE ( `account_id` = 963 ) LIMIT 1   [ RunTime:0.000480s ]

[ 2013-11-04T15:36:40+08:00 ] 192.168.174.137 /api/uc.php?time=1383550600&code=c22fo7bdEVpnz4by%2FXXp3PwUm%2B3iSGmuV%2BIG88rJ02Wd44RA4WwrT2RvWWCzLGX3KnvPK%2FZNEiyH5ZYLgjbQioyyTQRxBxCHQYQ%2BrWGS7PHh1gfvGrr0tXcqFS1mjYi11%2BBDexk0Mo%2BJRAgATKAMfcG31QVSXFkma%2BEu2sY9Dg
INFO: [ app_begin ] --START--
INFO: Run ReadHtmlCache Behavior [ RunTime:0.000705s ]
INFO: [ app_begin ] --END-- [ RunTime:0.000797s ]
NOTIC: [8] Constant UC_CLIENT_VERSION already defined D:\wwwroot\mainweb\sdk\api\UcApi\Lib\Action\IndexAction.class.php 第 4 行.
NOTIC: [8] Constant UC_CLIENT_RELEASE already defined D:\wwwroot\mainweb\sdk\api\UcApi\Lib\Action\IndexAction.class.php 第 5 行.
NOTIC: [2048] Only variables should be passed by reference D:\wwwroot\mainweb\sdk\api\UcApi\Lib\Action\IndexAction.class.php 第 63 行.
NOTIC: [8] Constant API_RETURN_FAILED already defined D:\wwwroot\mainweb\sdk\uc_client\model\note.php 第 16 行.
SQL: SHOW COLUMNS FROM `sdk_accounts` [ RunTime:0.002170s ]
SQL: SELECT * FROM `sdk_accounts` WHERE ( `account_id` = 634 ) LIMIT 1   [ RunTime:0.000525s ]

[ 2013-11-04T15:59:15+08:00 ] 192.168.182.213 /api/uc.php?time=1383551955&code=1fd9ouU3Bs3zTaC8lxzGFq2xY371neTnlf6ewTOvOKBO7rOgD4pdXhmCpuXIFBk9GOWuuTT6yuVH%2BbY5fGYT%2Be4dP1tf19Q07WnCRLRWyl%2BVexKT9Srauq1dsnwsPf%2BnEVUBcYZfJBvAaxwohtiBhbwdvGkaCxwduJ9s9pUwT%2BTKmA
INFO: [ app_begin ] --START--
INFO: Run ReadHtmlCache Behavior [ RunTime:0.000728s ]
INFO: [ app_begin ] --END-- [ RunTime:0.000820s ]
NOTIC: [8] Constant UC_CLIENT_VERSION already defined D:\wwwroot\mainweb\sdk\api\UcApi\Lib\Action\IndexAction.class.php 第 4 行.
NOTIC: [8] Constant UC_CLIENT_RELEASE already defined D:\wwwroot\mainweb\sdk\api\UcApi\Lib\Action\IndexAction.class.php 第 5 行.
NOTIC: [2048] Only variables should be passed by reference D:\wwwroot\mainweb\sdk\api\UcApi\Lib\Action\IndexAction.class.php 第 63 行.
NOTIC: [8] Constant API_RETURN_FAILED already defined D:\wwwroot\mainweb\sdk\uc_client\model\note.php 第 16 行.
SQL: SHOW COLUMNS FROM `sdk_accounts` [ RunTime:0.001824s ]
SQL: SELECT * FROM `sdk_accounts` WHERE ( `account_id` = 2468 ) LIMIT 1   [ RunTime:0.000779s ]

[ 2013-11-04T16:38:46+08:00 ] 192.168.206.152 /api/uc.php?time=1383554326&code=fe65g0l3YdttahRxz0vUrMlFpwpia4yD%2F2kVudK5xLM51z0J0TfsdMVHomk%2BNNgYGeKZOxHq9UBvG0E5OrnqR1ifiFT3mtWY1qFZ6vSgj9ot9ow9zq6MigbHLbLQR7awjFKMD%2FASqlP6b26TCtGLBHucRRs%2Byf%2BKrCULqLCy
INFO: [ app_begin ] --START--
INFO: Run ReadHtmlCache Behavior [ RunTime:0.001147s ]
INFO: [ app_begin ] --END-- [ RunTime:0.001241s ]
NOTIC: [8] Constant UC_CLIENT_VERSION already defined D:\wwwroot\mainweb\sdk\api\UcApi\Lib\Action\IndexAction.class.php 第 4 行.
NOTIC: [8] Constant UC_CLIENT_RELEASE already defined D:\wwwroot\mainweb\sdk\api\UcApi\Lib\Action\IndexAction.class.php 第 5 行.
NOTIC: [2048] Only variables should be passed by reference D:\wwwroot\mainweb\sdk\api\UcApi\Lib\Action\IndexAction.class.php 第 63 行.
NOTIC: [8] Constant API_RETURN_FAILED already defined D:\wwwroot\mainweb\sdk\uc_client\model\note.php 第 16 行.
SQL: SHOW COLUMNS FROM `sdk_accounts` [ RunTime:0.002132s ]
SQL: SELECT * FROM `sdk_accounts` WHERE ( `account_id` = 379 ) LIMIT 1   [ RunTime:0.000618s ]

[ 2013-11-04T18:29:29+08:00 ] 192.168.157.14 /api/uc.php?time=1383560968&code=69aaG0TxcTICZQf60gCeDqJcmLk103mZv9B9a598uw7zVC1ZG%2BdcN1qzIZBBYbSbZGvJU81YAqFp3uTQtYrV9zDgJS%2FELEGkGDBkyO1blPskbmKuvpt7w%2BiehvPITTWRMsANej8N03LYc5HllP%2Busrb5Z%2Fr4XFLjtIZCdhc27AnA
INFO: [ app_begin ] --START--
INFO: Run ReadHtmlCache Behavior [ RunTime:0.001053s ]
INFO: [ app_begin ] --END-- [ RunTime:0.001144s ]
NOTIC: [8] Constant UC_CLIENT_VERSION already defined D:\wwwroot\mainweb\sdk\api\UcApi\Lib\Action\IndexAction.class.php 第 4 行.
NOTIC: [8] Constant UC_CLIENT_RELEASE already defined D:\wwwroot\mainweb\sdk\api\UcApi\Lib\Action\IndexAction.class.php 第 5 行.
NOTIC: [2048] Only variables should be passed by reference D:\wwwroot\mainweb\sdk\api\UcApi\Lib\Action\IndexAction.class.php 第 63 行.
NOTIC: [8] Constant API_RETURN_FAILED already defined D:\wwwroot\mainweb\sdk\uc_client\model\note.php 第 16 行.
SQL: SHOW COLUMNS FROM `sdk_accounts` [ RunTime:0.002310s ]
SQL: SELECT * FROM `sdk_accounts` WHERE ( `account_id` = 825 ) LIMIT 1   [ RunTime:0.000461s ]

[ 2013-11-04T18:42:20+08:00 ] 192.168.205.73 /api/uc.php?time=1383561739&code=b8b5QxpkJp9NLQdNx1%2Fd2YRDzm3ssXHEAtV1ntUBrK4bXY3fsUXz0BW9vdwAwxkPgRWZvN1EuCUV2Xz7V9eLXhSyOURFiJDMZRdHyh8Gz31L9B0Jsool2pA5ZiUmy6s%2BVZ94UCMhkpKGBEJPqrzUzGokVCx5YEa1mnpcLDOx2D3Mug
INFO: [ app_begin ] --START--
INFO: Run ReadHtmlCache Behavior [ RunTime:0.001004s ]
INFO: [ app_begin ] --END-- [ RunTime:0.001098s ]
NOTIC: [8] Constant UC_CLIENT_VERSION already defined D:\wwwroot\mainweb\sdk\api\UcApi\Lib\Action\IndexAction.class.php 第 4 行.
NOTIC: [8] Constant UC_CLIENT_RELEASE already defined D:\wwwroot\mainweb\sdk\api\UcApi\Lib\Action\IndexAction.class.php 第 5 行.
NOTIC: [2048] Only variables should be passed by reference D:\wwwroot\mainweb\sdk\api\UcApi\Lib\Action\IndexAction.class.php 第 63 行.
NOTIC: [8] Constant API_RETURN_FAILED already defined D:\wwwroot\mainweb\sdk\uc_client\model\note.php 第 16 行.
SQL: SHOW COLUMNS FROM `sdk_accounts` [ RunTime:0.001984s ]
SQL: SELECT * FROM `sdk_accounts` WHERE ( `account_id` = 1758 ) LIMIT 1   [ RunTime:0.000467s ]

[ 2013-11-04T18:46:53+08:00 ] 192.168.193.144 /api/uc.php?time=1383562012&code=fd46v4IFQWZ59pbO%2Fys1FdcgrGO0h1bCuNcX2GNLs%2FTZ2rop9IDWhe6ExCO23j1MMihm5g8GijPu%2FfvJERFcUhsuoCDtrkbs6b4ViisLWhIhMMWXR8lxY7jhuWKbt5%2FEeBoJhajW9wXisNFkC6huocUcT38qiIxJPGtay3Y
INFO: [ app_begin ] --START--
INFO: Run ReadHtmlCache Behavior [ RunTime:0.001175s ]
INFO: [ app_begin ] --END-- [ RunTime:0.001279s ]
NOTIC: [8] Constant UC_CLIENT_VERSION already defined D:\wwwroot\mainweb\sdk\api\UcApi\Lib\Action\IndexAction.class.php 第 4 行.
NOTIC: [8] Constant UC_CLIENT_RELEASE already defined D:\wwwroot\mainweb\sdk\api\UcApi\Lib\Action\IndexAction.class.php 第 5 行.
NOTIC: [2048] Only variables should be passed by reference D:\wwwroot\mainweb\sdk\api\UcApi\Lib\Action\IndexAction.class.php 第 63 行.
NOTIC: [8] Constant API_RETURN_FAILED already defined D:\wwwroot\mainweb\sdk\uc_client\model\note.php 第 16 行.
SQL: SHOW COLUMNS FROM `sdk_accounts` [ RunTime:0.002360s ]
SQL: SELECT * FROM `sdk_accounts` WHERE ( `account_id` = 1075 ) LIMIT 1   [ RunTime:0.000294s ]

[ 2013-11-04T20:06:53+08:00 ] 192.168.131.215 /api/uc.php?time=1383566809&code=687bh5ExI%2BCrsTQrFMsuQ4LQwHX576aDHAkXzP2qpADRGT2ZeooeZOLwm%2BhkXDQ7Estrjsdj4lViuS4KS%2BUD6G%2FjoDLAby52qAyzI3gnqPZ9Z6KZHI5OGvTIjqx5gnj7fBbx4fp6%2B0835MICfjQZcxb34nck5YCtRDQbZ9AfLvD3aktyGhP0vD6utw
INFO: [ app_begin ] --START--
INFO: Run ReadHtmlCache Behavior [ RunTime:0.001077s ]
INFO: [ app_begin ] --END-- [ RunTime:0.001167s ]
NOTIC: [8] Constant UC_CLIENT_VERSION already defined D:\wwwroot\mainweb\sdk\api\UcApi\Lib\Action\IndexAction.class.php 第 4 行.
NOTIC: [8] Constant UC_CLIENT_RELEASE already defined D:\wwwroot\mainweb\sdk\api\UcApi\Lib\Action\IndexAction.class.php 第 5 行.
NOTIC: [2048] Only variables should be passed by reference D:\wwwroot\mainweb\sdk\api\UcApi\Lib\Action\IndexAction.class.php 第 63 行.
NOTIC: [8] Constant API_RETURN_FAILED already defined D:\wwwroot\mainweb\sdk\uc_client\model\note.php 第 16 行.
SQL: SHOW COLUMNS FROM `sdk_accounts` [ RunTime:0.002190s ]
SQL: SELECT * FROM `sdk_accounts` WHERE ( `account_id` = 718 ) LIMIT 1   [ RunTime:0.000525s ]

[ 2013-11-04T22:36:30+08:00 ] 192.168.160.207 /api/uc.php?time=1383575790&code=8205z9jWIePjfWxhQ1EgCRoNFlpVeNGbqZWktlle3GOjVgHJ2KoqtPrccQX%2BJ6byjnYXUiArR7Fw6d6BHqRu7PE63y1L36NKt9QBqFnCYxuQovwWWjLmywRHIf4tTgFIDwY5dRmehfh%2BcTrgG2edOYz04Hc9z4ioW4ikfiuSqe0m3Y0
INFO: [ app_begin ] --START--
INFO: Run ReadHtmlCache Behavior [ RunTime:0.001051s ]
INFO: [ app_begin ] --END-- [ RunTime:0.001141s ]
NOTIC: [8] Constant UC_CLIENT_VERSION already defined D:\wwwroot\mainweb\sdk\api\UcApi\Lib\Action\IndexAction.class.php 第 4 行.
NOTIC: [8] Constant UC_CLIENT_RELEASE already defined D:\wwwroot\mainweb\sdk\api\UcApi\Lib\Action\IndexAction.class.php 第 5 行.
NOTIC: [2048] Only variables should be passed by reference D:\wwwroot\mainweb\sdk\api\UcApi\Lib\Action\IndexAction.class.php 第 63 行.
NOTIC: [8] Constant API_RETURN_FAILED already defined D:\wwwroot\mainweb\sdk\uc_client\model\note.php 第 16 行.
SQL: SHOW COLUMNS FROM `sdk_accounts` [ RunTime:0.002142s ]
SQL: SELECT * FROM `sdk_accounts` WHERE ( `account_id` = 776 ) LIMIT 1   [ RunTime:0.000504s ]

[ 2013-11-04T22:59:54+08:00 ] 119.147.146.189 /api/uc.php?time=1383575790&code=8205z9jwiepjfwxhq1egcronflpvengbqzwktlle3gojvghj2koqtprccqx+j6byjnyxuiarr7fw6d6bhqru7pe63y1l36nkt9qbqfncyxuqovwwwjlmywrhif4ttgfidwy5drmehfh+ctrgg2edoyz04hc9z4iow4ikfiusqe0m3y0
INFO: [ app_begin ] --START--
INFO: Run ReadHtmlCache Behavior [ RunTime:0.001032s ]
INFO: [ app_begin ] --END-- [ RunTime:0.001126s ]
NOTIC: [8] Constant UC_CLIENT_VERSION already defined D:\wwwroot\mainweb\sdk\api\UcApi\Lib\Action\IndexAction.class.php 第 4 行.
NOTIC: [8] Constant UC_CLIENT_RELEASE already defined D:\wwwroot\mainweb\sdk\api\UcApi\Lib\Action\IndexAction.class.php 第 5 行.
NOTIC: [8] Undefined index:  time D:\wwwroot\mainweb\sdk\api\UcApi\Lib\Action\IndexAction.class.php 第 54 行.

[ 2013-11-04T23:06:31+08:00 ] 180.153.161.55 /api/uc.php?time=1383575790&code=8205z9jWIePjfWxhQ1EgCRoNFlpVeNGbqZWktlle3GOjVgHJ2KoqtPrccQX+J6byjnYXUiArR7Fw6d6BHqRu7PE63y1L36NKt9QBqFnCYxuQovwWWjLmywRHIf4tTgFIDwY5dRmehfh+cTrgG2edOYz04Hc9z4ioW4ikfiuSqe0m3Y0
INFO: [ app_begin ] --START--
INFO: Run ReadHtmlCache Behavior [ RunTime:0.001103s ]
INFO: [ app_begin ] --END-- [ RunTime:0.001194s ]
NOTIC: [8] Constant UC_CLIENT_VERSION already defined D:\wwwroot\mainweb\sdk\api\UcApi\Lib\Action\IndexAction.class.php 第 4 行.
NOTIC: [8] Constant UC_CLIENT_RELEASE already defined D:\wwwroot\mainweb\sdk\api\UcApi\Lib\Action\IndexAction.class.php 第 5 行.
NOTIC: [8] Undefined index:  time D:\wwwroot\mainweb\sdk\api\UcApi\Lib\Action\IndexAction.class.php 第 54 行.

[ 2013-11-04T23:55:38+08:00 ] 192.168.204.1 /api/uc.php?time=1383580538&code=f11avuV5BBHnLZVV9wgeFoPYCTs568xJPj919roHiRsWIMQLfwBe4SwaumTattzeOxCTEj%2BJh5kRARGQWTtGEOGrUdcEMro5daqb3rJDZ4bzpbJ1FhmG0erDnlfM588pG5Sd4mNMB8RyAPFrqwkroGPJrYTXbXNIAXUg
INFO: [ app_begin ] --START--
INFO: Run ReadHtmlCache Behavior [ RunTime:0.001410s ]
INFO: [ app_begin ] --END-- [ RunTime:0.001507s ]
NOTIC: [8] Constant UC_CLIENT_VERSION already defined D:\wwwroot\mainweb\sdk\api\UcApi\Lib\Action\IndexAction.class.php 第 4 行.
NOTIC: [8] Constant UC_CLIENT_RELEASE already defined D:\wwwroot\mainweb\sdk\api\UcApi\Lib\Action\IndexAction.class.php 第 5 行.
NOTIC: [2048] Only variables should be passed by reference D:\wwwroot\mainweb\sdk\api\UcApi\Lib\Action\IndexAction.class.php 第 63 行.
NOTIC: [8] Constant API_RETURN_FAILED already defined D:\wwwroot\mainweb\sdk\uc_client\model\note.php 第 16 行.
SQL: SHOW COLUMNS FROM `sdk_accounts` [ RunTime:0.002508s ]
SQL: SELECT * FROM `sdk_accounts` WHERE ( `account_id` = 822 ) LIMIT 1   [ RunTime:0.000486s ]

