[ 2013-10-29T00:06:57+08:00 ] 192.168.202.160 /api/uc.php?time=1382976417&code=47f9S%2FtMB9qKpCxCyI9lzcNRvxoVCO0TLArAjoaB7xyYucHF8HuRm1D9ft8VVUOZlq0Nm9IAvvMjnSw7yVzAQEk8jUYvoIYYl7MPRK3DckrqPWONp3GAvWTv21gY0ZVnXWUfdmvpcldfjI3IHnmoMleBPZkv7DWeZWT7iNZ7fY1wsA
INFO: [ app_begin ] --START--
INFO: Run ReadHtmlCache Behavior [ RunTime:0.001265s ]
INFO: [ app_begin ] --END-- [ RunTime:0.001378s ]
NOTIC: [8] Constant UC_CLIENT_VERSION already defined D:\wwwroot\mainweb\sdk\api\UcApi\Lib\Action\IndexAction.class.php 第 4 行.
NOTIC: [8] Constant UC_CLIENT_RELEASE already defined D:\wwwroot\mainweb\sdk\api\UcApi\Lib\Action\IndexAction.class.php 第 5 行.
NOTIC: [2048] Only variables should be passed by reference D:\wwwroot\mainweb\sdk\api\UcApi\Lib\Action\IndexAction.class.php 第 63 行.
NOTIC: [8] Constant API_RETURN_FAILED already defined D:\wwwroot\mainweb\sdk\uc_client\model\note.php 第 16 行.
SQL: SHOW COLUMNS FROM `sdk_accounts` [ RunTime:0.002110s ]
SQL: SELECT * FROM `sdk_accounts` WHERE ( `account_id` = 2527 ) LIMIT 1   [ RunTime:0.000435s ]

[ 2013-10-29T07:48:33+08:00 ] 192.168.165.106 /api/uc.php?time=1383004113&code=7daaVBoI6fGugEyeVbo4DnBD%2Bm381F63C4MAna%2B%2FkZWNwDY1w2vRMdAHcL%2F1sKSbaIqwX8iMS1WdqrEuElBvvB1L0rUlhkYj7WRvcP01D%2FnyEFySiEGZOQaSZVeTDLx68TmMEi9z2NldtliJveTyb7%2BelNycDvvFV5e6xA
INFO: [ app_begin ] --START--
INFO: Run ReadHtmlCache Behavior [ RunTime:0.001042s ]
INFO: [ app_begin ] --END-- [ RunTime:0.001133s ]
NOTIC: [8] Constant UC_CLIENT_VERSION already defined D:\wwwroot\mainweb\sdk\api\UcApi\Lib\Action\IndexAction.class.php 第 4 行.
NOTIC: [8] Constant UC_CLIENT_RELEASE already defined D:\wwwroot\mainweb\sdk\api\UcApi\Lib\Action\IndexAction.class.php 第 5 行.
NOTIC: [2048] Only variables should be passed by reference D:\wwwroot\mainweb\sdk\api\UcApi\Lib\Action\IndexAction.class.php 第 63 行.
NOTIC: [8] Constant API_RETURN_FAILED already defined D:\wwwroot\mainweb\sdk\uc_client\model\note.php 第 16 行.
SQL: SHOW COLUMNS FROM `sdk_accounts` [ RunTime:0.002173s ]
SQL: SELECT * FROM `sdk_accounts` WHERE ( `account_id` = 1331 ) LIMIT 1   [ RunTime:0.000441s ]

[ 2013-10-29T08:15:01+08:00 ] 192.168.188.8 /api/uc.php?time=1383005701&code=647d1e1DSZMEMV5ENjweUnqX11L1eBQXs7I6pIhZNq1DHC52nfqFfMkHMzxBpjcu2HRCZdK%2FyFesVW%2FyN2jVdWj%2BeLxWYtDwtrtPvdpTueZKCUKqzcipqaHNxUTzrrehjeihPHSEbdnsOLtoVB5EsC3%2FkaLg5xX0yhzk
INFO: [ app_begin ] --START--
INFO: Run ReadHtmlCache Behavior [ RunTime:0.001131s ]
INFO: [ app_begin ] --END-- [ RunTime:0.001223s ]
NOTIC: [8] Constant UC_CLIENT_VERSION already defined D:\wwwroot\mainweb\sdk\api\UcApi\Lib\Action\IndexAction.class.php 第 4 行.
NOTIC: [8] Constant UC_CLIENT_RELEASE already defined D:\wwwroot\mainweb\sdk\api\UcApi\Lib\Action\IndexAction.class.php 第 5 行.
NOTIC: [2048] Only variables should be passed by reference D:\wwwroot\mainweb\sdk\api\UcApi\Lib\Action\IndexAction.class.php 第 63 行.
NOTIC: [8] Constant API_RETURN_FAILED already defined D:\wwwroot\mainweb\sdk\uc_client\model\note.php 第 16 行.
SQL: SHOW COLUMNS FROM `sdk_accounts` [ RunTime:0.002262s ]
SQL: SELECT * FROM `sdk_accounts` WHERE ( `account_id` = 899 ) LIMIT 1   [ RunTime:0.000608s ]

[ 2013-10-29T09:34:08+08:00 ] 192.168.143.220 /api/uc.php?time=1383010448&code=f8a4nidjO9cmzbgM13J1Nogayqv6GsUoXRZCtHTHZVRMZ3n%2BD2xmH3V5Xe%2Fq2IrMm0OBegEA%2BAzTMScs0rGoiR6kMX7HzshPqtzrXP88jFDnZsI%2FpGQ2lFd5CrLgm58eCiaOyMRVtCZwFwQWI9pnSkgnvEblmPQRKoOTlrO1
INFO: [ app_begin ] --START--
INFO: Run ReadHtmlCache Behavior [ RunTime:0.001034s ]
INFO: [ app_begin ] --END-- [ RunTime:0.001124s ]
NOTIC: [8] Constant UC_CLIENT_VERSION already defined D:\wwwroot\mainweb\sdk\api\UcApi\Lib\Action\IndexAction.class.php 第 4 行.
NOTIC: [8] Constant UC_CLIENT_RELEASE already defined D:\wwwroot\mainweb\sdk\api\UcApi\Lib\Action\IndexAction.class.php 第 5 行.
NOTIC: [2048] Only variables should be passed by reference D:\wwwroot\mainweb\sdk\api\UcApi\Lib\Action\IndexAction.class.php 第 63 行.
NOTIC: [8] Constant API_RETURN_FAILED already defined D:\wwwroot\mainweb\sdk\uc_client\model\note.php 第 16 行.
SQL: SHOW COLUMNS FROM `sdk_accounts` [ RunTime:0.002172s ]
SQL: SELECT * FROM `sdk_accounts` WHERE ( `account_id` = 2046 ) LIMIT 1   [ RunTime:0.000608s ]

[ 2013-10-29T10:00:38+08:00 ] 192.168.204.139 /api/uc.php?time=1383012037&code=92291TcGqqJzYkUjOQVkso%2BaP3%2BcnZhwxsX%2FiQOlFdEoow4RsL1I7hJF7LVDSpUhaSxiMaH1wYnKDJv7RfEeJghlUhcbSymkvKEIC9%2FSXZj4wj34MGM2fpUDCX%2Bq%2FGZFd0mFOn8hsj9EZ%2F8Y%2B9zYejuRY6wKJPPnAKtviQ
INFO: [ app_begin ] --START--
INFO: Run ReadHtmlCache Behavior [ RunTime:0.001371s ]
INFO: [ app_begin ] --END-- [ RunTime:0.001464s ]
NOTIC: [8] Constant UC_CLIENT_VERSION already defined D:\wwwroot\mainweb\sdk\api\UcApi\Lib\Action\IndexAction.class.php 第 4 行.
NOTIC: [8] Constant UC_CLIENT_RELEASE already defined D:\wwwroot\mainweb\sdk\api\UcApi\Lib\Action\IndexAction.class.php 第 5 行.
NOTIC: [2048] Only variables should be passed by reference D:\wwwroot\mainweb\sdk\api\UcApi\Lib\Action\IndexAction.class.php 第 63 行.
NOTIC: [8] Constant API_RETURN_FAILED already defined D:\wwwroot\mainweb\sdk\uc_client\model\note.php 第 16 行.
SQL: SHOW COLUMNS FROM `sdk_accounts` [ RunTime:0.002089s ]
SQL: SELECT * FROM `sdk_accounts` WHERE ( `account_id` = 1769 ) LIMIT 1   [ RunTime:0.000589s ]

[ 2013-10-29T12:12:48+08:00 ] 112.96.99.131 /api/uc.php?time=1383019968&code=ea5awjvJaou3IJgQOPzE6N9KLZ7F0Gm%2BpRbJU9Y7sE0npSznqs9%2F0uDPuziZaUc%2FranVxzeNW4EuKBHaQltWDYBkmUtM1wx0r4ozltX5W4TV3AodycCQFht1%2F538OIRIk1bF7x9n6GatyU%2BYzt1188R0WNhd8y3EKmbKJl9x
INFO: [ app_begin ] --START--
INFO: Run ReadHtmlCache Behavior [ RunTime:0.001277s ]
INFO: [ app_begin ] --END-- [ RunTime:0.001369s ]
NOTIC: [8] Constant UC_CLIENT_VERSION already defined D:\wwwroot\mainweb\sdk\api\UcApi\Lib\Action\IndexAction.class.php 第 4 行.
NOTIC: [8] Constant UC_CLIENT_RELEASE already defined D:\wwwroot\mainweb\sdk\api\UcApi\Lib\Action\IndexAction.class.php 第 5 行.
NOTIC: [2048] Only variables should be passed by reference D:\wwwroot\mainweb\sdk\api\UcApi\Lib\Action\IndexAction.class.php 第 63 行.
NOTIC: [8] Constant API_RETURN_FAILED already defined D:\wwwroot\mainweb\sdk\uc_client\model\note.php 第 16 行.
SQL: SHOW COLUMNS FROM `sdk_accounts` [ RunTime:0.002085s ]
SQL: SELECT * FROM `sdk_accounts` WHERE ( `account_id` = 1718 ) LIMIT 1   [ RunTime:0.000517s ]

[ 2013-10-29T12:24:48+08:00 ] 192.168.138.134 /api/uc.php?time=1383020688&code=7ddasB5WP528Mc7wjr6G55jik%2BHOTzL8sH6o2b3ry6CWrZo93mUcDAYK6OirjoWMFg4x0q2rwywRm3jCwK3CTSXQPs9R7wcMr9QM1SdPYokyh7c0BgSffH4LlGac0KgPqnfCvQ1oZJ3IVfzxdLxb6AKPcqCjGyGngruTQGHa
INFO: [ app_begin ] --START--
INFO: Run ReadHtmlCache Behavior [ RunTime:0.001127s ]
INFO: [ app_begin ] --END-- [ RunTime:0.001218s ]
NOTIC: [8] Constant UC_CLIENT_VERSION already defined D:\wwwroot\mainweb\sdk\api\UcApi\Lib\Action\IndexAction.class.php 第 4 行.
NOTIC: [8] Constant UC_CLIENT_RELEASE already defined D:\wwwroot\mainweb\sdk\api\UcApi\Lib\Action\IndexAction.class.php 第 5 行.
NOTIC: [2048] Only variables should be passed by reference D:\wwwroot\mainweb\sdk\api\UcApi\Lib\Action\IndexAction.class.php 第 63 行.
NOTIC: [8] Constant API_RETURN_FAILED already defined D:\wwwroot\mainweb\sdk\uc_client\model\note.php 第 16 行.
SQL: SHOW COLUMNS FROM `sdk_accounts` [ RunTime:0.002242s ]
SQL: SELECT * FROM `sdk_accounts` WHERE ( `account_id` = 1942 ) LIMIT 1   [ RunTime:0.000597s ]

[ 2013-10-29T12:26:08+08:00 ] 192.168.138.135 /api/uc.php?time=1383020768&code=01d3lDLu2AtSc596pBDVrhufTNqRSZaBtz4RdC%2BlvNvSTQhCTkszF8bfoByXdUuD1cN0oqIomEB4%2BhBCeftszaleo%2BcVgnfwdnMHvbE1n7YonsczIJf8Gvmr7Wclf7hI2lJpg%2BLVG%2FfAnqjhC0vHK%2BVLbdv4PnMvGoXXrbXKsi9hCyHOTA
INFO: [ app_begin ] --START--
INFO: Run ReadHtmlCache Behavior [ RunTime:0.001074s ]
INFO: [ app_begin ] --END-- [ RunTime:0.001167s ]
NOTIC: [8] Constant UC_CLIENT_VERSION already defined D:\wwwroot\mainweb\sdk\api\UcApi\Lib\Action\IndexAction.class.php 第 4 行.
NOTIC: [8] Constant UC_CLIENT_RELEASE already defined D:\wwwroot\mainweb\sdk\api\UcApi\Lib\Action\IndexAction.class.php 第 5 行.
NOTIC: [2048] Only variables should be passed by reference D:\wwwroot\mainweb\sdk\api\UcApi\Lib\Action\IndexAction.class.php 第 63 行.
NOTIC: [8] Constant API_RETURN_FAILED already defined D:\wwwroot\mainweb\sdk\uc_client\model\note.php 第 16 行.
SQL: SHOW COLUMNS FROM `sdk_accounts` [ RunTime:0.002147s ]
SQL: SELECT * FROM `sdk_accounts` WHERE ( `account_id` = 2548 ) LIMIT 1   [ RunTime:0.000554s ]
SQL: INSERT INTO `sdk_accounts` (`account_id`,`user_name`,`email`,`password`,`reg_time`) VALUES (2548,'xianzhixiong','2310924442@qq.com','f53ff25e2c93b57995849c9403ab87c98890c4aa',1383020768) [ RunTime:0.002869s ]

[ 2013-10-29T12:26:20+08:00 ] 192.168.138.135 /api/uc.php?time=1383020780&code=37f42ILBSf%2F9LnELuNB6f9%2BdQgZCLbeHkC8cKT8RbYpDnwodJCQIcLJseoZacUgCJHypJgW56zX2nkvh13X4HmKv3L9pHQd0Vfqw4wZWELRsverwhO8OujNWhBIMUkaaZstbDsndc3Mv8Kg1wb3y5QuoucHet0gxBXVXdIg2P92XLY6IKA
INFO: [ app_begin ] --START--
INFO: Run ReadHtmlCache Behavior [ RunTime:0.000916s ]
INFO: [ app_begin ] --END-- [ RunTime:0.001004s ]
NOTIC: [8] Constant UC_CLIENT_VERSION already defined D:\wwwroot\mainweb\sdk\api\UcApi\Lib\Action\IndexAction.class.php 第 4 行.
NOTIC: [8] Constant UC_CLIENT_RELEASE already defined D:\wwwroot\mainweb\sdk\api\UcApi\Lib\Action\IndexAction.class.php 第 5 行.
NOTIC: [2048] Only variables should be passed by reference D:\wwwroot\mainweb\sdk\api\UcApi\Lib\Action\IndexAction.class.php 第 63 行.
NOTIC: [8] Constant API_RETURN_FAILED already defined D:\wwwroot\mainweb\sdk\uc_client\model\note.php 第 16 行.
SQL: SHOW COLUMNS FROM `sdk_accounts` [ RunTime:0.002264s ]
SQL: SELECT * FROM `sdk_accounts` WHERE ( `account_id` = 2548 ) LIMIT 1   [ RunTime:0.000536s ]

[ 2013-10-29T12:27:45+08:00 ] 112.96.99.131 /api/uc.php?time=1383020862&code=ce0dqJKzQdGxkw0H8seLAUrT8mvE%2BUgAyqUjweYPUu9SfLk2I1TzUFqsUg7cFu1bBASyTS4lmCz66jmurQ
INFO: [ app_begin ] --START--
INFO: Run ReadHtmlCache Behavior [ RunTime:0.001030s ]
INFO: [ app_begin ] --END-- [ RunTime:0.001123s ]
NOTIC: [8] Constant UC_CLIENT_VERSION already defined D:\wwwroot\mainweb\sdk\api\UcApi\Lib\Action\IndexAction.class.php 第 4 行.
NOTIC: [8] Constant UC_CLIENT_RELEASE already defined D:\wwwroot\mainweb\sdk\api\UcApi\Lib\Action\IndexAction.class.php 第 5 行.
NOTIC: [2048] Only variables should be passed by reference D:\wwwroot\mainweb\sdk\api\UcApi\Lib\Action\IndexAction.class.php 第 63 行.

[ 2013-10-29T12:29:29+08:00 ] 192.168.136.16 /api/uc.php?time=1383020969&code=e3f3RCwBOF%2FaydRkl5tF4oj932sluzKVS%2BC%2FnvJ8so8FFrHTgZngd60YfJUwLHrvaaV0vsori7jW2rHzggTIJxZ6r7rifrfO8tUnuf0GWP0pEpIniu9FgDYLFuwNHxPkgTyr9V1vxdGtIvSW%2Bnt4p5LOHs%2F8b4rFQmpIrFhd3z%2BeWg
INFO: [ app_begin ] --START--
INFO: Run ReadHtmlCache Behavior [ RunTime:0.001304s ]
INFO: [ app_begin ] --END-- [ RunTime:0.001397s ]
NOTIC: [8] Constant UC_CLIENT_VERSION already defined D:\wwwroot\mainweb\sdk\api\UcApi\Lib\Action\IndexAction.class.php 第 4 行.
NOTIC: [8] Constant UC_CLIENT_RELEASE already defined D:\wwwroot\mainweb\sdk\api\UcApi\Lib\Action\IndexAction.class.php 第 5 行.
NOTIC: [2048] Only variables should be passed by reference D:\wwwroot\mainweb\sdk\api\UcApi\Lib\Action\IndexAction.class.php 第 63 行.
NOTIC: [8] Constant API_RETURN_FAILED already defined D:\wwwroot\mainweb\sdk\uc_client\model\note.php 第 16 行.
SQL: SHOW COLUMNS FROM `sdk_accounts` [ RunTime:0.001838s ]
SQL: SELECT * FROM `sdk_accounts` WHERE ( `account_id` = 562 ) LIMIT 1   [ RunTime:0.000496s ]

[ 2013-10-29T12:30:34+08:00 ] 112.96.99.131 /api/uc.php?time=1383021033&code=390cP412QN%2BKlMiu%2BtqYXeqmpSK3hMTAxsCswud%2B84FKFNE2%2FL49dBZE1v1FC3NagcMiXlnPu7devNR7nlIGr%2BjIMS4ULB%2FusRibroTV0L1PzdMV9%2BA1E1qu2YD1UvqVX5zXQlzIfrkIdeTbZTfLOHwFXrJ5h1lEs5nCXI9fD%2BtXCCM
INFO: [ app_begin ] --START--
INFO: Run ReadHtmlCache Behavior [ RunTime:0.001238s ]
INFO: [ app_begin ] --END-- [ RunTime:0.001331s ]
NOTIC: [8] Constant UC_CLIENT_VERSION already defined D:\wwwroot\mainweb\sdk\api\UcApi\Lib\Action\IndexAction.class.php 第 4 行.
NOTIC: [8] Constant UC_CLIENT_RELEASE already defined D:\wwwroot\mainweb\sdk\api\UcApi\Lib\Action\IndexAction.class.php 第 5 行.
NOTIC: [2048] Only variables should be passed by reference D:\wwwroot\mainweb\sdk\api\UcApi\Lib\Action\IndexAction.class.php 第 63 行.
NOTIC: [8] Constant API_RETURN_FAILED already defined D:\wwwroot\mainweb\sdk\uc_client\model\note.php 第 16 行.
SQL: SHOW COLUMNS FROM `sdk_accounts` [ RunTime:0.001861s ]
SQL: SELECT * FROM `sdk_accounts` WHERE ( `account_id` = 2549 ) LIMIT 1   [ RunTime:0.000487s ]
SQL: INSERT INTO `sdk_accounts` (`account_id`,`user_name`,`email`,`password`,`reg_time`) VALUES (2549,'a516407981','516407981@qq.com','7a0999582547cad8343711218eea7f835403a618',1383021034) [ RunTime:0.000911s ]

[ 2013-10-29T12:31:02+08:00 ] 112.96.99.131 /api/uc.php?time=1383021061&code=3fddeQX0v38Y%2FzcizESD%2F2ukSJd4BikDWPBNU7dnv0x2YcAgSKdP7ugo8%2BrgyqCx3g2vG%2FnfyYYcw8idYwC4tbyaXmP2mMOYfuwBjkQmEuFyV2wroeU77ubUL26A3gO%2BOncGFO41SFJjuwKpI2%2Fp0YERHE1J9dGqcazqP5lOV02m66g
INFO: [ app_begin ] --START--
INFO: Run ReadHtmlCache Behavior [ RunTime:0.000586s ]
INFO: [ app_begin ] --END-- [ RunTime:0.000677s ]
NOTIC: [8] Constant UC_CLIENT_VERSION already defined D:\wwwroot\mainweb\sdk\api\UcApi\Lib\Action\IndexAction.class.php 第 4 行.
NOTIC: [8] Constant UC_CLIENT_RELEASE already defined D:\wwwroot\mainweb\sdk\api\UcApi\Lib\Action\IndexAction.class.php 第 5 行.
NOTIC: [2048] Only variables should be passed by reference D:\wwwroot\mainweb\sdk\api\UcApi\Lib\Action\IndexAction.class.php 第 63 行.
NOTIC: [8] Constant API_RETURN_FAILED already defined D:\wwwroot\mainweb\sdk\uc_client\model\note.php 第 16 行.
SQL: SHOW COLUMNS FROM `sdk_accounts` [ RunTime:0.002100s ]
SQL: SELECT * FROM `sdk_accounts` WHERE ( `account_id` = 2549 ) LIMIT 1   [ RunTime:0.000540s ]

[ 2013-10-29T12:32:25+08:00 ] 112.96.99.131 /api/uc.php?time=1383021144&code=33fcrC4b8SsKks7a%2FKOJXxLViZbIUelx%2FVtDBrGEepJoQ9t1ikuTAUY2j2FEdmA%2FlkDpLTRxAMIvDtkPfQ
INFO: [ app_begin ] --START--
INFO: Run ReadHtmlCache Behavior [ RunTime:0.000696s ]
INFO: [ app_begin ] --END-- [ RunTime:0.000786s ]
NOTIC: [8] Constant UC_CLIENT_VERSION already defined D:\wwwroot\mainweb\sdk\api\UcApi\Lib\Action\IndexAction.class.php 第 4 行.
NOTIC: [8] Constant UC_CLIENT_RELEASE already defined D:\wwwroot\mainweb\sdk\api\UcApi\Lib\Action\IndexAction.class.php 第 5 行.
NOTIC: [2048] Only variables should be passed by reference D:\wwwroot\mainweb\sdk\api\UcApi\Lib\Action\IndexAction.class.php 第 63 行.

[ 2013-10-29T12:35:04+08:00 ] 112.96.99.131 /api/uc.php?time=1383021303&code=7361ggNEwIpHJXILOGiuHk1uMr2TVHiM2pP3YJRXA%2B6qYpqkvbZxvRrypA9fS5AGc8Fv9WNmtRefJ5Gj7QWX9EEr0fQcKQ8TPO0VaU2oSOKVGn5NqBOI%2BGSl4STdGuypC0a1%2BB%2FEe64zg3bdMAOaIdyl84qyPNzu2cZMEA
INFO: [ app_begin ] --START--
INFO: Run ReadHtmlCache Behavior [ RunTime:0.001071s ]
INFO: [ app_begin ] --END-- [ RunTime:0.001159s ]
NOTIC: [8] Constant UC_CLIENT_VERSION already defined D:\wwwroot\mainweb\sdk\api\UcApi\Lib\Action\IndexAction.class.php 第 4 行.
NOTIC: [8] Constant UC_CLIENT_RELEASE already defined D:\wwwroot\mainweb\sdk\api\UcApi\Lib\Action\IndexAction.class.php 第 5 行.
NOTIC: [2048] Only variables should be passed by reference D:\wwwroot\mainweb\sdk\api\UcApi\Lib\Action\IndexAction.class.php 第 63 行.
NOTIC: [8] Constant API_RETURN_FAILED already defined D:\wwwroot\mainweb\sdk\uc_client\model\note.php 第 16 行.
SQL: SHOW COLUMNS FROM `sdk_accounts` [ RunTime:0.002061s ]
SQL: SELECT * FROM `sdk_accounts` WHERE ( `account_id` = 2550 ) LIMIT 1   [ RunTime:0.000530s ]
SQL: INSERT INTO `sdk_accounts` (`account_id`,`user_name`,`email`,`password`,`reg_time`) VALUES (2550,'cgy','767397901@qq.com','38a449224373ff894e42299dfbe6748a76f4ea67',1383021304) [ RunTime:0.000520s ]

[ 2013-10-29T12:36:03+08:00 ] 202.116.192.50 /api/uc.php?code=9812MrAJG87WZhaH1XKC89WO2149xD%2FzI%2BWsWDj4I4t0aqPPwDLvjCh5pScq3p11F%2Fd4qe1omeG1s4oZV45pXHv9NMpCxvL%2BeRW6ILmvuYCMbdbO&__times__=1
INFO: [ app_begin ] --START--
INFO: Run ReadHtmlCache Behavior [ RunTime:0.000921s ]
INFO: [ app_begin ] --END-- [ RunTime:0.001009s ]
NOTIC: [8] Constant UC_CLIENT_VERSION already defined D:\wwwroot\mainweb\sdk\api\UcApi\Lib\Action\IndexAction.class.php 第 4 行.
NOTIC: [8] Constant UC_CLIENT_RELEASE already defined D:\wwwroot\mainweb\sdk\api\UcApi\Lib\Action\IndexAction.class.php 第 5 行.
NOTIC: [2048] Only variables should be passed by reference D:\wwwroot\mainweb\sdk\api\UcApi\Lib\Action\IndexAction.class.php 第 63 行.

[ 2013-10-29T12:36:03+08:00 ] 112.96.99.131 /api/uc.php?time=1383021362&code=b16dMVtPD%2BsDro5Q3Pbz%2FW0iShzUqWiDWBlJ3TrWYMk%2F9ux%2BL8DhdRhoBoJ5Z%2BaPV0GLHjCUgRvGDxtn3fiBPd%2BoxvBX%2Fq5Fn7DtOvbaYhUKokWCnZuL2PX8GVJsNurKAhb8ZiXU652sDvFyYilkQLxIVIumbD%2BokuUjdrk
INFO: [ app_begin ] --START--
INFO: Run ReadHtmlCache Behavior [ RunTime:0.001031s ]
INFO: [ app_begin ] --END-- [ RunTime:0.001119s ]
NOTIC: [8] Constant UC_CLIENT_VERSION already defined D:\wwwroot\mainweb\sdk\api\UcApi\Lib\Action\IndexAction.class.php 第 4 行.
NOTIC: [8] Constant UC_CLIENT_RELEASE already defined D:\wwwroot\mainweb\sdk\api\UcApi\Lib\Action\IndexAction.class.php 第 5 行.
NOTIC: [2048] Only variables should be passed by reference D:\wwwroot\mainweb\sdk\api\UcApi\Lib\Action\IndexAction.class.php 第 63 行.
NOTIC: [8] Constant API_RETURN_FAILED already defined D:\wwwroot\mainweb\sdk\uc_client\model\note.php 第 16 行.
SQL: SHOW COLUMNS FROM `sdk_accounts` [ RunTime:0.001829s ]
SQL: SELECT * FROM `sdk_accounts` WHERE ( `account_id` = 2550 ) LIMIT 1   [ RunTime:0.000455s ]
NOTIC: [8] Undefined index:  apph D:\wwwroot\mainweb\sdk\uc_client\model\note.php 第 169 行.
NOTIC: [8] Undefined offset:  2 D:\wwwroot\mainweb\sdk\uc_client\model\note.php 第 141 行.

[ 2013-10-29T13:00:08+08:00 ] 192.168.171.16 /api/uc.php?time=1383022808&code=d09evOCufURdkFEUZz8CYYlG7nZsw4KkeIhSHMtMGnQG%2Bk%2FAmS31OHSgbNhBgOmz1o%2B%2FcrGNpT9Zl%2BBG7MZlSFyA1yft9yv8LxvHsSdbVKJoOnbID7AYYVVL2HdzLl08QQh5CNmWWYH6JPGwF1Lwa7FwjHx3KElfyyUg
INFO: [ app_begin ] --START--
INFO: Run ReadHtmlCache Behavior [ RunTime:0.001074s ]
INFO: [ app_begin ] --END-- [ RunTime:0.001162s ]
NOTIC: [8] Constant UC_CLIENT_VERSION already defined D:\wwwroot\mainweb\sdk\api\UcApi\Lib\Action\IndexAction.class.php 第 4 行.
NOTIC: [8] Constant UC_CLIENT_RELEASE already defined D:\wwwroot\mainweb\sdk\api\UcApi\Lib\Action\IndexAction.class.php 第 5 行.
NOTIC: [2048] Only variables should be passed by reference D:\wwwroot\mainweb\sdk\api\UcApi\Lib\Action\IndexAction.class.php 第 63 行.
NOTIC: [8] Constant API_RETURN_FAILED already defined D:\wwwroot\mainweb\sdk\uc_client\model\note.php 第 16 行.
SQL: SHOW COLUMNS FROM `sdk_accounts` [ RunTime:0.002394s ]
SQL: SELECT * FROM `sdk_accounts` WHERE ( `account_id` = 593 ) LIMIT 1   [ RunTime:0.000613s ]

[ 2013-10-29T13:01:59+08:00 ] 192.168.191.144 /api/uc.php?time=1383022919&code=0f17ANp7l0c3GqAViUsnjZVJ2nkVBLVnm6X8dzHWh%2FWMvzkcXjFslXjypAr2sj5h%2BUtyPqFRALq4eZAtcWksITF4%2BoDAAgeRbs97vIGCBuOZit0TCzZ2gPlBD0yg6XQtKb4ucPp2S0SOhag%2Bo5pJREHlzYLFKIRPwgnKOFvFeg
INFO: [ app_begin ] --START--
INFO: Run ReadHtmlCache Behavior [ RunTime:0.001035s ]
INFO: [ app_begin ] --END-- [ RunTime:0.001130s ]
NOTIC: [8] Constant UC_CLIENT_VERSION already defined D:\wwwroot\mainweb\sdk\api\UcApi\Lib\Action\IndexAction.class.php 第 4 行.
NOTIC: [8] Constant UC_CLIENT_RELEASE already defined D:\wwwroot\mainweb\sdk\api\UcApi\Lib\Action\IndexAction.class.php 第 5 行.
NOTIC: [2048] Only variables should be passed by reference D:\wwwroot\mainweb\sdk\api\UcApi\Lib\Action\IndexAction.class.php 第 63 行.
NOTIC: [8] Constant API_RETURN_FAILED already defined D:\wwwroot\mainweb\sdk\uc_client\model\note.php 第 16 行.
SQL: SHOW COLUMNS FROM `sdk_accounts` [ RunTime:0.002039s ]
SQL: SELECT * FROM `sdk_accounts` WHERE ( `account_id` = 1318 ) LIMIT 1   [ RunTime:0.000440s ]

[ 2013-10-29T13:02:00+08:00 ] 101.226.33.228 /api/uc.php?time=1383022919&code=0f17ANp7l0c3GqAViUsnjZVJ2nkVBLVnm6X8dzHWh/WMvzkcXjFslXjypAr2sj5h+UtyPqFRALq4eZAtcWksITF4+oDAAgeRbs97vIGCBuOZit0TCzZ2gPlBD0yg6XQtKb4ucPp2S0SOhag+o5pJREHlzYLFKIRPwgnKOFvFeg
INFO: [ app_begin ] --START--
INFO: Run ReadHtmlCache Behavior [ RunTime:0.000923s ]
INFO: [ app_begin ] --END-- [ RunTime:0.001016s ]
NOTIC: [8] Constant UC_CLIENT_VERSION already defined D:\wwwroot\mainweb\sdk\api\UcApi\Lib\Action\IndexAction.class.php 第 4 行.
NOTIC: [8] Constant UC_CLIENT_RELEASE already defined D:\wwwroot\mainweb\sdk\api\UcApi\Lib\Action\IndexAction.class.php 第 5 行.
NOTIC: [8] Undefined index:  time D:\wwwroot\mainweb\sdk\api\UcApi\Lib\Action\IndexAction.class.php 第 54 行.

[ 2013-10-29T13:24:09+08:00 ] 192.168.185.96 /api/uc.php?time=1383024247&code=1a0cGXkpyrXjjI7bQ3rFJlDdtTU6TMZT9H9m8dlMqM%2FfwyKBxlhmjm1E5wROu9%2Fk9gQzC7n1DqbPpgAhJRHjGRM%2FPit6Smy%2BXcFtbwtONDVHtmC4MM1IsvsD6ZaN1HMzcdUSCfVUesxA4YkZSo5HjNCpHtooh5Bs88tki8Dktg
INFO: [ app_begin ] --START--
INFO: Run ReadHtmlCache Behavior [ RunTime:0.001035s ]
INFO: [ app_begin ] --END-- [ RunTime:0.001129s ]
NOTIC: [8] Constant UC_CLIENT_VERSION already defined D:\wwwroot\mainweb\sdk\api\UcApi\Lib\Action\IndexAction.class.php 第 4 行.
NOTIC: [8] Constant UC_CLIENT_RELEASE already defined D:\wwwroot\mainweb\sdk\api\UcApi\Lib\Action\IndexAction.class.php 第 5 行.
NOTIC: [2048] Only variables should be passed by reference D:\wwwroot\mainweb\sdk\api\UcApi\Lib\Action\IndexAction.class.php 第 63 行.
NOTIC: [8] Constant API_RETURN_FAILED already defined D:\wwwroot\mainweb\sdk\uc_client\model\note.php 第 16 行.
SQL: SHOW COLUMNS FROM `sdk_accounts` [ RunTime:0.001775s ]
SQL: SELECT * FROM `sdk_accounts` WHERE ( `account_id` = 2268 ) LIMIT 1   [ RunTime:0.000561s ]

[ 2013-10-29T13:44:07+08:00 ] 192.168.204.198 /api/uc.php?time=1383025446&code=21eah2pSe0%2Fv9tgcwKcEocLyQ7RMeH89DK34q2PLVpTjFj7eN5ZxJO3CkMVPhr5vIFam50FLswMxQRsT4cduXWsTS9tAu1jAqSMupSQEW%2Fi5hH5Ihm94urK17ws3RSADXrL3gaSw6KJjREZTz%2B16nf%2FyPM8v7ld4xUactqBUk07%2BRBk
INFO: [ app_begin ] --START--
INFO: Run ReadHtmlCache Behavior [ RunTime:0.001494s ]
INFO: [ app_begin ] --END-- [ RunTime:0.001585s ]
NOTIC: [8] Constant UC_CLIENT_VERSION already defined D:\wwwroot\mainweb\sdk\api\UcApi\Lib\Action\IndexAction.class.php 第 4 行.
NOTIC: [8] Constant UC_CLIENT_RELEASE already defined D:\wwwroot\mainweb\sdk\api\UcApi\Lib\Action\IndexAction.class.php 第 5 行.
NOTIC: [2048] Only variables should be passed by reference D:\wwwroot\mainweb\sdk\api\UcApi\Lib\Action\IndexAction.class.php 第 63 行.
NOTIC: [8] Constant API_RETURN_FAILED already defined D:\wwwroot\mainweb\sdk\uc_client\model\note.php 第 16 行.
SQL: SHOW COLUMNS FROM `sdk_accounts` [ RunTime:0.002217s ]
SQL: SELECT * FROM `sdk_accounts` WHERE ( `account_id` = 1636 ) LIMIT 1   [ RunTime:0.000440s ]

[ 2013-10-29T13:46:52+08:00 ] 192.168.185.172 /api/uc.php?time=1383025612&code=9ff8QCAIOLbEaeSRp65skin1dT4K2F1RIydKRX4eZdCUEjoL33Ra%2BN%2BP76XSK%2BwOnqaq9MSYeInqfiyhB%2B3xiY6aQEAWrdNp5g37bFI9g075S9%2BjHeEQ%2FolrSqnFUVmE2qdknYj5zAzJ3CnlKxLfys1zzzTutbVCZ%2BnxnlvN
INFO: [ app_begin ] --START--
INFO: Run ReadHtmlCache Behavior [ RunTime:0.001104s ]
INFO: [ app_begin ] --END-- [ RunTime:0.001194s ]
NOTIC: [8] Constant UC_CLIENT_VERSION already defined D:\wwwroot\mainweb\sdk\api\UcApi\Lib\Action\IndexAction.class.php 第 4 行.
NOTIC: [8] Constant UC_CLIENT_RELEASE already defined D:\wwwroot\mainweb\sdk\api\UcApi\Lib\Action\IndexAction.class.php 第 5 行.
NOTIC: [2048] Only variables should be passed by reference D:\wwwroot\mainweb\sdk\api\UcApi\Lib\Action\IndexAction.class.php 第 63 行.
NOTIC: [8] Constant API_RETURN_FAILED already defined D:\wwwroot\mainweb\sdk\uc_client\model\note.php 第 16 行.
SQL: SHOW COLUMNS FROM `sdk_accounts` [ RunTime:0.002398s ]
SQL: SELECT * FROM `sdk_accounts` WHERE ( `account_id` = 2275 ) LIMIT 1   [ RunTime:0.000594s ]

[ 2013-10-29T13:47:20+08:00 ] 192.168.201.89 /api/uc.php?time=1383025640&code=b957PKEnxDkED%2BRofMuXpsXUZtz2FfzPqgUMk2EiL8URHKQIqth0KHc1Y8Rn3%2FAmrr4IMurc2YdcJ4OTHkRZZPmZcQi9IBAMDa62AUNIxS27AG2oNu%2FST363%2BfGvgOTxmMGkCPPJNKkIjh9LT%2BpXQzy1qEJuhln5brDv%2F%2FiTNcs
INFO: [ app_begin ] --START--
INFO: Run ReadHtmlCache Behavior [ RunTime:0.000922s ]
INFO: [ app_begin ] --END-- [ RunTime:0.001013s ]
NOTIC: [8] Constant UC_CLIENT_VERSION already defined D:\wwwroot\mainweb\sdk\api\UcApi\Lib\Action\IndexAction.class.php 第 4 行.
NOTIC: [8] Constant UC_CLIENT_RELEASE already defined D:\wwwroot\mainweb\sdk\api\UcApi\Lib\Action\IndexAction.class.php 第 5 行.
NOTIC: [2048] Only variables should be passed by reference D:\wwwroot\mainweb\sdk\api\UcApi\Lib\Action\IndexAction.class.php 第 63 行.
NOTIC: [8] Constant API_RETURN_FAILED already defined D:\wwwroot\mainweb\sdk\uc_client\model\note.php 第 16 行.
SQL: SHOW COLUMNS FROM `sdk_accounts` [ RunTime:0.001997s ]
SQL: SELECT * FROM `sdk_accounts` WHERE ( `account_id` = 2017 ) LIMIT 1   [ RunTime:0.000569s ]

[ 2013-10-29T14:16:29+08:00 ] 192.168.203.163 /api/uc.php?time=1383027389&code=3fb2D%2FxMR7ghPDbG56I1UCrKKgSewWD%2F4F5kYsX3FmwAhXYM%2BDT7O6Sx0XnNTxYTu8digz%2BpOLjBTxgCcRDnIu9NFd3Fy98J2kPtcP%2FsCIhtTqzH3Xrm7hs3fhY8iegfH3hDrhuxW4Og474n9eYJcNtgh2ioQsLGbhBXmNwgbw
INFO: [ app_begin ] --START--
INFO: Run ReadHtmlCache Behavior [ RunTime:0.001192s ]
INFO: [ app_begin ] --END-- [ RunTime:0.001287s ]
NOTIC: [8] Constant UC_CLIENT_VERSION already defined D:\wwwroot\mainweb\sdk\api\UcApi\Lib\Action\IndexAction.class.php 第 4 行.
NOTIC: [8] Constant UC_CLIENT_RELEASE already defined D:\wwwroot\mainweb\sdk\api\UcApi\Lib\Action\IndexAction.class.php 第 5 行.
NOTIC: [2048] Only variables should be passed by reference D:\wwwroot\mainweb\sdk\api\UcApi\Lib\Action\IndexAction.class.php 第 63 行.
NOTIC: [8] Constant API_RETURN_FAILED already defined D:\wwwroot\mainweb\sdk\uc_client\model\note.php 第 16 行.
SQL: SHOW COLUMNS FROM `sdk_accounts` [ RunTime:0.002149s ]
SQL: SELECT * FROM `sdk_accounts` WHERE ( `account_id` = 2013 ) LIMIT 1   [ RunTime:0.000431s ]

[ 2013-10-29T14:22:42+08:00 ] 172.16.105.88 /api/uc.php?time=1383027762&code=a4d6UDAEIFQ5hehKUrodWdZJ%2FODBmmSjxS%2BQ7hsPrNOZvdXkOHJPNrjUhHojtqdN2XSyis6YS0%2F0R2lf7%2Fz%2Fd7n3r%2FvtYcYJNUVHuZ8On0xXSk5junHYQKtKdFyDMTPv8gXOuhPeKCK7X06HNMcmlc4NKYY294BWUHmMCKuVvLI
INFO: [ app_begin ] --START--
INFO: Run ReadHtmlCache Behavior [ RunTime:0.000761s ]
INFO: [ app_begin ] --END-- [ RunTime:0.000876s ]
NOTIC: [8] Constant UC_CLIENT_VERSION already defined D:\wwwroot\mainweb\sdk\api\UcApi\Lib\Action\IndexAction.class.php 第 4 行.
NOTIC: [8] Constant UC_CLIENT_RELEASE already defined D:\wwwroot\mainweb\sdk\api\UcApi\Lib\Action\IndexAction.class.php 第 5 行.
NOTIC: [2048] Only variables should be passed by reference D:\wwwroot\mainweb\sdk\api\UcApi\Lib\Action\IndexAction.class.php 第 63 行.
NOTIC: [8] Constant API_RETURN_FAILED already defined D:\wwwroot\mainweb\sdk\uc_client\model\note.php 第 16 行.
SQL: SHOW COLUMNS FROM `sdk_accounts` [ RunTime:0.001874s ]
SQL: SELECT * FROM `sdk_accounts` WHERE ( `account_id` = 2095 ) LIMIT 1   [ RunTime:0.000418s ]

[ 2013-10-29T14:31:43+08:00 ] 113.107.234.109 /api/uc.php?time=1383028303&code=83e7BjC5OlpbwNHn2vy3ir7iaGoup7VBAYjd4ClPNrTQI19CMmaVvqDJkZHLkSg09E%2FmRDvRZVph%2F4vpapLkSU5kjtDgWONQ5w4xpfER%2BN1WFeDmjxjF9awOdKgdnUFLK7nATbOZkr8h5N8kE1HvafvdsaEx8XdinT0bZroCiw
INFO: [ app_begin ] --START--
INFO: Run ReadHtmlCache Behavior [ RunTime:0.001058s ]
INFO: [ app_begin ] --END-- [ RunTime:0.001146s ]
NOTIC: [8] Constant UC_CLIENT_VERSION already defined D:\wwwroot\mainweb\sdk\api\UcApi\Lib\Action\IndexAction.class.php 第 4 行.
NOTIC: [8] Constant UC_CLIENT_RELEASE already defined D:\wwwroot\mainweb\sdk\api\UcApi\Lib\Action\IndexAction.class.php 第 5 行.
NOTIC: [2048] Only variables should be passed by reference D:\wwwroot\mainweb\sdk\api\UcApi\Lib\Action\IndexAction.class.php 第 63 行.
NOTIC: [8] Constant API_RETURN_FAILED already defined D:\wwwroot\mainweb\sdk\uc_client\model\note.php 第 16 行.
SQL: SHOW COLUMNS FROM `sdk_accounts` [ RunTime:0.002227s ]
SQL: SELECT * FROM `sdk_accounts` WHERE ( `account_id` = 2551 ) LIMIT 1   [ RunTime:0.000532s ]
SQL: INSERT INTO `sdk_accounts` (`account_id`,`user_name`,`email`,`password`,`reg_time`) VALUES (2551,'hacker','2775726708@qq.com','1a6e1d191e0ed0e03b71bf4b9ea63cfeeae7b8fd',1383028303) [ RunTime:0.001323s ]

[ 2013-10-29T14:40:32+08:00 ] 113.107.234.109 /api/uc.php?time=1383028832&code=5c9bFZor4DCYwfQHjUOu%2FMjy%2BBTh1MIpVoQKxnedr26zcPp0LWcsc%2Ff%2BevR5QvpYsJq363GKbvrLCOLD7Q
INFO: [ app_begin ] --START--
INFO: Run ReadHtmlCache Behavior [ RunTime:0.001072s ]
INFO: [ app_begin ] --END-- [ RunTime:0.001163s ]
NOTIC: [8] Constant UC_CLIENT_VERSION already defined D:\wwwroot\mainweb\sdk\api\UcApi\Lib\Action\IndexAction.class.php 第 4 行.
NOTIC: [8] Constant UC_CLIENT_RELEASE already defined D:\wwwroot\mainweb\sdk\api\UcApi\Lib\Action\IndexAction.class.php 第 5 行.
NOTIC: [2048] Only variables should be passed by reference D:\wwwroot\mainweb\sdk\api\UcApi\Lib\Action\IndexAction.class.php 第 63 行.

[ 2013-10-29T14:50:17+08:00 ] 113.107.234.109 /api/uc.php?time=1383029417&code=0a4ft3eo6PPRgMWVLb9aPvDmMp9hyqUtSP0XU4%2FRZkBLQsHKvvdbMSysuQsUKXdEhKCe32uTWkU48gAq3EbGbTgolF7bFfkuM0%2FIwyXnnT8r6AlkAhKI1yWpxhGziaePzU%2F%2F0cXsSzI49C2Sxxq1LwGhBe9g%2FY7rpt%2BURsh37w
INFO: [ app_begin ] --START--
INFO: Run ReadHtmlCache Behavior [ RunTime:0.001043s ]
INFO: [ app_begin ] --END-- [ RunTime:0.001135s ]
NOTIC: [8] Constant UC_CLIENT_VERSION already defined D:\wwwroot\mainweb\sdk\api\UcApi\Lib\Action\IndexAction.class.php 第 4 行.
NOTIC: [8] Constant UC_CLIENT_RELEASE already defined D:\wwwroot\mainweb\sdk\api\UcApi\Lib\Action\IndexAction.class.php 第 5 行.
NOTIC: [2048] Only variables should be passed by reference D:\wwwroot\mainweb\sdk\api\UcApi\Lib\Action\IndexAction.class.php 第 63 行.
NOTIC: [8] Constant API_RETURN_FAILED already defined D:\wwwroot\mainweb\sdk\uc_client\model\note.php 第 16 行.
SQL: SHOW COLUMNS FROM `sdk_accounts` [ RunTime:0.001896s ]
SQL: SELECT * FROM `sdk_accounts` WHERE ( `account_id` = 2551 ) LIMIT 1   [ RunTime:0.000264s ]

[ 2013-10-29T14:58:43+08:00 ] 113.107.234.109 /api/uc.php?time=1383029923&code=2936sTFlsMbbKQ8pLBjjZn%2B1jLti7x5bGetkfou9ZTP8KiYQvEy3XGwwCnf7f5jGYiSy4zOwkKHL100XQA
INFO: [ app_begin ] --START--
INFO: Run ReadHtmlCache Behavior [ RunTime:0.001031s ]
INFO: [ app_begin ] --END-- [ RunTime:0.001121s ]
NOTIC: [8] Constant UC_CLIENT_VERSION already defined D:\wwwroot\mainweb\sdk\api\UcApi\Lib\Action\IndexAction.class.php 第 4 行.
NOTIC: [8] Constant UC_CLIENT_RELEASE already defined D:\wwwroot\mainweb\sdk\api\UcApi\Lib\Action\IndexAction.class.php 第 5 行.
NOTIC: [2048] Only variables should be passed by reference D:\wwwroot\mainweb\sdk\api\UcApi\Lib\Action\IndexAction.class.php 第 63 行.

[ 2013-10-29T15:06:24+08:00 ] 192.168.161.137 /api/uc.php?time=1383030384&code=dd42BGXvXOow%2FQEkWKSsnC8enj6PjogUFmsD79Y2SCJ3Da43SKev7sK5ClNKKDx%2FPd22ShLPGNOaGFoYpgmYoawOjEqVHTwhA8LPTK5Z%2FGkloTNyViDwEkPZzB%2BhTuCNb8jJ4BFrBt7HFzNqamtSb8n6ChSltcfYKLiNUaAgj535HGPn
INFO: [ app_begin ] --START--
INFO: Run ReadHtmlCache Behavior [ RunTime:0.001083s ]
INFO: [ app_begin ] --END-- [ RunTime:0.001174s ]
NOTIC: [8] Constant UC_CLIENT_VERSION already defined D:\wwwroot\mainweb\sdk\api\UcApi\Lib\Action\IndexAction.class.php 第 4 行.
NOTIC: [8] Constant UC_CLIENT_RELEASE already defined D:\wwwroot\mainweb\sdk\api\UcApi\Lib\Action\IndexAction.class.php 第 5 行.
NOTIC: [2048] Only variables should be passed by reference D:\wwwroot\mainweb\sdk\api\UcApi\Lib\Action\IndexAction.class.php 第 63 行.
NOTIC: [8] Constant API_RETURN_FAILED already defined D:\wwwroot\mainweb\sdk\uc_client\model\note.php 第 16 行.
SQL: SHOW COLUMNS FROM `sdk_accounts` [ RunTime:0.002057s ]
SQL: SELECT * FROM `sdk_accounts` WHERE ( `account_id` = 1825 ) LIMIT 1   [ RunTime:0.000549s ]

[ 2013-10-29T15:23:37+08:00 ] 113.67.103.118 /api/uc.php?time=1383031416&code=bc40haV%2Bv13nx53YPHXa6dEAb%2FfwEZb7GF8QFSTmfVqHZcr1md%2Fn6kf8yKWAHVIY7fy5yH4TV3pZuDEU06sNpuMlaqLfZnLAQCUk5oMOix3tuEtxruCsFRp9Hf1xvQJpIi7f8D0t%2Fw7AXeCuLH3Y%2FsTiQuxkmborG%2B3sUngiMXs
INFO: [ app_begin ] --START--
INFO: Run ReadHtmlCache Behavior [ RunTime:0.001039s ]
INFO: [ app_begin ] --END-- [ RunTime:0.001130s ]
NOTIC: [8] Constant UC_CLIENT_VERSION already defined D:\wwwroot\mainweb\sdk\api\UcApi\Lib\Action\IndexAction.class.php 第 4 行.
NOTIC: [8] Constant UC_CLIENT_RELEASE already defined D:\wwwroot\mainweb\sdk\api\UcApi\Lib\Action\IndexAction.class.php 第 5 行.
NOTIC: [2048] Only variables should be passed by reference D:\wwwroot\mainweb\sdk\api\UcApi\Lib\Action\IndexAction.class.php 第 63 行.
NOTIC: [8] Constant API_RETURN_FAILED already defined D:\wwwroot\mainweb\sdk\uc_client\model\note.php 第 16 行.
SQL: SHOW COLUMNS FROM `sdk_accounts` [ RunTime:0.002243s ]
SQL: SELECT * FROM `sdk_accounts` WHERE ( `account_id` = 2073 ) LIMIT 1   [ RunTime:0.000480s ]

[ 2013-10-29T15:25:20+08:00 ] 113.107.234.109 /api/uc.php?time=1383031520&code=4e87776oDkdYNvsD08LSWoDEhiujDeJ6mXtwOGtOicj2jmlHta0l9y9HfMjErKTt09HqsRezTuLKPDu4qSN1ujJnoSvFPQvuYLjxMKMwVsnoEd8ONmRWttH1jWKcJvUaEusfjoKBvi5tZKpG7gBulDv62glN6BSXOhKnPvh4mg
INFO: [ app_begin ] --START--
INFO: Run ReadHtmlCache Behavior [ RunTime:0.001067s ]
INFO: [ app_begin ] --END-- [ RunTime:0.001158s ]
NOTIC: [8] Constant UC_CLIENT_VERSION already defined D:\wwwroot\mainweb\sdk\api\UcApi\Lib\Action\IndexAction.class.php 第 4 行.
NOTIC: [8] Constant UC_CLIENT_RELEASE already defined D:\wwwroot\mainweb\sdk\api\UcApi\Lib\Action\IndexAction.class.php 第 5 行.
NOTIC: [2048] Only variables should be passed by reference D:\wwwroot\mainweb\sdk\api\UcApi\Lib\Action\IndexAction.class.php 第 63 行.
NOTIC: [8] Constant API_RETURN_FAILED already defined D:\wwwroot\mainweb\sdk\uc_client\model\note.php 第 16 行.
SQL: SHOW COLUMNS FROM `sdk_accounts` [ RunTime:0.002074s ]
SQL: SELECT * FROM `sdk_accounts` WHERE ( `account_id` = 2551 ) LIMIT 1   [ RunTime:0.000363s ]

[ 2013-10-29T15:26:33+08:00 ] 113.107.234.109 /api/uc.php?time=1383031593&code=f809o8YOJBXxkHCyGCd4u0vLqcBtHnIHrldQ%2Bo22BWXuy1574SYdhyObE4S1s319Muj9uSNX7H3p159UKg
INFO: [ app_begin ] --START--
INFO: Run ReadHtmlCache Behavior [ RunTime:0.001017s ]
INFO: [ app_begin ] --END-- [ RunTime:0.001106s ]
NOTIC: [8] Constant UC_CLIENT_VERSION already defined D:\wwwroot\mainweb\sdk\api\UcApi\Lib\Action\IndexAction.class.php 第 4 行.
NOTIC: [8] Constant UC_CLIENT_RELEASE already defined D:\wwwroot\mainweb\sdk\api\UcApi\Lib\Action\IndexAction.class.php 第 5 行.
NOTIC: [2048] Only variables should be passed by reference D:\wwwroot\mainweb\sdk\api\UcApi\Lib\Action\IndexAction.class.php 第 63 行.

[ 2013-10-29T15:26:42+08:00 ] 113.107.234.109 /api/uc.php?time=1383031602&code=11e55Fm1ZTGv2sZAKTl3PfnHjFQ8xY4NUY5jCjEb0xShMSbDiBkc4SjR8B99f1ovBvX73rXwutGNG2NJP7cn4FWeha7eKlfc5cEkjEhcp9q%2Fg9%2BCanwA6Jkw9gjulI33uv03raheMjVmL5%2B6GGXl%2Byi0k0%2F5ywAZsvpuMm9IaA
INFO: [ app_begin ] --START--
INFO: Run ReadHtmlCache Behavior [ RunTime:0.000938s ]
INFO: [ app_begin ] --END-- [ RunTime:0.001029s ]
NOTIC: [8] Constant UC_CLIENT_VERSION already defined D:\wwwroot\mainweb\sdk\api\UcApi\Lib\Action\IndexAction.class.php 第 4 行.
NOTIC: [8] Constant UC_CLIENT_RELEASE already defined D:\wwwroot\mainweb\sdk\api\UcApi\Lib\Action\IndexAction.class.php 第 5 行.
NOTIC: [2048] Only variables should be passed by reference D:\wwwroot\mainweb\sdk\api\UcApi\Lib\Action\IndexAction.class.php 第 63 行.
NOTIC: [8] Constant API_RETURN_FAILED already defined D:\wwwroot\mainweb\sdk\uc_client\model\note.php 第 16 行.
SQL: SHOW COLUMNS FROM `sdk_accounts` [ RunTime:0.001954s ]
SQL: SELECT * FROM `sdk_accounts` WHERE ( `account_id` = 2551 ) LIMIT 1   [ RunTime:0.000316s ]

[ 2013-10-29T15:56:11+08:00 ] 113.107.234.109 /api/uc.php?time=1383033339&code=c7836zgYDHzadw8smsvWq9tlOT4vqQ8tdqs8Lm0XMInHUih40QilN%2BYse98NG3LayBGG2KS8DqudUtIl6w
INFO: [ app_begin ] --START--
INFO: Run ReadHtmlCache Behavior [ RunTime:0.001060s ]
INFO: [ app_begin ] --END-- [ RunTime:0.001152s ]
NOTIC: [8] Constant UC_CLIENT_VERSION already defined D:\wwwroot\mainweb\sdk\api\UcApi\Lib\Action\IndexAction.class.php 第 4 行.
NOTIC: [8] Constant UC_CLIENT_RELEASE already defined D:\wwwroot\mainweb\sdk\api\UcApi\Lib\Action\IndexAction.class.php 第 5 行.
NOTIC: [2048] Only variables should be passed by reference D:\wwwroot\mainweb\sdk\api\UcApi\Lib\Action\IndexAction.class.php 第 63 行.

[ 2013-10-29T16:05:32+08:00 ] 113.107.234.109 /api/uc.php?time=1383033931&code=a6dbZdpyOeTXXFUx08ZC6%2BfntFo018VdfvD9%2FdMcp5%2BxfbQT8aCNdnNmjXlS8WSEtyitaZJx%2BaQ%2Fw8lhp2QRlP2mMu%2BTYx2TpUQI8vLXjLzLSXTXN%2Bm3AE8Wi%2FiftdIeLqqpS94QFTGinadkquV0u%2F70iUfcyAIb54JonRhm5w
INFO: [ app_begin ] --START--
INFO: Run ReadHtmlCache Behavior [ RunTime:0.001040s ]
INFO: [ app_begin ] --END-- [ RunTime:0.001132s ]
NOTIC: [8] Constant UC_CLIENT_VERSION already defined D:\wwwroot\mainweb\sdk\api\UcApi\Lib\Action\IndexAction.class.php 第 4 行.
NOTIC: [8] Constant UC_CLIENT_RELEASE already defined D:\wwwroot\mainweb\sdk\api\UcApi\Lib\Action\IndexAction.class.php 第 5 行.
NOTIC: [2048] Only variables should be passed by reference D:\wwwroot\mainweb\sdk\api\UcApi\Lib\Action\IndexAction.class.php 第 63 行.
NOTIC: [8] Constant API_RETURN_FAILED already defined D:\wwwroot\mainweb\sdk\uc_client\model\note.php 第 16 行.
SQL: SHOW COLUMNS FROM `sdk_accounts` [ RunTime:0.002023s ]
SQL: SELECT * FROM `sdk_accounts` WHERE ( `account_id` = 2551 ) LIMIT 1   [ RunTime:0.000289s ]

[ 2013-10-29T16:13:08+08:00 ] 192.168.159.91 /api/uc.php?time=1383034387&code=b997hu0osBbZ6NwUSTkMRhgyVzPoTDHVapcqhEAtIe8KTAeYZIUO0yMJ9XM5igA%2Fdx8vWk6BnOo5Pw4XJxTXHHK9y%2FlLm4S9BpUavYdtVGYSF9NK875vDGPqFhun0lwhWxGiJqTeAxCdzLA8b2dWzyIZwt12yz556TWhQf7C8NVrAA
INFO: [ app_begin ] --START--
INFO: Run ReadHtmlCache Behavior [ RunTime:0.001076s ]
INFO: [ app_begin ] --END-- [ RunTime:0.001169s ]
NOTIC: [8] Constant UC_CLIENT_VERSION already defined D:\wwwroot\mainweb\sdk\api\UcApi\Lib\Action\IndexAction.class.php 第 4 行.
NOTIC: [8] Constant UC_CLIENT_RELEASE already defined D:\wwwroot\mainweb\sdk\api\UcApi\Lib\Action\IndexAction.class.php 第 5 行.
NOTIC: [2048] Only variables should be passed by reference D:\wwwroot\mainweb\sdk\api\UcApi\Lib\Action\IndexAction.class.php 第 63 行.
NOTIC: [8] Constant API_RETURN_FAILED already defined D:\wwwroot\mainweb\sdk\uc_client\model\note.php 第 16 行.
SQL: SHOW COLUMNS FROM `sdk_accounts` [ RunTime:0.001875s ]
SQL: SELECT * FROM `sdk_accounts` WHERE ( `account_id` = 1131 ) LIMIT 1   [ RunTime:0.000368s ]

[ 2013-10-29T16:15:37+08:00 ] 192.168.206.47 /api/uc.php?time=1383034536&code=906bUOkR2FxT0%2BGfVPdPATYa1cRyopxhQ3zA22Au8CT7deHOlWuu9aZlXWo7J5eEjoiOzofJS%2FM4AS%2BYDAh2%2B3wRpA7xVOc7ABNm5Eyh2t7eYDwQJVC2GfByrs%2BzXtIh6aAXQUuWr9cLKvy78Cyh87OuA1418I8rQzENvIGXUTE
INFO: [ app_begin ] --START--
INFO: Run ReadHtmlCache Behavior [ RunTime:0.001086s ]
INFO: [ app_begin ] --END-- [ RunTime:0.001181s ]
NOTIC: [8] Constant UC_CLIENT_VERSION already defined D:\wwwroot\mainweb\sdk\api\UcApi\Lib\Action\IndexAction.class.php 第 4 行.
NOTIC: [8] Constant UC_CLIENT_RELEASE already defined D:\wwwroot\mainweb\sdk\api\UcApi\Lib\Action\IndexAction.class.php 第 5 行.
NOTIC: [2048] Only variables should be passed by reference D:\wwwroot\mainweb\sdk\api\UcApi\Lib\Action\IndexAction.class.php 第 63 行.
NOTIC: [8] Constant API_RETURN_FAILED already defined D:\wwwroot\mainweb\sdk\uc_client\model\note.php 第 16 行.
SQL: SHOW COLUMNS FROM `sdk_accounts` [ RunTime:0.001879s ]
SQL: SELECT * FROM `sdk_accounts` WHERE ( `account_id` = 235 ) LIMIT 1   [ RunTime:0.000323s ]

[ 2013-10-29T16:29:38+08:00 ] 192.168.200.90 /api/uc.php?time=1383035378&code=b190LX5K1km9tdl7hOfwdzsWdltfu6S0amihiCCFNgBGzOygUnftNM9AjSyT4NFsvErvAYLLL%2B1d8wHhEfZ3%2FCUW4ie1WQXT6wOcWq%2BjYxI5ScrlZkrq14fENymRfm4S%2FeN4VGhkiFV0Zvt0sqvY1X0D8zqFmVeAaKRtzt3gZcmsmQ
INFO: [ app_begin ] --START--
INFO: Run ReadHtmlCache Behavior [ RunTime:0.001350s ]
INFO: [ app_begin ] --END-- [ RunTime:0.001443s ]
NOTIC: [8] Constant UC_CLIENT_VERSION already defined D:\wwwroot\mainweb\sdk\api\UcApi\Lib\Action\IndexAction.class.php 第 4 行.
NOTIC: [8] Constant UC_CLIENT_RELEASE already defined D:\wwwroot\mainweb\sdk\api\UcApi\Lib\Action\IndexAction.class.php 第 5 行.
NOTIC: [2048] Only variables should be passed by reference D:\wwwroot\mainweb\sdk\api\UcApi\Lib\Action\IndexAction.class.php 第 63 行.
NOTIC: [8] Constant API_RETURN_FAILED already defined D:\wwwroot\mainweb\sdk\uc_client\model\note.php 第 16 行.
SQL: SHOW COLUMNS FROM `sdk_accounts` [ RunTime:0.002107s ]
SQL: SELECT * FROM `sdk_accounts` WHERE ( `account_id` = 1790 ) LIMIT 1   [ RunTime:0.000558s ]

[ 2013-10-29T16:51:01+08:00 ] 192.168.159.15 /api/uc.php?time=1383036661&code=6f63Cf6F7CvGV8nfEAyXyC%2FlnW3Y9PY0pr%2BpQKm3AAuWI8ArLvz%2BuWJSwQgMIFYXPzz4yToqU9VW8zwV60xW41TJmEOMbM1JgPH6yYkMWqZt0dIo44FK1ODf1GAjZcnBNRntfP6ssjQu28xZz%2FCDVyZeEOF7FfKTlhbixhju%2BNiPoHA
INFO: [ app_begin ] --START--
INFO: Run ReadHtmlCache Behavior [ RunTime:0.001040s ]
INFO: [ app_begin ] --END-- [ RunTime:0.001131s ]
NOTIC: [8] Constant UC_CLIENT_VERSION already defined D:\wwwroot\mainweb\sdk\api\UcApi\Lib\Action\IndexAction.class.php 第 4 行.
NOTIC: [8] Constant UC_CLIENT_RELEASE already defined D:\wwwroot\mainweb\sdk\api\UcApi\Lib\Action\IndexAction.class.php 第 5 行.
NOTIC: [2048] Only variables should be passed by reference D:\wwwroot\mainweb\sdk\api\UcApi\Lib\Action\IndexAction.class.php 第 63 行.
NOTIC: [8] Constant API_RETURN_FAILED already defined D:\wwwroot\mainweb\sdk\uc_client\model\note.php 第 16 行.
SQL: SHOW COLUMNS FROM `sdk_accounts` [ RunTime:0.001943s ]
SQL: SELECT * FROM `sdk_accounts` WHERE ( `account_id` = 1513 ) LIMIT 1   [ RunTime:0.000437s ]

[ 2013-10-29T17:17:07+08:00 ] 112.96.99.96 /api/uc.php?time=1383038223&code=808c8Yw7v4sSQhK9EShtFz8kQym7Ks4GvYTmujPr2g4VPrdsqtaYDv4Qm8A0uZDkklMpGR%2FOBGbyMc6aQ%2BNEwVF8jNZO5MHl1NUrd49vsV5Ky%2BWC5mh2SnctJ5e%2BrJ%2BPOaF%2B8V9L%2BoxdkbOTB%2FXHhA2Ttbc6yJ6ZtkF7OX%2FV
INFO: [ app_begin ] --START--
INFO: Run ReadHtmlCache Behavior [ RunTime:0.000702s ]
INFO: [ app_begin ] --END-- [ RunTime:0.000794s ]
NOTIC: [8] Constant UC_CLIENT_VERSION already defined D:\wwwroot\mainweb\sdk\api\UcApi\Lib\Action\IndexAction.class.php 第 4 行.
NOTIC: [8] Constant UC_CLIENT_RELEASE already defined D:\wwwroot\mainweb\sdk\api\UcApi\Lib\Action\IndexAction.class.php 第 5 行.
NOTIC: [2048] Only variables should be passed by reference D:\wwwroot\mainweb\sdk\api\UcApi\Lib\Action\IndexAction.class.php 第 63 行.
NOTIC: [8] Constant API_RETURN_FAILED already defined D:\wwwroot\mainweb\sdk\uc_client\model\note.php 第 16 行.
SQL: SHOW COLUMNS FROM `sdk_accounts` [ RunTime:1.532231s ]
SQL: SELECT * FROM `sdk_accounts` WHERE ( `account_id` = 1718 ) LIMIT 1   [ RunTime:0.000434s ]

[ 2013-10-29T17:18:38+08:00 ] 112.96.99.96 /api/uc.php?time=1383038316&code=1b1cri6eE3h7Rxek6faKB5etq7z9fetmuBJnft4qOcjrrsvft1%2BerCiaYFca6dQKl5laq5gBrfEXx33epA
INFO: [ app_begin ] --START--
INFO: Run ReadHtmlCache Behavior [ RunTime:0.001077s ]
INFO: [ app_begin ] --END-- [ RunTime:0.001189s ]
NOTIC: [8] Constant UC_CLIENT_VERSION already defined D:\wwwroot\mainweb\sdk\api\UcApi\Lib\Action\IndexAction.class.php 第 4 行.
NOTIC: [8] Constant UC_CLIENT_RELEASE already defined D:\wwwroot\mainweb\sdk\api\UcApi\Lib\Action\IndexAction.class.php 第 5 行.
NOTIC: [2048] Only variables should be passed by reference D:\wwwroot\mainweb\sdk\api\UcApi\Lib\Action\IndexAction.class.php 第 63 行.

[ 2013-10-29T17:18:48+08:00 ] 112.96.99.96 /api/uc.php?time=1383038328&code=42e8jl3UwtQAIbRr9DYmtVvj8kc0zvzxlV4YWUOXZTZ8ooiH0VFtbjpWMAnzpF00yr%2F72jOoMRnfFWYtX%2BE%2B%2Fik5ejYaLhx5hX4h%2Fhuynkl8vmdRcuVN0LbJpVQUyKuJPBvxg9bWn0EHGZLP2%2B7x%2FCZ1cRcwcPIpJQCYkuuO
INFO: [ app_begin ] --START--
INFO: Run ReadHtmlCache Behavior [ RunTime:0.000915s ]
INFO: [ app_begin ] --END-- [ RunTime:0.001005s ]
NOTIC: [8] Constant UC_CLIENT_VERSION already defined D:\wwwroot\mainweb\sdk\api\UcApi\Lib\Action\IndexAction.class.php 第 4 行.
NOTIC: [8] Constant UC_CLIENT_RELEASE already defined D:\wwwroot\mainweb\sdk\api\UcApi\Lib\Action\IndexAction.class.php 第 5 行.
NOTIC: [2048] Only variables should be passed by reference D:\wwwroot\mainweb\sdk\api\UcApi\Lib\Action\IndexAction.class.php 第 63 行.
NOTIC: [8] Constant API_RETURN_FAILED already defined D:\wwwroot\mainweb\sdk\uc_client\model\note.php 第 16 行.
SQL: SHOW COLUMNS FROM `sdk_accounts` [ RunTime:0.002004s ]
SQL: SELECT * FROM `sdk_accounts` WHERE ( `account_id` = 1718 ) LIMIT 1   [ RunTime:0.000261s ]

[ 2013-10-29T17:21:01+08:00 ] 180.153.206.34 /api/uc.php?time=1383036661&code=6f63Cf6F7CvGV8nfEAyXyC%2FlnW3Y9PY0pr%2BpQKm3AAuWI8ArLvz%2BuWJSwQgMIFYXPzz4yToqU9VW8zwV60xW41TJmEOMbM1JgPH6yYkMWqZt0dIo44FK1ODf1GAjZcnBNRntfP6ssjQu28xZz%2FCDVyZeEOF7FfKTlhbixhju%2BNiPoHA
INFO: [ app_begin ] --START--
INFO: Run ReadHtmlCache Behavior [ RunTime:0.000736s ]
INFO: [ app_begin ] --END-- [ RunTime:0.000828s ]
NOTIC: [8] Constant UC_CLIENT_VERSION already defined D:\wwwroot\mainweb\sdk\api\UcApi\Lib\Action\IndexAction.class.php 第 4 行.
NOTIC: [8] Constant UC_CLIENT_RELEASE already defined D:\wwwroot\mainweb\sdk\api\UcApi\Lib\Action\IndexAction.class.php 第 5 行.
NOTIC: [2048] Only variables should be passed by reference D:\wwwroot\mainweb\sdk\api\UcApi\Lib\Action\IndexAction.class.php 第 63 行.
NOTIC: [8] Constant API_RETURN_FAILED already defined D:\wwwroot\mainweb\sdk\uc_client\model\note.php 第 16 行.
SQL: SHOW COLUMNS FROM `sdk_accounts` [ RunTime:0.001764s ]
SQL: SELECT * FROM `sdk_accounts` WHERE ( `account_id` = 1513 ) LIMIT 1   [ RunTime:0.000223s ]

[ 2013-10-29T17:55:31+08:00 ] 112.96.99.96 /api/uc.php?time=1383040529&code=ade9bDmuNCt0EUQa1dAsQztr3KM7LSbucddjjBdaxVgQeEEydGxoqUVc7TRHlybBAgzDLSnrK0Du0aY16A
INFO: [ app_begin ] --START--
INFO: Run ReadHtmlCache Behavior [ RunTime:0.001010s ]
INFO: [ app_begin ] --END-- [ RunTime:0.001101s ]
NOTIC: [8] Constant UC_CLIENT_VERSION already defined D:\wwwroot\mainweb\sdk\api\UcApi\Lib\Action\IndexAction.class.php 第 4 行.
NOTIC: [8] Constant UC_CLIENT_RELEASE already defined D:\wwwroot\mainweb\sdk\api\UcApi\Lib\Action\IndexAction.class.php 第 5 行.
NOTIC: [2048] Only variables should be passed by reference D:\wwwroot\mainweb\sdk\api\UcApi\Lib\Action\IndexAction.class.php 第 63 行.

[ 2013-10-29T17:56:02+08:00 ] 112.96.99.96 /api/uc.php?time=1383040562&code=f184Ps7Dyf8U6cj3tNHbkOxUbjqgacK%2FZjbsr2BF%2FAvMwPtH7kpXfx4UttNJs7SNUWkn18JVt2jNzizgVAdxLYDieEW3AADwMcjZzSPHILVqN1ub5GKwDzDIsUdZc4wsxl5kTcpITe6r1h%2B4oys6mXrflAQuIUZD3Kc3P7Xj%2Fn25vEw
INFO: [ app_begin ] --START--
INFO: Run ReadHtmlCache Behavior [ RunTime:0.000934s ]
INFO: [ app_begin ] --END-- [ RunTime:0.001026s ]
NOTIC: [8] Constant UC_CLIENT_VERSION already defined D:\wwwroot\mainweb\sdk\api\UcApi\Lib\Action\IndexAction.class.php 第 4 行.
NOTIC: [8] Constant UC_CLIENT_RELEASE already defined D:\wwwroot\mainweb\sdk\api\UcApi\Lib\Action\IndexAction.class.php 第 5 行.
NOTIC: [2048] Only variables should be passed by reference D:\wwwroot\mainweb\sdk\api\UcApi\Lib\Action\IndexAction.class.php 第 63 行.
NOTIC: [8] Constant API_RETURN_FAILED already defined D:\wwwroot\mainweb\sdk\uc_client\model\note.php 第 16 行.
SQL: SHOW COLUMNS FROM `sdk_accounts` [ RunTime:0.002041s ]
SQL: SELECT * FROM `sdk_accounts` WHERE ( `account_id` = 2502 ) LIMIT 1   [ RunTime:0.000297s ]

[ 2013-10-29T19:09:20+08:00 ] 192.168.163.206 /api/uc.php?time=1383044959&code=5ab1xdE4ENmXay8YNUV3u5IXm1EQrRhdxuc%2BnbQ1kTPJINL2D3%2FCH452T4MSgeE3XNFMO%2Fz%2Fa%2BJtxwIAwindP69oCjNdhptW6qw1gYIxWEceWY91vMYHH1Ls2CmaIcR8F5bVtz56L7daUwJDI86fSDk9MVgnxPR7%2BDxN66NtD%2FBSSSQ34w
INFO: [ app_begin ] --START--
INFO: Run ReadHtmlCache Behavior [ RunTime:0.001011s ]
INFO: [ app_begin ] --END-- [ RunTime:0.001102s ]
NOTIC: [8] Constant UC_CLIENT_VERSION already defined D:\wwwroot\mainweb\sdk\api\UcApi\Lib\Action\IndexAction.class.php 第 4 行.
NOTIC: [8] Constant UC_CLIENT_RELEASE already defined D:\wwwroot\mainweb\sdk\api\UcApi\Lib\Action\IndexAction.class.php 第 5 行.
NOTIC: [2048] Only variables should be passed by reference D:\wwwroot\mainweb\sdk\api\UcApi\Lib\Action\IndexAction.class.php 第 63 行.
NOTIC: [8] Constant API_RETURN_FAILED already defined D:\wwwroot\mainweb\sdk\uc_client\model\note.php 第 16 行.
SQL: SHOW COLUMNS FROM `sdk_accounts` [ RunTime:0.002305s ]
SQL: SELECT * FROM `sdk_accounts` WHERE ( `account_id` = 2089 ) LIMIT 1   [ RunTime:0.000579s ]

[ 2013-10-29T19:23:25+08:00 ] 192.168.175.166 /api/uc.php?time=1383045805&code=fd56VV2PBca2chXhRdwondWZwu442N7k6VN7fx0z%2BiVnYt4rMpOa63PR4oQ6CCyDcW%2F%2F6d74GeeXdCMTiDmOvpOvSguLPXBhTEwIpdJ138BOnGjJip58To4%2FiJyuucHGHPycxvnyQdi9tQl%2Fm9TVFIsYkobchI%2B9xyhGspuAe3qe%2BA
INFO: [ app_begin ] --START--
INFO: Run ReadHtmlCache Behavior [ RunTime:0.001047s ]
INFO: [ app_begin ] --END-- [ RunTime:0.001140s ]
NOTIC: [8] Constant UC_CLIENT_VERSION already defined D:\wwwroot\mainweb\sdk\api\UcApi\Lib\Action\IndexAction.class.php 第 4 行.
NOTIC: [8] Constant UC_CLIENT_RELEASE already defined D:\wwwroot\mainweb\sdk\api\UcApi\Lib\Action\IndexAction.class.php 第 5 行.
NOTIC: [2048] Only variables should be passed by reference D:\wwwroot\mainweb\sdk\api\UcApi\Lib\Action\IndexAction.class.php 第 63 行.
NOTIC: [8] Constant API_RETURN_FAILED already defined D:\wwwroot\mainweb\sdk\uc_client\model\note.php 第 16 行.
SQL: SHOW COLUMNS FROM `sdk_accounts` [ RunTime:0.002310s ]
SQL: SELECT * FROM `sdk_accounts` WHERE ( `account_id` = 2514 ) LIMIT 1   [ RunTime:0.000626s ]

[ 2013-10-29T19:38:11+08:00 ] 192.168.136.4 /api/uc.php?time=1383046669&code=c2d79K5JqPj9ESMT7dHrCO%2FpwR0QjwJBtPykLLBGulnNaDida10Wb4BvVNA%2BzeMY2Cqq4eWj%2FdvwOd19R77nSVsObzC0nRAZm%2Bx089JWEsqqyKiNIaqvQ%2BVo4S6VAAvVcuWymlkeuppS5OvLLKSbMBF2MdpLzMuxZP5d%2FADK
INFO: [ app_begin ] --START--
INFO: Run ReadHtmlCache Behavior [ RunTime:0.001096s ]
INFO: [ app_begin ] --END-- [ RunTime:0.001188s ]
NOTIC: [8] Constant UC_CLIENT_VERSION already defined D:\wwwroot\mainweb\sdk\api\UcApi\Lib\Action\IndexAction.class.php 第 4 行.
NOTIC: [8] Constant UC_CLIENT_RELEASE already defined D:\wwwroot\mainweb\sdk\api\UcApi\Lib\Action\IndexAction.class.php 第 5 行.
NOTIC: [2048] Only variables should be passed by reference D:\wwwroot\mainweb\sdk\api\UcApi\Lib\Action\IndexAction.class.php 第 63 行.
NOTIC: [8] Constant API_RETURN_FAILED already defined D:\wwwroot\mainweb\sdk\uc_client\model\note.php 第 16 行.
SQL: SHOW COLUMNS FROM `sdk_accounts` [ RunTime:0.002072s ]
SQL: SELECT * FROM `sdk_accounts` WHERE ( `account_id` = 1588 ) LIMIT 1   [ RunTime:0.000421s ]

[ 2013-10-29T20:07:50+08:00 ] 101.226.33.239 /api/uc.php?time=1383046669&code=c2d79K5JqPj9ESMT7dHrCO%2FpwR0QjwJBtPykLLBGulnNaDida10Wb4BvVNA%2BzeMY2Cqq4eWj%2FdvwOd19R77nSVsObzC0nRAZm%2Bx089JWEsqqyKiNIaqvQ%2BVo4S6VAAvVcuWymlkeuppS5OvLLKSbMBF2MdpLzMuxZP5d%2FADK
INFO: [ app_begin ] --START--
INFO: Run ReadHtmlCache Behavior [ RunTime:0.001071s ]
INFO: [ app_begin ] --END-- [ RunTime:0.001162s ]
NOTIC: [8] Constant UC_CLIENT_VERSION already defined D:\wwwroot\mainweb\sdk\api\UcApi\Lib\Action\IndexAction.class.php 第 4 行.
NOTIC: [8] Constant UC_CLIENT_RELEASE already defined D:\wwwroot\mainweb\sdk\api\UcApi\Lib\Action\IndexAction.class.php 第 5 行.
NOTIC: [2048] Only variables should be passed by reference D:\wwwroot\mainweb\sdk\api\UcApi\Lib\Action\IndexAction.class.php 第 63 行.
NOTIC: [8] Constant API_RETURN_FAILED already defined D:\wwwroot\mainweb\sdk\uc_client\model\note.php 第 16 行.
SQL: SHOW COLUMNS FROM `sdk_accounts` [ RunTime:0.002088s ]
SQL: SELECT * FROM `sdk_accounts` WHERE ( `account_id` = 1588 ) LIMIT 1   [ RunTime:0.000226s ]

[ 2013-10-29T22:07:05+08:00 ] 192.168.157.137 /api/uc.php?time=1383055625&code=b87e3Xzt8PwSjSdyXqQrAt64hjZCAaWFMq85jSG1RMne%2F4Lo3iUIX%2F%2FdVkfz3FKLbeBIMbCT9xz5t1ucEnVqbgUPhvm28qY2WEHqfE1FxXmZv1LXRQXcyz7WunUqpc2Ru6rxFFIMIrPDdRYpHJ78PqVAP6u4A4eDHhAJGh4nAA
INFO: [ app_begin ] --START--
INFO: Run ReadHtmlCache Behavior [ RunTime:0.001094s ]
INFO: [ app_begin ] --END-- [ RunTime:0.001184s ]
NOTIC: [8] Constant UC_CLIENT_VERSION already defined D:\wwwroot\mainweb\sdk\api\UcApi\Lib\Action\IndexAction.class.php 第 4 行.
NOTIC: [8] Constant UC_CLIENT_RELEASE already defined D:\wwwroot\mainweb\sdk\api\UcApi\Lib\Action\IndexAction.class.php 第 5 行.
NOTIC: [2048] Only variables should be passed by reference D:\wwwroot\mainweb\sdk\api\UcApi\Lib\Action\IndexAction.class.php 第 63 行.
NOTIC: [8] Constant API_RETURN_FAILED already defined D:\wwwroot\mainweb\sdk\uc_client\model\note.php 第 16 行.
SQL: SHOW COLUMNS FROM `sdk_accounts` [ RunTime:0.002097s ]
SQL: SELECT * FROM `sdk_accounts` WHERE ( `account_id` = 1834 ) LIMIT 1   [ RunTime:0.000413s ]

[ 2013-10-29T22:25:53+08:00 ] 192.168.187.90 /api/uc.php?time=1383056753&code=1941HOdl5WaUz%2FsXZ5KwcEXzu%2BauputiSUDIQGgGbzabG1x3xuAuKGbb%2FSKV4HmBWKewoeP04QJAt2MLQtp3OJcZEI%2Fivxj9Xrp5qSWlJNYNk2IA9NiSj5FmGmMij9GntrbQnGFIAJktwTylK6pX2UJIakUlguVZp9TVmVMg7Q
INFO: [ app_begin ] --START--
INFO: Run ReadHtmlCache Behavior [ RunTime:0.001168s ]
INFO: [ app_begin ] --END-- [ RunTime:0.001262s ]
NOTIC: [8] Constant UC_CLIENT_VERSION already defined D:\wwwroot\mainweb\sdk\api\UcApi\Lib\Action\IndexAction.class.php 第 4 行.
NOTIC: [8] Constant UC_CLIENT_RELEASE already defined D:\wwwroot\mainweb\sdk\api\UcApi\Lib\Action\IndexAction.class.php 第 5 行.
NOTIC: [2048] Only variables should be passed by reference D:\wwwroot\mainweb\sdk\api\UcApi\Lib\Action\IndexAction.class.php 第 63 行.
NOTIC: [8] Constant API_RETURN_FAILED already defined D:\wwwroot\mainweb\sdk\uc_client\model\note.php 第 16 行.
SQL: SHOW COLUMNS FROM `sdk_accounts` [ RunTime:0.002031s ]
SQL: SELECT * FROM `sdk_accounts` WHERE ( `account_id` = 2552 ) LIMIT 1   [ RunTime:0.000402s ]
SQL: INSERT INTO `sdk_accounts` (`account_id`,`user_name`,`email`,`password`,`reg_time`) VALUES (2552,'Nicole','973886282@qq.com','47895a317981ffa424f446de4270f8591c46548e',1383056753) [ RunTime:0.002518s ]

[ 2013-10-29T22:26:34+08:00 ] 192.168.187.90 /api/uc.php?time=1383056794&code=4ae6AF7hFuUFjJVIxSwAfwKvQTzD0Zgj5NNDNOd5sKcScuUjei6Zibtary%2FBIpetpz%2FmBjubk5Niwc9j279EdNZGPts%2F7OIhk4WNdG55TAXadD%2FDJwaXGhZd05oiuYLVj8Gb5y0A9iBUXQFRqKsFBKDD322OmUDA5avubL3RJg
INFO: [ app_begin ] --START--
INFO: Run ReadHtmlCache Behavior [ RunTime:0.000936s ]
INFO: [ app_begin ] --END-- [ RunTime:0.001029s ]
NOTIC: [8] Constant UC_CLIENT_VERSION already defined D:\wwwroot\mainweb\sdk\api\UcApi\Lib\Action\IndexAction.class.php 第 4 行.
NOTIC: [8] Constant UC_CLIENT_RELEASE already defined D:\wwwroot\mainweb\sdk\api\UcApi\Lib\Action\IndexAction.class.php 第 5 行.
NOTIC: [2048] Only variables should be passed by reference D:\wwwroot\mainweb\sdk\api\UcApi\Lib\Action\IndexAction.class.php 第 63 行.
NOTIC: [8] Constant API_RETURN_FAILED already defined D:\wwwroot\mainweb\sdk\uc_client\model\note.php 第 16 行.
SQL: SHOW COLUMNS FROM `sdk_accounts` [ RunTime:0.001863s ]
SQL: SELECT * FROM `sdk_accounts` WHERE ( `account_id` = 2552 ) LIMIT 1   [ RunTime:0.000379s ]

[ 2013-10-29T22:28:03+08:00 ] 192.168.154.129 /api/uc.php?time=1383056883&code=6e0d443u82LfuHYQF9nWRb3Mrm7M0UiwcmJrNh0%2FF5KUjWCM3qcMMca1vek5IwT%2FQGB7duTYNmmz5H5pwArLWDBkEYqclLFLu12yqexRfdH0e6Kuw38gwpAzj3KJqJqCxXRJ6AL%2FEe%2B%2FqyDPUWhrBNYsodubLVz3QkkOR6wjhw
INFO: [ app_begin ] --START--
INFO: Run ReadHtmlCache Behavior [ RunTime:0.001106s ]
INFO: [ app_begin ] --END-- [ RunTime:0.001199s ]
NOTIC: [8] Constant UC_CLIENT_VERSION already defined D:\wwwroot\mainweb\sdk\api\UcApi\Lib\Action\IndexAction.class.php 第 4 行.
NOTIC: [8] Constant UC_CLIENT_RELEASE already defined D:\wwwroot\mainweb\sdk\api\UcApi\Lib\Action\IndexAction.class.php 第 5 行.
NOTIC: [2048] Only variables should be passed by reference D:\wwwroot\mainweb\sdk\api\UcApi\Lib\Action\IndexAction.class.php 第 63 行.
NOTIC: [8] Constant API_RETURN_FAILED already defined D:\wwwroot\mainweb\sdk\uc_client\model\note.php 第 16 行.
SQL: SHOW COLUMNS FROM `sdk_accounts` [ RunTime:0.002075s ]
SQL: SELECT * FROM `sdk_accounts` WHERE ( `account_id` = 1691 ) LIMIT 1   [ RunTime:0.000573s ]

[ 2013-10-29T22:32:34+08:00 ] 192.168.193.40 /api/uc.php?time=1383057152&code=35e4IVLSjypS%2Bka1unSgv9MNGN8peQQ%2BMUTO7Vmfa30JX5GvAZ%2ByGWIE28gPWTIUcWzooJCmOjA09K3XMtfwQ77l4NX71cFhxdClxolTi2exNMQftufGwnY8Xnezv6M%2B8uEymgDh8zlF7ccWmb0QTS3tEHpOi1BSvlofucWCcneXpQ
INFO: [ app_begin ] --START--
INFO: Run ReadHtmlCache Behavior [ RunTime:0.001087s ]
INFO: [ app_begin ] --END-- [ RunTime:0.001181s ]
NOTIC: [8] Constant UC_CLIENT_VERSION already defined D:\wwwroot\mainweb\sdk\api\UcApi\Lib\Action\IndexAction.class.php 第 4 行.
NOTIC: [8] Constant UC_CLIENT_RELEASE already defined D:\wwwroot\mainweb\sdk\api\UcApi\Lib\Action\IndexAction.class.php 第 5 行.
NOTIC: [2048] Only variables should be passed by reference D:\wwwroot\mainweb\sdk\api\UcApi\Lib\Action\IndexAction.class.php 第 63 行.
NOTIC: [8] Constant API_RETURN_FAILED already defined D:\wwwroot\mainweb\sdk\uc_client\model\note.php 第 16 行.
SQL: SHOW COLUMNS FROM `sdk_accounts` [ RunTime:0.002241s ]
SQL: SELECT * FROM `sdk_accounts` WHERE ( `account_id` = 1495 ) LIMIT 1   [ RunTime:0.000558s ]

[ 2013-10-29T22:58:12+08:00 ] 192.168.186.196 /api/uc.php?time=1383058692&code=d78e%2FvgSh0LoMqmqcveLuNmQOv0Es96f6T4mW5kEqB4peL3GfQlO5fSdyTMHFq0kDf1vxF9mY28dnyV1Amkdf7WZfgSDBuh%2BH%2B5%2FtZWjx21ok12AKuVat8GtOq6JCttSlMhoEUSqPjqpJRw%2FU0taNhTe74Q2FRe8HZ9dNw
INFO: [ app_begin ] --START--
INFO: Run ReadHtmlCache Behavior [ RunTime:0.001057s ]
INFO: [ app_begin ] --END-- [ RunTime:0.001149s ]
NOTIC: [8] Constant UC_CLIENT_VERSION already defined D:\wwwroot\mainweb\sdk\api\UcApi\Lib\Action\IndexAction.class.php 第 4 行.
NOTIC: [8] Constant UC_CLIENT_RELEASE already defined D:\wwwroot\mainweb\sdk\api\UcApi\Lib\Action\IndexAction.class.php 第 5 行.
NOTIC: [2048] Only variables should be passed by reference D:\wwwroot\mainweb\sdk\api\UcApi\Lib\Action\IndexAction.class.php 第 63 行.
NOTIC: [8] Constant API_RETURN_FAILED already defined D:\wwwroot\mainweb\sdk\uc_client\model\note.php 第 16 行.
SQL: SHOW COLUMNS FROM `sdk_accounts` [ RunTime:0.002034s ]
SQL: SELECT * FROM `sdk_accounts` WHERE ( `account_id` = 537 ) LIMIT 1   [ RunTime:0.000438s ]

[ 2013-10-29T23:31:32+08:00 ] 192.168.204.141 /api/uc.php?time=1383060692&code=0accn%2FSAND6cYO%2BdkLpugFqHO6CsbDdoHlMWiyIdPaT6gglCPhYJj0fqXrkasqhYqEIH0BGa0gj487OuUH1MVMzDwZTMRkiYYLhWBQ7Z%2FX%2FLY3WHUadU1xT4g4dMc7RIT9945g59FafHItZTLtyUW%2BcO7Q%2BH7nWS6MHlxbs5cV2a
INFO: [ app_begin ] --START--
INFO: Run ReadHtmlCache Behavior [ RunTime:0.001071s ]
INFO: [ app_begin ] --END-- [ RunTime:0.001161s ]
NOTIC: [8] Constant UC_CLIENT_VERSION already defined D:\wwwroot\mainweb\sdk\api\UcApi\Lib\Action\IndexAction.class.php 第 4 行.
NOTIC: [8] Constant UC_CLIENT_RELEASE already defined D:\wwwroot\mainweb\sdk\api\UcApi\Lib\Action\IndexAction.class.php 第 5 行.
NOTIC: [2048] Only variables should be passed by reference D:\wwwroot\mainweb\sdk\api\UcApi\Lib\Action\IndexAction.class.php 第 63 行.
NOTIC: [8] Constant API_RETURN_FAILED already defined D:\wwwroot\mainweb\sdk\uc_client\model\note.php 第 16 行.
SQL: SHOW COLUMNS FROM `sdk_accounts` [ RunTime:0.001956s ]
SQL: SELECT * FROM `sdk_accounts` WHERE ( `account_id` = 1545 ) LIMIT 1   [ RunTime:0.000255s ]

[ 2013-10-29T23:44:25+08:00 ] 192.168.201.86 /api/uc.php?time=1383061465&code=4932Qb1tWYbiCmOlpzjumJzuZaVfM4ehGswStqA9D8tT3pntADCddHDBcdWqj4XWOlTa5YjLMTnBLaWORrf1GlVSH7uhRTJbUT5S9D%2BknxHQ6HXFGN3RXhfIPoJwfkF9aAwtikkR5X%2FxG%2FMdawvUQ7yI8eClKdd3QkkiFMA6wWME2Q
INFO: [ app_begin ] --START--
INFO: Run ReadHtmlCache Behavior [ RunTime:0.001006s ]
INFO: [ app_begin ] --END-- [ RunTime:0.001096s ]
NOTIC: [8] Constant UC_CLIENT_VERSION already defined D:\wwwroot\mainweb\sdk\api\UcApi\Lib\Action\IndexAction.class.php 第 4 行.
NOTIC: [8] Constant UC_CLIENT_RELEASE already defined D:\wwwroot\mainweb\sdk\api\UcApi\Lib\Action\IndexAction.class.php 第 5 行.
NOTIC: [2048] Only variables should be passed by reference D:\wwwroot\mainweb\sdk\api\UcApi\Lib\Action\IndexAction.class.php 第 63 行.
NOTIC: [8] Constant API_RETURN_FAILED already defined D:\wwwroot\mainweb\sdk\uc_client\model\note.php 第 16 行.
SQL: SHOW COLUMNS FROM `sdk_accounts` [ RunTime:0.002010s ]
SQL: SELECT * FROM `sdk_accounts` WHERE ( `account_id` = 2288 ) LIMIT 1   [ RunTime:0.000495s ]

[ 2013-10-29T23:45:20+08:00 ] 192.168.201.8 /api/uc.php?time=1383061520&code=5f2fxAI3sNFefqxu14O6hTv8VcCGuSNcALfJxqi0oO3vKCPjwX%2Bzlaz2j2FAzb3cUpJdFPn%2B7nHiqLmEHG%2F8Os%2BRthL7KbV%2BlDdQ2l1p5uhuhAHgJrt0fUCS2LtRyYsS7I4m9x6oTiyZFlcXWcgS9Mnr6wsJZqMPcO4ze759%2FwgX
INFO: [ app_begin ] --START--
INFO: Run ReadHtmlCache Behavior [ RunTime:0.001046s ]
INFO: [ app_begin ] --END-- [ RunTime:0.001138s ]
NOTIC: [8] Constant UC_CLIENT_VERSION already defined D:\wwwroot\mainweb\sdk\api\UcApi\Lib\Action\IndexAction.class.php 第 4 行.
NOTIC: [8] Constant UC_CLIENT_RELEASE already defined D:\wwwroot\mainweb\sdk\api\UcApi\Lib\Action\IndexAction.class.php 第 5 行.
NOTIC: [2048] Only variables should be passed by reference D:\wwwroot\mainweb\sdk\api\UcApi\Lib\Action\IndexAction.class.php 第 63 行.
NOTIC: [8] Constant API_RETURN_FAILED already defined D:\wwwroot\mainweb\sdk\uc_client\model\note.php 第 16 行.
SQL: SHOW COLUMNS FROM `sdk_accounts` [ RunTime:0.002205s ]
SQL: SELECT * FROM `sdk_accounts` WHERE ( `account_id` = 2553 ) LIMIT 1   [ RunTime:0.000449s ]
SQL: INSERT INTO `sdk_accounts` (`account_id`,`user_name`,`email`,`password`,`reg_time`) VALUES (2553,'linzihao','451791119@qq.com','5e4b51aa30fd22f1444a3316d2a2f0b95ae93c6c',1383061520) [ RunTime:0.001594s ]

[ 2013-10-29T23:45:34+08:00 ] 192.168.201.8 /api/uc.php?time=1383061534&code=2c573gRSzpSzqBxz6Rk2dALnwrK8zD0IXIY%2B5Hmg5CMwbi3vFnlAxLrospFvuE85YLtjl03AHxJuwUQzzV7ZG2zFpTez%2FVq92O5QVk0UWebh9P9HKRpKzuWZo%2BXKGjXtMO3UZZdY1gqEm%2FKYJEkEJ1sx592dIvwva0rWw%2F8CNLZW
INFO: [ app_begin ] --START--
INFO: Run ReadHtmlCache Behavior [ RunTime:0.000982s ]
INFO: [ app_begin ] --END-- [ RunTime:0.001122s ]
NOTIC: [8] Constant UC_CLIENT_VERSION already defined D:\wwwroot\mainweb\sdk\api\UcApi\Lib\Action\IndexAction.class.php 第 4 行.
NOTIC: [8] Constant UC_CLIENT_RELEASE already defined D:\wwwroot\mainweb\sdk\api\UcApi\Lib\Action\IndexAction.class.php 第 5 行.
NOTIC: [2048] Only variables should be passed by reference D:\wwwroot\mainweb\sdk\api\UcApi\Lib\Action\IndexAction.class.php 第 63 行.
NOTIC: [8] Constant API_RETURN_FAILED already defined D:\wwwroot\mainweb\sdk\uc_client\model\note.php 第 16 行.
SQL: SHOW COLUMNS FROM `sdk_accounts` [ RunTime:0.001962s ]
SQL: SELECT * FROM `sdk_accounts` WHERE ( `account_id` = 2553 ) LIMIT 1   [ RunTime:0.000372s ]

[ 2013-10-29T23:45:34+08:00 ] 192.168.201.8 /api/uc.php?time=1383061534&code=2c573gRSzpSzqBxz6Rk2dALnwrK8zD0IXIY%2B5Hmg5CMwbi3vFnlAxLrospFvuE85YLtjl03AHxJuwUQzzV7ZG2zFpTez%2FVq92O5QVk0UWebh9P9HKRpKzuWZo%2BXKGjXtMO3UZZdY1gqEm%2FKYJEkEJ1sx592dIvwva0rWw%2F8CNLZW
INFO: [ app_begin ] --START--
INFO: Run ReadHtmlCache Behavior [ RunTime:0.000926s ]
INFO: [ app_begin ] --END-- [ RunTime:0.001018s ]
NOTIC: [8] Constant UC_CLIENT_VERSION already defined D:\wwwroot\mainweb\sdk\api\UcApi\Lib\Action\IndexAction.class.php 第 4 行.
NOTIC: [8] Constant UC_CLIENT_RELEASE already defined D:\wwwroot\mainweb\sdk\api\UcApi\Lib\Action\IndexAction.class.php 第 5 行.
NOTIC: [2048] Only variables should be passed by reference D:\wwwroot\mainweb\sdk\api\UcApi\Lib\Action\IndexAction.class.php 第 63 行.
NOTIC: [8] Constant API_RETURN_FAILED already defined D:\wwwroot\mainweb\sdk\uc_client\model\note.php 第 16 行.
SQL: SHOW COLUMNS FROM `sdk_accounts` [ RunTime:0.001907s ]
SQL: SELECT * FROM `sdk_accounts` WHERE ( `account_id` = 2553 ) LIMIT 1   [ RunTime:0.000197s ]

[ 2013-10-29T23:55:31+08:00 ] 192.168.206.194 /api/uc.php?time=1383062130&code=9415gXcLEbpsiWvTZC3BogAnrorSryyVk9nxfNNleMeNe%2B%2BU1cC36Yz9tlFyAwN1X%2BBiuHH3flegA3jU6JSdLwc5lIrQ%2FFpsVZGXfFe%2BKZ4Ws0qOQP0zYxorCNx%2FKwllhFFkqY2GvqpcVToT0nWCg4pvOe%2B8CH5g%2BYi6yswfCg
INFO: [ app_begin ] --START--
INFO: Run ReadHtmlCache Behavior [ RunTime:0.001074s ]
INFO: [ app_begin ] --END-- [ RunTime:0.001162s ]
NOTIC: [8] Constant UC_CLIENT_VERSION already defined D:\wwwroot\mainweb\sdk\api\UcApi\Lib\Action\IndexAction.class.php 第 4 行.
NOTIC: [8] Constant UC_CLIENT_RELEASE already defined D:\wwwroot\mainweb\sdk\api\UcApi\Lib\Action\IndexAction.class.php 第 5 行.
NOTIC: [2048] Only variables should be passed by reference D:\wwwroot\mainweb\sdk\api\UcApi\Lib\Action\IndexAction.class.php 第 63 行.
NOTIC: [8] Constant API_RETURN_FAILED already defined D:\wwwroot\mainweb\sdk\uc_client\model\note.php 第 16 行.
SQL: SHOW COLUMNS FROM `sdk_accounts` [ RunTime:0.002283s ]
SQL: SELECT * FROM `sdk_accounts` WHERE ( `account_id` = 1197 ) LIMIT 1   [ RunTime:0.000561s ]

