[ 2013-12-02T08:23:38+08:00 ] 192.168.143.49 /api/uc.php?time=1385943818&code=eaecdXSucu0rpTpW8lXNrScVwplPiGr40gPd5tEsAkxpZBkzfRIfxPuV36ip2ixrTwI75j2Hk7Ki6id4ZWlf0LW4qRlyJaAm4CSvOuwm5P3o%2FiJWpsrDlOjNQS3JMLhkHW68tlHuvfYRnp9GK1oXpJqznJcJSLNl1oS1pA
INFO: [ app_begin ] --START--
INFO: Run ReadHtmlCache Behavior [ RunTime:0.001073s ]
INFO: [ app_begin ] --END-- [ RunTime:0.001164s ]
NOTIC: [8] Constant UC_CLIENT_VERSION already defined D:\wwwroot\mainweb\sdk\api\UcApi\Lib\Action\IndexAction.class.php 第 4 行.
NOTIC: [8] Constant UC_CLIENT_RELEASE already defined D:\wwwroot\mainweb\sdk\api\UcApi\Lib\Action\IndexAction.class.php 第 5 行.
NOTIC: [2048] Only variables should be passed by reference D:\wwwroot\mainweb\sdk\api\UcApi\Lib\Action\IndexAction.class.php 第 63 行.
NOTIC: [8] Constant API_RETURN_FAILED already defined D:\wwwroot\mainweb\sdk\uc_client\model\note.php 第 16 行.
SQL: SHOW COLUMNS FROM `sdk_accounts` [ RunTime:0.002444s ]
SQL: SELECT * FROM `sdk_accounts` WHERE ( `account_id` = 1669 ) LIMIT 1   [ RunTime:0.000485s ]

[ 2013-12-02T08:32:10+08:00 ] 202.116.192.50 /api/uc.php?code=de05cwKvbEof3JAzPD5TnzBFtbF5RDlIbd0YRhpD3ISALB1b0ubiTfczZzDUiRYHk3QwJ6KEEiE
INFO: [ app_begin ] --START--
INFO: Run ReadHtmlCache Behavior [ RunTime:0.001060s ]
INFO: [ app_begin ] --END-- [ RunTime:0.001151s ]
NOTIC: [8] Constant UC_CLIENT_VERSION already defined D:\wwwroot\mainweb\sdk\api\UcApi\Lib\Action\IndexAction.class.php 第 4 行.
NOTIC: [8] Constant UC_CLIENT_RELEASE already defined D:\wwwroot\mainweb\sdk\api\UcApi\Lib\Action\IndexAction.class.php 第 5 行.
NOTIC: [2048] Only variables should be passed by reference D:\wwwroot\mainweb\sdk\api\UcApi\Lib\Action\IndexAction.class.php 第 63 行.

[ 2013-12-02T09:42:06+08:00 ] 192.168.136.13 /api/uc.php?time=1385948526&code=5b96Z1pviRZ2wvyixsW7kUBZ%2Fw30OBQClnk4CWrorzBDlrjApd10sc0N3vKNQKSkUWcX5wqQKtMuzw5DZdsufWbQgsKZ8b0rrJ7pwW9s%2FdCct6u12G7Yy9e9jfwZZu5k4bmYtrk2VB8k4QnDT11mb%2F06PdFl3WelMM1gU%2BwJ
INFO: [ app_begin ] --START--
INFO: Run ReadHtmlCache Behavior [ RunTime:0.001070s ]
INFO: [ app_begin ] --END-- [ RunTime:0.001158s ]
NOTIC: [8] Constant UC_CLIENT_VERSION already defined D:\wwwroot\mainweb\sdk\api\UcApi\Lib\Action\IndexAction.class.php 第 4 行.
NOTIC: [8] Constant UC_CLIENT_RELEASE already defined D:\wwwroot\mainweb\sdk\api\UcApi\Lib\Action\IndexAction.class.php 第 5 行.
NOTIC: [2048] Only variables should be passed by reference D:\wwwroot\mainweb\sdk\api\UcApi\Lib\Action\IndexAction.class.php 第 63 行.
NOTIC: [8] Constant API_RETURN_FAILED already defined D:\wwwroot\mainweb\sdk\uc_client\model\note.php 第 16 行.
SQL: SHOW COLUMNS FROM `sdk_accounts` [ RunTime:0.002245s ]
SQL: SELECT * FROM `sdk_accounts` WHERE ( `account_id` = 1588 ) LIMIT 1   [ RunTime:0.000450s ]

[ 2013-12-02T10:10:09+08:00 ] 112.96.165.32 /api/uc.php?time=1385950207&code=f51byTi0pk23e0uc2BlowkhsJ2Qk2Cmo8M3RPcH79n6i4fnBKhNqdmbKVOl9DpMnqTS2eZEv9yEcd4wanFu4mw6IkKWP5xOuCO6U7vreQ7JMjkCc59jZJ2URNp6UMspKba8LmJofJdXl2mjStOGX01%2FzhB14OZwz05fmRGv%2Bxw
INFO: [ app_begin ] --START--
INFO: Run ReadHtmlCache Behavior [ RunTime:0.001075s ]
INFO: [ app_begin ] --END-- [ RunTime:0.001165s ]
NOTIC: [8] Constant UC_CLIENT_VERSION already defined D:\wwwroot\mainweb\sdk\api\UcApi\Lib\Action\IndexAction.class.php 第 4 行.
NOTIC: [8] Constant UC_CLIENT_RELEASE already defined D:\wwwroot\mainweb\sdk\api\UcApi\Lib\Action\IndexAction.class.php 第 5 行.
NOTIC: [2048] Only variables should be passed by reference D:\wwwroot\mainweb\sdk\api\UcApi\Lib\Action\IndexAction.class.php 第 63 行.
NOTIC: [8] Constant API_RETURN_FAILED already defined D:\wwwroot\mainweb\sdk\uc_client\model\note.php 第 16 行.
SQL: SHOW COLUMNS FROM `sdk_accounts` [ RunTime:0.002361s ]
SQL: SELECT * FROM `sdk_accounts` WHERE ( `account_id` = 2448 ) LIMIT 1   [ RunTime:0.000486s ]

[ 2013-12-02T10:12:06+08:00 ] 101.226.65.110 /api/uc.php?time=1385948526&code=5b96Z1pviRZ2wvyixsW7kUBZ/w30OBQClnk4CWrorzBDlrjApd10sc0N3vKNQKSkUWcX5wqQKtMuzw5DZdsufWbQgsKZ8b0rrJ7pwW9s/dCct6u12G7Yy9e9jfwZZu5k4bmYtrk2VB8k4QnDT11mb/06PdFl3WelMM1gU+wJ
INFO: [ app_begin ] --START--
INFO: Run ReadHtmlCache Behavior [ RunTime:0.001163s ]
INFO: [ app_begin ] --END-- [ RunTime:0.001257s ]
NOTIC: [8] Constant UC_CLIENT_VERSION already defined D:\wwwroot\mainweb\sdk\api\UcApi\Lib\Action\IndexAction.class.php 第 4 行.
NOTIC: [8] Constant UC_CLIENT_RELEASE already defined D:\wwwroot\mainweb\sdk\api\UcApi\Lib\Action\IndexAction.class.php 第 5 行.
NOTIC: [8] Undefined index:  time D:\wwwroot\mainweb\sdk\api\UcApi\Lib\Action\IndexAction.class.php 第 54 行.

[ 2013-12-02T10:30:45+08:00 ] 192.168.206.208 /api/uc.php?time=1385951445&code=8623xf0GSETmyHWYvBfNv3yrHEEpYCqTXmVxf7HZi6nuQ089KNPE8n94MCiUxEioZZvKj5p49GcfsCqoOCzRt2dSquQTSRGVivAclo42aKDDEkzGBEzCzu%2B%2FGy9zsiO%2BB2uu%2BGbZH8tIhCqSvfxBDR9aycO7SXObRObtrRvadA
INFO: [ app_begin ] --START--
INFO: Run ReadHtmlCache Behavior [ RunTime:0.001095s ]
INFO: [ app_begin ] --END-- [ RunTime:0.001186s ]
NOTIC: [8] Constant UC_CLIENT_VERSION already defined D:\wwwroot\mainweb\sdk\api\UcApi\Lib\Action\IndexAction.class.php 第 4 行.
NOTIC: [8] Constant UC_CLIENT_RELEASE already defined D:\wwwroot\mainweb\sdk\api\UcApi\Lib\Action\IndexAction.class.php 第 5 行.
NOTIC: [2048] Only variables should be passed by reference D:\wwwroot\mainweb\sdk\api\UcApi\Lib\Action\IndexAction.class.php 第 63 行.
NOTIC: [8] Constant API_RETURN_FAILED already defined D:\wwwroot\mainweb\sdk\uc_client\model\note.php 第 16 行.
SQL: SHOW COLUMNS FROM `sdk_accounts` [ RunTime:0.002383s ]
SQL: SELECT * FROM `sdk_accounts` WHERE ( `account_id` = 1092 ) LIMIT 1   [ RunTime:0.000261s ]

[ 2013-12-02T10:59:46+08:00 ] 192.168.154.129 /api/uc.php?time=1385953186&code=2e413IH%2FxpD0Wtv404g34IHhEHb1ZdBzuONcl5s9Acdw1m%2Fe6iYsIWhFtVzRl8kWAR7KcppnWRKN7luL0BUKu2tn2jVpqZ3rwJ75%2BjcBj0Gdd2660p8KX%2FqWIgUVHimg7pPmvsaBD3VUpwDVunde%2FcVgLi6wvVTdyoU2o9YSAw
INFO: [ app_begin ] --START--
INFO: Run ReadHtmlCache Behavior [ RunTime:0.001121s ]
INFO: [ app_begin ] --END-- [ RunTime:0.001215s ]
NOTIC: [8] Constant UC_CLIENT_VERSION already defined D:\wwwroot\mainweb\sdk\api\UcApi\Lib\Action\IndexAction.class.php 第 4 行.
NOTIC: [8] Constant UC_CLIENT_RELEASE already defined D:\wwwroot\mainweb\sdk\api\UcApi\Lib\Action\IndexAction.class.php 第 5 行.
NOTIC: [2048] Only variables should be passed by reference D:\wwwroot\mainweb\sdk\api\UcApi\Lib\Action\IndexAction.class.php 第 63 行.
NOTIC: [8] Constant API_RETURN_FAILED already defined D:\wwwroot\mainweb\sdk\uc_client\model\note.php 第 16 行.
SQL: SHOW COLUMNS FROM `sdk_accounts` [ RunTime:0.002330s ]
SQL: SELECT * FROM `sdk_accounts` WHERE ( `account_id` = 1691 ) LIMIT 1   [ RunTime:0.000533s ]

[ 2013-12-02T11:57:23+08:00 ] 192.168.203.227 /api/uc.php?time=1385956643&code=8b45ViB6TkM5rswgXUtDW17%2BFxGMu807naz9biNGkfDM6lxX%2B5b2LnspDseSlpf%2BzDZaV658K2MAWT0D%2BF7D98%2F6rKXiJpJn1HKtVTJnAfd8bJaveloxNSKyNRGPHT%2FzEQTSs80Cq32gvTJO3oS8l%2FsH7kCQFKDTGuUGGNvo
INFO: [ app_begin ] --START--
INFO: Run ReadHtmlCache Behavior [ RunTime:0.001087s ]
INFO: [ app_begin ] --END-- [ RunTime:0.001178s ]
NOTIC: [8] Constant UC_CLIENT_VERSION already defined D:\wwwroot\mainweb\sdk\api\UcApi\Lib\Action\IndexAction.class.php 第 4 行.
NOTIC: [8] Constant UC_CLIENT_RELEASE already defined D:\wwwroot\mainweb\sdk\api\UcApi\Lib\Action\IndexAction.class.php 第 5 行.
NOTIC: [2048] Only variables should be passed by reference D:\wwwroot\mainweb\sdk\api\UcApi\Lib\Action\IndexAction.class.php 第 63 行.
NOTIC: [8] Constant API_RETURN_FAILED already defined D:\wwwroot\mainweb\sdk\uc_client\model\note.php 第 16 行.
SQL: SHOW COLUMNS FROM `sdk_accounts` [ RunTime:0.002000s ]
SQL: SELECT * FROM `sdk_accounts` WHERE ( `account_id` = 2564 ) LIMIT 1   [ RunTime:0.000264s ]

[ 2013-12-02T12:31:55+08:00 ] 192.168.180.231 /api/uc.php?time=1385958715&code=3321zQCmaas%2BKTc4f8JZyoyAbOkP8h87dihvkebglliskSSS1e%2BU4S7CWIOUbn28VEX3VUMEvAHK6kjcOpY4vvjNpRPOKHy4d3pFHGu%2F5h667dVxWNEo7m8dWJvkNa5TYGeWluBUIMJDVH6AY%2Fj%2Ffcr4OmRW5EoOqkQnmA
INFO: [ app_begin ] --START--
INFO: Run ReadHtmlCache Behavior [ RunTime:0.001079s ]
INFO: [ app_begin ] --END-- [ RunTime:0.001169s ]
NOTIC: [8] Constant UC_CLIENT_VERSION already defined D:\wwwroot\mainweb\sdk\api\UcApi\Lib\Action\IndexAction.class.php 第 4 行.
NOTIC: [8] Constant UC_CLIENT_RELEASE already defined D:\wwwroot\mainweb\sdk\api\UcApi\Lib\Action\IndexAction.class.php 第 5 行.
NOTIC: [2048] Only variables should be passed by reference D:\wwwroot\mainweb\sdk\api\UcApi\Lib\Action\IndexAction.class.php 第 63 行.
NOTIC: [8] Constant API_RETURN_FAILED already defined D:\wwwroot\mainweb\sdk\uc_client\model\note.php 第 16 行.
SQL: SHOW COLUMNS FROM `sdk_accounts` [ RunTime:0.002345s ]
SQL: SELECT * FROM `sdk_accounts` WHERE ( `account_id` = 1756 ) LIMIT 1   [ RunTime:0.000425s ]

[ 2013-12-02T12:43:15+08:00 ] 192.168.206.194 /api/uc.php?time=1385959394&code=d00dR0S4VbHj5B8NdjTmQRh3kdKqLyzXu74NvxxLjNkWhACjWPAyJM4gZjU0sual9Y9yoGXIj44CajTEY8De5HjdmZWzncCYvfy9%2B%2FvUPhiPDSlIgMFuDcEHY3weKnn6jzudiz9Jb86BnsxQQzBz2eNar%2F8L9TvqjnlgfnbenQ
INFO: [ app_begin ] --START--
INFO: Run ReadHtmlCache Behavior [ RunTime:0.001187s ]
INFO: [ app_begin ] --END-- [ RunTime:0.001277s ]
NOTIC: [8] Constant UC_CLIENT_VERSION already defined D:\wwwroot\mainweb\sdk\api\UcApi\Lib\Action\IndexAction.class.php 第 4 行.
NOTIC: [8] Constant UC_CLIENT_RELEASE already defined D:\wwwroot\mainweb\sdk\api\UcApi\Lib\Action\IndexAction.class.php 第 5 行.
NOTIC: [2048] Only variables should be passed by reference D:\wwwroot\mainweb\sdk\api\UcApi\Lib\Action\IndexAction.class.php 第 63 行.
NOTIC: [8] Constant API_RETURN_FAILED already defined D:\wwwroot\mainweb\sdk\uc_client\model\note.php 第 16 行.
SQL: SHOW COLUMNS FROM `sdk_accounts` [ RunTime:0.002531s ]
SQL: SELECT * FROM `sdk_accounts` WHERE ( `account_id` = 1197 ) LIMIT 1   [ RunTime:0.000632s ]

[ 2013-12-02T12:52:15+08:00 ] 192.168.165.237 /api/uc.php?time=1385959935&code=e4b0aUdid0%2FT2%2BgDAsoOkq95%2FdiB%2FXAmkYeDPk2SSlTMGlfPiN5QFBtmZACBTE2O5C6RZFhPSEMXzvouZAlrZTDEiIbQcBHKExOFBMFRxEg7YRJKMEX0LOl3ZZHUN1xVVrVr%2BT9MblQkWj6bAOGyoCrpK%2FUw7mecq%2BhG9u467g
INFO: [ app_begin ] --START--
INFO: Run ReadHtmlCache Behavior [ RunTime:0.001700s ]
INFO: [ app_begin ] --END-- [ RunTime:0.001792s ]
NOTIC: [8] Constant UC_CLIENT_VERSION already defined D:\wwwroot\mainweb\sdk\api\UcApi\Lib\Action\IndexAction.class.php 第 4 行.
NOTIC: [8] Constant UC_CLIENT_RELEASE already defined D:\wwwroot\mainweb\sdk\api\UcApi\Lib\Action\IndexAction.class.php 第 5 行.
NOTIC: [2048] Only variables should be passed by reference D:\wwwroot\mainweb\sdk\api\UcApi\Lib\Action\IndexAction.class.php 第 63 行.
NOTIC: [8] Constant API_RETURN_FAILED already defined D:\wwwroot\mainweb\sdk\uc_client\model\note.php 第 16 行.
SQL: SHOW COLUMNS FROM `sdk_accounts` [ RunTime:0.002366s ]
SQL: SELECT * FROM `sdk_accounts` WHERE ( `account_id` = 1619 ) LIMIT 1   [ RunTime:0.000431s ]

[ 2013-12-02T12:59:44+08:00 ] 192.168.129.129 /api/uc.php?time=1385960382&code=acdcmpc9%2FpxidQ07C0r7vOkIZyZyLCYJ4XnP4GNWgEvZ3Ad1iJBvRE%2FSIgE5FBCtsdgl5Z8QvRbqpB3eR27h9bu%2F%2BjIprFrhEPzfBPZJBNjhV1ayvCCf0EDtQ98uWsM1uiryYjSOMFJao%2F1doeecFeesWAiVGPm1RyBfdE%2Birz3%2BbA
INFO: [ app_begin ] --START--
INFO: Run ReadHtmlCache Behavior [ RunTime:0.001067s ]
INFO: [ app_begin ] --END-- [ RunTime:0.001160s ]
NOTIC: [8] Constant UC_CLIENT_VERSION already defined D:\wwwroot\mainweb\sdk\api\UcApi\Lib\Action\IndexAction.class.php 第 4 行.
NOTIC: [8] Constant UC_CLIENT_RELEASE already defined D:\wwwroot\mainweb\sdk\api\UcApi\Lib\Action\IndexAction.class.php 第 5 行.
NOTIC: [2048] Only variables should be passed by reference D:\wwwroot\mainweb\sdk\api\UcApi\Lib\Action\IndexAction.class.php 第 63 行.
NOTIC: [8] Constant API_RETURN_FAILED already defined D:\wwwroot\mainweb\sdk\uc_client\model\note.php 第 16 行.
SQL: SHOW COLUMNS FROM `sdk_accounts` [ RunTime:0.001893s ]
SQL: SELECT * FROM `sdk_accounts` WHERE ( `account_id` = 2114 ) LIMIT 1   [ RunTime:0.000354s ]

[ 2013-12-02T13:17:17+08:00 ] 192.168.201.223 /api/uc.php?time=1385961436&code=a508aI5LH0OsA7Ui7jNtToavRtS6qOoG5Z0PERxaiTs5K%2Fe2Zjpe%2B7VWcc%2BisjL7EnQHOiXV%2BDVQBe3rdlYhDIjw14aBf5xsJcC4hcqCFGybBtOvxQY74zreqQSKz5pZxn2t3oDYCASWGwv7lHax5KTnkCYdaM4mMuI6KGT9%2B2aOvg
INFO: [ app_begin ] --START--
INFO: Run ReadHtmlCache Behavior [ RunTime:0.001071s ]
INFO: [ app_begin ] --END-- [ RunTime:0.001164s ]
NOTIC: [8] Constant UC_CLIENT_VERSION already defined D:\wwwroot\mainweb\sdk\api\UcApi\Lib\Action\IndexAction.class.php 第 4 行.
NOTIC: [8] Constant UC_CLIENT_RELEASE already defined D:\wwwroot\mainweb\sdk\api\UcApi\Lib\Action\IndexAction.class.php 第 5 行.
NOTIC: [2048] Only variables should be passed by reference D:\wwwroot\mainweb\sdk\api\UcApi\Lib\Action\IndexAction.class.php 第 63 行.
NOTIC: [8] Constant API_RETURN_FAILED already defined D:\wwwroot\mainweb\sdk\uc_client\model\note.php 第 16 行.
SQL: SHOW COLUMNS FROM `sdk_accounts` [ RunTime:0.002229s ]
SQL: SELECT * FROM `sdk_accounts` WHERE ( `account_id` = 1544 ) LIMIT 1   [ RunTime:0.000538s ]

[ 2013-12-02T13:18:55+08:00 ] 192.168.202.94 /api/uc.php?time=1385961535&code=e87aFxzrJBIJwpkG%2BUP9qVe1m3jGea8wuIR8GwNDWmUnsh%2BJglnrjvVT%2B3EamFBa7%2F8NQEIWHbWTvsdJNzfdBMzajhKvsHWlaIgBlwO%2F%2BwU%2B%2Bp3Yf9MUg3EhAT1%2Fs8JWblIrGc9DGgxAbgM5oO%2BbLpYMSXytjf7m%2BxAyOWczNhYfCnhZ
INFO: [ app_begin ] --START--
INFO: Run ReadHtmlCache Behavior [ RunTime:0.001032s ]
INFO: [ app_begin ] --END-- [ RunTime:0.001122s ]
NOTIC: [8] Constant UC_CLIENT_VERSION already defined D:\wwwroot\mainweb\sdk\api\UcApi\Lib\Action\IndexAction.class.php 第 4 行.
NOTIC: [8] Constant UC_CLIENT_RELEASE already defined D:\wwwroot\mainweb\sdk\api\UcApi\Lib\Action\IndexAction.class.php 第 5 行.
NOTIC: [2048] Only variables should be passed by reference D:\wwwroot\mainweb\sdk\api\UcApi\Lib\Action\IndexAction.class.php 第 63 行.
NOTIC: [8] Constant API_RETURN_FAILED already defined D:\wwwroot\mainweb\sdk\uc_client\model\note.php 第 16 行.
SQL: SHOW COLUMNS FROM `sdk_accounts` [ RunTime:0.002137s ]
SQL: SELECT * FROM `sdk_accounts` WHERE ( `account_id` = 1752 ) LIMIT 1   [ RunTime:0.000444s ]

[ 2013-12-02T13:41:48+08:00 ] 192.168.164.109 /api/uc.php?time=1385962908&code=7c62df%2BGyFhQLsYZUMIyeJ83w8WOdl%2BQ4hlr1FazaJMKX6sXH0%2BdkH%2FLlsw80RITuyKlLa9xLa4DYBjBUaBprH4GrLo9FJpHcCpnSsrMP1082t1KmjfnD4CMy7YiW8S33cWDJFffD9pbEerS8BM%2FwcsfAwYy8DwYUUbJNA
INFO: [ app_begin ] --START--
INFO: Run ReadHtmlCache Behavior [ RunTime:0.001317s ]
INFO: [ app_begin ] --END-- [ RunTime:0.001412s ]
NOTIC: [8] Constant UC_CLIENT_VERSION already defined D:\wwwroot\mainweb\sdk\api\UcApi\Lib\Action\IndexAction.class.php 第 4 行.
NOTIC: [8] Constant UC_CLIENT_RELEASE already defined D:\wwwroot\mainweb\sdk\api\UcApi\Lib\Action\IndexAction.class.php 第 5 行.
NOTIC: [2048] Only variables should be passed by reference D:\wwwroot\mainweb\sdk\api\UcApi\Lib\Action\IndexAction.class.php 第 63 行.
NOTIC: [8] Constant API_RETURN_FAILED already defined D:\wwwroot\mainweb\sdk\uc_client\model\note.php 第 16 行.
SQL: SHOW COLUMNS FROM `sdk_accounts` [ RunTime:0.002090s ]
SQL: SELECT * FROM `sdk_accounts` WHERE ( `account_id` = 1702 ) LIMIT 1   [ RunTime:0.000548s ]

[ 2013-12-02T14:40:52+08:00 ] 183.4.4.194 /api/uc.php?time=1385966451&code=f224nt67mzaTPfvAYHz39pg0u9GWqMEpl7NlggbPZzdItqO%2Bg79vFJ3Q1p%2B1ssjVf1F%2FvCT%2FAcDm66t7dM1niOVJg3Y4bT2hKhwhqJrqK8nnnqLknWD6Zcm9bCTn6SQppmRzDOOfVFOfNmzD3mldoaWvlP98arfXfo2nRQrZ
INFO: [ app_begin ] --START--
INFO: Run ReadHtmlCache Behavior [ RunTime:0.001075s ]
INFO: [ app_begin ] --END-- [ RunTime:0.001166s ]
NOTIC: [8] Constant UC_CLIENT_VERSION already defined D:\wwwroot\mainweb\sdk\api\UcApi\Lib\Action\IndexAction.class.php 第 4 行.
NOTIC: [8] Constant UC_CLIENT_RELEASE already defined D:\wwwroot\mainweb\sdk\api\UcApi\Lib\Action\IndexAction.class.php 第 5 行.
NOTIC: [2048] Only variables should be passed by reference D:\wwwroot\mainweb\sdk\api\UcApi\Lib\Action\IndexAction.class.php 第 63 行.
NOTIC: [8] Constant API_RETURN_FAILED already defined D:\wwwroot\mainweb\sdk\uc_client\model\note.php 第 16 行.
SQL: SHOW COLUMNS FROM `sdk_accounts` [ RunTime:0.002139s ]
SQL: SELECT * FROM `sdk_accounts` WHERE ( `account_id` = 558 ) LIMIT 1   [ RunTime:0.000451s ]

[ 2013-12-02T14:48:54+08:00 ] 192.168.145.76 /api/uc.php?time=1385966934&code=9efcPS3NeBuXiyqOBetzba%2Befbo2lB3u3OZUfqM0Gbw8CeQxE7ttqrOf%2Bco4a6KXXzzxjsCPq30lXgsqFRDEfgC5Nov%2FXx9LJxPC%2FdxH%2FqqvoUwam7LU2hx9GDXTgMsQtQwU7XIYJ06IYKIQYFfIwMTLCpo7B2cHywOFxsHFRJUiyw
INFO: [ app_begin ] --START--
INFO: Run ReadHtmlCache Behavior [ RunTime:0.001045s ]
INFO: [ app_begin ] --END-- [ RunTime:0.001138s ]
NOTIC: [8] Constant UC_CLIENT_VERSION already defined D:\wwwroot\mainweb\sdk\api\UcApi\Lib\Action\IndexAction.class.php 第 4 行.
NOTIC: [8] Constant UC_CLIENT_RELEASE already defined D:\wwwroot\mainweb\sdk\api\UcApi\Lib\Action\IndexAction.class.php 第 5 行.
NOTIC: [2048] Only variables should be passed by reference D:\wwwroot\mainweb\sdk\api\UcApi\Lib\Action\IndexAction.class.php 第 63 行.
NOTIC: [8] Constant API_RETURN_FAILED already defined D:\wwwroot\mainweb\sdk\uc_client\model\note.php 第 16 行.
SQL: SHOW COLUMNS FROM `sdk_accounts` [ RunTime:0.002173s ]
SQL: SELECT * FROM `sdk_accounts` WHERE ( `account_id` = 2257 ) LIMIT 1   [ RunTime:0.000635s ]

[ 2013-12-02T17:14:45+08:00 ] 192.168.178.24 /api/uc.php?time=1385975685&code=9684veretTPobrLoQNlJHjmBQ237%2BnWgl26%2BaHA7aqEtwvO%2F5qgj1vsJIWxLWQEIqrR36Wu06KmDilH77lt41WIg18o6qXW%2BGNooc7I8GeOXLCGRe104YJbP1TWrFOU%2BHp2wHSakfBnpsBgGYIt9ute62wAVzd4578wRX1h2l9e0
INFO: [ app_begin ] --START--
INFO: Run ReadHtmlCache Behavior [ RunTime:0.001217s ]
INFO: [ app_begin ] --END-- [ RunTime:0.001315s ]
NOTIC: [8] Constant UC_CLIENT_VERSION already defined D:\wwwroot\mainweb\sdk\api\UcApi\Lib\Action\IndexAction.class.php 第 4 行.
NOTIC: [8] Constant UC_CLIENT_RELEASE already defined D:\wwwroot\mainweb\sdk\api\UcApi\Lib\Action\IndexAction.class.php 第 5 行.
NOTIC: [2048] Only variables should be passed by reference D:\wwwroot\mainweb\sdk\api\UcApi\Lib\Action\IndexAction.class.php 第 63 行.
NOTIC: [8] Constant API_RETURN_FAILED already defined D:\wwwroot\mainweb\sdk\uc_client\model\note.php 第 16 行.
SQL: SHOW COLUMNS FROM `sdk_accounts` [ RunTime:0.002298s ]
SQL: SELECT * FROM `sdk_accounts` WHERE ( `account_id` = 2441 ) LIMIT 1   [ RunTime:0.000473s ]

[ 2013-12-02T17:16:52+08:00 ] 192.168.132.226 /api/uc.php?time=1385975811&code=7135riMKQ%2FUR3rHdHVFwwg5wXrwBbluhAzAM2HeAAIN2zqY2K2Y3aKXr24fGxEArlsqov5NIOQURkEYJ1qt9FeF2j6v6y1mNVmkRTOZHcdFFdW3mwwrcJYtAhFW%2FkT3tyIGFeD644DAq7uHDf47ZNM07W%2FG8S3e%2BNYqyoSoZT8It2g
INFO: [ app_begin ] --START--
INFO: Run ReadHtmlCache Behavior [ RunTime:0.001020s ]
INFO: [ app_begin ] --END-- [ RunTime:0.001110s ]
NOTIC: [8] Constant UC_CLIENT_VERSION already defined D:\wwwroot\mainweb\sdk\api\UcApi\Lib\Action\IndexAction.class.php 第 4 行.
NOTIC: [8] Constant UC_CLIENT_RELEASE already defined D:\wwwroot\mainweb\sdk\api\UcApi\Lib\Action\IndexAction.class.php 第 5 行.
NOTIC: [2048] Only variables should be passed by reference D:\wwwroot\mainweb\sdk\api\UcApi\Lib\Action\IndexAction.class.php 第 63 行.
NOTIC: [8] Constant API_RETURN_FAILED already defined D:\wwwroot\mainweb\sdk\uc_client\model\note.php 第 16 行.
SQL: SHOW COLUMNS FROM `sdk_accounts` [ RunTime:0.001963s ]
SQL: SELECT * FROM `sdk_accounts` WHERE ( `account_id` = 1049 ) LIMIT 1   [ RunTime:0.000613s ]

[ 2013-12-02T17:23:19+08:00 ] 112.96.165.32 /api/uc.php?time=1385976198&code=90e6QgunmX%2BkEOk55pPOIC2HOdERCkwN%2BMxOEEiV8ahAEL5dfY6Vg6%2BmdlW%2FODOv%2BV3q59v2b6N7vvZjqMbAa7CW5pwLzdkNuaGgXMiZg1EbMxLm240kvfAsg%2FUhBe4nUv4knt%2B1Zf7NcJUZjCavtWw2DO7KcEwC%2BBTpNcdF0g
INFO: [ app_begin ] --START--
INFO: Run ReadHtmlCache Behavior [ RunTime:0.001059s ]
INFO: [ app_begin ] --END-- [ RunTime:0.001152s ]
NOTIC: [8] Constant UC_CLIENT_VERSION already defined D:\wwwroot\mainweb\sdk\api\UcApi\Lib\Action\IndexAction.class.php 第 4 行.
NOTIC: [8] Constant UC_CLIENT_RELEASE already defined D:\wwwroot\mainweb\sdk\api\UcApi\Lib\Action\IndexAction.class.php 第 5 行.
NOTIC: [2048] Only variables should be passed by reference D:\wwwroot\mainweb\sdk\api\UcApi\Lib\Action\IndexAction.class.php 第 63 行.
NOTIC: [8] Constant API_RETURN_FAILED already defined D:\wwwroot\mainweb\sdk\uc_client\model\note.php 第 16 行.
SQL: SHOW COLUMNS FROM `sdk_accounts` [ RunTime:0.001912s ]
SQL: SELECT * FROM `sdk_accounts` WHERE ( `account_id` = 2448 ) LIMIT 1   [ RunTime:0.000167s ]

[ 2013-12-02T17:46:52+08:00 ] 180.153.206.14 /api/uc.php?time=1385975811&code=7135riMKQ/UR3rHdHVFwwg5wXrwBbluhAzAM2HeAAIN2zqY2K2Y3aKXr24fGxEArlsqov5NIOQURkEYJ1qt9FeF2j6v6y1mNVmkRTOZHcdFFdW3mwwrcJYtAhFW/kT3tyIGFeD644DAq7uHDf47ZNM07W/G8S3e+NYqyoSoZT8It2g
INFO: [ app_begin ] --START--
INFO: Run ReadHtmlCache Behavior [ RunTime:0.001045s ]
INFO: [ app_begin ] --END-- [ RunTime:0.001139s ]
NOTIC: [8] Constant UC_CLIENT_VERSION already defined D:\wwwroot\mainweb\sdk\api\UcApi\Lib\Action\IndexAction.class.php 第 4 行.
NOTIC: [8] Constant UC_CLIENT_RELEASE already defined D:\wwwroot\mainweb\sdk\api\UcApi\Lib\Action\IndexAction.class.php 第 5 行.
NOTIC: [8] Undefined index:  time D:\wwwroot\mainweb\sdk\api\UcApi\Lib\Action\IndexAction.class.php 第 54 行.

[ 2013-12-02T18:07:26+08:00 ] 192.168.141.137 /api/uc.php?time=1385978846&code=de48ip9P8YaEHjcZCpQT8XLJNo3%2Fw6isP%2BZQXe7y2HUZAfQeMEVn9FzZ2dzDU%2Bt46TYh5oaDMSowkd1UMa7isX4E758CsC9q4utX6xRgIAL7YsMdFyPE0g27Ysm9pq%2FGMR7N2olGYhWBWeIYfUqiE7FuZ%2Bl3ZwygvJApeOLO5u5DUnN2iizCJg
INFO: [ app_begin ] --START--
INFO: Run ReadHtmlCache Behavior [ RunTime:0.001079s ]
INFO: [ app_begin ] --END-- [ RunTime:0.001171s ]
NOTIC: [8] Constant UC_CLIENT_VERSION already defined D:\wwwroot\mainweb\sdk\api\UcApi\Lib\Action\IndexAction.class.php 第 4 行.
NOTIC: [8] Constant UC_CLIENT_RELEASE already defined D:\wwwroot\mainweb\sdk\api\UcApi\Lib\Action\IndexAction.class.php 第 5 行.
NOTIC: [2048] Only variables should be passed by reference D:\wwwroot\mainweb\sdk\api\UcApi\Lib\Action\IndexAction.class.php 第 63 行.
NOTIC: [8] Constant API_RETURN_FAILED already defined D:\wwwroot\mainweb\sdk\uc_client\model\note.php 第 16 行.
SQL: SHOW COLUMNS FROM `sdk_accounts` [ RunTime:0.002277s ]
SQL: SELECT * FROM `sdk_accounts` WHERE ( `account_id` = 1738 ) LIMIT 1   [ RunTime:0.000627s ]

[ 2013-12-02T19:23:53+08:00 ] 192.168.204.21 /api/uc.php?time=1385983432&code=a52f07mt%2F37XMGWtROF4VK9dqvuTBTZwil69oKtjzO%2BZvQL2z5JkUQIv7QWeghHhn5K8t4v2xCT4MdMSmJBGXAVq5oRU5OF2TFAmGnwKdwaLgT5OxD%2BXV0Nh9Jq%2BYFJ1KP53b256Y5lkhJDTyBbIB6RdW03n7gWc%2BBpv5uvDnQ
INFO: [ app_begin ] --START--
INFO: Run ReadHtmlCache Behavior [ RunTime:0.001099s ]
INFO: [ app_begin ] --END-- [ RunTime:0.001190s ]
NOTIC: [8] Constant UC_CLIENT_VERSION already defined D:\wwwroot\mainweb\sdk\api\UcApi\Lib\Action\IndexAction.class.php 第 4 行.
NOTIC: [8] Constant UC_CLIENT_RELEASE already defined D:\wwwroot\mainweb\sdk\api\UcApi\Lib\Action\IndexAction.class.php 第 5 行.
NOTIC: [2048] Only variables should be passed by reference D:\wwwroot\mainweb\sdk\api\UcApi\Lib\Action\IndexAction.class.php 第 63 行.
NOTIC: [8] Constant API_RETURN_FAILED already defined D:\wwwroot\mainweb\sdk\uc_client\model\note.php 第 16 行.
SQL: SHOW COLUMNS FROM `sdk_accounts` [ RunTime:0.002198s ]
SQL: SELECT * FROM `sdk_accounts` WHERE ( `account_id` = 1822 ) LIMIT 1   [ RunTime:0.000380s ]

[ 2013-12-02T20:33:55+08:00 ] 192.168.202.146 /api/uc.php?time=1385987635&code=533cDYjUGq1sif3T8zzsmp%2BQThT37%2FYvmNrHIPfWyMAqznXb6bILrmskA%2FaFcTBXKaB%2F1o%2FMnJrgjf0yzSNY35go5i1edYikPUgC14O1YJIwDZwPddj4Yhop3gRImfEesMuuqqMqNCECORpfogMMKF1MmqcMdeQgla72Xhp1csr8LtmN5nATYQ
INFO: [ app_begin ] --START--
INFO: Run ReadHtmlCache Behavior [ RunTime:0.001177s ]
INFO: [ app_begin ] --END-- [ RunTime:0.001274s ]
NOTIC: [8] Constant UC_CLIENT_VERSION already defined D:\wwwroot\mainweb\sdk\api\UcApi\Lib\Action\IndexAction.class.php 第 4 行.
NOTIC: [8] Constant UC_CLIENT_RELEASE already defined D:\wwwroot\mainweb\sdk\api\UcApi\Lib\Action\IndexAction.class.php 第 5 行.
NOTIC: [2048] Only variables should be passed by reference D:\wwwroot\mainweb\sdk\api\UcApi\Lib\Action\IndexAction.class.php 第 63 行.
NOTIC: [8] Constant API_RETURN_FAILED already defined D:\wwwroot\mainweb\sdk\uc_client\model\note.php 第 16 行.
SQL: SHOW COLUMNS FROM `sdk_accounts` [ RunTime:0.002388s ]
SQL: SELECT * FROM `sdk_accounts` WHERE ( `account_id` = 1685 ) LIMIT 1   [ RunTime:0.000474s ]

[ 2013-12-02T20:43:50+08:00 ] 172.16.99.31 /api/uc.php?time=1385988230&code=79d04OiG%2FowieKtpyLnv0Upm8AzYRYccJYJ0X4yJbOyNiYJHzrM%2BkZtW7wQT80nkzU%2FmBdk3VIbwOEG2Yk9z0uEg0%2BfCfLnRMm1WHX9uIqOKOIDRgMXviLNJ26GLXZOu3uFihBqnve5EXFh73xuNgIxfPtA4lz3N7JO2iHjnPSzNza4uHH5%2BIg
INFO: [ app_begin ] --START--
INFO: Run ReadHtmlCache Behavior [ RunTime:0.001116s ]
INFO: [ app_begin ] --END-- [ RunTime:0.001210s ]
NOTIC: [8] Constant UC_CLIENT_VERSION already defined D:\wwwroot\mainweb\sdk\api\UcApi\Lib\Action\IndexAction.class.php 第 4 行.
NOTIC: [8] Constant UC_CLIENT_RELEASE already defined D:\wwwroot\mainweb\sdk\api\UcApi\Lib\Action\IndexAction.class.php 第 5 行.
NOTIC: [2048] Only variables should be passed by reference D:\wwwroot\mainweb\sdk\api\UcApi\Lib\Action\IndexAction.class.php 第 63 行.
NOTIC: [8] Constant API_RETURN_FAILED already defined D:\wwwroot\mainweb\sdk\uc_client\model\note.php 第 16 行.
SQL: SHOW COLUMNS FROM `sdk_accounts` [ RunTime:0.002130s ]
SQL: SELECT * FROM `sdk_accounts` WHERE ( `account_id` = 1905 ) LIMIT 1   [ RunTime:0.000302s ]

[ 2013-12-02T20:47:42+08:00 ] 192.168.175.166 /api/uc.php?time=1385988461&code=d65cK8z0IfuLToKQHCN0iQToLZmFQlHl3NDiCo9EgftwyGslqLqOACJR7cISLy1W8JWVwa4SGC6dKxJUbwD3Q0C6g6jT3aZ77473FtLW%2FHGETqd%2FZsdSrgCjWESmauHO3IZ87OyLVCqxP06RUe3JAkULnm%2BG7H6W8YdQfCkaxdaELw
INFO: [ app_begin ] --START--
INFO: Run ReadHtmlCache Behavior [ RunTime:0.001317s ]
INFO: [ app_begin ] --END-- [ RunTime:0.001435s ]
NOTIC: [8] Constant UC_CLIENT_VERSION already defined D:\wwwroot\mainweb\sdk\api\UcApi\Lib\Action\IndexAction.class.php 第 4 行.
NOTIC: [8] Constant UC_CLIENT_RELEASE already defined D:\wwwroot\mainweb\sdk\api\UcApi\Lib\Action\IndexAction.class.php 第 5 行.
NOTIC: [2048] Only variables should be passed by reference D:\wwwroot\mainweb\sdk\api\UcApi\Lib\Action\IndexAction.class.php 第 63 行.
NOTIC: [8] Constant API_RETURN_FAILED already defined D:\wwwroot\mainweb\sdk\uc_client\model\note.php 第 16 行.
SQL: SHOW COLUMNS FROM `sdk_accounts` [ RunTime:0.002199s ]
SQL: SELECT * FROM `sdk_accounts` WHERE ( `account_id` = 2514 ) LIMIT 1   [ RunTime:0.000312s ]

[ 2013-12-02T21:36:31+08:00 ] 113.96.42.44 /api/uc.php?time=1385991390&code=6f14df%2FyLidJZ92YlMubuHkFej4IwSar1caronXqrjYKCAZUC%2BJpF4CDbj9kFJwiXtoLechPPqPkk6aNLxnP8YxUuYQFc37tWApY%2Bb9dDmovE6zYdGGNRVzvwbGkyhaWF0LzSqArX7KmjRrcZwQgQCRvpvXOT34QYV2ginQ
INFO: [ app_begin ] --START--
INFO: Run ReadHtmlCache Behavior [ RunTime:0.001046s ]
INFO: [ app_begin ] --END-- [ RunTime:0.001140s ]
NOTIC: [8] Constant UC_CLIENT_VERSION already defined D:\wwwroot\mainweb\sdk\api\UcApi\Lib\Action\IndexAction.class.php 第 4 行.
NOTIC: [8] Constant UC_CLIENT_RELEASE already defined D:\wwwroot\mainweb\sdk\api\UcApi\Lib\Action\IndexAction.class.php 第 5 行.
NOTIC: [2048] Only variables should be passed by reference D:\wwwroot\mainweb\sdk\api\UcApi\Lib\Action\IndexAction.class.php 第 63 行.
NOTIC: [8] Constant API_RETURN_FAILED already defined D:\wwwroot\mainweb\sdk\uc_client\model\note.php 第 16 行.
SQL: SHOW COLUMNS FROM `sdk_accounts` [ RunTime:0.002173s ]
SQL: SELECT * FROM `sdk_accounts` WHERE ( `account_id` = 884 ) LIMIT 1   [ RunTime:0.000408s ]

[ 2013-12-02T21:41:06+08:00 ] 192.168.202.146 /api/uc.php?time=1385991666&code=2b337ptPhEPC0dQG69t1yfda17UqhMM44h%2F4ZXzVeMW62oIKDZHnb%2BtX3V9WPhgWsec9pnDwqlQbhXnn%2BRFDDtHfosW0knFpVgr8JvicY3bQyvbLNzFMSnHcnl%2BULJ3%2Bw1jH0AISahjw4w%2FT5Bv4Xz9A4pF8SEB2iQoApQlE9DkEEWnZFrImSg
INFO: [ app_begin ] --START--
INFO: Run ReadHtmlCache Behavior [ RunTime:0.001071s ]
INFO: [ app_begin ] --END-- [ RunTime:0.001161s ]
NOTIC: [8] Constant UC_CLIENT_VERSION already defined D:\wwwroot\mainweb\sdk\api\UcApi\Lib\Action\IndexAction.class.php 第 4 行.
NOTIC: [8] Constant UC_CLIENT_RELEASE already defined D:\wwwroot\mainweb\sdk\api\UcApi\Lib\Action\IndexAction.class.php 第 5 行.
NOTIC: [2048] Only variables should be passed by reference D:\wwwroot\mainweb\sdk\api\UcApi\Lib\Action\IndexAction.class.php 第 63 行.
NOTIC: [8] Constant API_RETURN_FAILED already defined D:\wwwroot\mainweb\sdk\uc_client\model\note.php 第 16 行.
SQL: SHOW COLUMNS FROM `sdk_accounts` [ RunTime:0.002051s ]
SQL: SELECT * FROM `sdk_accounts` WHERE ( `account_id` = 1685 ) LIMIT 1   [ RunTime:0.000372s ]

[ 2013-12-02T22:36:18+08:00 ] 192.168.157.14 /api/uc.php?time=1385994978&code=3ab95eGGs2KYJrM3oowxuME2Mllf2SeXONaUQnUO2hf8Lg2IPnxQx%2B9jFyKLxe9pVsXV%2BFOPnCCD9bET7knbXp3f2%2BLcPaP%2F%2FEt%2F3n2oexP5yDDRyQthRdvI12RkPLi1X0FYOfNyQE%2FZuLGAmvWt57XuHMtYV2Ohp6uxW93TheB0
INFO: [ app_begin ] --START--
INFO: Run ReadHtmlCache Behavior [ RunTime:0.001174s ]
INFO: [ app_begin ] --END-- [ RunTime:0.001267s ]
NOTIC: [8] Constant UC_CLIENT_VERSION already defined D:\wwwroot\mainweb\sdk\api\UcApi\Lib\Action\IndexAction.class.php 第 4 行.
NOTIC: [8] Constant UC_CLIENT_RELEASE already defined D:\wwwroot\mainweb\sdk\api\UcApi\Lib\Action\IndexAction.class.php 第 5 行.
NOTIC: [2048] Only variables should be passed by reference D:\wwwroot\mainweb\sdk\api\UcApi\Lib\Action\IndexAction.class.php 第 63 行.
NOTIC: [8] Constant API_RETURN_FAILED already defined D:\wwwroot\mainweb\sdk\uc_client\model\note.php 第 16 行.
SQL: SHOW COLUMNS FROM `sdk_accounts` [ RunTime:0.002267s ]
SQL: SELECT * FROM `sdk_accounts` WHERE ( `account_id` = 825 ) LIMIT 1   [ RunTime:0.000442s ]

[ 2013-12-02T22:45:14+08:00 ] 192.168.200.84 /api/uc.php?time=1385995514&code=e20f5cqcpAeQ9DNukIN%2FZ%2BocIxQStv9%2Fmy0JpP9DFo8oF7%2BBqwHsaD6akCTeSEvRet%2FBWIft9AiosvY0m9MzgQOHrGByuCoq8gwkVvDw5sO%2FCs1Z53NgjNxLuq6im99BRABPlC6Vb0OPI4d0tntmDvUXTuN1BXkXoHwlGi7bpCxf
INFO: [ app_begin ] --START--
INFO: Run ReadHtmlCache Behavior [ RunTime:0.001069s ]
INFO: [ app_begin ] --END-- [ RunTime:0.001163s ]
NOTIC: [8] Constant UC_CLIENT_VERSION already defined D:\wwwroot\mainweb\sdk\api\UcApi\Lib\Action\IndexAction.class.php 第 4 行.
NOTIC: [8] Constant UC_CLIENT_RELEASE already defined D:\wwwroot\mainweb\sdk\api\UcApi\Lib\Action\IndexAction.class.php 第 5 行.
NOTIC: [2048] Only variables should be passed by reference D:\wwwroot\mainweb\sdk\api\UcApi\Lib\Action\IndexAction.class.php 第 63 行.
NOTIC: [8] Constant API_RETURN_FAILED already defined D:\wwwroot\mainweb\sdk\uc_client\model\note.php 第 16 行.
SQL: SHOW COLUMNS FROM `sdk_accounts` [ RunTime:0.002117s ]
SQL: SELECT * FROM `sdk_accounts` WHERE ( `account_id` = 1639 ) LIMIT 1   [ RunTime:0.000395s ]

[ 2013-12-02T23:01:19+08:00 ] 192.168.159.92 /api/uc.php?time=1385996478&code=40a7ckAhwAVRtWUJeDv1GZlGj6hg3SU04Gakw8I0odLN97El8ug3zRq%2FKNAktA3oCyFNuf%2BR7w92ZPGFKj2SZdm60hZemK%2FMAR5jsLDRIy6MvhIDkoBbOcgq3guK7dE1SBE%2Fh9PE4Cp0stJkepEjWZ3ss2i53oPYL8Bin6uSAyJ0aJM
INFO: [ app_begin ] --START--
INFO: Run ReadHtmlCache Behavior [ RunTime:0.001135s ]
INFO: [ app_begin ] --END-- [ RunTime:0.001230s ]
NOTIC: [8] Constant UC_CLIENT_VERSION already defined D:\wwwroot\mainweb\sdk\api\UcApi\Lib\Action\IndexAction.class.php 第 4 行.
NOTIC: [8] Constant UC_CLIENT_RELEASE already defined D:\wwwroot\mainweb\sdk\api\UcApi\Lib\Action\IndexAction.class.php 第 5 行.
NOTIC: [2048] Only variables should be passed by reference D:\wwwroot\mainweb\sdk\api\UcApi\Lib\Action\IndexAction.class.php 第 63 行.
NOTIC: [8] Constant API_RETURN_FAILED already defined D:\wwwroot\mainweb\sdk\uc_client\model\note.php 第 16 行.
SQL: SHOW COLUMNS FROM `sdk_accounts` [ RunTime:0.005112s ]
SQL: SELECT * FROM `sdk_accounts` WHERE ( `account_id` = 1513 ) LIMIT 1   [ RunTime:0.000512s ]

[ 2013-12-02T23:31:17+08:00 ] 192.168.165.137 /api/uc.php?time=1385998277&code=84dcSHSNKUrPBhVngXl3BK7%2BHyFdHc%2Bwx6F2aIiI9K3X9JBGbNRrvVlA0PhiPTnBQu8PUMfMJeWQfSwlyvsIANf6Ktf5hNXyTPBUnnC7uZwRMjaNMMnuM7I%2BqdXpGM6XxSJoX%2FddA%2BWkHUBn3lAfYNq1GUXhvmeroQJc6Oljh%2F8F8w
INFO: [ app_begin ] --START--
INFO: Run ReadHtmlCache Behavior [ RunTime:0.000687s ]
INFO: [ app_begin ] --END-- [ RunTime:0.000788s ]
NOTIC: [8] Constant UC_CLIENT_VERSION already defined D:\wwwroot\mainweb\sdk\api\UcApi\Lib\Action\IndexAction.class.php 第 4 行.
NOTIC: [8] Constant UC_CLIENT_RELEASE already defined D:\wwwroot\mainweb\sdk\api\UcApi\Lib\Action\IndexAction.class.php 第 5 行.
NOTIC: [2048] Only variables should be passed by reference D:\wwwroot\mainweb\sdk\api\UcApi\Lib\Action\IndexAction.class.php 第 63 行.
NOTIC: [8] Constant API_RETURN_FAILED already defined D:\wwwroot\mainweb\sdk\uc_client\model\note.php 第 16 行.
SQL: SHOW COLUMNS FROM `sdk_accounts` [ RunTime:0.002366s ]
SQL: SELECT * FROM `sdk_accounts` WHERE ( `account_id` = 2216 ) LIMIT 1   [ RunTime:0.000559s ]

