[ 2013-11-27T10:10:23+08:00 ] 192.168.133.4 /api/uc.php?time=1385518222&code=81241PBhZEVind8JYu3qV3wOg0Ee3zWX8Xg2VThKu7AcilkRLSOFmN%2BtRCgpYqxOuHy15D%2BAmczXt%2BTMoPL0Di7Xf81b6tRkswhZzaBV%2FPaYnx77Qn2NHLIrV3GnX6Lpw9Aeujlw%2FczN4cWdafhrjORLwtIG7VvIMZ1jxyaxAU5ehSdf2LAi
INFO: [ app_begin ] --START--
INFO: Run ReadHtmlCache Behavior [ RunTime:0.001280s ]
INFO: [ app_begin ] --END-- [ RunTime:0.001375s ]
NOTIC: [8] Constant UC_CLIENT_VERSION already defined D:\wwwroot\mainweb\sdk\api\UcApi\Lib\Action\IndexAction.class.php 第 4 行.
NOTIC: [8] Constant UC_CLIENT_RELEASE already defined D:\wwwroot\mainweb\sdk\api\UcApi\Lib\Action\IndexAction.class.php 第 5 行.
NOTIC: [2048] Only variables should be passed by reference D:\wwwroot\mainweb\sdk\api\UcApi\Lib\Action\IndexAction.class.php 第 63 行.
NOTIC: [8] Constant API_RETURN_FAILED already defined D:\wwwroot\mainweb\sdk\uc_client\model\note.php 第 16 行.
SQL: SHOW COLUMNS FROM `sdk_accounts` [ RunTime:0.002166s ]
SQL: SELECT * FROM `sdk_accounts` WHERE ( `account_id` = 2504 ) LIMIT 1   [ RunTime:0.000606s ]

[ 2013-11-27T10:12:26+08:00 ] 192.168.133.4 /api/uc.php?time=1385518346&code=cb27liKYG2UzuA4krrNTDcPYUsIKA%2BQxbvUAcz5Kj588Sr3LUBE3Fylv%2FQTftUoDRIgc87gVTZIDNW73QQ
INFO: [ app_begin ] --START--
INFO: Run ReadHtmlCache Behavior [ RunTime:0.001035s ]
INFO: [ app_begin ] --END-- [ RunTime:0.001123s ]
NOTIC: [8] Constant UC_CLIENT_VERSION already defined D:\wwwroot\mainweb\sdk\api\UcApi\Lib\Action\IndexAction.class.php 第 4 行.
NOTIC: [8] Constant UC_CLIENT_RELEASE already defined D:\wwwroot\mainweb\sdk\api\UcApi\Lib\Action\IndexAction.class.php 第 5 行.
NOTIC: [2048] Only variables should be passed by reference D:\wwwroot\mainweb\sdk\api\UcApi\Lib\Action\IndexAction.class.php 第 63 行.

[ 2013-11-27T10:15:16+08:00 ] 192.168.179.88 /api/uc.php?time=1385518515&code=4769LuZY8pfAN1EaJSEQY8Oe%2FomssE0ZAiEk0V42w%2FfdwiRf2Xdtheift1qQgB4dShl20aBAmpVl5Sbr74UsxMeGxZZVeYmmF0IRQuyy0yjZs%2B2IltUOptGZfV%2FEyYKbAar0LUkQPRMqqQbdsrZf9xpgZ%2F8lhCfv0RATOQ
INFO: [ app_begin ] --START--
INFO: Run ReadHtmlCache Behavior [ RunTime:0.001036s ]
INFO: [ app_begin ] --END-- [ RunTime:0.001131s ]
NOTIC: [8] Constant UC_CLIENT_VERSION already defined D:\wwwroot\mainweb\sdk\api\UcApi\Lib\Action\IndexAction.class.php 第 4 行.
NOTIC: [8] Constant UC_CLIENT_RELEASE already defined D:\wwwroot\mainweb\sdk\api\UcApi\Lib\Action\IndexAction.class.php 第 5 行.
NOTIC: [2048] Only variables should be passed by reference D:\wwwroot\mainweb\sdk\api\UcApi\Lib\Action\IndexAction.class.php 第 63 行.
NOTIC: [8] Constant API_RETURN_FAILED already defined D:\wwwroot\mainweb\sdk\uc_client\model\note.php 第 16 行.
SQL: SHOW COLUMNS FROM `sdk_accounts` [ RunTime:0.002245s ]
SQL: SELECT * FROM `sdk_accounts` WHERE ( `account_id` = 1054 ) LIMIT 1   [ RunTime:0.000478s ]

[ 2013-11-27T10:23:54+08:00 ] 192.168.163.201 /api/uc.php?time=1385519033&code=4195rw3kGhoZYQzOhWPQ%2BLc4qbdM%2BkKJgNNErLSVYAVo0asi5GRdYhPziw72%2FI8GaQfmyJTHduoM4iB59hIq%2B8Y5WyhmG7HDOsjNoLARI5xq0TeJ0oHh8P6SssxXSjw1HLjfUL1mTWB%2F3ywMnCz6S%2B1txT08gdrvKf9t8CdX0Fhu
INFO: [ app_begin ] --START--
INFO: Run ReadHtmlCache Behavior [ RunTime:0.001037s ]
INFO: [ app_begin ] --END-- [ RunTime:0.001131s ]
NOTIC: [8] Constant UC_CLIENT_VERSION already defined D:\wwwroot\mainweb\sdk\api\UcApi\Lib\Action\IndexAction.class.php 第 4 行.
NOTIC: [8] Constant UC_CLIENT_RELEASE already defined D:\wwwroot\mainweb\sdk\api\UcApi\Lib\Action\IndexAction.class.php 第 5 行.
NOTIC: [2048] Only variables should be passed by reference D:\wwwroot\mainweb\sdk\api\UcApi\Lib\Action\IndexAction.class.php 第 63 行.
NOTIC: [8] Constant API_RETURN_FAILED already defined D:\wwwroot\mainweb\sdk\uc_client\model\note.php 第 16 行.
SQL: SHOW COLUMNS FROM `sdk_accounts` [ RunTime:0.001763s ]
SQL: SELECT * FROM `sdk_accounts` WHERE ( `account_id` = 423 ) LIMIT 1   [ RunTime:0.000364s ]

[ 2013-11-27T10:41:14+08:00 ] 192.168.139.71 /api/uc.php?time=1385520073&code=cb9bIPbxvT9EOT5ik5itwVytlD%2FQKi3z12bShWqvv6RfUaEnyc27Dx3wpcz4U0IP%2FRmXoRFyYyC0HJgyBgOtGrRdtW8r3wmDcYOfiuEGipP4RZl3By5pRW1fwgfbXy4J7YzMlWrQzK19N9UZnIGADPtBwRRWzPDeGPm4j9roP%2Bs
INFO: [ app_begin ] --START--
INFO: Run ReadHtmlCache Behavior [ RunTime:0.001095s ]
INFO: [ app_begin ] --END-- [ RunTime:0.001188s ]
NOTIC: [8] Constant UC_CLIENT_VERSION already defined D:\wwwroot\mainweb\sdk\api\UcApi\Lib\Action\IndexAction.class.php 第 4 行.
NOTIC: [8] Constant UC_CLIENT_RELEASE already defined D:\wwwroot\mainweb\sdk\api\UcApi\Lib\Action\IndexAction.class.php 第 5 行.
NOTIC: [2048] Only variables should be passed by reference D:\wwwroot\mainweb\sdk\api\UcApi\Lib\Action\IndexAction.class.php 第 63 行.
NOTIC: [8] Constant API_RETURN_FAILED already defined D:\wwwroot\mainweb\sdk\uc_client\model\note.php 第 16 行.
SQL: SHOW COLUMNS FROM `sdk_accounts` [ RunTime:0.002107s ]
SQL: SELECT * FROM `sdk_accounts` WHERE ( `account_id` = 2465 ) LIMIT 1   [ RunTime:0.000584s ]

[ 2013-11-27T12:25:25+08:00 ] 192.168.206.47 /api/uc.php?time=1385526324&code=2dbdqWVy%2Bb1kpxWv30J%2FIUazFNvVgMzuXIphFglVyRdeAJEuGP0YshMc9mMmuAqLgKOIKygOlwNG%2B4ql4rbxopfGdUWrUKwDNl44b5unZGvH%2BqOA02VPXQap9BvRD6DrFtkSq70757iHoEiSBhn9XpetxEmX9t7Yq0F9StiqoL4
INFO: [ app_begin ] --START--
INFO: Run ReadHtmlCache Behavior [ RunTime:0.001077s ]
INFO: [ app_begin ] --END-- [ RunTime:0.001168s ]
NOTIC: [8] Constant UC_CLIENT_VERSION already defined D:\wwwroot\mainweb\sdk\api\UcApi\Lib\Action\IndexAction.class.php 第 4 行.
NOTIC: [8] Constant UC_CLIENT_RELEASE already defined D:\wwwroot\mainweb\sdk\api\UcApi\Lib\Action\IndexAction.class.php 第 5 行.
NOTIC: [2048] Only variables should be passed by reference D:\wwwroot\mainweb\sdk\api\UcApi\Lib\Action\IndexAction.class.php 第 63 行.
NOTIC: [8] Constant API_RETURN_FAILED already defined D:\wwwroot\mainweb\sdk\uc_client\model\note.php 第 16 行.
SQL: SHOW COLUMNS FROM `sdk_accounts` [ RunTime:0.002312s ]
SQL: SELECT * FROM `sdk_accounts` WHERE ( `account_id` = 235 ) LIMIT 1   [ RunTime:0.000422s ]

[ 2013-11-27T12:27:10+08:00 ] 192.168.182.194 /api/uc.php?time=1385526430&code=46fa3Yb7mhLv3NLNZlypQ1O6ITMVGNnAQD1BP%2Fe7Dh9COgl8fZHoD5hJSGh9wfXYboa3Jk%2BwCjUaeoYg1b58kZplaVdwfMNoPuRfbAaxtAfmCWbjy60wg9JPTc2dyaoK4apAyZHwD3FMxpDTJWaGC9i1V%2FMt0Ialoj8hx0bCgA
INFO: [ app_begin ] --START--
INFO: Run ReadHtmlCache Behavior [ RunTime:0.001040s ]
INFO: [ app_begin ] --END-- [ RunTime:0.001130s ]
NOTIC: [8] Constant UC_CLIENT_VERSION already defined D:\wwwroot\mainweb\sdk\api\UcApi\Lib\Action\IndexAction.class.php 第 4 行.
NOTIC: [8] Constant UC_CLIENT_RELEASE already defined D:\wwwroot\mainweb\sdk\api\UcApi\Lib\Action\IndexAction.class.php 第 5 行.
NOTIC: [2048] Only variables should be passed by reference D:\wwwroot\mainweb\sdk\api\UcApi\Lib\Action\IndexAction.class.php 第 63 行.
NOTIC: [8] Constant API_RETURN_FAILED already defined D:\wwwroot\mainweb\sdk\uc_client\model\note.php 第 16 行.
SQL: SHOW COLUMNS FROM `sdk_accounts` [ RunTime:0.001958s ]
SQL: SELECT * FROM `sdk_accounts` WHERE ( `account_id` = 1133 ) LIMIT 1   [ RunTime:0.007269s ]

[ 2013-11-27T13:12:25+08:00 ] 192.168.137.88 /api/uc.php?time=1385529142&code=a8b57DsnINintja3hNMe4UvUkCU1ADbX2PhPc%2FNaPgcYJlq2fMkw%2BpXFMqjhUZ0O3qbexF2XpDs%2Fu3ExM4qs9k%2FhwiczsAsNis8bWvaDBikVskKFrMr4UH3WqMrmg%2F08yn6lN30mGatqTHTVngZRb%2B%2BjyNEIloNiSYDy8RMp
INFO: [ app_begin ] --START--
INFO: Run ReadHtmlCache Behavior [ RunTime:0.001040s ]
INFO: [ app_begin ] --END-- [ RunTime:0.001130s ]
NOTIC: [8] Constant UC_CLIENT_VERSION already defined D:\wwwroot\mainweb\sdk\api\UcApi\Lib\Action\IndexAction.class.php 第 4 行.
NOTIC: [8] Constant UC_CLIENT_RELEASE already defined D:\wwwroot\mainweb\sdk\api\UcApi\Lib\Action\IndexAction.class.php 第 5 行.
NOTIC: [2048] Only variables should be passed by reference D:\wwwroot\mainweb\sdk\api\UcApi\Lib\Action\IndexAction.class.php 第 63 行.
NOTIC: [8] Constant API_RETURN_FAILED already defined D:\wwwroot\mainweb\sdk\uc_client\model\note.php 第 16 行.
SQL: SHOW COLUMNS FROM `sdk_accounts` [ RunTime:0.002408s ]
SQL: SELECT * FROM `sdk_accounts` WHERE ( `account_id` = 1389 ) LIMIT 1   [ RunTime:0.000493s ]

[ 2013-11-27T13:12:47+08:00 ] 192.168.137.88 /api/uc.php?time=1385529167&code=2092yn1E09biB5amf1RND0HHfLSIvYf2Z2IOhAybRaBamTJMbdHIQEGYqoLrcZAS0%2Bmk3qhO7ozFOo6JUJnsGyCp5Bd4PC9EY%2FDRyE60h6zZYTZUcizgZlLd1%2BsSXbRKpPdkW5ArtV3nklq8ikC2XURqP1sjnDXNfqmEYq%2Bm
INFO: [ app_begin ] --START--
INFO: Run ReadHtmlCache Behavior [ RunTime:0.000598s ]
INFO: [ app_begin ] --END-- [ RunTime:0.000693s ]
NOTIC: [8] Constant UC_CLIENT_VERSION already defined D:\wwwroot\mainweb\sdk\api\UcApi\Lib\Action\IndexAction.class.php 第 4 行.
NOTIC: [8] Constant UC_CLIENT_RELEASE already defined D:\wwwroot\mainweb\sdk\api\UcApi\Lib\Action\IndexAction.class.php 第 5 行.
NOTIC: [2048] Only variables should be passed by reference D:\wwwroot\mainweb\sdk\api\UcApi\Lib\Action\IndexAction.class.php 第 63 行.
NOTIC: [8] Constant API_RETURN_FAILED already defined D:\wwwroot\mainweb\sdk\uc_client\model\note.php 第 16 行.
SQL: SHOW COLUMNS FROM `sdk_accounts` [ RunTime:0.002159s ]
SQL: SELECT * FROM `sdk_accounts` WHERE ( `account_id` = 1389 ) LIMIT 1   [ RunTime:0.000400s ]

[ 2013-11-27T13:41:39+08:00 ] 192.168.138.215 /api/uc.php?time=1385530899&code=a560JswNOeIq4ppw0fkjg2dQDLR9Ih%2Be4TSaEL11ZEAHPY4btxBjHesqW%2FBkHFdZJqJnyvcGIC0KPNvNpNPKQ7LlplPJd7gyygee2pJq7PeTRe62Mt64ClEuPLdccqh9U%2B3mwpskQ6g4%2BT8H4tgCcev3XZoNDPknu1zoSg
INFO: [ app_begin ] --START--
INFO: Run ReadHtmlCache Behavior [ RunTime:0.001119s ]
INFO: [ app_begin ] --END-- [ RunTime:0.001212s ]
NOTIC: [8] Constant UC_CLIENT_VERSION already defined D:\wwwroot\mainweb\sdk\api\UcApi\Lib\Action\IndexAction.class.php 第 4 行.
NOTIC: [8] Constant UC_CLIENT_RELEASE already defined D:\wwwroot\mainweb\sdk\api\UcApi\Lib\Action\IndexAction.class.php 第 5 行.
NOTIC: [2048] Only variables should be passed by reference D:\wwwroot\mainweb\sdk\api\UcApi\Lib\Action\IndexAction.class.php 第 63 行.
NOTIC: [8] Constant API_RETURN_FAILED already defined D:\wwwroot\mainweb\sdk\uc_client\model\note.php 第 16 行.
SQL: SHOW COLUMNS FROM `sdk_accounts` [ RunTime:0.002190s ]
SQL: SELECT * FROM `sdk_accounts` WHERE ( `account_id` = 1509 ) LIMIT 1   [ RunTime:0.013730s ]

[ 2013-11-27T13:50:28+08:00 ] 192.168.200.133 /api/uc.php?time=1385531428&code=1b49LFLvfa%2FF7kUxEFTjQDbAnHAXY7K8G2ZAuum6%2FL3cvDxhqO0SZ2ArEuBD1wCd7UTpYAG99KG3MWp9qOshjRvPvA2qQdnYG8xmfChDfUh%2FBmW7f1gm8Vn87%2BMZtJuAQjGHzCwLYwXXiMG7zb%2FWGT1DwqaFvx8BQ85Z1OKqmC03jIq8Lg
INFO: [ app_begin ] --START--
INFO: Run ReadHtmlCache Behavior [ RunTime:0.001084s ]
INFO: [ app_begin ] --END-- [ RunTime:0.001174s ]
NOTIC: [8] Constant UC_CLIENT_VERSION already defined D:\wwwroot\mainweb\sdk\api\UcApi\Lib\Action\IndexAction.class.php 第 4 行.
NOTIC: [8] Constant UC_CLIENT_RELEASE already defined D:\wwwroot\mainweb\sdk\api\UcApi\Lib\Action\IndexAction.class.php 第 5 行.
NOTIC: [2048] Only variables should be passed by reference D:\wwwroot\mainweb\sdk\api\UcApi\Lib\Action\IndexAction.class.php 第 63 行.
NOTIC: [8] Constant API_RETURN_FAILED already defined D:\wwwroot\mainweb\sdk\uc_client\model\note.php 第 16 行.
SQL: SHOW COLUMNS FROM `sdk_accounts` [ RunTime:0.002370s ]
SQL: SELECT * FROM `sdk_accounts` WHERE ( `account_id` = 2389 ) LIMIT 1   [ RunTime:0.011186s ]

[ 2013-11-27T14:03:12+08:00 ] 192.168.200.84 /api/uc.php?time=1385532192&code=095bHJPrAe9qAlADEXsYj8%2FwZD78ti8EY2Q19iPIDAvvM%2BXXshV8BFn59SiiMk0EN5qRues8DySfPuqcF3PzdCVXn9wNW067%2FsCP1%2FYtNdcp3kKxYzg%2B7Er%2BWVB9m5GMPG6rcPaDquERonPz1%2Ba6WSCrStZsrhl0sk%2BFFQfrv7v9
INFO: [ app_begin ] --START--
INFO: Run ReadHtmlCache Behavior [ RunTime:0.000735s ]
INFO: [ app_begin ] --END-- [ RunTime:0.000824s ]
NOTIC: [8] Constant UC_CLIENT_VERSION already defined D:\wwwroot\mainweb\sdk\api\UcApi\Lib\Action\IndexAction.class.php 第 4 行.
NOTIC: [8] Constant UC_CLIENT_RELEASE already defined D:\wwwroot\mainweb\sdk\api\UcApi\Lib\Action\IndexAction.class.php 第 5 行.
NOTIC: [2048] Only variables should be passed by reference D:\wwwroot\mainweb\sdk\api\UcApi\Lib\Action\IndexAction.class.php 第 63 行.
NOTIC: [8] Constant API_RETURN_FAILED already defined D:\wwwroot\mainweb\sdk\uc_client\model\note.php 第 16 行.
SQL: SHOW COLUMNS FROM `sdk_accounts` [ RunTime:0.001843s ]
SQL: SELECT * FROM `sdk_accounts` WHERE ( `account_id` = 1639 ) LIMIT 1   [ RunTime:0.000339s ]

[ 2013-11-27T14:03:28+08:00 ] 192.168.163.204 /api/uc.php?time=1385532208&code=1f6fksKJdtUUebMTC7jmuvoDsFkOQpG526SPfOnwKoQvDV5HbrdkaWJ6tWEqjNYT3NIvOn4AMnuPgZ48xothQOsXlZxVm99634lYsMQehB0nECbeMlKD1z9KV8HQY7B7wDG3Y9G1yy4QR6MYYybF%2BQYNDmgrhycHWPs4Cui575kFug
INFO: [ app_begin ] --START--
INFO: Run ReadHtmlCache Behavior [ RunTime:0.000924s ]
INFO: [ app_begin ] --END-- [ RunTime:0.001014s ]
NOTIC: [8] Constant UC_CLIENT_VERSION already defined D:\wwwroot\mainweb\sdk\api\UcApi\Lib\Action\IndexAction.class.php 第 4 行.
NOTIC: [8] Constant UC_CLIENT_RELEASE already defined D:\wwwroot\mainweb\sdk\api\UcApi\Lib\Action\IndexAction.class.php 第 5 行.
NOTIC: [2048] Only variables should be passed by reference D:\wwwroot\mainweb\sdk\api\UcApi\Lib\Action\IndexAction.class.php 第 63 行.
NOTIC: [8] Constant API_RETURN_FAILED already defined D:\wwwroot\mainweb\sdk\uc_client\model\note.php 第 16 行.
SQL: SHOW COLUMNS FROM `sdk_accounts` [ RunTime:0.001931s ]
SQL: SELECT * FROM `sdk_accounts` WHERE ( `account_id` = 1566 ) LIMIT 1   [ RunTime:0.000514s ]

[ 2013-11-27T15:13:36+08:00 ] 202.116.192.50 /api/uc.php?code=41a7KfcDD3k%2Fd8o1USmKfXeIU0KxPXokxRXXYTtiGwK1Qf%2BFAgSZWJGyATBKles0w3a%2By8zB5NQ
INFO: [ app_begin ] --START--
INFO: Run ReadHtmlCache Behavior [ RunTime:0.001022s ]
INFO: [ app_begin ] --END-- [ RunTime:0.001114s ]
NOTIC: [8] Constant UC_CLIENT_VERSION already defined D:\wwwroot\mainweb\sdk\api\UcApi\Lib\Action\IndexAction.class.php 第 4 行.
NOTIC: [8] Constant UC_CLIENT_RELEASE already defined D:\wwwroot\mainweb\sdk\api\UcApi\Lib\Action\IndexAction.class.php 第 5 行.
NOTIC: [2048] Only variables should be passed by reference D:\wwwroot\mainweb\sdk\api\UcApi\Lib\Action\IndexAction.class.php 第 63 行.

[ 2013-11-27T15:50:53+08:00 ] 192.168.141.26 /api/uc.php?time=1385538653&code=dff6%2B8YPlMCjldAk2NSigT7VPvaCh8L%2BAW6ZB6anyzB%2B7nzmbwzxiiGFnJq7j1tWcoS64EFsknP8b%2BgJGJNY%2F9niEfSBCms8OrIs2ZP6vFTWYdcOjvboNBhr86xUD8Ri%2BiEFUF2q%2BbNjzAlpJ1%2F5e%2F5y5RHXK58k5y1yypk
INFO: [ app_begin ] --START--
INFO: Run ReadHtmlCache Behavior [ RunTime:0.001082s ]
INFO: [ app_begin ] --END-- [ RunTime:0.001175s ]
NOTIC: [8] Constant UC_CLIENT_VERSION already defined D:\wwwroot\mainweb\sdk\api\UcApi\Lib\Action\IndexAction.class.php 第 4 行.
NOTIC: [8] Constant UC_CLIENT_RELEASE already defined D:\wwwroot\mainweb\sdk\api\UcApi\Lib\Action\IndexAction.class.php 第 5 行.
NOTIC: [2048] Only variables should be passed by reference D:\wwwroot\mainweb\sdk\api\UcApi\Lib\Action\IndexAction.class.php 第 63 行.
NOTIC: [8] Constant API_RETURN_FAILED already defined D:\wwwroot\mainweb\sdk\uc_client\model\note.php 第 16 行.
SQL: SHOW COLUMNS FROM `sdk_accounts` [ RunTime:0.002116s ]
SQL: SELECT * FROM `sdk_accounts` WHERE ( `account_id` = 783 ) LIMIT 1   [ RunTime:0.000439s ]

[ 2013-11-27T16:57:47+08:00 ] 192.168.205.43 /api/uc.php?time=1385542666&code=9ceaWadTD6q%2BDw2ejge6O2pEg1FahSfUVpUH1bg%2BGPdnGWs%2BUpp6euX4iGqJFNpo%2Ft5Lebg%2BPwnRVg7gFxNUFVJ4DmiFio7oD3GvAO7%2BomJdAkzVmGNcmWCQUAWT%2B2PsP4LZiM2Egg0m6eKjm7vKEstf0h4PcnP4AxeILE1BWMWPCA
INFO: [ app_begin ] --START--
INFO: Run ReadHtmlCache Behavior [ RunTime:0.001155s ]
INFO: [ app_begin ] --END-- [ RunTime:0.001245s ]
NOTIC: [8] Constant UC_CLIENT_VERSION already defined D:\wwwroot\mainweb\sdk\api\UcApi\Lib\Action\IndexAction.class.php 第 4 行.
NOTIC: [8] Constant UC_CLIENT_RELEASE already defined D:\wwwroot\mainweb\sdk\api\UcApi\Lib\Action\IndexAction.class.php 第 5 行.
NOTIC: [2048] Only variables should be passed by reference D:\wwwroot\mainweb\sdk\api\UcApi\Lib\Action\IndexAction.class.php 第 63 行.
NOTIC: [8] Constant API_RETURN_FAILED already defined D:\wwwroot\mainweb\sdk\uc_client\model\note.php 第 16 行.
SQL: SHOW COLUMNS FROM `sdk_accounts` [ RunTime:0.002114s ]
SQL: SELECT * FROM `sdk_accounts` WHERE ( `account_id` = 1758 ) LIMIT 1   [ RunTime:0.000500s ]

[ 2013-11-27T17:15:11+08:00 ] 192.168.171.199 /api/uc.php?time=1385543711&code=3092uZ6O2TLmtSM2vRGA0FNytGzEeoZOUW7CvSJrrp8L0wdjgssoxFRefS82bqvKWzPbf6cggMg64hSyIl4FgU%2FbWeuk9UJDrwHYWHlxLtZIeHrqc21BXypluslq%2BguUPnvPCQDQsB%2FQjLIU8B%2Ba7PTsgkm0cvwqt%2Ble%2BWXf%2Fg
INFO: [ app_begin ] --START--
INFO: Run ReadHtmlCache Behavior [ RunTime:0.001094s ]
INFO: [ app_begin ] --END-- [ RunTime:0.001182s ]
NOTIC: [8] Constant UC_CLIENT_VERSION already defined D:\wwwroot\mainweb\sdk\api\UcApi\Lib\Action\IndexAction.class.php 第 4 行.
NOTIC: [8] Constant UC_CLIENT_RELEASE already defined D:\wwwroot\mainweb\sdk\api\UcApi\Lib\Action\IndexAction.class.php 第 5 行.
NOTIC: [2048] Only variables should be passed by reference D:\wwwroot\mainweb\sdk\api\UcApi\Lib\Action\IndexAction.class.php 第 63 行.
NOTIC: [8] Constant API_RETURN_FAILED already defined D:\wwwroot\mainweb\sdk\uc_client\model\note.php 第 16 行.
SQL: SHOW COLUMNS FROM `sdk_accounts` [ RunTime:0.002033s ]
SQL: SELECT * FROM `sdk_accounts` WHERE ( `account_id` = 2471 ) LIMIT 1   [ RunTime:0.000194s ]

[ 2013-11-27T17:51:07+08:00 ] 192.168.141.19 /api/uc.php?time=1385545866&code=d7df9hSPUkRiMj8etKuT%2FS4TMpNcWm4Iy9jTwPskU%2FcM72YLIpcEjZiMcYfuzjV6LChhjFTXV%2BucNhU%2BKh3wMASlkAIE9jnmjql9i9s84gLE9AKELyG9NxUYMkrc4bk54OzVrnaMZhELfg5dz%2FPGkUW%2F%2Bnr1z4E6XzpLcnSrzw
INFO: [ app_begin ] --START--
INFO: Run ReadHtmlCache Behavior [ RunTime:0.001062s ]
INFO: [ app_begin ] --END-- [ RunTime:0.001153s ]
NOTIC: [8] Constant UC_CLIENT_VERSION already defined D:\wwwroot\mainweb\sdk\api\UcApi\Lib\Action\IndexAction.class.php 第 4 行.
NOTIC: [8] Constant UC_CLIENT_RELEASE already defined D:\wwwroot\mainweb\sdk\api\UcApi\Lib\Action\IndexAction.class.php 第 5 行.
NOTIC: [2048] Only variables should be passed by reference D:\wwwroot\mainweb\sdk\api\UcApi\Lib\Action\IndexAction.class.php 第 63 行.
NOTIC: [8] Constant API_RETURN_FAILED already defined D:\wwwroot\mainweb\sdk\uc_client\model\note.php 第 16 行.
SQL: SHOW COLUMNS FROM `sdk_accounts` [ RunTime:0.002288s ]
SQL: SELECT * FROM `sdk_accounts` WHERE ( `account_id` = 2571 ) LIMIT 1   [ RunTime:0.000571s ]

[ 2013-11-27T18:31:00+08:00 ] 192.168.200.195 /api/uc.php?time=1385548259&code=2a8a%2F6bjlWzWz4AYIJ8cslCw6M0AmP48WBOcmgut2Ke9NyD2%2F3CPa%2FQ4%2BxibqmfZKtC2DpRNo7%2BAf6TlWlhgt0bkCkHfgomfRTnAj7OiMNjovkqfgppOVUGDREeSBh98K3hchtGNZ1CLxGD7rbdXbiTg2fWEejxwH4dcEQPQUOU
INFO: [ app_begin ] --START--
INFO: Run ReadHtmlCache Behavior [ RunTime:0.001035s ]
INFO: [ app_begin ] --END-- [ RunTime:0.001125s ]
NOTIC: [8] Constant UC_CLIENT_VERSION already defined D:\wwwroot\mainweb\sdk\api\UcApi\Lib\Action\IndexAction.class.php 第 4 行.
NOTIC: [8] Constant UC_CLIENT_RELEASE already defined D:\wwwroot\mainweb\sdk\api\UcApi\Lib\Action\IndexAction.class.php 第 5 行.
NOTIC: [2048] Only variables should be passed by reference D:\wwwroot\mainweb\sdk\api\UcApi\Lib\Action\IndexAction.class.php 第 63 行.
NOTIC: [8] Constant API_RETURN_FAILED already defined D:\wwwroot\mainweb\sdk\uc_client\model\note.php 第 16 行.
SQL: SHOW COLUMNS FROM `sdk_accounts` [ RunTime:0.002369s ]
SQL: SELECT * FROM `sdk_accounts` WHERE ( `account_id` = 1797 ) LIMIT 1   [ RunTime:0.018166s ]

[ 2013-11-27T19:01:28+08:00 ] 192.168.230.202 /api/uc.php?time=1385550088&code=3930Tvm6HULTEIdquyd3rZI4yZf1AZKs8zAvVR3YmwJXS8lgunpnkgXioHbdwNRZJwfCLj5C9UWQHhOY%2Bbx%2F5v7UZPObCIGF82iKZJnSojFG%2FDmOPnVZFY0Vx4DE7%2BwXavBGwu2hACD5u6nqce8HLQ7kFOY%2FLhdPWRlLzNQGQvU
INFO: [ app_begin ] --START--
INFO: Run ReadHtmlCache Behavior [ RunTime:0.001194s ]
INFO: [ app_begin ] --END-- [ RunTime:0.001288s ]
NOTIC: [8] Constant UC_CLIENT_VERSION already defined D:\wwwroot\mainweb\sdk\api\UcApi\Lib\Action\IndexAction.class.php 第 4 行.
NOTIC: [8] Constant UC_CLIENT_RELEASE already defined D:\wwwroot\mainweb\sdk\api\UcApi\Lib\Action\IndexAction.class.php 第 5 行.
NOTIC: [2048] Only variables should be passed by reference D:\wwwroot\mainweb\sdk\api\UcApi\Lib\Action\IndexAction.class.php 第 63 行.
NOTIC: [8] Constant API_RETURN_FAILED already defined D:\wwwroot\mainweb\sdk\uc_client\model\note.php 第 16 行.
SQL: SHOW COLUMNS FROM `sdk_accounts` [ RunTime:0.002140s ]
SQL: SELECT * FROM `sdk_accounts` WHERE ( `account_id` = 2462 ) LIMIT 1   [ RunTime:0.000649s ]

[ 2013-11-27T19:20:54+08:00 ] 192.168.171.28 /api/uc.php?time=1385551253&code=1fc13tet7mZwbWYfBKTg5meWGeeukYnWNISu98MvoSQEq7mEf0tC0fx3AtyGRN1Hdjnl5O6uHNeBwarNhjprvX2oF%2BlLNbJZGpuRZvQ2HClN4AqmmgDwP0svFu1K8KclV8AHnJqENUFoP1u9muLA0A9roHXnTiGpM6wrGT9jv70q2w
INFO: [ app_begin ] --START--
INFO: Run ReadHtmlCache Behavior [ RunTime:0.001036s ]
INFO: [ app_begin ] --END-- [ RunTime:0.001128s ]
NOTIC: [8] Constant UC_CLIENT_VERSION already defined D:\wwwroot\mainweb\sdk\api\UcApi\Lib\Action\IndexAction.class.php 第 4 行.
NOTIC: [8] Constant UC_CLIENT_RELEASE already defined D:\wwwroot\mainweb\sdk\api\UcApi\Lib\Action\IndexAction.class.php 第 5 行.
NOTIC: [2048] Only variables should be passed by reference D:\wwwroot\mainweb\sdk\api\UcApi\Lib\Action\IndexAction.class.php 第 63 行.
NOTIC: [8] Constant API_RETURN_FAILED already defined D:\wwwroot\mainweb\sdk\uc_client\model\note.php 第 16 行.
SQL: SHOW COLUMNS FROM `sdk_accounts` [ RunTime:0.002143s ]
SQL: SELECT * FROM `sdk_accounts` WHERE ( `account_id` = 2396 ) LIMIT 1   [ RunTime:0.000488s ]

[ 2013-11-27T20:43:48+08:00 ] 192.168.138.134 /api/uc.php?time=1385556228&code=33389JWZhBWr%2BLdv6syiSfgKJkMdgSuuE5EjxostedbzgnywnufEBFOwetr2zULqtx0xQ6w3N0p4ByTYoX0uJSvBG%2FA8zvtYBS2GGgajgrksPImP1JEMay3Wr7wSC6zchLM8LDGCZavFfIfAPKDp%2BgGcoG0SL9WjN9TjGtr4
INFO: [ app_begin ] --START--
INFO: Run ReadHtmlCache Behavior [ RunTime:0.001044s ]
INFO: [ app_begin ] --END-- [ RunTime:0.001135s ]
NOTIC: [8] Constant UC_CLIENT_VERSION already defined D:\wwwroot\mainweb\sdk\api\UcApi\Lib\Action\IndexAction.class.php 第 4 行.
NOTIC: [8] Constant UC_CLIENT_RELEASE already defined D:\wwwroot\mainweb\sdk\api\UcApi\Lib\Action\IndexAction.class.php 第 5 行.
NOTIC: [2048] Only variables should be passed by reference D:\wwwroot\mainweb\sdk\api\UcApi\Lib\Action\IndexAction.class.php 第 63 行.
NOTIC: [8] Constant API_RETURN_FAILED already defined D:\wwwroot\mainweb\sdk\uc_client\model\note.php 第 16 行.
SQL: SHOW COLUMNS FROM `sdk_accounts` [ RunTime:0.002176s ]
SQL: SELECT * FROM `sdk_accounts` WHERE ( `account_id` = 1942 ) LIMIT 1   [ RunTime:0.012731s ]

[ 2013-11-27T22:17:21+08:00 ] 14.147.51.144 /api/uc.php?time=1385561840&code=8dbcKvWRJHA1%2FmCJh2MCtwc8FVMOzph53vH4Shn9ZyQxEMNjGtU8tclgUXw7zNKmWQW%2BHQObSPvQxrRDLfjNktL4V%2FGXTNbidqV%2BW8f8pwCGe4V2SPVBwB9wo9PnDdWFgfUTU9oNrFmPXC%2Fs%2BT6fMkBoiYaqvysUgEyuK1bYxxpH
INFO: [ app_begin ] --START--
INFO: Run ReadHtmlCache Behavior [ RunTime:0.001047s ]
INFO: [ app_begin ] --END-- [ RunTime:0.001140s ]
NOTIC: [8] Constant UC_CLIENT_VERSION already defined D:\wwwroot\mainweb\sdk\api\UcApi\Lib\Action\IndexAction.class.php 第 4 行.
NOTIC: [8] Constant UC_CLIENT_RELEASE already defined D:\wwwroot\mainweb\sdk\api\UcApi\Lib\Action\IndexAction.class.php 第 5 行.
NOTIC: [2048] Only variables should be passed by reference D:\wwwroot\mainweb\sdk\api\UcApi\Lib\Action\IndexAction.class.php 第 63 行.
NOTIC: [8] Constant API_RETURN_FAILED already defined D:\wwwroot\mainweb\sdk\uc_client\model\note.php 第 16 行.
SQL: SHOW COLUMNS FROM `sdk_accounts` [ RunTime:0.020373s ]
SQL: SELECT * FROM `sdk_accounts` WHERE ( `account_id` = 411 ) LIMIT 1   [ RunTime:0.000430s ]

[ 2013-11-27T22:17:24+08:00 ] 192.168.140.212 /api/uc.php?time=1385561843&code=ead6c4tO%2FfrDH1Nv%2B4mbj7oaJONcktmTX9MsTExjxdBsmWpIVVld6FNznDNbKF%2FAG01Q6R3B%2B4impN8ivZp%2FNDRIbal5%2ByLOE5eb8bfYZ3f0IH7dPpG1P4vINvsU1zQHr76GdgDwB33wNql9ii3%2Fhrx7gYRmye1PEvj2KMY
INFO: [ app_begin ] --START--
INFO: Run ReadHtmlCache Behavior [ RunTime:0.001045s ]
INFO: [ app_begin ] --END-- [ RunTime:0.001139s ]
NOTIC: [8] Constant UC_CLIENT_VERSION already defined D:\wwwroot\mainweb\sdk\api\UcApi\Lib\Action\IndexAction.class.php 第 4 行.
NOTIC: [8] Constant UC_CLIENT_RELEASE already defined D:\wwwroot\mainweb\sdk\api\UcApi\Lib\Action\IndexAction.class.php 第 5 行.
NOTIC: [2048] Only variables should be passed by reference D:\wwwroot\mainweb\sdk\api\UcApi\Lib\Action\IndexAction.class.php 第 63 行.
NOTIC: [8] Constant API_RETURN_FAILED already defined D:\wwwroot\mainweb\sdk\uc_client\model\note.php 第 16 行.
SQL: SHOW COLUMNS FROM `sdk_accounts` [ RunTime:0.002114s ]
SQL: SELECT * FROM `sdk_accounts` WHERE ( `account_id` = 680 ) LIMIT 1   [ RunTime:0.000570s ]

[ 2013-11-27T22:46:49+08:00 ] 192.168.187.240 /api/uc.php?time=1385563607&code=d5aeWoPTi%2FsznKRKMpHtUgnLI%2F3RM4RyX4IpnAyEmaSKSCI%2FQuSOOP%2FcsKciKJfleZh6wk6NAgk4vfn2xPV5cGsE2hsv4yxcD94BoFY1PWfwNyeOeYmKPRMy0v3W03goYml5UL88cfbpyq4t8482JQEkGL1u0FfVfhgdmwta%2B20C
INFO: [ app_begin ] --START--
INFO: Run ReadHtmlCache Behavior [ RunTime:0.001043s ]
INFO: [ app_begin ] --END-- [ RunTime:0.001135s ]
NOTIC: [8] Constant UC_CLIENT_VERSION already defined D:\wwwroot\mainweb\sdk\api\UcApi\Lib\Action\IndexAction.class.php 第 4 行.
NOTIC: [8] Constant UC_CLIENT_RELEASE already defined D:\wwwroot\mainweb\sdk\api\UcApi\Lib\Action\IndexAction.class.php 第 5 行.
NOTIC: [2048] Only variables should be passed by reference D:\wwwroot\mainweb\sdk\api\UcApi\Lib\Action\IndexAction.class.php 第 63 行.
NOTIC: [8] Constant API_RETURN_FAILED already defined D:\wwwroot\mainweb\sdk\uc_client\model\note.php 第 16 行.
SQL: SHOW COLUMNS FROM `sdk_accounts` [ RunTime:0.017467s ]
SQL: SELECT * FROM `sdk_accounts` WHERE ( `account_id` = 2544 ) LIMIT 1   [ RunTime:0.000595s ]

[ 2013-11-27T23:17:18+08:00 ] 192.168.166.24 /api/uc.php?time=1385565438&code=e150BethxNAp7EhWfisoyVr1KN%2Bn93ISYWWD1f3wbWGfVSk07bnEsIJwxi9ERZjKEC5K%2Bky00psVORqJxSmEVrx87XOvLyvT7oDaUkMQjSRx92jKOLeBY98%2BMQZeurQuZMG1M5DmYFHH0wWV6yYEHw7avBoPD4XLuZDkqe9J3g
INFO: [ app_begin ] --START--
INFO: Run ReadHtmlCache Behavior [ RunTime:0.000994s ]
INFO: [ app_begin ] --END-- [ RunTime:0.001083s ]
NOTIC: [8] Constant UC_CLIENT_VERSION already defined D:\wwwroot\mainweb\sdk\api\UcApi\Lib\Action\IndexAction.class.php 第 4 行.
NOTIC: [8] Constant UC_CLIENT_RELEASE already defined D:\wwwroot\mainweb\sdk\api\UcApi\Lib\Action\IndexAction.class.php 第 5 行.
NOTIC: [2048] Only variables should be passed by reference D:\wwwroot\mainweb\sdk\api\UcApi\Lib\Action\IndexAction.class.php 第 63 行.
NOTIC: [8] Constant API_RETURN_FAILED already defined D:\wwwroot\mainweb\sdk\uc_client\model\note.php 第 16 行.
SQL: SHOW COLUMNS FROM `sdk_accounts` [ RunTime:0.002220s ]
SQL: SELECT * FROM `sdk_accounts` WHERE ( `account_id` = 2240 ) LIMIT 1   [ RunTime:0.000446s ]

[ 2013-11-27T23:19:57+08:00 ] 192.168.184.156 /api/uc.php?time=1385565597&code=9174olLbw7XNLXYa6DOKdR2rkltL6vAo%2FzKcJi8qTUr%2BlAOl3zK10HvwTSzHc8pGrH6xd1gXcObZfhB3%2Ff9BYzPm7lQi6uh%2BkfRS6vIJuE8D25JE66H94ncqBHPTVACeWGCB3YHLv3%2FSunHeVQO3xACCnao07AH9ObiJUDk9
INFO: [ app_begin ] --START--
INFO: Run ReadHtmlCache Behavior [ RunTime:0.001037s ]
INFO: [ app_begin ] --END-- [ RunTime:0.001131s ]
NOTIC: [8] Constant UC_CLIENT_VERSION already defined D:\wwwroot\mainweb\sdk\api\UcApi\Lib\Action\IndexAction.class.php 第 4 行.
NOTIC: [8] Constant UC_CLIENT_RELEASE already defined D:\wwwroot\mainweb\sdk\api\UcApi\Lib\Action\IndexAction.class.php 第 5 行.
NOTIC: [2048] Only variables should be passed by reference D:\wwwroot\mainweb\sdk\api\UcApi\Lib\Action\IndexAction.class.php 第 63 行.
NOTIC: [8] Constant API_RETURN_FAILED already defined D:\wwwroot\mainweb\sdk\uc_client\model\note.php 第 16 行.
SQL: SHOW COLUMNS FROM `sdk_accounts` [ RunTime:0.002098s ]
SQL: SELECT * FROM `sdk_accounts` WHERE ( `account_id` = 1709 ) LIMIT 1   [ RunTime:0.000520s ]

