[ 2013-10-18T08:14:48+08:00 ] 192.168.154.224 /api/uc.php?time=1382055287&code=4f16YjdCrr0HaeUYUbB7tErXmljYB2jOjuNwsKiWOdG5cscy2bei1w1U9PPRC8A9nzs%2BnH8jlfpQRNo8zLbqHnFqmO0ttjebXQR%2BymfGh2yxviurMoGgsyVcvp4fIsW2FqfKp6nvg2GDWiths3BHMsWcmsBCiDy954EEhrrDo%2Bs
INFO: [ app_begin ] --START--
INFO: Run ReadHtmlCache Behavior [ RunTime:0.001053s ]
INFO: [ app_begin ] --END-- [ RunTime:0.001155s ]
NOTIC: [8] Constant UC_CLIENT_VERSION already defined D:\wwwroot\mainweb\sdk\api\UcApi\Lib\Action\IndexAction.class.php 第 4 行.
NOTIC: [8] Constant UC_CLIENT_RELEASE already defined D:\wwwroot\mainweb\sdk\api\UcApi\Lib\Action\IndexAction.class.php 第 5 行.
NOTIC: [2048] Only variables should be passed by reference D:\wwwroot\mainweb\sdk\api\UcApi\Lib\Action\IndexAction.class.php 第 63 行.
NOTIC: [8] Constant API_RETURN_FAILED already defined D:\wwwroot\mainweb\sdk\uc_client\model\note.php 第 16 行.
SQL: SHOW COLUMNS FROM `sdk_accounts` [ RunTime:0.002490s ]
SQL: SELECT * FROM `sdk_accounts` WHERE ( `account_id` = 2034 ) LIMIT 1   [ RunTime:0.000611s ]

[ 2013-10-18T08:18:08+08:00 ] 192.168.186.154 /api/uc.php?time=1382055488&code=3febyxgHkxKit4p3D2CVgiWH6YbpJ7kS2pyd3jdmxrwf3wSbVk%2B3jnryj%2BfPFjSxW7RH3%2BwzXJ9p%2BZxIIIipMIWiG9PwW32oB9E9bKWebGI02%2BpvgHe8g14J8O08IYkhq%2BQDdMpcR4DWmxFqcEuF5djW6JRX16yhb6H1oReq
INFO: [ app_begin ] --START--
INFO: Run ReadHtmlCache Behavior [ RunTime:0.001030s ]
INFO: [ app_begin ] --END-- [ RunTime:0.001123s ]
NOTIC: [8] Constant UC_CLIENT_VERSION already defined D:\wwwroot\mainweb\sdk\api\UcApi\Lib\Action\IndexAction.class.php 第 4 行.
NOTIC: [8] Constant UC_CLIENT_RELEASE already defined D:\wwwroot\mainweb\sdk\api\UcApi\Lib\Action\IndexAction.class.php 第 5 行.
NOTIC: [2048] Only variables should be passed by reference D:\wwwroot\mainweb\sdk\api\UcApi\Lib\Action\IndexAction.class.php 第 63 行.
NOTIC: [8] Constant API_RETURN_FAILED already defined D:\wwwroot\mainweb\sdk\uc_client\model\note.php 第 16 行.
SQL: SHOW COLUMNS FROM `sdk_accounts` [ RunTime:0.002158s ]
SQL: SELECT * FROM `sdk_accounts` WHERE ( `account_id` = 2518 ) LIMIT 1   [ RunTime:0.000575s ]
SQL: INSERT INTO `sdk_accounts` (`account_id`,`user_name`,`email`,`password`,`reg_time`) VALUES (2518,'q7295','729593719@qq.com','9c924a806eebe6380fb3e5e018f1ab2074ba13db',1382055488) [ RunTime:0.001386s ]

[ 2013-10-18T08:18:29+08:00 ] 192.168.186.154 /api/uc.php?time=1382055509&code=46e8gBL7RQOwDlVgvfbdbVAnHCOMdYo3TTEr915DxsXbQCQN4jmlMYVC%2FTQpFF%2Fp5%2FRNLeONFP6KgILc4Z92ErOnS3qKRgfqSsjQQCnnqJG9gx7bfs7QFzpWhbh%2F%2FirSQL6fBrpIt%2BD1UvmWGbKSAWu3Ag8n7zahA%2B%2BNefbM
INFO: [ app_begin ] --START--
INFO: Run ReadHtmlCache Behavior [ RunTime:0.001033s ]
INFO: [ app_begin ] --END-- [ RunTime:0.001126s ]
NOTIC: [8] Constant UC_CLIENT_VERSION already defined D:\wwwroot\mainweb\sdk\api\UcApi\Lib\Action\IndexAction.class.php 第 4 行.
NOTIC: [8] Constant UC_CLIENT_RELEASE already defined D:\wwwroot\mainweb\sdk\api\UcApi\Lib\Action\IndexAction.class.php 第 5 行.
NOTIC: [2048] Only variables should be passed by reference D:\wwwroot\mainweb\sdk\api\UcApi\Lib\Action\IndexAction.class.php 第 63 行.
NOTIC: [8] Constant API_RETURN_FAILED already defined D:\wwwroot\mainweb\sdk\uc_client\model\note.php 第 16 行.
SQL: SHOW COLUMNS FROM `sdk_accounts` [ RunTime:0.001793s ]
SQL: SELECT * FROM `sdk_accounts` WHERE ( `account_id` = 2518 ) LIMIT 1   [ RunTime:0.000237s ]

[ 2013-10-18T10:06:36+08:00 ] 192.168.193.85 /api/uc.php?time=1382061996&code=3037Gl049lEtUjxmaEkAeKwmXi0tJBkwNV4Dbsx7pRFPGSRltpAuqUe1iEv2x9tbkdqZfZBL8uvZbCQPS2mtbzjmH9jcFp1Wvp8Fn66CrD6himRMWQ%2B6j%2FbUx2QPs7JVTwTQlaXAT0ePe%2FEAGcdwpct5MUidsymN3qcFagPdzlphGQMRlg
INFO: [ app_begin ] --START--
INFO: Run ReadHtmlCache Behavior [ RunTime:0.000699s ]
INFO: [ app_begin ] --END-- [ RunTime:0.000792s ]
NOTIC: [8] Constant UC_CLIENT_VERSION already defined D:\wwwroot\mainweb\sdk\api\UcApi\Lib\Action\IndexAction.class.php 第 4 行.
NOTIC: [8] Constant UC_CLIENT_RELEASE already defined D:\wwwroot\mainweb\sdk\api\UcApi\Lib\Action\IndexAction.class.php 第 5 行.
NOTIC: [2048] Only variables should be passed by reference D:\wwwroot\mainweb\sdk\api\UcApi\Lib\Action\IndexAction.class.php 第 63 行.
NOTIC: [8] Constant API_RETURN_FAILED already defined D:\wwwroot\mainweb\sdk\uc_client\model\note.php 第 16 行.
SQL: SHOW COLUMNS FROM `sdk_accounts` [ RunTime:0.002067s ]
SQL: SELECT * FROM `sdk_accounts` WHERE ( `account_id` = 1796 ) LIMIT 1   [ RunTime:0.000392s ]

[ 2013-10-18T11:06:07+08:00 ] 192.168.203.228 /api/uc.php?time=1382065566&code=64bcBtU1AvUSmkFs3WTQQppxd0Py8Iw0P2%2F3XsVGyAX9xsA7wwwtBWuQF2%2FT1T7eXDDwlW4hiPabq6gKflSuKkaPi%2FWguwl9mK6Hx22M9ci9W2%2FXLgXac41h1L1ySc%2Fv7yUR1bl1rIZ%2BwWv42%2BPyJCADMI2hey5qri6bVe9ooZyHAA
INFO: [ app_begin ] --START--
INFO: Run ReadHtmlCache Behavior [ RunTime:0.001050s ]
INFO: [ app_begin ] --END-- [ RunTime:0.001143s ]
NOTIC: [8] Constant UC_CLIENT_VERSION already defined D:\wwwroot\mainweb\sdk\api\UcApi\Lib\Action\IndexAction.class.php 第 4 行.
NOTIC: [8] Constant UC_CLIENT_RELEASE already defined D:\wwwroot\mainweb\sdk\api\UcApi\Lib\Action\IndexAction.class.php 第 5 行.
NOTIC: [2048] Only variables should be passed by reference D:\wwwroot\mainweb\sdk\api\UcApi\Lib\Action\IndexAction.class.php 第 63 行.
NOTIC: [8] Constant API_RETURN_FAILED already defined D:\wwwroot\mainweb\sdk\uc_client\model\note.php 第 16 行.
SQL: SHOW COLUMNS FROM `sdk_accounts` [ RunTime:0.002135s ]
SQL: SELECT * FROM `sdk_accounts` WHERE ( `account_id` = 2126 ) LIMIT 1   [ RunTime:0.000576s ]

[ 2013-10-18T11:26:50+08:00 ] 192.168.181.236 /api/uc.php?time=1382066809&code=447fhB5RQ9MbrB8Msy9%2FcPf13ZF2g7cYUe8e7hOoTA1L%2BLkcL2m5zvO0nCbTAF4I4juZnjFTAloGhutOrGLYZ1g0jsAbJDRDw17YiX3GBhmurebX98TmoJXDwRvFObX%2FcOaCNPdZRJjWi2UqODHWga1neJfEV1yhutqPZEjUCgPgf81KdeE0PhDDSA
INFO: [ app_begin ] --START--
INFO: Run ReadHtmlCache Behavior [ RunTime:0.001124s ]
INFO: [ app_begin ] --END-- [ RunTime:0.001215s ]
NOTIC: [8] Constant UC_CLIENT_VERSION already defined D:\wwwroot\mainweb\sdk\api\UcApi\Lib\Action\IndexAction.class.php 第 4 行.
NOTIC: [8] Constant UC_CLIENT_RELEASE already defined D:\wwwroot\mainweb\sdk\api\UcApi\Lib\Action\IndexAction.class.php 第 5 行.
NOTIC: [2048] Only variables should be passed by reference D:\wwwroot\mainweb\sdk\api\UcApi\Lib\Action\IndexAction.class.php 第 63 行.
NOTIC: [8] Constant API_RETURN_FAILED already defined D:\wwwroot\mainweb\sdk\uc_client\model\note.php 第 16 行.
SQL: SHOW COLUMNS FROM `sdk_accounts` [ RunTime:0.002623s ]
SQL: SELECT * FROM `sdk_accounts` WHERE ( `account_id` = 2351 ) LIMIT 1   [ RunTime:0.000601s ]

[ 2013-10-18T11:30:24+08:00 ] 192.168.143.202 /api/uc.php?time=1382067022&code=60f6sU3ak8elZMrmyav%2BLPIfYce9xVDYhmCJLtd6WYDzh%2BYESivex%2B6HGy7XfyewNqWjnOf5ORQHLvBmRnAy1QrYPLRPBniOh54dyZfbnht7Bq7iy8e82wVJ9342%2F1iu17AwtjRk2tx3587B%2B%2F3k5ZhhN8VvIkuWe9ITdOw
INFO: [ app_begin ] --START--
INFO: Run ReadHtmlCache Behavior [ RunTime:0.001057s ]
INFO: [ app_begin ] --END-- [ RunTime:0.001152s ]
NOTIC: [8] Constant UC_CLIENT_VERSION already defined D:\wwwroot\mainweb\sdk\api\UcApi\Lib\Action\IndexAction.class.php 第 4 行.
NOTIC: [8] Constant UC_CLIENT_RELEASE already defined D:\wwwroot\mainweb\sdk\api\UcApi\Lib\Action\IndexAction.class.php 第 5 行.
NOTIC: [2048] Only variables should be passed by reference D:\wwwroot\mainweb\sdk\api\UcApi\Lib\Action\IndexAction.class.php 第 63 行.
NOTIC: [8] Constant API_RETURN_FAILED already defined D:\wwwroot\mainweb\sdk\uc_client\model\note.php 第 16 行.
SQL: SHOW COLUMNS FROM `sdk_accounts` [ RunTime:0.002099s ]
SQL: SELECT * FROM `sdk_accounts` WHERE ( `account_id` = 662 ) LIMIT 1   [ RunTime:0.000515s ]

[ 2013-10-18T12:06:29+08:00 ] 192.168.141.21 /api/uc.php?time=1382069188&code=b0867CXZ0DdiwoaQYfM8Hvny1ErjRQLg92sXCPaksYxRL4EYSuTssAMT0QmeBwbGbrbwXhgq6GE9LeSpmsvLGl5LUVgjz6l6hQ8T92dtUN1eQr%2FQonVL1gn409Wjnvi0pg2qw2D65QdYbsZpw3tEq1M5GyP1M3MvEUgQPdbIV1Y
INFO: [ app_begin ] --START--
INFO: Run ReadHtmlCache Behavior [ RunTime:0.000709s ]
INFO: [ app_begin ] --END-- [ RunTime:0.000805s ]
NOTIC: [8] Constant UC_CLIENT_VERSION already defined D:\wwwroot\mainweb\sdk\api\UcApi\Lib\Action\IndexAction.class.php 第 4 行.
NOTIC: [8] Constant UC_CLIENT_RELEASE already defined D:\wwwroot\mainweb\sdk\api\UcApi\Lib\Action\IndexAction.class.php 第 5 行.
NOTIC: [2048] Only variables should be passed by reference D:\wwwroot\mainweb\sdk\api\UcApi\Lib\Action\IndexAction.class.php 第 63 行.
NOTIC: [8] Constant API_RETURN_FAILED already defined D:\wwwroot\mainweb\sdk\uc_client\model\note.php 第 16 行.
SQL: SHOW COLUMNS FROM `sdk_accounts` [ RunTime:0.002269s ]
SQL: SELECT * FROM `sdk_accounts` WHERE ( `account_id` = 2321 ) LIMIT 1   [ RunTime:0.000660s ]

[ 2013-10-18T12:31:24+08:00 ] 192.168.202.146 /api/uc.php?time=1382070684&code=964fW4UI7Sn6doCoTjbkP2QmqFyrZJtrB8TXjMj1L4H0oH0ZukqaKv3qYStdm33YMSsWMCR2Jg8qBs8YC%2F9MQlG8u29CzIWK3DEMNl63wYseyW3b7Ie%2Bv8yVUfEaaUHqHKXqw1k6N3%2BwM4bUuVX%2B5HhMe3Y3Z65pxltVaSE9EiUo2P7gE1NuRA
INFO: [ app_begin ] --START--
INFO: Run ReadHtmlCache Behavior [ RunTime:0.001048s ]
INFO: [ app_begin ] --END-- [ RunTime:0.001141s ]
NOTIC: [8] Constant UC_CLIENT_VERSION already defined D:\wwwroot\mainweb\sdk\api\UcApi\Lib\Action\IndexAction.class.php 第 4 行.
NOTIC: [8] Constant UC_CLIENT_RELEASE already defined D:\wwwroot\mainweb\sdk\api\UcApi\Lib\Action\IndexAction.class.php 第 5 行.
NOTIC: [2048] Only variables should be passed by reference D:\wwwroot\mainweb\sdk\api\UcApi\Lib\Action\IndexAction.class.php 第 63 行.
NOTIC: [8] Constant API_RETURN_FAILED already defined D:\wwwroot\mainweb\sdk\uc_client\model\note.php 第 16 行.
SQL: SHOW COLUMNS FROM `sdk_accounts` [ RunTime:0.002173s ]
SQL: SELECT * FROM `sdk_accounts` WHERE ( `account_id` = 1685 ) LIMIT 1   [ RunTime:0.000460s ]

[ 2013-10-18T15:24:17+08:00 ] 192.168.156.233 /api/uc.php?time=1382081057&code=33b19RAtx7C3dxs%2F6rfIxATI2RsTvtLopAGYkC%2Fm75Sr6mLY9cBMcJDj4pl73is%2FWtpjsXUVmLc4h4oxmfTdMv0Kb9sQHW07D2UlBzP8eIJfxnNqSPrVsSWW8sv1OP%2BVnTohxS0%2BDO%2FIp%2FY%2BsdM5CBsUEW0Dvsa%2Bb9ghFOcrZTXT
INFO: [ app_begin ] --START--
INFO: Run ReadHtmlCache Behavior [ RunTime:0.001044s ]
INFO: [ app_begin ] --END-- [ RunTime:0.001138s ]
NOTIC: [8] Constant UC_CLIENT_VERSION already defined D:\wwwroot\mainweb\sdk\api\UcApi\Lib\Action\IndexAction.class.php 第 4 行.
NOTIC: [8] Constant UC_CLIENT_RELEASE already defined D:\wwwroot\mainweb\sdk\api\UcApi\Lib\Action\IndexAction.class.php 第 5 行.
NOTIC: [2048] Only variables should be passed by reference D:\wwwroot\mainweb\sdk\api\UcApi\Lib\Action\IndexAction.class.php 第 63 行.
NOTIC: [8] Constant API_RETURN_FAILED already defined D:\wwwroot\mainweb\sdk\uc_client\model\note.php 第 16 行.
SQL: SHOW COLUMNS FROM `sdk_accounts` [ RunTime:0.002443s ]
SQL: SELECT * FROM `sdk_accounts` WHERE ( `account_id` = 2234 ) LIMIT 1   [ RunTime:0.000438s ]

[ 2013-10-18T16:54:07+08:00 ] 192.168.192.141 /api/uc.php?time=1382086447&code=a34cRHU%2FHlXDl9N40%2BK4UN06Y4Xm9Hshg3mBYR82VSLR2lcNjfffJOs6rTu0ZS2KIU0ZUkPpj0GG%2F4DjB33pr7ax3eshNc%2BvpHq0kQ8CmlbVXLZzEteE8%2BUbdmPnfAWMnfeh4YUkHayNJR0t0x04mJQCMfbgVfFTiVgbvd8D2e3HIiCu
INFO: [ app_begin ] --START--
INFO: Run ReadHtmlCache Behavior [ RunTime:0.001044s ]
INFO: [ app_begin ] --END-- [ RunTime:0.001134s ]
NOTIC: [8] Constant UC_CLIENT_VERSION already defined D:\wwwroot\mainweb\sdk\api\UcApi\Lib\Action\IndexAction.class.php 第 4 行.
NOTIC: [8] Constant UC_CLIENT_RELEASE already defined D:\wwwroot\mainweb\sdk\api\UcApi\Lib\Action\IndexAction.class.php 第 5 行.
NOTIC: [2048] Only variables should be passed by reference D:\wwwroot\mainweb\sdk\api\UcApi\Lib\Action\IndexAction.class.php 第 63 行.
NOTIC: [8] Constant API_RETURN_FAILED already defined D:\wwwroot\mainweb\sdk\uc_client\model\note.php 第 16 行.
SQL: SHOW COLUMNS FROM `sdk_accounts` [ RunTime:0.002094s ]
SQL: SELECT * FROM `sdk_accounts` WHERE ( `account_id` = 2519 ) LIMIT 1   [ RunTime:0.000448s ]
SQL: INSERT INTO `sdk_accounts` (`account_id`,`user_name`,`email`,`password`,`reg_time`) VALUES (2519,'OneTwoThree','whataboutni@foxmail.com','8c940298ca13638fb37a3da57647e6efb0f6250b',1382086447) [ RunTime:0.001115s ]

[ 2013-10-18T17:33:34+08:00 ] 192.168.181.70 /api/uc.php?time=1382088814&code=7791ZcGL9bhIW%2Br8waQWOkVPS8s5qaznSRm6EAd87RGt1KgrgHVR6czb3uSueGkKRUvZsgz5ZnEWFFkZ0%2BFa8Q10eMZF0s5LGlEjPSl5lMzgu4h%2F5NtWiNUCbZauhTuPZeqYSqSf5%2FRYZK7W%2B%2B9xbuhGwsYvOmtLJv8t6P8LBA1wfNJ6Yg
INFO: [ app_begin ] --START--
INFO: Run ReadHtmlCache Behavior [ RunTime:0.001047s ]
INFO: [ app_begin ] --END-- [ RunTime:0.001138s ]
NOTIC: [8] Constant UC_CLIENT_VERSION already defined D:\wwwroot\mainweb\sdk\api\UcApi\Lib\Action\IndexAction.class.php 第 4 行.
NOTIC: [8] Constant UC_CLIENT_RELEASE already defined D:\wwwroot\mainweb\sdk\api\UcApi\Lib\Action\IndexAction.class.php 第 5 行.
NOTIC: [2048] Only variables should be passed by reference D:\wwwroot\mainweb\sdk\api\UcApi\Lib\Action\IndexAction.class.php 第 63 行.
NOTIC: [8] Constant API_RETURN_FAILED already defined D:\wwwroot\mainweb\sdk\uc_client\model\note.php 第 16 行.
SQL: SHOW COLUMNS FROM `sdk_accounts` [ RunTime:0.002473s ]
SQL: SELECT * FROM `sdk_accounts` WHERE ( `account_id` = 1626 ) LIMIT 1   [ RunTime:0.000514s ]

[ 2013-10-18T18:58:58+08:00 ] 192.168.163.201 /api/uc.php?time=1382093938&code=5ee6GXVL67AmLD9AyTJrj2KuQAArUtRO04YscUX%2FeaIGFm%2BnnsIpJ%2Fmv1jiQqlZEXZLfdb97pRWlbjhRNESMJ6vsAz5qx1uKZa%2BiLRidDiN7H3peV%2BGq2cOZqbcxE7l8Do6jdpK9r72OfU1PbNPdyl%2Bb05QleQsC4UUGS%2FU7E1O7
INFO: [ app_begin ] --START--
INFO: Run ReadHtmlCache Behavior [ RunTime:0.001066s ]
INFO: [ app_begin ] --END-- [ RunTime:0.001161s ]
NOTIC: [8] Constant UC_CLIENT_VERSION already defined D:\wwwroot\mainweb\sdk\api\UcApi\Lib\Action\IndexAction.class.php 第 4 行.
NOTIC: [8] Constant UC_CLIENT_RELEASE already defined D:\wwwroot\mainweb\sdk\api\UcApi\Lib\Action\IndexAction.class.php 第 5 行.
NOTIC: [2048] Only variables should be passed by reference D:\wwwroot\mainweb\sdk\api\UcApi\Lib\Action\IndexAction.class.php 第 63 行.
NOTIC: [8] Constant API_RETURN_FAILED already defined D:\wwwroot\mainweb\sdk\uc_client\model\note.php 第 16 行.
SQL: SHOW COLUMNS FROM `sdk_accounts` [ RunTime:0.002127s ]
SQL: SELECT * FROM `sdk_accounts` WHERE ( `account_id` = 423 ) LIMIT 1   [ RunTime:0.000644s ]

[ 2013-10-18T20:21:53+08:00 ] 192.168.179.34 /api/uc.php?time=1382098913&code=2d97ysnO8EoQNRIPsWSfgCeqfLn%2BGO3usV9tLyXQu815ztGdjfxwjIau8%2BCaXTD5OIexcSYXYhcHGExaEl6UWY8C2KgW9thCW4yc2sSun9cF56qYQkGfpoi5oygCW9e3XW5dGkAlVexFcboPtSs2Aiw76tEdn1bGK2%2BR9vgkhB4
INFO: [ app_begin ] --START--
INFO: Run ReadHtmlCache Behavior [ RunTime:0.001055s ]
INFO: [ app_begin ] --END-- [ RunTime:0.001600s ]
NOTIC: [8] Constant UC_CLIENT_VERSION already defined D:\wwwroot\mainweb\sdk\api\UcApi\Lib\Action\IndexAction.class.php 第 4 行.
NOTIC: [8] Constant UC_CLIENT_RELEASE already defined D:\wwwroot\mainweb\sdk\api\UcApi\Lib\Action\IndexAction.class.php 第 5 行.
NOTIC: [2048] Only variables should be passed by reference D:\wwwroot\mainweb\sdk\api\UcApi\Lib\Action\IndexAction.class.php 第 63 行.
NOTIC: [8] Constant API_RETURN_FAILED already defined D:\wwwroot\mainweb\sdk\uc_client\model\note.php 第 16 行.
SQL: SHOW COLUMNS FROM `sdk_accounts` [ RunTime:0.002319s ]
SQL: SELECT * FROM `sdk_accounts` WHERE ( `account_id` = 2446 ) LIMIT 1   [ RunTime:0.000380s ]

[ 2013-10-18T20:26:28+08:00 ] 192.168.190.86 /api/uc.php?time=1382099188&code=a3c78kq37XmW9kviuIpJPQQzBnTkN3WG%2F9VgQLbEGdVQtHOIdCibvE7O8Z6fxgvWACiUdkHdU4UQyx1qA4%2Bub2OkJnTR5%2FmO1ADJO%2FckU5hWA5fSmrMn9%2BfC%2FoCOJMRu8BhOZal9qHMY5JvRIrhbhl2dqYnOMTAg1wQXcgIe7g
INFO: [ app_begin ] --START--
INFO: Run ReadHtmlCache Behavior [ RunTime:0.001078s ]
INFO: [ app_begin ] --END-- [ RunTime:0.001176s ]
NOTIC: [8] Constant UC_CLIENT_VERSION already defined D:\wwwroot\mainweb\sdk\api\UcApi\Lib\Action\IndexAction.class.php 第 4 行.
NOTIC: [8] Constant UC_CLIENT_RELEASE already defined D:\wwwroot\mainweb\sdk\api\UcApi\Lib\Action\IndexAction.class.php 第 5 行.
NOTIC: [2048] Only variables should be passed by reference D:\wwwroot\mainweb\sdk\api\UcApi\Lib\Action\IndexAction.class.php 第 63 行.
NOTIC: [8] Constant API_RETURN_FAILED already defined D:\wwwroot\mainweb\sdk\uc_client\model\note.php 第 16 行.
SQL: SHOW COLUMNS FROM `sdk_accounts` [ RunTime:0.002003s ]
SQL: SELECT * FROM `sdk_accounts` WHERE ( `account_id` = 1069 ) LIMIT 1   [ RunTime:0.000412s ]

[ 2013-10-18T21:45:08+08:00 ] 192.168.161.137 /api/uc.php?time=1382103907&code=65b9wiqcaXjwvBn%2B4d2R00%2FxEUMlV3uvz%2FMZgALFxd9MOVj6r9w1vKtRB7TPFhN5Yef7%2FM8SpL7cZNIKEqAcTUYPrj0foKgbKm%2BLnVZOswY5i4d6RMQkDHJbUCxmIUD5%2FFNGaO5pPmJzxyCknjPdVBsC%2F88itYlY%2FIVbzPeXoDGlqefh
INFO: [ app_begin ] --START--
INFO: Run ReadHtmlCache Behavior [ RunTime:0.001634s ]
INFO: [ app_begin ] --END-- [ RunTime:0.001735s ]
NOTIC: [8] Constant UC_CLIENT_VERSION already defined D:\wwwroot\mainweb\sdk\api\UcApi\Lib\Action\IndexAction.class.php 第 4 行.
NOTIC: [8] Constant UC_CLIENT_RELEASE already defined D:\wwwroot\mainweb\sdk\api\UcApi\Lib\Action\IndexAction.class.php 第 5 行.
NOTIC: [2048] Only variables should be passed by reference D:\wwwroot\mainweb\sdk\api\UcApi\Lib\Action\IndexAction.class.php 第 63 行.
NOTIC: [8] Constant API_RETURN_FAILED already defined D:\wwwroot\mainweb\sdk\uc_client\model\note.php 第 16 行.
SQL: SHOW COLUMNS FROM `sdk_accounts` [ RunTime:0.002198s ]
SQL: SELECT * FROM `sdk_accounts` WHERE ( `account_id` = 1825 ) LIMIT 1   [ RunTime:0.000300s ]

[ 2013-10-18T22:38:12+08:00 ] 192.168.141.221 /api/uc.php?time=1382107092&code=1149QZJPm7cSZ6%2FTLCvhCWhd0NbBhjm6Sk5wfyE2Bv4UYebtK%2Fp1NkkWlQv8I9iIkZxFL%2FUDgvNs5gq7wO9XbhVGsnDgMVzg6Z6ijPEHjL3zik4adcbG9lExd52iJa49sePffNG5lJXP15n0fVXVDDi8MteAZxEC97AjpA
INFO: [ app_begin ] --START--
INFO: Run ReadHtmlCache Behavior [ RunTime:0.001127s ]
INFO: [ app_begin ] --END-- [ RunTime:0.001226s ]
NOTIC: [8] Constant UC_CLIENT_VERSION already defined D:\wwwroot\mainweb\sdk\api\UcApi\Lib\Action\IndexAction.class.php 第 4 行.
NOTIC: [8] Constant UC_CLIENT_RELEASE already defined D:\wwwroot\mainweb\sdk\api\UcApi\Lib\Action\IndexAction.class.php 第 5 行.
NOTIC: [2048] Only variables should be passed by reference D:\wwwroot\mainweb\sdk\api\UcApi\Lib\Action\IndexAction.class.php 第 63 行.
NOTIC: [8] Constant API_RETURN_FAILED already defined D:\wwwroot\mainweb\sdk\uc_client\model\note.php 第 16 行.
SQL: SHOW COLUMNS FROM `sdk_accounts` [ RunTime:0.002059s ]
SQL: SELECT * FROM `sdk_accounts` WHERE ( `account_id` = 1998 ) LIMIT 1   [ RunTime:0.000655s ]

[ 2013-10-18T23:01:49+08:00 ] 192.168.137.13 /api/uc.php?time=1382108509&code=a58cQO3sbZQrX2CNf7TZcnlpjUnQ1i0dwh9IXGkGMAOzeN5lIngCsZT45PSGebl1Zv3VynG9l8urFrP3%2FfqH2vQPXY5d99SVQvKPIABYhKcINZnrNgqLAK%2Fgy8k%2B%2FtM1MOltXR0opIQyW6TOlysd17ZKCM9Af3fds4BQRA
INFO: [ app_begin ] --START--
INFO: Run ReadHtmlCache Behavior [ RunTime:0.001147s ]
INFO: [ app_begin ] --END-- [ RunTime:0.001239s ]
NOTIC: [8] Constant UC_CLIENT_VERSION already defined D:\wwwroot\mainweb\sdk\api\UcApi\Lib\Action\IndexAction.class.php 第 4 行.
NOTIC: [8] Constant UC_CLIENT_RELEASE already defined D:\wwwroot\mainweb\sdk\api\UcApi\Lib\Action\IndexAction.class.php 第 5 行.
NOTIC: [2048] Only variables should be passed by reference D:\wwwroot\mainweb\sdk\api\UcApi\Lib\Action\IndexAction.class.php 第 63 行.
NOTIC: [8] Constant API_RETURN_FAILED already defined D:\wwwroot\mainweb\sdk\uc_client\model\note.php 第 16 行.
SQL: SHOW COLUMNS FROM `sdk_accounts` [ RunTime:0.002426s ]
SQL: SELECT * FROM `sdk_accounts` WHERE ( `account_id` = 2320 ) LIMIT 1   [ RunTime:0.000547s ]

[ 2013-10-18T23:19:48+08:00 ] 192.168.172.70 /api/uc.php?time=1382109588&code=e870hgzzJjjrPCoV2o29DXwsrWrx6ArvUPDPZCRUvSt7Neu0a3M%2FKYB17AefYTDJUDZkeP%2BOpGv9Cdlry6KV49YhVf%2B0K5qKZEeiAbXfd9rlrpKa2NVaur7nBRtHzOzAndApy%2BONah4hWl%2FYuYVte8H3pbDojoHCILMiMknywkw9FhuVIRA
INFO: [ app_begin ] --START--
INFO: Run ReadHtmlCache Behavior [ RunTime:0.001036s ]
INFO: [ app_begin ] --END-- [ RunTime:0.001128s ]
NOTIC: [8] Constant UC_CLIENT_VERSION already defined D:\wwwroot\mainweb\sdk\api\UcApi\Lib\Action\IndexAction.class.php 第 4 行.
NOTIC: [8] Constant UC_CLIENT_RELEASE already defined D:\wwwroot\mainweb\sdk\api\UcApi\Lib\Action\IndexAction.class.php 第 5 行.
NOTIC: [2048] Only variables should be passed by reference D:\wwwroot\mainweb\sdk\api\UcApi\Lib\Action\IndexAction.class.php 第 63 行.
NOTIC: [8] Constant API_RETURN_FAILED already defined D:\wwwroot\mainweb\sdk\uc_client\model\note.php 第 16 行.
SQL: SHOW COLUMNS FROM `sdk_accounts` [ RunTime:0.002125s ]
SQL: SELECT * FROM `sdk_accounts` WHERE ( `account_id` = 2520 ) LIMIT 1   [ RunTime:0.000413s ]
SQL: INSERT INTO `sdk_accounts` (`account_id`,`user_name`,`email`,`password`,`reg_time`) VALUES (2520,'北苑1栋236','buzhijiaoshenmele@126.com','53fd4e1df2c010053974baa8fb505cece568a0c8',1382109588) [ RunTime:0.001398s ]

[ 2013-10-18T23:20:06+08:00 ] 192.168.172.70 /api/uc.php?time=1382109606&code=e99e2DLV229Dst1zICU%2BR14qiPbyoUPakIg%2FXp6iDrCGEGu1jr%2F31MJwHqZavKWhAcWRxbBRUOxpAVrJK7HnZIdHrDcXlT%2Bia2oGefl5tJ2pteeRIbNfh3FeIbB%2BGNmHmowi3T3WL2quoSKaCeIlxycJgmgBLM1qy3tdEEshO75GX3fG4RA
INFO: [ app_begin ] --START--
INFO: Run ReadHtmlCache Behavior [ RunTime:0.001082s ]
INFO: [ app_begin ] --END-- [ RunTime:0.001172s ]
NOTIC: [8] Constant UC_CLIENT_VERSION already defined D:\wwwroot\mainweb\sdk\api\UcApi\Lib\Action\IndexAction.class.php 第 4 行.
NOTIC: [8] Constant UC_CLIENT_RELEASE already defined D:\wwwroot\mainweb\sdk\api\UcApi\Lib\Action\IndexAction.class.php 第 5 行.
NOTIC: [2048] Only variables should be passed by reference D:\wwwroot\mainweb\sdk\api\UcApi\Lib\Action\IndexAction.class.php 第 63 行.
NOTIC: [8] Constant API_RETURN_FAILED already defined D:\wwwroot\mainweb\sdk\uc_client\model\note.php 第 16 行.
SQL: SHOW COLUMNS FROM `sdk_accounts` [ RunTime:0.002218s ]
SQL: SELECT * FROM `sdk_accounts` WHERE ( `account_id` = 2520 ) LIMIT 1   [ RunTime:0.000565s ]

[ 2013-10-18T23:39:17+08:00 ] 192.168.222.82 /api/uc.php?time=1382110756&code=acffVN8O3oKPCFVrLC83U6x4EmWWtVeDN3PfQdXpzYit3xX2G%2BYyO1QNO3TvMJo12%2FsCiYlnLeHBfSUYBsMGu3szvAjSybTGzNEsVhZfV4TF8jU1LGoBRdeovzUCT52JqGKQrufMlOiHN6gQVIc6WghO9QIPufpITHTH9ffSAUja
INFO: [ app_begin ] --START--
INFO: Run ReadHtmlCache Behavior [ RunTime:0.001100s ]
INFO: [ app_begin ] --END-- [ RunTime:0.001212s ]
NOTIC: [8] Constant UC_CLIENT_VERSION already defined D:\wwwroot\mainweb\sdk\api\UcApi\Lib\Action\IndexAction.class.php 第 4 行.
NOTIC: [8] Constant UC_CLIENT_RELEASE already defined D:\wwwroot\mainweb\sdk\api\UcApi\Lib\Action\IndexAction.class.php 第 5 行.
NOTIC: [2048] Only variables should be passed by reference D:\wwwroot\mainweb\sdk\api\UcApi\Lib\Action\IndexAction.class.php 第 63 行.
NOTIC: [8] Constant API_RETURN_FAILED already defined D:\wwwroot\mainweb\sdk\uc_client\model\note.php 第 16 行.
SQL: SHOW COLUMNS FROM `sdk_accounts` [ RunTime:0.002255s ]
SQL: SELECT * FROM `sdk_accounts` WHERE ( `account_id` = 900 ) LIMIT 1   [ RunTime:0.000565s ]

