[ 2013-12-03T08:44:27+08:00 ] 192.168.171.108 /api/uc.php?time=1386031467&code=269fgx54PjFU8vMqwdreXZtkIvnZkiX%2FlkjwlR8PERLPo0Ru7fvRfWttmQuEPU6shFCRo2mMD6P4EpZXLpsZaVjEZrdpgDLl2bHAt221cUdv8BPEcnJHFqdpXUZHU82ghKodjVD1nTCH%2Ft75h8Or285iOPxVScWYVE8%2FeA
INFO: [ app_begin ] --START--
INFO: Run ReadHtmlCache Behavior [ RunTime:0.001072s ]
INFO: [ app_begin ] --END-- [ RunTime:0.001164s ]
NOTIC: [8] Constant UC_CLIENT_VERSION already defined D:\wwwroot\mainweb\sdk\api\UcApi\Lib\Action\IndexAction.class.php 第 4 行.
NOTIC: [8] Constant UC_CLIENT_RELEASE already defined D:\wwwroot\mainweb\sdk\api\UcApi\Lib\Action\IndexAction.class.php 第 5 行.
NOTIC: [2048] Only variables should be passed by reference D:\wwwroot\mainweb\sdk\api\UcApi\Lib\Action\IndexAction.class.php 第 63 行.
NOTIC: [8] Constant API_RETURN_FAILED already defined D:\wwwroot\mainweb\sdk\uc_client\model\note.php 第 16 行.
SQL: SHOW COLUMNS FROM `sdk_accounts` [ RunTime:0.002293s ]
SQL: SELECT * FROM `sdk_accounts` WHERE ( `account_id` = 1727 ) LIMIT 1   [ RunTime:0.000482s ]

[ 2013-12-03T09:22:13+08:00 ] 192.168.166.24 /api/uc.php?time=1386033733&code=f1d3Jn%2FVxxL%2BF7vhtxOxI6se%2BUSQcmkloR6Jlwq3Q5oZuxr44ALT3bnWv%2Bv1Kx3iI53xKNReNGDWvEoMPGzyxwvvGJL0WARAdrv0bmEkqu1vEycYdUJ808IJoEaalvPWFBsAe1ICsPs75PY03o90N%2BqYdkQAYUmM0crPU%2B%2BgUQ
INFO: [ app_begin ] --START--
INFO: Run ReadHtmlCache Behavior [ RunTime:0.001075s ]
INFO: [ app_begin ] --END-- [ RunTime:0.001165s ]
NOTIC: [8] Constant UC_CLIENT_VERSION already defined D:\wwwroot\mainweb\sdk\api\UcApi\Lib\Action\IndexAction.class.php 第 4 行.
NOTIC: [8] Constant UC_CLIENT_RELEASE already defined D:\wwwroot\mainweb\sdk\api\UcApi\Lib\Action\IndexAction.class.php 第 5 行.
NOTIC: [2048] Only variables should be passed by reference D:\wwwroot\mainweb\sdk\api\UcApi\Lib\Action\IndexAction.class.php 第 63 行.
NOTIC: [8] Constant API_RETURN_FAILED already defined D:\wwwroot\mainweb\sdk\uc_client\model\note.php 第 16 行.
SQL: SHOW COLUMNS FROM `sdk_accounts` [ RunTime:0.002431s ]
SQL: SELECT * FROM `sdk_accounts` WHERE ( `account_id` = 2240 ) LIMIT 1   [ RunTime:0.000224s ]

[ 2013-12-03T09:41:57+08:00 ] 192.168.151.10 /api/uc.php?time=1386034917&code=1588Dwqgbg5T5LfpjPAPAkJLB8XhR1WRSqYd6ZRA2z3WkAnCNzpx8CMH4xto4UDEmtq1%2FkNxp9HD07PZQASvmaFNkSIw9svMORsjKs2fNf9AG%2B16OTTaWTnKDzZ2FfaTw7SSYmvmF5gBRUnE2bftmoI2AzL3rGzToscBhL94QEXHEg
INFO: [ app_begin ] --START--
INFO: Run ReadHtmlCache Behavior [ RunTime:0.001120s ]
INFO: [ app_begin ] --END-- [ RunTime:0.001437s ]
NOTIC: [8] Constant UC_CLIENT_VERSION already defined D:\wwwroot\mainweb\sdk\api\UcApi\Lib\Action\IndexAction.class.php 第 4 行.
NOTIC: [8] Constant UC_CLIENT_RELEASE already defined D:\wwwroot\mainweb\sdk\api\UcApi\Lib\Action\IndexAction.class.php 第 5 行.
NOTIC: [2048] Only variables should be passed by reference D:\wwwroot\mainweb\sdk\api\UcApi\Lib\Action\IndexAction.class.php 第 63 行.
NOTIC: [8] Constant API_RETURN_FAILED already defined D:\wwwroot\mainweb\sdk\uc_client\model\note.php 第 16 行.
SQL: SHOW COLUMNS FROM `sdk_accounts` [ RunTime:0.002049s ]
SQL: SELECT * FROM `sdk_accounts` WHERE ( `account_id` = 1751 ) LIMIT 1   [ RunTime:0.000307s ]

[ 2013-12-03T10:32:47+08:00 ] 192.168.172.198 /api/uc.php?time=1386037967&code=3b80cNSkJRgGljqB4NFeaBZhzWlcKzMASeWf%2FrSIGvqgG%2FS354AZGeXts6WvJVZUf7aTxrdqvnOoy%2Bs7ReeR9fNQ1iJOC5aBl63NEVzFr65axpWgapz17OP0EM7eJ6lXS%2FN7a8AFbiuHoGbqHbEQxBN94mo%2FQMilu1lnMoWBwoJH31%2B6uE%2BT
INFO: [ app_begin ] --START--
INFO: Run ReadHtmlCache Behavior [ RunTime:0.001055s ]
INFO: [ app_begin ] --END-- [ RunTime:0.001148s ]
NOTIC: [8] Constant UC_CLIENT_VERSION already defined D:\wwwroot\mainweb\sdk\api\UcApi\Lib\Action\IndexAction.class.php 第 4 行.
NOTIC: [8] Constant UC_CLIENT_RELEASE already defined D:\wwwroot\mainweb\sdk\api\UcApi\Lib\Action\IndexAction.class.php 第 5 行.
NOTIC: [2048] Only variables should be passed by reference D:\wwwroot\mainweb\sdk\api\UcApi\Lib\Action\IndexAction.class.php 第 63 行.
NOTIC: [8] Constant API_RETURN_FAILED already defined D:\wwwroot\mainweb\sdk\uc_client\model\note.php 第 16 行.
SQL: SHOW COLUMNS FROM `sdk_accounts` [ RunTime:0.002302s ]
SQL: SELECT * FROM `sdk_accounts` WHERE ( `account_id` = 2456 ) LIMIT 1   [ RunTime:0.000486s ]

[ 2013-12-03T10:34:43+08:00 ] 192.168.158.93 /api/uc.php?time=1386038083&code=ec4fKHS%2Bz%2FZ5Z79QXclTXQaQBYjI3qdzE%2BZmMnt2qo6HPOMoTe48YMK%2Fk8h0rRg%2FQqpNHrOT%2F2BE%2B35piFYw4pGtr1VzHCKYwbv6Mz3klBPd47GZMcvGnXd2%2FEgDP1282jrvQhUmjPFddnoeSNOnWOenWxlqQzjsvBNMTbrJiLXa2Q
INFO: [ app_begin ] --START--
INFO: Run ReadHtmlCache Behavior [ RunTime:0.001015s ]
INFO: [ app_begin ] --END-- [ RunTime:0.001110s ]
NOTIC: [8] Constant UC_CLIENT_VERSION already defined D:\wwwroot\mainweb\sdk\api\UcApi\Lib\Action\IndexAction.class.php 第 4 行.
NOTIC: [8] Constant UC_CLIENT_RELEASE already defined D:\wwwroot\mainweb\sdk\api\UcApi\Lib\Action\IndexAction.class.php 第 5 行.
NOTIC: [2048] Only variables should be passed by reference D:\wwwroot\mainweb\sdk\api\UcApi\Lib\Action\IndexAction.class.php 第 63 行.
NOTIC: [8] Constant API_RETURN_FAILED already defined D:\wwwroot\mainweb\sdk\uc_client\model\note.php 第 16 行.
SQL: SHOW COLUMNS FROM `sdk_accounts` [ RunTime:0.001810s ]
SQL: SELECT * FROM `sdk_accounts` WHERE ( `account_id` = 1453 ) LIMIT 1   [ RunTime:0.000331s ]

[ 2013-12-03T12:05:13+08:00 ] 192.168.136.130 /api/uc.php?time=1386043512&code=8a33xrufobfz%2FLvD%2FiWYeWTF6NQR0oSEMSOm5U6AMAOkdzrKSMfedZKKd1tR6MzMNExW8P97yDX%2FGq9uXsINoLn%2BIVcPxyutflY5fhZQbMS4rLNot2LisVl1hEmRV5Qmsba7cSoBYLAC5XyOwQ3g0KE0vE%2FRvFexY12Kp9O0eAWxiw
INFO: [ app_begin ] --START--
INFO: Run ReadHtmlCache Behavior [ RunTime:0.001024s ]
INFO: [ app_begin ] --END-- [ RunTime:0.001116s ]
NOTIC: [8] Constant UC_CLIENT_VERSION already defined D:\wwwroot\mainweb\sdk\api\UcApi\Lib\Action\IndexAction.class.php 第 4 行.
NOTIC: [8] Constant UC_CLIENT_RELEASE already defined D:\wwwroot\mainweb\sdk\api\UcApi\Lib\Action\IndexAction.class.php 第 5 行.
NOTIC: [2048] Only variables should be passed by reference D:\wwwroot\mainweb\sdk\api\UcApi\Lib\Action\IndexAction.class.php 第 63 行.
NOTIC: [8] Constant API_RETURN_FAILED already defined D:\wwwroot\mainweb\sdk\uc_client\model\note.php 第 16 行.
SQL: SHOW COLUMNS FROM `sdk_accounts` [ RunTime:0.002205s ]
SQL: SELECT * FROM `sdk_accounts` WHERE ( `account_id` = 2318 ) LIMIT 1   [ RunTime:0.000467s ]

[ 2013-12-03T12:59:41+08:00 ] 192.168.160.94 /api/uc.php?time=1386046780&code=2149Y%2BRDXvX54QaHSkuHskViyO8SchXg0vftp7hKZzwqQlisWcc3Dcsw6A8AUsp5JI2PdSOv1U0weh87mC4dws81gQFUHcLfRI0oax6GtgpTtEpbFehfDf8oaxojiuGeUDY0A5YDerfvjlx6t4sFl2XwZQGGE3w%2FvPbGE3zXe2bf
INFO: [ app_begin ] --START--
INFO: Run ReadHtmlCache Behavior [ RunTime:0.001039s ]
INFO: [ app_begin ] --END-- [ RunTime:0.001132s ]
NOTIC: [8] Constant UC_CLIENT_VERSION already defined D:\wwwroot\mainweb\sdk\api\UcApi\Lib\Action\IndexAction.class.php 第 4 行.
NOTIC: [8] Constant UC_CLIENT_RELEASE already defined D:\wwwroot\mainweb\sdk\api\UcApi\Lib\Action\IndexAction.class.php 第 5 行.
NOTIC: [2048] Only variables should be passed by reference D:\wwwroot\mainweb\sdk\api\UcApi\Lib\Action\IndexAction.class.php 第 63 行.
NOTIC: [8] Constant API_RETURN_FAILED already defined D:\wwwroot\mainweb\sdk\uc_client\model\note.php 第 16 行.
SQL: SHOW COLUMNS FROM `sdk_accounts` [ RunTime:0.002189s ]
SQL: SELECT * FROM `sdk_accounts` WHERE ( `account_id` = 926 ) LIMIT 1   [ RunTime:0.000459s ]

[ 2013-12-03T12:59:51+08:00 ] 192.168.160.94 /api/uc.php?time=1386046790&code=c1acUwpiasBeklIPavio1IzRg7MynJTaFom%2BQi7h945Qc86lVe3SZScBWUBG2%2F7iI3c5qJ4d92NDHcRJ0A
INFO: [ app_begin ] --START--
INFO: Run ReadHtmlCache Behavior [ RunTime:0.001139s ]
INFO: [ app_begin ] --END-- [ RunTime:0.001229s ]
NOTIC: [8] Constant UC_CLIENT_VERSION already defined D:\wwwroot\mainweb\sdk\api\UcApi\Lib\Action\IndexAction.class.php 第 4 行.
NOTIC: [8] Constant UC_CLIENT_RELEASE already defined D:\wwwroot\mainweb\sdk\api\UcApi\Lib\Action\IndexAction.class.php 第 5 行.
NOTIC: [2048] Only variables should be passed by reference D:\wwwroot\mainweb\sdk\api\UcApi\Lib\Action\IndexAction.class.php 第 63 行.

[ 2013-12-03T13:09:57+08:00 ] 192.168.178.194 /api/uc.php?time=1386047397&code=7dedPIibeP6aYdAao3og08wcGC4SjYw3FwVclAIoQ%2BVhE12rU6DeJCDkMvIsWNNImZXDyy92d4SGms2UEcPeY3ZsTgWOaZnDGMSx1fFnJhVHh10t2G0K%2Fx4lT29%2BpPbA5%2FEh%2B8NygPIfdRDVx2satRv5hnHLu%2BOq5GUaFi0gn94EUw
INFO: [ app_begin ] --START--
INFO: Run ReadHtmlCache Behavior [ RunTime:0.000717s ]
INFO: [ app_begin ] --END-- [ RunTime:0.000817s ]
NOTIC: [8] Constant UC_CLIENT_VERSION already defined D:\wwwroot\mainweb\sdk\api\UcApi\Lib\Action\IndexAction.class.php 第 4 行.
NOTIC: [8] Constant UC_CLIENT_RELEASE already defined D:\wwwroot\mainweb\sdk\api\UcApi\Lib\Action\IndexAction.class.php 第 5 行.
NOTIC: [2048] Only variables should be passed by reference D:\wwwroot\mainweb\sdk\api\UcApi\Lib\Action\IndexAction.class.php 第 63 行.
NOTIC: [8] Constant API_RETURN_FAILED already defined D:\wwwroot\mainweb\sdk\uc_client\model\note.php 第 16 行.
SQL: SHOW COLUMNS FROM `sdk_accounts` [ RunTime:0.001863s ]
SQL: SELECT * FROM `sdk_accounts` WHERE ( `account_id` = 1591 ) LIMIT 1   [ RunTime:0.000329s ]

[ 2013-12-03T13:14:59+08:00 ] 192.168.149.200 /api/uc.php?time=1386047699&code=31d7r6nnS6rTj%2BRLm%2FEqfMCg%2BBCmAas4mSGIS06lYiWxbhxdLV6LXMIPbPUvdyROBOpu81AA%2Bdge1w0EYRTbQ5Qa5mbk5xzAGdXiwCRm9roZEn8Zb9B5NOmS%2BoHIR%2Boh0NvKfWK9FX5xA%2BrbuyvEazd%2Flt2EMiUKn7l%2FMxiAAs8
INFO: [ app_begin ] --START--
INFO: Run ReadHtmlCache Behavior [ RunTime:0.001215s ]
INFO: [ app_begin ] --END-- [ RunTime:0.001307s ]
NOTIC: [8] Constant UC_CLIENT_VERSION already defined D:\wwwroot\mainweb\sdk\api\UcApi\Lib\Action\IndexAction.class.php 第 4 行.
NOTIC: [8] Constant UC_CLIENT_RELEASE already defined D:\wwwroot\mainweb\sdk\api\UcApi\Lib\Action\IndexAction.class.php 第 5 行.
NOTIC: [2048] Only variables should be passed by reference D:\wwwroot\mainweb\sdk\api\UcApi\Lib\Action\IndexAction.class.php 第 63 行.
NOTIC: [8] Constant API_RETURN_FAILED already defined D:\wwwroot\mainweb\sdk\uc_client\model\note.php 第 16 行.
SQL: SHOW COLUMNS FROM `sdk_accounts` [ RunTime:0.002177s ]
SQL: SELECT * FROM `sdk_accounts` WHERE ( `account_id` = 1806 ) LIMIT 1   [ RunTime:0.000508s ]

[ 2013-12-03T13:35:49+08:00 ] 192.168.181.7 /api/uc.php?time=1386048949&code=8f3fHIhxs7fdcxYIbmbGQXMXLiqxf7kEqPUoNot%2FjoK5bjhAiPNp%2BWygTN1LkO2cKTxleBVeC2OuE%2FmGK5mpqgH1974Qh5uOIW8Omg4p%2B%2FMuJaW8ZNXxh5r5BDkRutmnbG60GSbTBIn0C9m8wNDrK2xB7GEcuab7rLW6N82pMlSh06rypw
INFO: [ app_begin ] --START--
INFO: Run ReadHtmlCache Behavior [ RunTime:0.001040s ]
INFO: [ app_begin ] --END-- [ RunTime:0.001133s ]
NOTIC: [8] Constant UC_CLIENT_VERSION already defined D:\wwwroot\mainweb\sdk\api\UcApi\Lib\Action\IndexAction.class.php 第 4 行.
NOTIC: [8] Constant UC_CLIENT_RELEASE already defined D:\wwwroot\mainweb\sdk\api\UcApi\Lib\Action\IndexAction.class.php 第 5 行.
NOTIC: [2048] Only variables should be passed by reference D:\wwwroot\mainweb\sdk\api\UcApi\Lib\Action\IndexAction.class.php 第 63 行.
NOTIC: [8] Constant API_RETURN_FAILED already defined D:\wwwroot\mainweb\sdk\uc_client\model\note.php 第 16 行.
SQL: SHOW COLUMNS FROM `sdk_accounts` [ RunTime:0.002156s ]
SQL: SELECT * FROM `sdk_accounts` WHERE ( `account_id` = 2023 ) LIMIT 1   [ RunTime:0.000622s ]

[ 2013-12-03T15:01:36+08:00 ] 192.168.201.89 /api/uc.php?time=1386054096&code=7d5eJekqu%2FEcZymxqVuvjIisRmFG4xGVt3%2Bxqen2Uz3cigt0PBaB2oGn%2FNDAVuP%2F9Nge%2FRRByMViPqelhIwYtkH8764fQwekueyDzUkOE%2FrpShhHjEKjnTxeyzqVt4TslypUOZAoajZA17SUl0aRwfiOljuS10yRyG7w6haHrdg
INFO: [ app_begin ] --START--
INFO: Run ReadHtmlCache Behavior [ RunTime:0.001078s ]
INFO: [ app_begin ] --END-- [ RunTime:0.001169s ]
NOTIC: [8] Constant UC_CLIENT_VERSION already defined D:\wwwroot\mainweb\sdk\api\UcApi\Lib\Action\IndexAction.class.php 第 4 行.
NOTIC: [8] Constant UC_CLIENT_RELEASE already defined D:\wwwroot\mainweb\sdk\api\UcApi\Lib\Action\IndexAction.class.php 第 5 行.
NOTIC: [2048] Only variables should be passed by reference D:\wwwroot\mainweb\sdk\api\UcApi\Lib\Action\IndexAction.class.php 第 63 行.
NOTIC: [8] Constant API_RETURN_FAILED already defined D:\wwwroot\mainweb\sdk\uc_client\model\note.php 第 16 行.
SQL: SHOW COLUMNS FROM `sdk_accounts` [ RunTime:0.002487s ]
SQL: SELECT * FROM `sdk_accounts` WHERE ( `account_id` = 2017 ) LIMIT 1   [ RunTime:0.000235s ]

[ 2013-12-03T15:01:59+08:00 ] 192.168.134.215 /api/uc.php?time=1386054118&code=84c4QwrvMg5Fok%2Bha9D5%2Be0D3lgi4uOo1L9VUcveZXOK%2FAo2Gh3R5dUHbNVIW6RY%2FiVrJjkXEVsL4aaYosRuC2iHa%2FFiPziJZKOEuGuyZG8NApehKKiiKLJPbiY3MijaaNkSeGIa1joqRjvAPIfkNPw15ef7fjKdUVpt46%2BAkwpVng
INFO: [ app_begin ] --START--
INFO: Run ReadHtmlCache Behavior [ RunTime:0.000926s ]
INFO: [ app_begin ] --END-- [ RunTime:0.001018s ]
NOTIC: [8] Constant UC_CLIENT_VERSION already defined D:\wwwroot\mainweb\sdk\api\UcApi\Lib\Action\IndexAction.class.php 第 4 行.
NOTIC: [8] Constant UC_CLIENT_RELEASE already defined D:\wwwroot\mainweb\sdk\api\UcApi\Lib\Action\IndexAction.class.php 第 5 行.
NOTIC: [2048] Only variables should be passed by reference D:\wwwroot\mainweb\sdk\api\UcApi\Lib\Action\IndexAction.class.php 第 63 行.
NOTIC: [8] Constant API_RETURN_FAILED already defined D:\wwwroot\mainweb\sdk\uc_client\model\note.php 第 16 行.
SQL: SHOW COLUMNS FROM `sdk_accounts` [ RunTime:0.002158s ]
SQL: SELECT * FROM `sdk_accounts` WHERE ( `account_id` = 1777 ) LIMIT 1   [ RunTime:0.000528s ]

[ 2013-12-03T16:57:49+08:00 ] 192.168.205.159 /api/uc.php?time=1386061069&code=757d1%2BBoPlitv1%2BJh5KJ0KLlseB8NdXtIFfEMIR%2FDisw1u8KjzZoqKpQNDN%2Bragm%2BcgwjR572dc0NKiRkAHX0HwUzabIKC1jCT6iaoGZfuNWYcCODkysVDDihHcnMRSf0f1UvTtaRWce806Rj4yzR8y4a9iB27azZuvXF5GodW2iuSJdSjvE4w
INFO: [ app_begin ] --START--
INFO: Run ReadHtmlCache Behavior [ RunTime:0.001061s ]
INFO: [ app_begin ] --END-- [ RunTime:0.001151s ]
NOTIC: [8] Constant UC_CLIENT_VERSION already defined D:\wwwroot\mainweb\sdk\api\UcApi\Lib\Action\IndexAction.class.php 第 4 行.
NOTIC: [8] Constant UC_CLIENT_RELEASE already defined D:\wwwroot\mainweb\sdk\api\UcApi\Lib\Action\IndexAction.class.php 第 5 行.
NOTIC: [2048] Only variables should be passed by reference D:\wwwroot\mainweb\sdk\api\UcApi\Lib\Action\IndexAction.class.php 第 63 行.
NOTIC: [8] Constant API_RETURN_FAILED already defined D:\wwwroot\mainweb\sdk\uc_client\model\note.php 第 16 行.
SQL: SHOW COLUMNS FROM `sdk_accounts` [ RunTime:0.002433s ]
SQL: SELECT * FROM `sdk_accounts` WHERE ( `account_id` = 1195 ) LIMIT 1   [ RunTime:0.000313s ]

[ 2013-12-03T17:38:40+08:00 ] 192.168.139.79 /api/uc.php?time=1386063520&code=f1daV89gCW6IQmv07Xz%2BOt32hyz%2BmB8E0Ui%2FeJzC1ik%2FbrjU%2F4I9b2ESCasXQ063zSlDtiqcYITQKXKamzdSx93wWqbc0rEbj%2BW0Hm3CK8zuLhNtgBW1Ckd5NStOsaqFwyXcYB57MOsQg%2BplUgmeoX0yvsQIQfHRUFkag0wS2c0
INFO: [ app_begin ] --START--
INFO: Run ReadHtmlCache Behavior [ RunTime:0.001404s ]
INFO: [ app_begin ] --END-- [ RunTime:0.001497s ]
NOTIC: [8] Constant UC_CLIENT_VERSION already defined D:\wwwroot\mainweb\sdk\api\UcApi\Lib\Action\IndexAction.class.php 第 4 行.
NOTIC: [8] Constant UC_CLIENT_RELEASE already defined D:\wwwroot\mainweb\sdk\api\UcApi\Lib\Action\IndexAction.class.php 第 5 行.
NOTIC: [2048] Only variables should be passed by reference D:\wwwroot\mainweb\sdk\api\UcApi\Lib\Action\IndexAction.class.php 第 63 行.
NOTIC: [8] Constant API_RETURN_FAILED already defined D:\wwwroot\mainweb\sdk\uc_client\model\note.php 第 16 行.
SQL: SHOW COLUMNS FROM `sdk_accounts` [ RunTime:0.002570s ]
SQL: SELECT * FROM `sdk_accounts` WHERE ( `account_id` = 910 ) LIMIT 1   [ RunTime:0.000577s ]

[ 2013-12-03T17:51:18+08:00 ] 192.168.170.89 /api/uc.php?time=1386064277&code=9f632tXb3vGZaM6fFWqDvBSDfAXEyrM94mvAh5KT7tdFRCaY65OCSbBiRxPSP5sZKrxIlwiq5LofoJ7jCfGRC23JaiQUgyb3cIo28bb0f2c9JYglJp%2Bqtw%2FAuzdI8m0q68nXl7KAowBCHXkee6a6aZqe3nHmIcvVQpClwvrn
INFO: [ app_begin ] --START--
INFO: Run ReadHtmlCache Behavior [ RunTime:0.001165s ]
INFO: [ app_begin ] --END-- [ RunTime:0.001257s ]
NOTIC: [8] Constant UC_CLIENT_VERSION already defined D:\wwwroot\mainweb\sdk\api\UcApi\Lib\Action\IndexAction.class.php 第 4 行.
NOTIC: [8] Constant UC_CLIENT_RELEASE already defined D:\wwwroot\mainweb\sdk\api\UcApi\Lib\Action\IndexAction.class.php 第 5 行.
NOTIC: [2048] Only variables should be passed by reference D:\wwwroot\mainweb\sdk\api\UcApi\Lib\Action\IndexAction.class.php 第 63 行.
NOTIC: [8] Constant API_RETURN_FAILED already defined D:\wwwroot\mainweb\sdk\uc_client\model\note.php 第 16 行.
SQL: SHOW COLUMNS FROM `sdk_accounts` [ RunTime:0.002224s ]
SQL: SELECT * FROM `sdk_accounts` WHERE ( `account_id` = 2508 ) LIMIT 1   [ RunTime:0.000465s ]

[ 2013-12-03T21:28:57+08:00 ] 192.168.200.218 /api/uc.php?time=1386077336&code=c5c89ie1ody8tno5SJGCokXCM9BXaNdtTYm0FBRDJwdC8iY7Um6RJ%2FKOqGWGocoSX9Y3BNwe839lwhWcYnueidJ%2F5%2B9UbPY0%2Fr13snBcCRIcaorJLFNEpNK7DkGjkQDWYPUrsOO2githWEBehQ3GU96HUAPRclZNv1dDDKN7u5e5fQ
INFO: [ app_begin ] --START--
INFO: Run ReadHtmlCache Behavior [ RunTime:0.001022s ]
INFO: [ app_begin ] --END-- [ RunTime:0.001114s ]
NOTIC: [8] Constant UC_CLIENT_VERSION already defined D:\wwwroot\mainweb\sdk\api\UcApi\Lib\Action\IndexAction.class.php 第 4 行.
NOTIC: [8] Constant UC_CLIENT_RELEASE already defined D:\wwwroot\mainweb\sdk\api\UcApi\Lib\Action\IndexAction.class.php 第 5 行.
NOTIC: [2048] Only variables should be passed by reference D:\wwwroot\mainweb\sdk\api\UcApi\Lib\Action\IndexAction.class.php 第 63 行.
NOTIC: [8] Constant API_RETURN_FAILED already defined D:\wwwroot\mainweb\sdk\uc_client\model\note.php 第 16 行.
SQL: SHOW COLUMNS FROM `sdk_accounts` [ RunTime:0.002164s ]
SQL: SELECT * FROM `sdk_accounts` WHERE ( `account_id` = 1657 ) LIMIT 1   [ RunTime:0.000422s ]

[ 2013-12-03T21:46:47+08:00 ] 192.168.203.158 /api/uc.php?time=1386078406&code=d989TLEKdkx0iKBlh7h25KNDcVH32Z3dF%2FbgxRo3b4Jknx%2F2WMWT4VEvdTevwNsRBumSB74muadd157%2F8m4hATHzza2ONlL5GslSmPWmaEFrUMLD6%2FFEATF7Q3%2BG58ZNaSfi%2Fwe1cj7rhfJ3Vw4%2B0MVAsjbLexmADu%2FOdkc
INFO: [ app_begin ] --START--
INFO: Run ReadHtmlCache Behavior [ RunTime:0.001344s ]
INFO: [ app_begin ] --END-- [ RunTime:0.001436s ]
NOTIC: [8] Constant UC_CLIENT_VERSION already defined D:\wwwroot\mainweb\sdk\api\UcApi\Lib\Action\IndexAction.class.php 第 4 行.
NOTIC: [8] Constant UC_CLIENT_RELEASE already defined D:\wwwroot\mainweb\sdk\api\UcApi\Lib\Action\IndexAction.class.php 第 5 行.
NOTIC: [2048] Only variables should be passed by reference D:\wwwroot\mainweb\sdk\api\UcApi\Lib\Action\IndexAction.class.php 第 63 行.
NOTIC: [8] Constant API_RETURN_FAILED already defined D:\wwwroot\mainweb\sdk\uc_client\model\note.php 第 16 行.
SQL: SHOW COLUMNS FROM `sdk_accounts` [ RunTime:0.011830s ]
SQL: SELECT * FROM `sdk_accounts` WHERE ( `account_id` = 628 ) LIMIT 1   [ RunTime:0.000666s ]

[ 2013-12-03T21:49:17+08:00 ] 192.168.178.231 /api/uc.php?time=1386078557&code=316bfaKlUPc40iJb8NXiMJ8jYvS1bvX8khdEkBYlMcL7f%2Bb7IE7N7KCSnmAcsCc583J1BqSsFb59g4houz53nxFQiO1V0j%2Fe9A%2BomwbLPaLZ6bTKqwnvQqVliQR%2FAKAIWhW%2F7nXD4eOfcdiVSUDNB7Kf0TxIvtmdLoTdGNNc3JMPsS0FRNAsHg
INFO: [ app_begin ] --START--
INFO: Run ReadHtmlCache Behavior [ RunTime:0.001075s ]
INFO: [ app_begin ] --END-- [ RunTime:0.001165s ]
NOTIC: [8] Constant UC_CLIENT_VERSION already defined D:\wwwroot\mainweb\sdk\api\UcApi\Lib\Action\IndexAction.class.php 第 4 行.
NOTIC: [8] Constant UC_CLIENT_RELEASE already defined D:\wwwroot\mainweb\sdk\api\UcApi\Lib\Action\IndexAction.class.php 第 5 行.
NOTIC: [2048] Only variables should be passed by reference D:\wwwroot\mainweb\sdk\api\UcApi\Lib\Action\IndexAction.class.php 第 63 行.
NOTIC: [8] Constant API_RETURN_FAILED already defined D:\wwwroot\mainweb\sdk\uc_client\model\note.php 第 16 行.
SQL: SHOW COLUMNS FROM `sdk_accounts` [ RunTime:0.002344s ]
SQL: SELECT * FROM `sdk_accounts` WHERE ( `account_id` = 1900 ) LIMIT 1   [ RunTime:0.000550s ]

[ 2013-12-03T22:50:33+08:00 ] 192.168.143.158 /api/uc.php?time=1386082233&code=7c274iPB0AutUuA8wd9KLyv%2BvlYmWV1sLrcE6%2BPOokxXDUA4mqgaLStHS%2BDropqsgQnRGE9%2BtLscVdhfNi3pgXlwZCnyd%2Bwh9FJbhVGz157Oolf7UAJlH3HN3Mkjv4LTU1NftXedE54eiFvlITb9ZSSXWJjCA3%2Bm%2FtE0UcaN1VWIhw
INFO: [ app_begin ] --START--
INFO: Run ReadHtmlCache Behavior [ RunTime:0.001190s ]
INFO: [ app_begin ] --END-- [ RunTime:0.001283s ]
NOTIC: [8] Constant UC_CLIENT_VERSION already defined D:\wwwroot\mainweb\sdk\api\UcApi\Lib\Action\IndexAction.class.php 第 4 行.
NOTIC: [8] Constant UC_CLIENT_RELEASE already defined D:\wwwroot\mainweb\sdk\api\UcApi\Lib\Action\IndexAction.class.php 第 5 行.
NOTIC: [2048] Only variables should be passed by reference D:\wwwroot\mainweb\sdk\api\UcApi\Lib\Action\IndexAction.class.php 第 63 行.
NOTIC: [8] Constant API_RETURN_FAILED already defined D:\wwwroot\mainweb\sdk\uc_client\model\note.php 第 16 行.
SQL: SHOW COLUMNS FROM `sdk_accounts` [ RunTime:0.002248s ]
SQL: SELECT * FROM `sdk_accounts` WHERE ( `account_id` = 2293 ) LIMIT 1   [ RunTime:0.022252s ]

[ 2013-12-03T23:22:18+08:00 ] 192.168.182.116 /api/uc.php?time=1386084138&code=0cd1C43GzeX4C1zxK1Un5BrMFDRMT%2FemdaRQUpRsXSQ5sQZtTLUqVBzQXrpZ0sW4SxDf5o%2FO%2BUM2IqUrMnxeow2b%2B5KnEOLUuWVQayNjtonF%2FHyaeD9xeFy3BHjU66xeyWjTNg%2FS3dfCKY7CRsfz1AJ1d4pqkRxFM%2FXrmlnTffNg
INFO: [ app_begin ] --START--
INFO: Run ReadHtmlCache Behavior [ RunTime:0.001045s ]
INFO: [ app_begin ] --END-- [ RunTime:0.001147s ]
NOTIC: [8] Constant UC_CLIENT_VERSION already defined D:\wwwroot\mainweb\sdk\api\UcApi\Lib\Action\IndexAction.class.php 第 4 行.
NOTIC: [8] Constant UC_CLIENT_RELEASE already defined D:\wwwroot\mainweb\sdk\api\UcApi\Lib\Action\IndexAction.class.php 第 5 行.
NOTIC: [2048] Only variables should be passed by reference D:\wwwroot\mainweb\sdk\api\UcApi\Lib\Action\IndexAction.class.php 第 63 行.
NOTIC: [8] Constant API_RETURN_FAILED already defined D:\wwwroot\mainweb\sdk\uc_client\model\note.php 第 16 行.
SQL: SHOW COLUMNS FROM `sdk_accounts` [ RunTime:0.002363s ]
SQL: SELECT * FROM `sdk_accounts` WHERE ( `account_id` = 2573 ) LIMIT 1   [ RunTime:0.022149s ]

