[ 2013-10-08T00:06:40+08:00 ] 192.168.202.216 /api/uc.php?time=1381162000&code=bd9fvgz445JmZhajw0NVGYwjg8mRikkfyRWgvjxa%2Fo6cU94J%2FhzfF1Ff9GSk%2FcM18tZD0i%2F5WOF1fuySjIBhQYxz6n%2BOOOeDIUlx7yEgAFk3Itv%2ByfLOpyJ3Iaxz007EIJIN0vRyxc%2Ba8v08iyHLz1m19N6NMebQHELDGHWEVg
INFO: [ app_begin ] --START--
INFO: Run ReadHtmlCache Behavior [ RunTime:0.001359s ]
INFO: [ app_begin ] --END-- [ RunTime:0.001452s ]
NOTIC: [8] Constant UC_CLIENT_VERSION already defined D:\wwwroot\mainweb\sdk\api\UcApi\Lib\Action\IndexAction.class.php 第 4 行.
NOTIC: [8] Constant UC_CLIENT_RELEASE already defined D:\wwwroot\mainweb\sdk\api\UcApi\Lib\Action\IndexAction.class.php 第 5 行.
NOTIC: [2048] Only variables should be passed by reference D:\wwwroot\mainweb\sdk\api\UcApi\Lib\Action\IndexAction.class.php 第 63 行.
NOTIC: [8] Constant API_RETURN_FAILED already defined D:\wwwroot\mainweb\sdk\uc_client\model\note.php 第 16 行.
SQL: SHOW COLUMNS FROM `sdk_accounts` [ RunTime:0.002253s ]
SQL: SELECT * FROM `sdk_accounts` WHERE ( `account_id` = 2303 ) LIMIT 1   [ RunTime:0.000555s ]

[ 2013-10-08T07:15:45+08:00 ] 192.168.139.230 /api/uc.php?time=1381187745&code=e878MQFuaqCxlP7%2Fs0sFnhpRKA92CkJTdcMb8dHsGUdIVXzRNt%2BgtTGYShbysoBeG5SLWe8dQIsWrdO5yivlvBdol7naLbzH4MK5VILiaXd%2FWbKxWCxamO6AD%2FrE%2FZ08JMaP%2F%2BKZ8obrc9EcOAN%2BpNFmzy6UkdHArwvXD3GevYJA
INFO: [ app_begin ] --START--
INFO: Run ReadHtmlCache Behavior [ RunTime:0.001282s ]
INFO: [ app_begin ] --END-- [ RunTime:0.001377s ]
NOTIC: [8] Constant UC_CLIENT_VERSION already defined D:\wwwroot\mainweb\sdk\api\UcApi\Lib\Action\IndexAction.class.php 第 4 行.
NOTIC: [8] Constant UC_CLIENT_RELEASE already defined D:\wwwroot\mainweb\sdk\api\UcApi\Lib\Action\IndexAction.class.php 第 5 行.
NOTIC: [2048] Only variables should be passed by reference D:\wwwroot\mainweb\sdk\api\UcApi\Lib\Action\IndexAction.class.php 第 63 行.
NOTIC: [8] Constant API_RETURN_FAILED already defined D:\wwwroot\mainweb\sdk\uc_client\model\note.php 第 16 行.
SQL: SHOW COLUMNS FROM `sdk_accounts` [ RunTime:0.002143s ]
SQL: SELECT * FROM `sdk_accounts` WHERE ( `account_id` = 2430 ) LIMIT 1   [ RunTime:0.000453s ]

[ 2013-10-08T08:12:24+08:00 ] 192.168.136.158 /api/uc.php?time=1381191144&code=ee80cgmEbPszIxoQR95a1Yl2mxaM1YK1qXGgZPFoP%2FL6x1Y8f03Cg3IWVZm6Ai2CtQUJjmyvU3DOOjiJfB2G9seeA2qAXXwBnUjDcWfAq1zLu%2B0ePM0KnzMR2qevaZ4vM7FIg7RDlng9DiVZPJvME4bp%2Bzo%2Bc66Zs6vBjzkirWVpjg
INFO: [ app_begin ] --START--
INFO: Run ReadHtmlCache Behavior [ RunTime:0.001308s ]
INFO: [ app_begin ] --END-- [ RunTime:0.001398s ]
NOTIC: [8] Constant UC_CLIENT_VERSION already defined D:\wwwroot\mainweb\sdk\api\UcApi\Lib\Action\IndexAction.class.php 第 4 行.
NOTIC: [8] Constant UC_CLIENT_RELEASE already defined D:\wwwroot\mainweb\sdk\api\UcApi\Lib\Action\IndexAction.class.php 第 5 行.
NOTIC: [2048] Only variables should be passed by reference D:\wwwroot\mainweb\sdk\api\UcApi\Lib\Action\IndexAction.class.php 第 63 行.
NOTIC: [8] Constant API_RETURN_FAILED already defined D:\wwwroot\mainweb\sdk\uc_client\model\note.php 第 16 行.
SQL: SHOW COLUMNS FROM `sdk_accounts` [ RunTime:0.002283s ]
SQL: SELECT * FROM `sdk_accounts` WHERE ( `account_id` = 1560 ) LIMIT 1   [ RunTime:0.000592s ]

[ 2013-10-08T08:14:33+08:00 ] 172.16.108.117 /api/uc.php?time=1381191272&code=6e02p%2FTi3sxeuyaXWBEPBBtpdtDuTJZ4RI6n7DwzwZ%2BqYU2Pugxc6Nj9oEtE1FcKmPNY%2BHWVIcMm3FzgW5TQySkAouiif5F31WRIrgIdTUJ0Rd87Y45I6OTy3a%2FfI8vLQy1KGaEWCXKTco4xKOTQqihoLEhF4m35xN3NeZpUVimrAw
INFO: [ app_begin ] --START--
INFO: Run ReadHtmlCache Behavior [ RunTime:0.001307s ]
INFO: [ app_begin ] --END-- [ RunTime:0.001399s ]
NOTIC: [8] Constant UC_CLIENT_VERSION already defined D:\wwwroot\mainweb\sdk\api\UcApi\Lib\Action\IndexAction.class.php 第 4 行.
NOTIC: [8] Constant UC_CLIENT_RELEASE already defined D:\wwwroot\mainweb\sdk\api\UcApi\Lib\Action\IndexAction.class.php 第 5 行.
NOTIC: [2048] Only variables should be passed by reference D:\wwwroot\mainweb\sdk\api\UcApi\Lib\Action\IndexAction.class.php 第 63 行.
NOTIC: [8] Constant API_RETURN_FAILED already defined D:\wwwroot\mainweb\sdk\uc_client\model\note.php 第 16 行.
SQL: SHOW COLUMNS FROM `sdk_accounts` [ RunTime:0.002241s ]
SQL: SELECT * FROM `sdk_accounts` WHERE ( `account_id` = 2396 ) LIMIT 1   [ RunTime:0.000431s ]

[ 2013-10-08T08:22:17+08:00 ] 192.168.140.212 /api/uc.php?time=1381191737&code=a39dyLlsYynotP5z0fEMNWHSw9wbaUMQXpYR0NpZbP8wkcr%2BOg5UOXxZ5tm745hF1oQ0EeEHEl7YbGxlOMnrWryR3R48vL8DCBQBhUm4ra%2FYDWadDIPT8kBXcyYr5DASyWHf1MCkCQA2geiucsL1RpqdQ6U7TvxZqxp5pQg
INFO: [ app_begin ] --START--
INFO: Run ReadHtmlCache Behavior [ RunTime:0.001348s ]
INFO: [ app_begin ] --END-- [ RunTime:0.001445s ]
NOTIC: [8] Constant UC_CLIENT_VERSION already defined D:\wwwroot\mainweb\sdk\api\UcApi\Lib\Action\IndexAction.class.php 第 4 行.
NOTIC: [8] Constant UC_CLIENT_RELEASE already defined D:\wwwroot\mainweb\sdk\api\UcApi\Lib\Action\IndexAction.class.php 第 5 行.
NOTIC: [2048] Only variables should be passed by reference D:\wwwroot\mainweb\sdk\api\UcApi\Lib\Action\IndexAction.class.php 第 63 行.
NOTIC: [8] Constant API_RETURN_FAILED already defined D:\wwwroot\mainweb\sdk\uc_client\model\note.php 第 16 行.
SQL: SHOW COLUMNS FROM `sdk_accounts` [ RunTime:0.001967s ]
SQL: SELECT * FROM `sdk_accounts` WHERE ( `account_id` = 680 ) LIMIT 1   [ RunTime:0.000436s ]

[ 2013-10-08T08:55:33+08:00 ] 192.168.251.66 /api/uc.php?time=1381193733&code=c3f8OiGWQSRl%2FYSVydje%2FDG8Vjb%2BY78okw1RXGcFkC9TpIluOyWfV8XcLQAemg26VxkOmKXaT0rYWz5anBzKf6yPPzQ0CN1gcNj83yu1UN9sdzQefXcv03Av3abOcghSYnwTYVAAgWW4cC31oNVU82KTZj2hE%2BpOPORip7HORR%2BJzg
INFO: [ app_begin ] --START--
INFO: Run ReadHtmlCache Behavior [ RunTime:0.001859s ]
INFO: [ app_begin ] --END-- [ RunTime:0.001994s ]
NOTIC: [8] Constant UC_CLIENT_VERSION already defined D:\wwwroot\mainweb\sdk\api\UcApi\Lib\Action\IndexAction.class.php 第 4 行.
NOTIC: [8] Constant UC_CLIENT_RELEASE already defined D:\wwwroot\mainweb\sdk\api\UcApi\Lib\Action\IndexAction.class.php 第 5 行.
NOTIC: [2048] Only variables should be passed by reference D:\wwwroot\mainweb\sdk\api\UcApi\Lib\Action\IndexAction.class.php 第 63 行.
NOTIC: [8] Constant API_RETURN_FAILED already defined D:\wwwroot\mainweb\sdk\uc_client\model\note.php 第 16 行.
SQL: SHOW COLUMNS FROM `sdk_accounts` [ RunTime:0.002083s ]
SQL: SELECT * FROM `sdk_accounts` WHERE ( `account_id` = 2442 ) LIMIT 1   [ RunTime:0.000304s ]

[ 2013-10-08T08:55:54+08:00 ] 192.168.251.66 /api/uc.php?time=1381193754&code=d06bqI61rIWH%2FtSgddp77jEI9wv5rzA0D3MuxR75znFEIVynF1rhARO0p4iaxWHE1ObsKDfgDlO5z2GD9A
INFO: [ app_begin ] --START--
INFO: Run ReadHtmlCache Behavior [ RunTime:0.001140s ]
INFO: [ app_begin ] --END-- [ RunTime:0.001232s ]
NOTIC: [8] Constant UC_CLIENT_VERSION already defined D:\wwwroot\mainweb\sdk\api\UcApi\Lib\Action\IndexAction.class.php 第 4 行.
NOTIC: [8] Constant UC_CLIENT_RELEASE already defined D:\wwwroot\mainweb\sdk\api\UcApi\Lib\Action\IndexAction.class.php 第 5 行.
NOTIC: [2048] Only variables should be passed by reference D:\wwwroot\mainweb\sdk\api\UcApi\Lib\Action\IndexAction.class.php 第 63 行.

[ 2013-10-08T08:55:54+08:00 ] 192.168.251.66 /api/uc.php?time=1381193754&code=d06bqI61rIWH%2FtSgddp77jEI9wv5rzA0D3MuxR75znFEIVynF1rhARO0p4iaxWHE1ObsKDfgDlO5z2GD9A
INFO: [ app_begin ] --START--
INFO: Run ReadHtmlCache Behavior [ RunTime:0.001088s ]
INFO: [ app_begin ] --END-- [ RunTime:0.001181s ]
NOTIC: [8] Constant UC_CLIENT_VERSION already defined D:\wwwroot\mainweb\sdk\api\UcApi\Lib\Action\IndexAction.class.php 第 4 行.
NOTIC: [8] Constant UC_CLIENT_RELEASE already defined D:\wwwroot\mainweb\sdk\api\UcApi\Lib\Action\IndexAction.class.php 第 5 行.
NOTIC: [2048] Only variables should be passed by reference D:\wwwroot\mainweb\sdk\api\UcApi\Lib\Action\IndexAction.class.php 第 63 行.

[ 2013-10-08T09:25:01+08:00 ] 192.168.132.145 /api/uc.php?time=1381195501&code=cec4M1o10in%2BxFdRBQPcNUmHULM3IXrUCfDCA81GrN1tOCbmH%2BGEW%2Bj0S9v4qKxCU4vUlU1bouFibDqCgaci%2BmHioafrvfAJmpUoQo0aeZQh4LKqHl51j5eGGZPPwLvi3Z9wZtirKb5BQinh3zRIby4yt%2BMInDXJ4mzwY28tCzF0
INFO: [ app_begin ] --START--
INFO: Run ReadHtmlCache Behavior [ RunTime:0.001299s ]
INFO: [ app_begin ] --END-- [ RunTime:0.001392s ]
NOTIC: [8] Constant UC_CLIENT_VERSION already defined D:\wwwroot\mainweb\sdk\api\UcApi\Lib\Action\IndexAction.class.php 第 4 行.
NOTIC: [8] Constant UC_CLIENT_RELEASE already defined D:\wwwroot\mainweb\sdk\api\UcApi\Lib\Action\IndexAction.class.php 第 5 行.
NOTIC: [2048] Only variables should be passed by reference D:\wwwroot\mainweb\sdk\api\UcApi\Lib\Action\IndexAction.class.php 第 63 行.
NOTIC: [8] Constant API_RETURN_FAILED already defined D:\wwwroot\mainweb\sdk\uc_client\model\note.php 第 16 行.
SQL: SHOW COLUMNS FROM `sdk_accounts` [ RunTime:0.002238s ]
SQL: SELECT * FROM `sdk_accounts` WHERE ( `account_id` = 1839 ) LIMIT 1   [ RunTime:0.000428s ]

[ 2013-10-08T09:33:04+08:00 ] 192.168.199.132 /api/uc.php?time=1381195984&code=505fSKPDk34NOS4gvlbY%2FkOuHL9WnTQRYGvOXFTO68sC3mJl%2Fqvb6UiKG8e%2F%2B15qB%2F4kHTI8Jig7qahdjav%2BRTQiUgzG6oXIambojj5gkExaBo%2FvrQj%2FmMyTP9jllZ4L3lQNJorP5rWZ9EQ6UO4s%2BDY8C84QM2iIDBfo9SCdq2aJrXxb3FH1XQ
INFO: [ app_begin ] --START--
INFO: Run ReadHtmlCache Behavior [ RunTime:0.001239s ]
INFO: [ app_begin ] --END-- [ RunTime:0.001329s ]
NOTIC: [8] Constant UC_CLIENT_VERSION already defined D:\wwwroot\mainweb\sdk\api\UcApi\Lib\Action\IndexAction.class.php 第 4 行.
NOTIC: [8] Constant UC_CLIENT_RELEASE already defined D:\wwwroot\mainweb\sdk\api\UcApi\Lib\Action\IndexAction.class.php 第 5 行.
NOTIC: [2048] Only variables should be passed by reference D:\wwwroot\mainweb\sdk\api\UcApi\Lib\Action\IndexAction.class.php 第 63 行.
NOTIC: [8] Constant API_RETURN_FAILED already defined D:\wwwroot\mainweb\sdk\uc_client\model\note.php 第 16 行.
SQL: SHOW COLUMNS FROM `sdk_accounts` [ RunTime:0.001834s ]
SQL: SELECT * FROM `sdk_accounts` WHERE ( `account_id` = 2473 ) LIMIT 1   [ RunTime:0.000422s ]
SQL: INSERT INTO `sdk_accounts` (`account_id`,`user_name`,`email`,`password`,`reg_time`) VALUES (2473,'小小的橘子','418794884@qq.com','0a384f5ad4d55f50593ecc793187366968a78797',1381195984) [ RunTime:0.000879s ]

[ 2013-10-08T09:41:43+08:00 ] 192.168.199.132 /api/uc.php?time=1381196502&code=4db7%2B8zTM6br1KkoJSP03M%2B8NaXdZcQlOkJhPT0HQ1n3%2Fs6w22oc%2BzFwTMTiPvfWHG1zjWE2%2BhrNci8sb%2BNEZP9YXi%2BHl4dSpo64e8HC0mlajsXTE6lYYu4wGmFowWBqBLRM%2FK4hX1nwhbAEWhbjawfYHqD0diaSHwFLbOTleucNyClBla%2BwJg
INFO: [ app_begin ] --START--
INFO: Run ReadHtmlCache Behavior [ RunTime:0.001387s ]
INFO: [ app_begin ] --END-- [ RunTime:0.001480s ]
NOTIC: [8] Constant UC_CLIENT_VERSION already defined D:\wwwroot\mainweb\sdk\api\UcApi\Lib\Action\IndexAction.class.php 第 4 行.
NOTIC: [8] Constant UC_CLIENT_RELEASE already defined D:\wwwroot\mainweb\sdk\api\UcApi\Lib\Action\IndexAction.class.php 第 5 行.
NOTIC: [2048] Only variables should be passed by reference D:\wwwroot\mainweb\sdk\api\UcApi\Lib\Action\IndexAction.class.php 第 63 行.
NOTIC: [8] Constant API_RETURN_FAILED already defined D:\wwwroot\mainweb\sdk\uc_client\model\note.php 第 16 行.
SQL: SHOW COLUMNS FROM `sdk_accounts` [ RunTime:0.002153s ]
SQL: SELECT * FROM `sdk_accounts` WHERE ( `account_id` = 2473 ) LIMIT 1   [ RunTime:0.000559s ]

[ 2013-10-08T09:41:50+08:00 ] 59.42.39.114 /api/uc.php?time=1381196509&code=4852E8Xi%2FrMl1LZxnEesO2n%2FVM5CKE%2B9mn95iv6fEaU3gEgxPRSN8Yf0ZHrFhZnAzMMfJNOMzxDUJX4dvE6ChIO6JWvxcFK2HTYeqn3WvBXlL6Vb8J30W9mMnutghx3JSXzWrASnIhcavZMcso%2B9egnU1jL4NcNxr7fgTRcqja%2BSWC90
INFO: [ app_begin ] --START--
INFO: Run ReadHtmlCache Behavior [ RunTime:0.001102s ]
INFO: [ app_begin ] --END-- [ RunTime:0.001193s ]
NOTIC: [8] Constant UC_CLIENT_VERSION already defined D:\wwwroot\mainweb\sdk\api\UcApi\Lib\Action\IndexAction.class.php 第 4 行.
NOTIC: [8] Constant UC_CLIENT_RELEASE already defined D:\wwwroot\mainweb\sdk\api\UcApi\Lib\Action\IndexAction.class.php 第 5 行.
NOTIC: [2048] Only variables should be passed by reference D:\wwwroot\mainweb\sdk\api\UcApi\Lib\Action\IndexAction.class.php 第 63 行.
NOTIC: [8] Constant API_RETURN_FAILED already defined D:\wwwroot\mainweb\sdk\uc_client\model\note.php 第 16 行.
SQL: SHOW COLUMNS FROM `sdk_accounts` [ RunTime:0.001935s ]
SQL: SELECT * FROM `sdk_accounts` WHERE ( `account_id` = 896 ) LIMIT 1   [ RunTime:0.000542s ]

[ 2013-10-08T10:53:59+08:00 ] 192.168.129.15 /api/uc.php?time=1381200839&code=d7a6sb3muHXp0VgQICTekFkKevXZMMS9GG61sEDYQPgv%2BmqErPOJzetddXIGk9tSiKWCPobH233TjZiaacHWMMRyODMLJZk55ah%2BqgHQEUpLq3ukZ73Ma096hnci20fTxjVN70g5qNR1d1UGygMAKKYZs9x4brjifAdExdkaXi0
INFO: [ app_begin ] --START--
INFO: Run ReadHtmlCache Behavior [ RunTime:0.000997s ]
INFO: [ app_begin ] --END-- [ RunTime:0.001096s ]
NOTIC: [8] Constant UC_CLIENT_VERSION already defined D:\wwwroot\mainweb\sdk\api\UcApi\Lib\Action\IndexAction.class.php 第 4 行.
NOTIC: [8] Constant UC_CLIENT_RELEASE already defined D:\wwwroot\mainweb\sdk\api\UcApi\Lib\Action\IndexAction.class.php 第 5 行.
NOTIC: [2048] Only variables should be passed by reference D:\wwwroot\mainweb\sdk\api\UcApi\Lib\Action\IndexAction.class.php 第 63 行.
NOTIC: [8] Constant API_RETURN_FAILED already defined D:\wwwroot\mainweb\sdk\uc_client\model\note.php 第 16 行.
SQL: SHOW COLUMNS FROM `sdk_accounts` [ RunTime:0.002363s ]
SQL: SELECT * FROM `sdk_accounts` WHERE ( `account_id` = 2183 ) LIMIT 1   [ RunTime:0.000538s ]

[ 2013-10-08T11:32:33+08:00 ] 192.168.177.215 /api/uc.php?time=1381203153&code=64ecSZApIQCjo8sMklK%2B0RJLdqsLuXWyWl%2BVPl96dYiE4V5lALogP0KWxaNhnIap3mYUlOpnx4mMS6ovte4tLnlFrLH1w0oT%2BiT18ImsFkZU%2FwQ9ZStR6y89bKv2do9EAWG%2BgjkNcy4xVi8jqxvuvSWyIA9UL7Guz7plRIExB7w
INFO: [ app_begin ] --START--
INFO: Run ReadHtmlCache Behavior [ RunTime:0.001081s ]
INFO: [ app_begin ] --END-- [ RunTime:0.001176s ]
NOTIC: [8] Constant UC_CLIENT_VERSION already defined D:\wwwroot\mainweb\sdk\api\UcApi\Lib\Action\IndexAction.class.php 第 4 行.
NOTIC: [8] Constant UC_CLIENT_RELEASE already defined D:\wwwroot\mainweb\sdk\api\UcApi\Lib\Action\IndexAction.class.php 第 5 行.
NOTIC: [2048] Only variables should be passed by reference D:\wwwroot\mainweb\sdk\api\UcApi\Lib\Action\IndexAction.class.php 第 63 行.
NOTIC: [8] Constant API_RETURN_FAILED already defined D:\wwwroot\mainweb\sdk\uc_client\model\note.php 第 16 行.
SQL: SHOW COLUMNS FROM `sdk_accounts` [ RunTime:0.002441s ]
SQL: SELECT * FROM `sdk_accounts` WHERE ( `account_id` = 2474 ) LIMIT 1   [ RunTime:0.000557s ]
SQL: INSERT INTO `sdk_accounts` (`account_id`,`user_name`,`email`,`password`,`reg_time`) VALUES (2474,'Arilins','2668651482@qq.com','8bafeb67a644a392d0ae9c49c9ed7fd2dee147f1',1381203153) [ RunTime:0.000631s ]

[ 2013-10-08T11:33:16+08:00 ] 192.168.177.215 /api/uc.php?time=1381203195&code=8b10RDAEt8NHtK7K4iLh4ibmH5T0uE91uHyI7DdT6yLJ%2Fnl5CUQVmt8PvFlsslwx9Xe8akxhwp%2B7xea2ID%2BOJucsgNeHeUstzmlsn%2FpxSwWHmBv%2FEU4mjKGODK8%2BZS%2Ba91TPygrA2U%2FnP%2FmbF1PZSLG5MTRoQoglGbUXvTm%2BD3U
INFO: [ app_begin ] --START--
INFO: Run ReadHtmlCache Behavior [ RunTime:0.001073s ]
INFO: [ app_begin ] --END-- [ RunTime:0.001169s ]
NOTIC: [8] Constant UC_CLIENT_VERSION already defined D:\wwwroot\mainweb\sdk\api\UcApi\Lib\Action\IndexAction.class.php 第 4 行.
NOTIC: [8] Constant UC_CLIENT_RELEASE already defined D:\wwwroot\mainweb\sdk\api\UcApi\Lib\Action\IndexAction.class.php 第 5 行.
NOTIC: [2048] Only variables should be passed by reference D:\wwwroot\mainweb\sdk\api\UcApi\Lib\Action\IndexAction.class.php 第 63 行.
NOTIC: [8] Constant API_RETURN_FAILED already defined D:\wwwroot\mainweb\sdk\uc_client\model\note.php 第 16 行.
SQL: SHOW COLUMNS FROM `sdk_accounts` [ RunTime:0.002238s ]
SQL: SELECT * FROM `sdk_accounts` WHERE ( `account_id` = 2474 ) LIMIT 1   [ RunTime:0.000660s ]

[ 2013-10-08T12:02:56+08:00 ] 192.168.205.72 /api/uc.php?time=1381204975&code=8668qcTQVt0bHkH%2Fh2knFap%2Fti6GT2uERwdbYDiVAi55KO8rJM1C5i2ThfZldyO%2FyXYkqCLhBVgmQSdTefPFGxaJAU%2F4f3bIhRcgIkPJMmU3Had6TMtxgARdWCWif7d6pRsaaD6I2YYekKTIOB5Qwl4%2FhxoTTqx9iCLCzj6PpvVLWqQKv7Y
INFO: [ app_begin ] --START--
INFO: Run ReadHtmlCache Behavior [ RunTime:0.001077s ]
INFO: [ app_begin ] --END-- [ RunTime:0.001172s ]
NOTIC: [8] Constant UC_CLIENT_VERSION already defined D:\wwwroot\mainweb\sdk\api\UcApi\Lib\Action\IndexAction.class.php 第 4 行.
NOTIC: [8] Constant UC_CLIENT_RELEASE already defined D:\wwwroot\mainweb\sdk\api\UcApi\Lib\Action\IndexAction.class.php 第 5 行.
NOTIC: [2048] Only variables should be passed by reference D:\wwwroot\mainweb\sdk\api\UcApi\Lib\Action\IndexAction.class.php 第 63 行.
NOTIC: [8] Constant API_RETURN_FAILED already defined D:\wwwroot\mainweb\sdk\uc_client\model\note.php 第 16 行.
SQL: SHOW COLUMNS FROM `sdk_accounts` [ RunTime:0.002224s ]
SQL: SELECT * FROM `sdk_accounts` WHERE ( `account_id` = 1929 ) LIMIT 1   [ RunTime:0.000454s ]

[ 2013-10-08T12:10:37+08:00 ] 116.23.135.82 /api/uc.php?time=1381205436&code=ddc3QkBWB27kOfRTBwso6WyCXFa%2BFeP2xLhl3WFBlTLNAGljpbPa0hUoz3WK0QhFnr6GOPimqtba8iLdbRJp54ebW2%2FX9UpdmJbvVZr1alJ%2ByLKiLo%2B56dnqRBVtgCW8c0T2pu6WUma%2BCzuss4ZF13Z54uhHbEOmRf%2Ft
INFO: [ app_begin ] --START--
INFO: Run ReadHtmlCache Behavior [ RunTime:0.001104s ]
INFO: [ app_begin ] --END-- [ RunTime:0.001201s ]
NOTIC: [8] Constant UC_CLIENT_VERSION already defined D:\wwwroot\mainweb\sdk\api\UcApi\Lib\Action\IndexAction.class.php 第 4 行.
NOTIC: [8] Constant UC_CLIENT_RELEASE already defined D:\wwwroot\mainweb\sdk\api\UcApi\Lib\Action\IndexAction.class.php 第 5 行.
NOTIC: [2048] Only variables should be passed by reference D:\wwwroot\mainweb\sdk\api\UcApi\Lib\Action\IndexAction.class.php 第 63 行.
NOTIC: [8] Constant API_RETURN_FAILED already defined D:\wwwroot\mainweb\sdk\uc_client\model\note.php 第 16 行.
SQL: SHOW COLUMNS FROM `sdk_accounts` [ RunTime:0.001826s ]
SQL: SELECT * FROM `sdk_accounts` WHERE ( `account_id` = 997 ) LIMIT 1   [ RunTime:0.000314s ]

[ 2013-10-08T12:27:49+08:00 ] 192.168.155.209 /api/uc.php?time=1381206469&code=1ea1soPbVlmsuuWfqoeYDLjpcDKIO7el7hj3HBPsEXJEi1p4Y%2FJ%2F5LMwkYyz1XArP6n8foeHe32pq9iMkHjYiVp2MqyUHGtJxV8AsJHWwOqcmRLxsPtSnqPZrNL1fYpHlblpyXT8asYSb9dsE0OV%2FX35TbG9JTx0oCyDUCvdpw
INFO: [ app_begin ] --START--
INFO: Run ReadHtmlCache Behavior [ RunTime:0.001044s ]
INFO: [ app_begin ] --END-- [ RunTime:0.001139s ]
NOTIC: [8] Constant UC_CLIENT_VERSION already defined D:\wwwroot\mainweb\sdk\api\UcApi\Lib\Action\IndexAction.class.php 第 4 行.
NOTIC: [8] Constant UC_CLIENT_RELEASE already defined D:\wwwroot\mainweb\sdk\api\UcApi\Lib\Action\IndexAction.class.php 第 5 行.
NOTIC: [2048] Only variables should be passed by reference D:\wwwroot\mainweb\sdk\api\UcApi\Lib\Action\IndexAction.class.php 第 63 行.
NOTIC: [8] Constant API_RETURN_FAILED already defined D:\wwwroot\mainweb\sdk\uc_client\model\note.php 第 16 行.
SQL: SHOW COLUMNS FROM `sdk_accounts` [ RunTime:0.062700s ]
SQL: SELECT * FROM `sdk_accounts` WHERE ( `account_id` = 1793 ) LIMIT 1   [ RunTime:0.000669s ]

[ 2013-10-08T12:31:01+08:00 ] 192.168.140.11 /api/uc.php?time=1381206661&code=32a3ss%2BR%2Fws4hxNuQhOw%2Fb02bRNrwjgdtvy0ybq%2BWFfvM5ro5htBDsyMiph28Hu9wNyUj1h5BZKwvTB3w3R%2BIo5LhnQL1E9dVH39ySVL7T08EE%2F2ul2pVaV7sm2h%2B25XsVbfJb2406oru4XLQhuX1qqGP8wTMORpIfttxhMz5WB4sA
INFO: [ app_begin ] --START--
INFO: Run ReadHtmlCache Behavior [ RunTime:0.001087s ]
INFO: [ app_begin ] --END-- [ RunTime:0.001182s ]
NOTIC: [8] Constant UC_CLIENT_VERSION already defined D:\wwwroot\mainweb\sdk\api\UcApi\Lib\Action\IndexAction.class.php 第 4 行.
NOTIC: [8] Constant UC_CLIENT_RELEASE already defined D:\wwwroot\mainweb\sdk\api\UcApi\Lib\Action\IndexAction.class.php 第 5 行.
NOTIC: [2048] Only variables should be passed by reference D:\wwwroot\mainweb\sdk\api\UcApi\Lib\Action\IndexAction.class.php 第 63 行.
NOTIC: [8] Constant API_RETURN_FAILED already defined D:\wwwroot\mainweb\sdk\uc_client\model\note.php 第 16 行.
SQL: SHOW COLUMNS FROM `sdk_accounts` [ RunTime:0.001887s ]
SQL: SELECT * FROM `sdk_accounts` WHERE ( `account_id` = 2203 ) LIMIT 1   [ RunTime:0.000424s ]

[ 2013-10-08T13:29:30+08:00 ] 192.168.230.139 /api/uc.php?time=1381210169&code=3753wtcjqefQrRhtePMkOWne4bWJxaiWZVs%2BSuoolffcpwTHsr%2B5crxwiHQKpiIDIweoJcHkAeHiM%2B1iyQ0%2BtLInVOfv%2BUppMlEo8Icl1P6kRH4wP0RBAukvre8X3QV53kO%2Fq6FJgTm3CMagHfh54mdx6RLFldpB6xMelUba81d9rA
INFO: [ app_begin ] --START--
INFO: Run ReadHtmlCache Behavior [ RunTime:0.001080s ]
INFO: [ app_begin ] --END-- [ RunTime:0.001176s ]
NOTIC: [8] Constant UC_CLIENT_VERSION already defined D:\wwwroot\mainweb\sdk\api\UcApi\Lib\Action\IndexAction.class.php 第 4 行.
NOTIC: [8] Constant UC_CLIENT_RELEASE already defined D:\wwwroot\mainweb\sdk\api\UcApi\Lib\Action\IndexAction.class.php 第 5 行.
NOTIC: [2048] Only variables should be passed by reference D:\wwwroot\mainweb\sdk\api\UcApi\Lib\Action\IndexAction.class.php 第 63 行.
NOTIC: [8] Constant API_RETURN_FAILED already defined D:\wwwroot\mainweb\sdk\uc_client\model\note.php 第 16 行.
SQL: SHOW COLUMNS FROM `sdk_accounts` [ RunTime:0.002125s ]
SQL: SELECT * FROM `sdk_accounts` WHERE ( `account_id` = 2475 ) LIMIT 1   [ RunTime:0.000495s ]
SQL: INSERT INTO `sdk_accounts` (`account_id`,`user_name`,`email`,`password`,`reg_time`) VALUES (2475,'李清清','879621510@qq.com','54777d0a7885483326de82e6ce1f3347cc57a799',1381210170) [ RunTime:0.000620s ]

[ 2013-10-08T13:29:59+08:00 ] 192.168.230.139 /api/uc.php?time=1381210199&code=8a33xrufobfz%2FLvD%2FnObeTaVtdVK14nYZ3%2BqtEqAMAOkdzrKSMfedZKKd1tR6MzMNExW8P97yDPPGK9hUf0ZoLn%2BIVcPwC2gflY5fhZQbMS4rLBr52Xn41N5hh2VUJwjsLqycCZWZ%2B1X4nmIx1yy0fBgvE%2FRvFexY12KoNGxewG5gA
INFO: [ app_begin ] --START--
INFO: Run ReadHtmlCache Behavior [ RunTime:0.000929s ]
INFO: [ app_begin ] --END-- [ RunTime:0.001021s ]
NOTIC: [8] Constant UC_CLIENT_VERSION already defined D:\wwwroot\mainweb\sdk\api\UcApi\Lib\Action\IndexAction.class.php 第 4 行.
NOTIC: [8] Constant UC_CLIENT_RELEASE already defined D:\wwwroot\mainweb\sdk\api\UcApi\Lib\Action\IndexAction.class.php 第 5 行.
NOTIC: [2048] Only variables should be passed by reference D:\wwwroot\mainweb\sdk\api\UcApi\Lib\Action\IndexAction.class.php 第 63 行.
NOTIC: [8] Constant API_RETURN_FAILED already defined D:\wwwroot\mainweb\sdk\uc_client\model\note.php 第 16 行.
SQL: SHOW COLUMNS FROM `sdk_accounts` [ RunTime:0.002142s ]
SQL: SELECT * FROM `sdk_accounts` WHERE ( `account_id` = 2475 ) LIMIT 1   [ RunTime:0.000424s ]

[ 2013-10-08T14:54:45+08:00 ] 59.41.190.160 /api/uc.php?time=1381215284&code=c9c6aN4YwdSDLW6HGJ2tpthDbzDnfcxZei0JCowu7c5dVgN05Jjc3o9IONpc%2BvpIbgRj7GAng0ves3S4o6BvFV71VgxJDVdIozZWo3Ci4EcnBA62kaJHKCizrLBTBM5k%2BLEomXeDq1mCA%2FzkvNiB8yCAiYCMI44ivNsHG6T3
INFO: [ app_begin ] --START--
INFO: Run ReadHtmlCache Behavior [ RunTime:0.001045s ]
INFO: [ app_begin ] --END-- [ RunTime:0.001141s ]
NOTIC: [8] Constant UC_CLIENT_VERSION already defined D:\wwwroot\mainweb\sdk\api\UcApi\Lib\Action\IndexAction.class.php 第 4 行.
NOTIC: [8] Constant UC_CLIENT_RELEASE already defined D:\wwwroot\mainweb\sdk\api\UcApi\Lib\Action\IndexAction.class.php 第 5 行.
NOTIC: [2048] Only variables should be passed by reference D:\wwwroot\mainweb\sdk\api\UcApi\Lib\Action\IndexAction.class.php 第 63 行.
NOTIC: [8] Constant API_RETURN_FAILED already defined D:\wwwroot\mainweb\sdk\uc_client\model\note.php 第 16 行.
SQL: SHOW COLUMNS FROM `sdk_accounts` [ RunTime:0.002159s ]
SQL: SELECT * FROM `sdk_accounts` WHERE ( `account_id` = 1006 ) LIMIT 1   [ RunTime:0.000571s ]

[ 2013-10-08T14:57:55+08:00 ] 192.168.165.36 /api/uc.php?time=1381215474&code=2613wEoWvEUiQ6I2x%2BAHxGNWPsD1WWiFiwFCVmO7jDFSPzAZMAzRmJK7ZmAFv3T1Pag6C8UDlaKN%2Fn9qeODHcUCrNqkvIQigTIrusBoGQrEpofhTHh5QpThh728VElvOjqevIbIGG9snXhwqHFYnbGsgwsXCOuy2jm7m5A
INFO: [ app_begin ] --START--
INFO: Run ReadHtmlCache Behavior [ RunTime:0.001038s ]
INFO: [ app_begin ] --END-- [ RunTime:0.001132s ]
NOTIC: [8] Constant UC_CLIENT_VERSION already defined D:\wwwroot\mainweb\sdk\api\UcApi\Lib\Action\IndexAction.class.php 第 4 行.
NOTIC: [8] Constant UC_CLIENT_RELEASE already defined D:\wwwroot\mainweb\sdk\api\UcApi\Lib\Action\IndexAction.class.php 第 5 行.
NOTIC: [2048] Only variables should be passed by reference D:\wwwroot\mainweb\sdk\api\UcApi\Lib\Action\IndexAction.class.php 第 63 行.
NOTIC: [8] Constant API_RETURN_FAILED already defined D:\wwwroot\mainweb\sdk\uc_client\model\note.php 第 16 行.
SQL: SHOW COLUMNS FROM `sdk_accounts` [ RunTime:0.002104s ]
SQL: SELECT * FROM `sdk_accounts` WHERE ( `account_id` = 1331 ) LIMIT 1   [ RunTime:0.000561s ]

[ 2013-10-08T14:58:17+08:00 ] 192.168.185.140 /api/uc.php?time=1381215497&code=d947%2FvB4dOhfalhqi7SliNGuUirejzrZf2OwbORazx1xYhY1zsKKvTv95nUsBD2VALY%2F0wa1uMzlJ4aN0n059D82WVRKXobBzgD8G3WypwL1oz3Ji0ZRhJB6%2BSrzP5I%2Fz%2F0zylhcKbHsgSJs5jx3bCN8HXns1M9CgjlgYWn5
INFO: [ app_begin ] --START--
INFO: Run ReadHtmlCache Behavior [ RunTime:0.001136s ]
INFO: [ app_begin ] --END-- [ RunTime:0.001230s ]
NOTIC: [8] Constant UC_CLIENT_VERSION already defined D:\wwwroot\mainweb\sdk\api\UcApi\Lib\Action\IndexAction.class.php 第 4 行.
NOTIC: [8] Constant UC_CLIENT_RELEASE already defined D:\wwwroot\mainweb\sdk\api\UcApi\Lib\Action\IndexAction.class.php 第 5 行.
NOTIC: [2048] Only variables should be passed by reference D:\wwwroot\mainweb\sdk\api\UcApi\Lib\Action\IndexAction.class.php 第 63 行.
NOTIC: [8] Constant API_RETURN_FAILED already defined D:\wwwroot\mainweb\sdk\uc_client\model\note.php 第 16 行.
SQL: SHOW COLUMNS FROM `sdk_accounts` [ RunTime:0.001873s ]
SQL: SELECT * FROM `sdk_accounts` WHERE ( `account_id` = 2275 ) LIMIT 1   [ RunTime:0.000394s ]

[ 2013-10-08T15:32:38+08:00 ] 192.168.156.39 /api/uc.php?time=1381217557&code=d9ff%2BjVJe0RKEnNFLZo6eXdwEmUep4nRAekWEUcWK4yJIxaLjKvafZ8mmXeRmlrzb5nw3ec7b1%2BSRLZPbpoYW5r7wtqS%2FV6yQYMDG4xXZ8YBjIFaZkOpMcm0fq45HhY6%2FLduc84PhvSeAM%2B6zrKvRmZBIVeiruuQS0lfsVE
INFO: [ app_begin ] --START--
INFO: Run ReadHtmlCache Behavior [ RunTime:0.001123s ]
INFO: [ app_begin ] --END-- [ RunTime:0.001225s ]
NOTIC: [8] Constant UC_CLIENT_VERSION already defined D:\wwwroot\mainweb\sdk\api\UcApi\Lib\Action\IndexAction.class.php 第 4 行.
NOTIC: [8] Constant UC_CLIENT_RELEASE already defined D:\wwwroot\mainweb\sdk\api\UcApi\Lib\Action\IndexAction.class.php 第 5 行.
NOTIC: [2048] Only variables should be passed by reference D:\wwwroot\mainweb\sdk\api\UcApi\Lib\Action\IndexAction.class.php 第 63 行.
NOTIC: [8] Constant API_RETURN_FAILED already defined D:\wwwroot\mainweb\sdk\uc_client\model\note.php 第 16 行.
SQL: SHOW COLUMNS FROM `sdk_accounts` [ RunTime:0.140132s ]
SQL: SELECT * FROM `sdk_accounts` WHERE ( `account_id` = 541 ) LIMIT 1   [ RunTime:0.000739s ]

[ 2013-10-08T15:34:44+08:00 ] 192.168.142.227 /api/uc.php?time=1381217684&code=642b5B0RWgPVe%2BKAtJ%2Fg0YYEJ0TmGq1s0o3ODfF%2FmwRvfGqXqiuB%2BcahDTIJcWZRcSRJmIHWSaf7zfdtb8AwF0WzaG8Hzc0ELONFobb7eh0cqyVyiglmPIzRFk7Z6x9F7I9TLSc0f1ICpXspsMFbQlEDwsoTRLK7DPEZreYf11Ubow
INFO: [ app_begin ] --START--
INFO: Run ReadHtmlCache Behavior [ RunTime:0.001041s ]
INFO: [ app_begin ] --END-- [ RunTime:0.001134s ]
NOTIC: [8] Constant UC_CLIENT_VERSION already defined D:\wwwroot\mainweb\sdk\api\UcApi\Lib\Action\IndexAction.class.php 第 4 行.
NOTIC: [8] Constant UC_CLIENT_RELEASE already defined D:\wwwroot\mainweb\sdk\api\UcApi\Lib\Action\IndexAction.class.php 第 5 行.
NOTIC: [2048] Only variables should be passed by reference D:\wwwroot\mainweb\sdk\api\UcApi\Lib\Action\IndexAction.class.php 第 63 行.
NOTIC: [8] Constant API_RETURN_FAILED already defined D:\wwwroot\mainweb\sdk\uc_client\model\note.php 第 16 行.
SQL: SHOW COLUMNS FROM `sdk_accounts` [ RunTime:0.014066s ]
SQL: SELECT * FROM `sdk_accounts` WHERE ( `account_id` = 2476 ) LIMIT 1   [ RunTime:0.000462s ]
SQL: INSERT INTO `sdk_accounts` (`account_id`,`user_name`,`email`,`password`,`reg_time`) VALUES (2476,'姚铭振','260036686@qq.com','71d8f9edf83f1fb1573e195f00795e4445a55333',1381217684) [ RunTime:0.000707s ]

[ 2013-10-08T15:54:17+08:00 ] 192.168.143.95 /api/uc.php?time=1381218857&code=0dcdVWL19uzqRpMoLpXj1rjwqxo%2BkzLoutK%2Bgcilvhp1xgwNVvAySSwrHrETpO5tVUzML%2F1esPsCBKji47Spo7y1pIPMfqxex6A%2BPqVfDAltjlb7g6xZHvL1ejV1Ux74B2XVBq5kWsYzqCoGtTpDnRJqYObQzIySWf2Mpei5ccNVI8Y
INFO: [ app_begin ] --START--
INFO: Run ReadHtmlCache Behavior [ RunTime:0.001083s ]
INFO: [ app_begin ] --END-- [ RunTime:0.001175s ]
NOTIC: [8] Constant UC_CLIENT_VERSION already defined D:\wwwroot\mainweb\sdk\api\UcApi\Lib\Action\IndexAction.class.php 第 4 行.
NOTIC: [8] Constant UC_CLIENT_RELEASE already defined D:\wwwroot\mainweb\sdk\api\UcApi\Lib\Action\IndexAction.class.php 第 5 行.
NOTIC: [2048] Only variables should be passed by reference D:\wwwroot\mainweb\sdk\api\UcApi\Lib\Action\IndexAction.class.php 第 63 行.
NOTIC: [8] Constant API_RETURN_FAILED already defined D:\wwwroot\mainweb\sdk\uc_client\model\note.php 第 16 行.
SQL: SHOW COLUMNS FROM `sdk_accounts` [ RunTime:0.002271s ]
SQL: SELECT * FROM `sdk_accounts` WHERE ( `account_id` = 2477 ) LIMIT 1   [ RunTime:0.000327s ]
SQL: INSERT INTO `sdk_accounts` (`account_id`,`user_name`,`email`,`password`,`reg_time`) VALUES (2477,'yanxiaolei','437717348@qq.com','16052c7ad2e32e40b9bcaaaa9baa5123b4e0aeb8',1381218857) [ RunTime:0.000397s ]

[ 2013-10-08T15:55:14+08:00 ] 192.168.143.95 /api/uc.php?time=1381218914&code=a4b8bOqVuBMAbqc2UIkUBQP%2Fi%2ByRruF1oiFIlqp7%2Fbc7Wd8BBtvgaqCKtGqmjMTpDx1FvS%2B7NTE%2FzCUHZnVfnY7j%2BTjAk0kVltaQ3rXzWTq1fIb0SeLRXLmf6ALLW%2F%2BS%2BWxJYaoVefFZumkVnCVDtuLL03ieiBsw857jNrSrZX5vGjo
INFO: [ app_begin ] --START--
INFO: Run ReadHtmlCache Behavior [ RunTime:0.001043s ]
INFO: [ app_begin ] --END-- [ RunTime:0.001134s ]
NOTIC: [8] Constant UC_CLIENT_VERSION already defined D:\wwwroot\mainweb\sdk\api\UcApi\Lib\Action\IndexAction.class.php 第 4 行.
NOTIC: [8] Constant UC_CLIENT_RELEASE already defined D:\wwwroot\mainweb\sdk\api\UcApi\Lib\Action\IndexAction.class.php 第 5 行.
NOTIC: [2048] Only variables should be passed by reference D:\wwwroot\mainweb\sdk\api\UcApi\Lib\Action\IndexAction.class.php 第 63 行.
NOTIC: [8] Constant API_RETURN_FAILED already defined D:\wwwroot\mainweb\sdk\uc_client\model\note.php 第 16 行.
SQL: SHOW COLUMNS FROM `sdk_accounts` [ RunTime:0.001972s ]
SQL: SELECT * FROM `sdk_accounts` WHERE ( `account_id` = 2477 ) LIMIT 1   [ RunTime:0.000440s ]

[ 2013-10-08T16:12:29+08:00 ] 192.168.166.83 /api/uc.php?time=1381219947&code=22a9Fzp9NbV%2BEcQ8xyctrL9GTjypwg%2FGdfwFbGdg8YqyqnY8p0yffV1ogBYDxg9fjq5MhwXQoqFbd3GAbZBYH7YysWKr2hdWewcM8fgqNMAU7bg8nLLY4KgSCEaCq%2F%2FpaoHm0XwdwzJQR75RHDBTIheKkVkjkJh7evcfqZTlC%2Bzw
INFO: [ app_begin ] --START--
INFO: Run ReadHtmlCache Behavior [ RunTime:0.001034s ]
INFO: [ app_begin ] --END-- [ RunTime:0.001130s ]
NOTIC: [8] Constant UC_CLIENT_VERSION already defined D:\wwwroot\mainweb\sdk\api\UcApi\Lib\Action\IndexAction.class.php 第 4 行.
NOTIC: [8] Constant UC_CLIENT_RELEASE already defined D:\wwwroot\mainweb\sdk\api\UcApi\Lib\Action\IndexAction.class.php 第 5 行.
NOTIC: [2048] Only variables should be passed by reference D:\wwwroot\mainweb\sdk\api\UcApi\Lib\Action\IndexAction.class.php 第 63 行.
NOTIC: [8] Constant API_RETURN_FAILED already defined D:\wwwroot\mainweb\sdk\uc_client\model\note.php 第 16 行.
SQL: SHOW COLUMNS FROM `sdk_accounts` [ RunTime:0.002505s ]
SQL: SELECT * FROM `sdk_accounts` WHERE ( `account_id` = 2381 ) LIMIT 1   [ RunTime:0.000603s ]

[ 2013-10-08T16:12:33+08:00 ] 192.168.166.80 /api/uc.php?time=1381219953&code=35705TGFMJop918vnMMipSuN6XCWgSldzL3LjODHSTUKpcA%2Bjlb5sLHextJ7MQPkddb%2BTkXzJUuHgFwi0tdTibQO%2FsxY9yO%2FqBLwD2kB6EsykXMbIiB2FdFgW3bc4KDY5trzoEtCbKDwkD3gd7S3bomt84H1cn%2F1PdYGoIZsw5EZ
INFO: [ app_begin ] --START--
INFO: Run ReadHtmlCache Behavior [ RunTime:0.000591s ]
INFO: [ app_begin ] --END-- [ RunTime:0.000681s ]
NOTIC: [8] Constant UC_CLIENT_VERSION already defined D:\wwwroot\mainweb\sdk\api\UcApi\Lib\Action\IndexAction.class.php 第 4 行.
NOTIC: [8] Constant UC_CLIENT_RELEASE already defined D:\wwwroot\mainweb\sdk\api\UcApi\Lib\Action\IndexAction.class.php 第 5 行.
NOTIC: [2048] Only variables should be passed by reference D:\wwwroot\mainweb\sdk\api\UcApi\Lib\Action\IndexAction.class.php 第 63 行.
NOTIC: [8] Constant API_RETURN_FAILED already defined D:\wwwroot\mainweb\sdk\uc_client\model\note.php 第 16 行.
SQL: SHOW COLUMNS FROM `sdk_accounts` [ RunTime:0.002021s ]
SQL: SELECT * FROM `sdk_accounts` WHERE ( `account_id` = 1045 ) LIMIT 1   [ RunTime:0.000401s ]

[ 2013-10-08T16:43:09+08:00 ] 192.168.182.167 /api/uc.php?time=1381221789&code=8147oSUrTYVBXkrEoAJApB0c0jE21OVxF5%2FdFHrQlX%2BCK2yZjTU3lzIB%2BLGAsTdPUXgi9Y%2ByqT8bVheTXtc0QpUt8WMkQycbncx7NvquOYATXN%2FHLG436K2CYwOR%2FwnbH4A9JQ0349K1KwW485k0HYDcT9URizzLLVTrUWKS
INFO: [ app_begin ] --START--
INFO: Run ReadHtmlCache Behavior [ RunTime:0.000706s ]
INFO: [ app_begin ] --END-- [ RunTime:0.000797s ]
NOTIC: [8] Constant UC_CLIENT_VERSION already defined D:\wwwroot\mainweb\sdk\api\UcApi\Lib\Action\IndexAction.class.php 第 4 行.
NOTIC: [8] Constant UC_CLIENT_RELEASE already defined D:\wwwroot\mainweb\sdk\api\UcApi\Lib\Action\IndexAction.class.php 第 5 行.
NOTIC: [2048] Only variables should be passed by reference D:\wwwroot\mainweb\sdk\api\UcApi\Lib\Action\IndexAction.class.php 第 63 行.
NOTIC: [8] Constant API_RETURN_FAILED already defined D:\wwwroot\mainweb\sdk\uc_client\model\note.php 第 16 行.
SQL: SHOW COLUMNS FROM `sdk_accounts` [ RunTime:0.011022s ]
SQL: SELECT * FROM `sdk_accounts` WHERE ( `account_id` = 2478 ) LIMIT 1   [ RunTime:0.000537s ]
SQL: INSERT INTO `sdk_accounts` (`account_id`,`user_name`,`email`,`password`,`reg_time`) VALUES (2478,'Aries','1491655770@qq.com','f4cb76132c0e9f7780f9ea3bcff485d7fbb56cc2',1381221789) [ RunTime:0.000591s ]

[ 2013-10-08T16:46:24+08:00 ] 202.116.192.50 /api/uc.php?code=4adb3taFWs6PHZ7Oo7gNn79sfZffQViM3dBng%2FnKzOUIAykAlRQjhPiLSVp7XAddtM6iIh84Obe1JM7WXzvNDyJ1U04zuF2gDbfI3004E6JesWBq1A7J964&__times__=1
INFO: [ app_begin ] --START--
INFO: Run ReadHtmlCache Behavior [ RunTime:0.000616s ]
INFO: [ app_begin ] --END-- [ RunTime:0.000704s ]
NOTIC: [8] Constant UC_CLIENT_VERSION already defined D:\wwwroot\mainweb\sdk\api\UcApi\Lib\Action\IndexAction.class.php 第 4 行.
NOTIC: [8] Constant UC_CLIENT_RELEASE already defined D:\wwwroot\mainweb\sdk\api\UcApi\Lib\Action\IndexAction.class.php 第 5 行.
NOTIC: [2048] Only variables should be passed by reference D:\wwwroot\mainweb\sdk\api\UcApi\Lib\Action\IndexAction.class.php 第 63 行.

[ 2013-10-08T16:46:24+08:00 ] 192.168.182.167 /api/uc.php?time=1381221983&code=ec522y4nnUlzGfpC1GY5SNkprWbMEzR9ixOylRly3%2FfLoegJJVNE2OgClmABTIJa%2BQn10q3BqzGlySTQkBX48PFsguWdQYoAN6%2Bu%2BJ%2FtgRgR%2BMoBEiDHO0PebFwhFVH8Nlwez5o0XrLM8OprF21a87b6jcG0qJXa8aPQtkKqTs0peA
INFO: [ app_begin ] --START--
INFO: Run ReadHtmlCache Behavior [ RunTime:0.001079s ]
INFO: [ app_begin ] --END-- [ RunTime:0.001173s ]
NOTIC: [8] Constant UC_CLIENT_VERSION already defined D:\wwwroot\mainweb\sdk\api\UcApi\Lib\Action\IndexAction.class.php 第 4 行.
NOTIC: [8] Constant UC_CLIENT_RELEASE already defined D:\wwwroot\mainweb\sdk\api\UcApi\Lib\Action\IndexAction.class.php 第 5 行.
NOTIC: [2048] Only variables should be passed by reference D:\wwwroot\mainweb\sdk\api\UcApi\Lib\Action\IndexAction.class.php 第 63 行.
NOTIC: [8] Constant API_RETURN_FAILED already defined D:\wwwroot\mainweb\sdk\uc_client\model\note.php 第 16 行.
SQL: SHOW COLUMNS FROM `sdk_accounts` [ RunTime:0.002105s ]
SQL: SELECT * FROM `sdk_accounts` WHERE ( `account_id` = 2478 ) LIMIT 1   [ RunTime:0.000446s ]
NOTIC: [8] Undefined index:  apph D:\wwwroot\mainweb\sdk\uc_client\model\note.php 第 169 行.
NOTIC: [8] Undefined offset:  2 D:\wwwroot\mainweb\sdk\uc_client\model\note.php 第 141 行.

[ 2013-10-08T17:59:26+08:00 ] 192.168.136.205 /api/uc.php?time=1381226366&code=6184qbuvAO%2FvD5TI0O%2B03%2F1SwH%2BH2EjmcHEvPoT36peGPOgDBNhmLfjE5DpFotPNea2e6uivC%2FFmfDeNY6EcoDr8paFxrx4XtDnHEfHa0CKTqAr4D%2F%2BBUNd%2FZfTCSYhyLncqBVtQvLed7TEVJuofamlR%2BgRfjENkWPK%2FRDNanhXqOsr7RJ0
INFO: [ app_begin ] --START--
INFO: Run ReadHtmlCache Behavior [ RunTime:0.001041s ]
INFO: [ app_begin ] --END-- [ RunTime:0.001136s ]
NOTIC: [8] Constant UC_CLIENT_VERSION already defined D:\wwwroot\mainweb\sdk\api\UcApi\Lib\Action\IndexAction.class.php 第 4 行.
NOTIC: [8] Constant UC_CLIENT_RELEASE already defined D:\wwwroot\mainweb\sdk\api\UcApi\Lib\Action\IndexAction.class.php 第 5 行.
NOTIC: [2048] Only variables should be passed by reference D:\wwwroot\mainweb\sdk\api\UcApi\Lib\Action\IndexAction.class.php 第 63 行.
NOTIC: [8] Constant API_RETURN_FAILED already defined D:\wwwroot\mainweb\sdk\uc_client\model\note.php 第 16 行.
SQL: SHOW COLUMNS FROM `sdk_accounts` [ RunTime:0.002344s ]
SQL: SELECT * FROM `sdk_accounts` WHERE ( `account_id` = 1884 ) LIMIT 1   [ RunTime:0.000493s ]

[ 2013-10-08T19:32:15+08:00 ] 192.168.200.220 /api/uc.php?time=1381231935&code=2432529gRKxtXIOEldQlr15y9rhXEoVCuwqv%2Boit4OScUKDBFBlOJX4ABuUQHpS4PaLkqQNGHMma%2FlDLJ%2BuGHq2VI9hIQifRLVua%2FCnW%2FnsCUypjghGvaG02TpyuRcSLTlvF0YPV3%2BpIQHBINjGjv6R4jkGhCWBFCgu%2B5lk1wSz6eG72oUubmA
INFO: [ app_begin ] --START--
INFO: Run ReadHtmlCache Behavior [ RunTime:0.001053s ]
INFO: [ app_begin ] --END-- [ RunTime:0.001144s ]
NOTIC: [8] Constant UC_CLIENT_VERSION already defined D:\wwwroot\mainweb\sdk\api\UcApi\Lib\Action\IndexAction.class.php 第 4 行.
NOTIC: [8] Constant UC_CLIENT_RELEASE already defined D:\wwwroot\mainweb\sdk\api\UcApi\Lib\Action\IndexAction.class.php 第 5 行.
NOTIC: [2048] Only variables should be passed by reference D:\wwwroot\mainweb\sdk\api\UcApi\Lib\Action\IndexAction.class.php 第 63 行.
NOTIC: [8] Constant API_RETURN_FAILED already defined D:\wwwroot\mainweb\sdk\uc_client\model\note.php 第 16 行.
SQL: SHOW COLUMNS FROM `sdk_accounts` [ RunTime:0.002290s ]
SQL: SELECT * FROM `sdk_accounts` WHERE ( `account_id` = 1686 ) LIMIT 1   [ RunTime:0.000540s ]

[ 2013-10-08T19:52:23+08:00 ] 192.168.200.218 /api/uc.php?time=1381233142&code=28fcqevuv0o31%2BJdbdGt6KL4Nyf2KByriBrtmKu46tsxcvZokxM0GwoOdidBUTuXPdSvBOYeEPmr24yFlyJA2xwuXV0hZ52BHILBBSNcNerFM1nP5qH8%2FivLGrdPmeM7WQYp619mBoWg8NUw1V9IOi47nMf1qXfOT1XUq904N5%2FH4A
INFO: [ app_begin ] --START--
INFO: Run ReadHtmlCache Behavior [ RunTime:0.000730s ]
INFO: [ app_begin ] --END-- [ RunTime:0.000824s ]
NOTIC: [8] Constant UC_CLIENT_VERSION already defined D:\wwwroot\mainweb\sdk\api\UcApi\Lib\Action\IndexAction.class.php 第 4 行.
NOTIC: [8] Constant UC_CLIENT_RELEASE already defined D:\wwwroot\mainweb\sdk\api\UcApi\Lib\Action\IndexAction.class.php 第 5 行.
NOTIC: [2048] Only variables should be passed by reference D:\wwwroot\mainweb\sdk\api\UcApi\Lib\Action\IndexAction.class.php 第 63 行.
NOTIC: [8] Constant API_RETURN_FAILED already defined D:\wwwroot\mainweb\sdk\uc_client\model\note.php 第 16 行.
SQL: SHOW COLUMNS FROM `sdk_accounts` [ RunTime:0.002239s ]
SQL: SELECT * FROM `sdk_accounts` WHERE ( `account_id` = 1657 ) LIMIT 1   [ RunTime:0.000479s ]

[ 2013-10-08T20:01:54+08:00 ] 192.168.142.30 /api/uc.php?time=1381233714&code=77f68QsRTAuJiXyl67DikuuvHxwH8yNJtm5dcs9uB7r7Ed%2BFoOOXd5PgbG5kGjnaNqXXRuhVi%2BlPZ0rIwYJvvmkQIlPc0RGs3GpZhzOvXgCl%2F3GLetKbLiMpdNP6x0ZhqkP7A%2BWiSpXhkmJ4YwMvY%2BJeFahXYvHYCYDKqg
INFO: [ app_begin ] --START--
INFO: Run ReadHtmlCache Behavior [ RunTime:0.001528s ]
INFO: [ app_begin ] --END-- [ RunTime:0.001620s ]
NOTIC: [8] Constant UC_CLIENT_VERSION already defined D:\wwwroot\mainweb\sdk\api\UcApi\Lib\Action\IndexAction.class.php 第 4 行.
NOTIC: [8] Constant UC_CLIENT_RELEASE already defined D:\wwwroot\mainweb\sdk\api\UcApi\Lib\Action\IndexAction.class.php 第 5 行.
NOTIC: [2048] Only variables should be passed by reference D:\wwwroot\mainweb\sdk\api\UcApi\Lib\Action\IndexAction.class.php 第 63 行.
NOTIC: [8] Constant API_RETURN_FAILED already defined D:\wwwroot\mainweb\sdk\uc_client\model\note.php 第 16 行.
SQL: SHOW COLUMNS FROM `sdk_accounts` [ RunTime:0.018383s ]
SQL: SELECT * FROM `sdk_accounts` WHERE ( `account_id` = 659 ) LIMIT 1   [ RunTime:0.010345s ]

[ 2013-10-08T20:05:04+08:00 ] 192.168.203.163 /api/uc.php?time=1381233904&code=3110WkX%2B9yA7GPrvy6bezGwB8FCSZnEQh6NcTaVkigGfJ827%2BJYIT3ahEJeqWXOjeiS2r0iLONb5VAe2ap%2FpJA5or8Y3CjuHebjA2fgvB%2BthzUu23hxRMO4nbVqdzBOrvnnhQedSPmQYg5U71IchVPwNDuFIu%2B99XYnq9FIBmQ
INFO: [ app_begin ] --START--
INFO: Run ReadHtmlCache Behavior [ RunTime:0.001782s ]
INFO: [ app_begin ] --END-- [ RunTime:0.001879s ]
NOTIC: [8] Constant UC_CLIENT_VERSION already defined D:\wwwroot\mainweb\sdk\api\UcApi\Lib\Action\IndexAction.class.php 第 4 行.
NOTIC: [8] Constant UC_CLIENT_RELEASE already defined D:\wwwroot\mainweb\sdk\api\UcApi\Lib\Action\IndexAction.class.php 第 5 行.
NOTIC: [2048] Only variables should be passed by reference D:\wwwroot\mainweb\sdk\api\UcApi\Lib\Action\IndexAction.class.php 第 63 行.
NOTIC: [8] Constant API_RETURN_FAILED already defined D:\wwwroot\mainweb\sdk\uc_client\model\note.php 第 16 行.
SQL: SHOW COLUMNS FROM `sdk_accounts` [ RunTime:0.002255s ]
SQL: SELECT * FROM `sdk_accounts` WHERE ( `account_id` = 2013 ) LIMIT 1   [ RunTime:0.000425s ]

[ 2013-10-08T20:11:17+08:00 ] 192.168.142.30 /api/uc.php?time=1381234277&code=2f5cOT9dDcQiwnxRKVzmwAxosK0nk2FFcsEhCp6g2vpmHgHCtfsxo6cvsc9x1ZVQyeZR7iFZApEjXofecA
INFO: [ app_begin ] --START--
INFO: Run ReadHtmlCache Behavior [ RunTime:0.001096s ]
INFO: [ app_begin ] --END-- [ RunTime:0.001241s ]
NOTIC: [8] Constant UC_CLIENT_VERSION already defined D:\wwwroot\mainweb\sdk\api\UcApi\Lib\Action\IndexAction.class.php 第 4 行.
NOTIC: [8] Constant UC_CLIENT_RELEASE already defined D:\wwwroot\mainweb\sdk\api\UcApi\Lib\Action\IndexAction.class.php 第 5 行.
NOTIC: [2048] Only variables should be passed by reference D:\wwwroot\mainweb\sdk\api\UcApi\Lib\Action\IndexAction.class.php 第 63 行.

[ 2013-10-08T20:17:53+08:00 ] 192.168.138.215 /api/uc.php?time=1381234673&code=86c967SyddVAGLCSrHe%2FiN0Hvr39ddKKsuG3SNOGoCIpRdvdiR0%2BWSDNXfQAc9h8dxIEZ2qiin6vdeJBWoFGXSC6DCy%2FwACRe7%2FFgI5W6iRJGkeanHWIpRx1ZhhbNwu1l47WPtvowNb1dnn1yMhD0ijdEXB%2Fc4QAQvsmaw
INFO: [ app_begin ] --START--
INFO: Run ReadHtmlCache Behavior [ RunTime:0.001010s ]
INFO: [ app_begin ] --END-- [ RunTime:0.001103s ]
NOTIC: [8] Constant UC_CLIENT_VERSION already defined D:\wwwroot\mainweb\sdk\api\UcApi\Lib\Action\IndexAction.class.php 第 4 行.
NOTIC: [8] Constant UC_CLIENT_RELEASE already defined D:\wwwroot\mainweb\sdk\api\UcApi\Lib\Action\IndexAction.class.php 第 5 行.
NOTIC: [2048] Only variables should be passed by reference D:\wwwroot\mainweb\sdk\api\UcApi\Lib\Action\IndexAction.class.php 第 63 行.
NOTIC: [8] Constant API_RETURN_FAILED already defined D:\wwwroot\mainweb\sdk\uc_client\model\note.php 第 16 行.
SQL: SHOW COLUMNS FROM `sdk_accounts` [ RunTime:0.002525s ]
SQL: SELECT * FROM `sdk_accounts` WHERE ( `account_id` = 1509 ) LIMIT 1   [ RunTime:0.000620s ]

[ 2013-10-08T20:27:35+08:00 ] 183.4.1.6 /api/uc.php?time=1381235255&code=71bdF3rwIjZDNByNs%2Bza3fPuzdFJXM4n%2BB55i4fUH2xKYsGZAihq4sKaM6wibJ3atBUJmp%2FM0BsxfamA1BFKzynD2Qvdhv1JRb32Z5zP%2B%2BVDI9dk7nuqE5pSryiBBRmE3%2FQbEoy3IgbpPFaL6X0W5liG6PREAY7Kca9fqYYs
INFO: [ app_begin ] --START--
INFO: Run ReadHtmlCache Behavior [ RunTime:0.000701s ]
INFO: [ app_begin ] --END-- [ RunTime:0.000797s ]
NOTIC: [8] Constant UC_CLIENT_VERSION already defined D:\wwwroot\mainweb\sdk\api\UcApi\Lib\Action\IndexAction.class.php 第 4 行.
NOTIC: [8] Constant UC_CLIENT_RELEASE already defined D:\wwwroot\mainweb\sdk\api\UcApi\Lib\Action\IndexAction.class.php 第 5 行.
NOTIC: [2048] Only variables should be passed by reference D:\wwwroot\mainweb\sdk\api\UcApi\Lib\Action\IndexAction.class.php 第 63 行.
NOTIC: [8] Constant API_RETURN_FAILED already defined D:\wwwroot\mainweb\sdk\uc_client\model\note.php 第 16 行.
SQL: SHOW COLUMNS FROM `sdk_accounts` [ RunTime:0.012363s ]
SQL: SELECT * FROM `sdk_accounts` WHERE ( `account_id` = 558 ) LIMIT 1   [ RunTime:0.000625s ]

[ 2013-10-08T20:39:21+08:00 ] 183.4.0.196 /api/uc.php?time=1381235959&code=0377b7dIZcueCRzSLo0RyRv2Ppvw7pO81TJqTckD01RUWFg%2BALvsdFRcxeFVeqeapsNfB8U1SnXM1eJPBsdy0praXiC0wWQwo7R2yk8x%2BS%2F746c2ZuDH01F48%2BGmmHT6jrAyPLXYvGLiXeaMrX2wMT0CSD7Me4SGMvvGQeXS8M%2FZuQ
INFO: [ app_begin ] --START--
INFO: Run ReadHtmlCache Behavior [ RunTime:0.001054s ]
INFO: [ app_begin ] --END-- [ RunTime:0.001150s ]
NOTIC: [8] Constant UC_CLIENT_VERSION already defined D:\wwwroot\mainweb\sdk\api\UcApi\Lib\Action\IndexAction.class.php 第 4 行.
NOTIC: [8] Constant UC_CLIENT_RELEASE already defined D:\wwwroot\mainweb\sdk\api\UcApi\Lib\Action\IndexAction.class.php 第 5 行.
NOTIC: [2048] Only variables should be passed by reference D:\wwwroot\mainweb\sdk\api\UcApi\Lib\Action\IndexAction.class.php 第 63 行.
NOTIC: [8] Constant API_RETURN_FAILED already defined D:\wwwroot\mainweb\sdk\uc_client\model\note.php 第 16 行.
SQL: SHOW COLUMNS FROM `sdk_accounts` [ RunTime:0.017271s ]
SQL: SELECT * FROM `sdk_accounts` WHERE ( `account_id` = 1913 ) LIMIT 1   [ RunTime:0.000630s ]

[ 2013-10-08T21:17:50+08:00 ] 192.168.182.72 /api/uc.php?time=1381238270&code=16baIC4hw%2B%2BgwTLvKevPxevaUjqQ4Q1%2BdlIGFiFKFPdvW53y8xWRxKeqe2%2FSKrCVrNvpvDEVzGECDODbn4NLGOGyhBbShdpGEmkb6H3VslJFdbpnphm7rNdybRSP5Vk04Rf6TbmP%2FGnP2qGXvPsxRspinWntgcLmD43B1Y3fSidC
INFO: [ app_begin ] --START--
INFO: Run ReadHtmlCache Behavior [ RunTime:0.000750s ]
INFO: [ app_begin ] --END-- [ RunTime:0.000857s ]
NOTIC: [8] Constant UC_CLIENT_VERSION already defined D:\wwwroot\mainweb\sdk\api\UcApi\Lib\Action\IndexAction.class.php 第 4 行.
NOTIC: [8] Constant UC_CLIENT_RELEASE already defined D:\wwwroot\mainweb\sdk\api\UcApi\Lib\Action\IndexAction.class.php 第 5 行.
NOTIC: [2048] Only variables should be passed by reference D:\wwwroot\mainweb\sdk\api\UcApi\Lib\Action\IndexAction.class.php 第 63 行.
NOTIC: [8] Constant API_RETURN_FAILED already defined D:\wwwroot\mainweb\sdk\uc_client\model\note.php 第 16 行.
SQL: SHOW COLUMNS FROM `sdk_accounts` [ RunTime:0.002164s ]
SQL: SELECT * FROM `sdk_accounts` WHERE ( `account_id` = 580 ) LIMIT 1   [ RunTime:0.000325s ]

[ 2013-10-08T21:24:56+08:00 ] 192.168.182.167 /api/uc.php?time=1381238696&code=b762chzIVubu6rdfIvNYFXFCUP21TSpVM6ki2PJXkNTyekgKkTskR%2FaDskumF39ow03I%2BQKCHj6LoR4yoFq5hCHb9PZAnlLQ6WBhRYI7IRmr6zl3K1X4T8S3MErVbMdBZtHv59vdUKhu7iHeKYNReHj0iSQ0fBKOajORh8qdjl122Q
INFO: [ app_begin ] --START--
INFO: Run ReadHtmlCache Behavior [ RunTime:0.001043s ]
INFO: [ app_begin ] --END-- [ RunTime:0.001141s ]
NOTIC: [8] Constant UC_CLIENT_VERSION already defined D:\wwwroot\mainweb\sdk\api\UcApi\Lib\Action\IndexAction.class.php 第 4 行.
NOTIC: [8] Constant UC_CLIENT_RELEASE already defined D:\wwwroot\mainweb\sdk\api\UcApi\Lib\Action\IndexAction.class.php 第 5 行.
NOTIC: [2048] Only variables should be passed by reference D:\wwwroot\mainweb\sdk\api\UcApi\Lib\Action\IndexAction.class.php 第 63 行.
NOTIC: [8] Constant API_RETURN_FAILED already defined D:\wwwroot\mainweb\sdk\uc_client\model\note.php 第 16 行.
SQL: SHOW COLUMNS FROM `sdk_accounts` [ RunTime:0.002530s ]
SQL: SELECT * FROM `sdk_accounts` WHERE ( `account_id` = 2478 ) LIMIT 1   [ RunTime:0.000354s ]

[ 2013-10-08T21:37:17+08:00 ] 192.168.143.159 /api/uc.php?time=1381239437&code=2153d3ncZAipWhjfyu2MFE45H6C4CiM8PipGmXmTA8viOFPQw9iA1v4iQX1l%2FdH2UB%2B6k5gj7KDKAMZyU2aJqV%2BJP7uZxXDFS5UhoeFTOrun8464QEnnV%2F3iYJQskyYHaR4euhnZRU2umzF%2F%2BQmO1kQSRBRP4evoYMrWwyWk%2Bw
INFO: [ app_begin ] --START--
INFO: Run ReadHtmlCache Behavior [ RunTime:0.001089s ]
INFO: [ app_begin ] --END-- [ RunTime:0.001183s ]
NOTIC: [8] Constant UC_CLIENT_VERSION already defined D:\wwwroot\mainweb\sdk\api\UcApi\Lib\Action\IndexAction.class.php 第 4 行.
NOTIC: [8] Constant UC_CLIENT_RELEASE already defined D:\wwwroot\mainweb\sdk\api\UcApi\Lib\Action\IndexAction.class.php 第 5 行.
NOTIC: [2048] Only variables should be passed by reference D:\wwwroot\mainweb\sdk\api\UcApi\Lib\Action\IndexAction.class.php 第 63 行.
NOTIC: [8] Constant API_RETURN_FAILED already defined D:\wwwroot\mainweb\sdk\uc_client\model\note.php 第 16 行.
SQL: SHOW COLUMNS FROM `sdk_accounts` [ RunTime:0.001970s ]
SQL: SELECT * FROM `sdk_accounts` WHERE ( `account_id` = 1241 ) LIMIT 1   [ RunTime:0.000338s ]

[ 2013-10-08T21:55:25+08:00 ] 192.168.163.101 /api/uc.php?time=1381240525&code=54d4Mk2JFrMiLRG50MCWyoA3l4zdMVHFFpJ0mqwyoTKJ7J2W8g6NUiqA0rtvTCEG8imzz25CbKcmr9SoFrzYQoTXBOE3sJAvJdKpx1f0Ep4m7cbfC4AuwvCjCfr51Y9F6ojYVEp5mDPayVFlaIy9Q3iTuMPuKDUzRGXMymbNdxFG
INFO: [ app_begin ] --START--
INFO: Run ReadHtmlCache Behavior [ RunTime:0.001042s ]
INFO: [ app_begin ] --END-- [ RunTime:0.001136s ]
NOTIC: [8] Constant UC_CLIENT_VERSION already defined D:\wwwroot\mainweb\sdk\api\UcApi\Lib\Action\IndexAction.class.php 第 4 行.
NOTIC: [8] Constant UC_CLIENT_RELEASE already defined D:\wwwroot\mainweb\sdk\api\UcApi\Lib\Action\IndexAction.class.php 第 5 行.
NOTIC: [2048] Only variables should be passed by reference D:\wwwroot\mainweb\sdk\api\UcApi\Lib\Action\IndexAction.class.php 第 63 行.
NOTIC: [8] Constant API_RETURN_FAILED already defined D:\wwwroot\mainweb\sdk\uc_client\model\note.php 第 16 行.
SQL: SHOW COLUMNS FROM `sdk_accounts` [ RunTime:0.002375s ]
SQL: SELECT * FROM `sdk_accounts` WHERE ( `account_id` = 2479 ) LIMIT 1   [ RunTime:0.000413s ]
SQL: INSERT INTO `sdk_accounts` (`account_id`,`user_name`,`email`,`password`,`reg_time`) VALUES (2479,'WangP文','259903848@qq.com','469cf3fb4c140725ee75485ea4cfa751271f2159',1381240525) [ RunTime:0.000935s ]

[ 2013-10-08T22:08:18+08:00 ] 192.168.180.193 /api/uc.php?time=1381241298&code=0c5aYQypxg%2BtZU8zv6LKIuu11kNcJhEqb%2F1gxVztAcJgDY4BpWc51az6o%2FdJi7a5MTlHxEIElhNoYjcde0IEsgi%2Fo2fDU6IHdaU2nl7Y1HBiEEFydTs4FmwhiJAvmnq8w56ECPmRWu2F3twVzi9olQRESerTzTNjeIdfhQ
INFO: [ app_begin ] --START--
INFO: Run ReadHtmlCache Behavior [ RunTime:0.000774s ]
INFO: [ app_begin ] --END-- [ RunTime:0.000865s ]
NOTIC: [8] Constant UC_CLIENT_VERSION already defined D:\wwwroot\mainweb\sdk\api\UcApi\Lib\Action\IndexAction.class.php 第 4 行.
NOTIC: [8] Constant UC_CLIENT_RELEASE already defined D:\wwwroot\mainweb\sdk\api\UcApi\Lib\Action\IndexAction.class.php 第 5 行.
NOTIC: [2048] Only variables should be passed by reference D:\wwwroot\mainweb\sdk\api\UcApi\Lib\Action\IndexAction.class.php 第 63 行.
NOTIC: [8] Constant API_RETURN_FAILED already defined D:\wwwroot\mainweb\sdk\uc_client\model\note.php 第 16 行.
SQL: SHOW COLUMNS FROM `sdk_accounts` [ RunTime:0.002120s ]
SQL: SELECT * FROM `sdk_accounts` WHERE ( `account_id` = 2083 ) LIMIT 1   [ RunTime:0.000435s ]

[ 2013-10-08T22:09:15+08:00 ] 192.168.164.216 /api/uc.php?time=1381241354&code=fa54f2VVp24YrZMZw98eENom2r5l7DS4VRsOF0c6oy3Wz5ynhPeNUwTKFw3qNb1N0dS2YsZDe8YVg8PyaPtbOTuF8wGSSzr6AL1NIvmHr0qrSJIeeVQhlt5u8zT%2BIE6OVv%2BdTn1nMnGiS0XVnGVGJHyLKeYy9fF5DpzOOqltQw
INFO: [ app_begin ] --START--
INFO: Run ReadHtmlCache Behavior [ RunTime:0.001007s ]
INFO: [ app_begin ] --END-- [ RunTime:0.001103s ]
NOTIC: [8] Constant UC_CLIENT_VERSION already defined D:\wwwroot\mainweb\sdk\api\UcApi\Lib\Action\IndexAction.class.php 第 4 行.
NOTIC: [8] Constant UC_CLIENT_RELEASE already defined D:\wwwroot\mainweb\sdk\api\UcApi\Lib\Action\IndexAction.class.php 第 5 行.
NOTIC: [2048] Only variables should be passed by reference D:\wwwroot\mainweb\sdk\api\UcApi\Lib\Action\IndexAction.class.php 第 63 行.
NOTIC: [8] Constant API_RETURN_FAILED already defined D:\wwwroot\mainweb\sdk\uc_client\model\note.php 第 16 行.
SQL: SHOW COLUMNS FROM `sdk_accounts` [ RunTime:0.002136s ]
SQL: SELECT * FROM `sdk_accounts` WHERE ( `account_id` = 1079 ) LIMIT 1   [ RunTime:0.000559s ]

[ 2013-10-08T22:20:02+08:00 ] 192.168.200.90 /api/uc.php?time=1381242002&code=a004aiqw0jaF74jOPl6h6k5Xf1EOI7auWSc5FJFqe2w1YB%2B5U7EUGFDaZ1NcvpdtU4rRub0eJi%2Flg91YEQeKPqmkdJTmqriaLTlU9kkeRW0ctKEw7Cnsdn0QcFIZ%2BKdV7wlXJa6BRMrf9tUoDS%2B1VqQk4qGSSfiw9hGhQdCrMnDVBw
INFO: [ app_begin ] --START--
INFO: Run ReadHtmlCache Behavior [ RunTime:0.001480s ]
INFO: [ app_begin ] --END-- [ RunTime:0.001573s ]
NOTIC: [8] Constant UC_CLIENT_VERSION already defined D:\wwwroot\mainweb\sdk\api\UcApi\Lib\Action\IndexAction.class.php 第 4 行.
NOTIC: [8] Constant UC_CLIENT_RELEASE already defined D:\wwwroot\mainweb\sdk\api\UcApi\Lib\Action\IndexAction.class.php 第 5 行.
NOTIC: [2048] Only variables should be passed by reference D:\wwwroot\mainweb\sdk\api\UcApi\Lib\Action\IndexAction.class.php 第 63 行.
NOTIC: [8] Constant API_RETURN_FAILED already defined D:\wwwroot\mainweb\sdk\uc_client\model\note.php 第 16 行.
SQL: SHOW COLUMNS FROM `sdk_accounts` [ RunTime:0.002206s ]
SQL: SELECT * FROM `sdk_accounts` WHERE ( `account_id` = 1790 ) LIMIT 1   [ RunTime:0.000598s ]

[ 2013-10-08T22:21:33+08:00 ] 192.168.164.108 /api/uc.php?time=1381242093&code=d2d4SMV1Fm0PHUkun6FDSZLGHquzn79FV6BUOa4zqjig7%2Bky%2BsF8aGg1ns0eSCj%2F49krU7%2B%2B1gOLZWtCZLA4k3RiquvruDmG135C0zJiLNnA3u36NmUg1p8JtaCQ9o3dQx4ECGBtTHAIpuU%2BRw9i8FSxF%2BVgMsZhVQB27WoomQsXjQ
INFO: [ app_begin ] --START--
INFO: Run ReadHtmlCache Behavior [ RunTime:0.001052s ]
INFO: [ app_begin ] --END-- [ RunTime:0.001144s ]
NOTIC: [8] Constant UC_CLIENT_VERSION already defined D:\wwwroot\mainweb\sdk\api\UcApi\Lib\Action\IndexAction.class.php 第 4 行.
NOTIC: [8] Constant UC_CLIENT_RELEASE already defined D:\wwwroot\mainweb\sdk\api\UcApi\Lib\Action\IndexAction.class.php 第 5 行.
NOTIC: [2048] Only variables should be passed by reference D:\wwwroot\mainweb\sdk\api\UcApi\Lib\Action\IndexAction.class.php 第 63 行.
NOTIC: [8] Constant API_RETURN_FAILED already defined D:\wwwroot\mainweb\sdk\uc_client\model\note.php 第 16 行.
SQL: SHOW COLUMNS FROM `sdk_accounts` [ RunTime:0.002384s ]
SQL: SELECT * FROM `sdk_accounts` WHERE ( `account_id` = 2408 ) LIMIT 1   [ RunTime:0.000428s ]

[ 2013-10-08T22:58:47+08:00 ] 192.168.192.65 /api/uc.php?time=1381244327&code=ddda9sl4NxKIn5qyxC3LC2bf%2FC7LprfATwy29ObxdKwm9VAwHAGf3MTehCYmsULQz1%2FUlWWcheVGbt7eaj6uSTuhDiZjEdf0aJGE8cwH0%2FYgV206UjKuJj1kzbCvDyRO3ud2n03EpWjneH3gsgTlXzd1dvl2wugONUczboUnrHc
INFO: [ app_begin ] --START--
INFO: Run ReadHtmlCache Behavior [ RunTime:0.001247s ]
INFO: [ app_begin ] --END-- [ RunTime:0.001344s ]
NOTIC: [8] Constant UC_CLIENT_VERSION already defined D:\wwwroot\mainweb\sdk\api\UcApi\Lib\Action\IndexAction.class.php 第 4 行.
NOTIC: [8] Constant UC_CLIENT_RELEASE already defined D:\wwwroot\mainweb\sdk\api\UcApi\Lib\Action\IndexAction.class.php 第 5 行.
NOTIC: [2048] Only variables should be passed by reference D:\wwwroot\mainweb\sdk\api\UcApi\Lib\Action\IndexAction.class.php 第 63 行.
NOTIC: [8] Constant API_RETURN_FAILED already defined D:\wwwroot\mainweb\sdk\uc_client\model\note.php 第 16 行.
SQL: SHOW COLUMNS FROM `sdk_accounts` [ RunTime:0.002026s ]
SQL: SELECT * FROM `sdk_accounts` WHERE ( `account_id` = 2117 ) LIMIT 1   [ RunTime:0.000370s ]

[ 2013-10-08T23:02:46+08:00 ] 192.168.153.202 /api/uc.php?time=1381244566&code=59077KyGFxUhm3pk%2FfW2yOc4rNBhRvlaReJXB4W5bGUIV2QvDeMwk4tzngSUBcA8SaHckLi4y7Gkr2i55BwZqK1qJa%2Fourb2U9cpPs9GuQraen1jtmE976mz62%2BzEAEG1kO7TrkOy0Dixkx54g%2F%2BUcj%2BLeeL6xrUWifoTg
INFO: [ app_begin ] --START--
INFO: Run ReadHtmlCache Behavior [ RunTime:0.001084s ]
INFO: [ app_begin ] --END-- [ RunTime:0.001180s ]
NOTIC: [8] Constant UC_CLIENT_VERSION already defined D:\wwwroot\mainweb\sdk\api\UcApi\Lib\Action\IndexAction.class.php 第 4 行.
NOTIC: [8] Constant UC_CLIENT_RELEASE already defined D:\wwwroot\mainweb\sdk\api\UcApi\Lib\Action\IndexAction.class.php 第 5 行.
NOTIC: [2048] Only variables should be passed by reference D:\wwwroot\mainweb\sdk\api\UcApi\Lib\Action\IndexAction.class.php 第 63 行.
NOTIC: [8] Constant API_RETURN_FAILED already defined D:\wwwroot\mainweb\sdk\uc_client\model\note.php 第 16 行.
SQL: SHOW COLUMNS FROM `sdk_accounts` [ RunTime:0.001974s ]
SQL: SELECT * FROM `sdk_accounts` WHERE ( `account_id` = 1172 ) LIMIT 1   [ RunTime:0.000578s ]

[ 2013-10-08T23:14:10+08:00 ] 192.168.146.201 /api/uc.php?time=1381245249&code=e008tllnSBwiSxsvuvHrAZy6tmjz%2BUZkbEC66WITCWIWPVW6uZp5q3UdliKCLrvhIxCVLdc6zaFmHNq%2FzVjhMrgoNPfanON0IVPwF6TzHaotbeuI0H1mq9paSIqhyU0VJrcm7pS7tN4ESdDB7pv9Mcs2r%2BJxOuCXWb8CVThXx1BQLy0
INFO: [ app_begin ] --START--
INFO: Run ReadHtmlCache Behavior [ RunTime:0.001113s ]
INFO: [ app_begin ] --END-- [ RunTime:0.001210s ]
NOTIC: [8] Constant UC_CLIENT_VERSION already defined D:\wwwroot\mainweb\sdk\api\UcApi\Lib\Action\IndexAction.class.php 第 4 行.
NOTIC: [8] Constant UC_CLIENT_RELEASE already defined D:\wwwroot\mainweb\sdk\api\UcApi\Lib\Action\IndexAction.class.php 第 5 行.
NOTIC: [2048] Only variables should be passed by reference D:\wwwroot\mainweb\sdk\api\UcApi\Lib\Action\IndexAction.class.php 第 63 行.
NOTIC: [8] Constant API_RETURN_FAILED already defined D:\wwwroot\mainweb\sdk\uc_client\model\note.php 第 16 行.
SQL: SHOW COLUMNS FROM `sdk_accounts` [ RunTime:0.001980s ]
SQL: SELECT * FROM `sdk_accounts` WHERE ( `account_id` = 1534 ) LIMIT 1   [ RunTime:0.000389s ]

[ 2013-10-08T23:18:25+08:00 ] 183.4.2.108 /api/uc.php?time=1381245504&code=174dlkCNphuphJn0jv8euvrY6679WN2oaSAUGxwvHfazOQhgVdIswp4WgouGl5popHhma5whLhpe%2BXXjCYM%2FrkjvJ8OavN1YHVKnhfk4DQfPAUCJIZc%2FuDGzL6I%2Fe0TWeni9XetkqdCHaIz5FCxo6qG1gEa93t3EeVzWmJ0
INFO: [ app_begin ] --START--
INFO: Run ReadHtmlCache Behavior [ RunTime:0.001055s ]
INFO: [ app_begin ] --END-- [ RunTime:0.001152s ]
NOTIC: [8] Constant UC_CLIENT_VERSION already defined D:\wwwroot\mainweb\sdk\api\UcApi\Lib\Action\IndexAction.class.php 第 4 行.
NOTIC: [8] Constant UC_CLIENT_RELEASE already defined D:\wwwroot\mainweb\sdk\api\UcApi\Lib\Action\IndexAction.class.php 第 5 行.
NOTIC: [2048] Only variables should be passed by reference D:\wwwroot\mainweb\sdk\api\UcApi\Lib\Action\IndexAction.class.php 第 63 行.
NOTIC: [8] Constant API_RETURN_FAILED already defined D:\wwwroot\mainweb\sdk\uc_client\model\note.php 第 16 行.
SQL: SHOW COLUMNS FROM `sdk_accounts` [ RunTime:0.002346s ]
SQL: SELECT * FROM `sdk_accounts` WHERE ( `account_id` = 1949 ) LIMIT 1   [ RunTime:0.000554s ]

[ 2013-10-08T23:36:33+08:00 ] 192.168.157.137 /api/uc.php?time=1381246593&code=555cs31eoXsfl59td9A9Uz4Ya9tuqJy0fO5s4N0aUG7DxwOaQhzxq6OMmqEjHBNrebQs%2FzuPyGiHqSi4V88izLu8eNugG0sSANQ493fSBlDKigbFONG%2Bpb1YvLd7M7tHGrMlt4GV4XK5pSAUqIDu96%2BNQypkreUmB6TfELF6EQ
INFO: [ app_begin ] --START--
INFO: Run ReadHtmlCache Behavior [ RunTime:0.001447s ]
INFO: [ app_begin ] --END-- [ RunTime:0.001544s ]
NOTIC: [8] Constant UC_CLIENT_VERSION already defined D:\wwwroot\mainweb\sdk\api\UcApi\Lib\Action\IndexAction.class.php 第 4 行.
NOTIC: [8] Constant UC_CLIENT_RELEASE already defined D:\wwwroot\mainweb\sdk\api\UcApi\Lib\Action\IndexAction.class.php 第 5 行.
NOTIC: [2048] Only variables should be passed by reference D:\wwwroot\mainweb\sdk\api\UcApi\Lib\Action\IndexAction.class.php 第 63 行.
NOTIC: [8] Constant API_RETURN_FAILED already defined D:\wwwroot\mainweb\sdk\uc_client\model\note.php 第 16 行.
SQL: SHOW COLUMNS FROM `sdk_accounts` [ RunTime:0.002094s ]
SQL: SELECT * FROM `sdk_accounts` WHERE ( `account_id` = 1834 ) LIMIT 1   [ RunTime:0.000396s ]

[ 2013-10-08T23:50:20+08:00 ] 192.168.142.76 /api/uc.php?time=1381247420&code=c058BzOfl1vM1wDGGhdBcwz5aWl15riXcT60u%2F%2F5vNrwxwOckufjpVTygEQlWcbi6OsNq9gStMakKvgta6Y4J0mATsNEXttUbfyiv8mT4Wf6n6gYyEjnSzqqV%2B5oxnkMO0LNKcqzgsTj1DuKaRWx1dxann5n8stlFg9hr8cjcwPx%2Bfu%2BeQ
INFO: [ app_begin ] --START--
INFO: Run ReadHtmlCache Behavior [ RunTime:0.001147s ]
INFO: [ app_begin ] --END-- [ RunTime:0.001249s ]
NOTIC: [8] Constant UC_CLIENT_VERSION already defined D:\wwwroot\mainweb\sdk\api\UcApi\Lib\Action\IndexAction.class.php 第 4 行.
NOTIC: [8] Constant UC_CLIENT_RELEASE already defined D:\wwwroot\mainweb\sdk\api\UcApi\Lib\Action\IndexAction.class.php 第 5 行.
NOTIC: [2048] Only variables should be passed by reference D:\wwwroot\mainweb\sdk\api\UcApi\Lib\Action\IndexAction.class.php 第 63 行.
NOTIC: [8] Constant API_RETURN_FAILED already defined D:\wwwroot\mainweb\sdk\uc_client\model\note.php 第 16 行.
SQL: SHOW COLUMNS FROM `sdk_accounts` [ RunTime:0.002164s ]
SQL: SELECT * FROM `sdk_accounts` WHERE ( `account_id` = 995 ) LIMIT 1   [ RunTime:0.000537s ]

[ 2013-10-08T23:55:58+08:00 ] 192.168.141.137 /api/uc.php?time=1381247757&code=ca32uN9H28okIPV37PIdb2Oj1kj4f2nGreAC%2B0ScQQg%2FTBH1%2BzLhCn9ngsCfEdLLn%2FjYBADa6drOlWp6WfzX0f931aYKLR%2FDzMblsCOGZQFVKdVU7bNQ%2BiWEPvi91JZakhpktg8ACxPcdCexJ6vkYsNGIQ5STi6bxG%2BFvMkKDYo2975ZhCHdhg
INFO: [ app_begin ] --START--
INFO: Run ReadHtmlCache Behavior [ RunTime:0.001049s ]
INFO: [ app_begin ] --END-- [ RunTime:0.001142s ]
NOTIC: [8] Constant UC_CLIENT_VERSION already defined D:\wwwroot\mainweb\sdk\api\UcApi\Lib\Action\IndexAction.class.php 第 4 行.
NOTIC: [8] Constant UC_CLIENT_RELEASE already defined D:\wwwroot\mainweb\sdk\api\UcApi\Lib\Action\IndexAction.class.php 第 5 行.
NOTIC: [2048] Only variables should be passed by reference D:\wwwroot\mainweb\sdk\api\UcApi\Lib\Action\IndexAction.class.php 第 63 行.
NOTIC: [8] Constant API_RETURN_FAILED already defined D:\wwwroot\mainweb\sdk\uc_client\model\note.php 第 16 行.
SQL: SHOW COLUMNS FROM `sdk_accounts` [ RunTime:0.002190s ]
SQL: SELECT * FROM `sdk_accounts` WHERE ( `account_id` = 1738 ) LIMIT 1   [ RunTime:0.000449s ]

