[ 2013-12-13T00:06:46+08:00 ] 192.168.206.202 /api/uc.php?time=1386864406&code=e227%2FcEeCSTYxF7LATCaPIOuRDvDAxs65T3L1GZcdUYy9oj4ilBU3V9ZzooWcP57UkoOicxzPll%2B1toGSuyod9v2cvysHY%2B5QRUar1A7xfIfm6%2B6Px6uklXnRHtMp5H0M9T1uJrClTk9pnIdhNa0vo%2BGm8yzr36awbHlzToFyP0gm9YbejA%2B
INFO: [ app_begin ] --START--
INFO: Run ReadHtmlCache Behavior [ RunTime:0.001054s ]
INFO: [ app_begin ] --END-- [ RunTime:0.001148s ]
NOTIC: [8] Constant UC_CLIENT_VERSION already defined D:\wwwroot\mainweb\sdk\api\UcApi\Lib\Action\IndexAction.class.php 第 4 行.
NOTIC: [8] Constant UC_CLIENT_RELEASE already defined D:\wwwroot\mainweb\sdk\api\UcApi\Lib\Action\IndexAction.class.php 第 5 行.
NOTIC: [2048] Only variables should be passed by reference D:\wwwroot\mainweb\sdk\api\UcApi\Lib\Action\IndexAction.class.php 第 63 行.
NOTIC: [8] Constant API_RETURN_FAILED already defined D:\wwwroot\mainweb\sdk\uc_client\model\note.php 第 16 行.
SQL: SHOW COLUMNS FROM `sdk_accounts` [ RunTime:0.001982s ]
SQL: SELECT * FROM `sdk_accounts` WHERE ( `account_id` = 2115 ) LIMIT 1   [ RunTime:0.000502s ]

[ 2013-12-13T00:09:15+08:00 ] 192.168.184.156 /api/uc.php?time=1386864555&code=f993jcfiNunI%2FK3584%2BaTfmKItrn5k4Ade7LYnQzuGBEx5nJPmsSnu%2Bi99MG45JpTs9R92emwSqDp3Z%2FFFOgmjSz0PxkZ183yqrMNJbfTlixuKagnsM7PucVukGcR97WWL7NEOuGvAij3MoRTMV7ndkEI0dL2beVfKdVYYZ%2F
INFO: [ app_begin ] --START--
INFO: Run ReadHtmlCache Behavior [ RunTime:0.001046s ]
INFO: [ app_begin ] --END-- [ RunTime:0.001138s ]
NOTIC: [8] Constant UC_CLIENT_VERSION already defined D:\wwwroot\mainweb\sdk\api\UcApi\Lib\Action\IndexAction.class.php 第 4 行.
NOTIC: [8] Constant UC_CLIENT_RELEASE already defined D:\wwwroot\mainweb\sdk\api\UcApi\Lib\Action\IndexAction.class.php 第 5 行.
NOTIC: [2048] Only variables should be passed by reference D:\wwwroot\mainweb\sdk\api\UcApi\Lib\Action\IndexAction.class.php 第 63 行.
NOTIC: [8] Constant API_RETURN_FAILED already defined D:\wwwroot\mainweb\sdk\uc_client\model\note.php 第 16 行.
SQL: SHOW COLUMNS FROM `sdk_accounts` [ RunTime:0.002050s ]
SQL: SELECT * FROM `sdk_accounts` WHERE ( `account_id` = 1709 ) LIMIT 1   [ RunTime:0.000579s ]

[ 2013-12-13T00:24:21+08:00 ] 10.95.98.144 /api/uc.php?time=1386865454&code=1fca%2BicqQdncsv0RzHZvzOfQtJO8gN5qFllEXNb%2FltCJvb%2Bn865mn6M0%2FWNhdP9OSZsP%2FORflKVu%2BIaNv4gq549ldRt5D4HbUMleUhUfM18Ku7KOw2%2FMZSzJvUks2qEzh%2Fibyg2rN7Nnnr1JcHU9wZ%2FjZXVtt5%2F9fiTt8So
INFO: [ app_begin ] --START--
INFO: Run ReadHtmlCache Behavior [ RunTime:0.001049s ]
INFO: [ app_begin ] --END-- [ RunTime:0.001143s ]
NOTIC: [8] Constant UC_CLIENT_VERSION already defined D:\wwwroot\mainweb\sdk\api\UcApi\Lib\Action\IndexAction.class.php 第 4 行.
NOTIC: [8] Constant UC_CLIENT_RELEASE already defined D:\wwwroot\mainweb\sdk\api\UcApi\Lib\Action\IndexAction.class.php 第 5 行.
NOTIC: [2048] Only variables should be passed by reference D:\wwwroot\mainweb\sdk\api\UcApi\Lib\Action\IndexAction.class.php 第 63 行.
NOTIC: [8] Constant API_RETURN_FAILED already defined D:\wwwroot\mainweb\sdk\uc_client\model\note.php 第 16 行.
SQL: SHOW COLUMNS FROM `sdk_accounts` [ RunTime:0.002163s ]
SQL: SELECT * FROM `sdk_accounts` WHERE ( `account_id` = 662 ) LIMIT 1   [ RunTime:0.000540s ]

[ 2013-12-13T01:32:19+08:00 ] 14.151.106.226 /api/uc.php?time=1386869538&code=a3b9wdsCFdZ7ouMhilySqKtGOt4WV82VWBx1GVdXKXYVhx7o6Sqyl9y6Ufro1IbN2wWhAaYX65cLiAy0uO6pu2azY08Wg409qdj3a8lV0Plgrzy0it%2FWpOhy0sVByYgD%2FAxFVeI98tqfdCCZjcoUo1JiEge%2BnM8xtiRUgonz
INFO: [ app_begin ] --START--
INFO: Run ReadHtmlCache Behavior [ RunTime:0.001041s ]
INFO: [ app_begin ] --END-- [ RunTime:0.001136s ]
NOTIC: [8] Constant UC_CLIENT_VERSION already defined D:\wwwroot\mainweb\sdk\api\UcApi\Lib\Action\IndexAction.class.php 第 4 行.
NOTIC: [8] Constant UC_CLIENT_RELEASE already defined D:\wwwroot\mainweb\sdk\api\UcApi\Lib\Action\IndexAction.class.php 第 5 行.
NOTIC: [2048] Only variables should be passed by reference D:\wwwroot\mainweb\sdk\api\UcApi\Lib\Action\IndexAction.class.php 第 63 行.
NOTIC: [8] Constant API_RETURN_FAILED already defined D:\wwwroot\mainweb\sdk\uc_client\model\note.php 第 16 行.
SQL: SHOW COLUMNS FROM `sdk_accounts` [ RunTime:0.001921s ]
SQL: SELECT * FROM `sdk_accounts` WHERE ( `account_id` = 1181 ) LIMIT 1   [ RunTime:0.000568s ]

[ 2013-12-13T08:52:05+08:00 ] 172.16.110.114 /api/uc.php?time=1386895920&code=76faYOiarpW60%2BgkTzR1KgpwgXXxb%2F0fGWCwdhbARRs529eFxSArQ2XQKe3q8n6m4PvZnoZERbqLe%2FlCn1hx1T8Gg0M%2B%2Fr%2BLTbHIpu4pCmjGJUCtqmL6gUETqp7XwLdiioRkjhU%2BLHUc6%2F0qDtrIa9OO671LUQrgBfnnufx%2F1Ag7DA
INFO: [ app_begin ] --START--
INFO: Run ReadHtmlCache Behavior [ RunTime:0.001046s ]
INFO: [ app_begin ] --END-- [ RunTime:0.001140s ]
NOTIC: [8] Constant UC_CLIENT_VERSION already defined D:\wwwroot\mainweb\sdk\api\UcApi\Lib\Action\IndexAction.class.php 第 4 行.
NOTIC: [8] Constant UC_CLIENT_RELEASE already defined D:\wwwroot\mainweb\sdk\api\UcApi\Lib\Action\IndexAction.class.php 第 5 行.
NOTIC: [2048] Only variables should be passed by reference D:\wwwroot\mainweb\sdk\api\UcApi\Lib\Action\IndexAction.class.php 第 63 行.
NOTIC: [8] Constant API_RETURN_FAILED already defined D:\wwwroot\mainweb\sdk\uc_client\model\note.php 第 16 行.
SQL: SHOW COLUMNS FROM `sdk_accounts` [ RunTime:0.002039s ]
SQL: SELECT * FROM `sdk_accounts` WHERE ( `account_id` = 2396 ) LIMIT 1   [ RunTime:0.000432s ]

[ 2013-12-13T09:17:30+08:00 ] 192.168.165.237 /api/uc.php?time=1386897449&code=f4f7%2BTvvjoxxiOSqEGQjvTuwsBAqARUo2zIPVtkj70zr396GxDueShv%2BfxI%2BPpBVrVurwCRI5%2F%2BDJaquivvjuuWW3PAO9monW97es%2BicKYGylLNRDyBDx2pTZPKGbC9xDqZTUNXTkYoPR5uA8z2ATtgyglC%2FmBYydvMXao726g
INFO: [ app_begin ] --START--
INFO: Run ReadHtmlCache Behavior [ RunTime:0.000711s ]
INFO: [ app_begin ] --END-- [ RunTime:0.000812s ]
NOTIC: [8] Constant UC_CLIENT_VERSION already defined D:\wwwroot\mainweb\sdk\api\UcApi\Lib\Action\IndexAction.class.php 第 4 行.
NOTIC: [8] Constant UC_CLIENT_RELEASE already defined D:\wwwroot\mainweb\sdk\api\UcApi\Lib\Action\IndexAction.class.php 第 5 行.
NOTIC: [2048] Only variables should be passed by reference D:\wwwroot\mainweb\sdk\api\UcApi\Lib\Action\IndexAction.class.php 第 63 行.
NOTIC: [8] Constant API_RETURN_FAILED already defined D:\wwwroot\mainweb\sdk\uc_client\model\note.php 第 16 行.
SQL: SHOW COLUMNS FROM `sdk_accounts` [ RunTime:0.002376s ]
SQL: SELECT * FROM `sdk_accounts` WHERE ( `account_id` = 1619 ) LIMIT 1   [ RunTime:0.000591s ]

[ 2013-12-13T09:39:07+08:00 ] 192.168.146.201 /api/uc.php?time=1386898746&code=8205z9jWIePjfWxhQ1FzCkwJRFxQKNSbqJLxvApe3GOjVgHJ2KoqtPrccQX%2BJ6byjnYXUiArG%2BQ3vJ3cT%2F469%2B5pwyAS06FOtdQBqFnCYxuQovwXDWDonAVJdPgpQVxICQJlckrPhat8IT3kSWHPbtjxsHc9z4ioW4ikfi6fp%2BAm0Is
INFO: [ app_begin ] --START--
INFO: Run ReadHtmlCache Behavior [ RunTime:0.001118s ]
INFO: [ app_begin ] --END-- [ RunTime:0.001208s ]
NOTIC: [8] Constant UC_CLIENT_VERSION already defined D:\wwwroot\mainweb\sdk\api\UcApi\Lib\Action\IndexAction.class.php 第 4 行.
NOTIC: [8] Constant UC_CLIENT_RELEASE already defined D:\wwwroot\mainweb\sdk\api\UcApi\Lib\Action\IndexAction.class.php 第 5 行.
NOTIC: [2048] Only variables should be passed by reference D:\wwwroot\mainweb\sdk\api\UcApi\Lib\Action\IndexAction.class.php 第 63 行.
NOTIC: [8] Constant API_RETURN_FAILED already defined D:\wwwroot\mainweb\sdk\uc_client\model\note.php 第 16 行.
SQL: SHOW COLUMNS FROM `sdk_accounts` [ RunTime:0.002189s ]
SQL: SELECT * FROM `sdk_accounts` WHERE ( `account_id` = 1534 ) LIMIT 1   [ RunTime:0.000474s ]

[ 2013-12-13T10:17:01+08:00 ] 192.168.200.210 /api/uc.php?time=1386901020&code=eff7vhVb%2B7Q8Ci%2BvBi3CeY%2Fymn%2FXj8TToveX2esSl41c%2BuSk1C9R906DockG%2B8UBXwM8cB%2B48zf10A7XSZY4ElQJIqP7qq922fY4oAXCNPp5PIaUSZd1ngwYjDfb%2Bg2rCfTjmMJ2hTbOwtcgnEruEFA%2BAk0AlhZ%2F0VOZoBK5
INFO: [ app_begin ] --START--
INFO: Run ReadHtmlCache Behavior [ RunTime:0.000732s ]
INFO: [ app_begin ] --END-- [ RunTime:0.000826s ]
NOTIC: [8] Constant UC_CLIENT_VERSION already defined D:\wwwroot\mainweb\sdk\api\UcApi\Lib\Action\IndexAction.class.php 第 4 行.
NOTIC: [8] Constant UC_CLIENT_RELEASE already defined D:\wwwroot\mainweb\sdk\api\UcApi\Lib\Action\IndexAction.class.php 第 5 行.
NOTIC: [2048] Only variables should be passed by reference D:\wwwroot\mainweb\sdk\api\UcApi\Lib\Action\IndexAction.class.php 第 63 行.
NOTIC: [8] Constant API_RETURN_FAILED already defined D:\wwwroot\mainweb\sdk\uc_client\model\note.php 第 16 行.
SQL: SHOW COLUMNS FROM `sdk_accounts` [ RunTime:0.002407s ]
SQL: SELECT * FROM `sdk_accounts` WHERE ( `account_id` = 929 ) LIMIT 1   [ RunTime:0.000615s ]

[ 2013-12-13T10:19:56+08:00 ] 192.168.203.73 /api/uc.php?time=1386901196&code=2d9fVI5WmErk0aA2HP9ETB%2BsTe3uZ8eO3DRk1hGjvw211ZKCsC586E9iqwk%2BUCl0rvH4%2F4IuIJoxkerfBGGeE6aqqlx5Qxiutv5dp2T8kMhLAoMJhoen8CCHGUAUFdD69osYhY39Ik6gjnX86xWNxje4H7hrJUAxSNLuCwgXoMkIMg
INFO: [ app_begin ] --START--
INFO: Run ReadHtmlCache Behavior [ RunTime:0.000699s ]
INFO: [ app_begin ] --END-- [ RunTime:0.000790s ]
NOTIC: [8] Constant UC_CLIENT_VERSION already defined D:\wwwroot\mainweb\sdk\api\UcApi\Lib\Action\IndexAction.class.php 第 4 行.
NOTIC: [8] Constant UC_CLIENT_RELEASE already defined D:\wwwroot\mainweb\sdk\api\UcApi\Lib\Action\IndexAction.class.php 第 5 行.
NOTIC: [2048] Only variables should be passed by reference D:\wwwroot\mainweb\sdk\api\UcApi\Lib\Action\IndexAction.class.php 第 63 行.
NOTIC: [8] Constant API_RETURN_FAILED already defined D:\wwwroot\mainweb\sdk\uc_client\model\note.php 第 16 行.
SQL: SHOW COLUMNS FROM `sdk_accounts` [ RunTime:0.002089s ]
SQL: SELECT * FROM `sdk_accounts` WHERE ( `account_id` = 1600 ) LIMIT 1   [ RunTime:0.000309s ]
SQL: INSERT INTO `sdk_accounts` (`account_id`,`user_name`,`email`,`password`,`reg_time`) VALUES (1600,'曾佳琪','834521606@qq.com','236543e397d14c07e4119b240be9b25e769d2666',1386901196) [ RunTime:0.004171s ]

[ 2013-12-13T12:47:36+08:00 ] 192.168.193.39 /api/uc.php?time=1386910056&code=7ec93nzlk1eKppc8sbeT4LXEaKRn8ijscyghsAb%2BlrFoj%2ByAK7P0B5umiacGIWpPN8w%2B2J8f1Pmw7rXFOTHpGdsWKBb47Sq8KXy4uw%2F9saj33eY2RtLr%2FA%2Boa%2BkZpR2lvB9u8WMngYbx0ASIzlmKrvXYAfoWJB7w9yxV07426f1M%2Fw
INFO: [ app_begin ] --START--
INFO: Run ReadHtmlCache Behavior [ RunTime:0.001048s ]
INFO: [ app_begin ] --END-- [ RunTime:0.001140s ]
NOTIC: [8] Constant UC_CLIENT_VERSION already defined D:\wwwroot\mainweb\sdk\api\UcApi\Lib\Action\IndexAction.class.php 第 4 行.
NOTIC: [8] Constant UC_CLIENT_RELEASE already defined D:\wwwroot\mainweb\sdk\api\UcApi\Lib\Action\IndexAction.class.php 第 5 行.
NOTIC: [2048] Only variables should be passed by reference D:\wwwroot\mainweb\sdk\api\UcApi\Lib\Action\IndexAction.class.php 第 63 行.
NOTIC: [8] Constant API_RETURN_FAILED already defined D:\wwwroot\mainweb\sdk\uc_client\model\note.php 第 16 行.
SQL: SHOW COLUMNS FROM `sdk_accounts` [ RunTime:0.002762s ]
SQL: SELECT * FROM `sdk_accounts` WHERE ( `account_id` = 1495 ) LIMIT 1   [ RunTime:0.000606s ]

[ 2013-12-13T13:06:09+08:00 ] 192.168.147.100 /api/uc.php?time=1386911169&code=b1f5aPB%2FpO0kfBF6O%2BRzLHl3sPDrQsh5tOiirnZG7xJfrNefnqYjC6s4n%2B%2B%2Fqz0whuiHqnApJaNz9NqW9%2FcnXlB9BBnYA%2B3ty%2BPPbDzOV9cin6XSesw1x%2FarrgZONqymWltARTGWhvB2bI2hld%2BJy5H7pw9%2FRQJQW2IOx5mfXcetf8Oc1A
INFO: [ app_begin ] --START--
INFO: Run ReadHtmlCache Behavior [ RunTime:0.000871s ]
INFO: [ app_begin ] --END-- [ RunTime:0.000963s ]
NOTIC: [8] Constant UC_CLIENT_VERSION already defined D:\wwwroot\mainweb\sdk\api\UcApi\Lib\Action\IndexAction.class.php 第 4 行.
NOTIC: [8] Constant UC_CLIENT_RELEASE already defined D:\wwwroot\mainweb\sdk\api\UcApi\Lib\Action\IndexAction.class.php 第 5 行.
NOTIC: [2048] Only variables should be passed by reference D:\wwwroot\mainweb\sdk\api\UcApi\Lib\Action\IndexAction.class.php 第 63 行.
NOTIC: [8] Constant API_RETURN_FAILED already defined D:\wwwroot\mainweb\sdk\uc_client\model\note.php 第 16 行.
SQL: SHOW COLUMNS FROM `sdk_accounts` [ RunTime:0.002038s ]
SQL: SELECT * FROM `sdk_accounts` WHERE ( `account_id` = 2213 ) LIMIT 1   [ RunTime:0.000432s ]

[ 2013-12-13T13:26:46+08:00 ] 192.168.136.216 /api/uc.php?time=1386912406&code=777aHQXWblalHsPkcR%2BrJIVyAYZ5iCGW4KmWLFKw0EutPpjgslDsNUkR7Q1FiL5zrxB1ezrsdkI7U%2F8ZTVUz517XhvIc%2FApplBeLMwU%2Fv83uybTsJnuSvAPzLv7ueNS1hGBPHEHl55f11FNAxoTFqt7vO1LLpjGIIPAy2Eycr48TJg
INFO: [ app_begin ] --START--
INFO: Run ReadHtmlCache Behavior [ RunTime:0.001040s ]
INFO: [ app_begin ] --END-- [ RunTime:0.001131s ]
NOTIC: [8] Constant UC_CLIENT_VERSION already defined D:\wwwroot\mainweb\sdk\api\UcApi\Lib\Action\IndexAction.class.php 第 4 行.
NOTIC: [8] Constant UC_CLIENT_RELEASE already defined D:\wwwroot\mainweb\sdk\api\UcApi\Lib\Action\IndexAction.class.php 第 5 行.
NOTIC: [2048] Only variables should be passed by reference D:\wwwroot\mainweb\sdk\api\UcApi\Lib\Action\IndexAction.class.php 第 63 行.
NOTIC: [8] Constant API_RETURN_FAILED already defined D:\wwwroot\mainweb\sdk\uc_client\model\note.php 第 16 行.
SQL: SHOW COLUMNS FROM `sdk_accounts` [ RunTime:0.002028s ]
SQL: SELECT * FROM `sdk_accounts` WHERE ( `account_id` = 2509 ) LIMIT 1   [ RunTime:0.000356s ]

[ 2013-12-13T13:26:46+08:00 ] 192.168.136.216 /api/uc.php?time=1386912406&code=9f66WL%2B4oNR2231vQMcGiiiycePsK32MEn5eqhAE%2FTq7CxX0Fdhwpo0EXjSBxx2vFokMh4SCUnMhiOS1xYEMqeEPukOyu4GkvHHc9ab5a13eoOdF6tZ3mbOTiKW82B6zdRcilz71z7wZEu1XfH0OJbSXLvexVuhcjwsQ16IuFRFGiA
INFO: [ app_begin ] --START--
INFO: Run ReadHtmlCache Behavior [ RunTime:0.000927s ]
INFO: [ app_begin ] --END-- [ RunTime:0.001017s ]
NOTIC: [8] Constant UC_CLIENT_VERSION already defined D:\wwwroot\mainweb\sdk\api\UcApi\Lib\Action\IndexAction.class.php 第 4 行.
NOTIC: [8] Constant UC_CLIENT_RELEASE already defined D:\wwwroot\mainweb\sdk\api\UcApi\Lib\Action\IndexAction.class.php 第 5 行.
NOTIC: [2048] Only variables should be passed by reference D:\wwwroot\mainweb\sdk\api\UcApi\Lib\Action\IndexAction.class.php 第 63 行.
NOTIC: [8] Constant API_RETURN_FAILED already defined D:\wwwroot\mainweb\sdk\uc_client\model\note.php 第 16 行.
SQL: SHOW COLUMNS FROM `sdk_accounts` [ RunTime:0.002338s ]
SQL: SELECT * FROM `sdk_accounts` WHERE ( `account_id` = 2509 ) LIMIT 1   [ RunTime:0.000314s ]

[ 2013-12-13T13:48:23+08:00 ] 192.168.164.244 /api/uc.php?time=1386913702&code=005dDAoO6lr1swzWtzqG92OrjdE6tjFqt53BIqg6D%2FlJM1ekjeAXNSDaBKcfXphBMNqwUlUnooDNGCYcpCalyjxvU%2Bnc2MxFUML3Dnl5KOtpBUZD3RmYyU2nB9R%2Bru25G4P2wfj8Gf1UievE2apQGRqfQuT5ji9x4nNSirS5
INFO: [ app_begin ] --START--
INFO: Run ReadHtmlCache Behavior [ RunTime:0.000730s ]
INFO: [ app_begin ] --END-- [ RunTime:0.000825s ]
NOTIC: [8] Constant UC_CLIENT_VERSION already defined D:\wwwroot\mainweb\sdk\api\UcApi\Lib\Action\IndexAction.class.php 第 4 行.
NOTIC: [8] Constant UC_CLIENT_RELEASE already defined D:\wwwroot\mainweb\sdk\api\UcApi\Lib\Action\IndexAction.class.php 第 5 行.
NOTIC: [2048] Only variables should be passed by reference D:\wwwroot\mainweb\sdk\api\UcApi\Lib\Action\IndexAction.class.php 第 63 行.
NOTIC: [8] Constant API_RETURN_FAILED already defined D:\wwwroot\mainweb\sdk\uc_client\model\note.php 第 16 行.
SQL: SHOW COLUMNS FROM `sdk_accounts` [ RunTime:0.002012s ]
SQL: SELECT * FROM `sdk_accounts` WHERE ( `account_id` = 2524 ) LIMIT 1   [ RunTime:0.000527s ]

[ 2013-12-13T14:38:05+08:00 ] 192.168.189.169 /api/uc.php?time=1386916685&code=b308k6XnneAghmqeAysC0wm40gpKqxjXOXGZITuGXoTOTqpzB5odaADH4jJuLvhDHxZ%2Bt%2FX%2B4Bf24CObXSZP5q1Y8S02Xax%2FVXOXXyLjIg7ZK0m2LP74TWxSmVLwHTIgtBo0ZEx7pCH2Yy8klGIGtDmgeE8of1yRNAtAfvxguQ
INFO: [ app_begin ] --START--
INFO: Run ReadHtmlCache Behavior [ RunTime:0.000702s ]
INFO: [ app_begin ] --END-- [ RunTime:0.000794s ]
NOTIC: [8] Constant UC_CLIENT_VERSION already defined D:\wwwroot\mainweb\sdk\api\UcApi\Lib\Action\IndexAction.class.php 第 4 行.
NOTIC: [8] Constant UC_CLIENT_RELEASE already defined D:\wwwroot\mainweb\sdk\api\UcApi\Lib\Action\IndexAction.class.php 第 5 行.
NOTIC: [2048] Only variables should be passed by reference D:\wwwroot\mainweb\sdk\api\UcApi\Lib\Action\IndexAction.class.php 第 63 行.
NOTIC: [8] Constant API_RETURN_FAILED already defined D:\wwwroot\mainweb\sdk\uc_client\model\note.php 第 16 行.
SQL: SHOW COLUMNS FROM `sdk_accounts` [ RunTime:0.002099s ]
SQL: SELECT * FROM `sdk_accounts` WHERE ( `account_id` = 1772 ) LIMIT 1   [ RunTime:0.000303s ]

[ 2013-12-13T15:33:11+08:00 ] 192.168.160.94 /api/uc.php?time=1386919991&code=dcd49BjSAQ%2B%2FX%2FKl4xoxFkL2EMclMjGLInTdCUpXIqoyCfYEjV5NEz6p4uo0rTJzcqxFPphIXga8d0c%2FlzrDybx7rwJhh1adX%2BqS%2FOxRNPqIc1%2F8Mz2pGCRF1SxIbkrJpJES7tJC%2FAqrVLtXd7lONXBkJF9QhBERLdfwiiivCZQE
INFO: [ app_begin ] --START--
INFO: Run ReadHtmlCache Behavior [ RunTime:0.001128s ]
INFO: [ app_begin ] --END-- [ RunTime:0.001223s ]
NOTIC: [8] Constant UC_CLIENT_VERSION already defined D:\wwwroot\mainweb\sdk\api\UcApi\Lib\Action\IndexAction.class.php 第 4 行.
NOTIC: [8] Constant UC_CLIENT_RELEASE already defined D:\wwwroot\mainweb\sdk\api\UcApi\Lib\Action\IndexAction.class.php 第 5 行.
NOTIC: [2048] Only variables should be passed by reference D:\wwwroot\mainweb\sdk\api\UcApi\Lib\Action\IndexAction.class.php 第 63 行.
NOTIC: [8] Constant API_RETURN_FAILED already defined D:\wwwroot\mainweb\sdk\uc_client\model\note.php 第 16 行.
SQL: SHOW COLUMNS FROM `sdk_accounts` [ RunTime:0.002096s ]
SQL: SELECT * FROM `sdk_accounts` WHERE ( `account_id` = 926 ) LIMIT 1   [ RunTime:0.000517s ]

[ 2013-12-13T15:33:14+08:00 ] 192.168.160.94 /api/uc.php?time=1386919994&code=0c55ppDFrP3NkFxdTLSHcv1zLjWES8KvK94Vu5NEcYyjbTiw3ZE3g8gS4EDO7m141ZMPYwoBJ5gttMTnmA
INFO: [ app_begin ] --START--
INFO: Run ReadHtmlCache Behavior [ RunTime:0.001111s ]
INFO: [ app_begin ] --END-- [ RunTime:0.001205s ]
NOTIC: [8] Constant UC_CLIENT_VERSION already defined D:\wwwroot\mainweb\sdk\api\UcApi\Lib\Action\IndexAction.class.php 第 4 行.
NOTIC: [8] Constant UC_CLIENT_RELEASE already defined D:\wwwroot\mainweb\sdk\api\UcApi\Lib\Action\IndexAction.class.php 第 5 行.
NOTIC: [2048] Only variables should be passed by reference D:\wwwroot\mainweb\sdk\api\UcApi\Lib\Action\IndexAction.class.php 第 63 行.

[ 2013-12-13T17:22:22+08:00 ] 192.168.200.195 /api/uc.php?time=1386926541&code=bce23F7UJCFLJVbN5VEFnPrAJoVADQCNK8zVmCOWD5CxkfJ7B5LVV%2FP8gQ1uVDPfLVAjMr9msEL0ViGWzqBRAAXmaOFIyQ%2B%2BPfTkxtQhxel0ZgiSVXWzFDoC%2Fpu4X4muP73uSLE2tca2a8NJ7mMXjb6SwS0eiajzjPkzK2wArqk
INFO: [ app_begin ] --START--
INFO: Run ReadHtmlCache Behavior [ RunTime:0.001405s ]
INFO: [ app_begin ] --END-- [ RunTime:0.001503s ]
NOTIC: [8] Constant UC_CLIENT_VERSION already defined D:\wwwroot\mainweb\sdk\api\UcApi\Lib\Action\IndexAction.class.php 第 4 行.
NOTIC: [8] Constant UC_CLIENT_RELEASE already defined D:\wwwroot\mainweb\sdk\api\UcApi\Lib\Action\IndexAction.class.php 第 5 行.
NOTIC: [2048] Only variables should be passed by reference D:\wwwroot\mainweb\sdk\api\UcApi\Lib\Action\IndexAction.class.php 第 63 行.
NOTIC: [8] Constant API_RETURN_FAILED already defined D:\wwwroot\mainweb\sdk\uc_client\model\note.php 第 16 行.
SQL: SHOW COLUMNS FROM `sdk_accounts` [ RunTime:0.002796s ]
SQL: SELECT * FROM `sdk_accounts` WHERE ( `account_id` = 1797 ) LIMIT 1   [ RunTime:0.000543s ]

[ 2013-12-13T17:23:04+08:00 ] 192.168.138.161 /api/uc.php?time=1386926584&code=65cfdFGrEK3XINinjo3MuGfHNhKy%2FfGqOTE19L4ZgBv%2BuZoYueqaS8%2FEomvXD0X02VEKdn7aAMc5vbm3gfNVQcDkg3lhnyGW%2BFHXJyamcQWsrBHpM7PaK7Dt8Sb2UscdGkkWkNdLHu546d3AffNBSJUATEobLm%2FyxxxgESIS6OnJlg
INFO: [ app_begin ] --START--
INFO: Run ReadHtmlCache Behavior [ RunTime:0.000972s ]
INFO: [ app_begin ] --END-- [ RunTime:0.001064s ]
NOTIC: [8] Constant UC_CLIENT_VERSION already defined D:\wwwroot\mainweb\sdk\api\UcApi\Lib\Action\IndexAction.class.php 第 4 行.
NOTIC: [8] Constant UC_CLIENT_RELEASE already defined D:\wwwroot\mainweb\sdk\api\UcApi\Lib\Action\IndexAction.class.php 第 5 行.
NOTIC: [2048] Only variables should be passed by reference D:\wwwroot\mainweb\sdk\api\UcApi\Lib\Action\IndexAction.class.php 第 63 行.
NOTIC: [8] Constant API_RETURN_FAILED already defined D:\wwwroot\mainweb\sdk\uc_client\model\note.php 第 16 行.
SQL: SHOW COLUMNS FROM `sdk_accounts` [ RunTime:0.001894s ]
SQL: SELECT * FROM `sdk_accounts` WHERE ( `account_id` = 1932 ) LIMIT 1   [ RunTime:0.000436s ]
SQL: INSERT INTO `sdk_accounts` (`account_id`,`user_name`,`email`,`password`,`reg_time`) VALUES (1932,'小小白','330160156@qq.com','d267955f1160835e9d5ca2878b8841ca92b8d571',1386926584) [ RunTime:0.004648s ]

[ 2013-12-13T17:23:07+08:00 ] 192.168.138.161 /api/uc.php?time=1386926587&code=59c1gRPqxKbzLdDkN989Yzngk6aNKwf%2FGq0zlYvdja9bgaXiUcVX4POpgv2m6O6Xz130%2FjZH1xnbxpqsiL7jniD291glaNapttYnV6Yw%2BVoowOPkP7fXpuEGXyfGDhE7rHWnHFbaqV2k6yRiEQr85O2kZaMP8I1u3H6JZjKt2Xi1Ug
INFO: [ app_begin ] --START--
INFO: Run ReadHtmlCache Behavior [ RunTime:0.000918s ]
INFO: [ app_begin ] --END-- [ RunTime:0.001008s ]
NOTIC: [8] Constant UC_CLIENT_VERSION already defined D:\wwwroot\mainweb\sdk\api\UcApi\Lib\Action\IndexAction.class.php 第 4 行.
NOTIC: [8] Constant UC_CLIENT_RELEASE already defined D:\wwwroot\mainweb\sdk\api\UcApi\Lib\Action\IndexAction.class.php 第 5 行.
NOTIC: [2048] Only variables should be passed by reference D:\wwwroot\mainweb\sdk\api\UcApi\Lib\Action\IndexAction.class.php 第 63 行.
NOTIC: [8] Constant API_RETURN_FAILED already defined D:\wwwroot\mainweb\sdk\uc_client\model\note.php 第 16 行.
SQL: SHOW COLUMNS FROM `sdk_accounts` [ RunTime:0.002046s ]
SQL: SELECT * FROM `sdk_accounts` WHERE ( `account_id` = 1932 ) LIMIT 1   [ RunTime:0.000580s ]

[ 2013-12-13T17:43:11+08:00 ] 192.168.160.161 /api/uc.php?time=1386927791&code=a4d8%2FGpufAROmyPr1MDje7wXkliws9QFzRbPy0T3Ph04W%2BPnZeVPy6Y0p8FoWhzdAdeytwhY7wMgmT3AgOGXZbqPGYvFAVPz6Pi25oqPwfGYihR6Vg20oMmIj6%2B1vICUQ6LM8kzTejT3h8PzvY4InBK2Ek4mVG7ljQUasbIH
INFO: [ app_begin ] --START--
INFO: Run ReadHtmlCache Behavior [ RunTime:0.001042s ]
INFO: [ app_begin ] --END-- [ RunTime:0.001135s ]
NOTIC: [8] Constant UC_CLIENT_VERSION already defined D:\wwwroot\mainweb\sdk\api\UcApi\Lib\Action\IndexAction.class.php 第 4 行.
NOTIC: [8] Constant UC_CLIENT_RELEASE already defined D:\wwwroot\mainweb\sdk\api\UcApi\Lib\Action\IndexAction.class.php 第 5 行.
NOTIC: [2048] Only variables should be passed by reference D:\wwwroot\mainweb\sdk\api\UcApi\Lib\Action\IndexAction.class.php 第 63 行.
NOTIC: [8] Constant API_RETURN_FAILED already defined D:\wwwroot\mainweb\sdk\uc_client\model\note.php 第 16 行.
SQL: SHOW COLUMNS FROM `sdk_accounts` [ RunTime:0.002226s ]
SQL: SELECT * FROM `sdk_accounts` WHERE ( `account_id` = 2513 ) LIMIT 1   [ RunTime:0.000546s ]

[ 2013-12-13T18:18:12+08:00 ] 192.168.149.164 /api/uc.php?time=1386929892&code=27b1Etg2lkoYIZM%2BbZKXdV%2Bv5Vq3PPcz4iuQ1TpUU4L%2BafMs%2F2G1Q08RqlSVoAzIqIn1svqPEXBxo6fqpqSitgHkSRYNIhc%2Bpje88GYwKxbBvufEhDCW%2F%2FCnafqvi1IUih3EH1s9QIDV97xW0V%2Fvn2CBYdbgoZ9dw4gc%2BKGr%2Fg
INFO: [ app_begin ] --START--
INFO: Run ReadHtmlCache Behavior [ RunTime:0.001152s ]
INFO: [ app_begin ] --END-- [ RunTime:0.001245s ]
NOTIC: [8] Constant UC_CLIENT_VERSION already defined D:\wwwroot\mainweb\sdk\api\UcApi\Lib\Action\IndexAction.class.php 第 4 行.
NOTIC: [8] Constant UC_CLIENT_RELEASE already defined D:\wwwroot\mainweb\sdk\api\UcApi\Lib\Action\IndexAction.class.php 第 5 行.
NOTIC: [2048] Only variables should be passed by reference D:\wwwroot\mainweb\sdk\api\UcApi\Lib\Action\IndexAction.class.php 第 63 行.
NOTIC: [8] Constant API_RETURN_FAILED already defined D:\wwwroot\mainweb\sdk\uc_client\model\note.php 第 16 行.
SQL: SHOW COLUMNS FROM `sdk_accounts` [ RunTime:0.002564s ]
SQL: SELECT * FROM `sdk_accounts` WHERE ( `account_id` = 2516 ) LIMIT 1   [ RunTime:0.000361s ]

[ 2013-12-13T18:36:28+08:00 ] 192.168.157.14 /api/uc.php?time=1386930985&code=71bek2%2BxIpOjsp7HTJ322gT4IwDJgItRd0FC6lJWbihTaVPp0f8DNQxFajhSJwmuGtbTjwemx03gKHyxW1QQNBFa6ONvu6lgstfoyQi8Jaah3WV3S0M0iNe4dw51qwq1I353txf%2FUBdRThyA%2B%2FXbIMe6UsAacI%2Fx6vb%2FKHXgj0Mg
INFO: [ app_begin ] --START--
INFO: Run ReadHtmlCache Behavior [ RunTime:0.001082s ]
INFO: [ app_begin ] --END-- [ RunTime:0.001173s ]
NOTIC: [8] Constant UC_CLIENT_VERSION already defined D:\wwwroot\mainweb\sdk\api\UcApi\Lib\Action\IndexAction.class.php 第 4 行.
NOTIC: [8] Constant UC_CLIENT_RELEASE already defined D:\wwwroot\mainweb\sdk\api\UcApi\Lib\Action\IndexAction.class.php 第 5 行.
NOTIC: [2048] Only variables should be passed by reference D:\wwwroot\mainweb\sdk\api\UcApi\Lib\Action\IndexAction.class.php 第 63 行.
NOTIC: [8] Constant API_RETURN_FAILED already defined D:\wwwroot\mainweb\sdk\uc_client\model\note.php 第 16 行.
SQL: SHOW COLUMNS FROM `sdk_accounts` [ RunTime:0.001863s ]
SQL: SELECT * FROM `sdk_accounts` WHERE ( `account_id` = 825 ) LIMIT 1   [ RunTime:0.000345s ]

[ 2013-12-13T20:26:31+08:00 ] 192.168.140.11 /api/uc.php?time=1386937590&code=e4beQbyCWCW4d4xY3eOmtvXVYaS0su0UL9BMMccgjGldGyL0EZZyNSwZ9xT26wen3R26bAnVtogl95DWRJ3MxY7EHEfYj1TbGJ52DqV0wq5MTFAuvW3Geimv19sjKqjxj13npJrE4r7P4rthXcuqAxETQj1slqA5pbetsbotwRUn3Q
INFO: [ app_begin ] --START--
INFO: Run ReadHtmlCache Behavior [ RunTime:0.001193s ]
INFO: [ app_begin ] --END-- [ RunTime:0.001290s ]
NOTIC: [8] Constant UC_CLIENT_VERSION already defined D:\wwwroot\mainweb\sdk\api\UcApi\Lib\Action\IndexAction.class.php 第 4 行.
NOTIC: [8] Constant UC_CLIENT_RELEASE already defined D:\wwwroot\mainweb\sdk\api\UcApi\Lib\Action\IndexAction.class.php 第 5 行.
NOTIC: [2048] Only variables should be passed by reference D:\wwwroot\mainweb\sdk\api\UcApi\Lib\Action\IndexAction.class.php 第 63 行.
NOTIC: [8] Constant API_RETURN_FAILED already defined D:\wwwroot\mainweb\sdk\uc_client\model\note.php 第 16 行.
SQL: SHOW COLUMNS FROM `sdk_accounts` [ RunTime:0.002005s ]
SQL: SELECT * FROM `sdk_accounts` WHERE ( `account_id` = 2203 ) LIMIT 1   [ RunTime:0.000484s ]

[ 2013-12-13T21:25:52+08:00 ] 192.168.134.215 /api/uc.php?time=1386941152&code=6ea3CB1leUT%2F4EDOVLEjuj72MXuWWfJcmQmBUiPxq5dksq1CT5VQvkxRWis%2Fi7t4tF0urXr6b0McLppEEHArDKB7k8dYGCFyK6JtrpmfKlcxKSPkHuK1QPx5I%2FTqUTWMk9ejbbzYJyOwHjt9nF4AvPcXxfSiAXY7VlDdMhTirbCMgg
INFO: [ app_begin ] --START--
INFO: Run ReadHtmlCache Behavior [ RunTime:0.001073s ]
INFO: [ app_begin ] --END-- [ RunTime:0.001167s ]
NOTIC: [8] Constant UC_CLIENT_VERSION already defined D:\wwwroot\mainweb\sdk\api\UcApi\Lib\Action\IndexAction.class.php 第 4 行.
NOTIC: [8] Constant UC_CLIENT_RELEASE already defined D:\wwwroot\mainweb\sdk\api\UcApi\Lib\Action\IndexAction.class.php 第 5 行.
NOTIC: [2048] Only variables should be passed by reference D:\wwwroot\mainweb\sdk\api\UcApi\Lib\Action\IndexAction.class.php 第 63 行.
NOTIC: [8] Constant API_RETURN_FAILED already defined D:\wwwroot\mainweb\sdk\uc_client\model\note.php 第 16 行.
SQL: SHOW COLUMNS FROM `sdk_accounts` [ RunTime:0.002193s ]
SQL: SELECT * FROM `sdk_accounts` WHERE ( `account_id` = 1777 ) LIMIT 1   [ RunTime:0.000434s ]

[ 2013-12-13T22:29:06+08:00 ] 192.168.193.67 /api/uc.php?time=1386944946&code=a1c6tNI4KDCk6a3Xx51MDqrlu5EwuLc41UD7HBeGy%2B8LSacVZYG9w%2F86itQzet97ej0A42%2FxM2dnvPHyGhZbREHGDbAJZtpnbiw0ujjVEhG5PW1Z4KkeeLl4weiNDiTRX4blsjH1tVoUdJiwRT8MmW5XdimkvUa8l8IK2iD33PRa%2FQ
INFO: [ app_begin ] --START--
INFO: Run ReadHtmlCache Behavior [ RunTime:0.001089s ]
INFO: [ app_begin ] --END-- [ RunTime:0.001182s ]
NOTIC: [8] Constant UC_CLIENT_VERSION already defined D:\wwwroot\mainweb\sdk\api\UcApi\Lib\Action\IndexAction.class.php 第 4 行.
NOTIC: [8] Constant UC_CLIENT_RELEASE already defined D:\wwwroot\mainweb\sdk\api\UcApi\Lib\Action\IndexAction.class.php 第 5 行.
NOTIC: [2048] Only variables should be passed by reference D:\wwwroot\mainweb\sdk\api\UcApi\Lib\Action\IndexAction.class.php 第 63 行.
NOTIC: [8] Constant API_RETURN_FAILED already defined D:\wwwroot\mainweb\sdk\uc_client\model\note.php 第 16 行.
SQL: SHOW COLUMNS FROM `sdk_accounts` [ RunTime:0.002240s ]
SQL: SELECT * FROM `sdk_accounts` WHERE ( `account_id` = 1217 ) LIMIT 1   [ RunTime:0.000622s ]

