[ 2013-12-06T08:48:19+08:00 ] 192.168.187.73 /api/uc.php?time=1386290899&code=f0c3djN8gWcVDQ9uCz61r%2BTIeJIySmsk5f3bacgtcQ7BUKQUZ3nNMXilIcHdMby7z6l9zApc8yg%2BhpS8pTeeX%2F1SKtAAlZ3i0ZXY3DIzrdavBbNJCglbu6fd5wBYZiS%2BAK2VIfEenX3BOuBPkbrgvJ6Ohu4P8Q0Aw2C7aSENDA
INFO: [ app_begin ] --START--
INFO: Run ReadHtmlCache Behavior [ RunTime:0.001062s ]
INFO: [ app_begin ] --END-- [ RunTime:0.001151s ]
NOTIC: [8] Constant UC_CLIENT_VERSION already defined D:\wwwroot\mainweb\sdk\api\UcApi\Lib\Action\IndexAction.class.php 第 4 行.
NOTIC: [8] Constant UC_CLIENT_RELEASE already defined D:\wwwroot\mainweb\sdk\api\UcApi\Lib\Action\IndexAction.class.php 第 5 行.
NOTIC: [2048] Only variables should be passed by reference D:\wwwroot\mainweb\sdk\api\UcApi\Lib\Action\IndexAction.class.php 第 63 行.
NOTIC: [8] Constant API_RETURN_FAILED already defined D:\wwwroot\mainweb\sdk\uc_client\model\note.php 第 16 行.
SQL: SHOW COLUMNS FROM `sdk_accounts` [ RunTime:0.002286s ]
SQL: SELECT * FROM `sdk_accounts` WHERE ( `account_id` = 2552 ) LIMIT 1   [ RunTime:0.000367s ]

[ 2013-12-06T10:23:39+08:00 ] 192.168.153.141 /api/uc.php?time=1386296619&code=cfb6fuSTl2rhSllXGLqSqvWpWAqn3UGHGr6ixMEyLpQzozq6p237n8Z8peXCHQCCXMgQ%2FcJh%2FmIU6%2BYAjH7gFYn2e9EOSsMBH7y4u1WU%2BOp%2BKj2%2FRgt%2Fako1UDfpiCwsVqE%2FN25nVQT3GraOrIySylLQiKCLBrC5dvbs
INFO: [ app_begin ] --START--
INFO: Run ReadHtmlCache Behavior [ RunTime:0.001040s ]
INFO: [ app_begin ] --END-- [ RunTime:0.001130s ]
NOTIC: [8] Constant UC_CLIENT_VERSION already defined D:\wwwroot\mainweb\sdk\api\UcApi\Lib\Action\IndexAction.class.php 第 4 行.
NOTIC: [8] Constant UC_CLIENT_RELEASE already defined D:\wwwroot\mainweb\sdk\api\UcApi\Lib\Action\IndexAction.class.php 第 5 行.
NOTIC: [2048] Only variables should be passed by reference D:\wwwroot\mainweb\sdk\api\UcApi\Lib\Action\IndexAction.class.php 第 63 行.
NOTIC: [8] Constant API_RETURN_FAILED already defined D:\wwwroot\mainweb\sdk\uc_client\model\note.php 第 16 行.
SQL: SHOW COLUMNS FROM `sdk_accounts` [ RunTime:0.002131s ]
SQL: SELECT * FROM `sdk_accounts` WHERE ( `account_id` = 798 ) LIMIT 1   [ RunTime:0.000304s ]

[ 2013-12-06T12:38:27+08:00 ] 192.168.190.167 /api/uc.php?time=1386304707&code=c5bfNzWthDrkuGN84paAffB5ae7tUkyLJwJk7gljHBf3lvD%2Fn8mW33xdZj2ErkBlSEcCydevS1UFvJk2C58AgSR7rBaoQQyx9gKCfBV0wp6nDLli2VR%2Fu7DQ4evisKj%2FHOgEMK9PzTPdTEuFhpd3nCcoMflFtzxVONlVefDr
INFO: [ app_begin ] --START--
INFO: Run ReadHtmlCache Behavior [ RunTime:0.001085s ]
INFO: [ app_begin ] --END-- [ RunTime:0.001175s ]
NOTIC: [8] Constant UC_CLIENT_VERSION already defined D:\wwwroot\mainweb\sdk\api\UcApi\Lib\Action\IndexAction.class.php 第 4 行.
NOTIC: [8] Constant UC_CLIENT_RELEASE already defined D:\wwwroot\mainweb\sdk\api\UcApi\Lib\Action\IndexAction.class.php 第 5 行.
NOTIC: [2048] Only variables should be passed by reference D:\wwwroot\mainweb\sdk\api\UcApi\Lib\Action\IndexAction.class.php 第 63 行.
NOTIC: [8] Constant API_RETURN_FAILED already defined D:\wwwroot\mainweb\sdk\uc_client\model\note.php 第 16 行.
SQL: SHOW COLUMNS FROM `sdk_accounts` [ RunTime:0.002377s ]
SQL: SELECT * FROM `sdk_accounts` WHERE ( `account_id` = 2469 ) LIMIT 1   [ RunTime:0.000573s ]

[ 2013-12-06T12:47:55+08:00 ] 192.168.137.87 /api/uc.php?time=1386305275&code=d0f3bW61ubtBJ%2FPH1iNjLGAuP9JZs1xA7b2AaCW34gY57PK98zXoh7ZALK9N0m5diMSAOwKGSxWze%2BjhW0beTX61zmnpdYjo8qPky94%2FdYG4XBXU2GzRiOzS4e10I5k%2FtibFVRAXVqtEy%2BYDyAkivgK3Ez3ikcdAnjpeyQLywj7qOw
INFO: [ app_begin ] --START--
INFO: Run ReadHtmlCache Behavior [ RunTime:0.001043s ]
INFO: [ app_begin ] --END-- [ RunTime:0.001136s ]
NOTIC: [8] Constant UC_CLIENT_VERSION already defined D:\wwwroot\mainweb\sdk\api\UcApi\Lib\Action\IndexAction.class.php 第 4 行.
NOTIC: [8] Constant UC_CLIENT_RELEASE already defined D:\wwwroot\mainweb\sdk\api\UcApi\Lib\Action\IndexAction.class.php 第 5 行.
NOTIC: [2048] Only variables should be passed by reference D:\wwwroot\mainweb\sdk\api\UcApi\Lib\Action\IndexAction.class.php 第 63 行.
NOTIC: [8] Constant API_RETURN_FAILED already defined D:\wwwroot\mainweb\sdk\uc_client\model\note.php 第 16 行.
SQL: SHOW COLUMNS FROM `sdk_accounts` [ RunTime:0.002140s ]
SQL: SELECT * FROM `sdk_accounts` WHERE ( `account_id` = 1992 ) LIMIT 1   [ RunTime:0.000442s ]

[ 2013-12-06T12:48:45+08:00 ] 192.168.175.214 /api/uc.php?time=1386305324&code=76c5cn21GHw9fWR7NWDGuMsQlEizPUlKzW8Cq%2BCbB0%2Bljz3YXb%2F82Zl63S%2BkHmuA0mKQZQLOZLMQi0cmBgaynpziMV3095e6Vk7svkdJcHDtHh%2BMxf%2B%2Br6Bfyx4eAdTX9rPDRbthSJZ0e8Y5Nxl4I7wAhHWguEUS9iNojRc
INFO: [ app_begin ] --START--
INFO: Run ReadHtmlCache Behavior [ RunTime:0.001038s ]
INFO: [ app_begin ] --END-- [ RunTime:0.001132s ]
NOTIC: [8] Constant UC_CLIENT_VERSION already defined D:\wwwroot\mainweb\sdk\api\UcApi\Lib\Action\IndexAction.class.php 第 4 行.
NOTIC: [8] Constant UC_CLIENT_RELEASE already defined D:\wwwroot\mainweb\sdk\api\UcApi\Lib\Action\IndexAction.class.php 第 5 行.
NOTIC: [2048] Only variables should be passed by reference D:\wwwroot\mainweb\sdk\api\UcApi\Lib\Action\IndexAction.class.php 第 63 行.
NOTIC: [8] Constant API_RETURN_FAILED already defined D:\wwwroot\mainweb\sdk\uc_client\model\note.php 第 16 行.
SQL: SHOW COLUMNS FROM `sdk_accounts` [ RunTime:0.002071s ]
SQL: SELECT * FROM `sdk_accounts` WHERE ( `account_id` = 687 ) LIMIT 1   [ RunTime:0.000455s ]

[ 2013-12-06T13:05:43+08:00 ] 192.168.140.147 /api/uc.php?time=1386306343&code=5ca5fgmw3E3mOyME602c%2B3V4okvccc3CwFXdIa6lrfGhZ%2FvHmlfEjGwMcqXu0MnnHYN98lUmJR1YLw9xy3Dm4uZ4qHvKtH7y4bXDsQ1A63aPBkS5lWHeoIW4DQKJF4yxI2kdX%2BXeW914MVxKbSjGjPCwIN2r55VMquWsOBaSmbdwxyg9gw
INFO: [ app_begin ] --START--
INFO: Run ReadHtmlCache Behavior [ RunTime:0.001063s ]
INFO: [ app_begin ] --END-- [ RunTime:0.001161s ]
NOTIC: [8] Constant UC_CLIENT_VERSION already defined D:\wwwroot\mainweb\sdk\api\UcApi\Lib\Action\IndexAction.class.php 第 4 行.
NOTIC: [8] Constant UC_CLIENT_RELEASE already defined D:\wwwroot\mainweb\sdk\api\UcApi\Lib\Action\IndexAction.class.php 第 5 行.
NOTIC: [2048] Only variables should be passed by reference D:\wwwroot\mainweb\sdk\api\UcApi\Lib\Action\IndexAction.class.php 第 63 行.
NOTIC: [8] Constant API_RETURN_FAILED already defined D:\wwwroot\mainweb\sdk\uc_client\model\note.php 第 16 行.
SQL: SHOW COLUMNS FROM `sdk_accounts` [ RunTime:0.001875s ]
SQL: SELECT * FROM `sdk_accounts` WHERE ( `account_id` = 1188 ) LIMIT 1   [ RunTime:0.000335s ]

[ 2013-12-06T13:10:30+08:00 ] 192.168.201.27 /api/uc.php?time=1386306630&code=4fb4BIlrsiKhMzqQqRoXnHse9sab9QLYMYKKJGlqULCilYedQGcb4VLdhFbpXYnEetIY1nKYcXDA2iM53LEUK45LGeZzyAPSvxrJovddDMWXB2XoH%2F3Ver%2F1tnMbXaVew0GgaNbLX92KIjeb7DiTTdRYzrp4jdvhCzBExQsyhqITSw
INFO: [ app_begin ] --START--
INFO: Run ReadHtmlCache Behavior [ RunTime:0.001084s ]
INFO: [ app_begin ] --END-- [ RunTime:0.001179s ]
NOTIC: [8] Constant UC_CLIENT_VERSION already defined D:\wwwroot\mainweb\sdk\api\UcApi\Lib\Action\IndexAction.class.php 第 4 行.
NOTIC: [8] Constant UC_CLIENT_RELEASE already defined D:\wwwroot\mainweb\sdk\api\UcApi\Lib\Action\IndexAction.class.php 第 5 行.
NOTIC: [2048] Only variables should be passed by reference D:\wwwroot\mainweb\sdk\api\UcApi\Lib\Action\IndexAction.class.php 第 63 行.
NOTIC: [8] Constant API_RETURN_FAILED already defined D:\wwwroot\mainweb\sdk\uc_client\model\note.php 第 16 行.
SQL: SHOW COLUMNS FROM `sdk_accounts` [ RunTime:0.002013s ]
SQL: SELECT * FROM `sdk_accounts` WHERE ( `account_id` = 2352 ) LIMIT 1   [ RunTime:0.000619s ]

[ 2013-12-06T15:31:52+08:00 ] 192.168.193.131 /api/uc.php?time=1386315111&code=6adczjD4cAiKHb460jwrLe3doKxKHU1ZOCXb1yis035Neg6h3FFjNFzu%2FZfz4h10wPQ3Syc7%2FP3Fm4GQE4Fevxnh48LsOaNnqLSUpxcX2GcK%2F1TwPMAFrOnKT4S9AyC5Pdu8gqAXS4w1vN4CrCXMIkzJPicZ%2FouZrjVufIY
INFO: [ app_begin ] --START--
INFO: Run ReadHtmlCache Behavior [ RunTime:0.001080s ]
INFO: [ app_begin ] --END-- [ RunTime:0.001172s ]
NOTIC: [8] Constant UC_CLIENT_VERSION already defined D:\wwwroot\mainweb\sdk\api\UcApi\Lib\Action\IndexAction.class.php 第 4 行.
NOTIC: [8] Constant UC_CLIENT_RELEASE already defined D:\wwwroot\mainweb\sdk\api\UcApi\Lib\Action\IndexAction.class.php 第 5 行.
NOTIC: [2048] Only variables should be passed by reference D:\wwwroot\mainweb\sdk\api\UcApi\Lib\Action\IndexAction.class.php 第 63 行.
NOTIC: [8] Constant API_RETURN_FAILED already defined D:\wwwroot\mainweb\sdk\uc_client\model\note.php 第 16 行.
SQL: SHOW COLUMNS FROM `sdk_accounts` [ RunTime:0.002498s ]
SQL: SELECT * FROM `sdk_accounts` WHERE ( `account_id` = 1075 ) LIMIT 1   [ RunTime:0.000488s ]

[ 2013-12-06T15:41:47+08:00 ] 192.168.130.1 /api/uc.php?time=1386315706&code=32a5c%2Fk0poH84GvvqyTpT8M%2FUxygqiQKumug5ge%2FNXK1lFyCx6edVoq%2BQGwx6NO01wchVNGh7Y94rumZUJsfBTyK0FgWAQfNurYp%2F4JHFwCAzTsDnjJ7XTomG96lfgUVWlNDRkMStr22jJaSmCMnNPaENei29f%2B42VwoS7gtiCeLzgH7APKx0g
INFO: [ app_begin ] --START--
INFO: Run ReadHtmlCache Behavior [ RunTime:0.001130s ]
INFO: [ app_begin ] --END-- [ RunTime:0.001225s ]
NOTIC: [8] Constant UC_CLIENT_VERSION already defined D:\wwwroot\mainweb\sdk\api\UcApi\Lib\Action\IndexAction.class.php 第 4 行.
NOTIC: [8] Constant UC_CLIENT_RELEASE already defined D:\wwwroot\mainweb\sdk\api\UcApi\Lib\Action\IndexAction.class.php 第 5 行.
NOTIC: [2048] Only variables should be passed by reference D:\wwwroot\mainweb\sdk\api\UcApi\Lib\Action\IndexAction.class.php 第 63 行.
NOTIC: [8] Constant API_RETURN_FAILED already defined D:\wwwroot\mainweb\sdk\uc_client\model\note.php 第 16 行.
SQL: SHOW COLUMNS FROM `sdk_accounts` [ RunTime:0.002191s ]
SQL: SELECT * FROM `sdk_accounts` WHERE ( `account_id` = 1020 ) LIMIT 1   [ RunTime:0.000430s ]

[ 2013-12-06T17:02:50+08:00 ] 192.168.176.167 /api/uc.php?time=1386320570&code=b54a6Y8CVpn5vnh3CwB5kD5nEljQuKClPSRLe8aC6%2FjgodVIAcZwArvnRpGTogD2mJhwKX1vyaPFdj7Q%2Bs9jVCkgtIiU3IKmuiaWqSb%2BS3A1097vn1lRqyMRHOvPSM%2FMqKk92H4Pu1nQrblbiRKjQvhRF2sbmGfNbU9tu7hfUlk
INFO: [ app_begin ] --START--
INFO: Run ReadHtmlCache Behavior [ RunTime:0.000713s ]
INFO: [ app_begin ] --END-- [ RunTime:0.000807s ]
NOTIC: [8] Constant UC_CLIENT_VERSION already defined D:\wwwroot\mainweb\sdk\api\UcApi\Lib\Action\IndexAction.class.php 第 4 行.
NOTIC: [8] Constant UC_CLIENT_RELEASE already defined D:\wwwroot\mainweb\sdk\api\UcApi\Lib\Action\IndexAction.class.php 第 5 行.
NOTIC: [2048] Only variables should be passed by reference D:\wwwroot\mainweb\sdk\api\UcApi\Lib\Action\IndexAction.class.php 第 63 行.
NOTIC: [8] Constant API_RETURN_FAILED already defined D:\wwwroot\mainweb\sdk\uc_client\model\note.php 第 16 行.
SQL: SHOW COLUMNS FROM `sdk_accounts` [ RunTime:0.002260s ]
SQL: SELECT * FROM `sdk_accounts` WHERE ( `account_id` = 856 ) LIMIT 1   [ RunTime:0.000601s ]

[ 2013-12-06T17:53:05+08:00 ] 192.168.163.201 /api/uc.php?time=1386323584&code=4ad3tcorVFPLtXNmjPUqf3A0QbmjSZ9mlCll9iEEW6aLk6xaeEOGlx9pVcksfN%2Btc22Mbco3BHLcJ40%2BGuss%2Blg7ARActBepJINq9crkmx4GeV6f29uJYc7zX0KUczVdCKQvn9TS%2Fdg1gpqeXWVubl83oK0mk4vgSAl4qACPk435
INFO: [ app_begin ] --START--
INFO: Run ReadHtmlCache Behavior [ RunTime:0.001034s ]
INFO: [ app_begin ] --END-- [ RunTime:0.001126s ]
NOTIC: [8] Constant UC_CLIENT_VERSION already defined D:\wwwroot\mainweb\sdk\api\UcApi\Lib\Action\IndexAction.class.php 第 4 行.
NOTIC: [8] Constant UC_CLIENT_RELEASE already defined D:\wwwroot\mainweb\sdk\api\UcApi\Lib\Action\IndexAction.class.php 第 5 行.
NOTIC: [2048] Only variables should be passed by reference D:\wwwroot\mainweb\sdk\api\UcApi\Lib\Action\IndexAction.class.php 第 63 行.
NOTIC: [8] Constant API_RETURN_FAILED already defined D:\wwwroot\mainweb\sdk\uc_client\model\note.php 第 16 行.
SQL: SHOW COLUMNS FROM `sdk_accounts` [ RunTime:0.002333s ]
SQL: SELECT * FROM `sdk_accounts` WHERE ( `account_id` = 423 ) LIMIT 1   [ RunTime:0.000325s ]

[ 2013-12-06T17:53:08+08:00 ] 119.147.146.195 /api/uc.php?time=1386323584&code=4ad3tcorvfpltxnmjpuqf3a0qbmjsz9mlcll9ieew6alk6xaeeoglx9pvcksfn%2btc22mbco3bhlcj40%2bguss%2blg7aractbepjinq9crkmx4gev6f29ujyc7zx0kuczvdckqvn9ts%2fdg1gpqexwvubl83ok0mk4vgsal4qacpk435
INFO: [ app_begin ] --START--
INFO: Run ReadHtmlCache Behavior [ RunTime:0.001080s ]
INFO: [ app_begin ] --END-- [ RunTime:0.001173s ]
NOTIC: [8] Constant UC_CLIENT_VERSION already defined D:\wwwroot\mainweb\sdk\api\UcApi\Lib\Action\IndexAction.class.php 第 4 行.
NOTIC: [8] Constant UC_CLIENT_RELEASE already defined D:\wwwroot\mainweb\sdk\api\UcApi\Lib\Action\IndexAction.class.php 第 5 行.
NOTIC: [8] Undefined index:  time D:\wwwroot\mainweb\sdk\api\UcApi\Lib\Action\IndexAction.class.php 第 54 行.

[ 2013-12-06T18:35:43+08:00 ] 192.168.158.166 /api/uc.php?time=1386326142&code=2ec4eRMD7uIcZSMZNqp%2FluQytIRQAA4gasXGowzQrW5sBA%2F%2BY2a%2BJPx%2F3rvcNQFsVFtri%2BMz4ft1QE4B5LWUnE6SMtvqLfuKIQUxmNj280vvPvnKvehXBpIUABjTT8GTVV9FnNgVNcUkHoD9E5HtfL10lcJU4aEXnQOVdSNqrzvoog
INFO: [ app_begin ] --START--
INFO: Run ReadHtmlCache Behavior [ RunTime:0.001125s ]
INFO: [ app_begin ] --END-- [ RunTime:0.001216s ]
NOTIC: [8] Constant UC_CLIENT_VERSION already defined D:\wwwroot\mainweb\sdk\api\UcApi\Lib\Action\IndexAction.class.php 第 4 行.
NOTIC: [8] Constant UC_CLIENT_RELEASE already defined D:\wwwroot\mainweb\sdk\api\UcApi\Lib\Action\IndexAction.class.php 第 5 行.
NOTIC: [2048] Only variables should be passed by reference D:\wwwroot\mainweb\sdk\api\UcApi\Lib\Action\IndexAction.class.php 第 63 行.
NOTIC: [8] Constant API_RETURN_FAILED already defined D:\wwwroot\mainweb\sdk\uc_client\model\note.php 第 16 行.
SQL: SHOW COLUMNS FROM `sdk_accounts` [ RunTime:0.002193s ]
SQL: SELECT * FROM `sdk_accounts` WHERE ( `account_id` = 2171 ) LIMIT 1   [ RunTime:0.000351s ]

[ 2013-12-06T20:11:36+08:00 ] 192.168.164.85 /api/uc.php?time=1386331896&code=a614XXbm6kC6SZ1AAHVtFGuPNEvPNbQLBiWqO7E4WbCoGtDSmrPOUH3TEPJ68MGFrXt%2F1hGleS681A1gJPPItRxwEussPwnlSuVfb%2FO8Z%2FAW85EmQcrFx5Kz7qJoo0W5yZz0WhJE%2FwPByZAPR7J%2B1b9z2BiKn%2FpNIBCyoO2T
INFO: [ app_begin ] --START--
INFO: Run ReadHtmlCache Behavior [ RunTime:0.001201s ]
INFO: [ app_begin ] --END-- [ RunTime:0.001291s ]
NOTIC: [8] Constant UC_CLIENT_VERSION already defined D:\wwwroot\mainweb\sdk\api\UcApi\Lib\Action\IndexAction.class.php 第 4 行.
NOTIC: [8] Constant UC_CLIENT_RELEASE already defined D:\wwwroot\mainweb\sdk\api\UcApi\Lib\Action\IndexAction.class.php 第 5 行.
NOTIC: [2048] Only variables should be passed by reference D:\wwwroot\mainweb\sdk\api\UcApi\Lib\Action\IndexAction.class.php 第 63 行.
NOTIC: [8] Constant API_RETURN_FAILED already defined D:\wwwroot\mainweb\sdk\uc_client\model\note.php 第 16 行.
SQL: SHOW COLUMNS FROM `sdk_accounts` [ RunTime:0.002516s ]
SQL: SELECT * FROM `sdk_accounts` WHERE ( `account_id` = 757 ) LIMIT 1   [ RunTime:0.000523s ]

[ 2013-12-06T21:03:52+08:00 ] 192.168.203.92 /api/uc.php?time=1386335031&code=373fnIWUtmey0XDSO2zzuDsPTUdJgM6b%2B89VLU99RMc0Xgpp2GoHC1LeoK8ZKetEICnMbT%2BbhfIEmvNT75bLUm5El5qYD1TG3k0QXiFSR5ZJuTMJtlEMZB8sUzJ3zDrFlpvvB8N%2FnEVdJhb3%2BUY1PHEzxhAwVtCyXsoBkVsgxg
INFO: [ app_begin ] --START--
INFO: Run ReadHtmlCache Behavior [ RunTime:0.001036s ]
INFO: [ app_begin ] --END-- [ RunTime:0.001129s ]
NOTIC: [8] Constant UC_CLIENT_VERSION already defined D:\wwwroot\mainweb\sdk\api\UcApi\Lib\Action\IndexAction.class.php 第 4 行.
NOTIC: [8] Constant UC_CLIENT_RELEASE already defined D:\wwwroot\mainweb\sdk\api\UcApi\Lib\Action\IndexAction.class.php 第 5 行.
NOTIC: [2048] Only variables should be passed by reference D:\wwwroot\mainweb\sdk\api\UcApi\Lib\Action\IndexAction.class.php 第 63 行.
NOTIC: [8] Constant API_RETURN_FAILED already defined D:\wwwroot\mainweb\sdk\uc_client\model\note.php 第 16 行.
SQL: SHOW COLUMNS FROM `sdk_accounts` [ RunTime:0.002207s ]
SQL: SELECT * FROM `sdk_accounts` WHERE ( `account_id` = 1169 ) LIMIT 1   [ RunTime:0.000593s ]

[ 2013-12-06T21:11:52+08:00 ] 192.168.203.114 /api/uc.php?time=1386335512&code=72c3VUmOvoE5dXG4iBDWEweDHtiivAbpuT0JIjIOwkRjI%2BgXsQdZvTXq8KCE7%2FbBLKjhLYQ0qKCV57I%2BIHkPTNg9M7Da%2B9PuAaxI7XM%2F2Gua2eM%2Fv8a63qZ5LUc80KmtY%2Fetk0WGA%2FrMOz8QDRen4UMy%2FTlhqdiV0JXwEg
INFO: [ app_begin ] --START--
INFO: Run ReadHtmlCache Behavior [ RunTime:0.001077s ]
INFO: [ app_begin ] --END-- [ RunTime:0.001170s ]
NOTIC: [8] Constant UC_CLIENT_VERSION already defined D:\wwwroot\mainweb\sdk\api\UcApi\Lib\Action\IndexAction.class.php 第 4 行.
NOTIC: [8] Constant UC_CLIENT_RELEASE already defined D:\wwwroot\mainweb\sdk\api\UcApi\Lib\Action\IndexAction.class.php 第 5 行.
NOTIC: [2048] Only variables should be passed by reference D:\wwwroot\mainweb\sdk\api\UcApi\Lib\Action\IndexAction.class.php 第 63 行.
NOTIC: [8] Constant API_RETURN_FAILED already defined D:\wwwroot\mainweb\sdk\uc_client\model\note.php 第 16 行.
SQL: SHOW COLUMNS FROM `sdk_accounts` [ RunTime:0.002057s ]
SQL: SELECT * FROM `sdk_accounts` WHERE ( `account_id` = 1520 ) LIMIT 1   [ RunTime:0.000221s ]

[ 2013-12-06T21:33:52+08:00 ] 101.226.33.238 /api/uc.php?time=1386335031&code=373fnIWUtmey0XDSO2zzuDsPTUdJgM6b+89VLU99RMc0Xgpp2GoHC1LeoK8ZKetEICnMbT+bhfIEmvNT75bLUm5El5qYD1TG3k0QXiFSR5ZJuTMJtlEMZB8sUzJ3zDrFlpvvB8N/nEVdJhb3+UY1PHEzxhAwVtCyXsoBkVsgxg
INFO: [ app_begin ] --START--
INFO: Run ReadHtmlCache Behavior [ RunTime:0.000702s ]
INFO: [ app_begin ] --END-- [ RunTime:0.000795s ]
NOTIC: [8] Constant UC_CLIENT_VERSION already defined D:\wwwroot\mainweb\sdk\api\UcApi\Lib\Action\IndexAction.class.php 第 4 行.
NOTIC: [8] Constant UC_CLIENT_RELEASE already defined D:\wwwroot\mainweb\sdk\api\UcApi\Lib\Action\IndexAction.class.php 第 5 行.
NOTIC: [8] Undefined index:  time D:\wwwroot\mainweb\sdk\api\UcApi\Lib\Action\IndexAction.class.php 第 54 行.

[ 2013-12-06T22:02:33+08:00 ] 192.168.201.86 /api/uc.php?time=1386338553&code=8227D5b9ZjEZ3rpWJA3%2FSzARfLBumB4pEBPW7bufsPNz69cqifDUouZW%2FY%2Fl82nWEbZFyPPIZOfogbWHPm5tI7rdkbPSeWHKhw8PWREui9HLNvgQaQoGCWcrnE3eUNkqEnnn8%2B8ZMm9uwnnZNuEF6z9YbCsM%2BoL1Orq4awYKYVZPvQ
INFO: [ app_begin ] --START--
INFO: Run ReadHtmlCache Behavior [ RunTime:0.001077s ]
INFO: [ app_begin ] --END-- [ RunTime:0.001168s ]
NOTIC: [8] Constant UC_CLIENT_VERSION already defined D:\wwwroot\mainweb\sdk\api\UcApi\Lib\Action\IndexAction.class.php 第 4 行.
NOTIC: [8] Constant UC_CLIENT_RELEASE already defined D:\wwwroot\mainweb\sdk\api\UcApi\Lib\Action\IndexAction.class.php 第 5 行.
NOTIC: [2048] Only variables should be passed by reference D:\wwwroot\mainweb\sdk\api\UcApi\Lib\Action\IndexAction.class.php 第 63 行.
NOTIC: [8] Constant API_RETURN_FAILED already defined D:\wwwroot\mainweb\sdk\uc_client\model\note.php 第 16 行.
SQL: SHOW COLUMNS FROM `sdk_accounts` [ RunTime:0.002261s ]
SQL: SELECT * FROM `sdk_accounts` WHERE ( `account_id` = 2288 ) LIMIT 1   [ RunTime:0.000207s ]

[ 2013-12-06T22:06:49+08:00 ] 192.168.136.20 /api/uc.php?time=1386338808&code=688crNlX5kHywaul%2BznRNXp1xoO%2B98fWGfED39OFmrNO80vsPsHhFlB4D4RuLbOmE6k6vXVoiWnHk9EsTNZhuyJOCeFKPaMrdyQavPI1%2BG2AvKQPVut2J2rrskFXsCUTWTwZuAxbNZPZuVmDgSc9%2Fk1qF8kImwWpRyKa4j4
INFO: [ app_begin ] --START--
INFO: Run ReadHtmlCache Behavior [ RunTime:0.001072s ]
INFO: [ app_begin ] --END-- [ RunTime:0.001163s ]
NOTIC: [8] Constant UC_CLIENT_VERSION already defined D:\wwwroot\mainweb\sdk\api\UcApi\Lib\Action\IndexAction.class.php 第 4 行.
NOTIC: [8] Constant UC_CLIENT_RELEASE already defined D:\wwwroot\mainweb\sdk\api\UcApi\Lib\Action\IndexAction.class.php 第 5 行.
NOTIC: [2048] Only variables should be passed by reference D:\wwwroot\mainweb\sdk\api\UcApi\Lib\Action\IndexAction.class.php 第 63 行.
NOTIC: [8] Constant API_RETURN_FAILED already defined D:\wwwroot\mainweb\sdk\uc_client\model\note.php 第 16 行.
SQL: SHOW COLUMNS FROM `sdk_accounts` [ RunTime:0.002056s ]
SQL: SELECT * FROM `sdk_accounts` WHERE ( `account_id` = 1580 ) LIMIT 1   [ RunTime:0.000233s ]

[ 2013-12-06T23:26:33+08:00 ] 192.168.201.34 /api/uc.php?time=1386343593&code=19d3F6zqKQfEdqSJLpWYIZZQhTTcpKViA2GH1y%2BawYucIPIuYMF5iCF10JOBTMfSrpHB8XWvwatBeNV553PIrjXd%2Bf%2BPzz16pL50kUzZlm00sv6062bwNDvEK76BDgZXnFKGBlHDCT2fDBEBsq66ouzFP7fzRMSlHWopASvCUy890Q
INFO: [ app_begin ] --START--
INFO: Run ReadHtmlCache Behavior [ RunTime:0.001047s ]
INFO: [ app_begin ] --END-- [ RunTime:0.001140s ]
NOTIC: [8] Constant UC_CLIENT_VERSION already defined D:\wwwroot\mainweb\sdk\api\UcApi\Lib\Action\IndexAction.class.php 第 4 行.
NOTIC: [8] Constant UC_CLIENT_RELEASE already defined D:\wwwroot\mainweb\sdk\api\UcApi\Lib\Action\IndexAction.class.php 第 5 行.
NOTIC: [2048] Only variables should be passed by reference D:\wwwroot\mainweb\sdk\api\UcApi\Lib\Action\IndexAction.class.php 第 63 行.
NOTIC: [8] Constant API_RETURN_FAILED already defined D:\wwwroot\mainweb\sdk\uc_client\model\note.php 第 16 行.
SQL: SHOW COLUMNS FROM `sdk_accounts` [ RunTime:0.002348s ]
SQL: SELECT * FROM `sdk_accounts` WHERE ( `account_id` = 1965 ) LIMIT 1   [ RunTime:0.000431s ]

[ 2013-12-06T23:29:45+08:00 ] 192.168.203.163 /api/uc.php?time=1386343785&code=ea8dBT2NRibg6lrXkR%2F1s5d%2B0RoufGH7dGjlqKaqdEq%2Bk%2FbMLIdO5hTtJpCKYS05uZlr1OSk1r8eOjh4ZNWCqU0Id%2B48HnnuazIDSxoMxFz%2FXtu6msdwmUlmN7UQChJyc1GJR0TLu0sERdO3hVHZ0GK%2B5443nMv7ZWWDI2yTFw
INFO: [ app_begin ] --START--
INFO: Run ReadHtmlCache Behavior [ RunTime:0.000731s ]
INFO: [ app_begin ] --END-- [ RunTime:0.000821s ]
NOTIC: [8] Constant UC_CLIENT_VERSION already defined D:\wwwroot\mainweb\sdk\api\UcApi\Lib\Action\IndexAction.class.php 第 4 行.
NOTIC: [8] Constant UC_CLIENT_RELEASE already defined D:\wwwroot\mainweb\sdk\api\UcApi\Lib\Action\IndexAction.class.php 第 5 行.
NOTIC: [2048] Only variables should be passed by reference D:\wwwroot\mainweb\sdk\api\UcApi\Lib\Action\IndexAction.class.php 第 63 行.
NOTIC: [8] Constant API_RETURN_FAILED already defined D:\wwwroot\mainweb\sdk\uc_client\model\note.php 第 16 行.
SQL: SHOW COLUMNS FROM `sdk_accounts` [ RunTime:0.002006s ]
SQL: SELECT * FROM `sdk_accounts` WHERE ( `account_id` = 2013 ) LIMIT 1   [ RunTime:0.000423s ]

[ 2013-12-06T23:49:34+08:00 ] 192.168.205.201 /api/uc.php?time=1386344974&code=850ciOgOVRcYWJfQIXvlmr952vgb0Z9Wrczl4FSEpUeoA0tsUoRoNSDq4xtvBo71eqnRidLgRownST8WyQeYaOIn0PSi6qYOp5r6Rbx%2BVcfFBTAygjxsziIExl5R5w8Mak75Ju%2Bqug9QntwacMVtF6PpoZX1F%2FL%2FPXXSgRN9D0hw7w
INFO: [ app_begin ] --START--
INFO: Run ReadHtmlCache Behavior [ RunTime:0.000703s ]
INFO: [ app_begin ] --END-- [ RunTime:0.000793s ]
NOTIC: [8] Constant UC_CLIENT_VERSION already defined D:\wwwroot\mainweb\sdk\api\UcApi\Lib\Action\IndexAction.class.php 第 4 行.
NOTIC: [8] Constant UC_CLIENT_RELEASE already defined D:\wwwroot\mainweb\sdk\api\UcApi\Lib\Action\IndexAction.class.php 第 5 行.
NOTIC: [2048] Only variables should be passed by reference D:\wwwroot\mainweb\sdk\api\UcApi\Lib\Action\IndexAction.class.php 第 63 行.
NOTIC: [8] Constant API_RETURN_FAILED already defined D:\wwwroot\mainweb\sdk\uc_client\model\note.php 第 16 行.
SQL: SHOW COLUMNS FROM `sdk_accounts` [ RunTime:0.002239s ]
SQL: SELECT * FROM `sdk_accounts` WHERE ( `account_id` = 484 ) LIMIT 1   [ RunTime:0.000520s ]

