[ 2013-11-12T00:07:35+08:00 ] 192.168.164.77 /api/uc.php?time=1384186055&code=b146FmQY2l%2F%2FLMBs7lNnCNIlm%2F%2Fl7L9KtnXAk9msdE9IH5n7WRiqmPEh9UzXE0pWpNdclAa%2BHpgvT9VvPjdaWAsX7hgP4RK9%2Bu8%2FkvIFLYHWyngpfdzifyXs39u84Jq5AgcUQ3z19u3pxU3PtitFQBtv%2FYjNDnjyT3dCKQ
INFO: [ app_begin ] --START--
INFO: Run ReadHtmlCache Behavior [ RunTime:0.000929s ]
INFO: [ app_begin ] --END-- [ RunTime:0.001081s ]
NOTIC: [8] Constant UC_CLIENT_VERSION already defined D:\wwwroot\mainweb\sdk\api\UcApi\Lib\Action\IndexAction.class.php 第 4 行.
NOTIC: [8] Constant UC_CLIENT_RELEASE already defined D:\wwwroot\mainweb\sdk\api\UcApi\Lib\Action\IndexAction.class.php 第 5 行.
NOTIC: [2048] Only variables should be passed by reference D:\wwwroot\mainweb\sdk\api\UcApi\Lib\Action\IndexAction.class.php 第 63 行.
NOTIC: [8] Constant API_RETURN_FAILED already defined D:\wwwroot\mainweb\sdk\uc_client\model\note.php 第 16 行.
SQL: SHOW COLUMNS FROM `sdk_accounts` [ RunTime:0.002082s ]
SQL: SELECT * FROM `sdk_accounts` WHERE ( `account_id` = 1702 ) LIMIT 1   [ RunTime:0.000593s ]

[ 2013-11-12T00:10:29+08:00 ] 112.64.235.89 /api/uc.php?time=1384184425&code=0df0KhyHK6CdDY6NXorEAPpPvZkaAUxNpVcOGTQai58rh8ZAk1BBTIToge4NgG9SrPv3lIq%2FVlxDyTN%2BTmk8meXfvAqxmOzhq%2F3yWIYadzGSx1Gho2h3eTtQJw80Nm6ZTeSrZNSnU4DeP4sCzMQm%2BpDBBps9n8xUyKIW3vI
INFO: [ app_begin ] --START--
INFO: Run ReadHtmlCache Behavior [ RunTime:0.000943s ]
INFO: [ app_begin ] --END-- [ RunTime:0.001037s ]
NOTIC: [8] Constant UC_CLIENT_VERSION already defined D:\wwwroot\mainweb\sdk\api\UcApi\Lib\Action\IndexAction.class.php 第 4 行.
NOTIC: [8] Constant UC_CLIENT_RELEASE already defined D:\wwwroot\mainweb\sdk\api\UcApi\Lib\Action\IndexAction.class.php 第 5 行.
NOTIC: [2048] Only variables should be passed by reference D:\wwwroot\mainweb\sdk\api\UcApi\Lib\Action\IndexAction.class.php 第 63 行.
NOTIC: [8] Constant API_RETURN_FAILED already defined D:\wwwroot\mainweb\sdk\uc_client\model\note.php 第 16 行.
SQL: SHOW COLUMNS FROM `sdk_accounts` [ RunTime:0.001969s ]
SQL: SELECT * FROM `sdk_accounts` WHERE ( `account_id` = 1094 ) LIMIT 1   [ RunTime:0.000334s ]

[ 2013-11-12T08:10:05+08:00 ] 192.168.202.132 /api/uc.php?time=1384215005&code=5137G1FQZK9EZx4F6l5yHhvC5JgvQ1DLGVx1tO7VQYLGEc5f%2Fy9LFaf6gBLiSUvbYEGCeRu2Mqe2QVvRC%2FyeNPYhb8sy5vmbLEui3KxwEvbRK02TKyj6cQ%2FsEjFcVD918MulDvsdq7ityIU6XHC9eRglSKZfFNKlnfWrqEoJmw
INFO: [ app_begin ] --START--
INFO: Run ReadHtmlCache Behavior [ RunTime:0.001095s ]
INFO: [ app_begin ] --END-- [ RunTime:0.001189s ]
NOTIC: [8] Constant UC_CLIENT_VERSION already defined D:\wwwroot\mainweb\sdk\api\UcApi\Lib\Action\IndexAction.class.php 第 4 行.
NOTIC: [8] Constant UC_CLIENT_RELEASE already defined D:\wwwroot\mainweb\sdk\api\UcApi\Lib\Action\IndexAction.class.php 第 5 行.
NOTIC: [2048] Only variables should be passed by reference D:\wwwroot\mainweb\sdk\api\UcApi\Lib\Action\IndexAction.class.php 第 63 行.
NOTIC: [8] Constant API_RETURN_FAILED already defined D:\wwwroot\mainweb\sdk\uc_client\model\note.php 第 16 行.
SQL: SHOW COLUMNS FROM `sdk_accounts` [ RunTime:0.002345s ]
SQL: SELECT * FROM `sdk_accounts` WHERE ( `account_id` = 2448 ) LIMIT 1   [ RunTime:0.000488s ]

[ 2013-11-12T09:34:00+08:00 ] 192.168.201.223 /api/uc.php?time=1384220040&code=f87ahlVViyDt0q1kA0J2EFYabp9jOS%2BhWPgfitUFiE93yMlhfZtKLxxVS5cHepMe7fN3EbuVtDBVaXb0tuHq1ZH2JQgkOpPe%2BaVjTtCyPupylbnq9UameIxLeFyjC7wT8oTkRzc%2F5bNgH4DVKU30j4SDTddMJoUyjwCOOTX77UhOUw
INFO: [ app_begin ] --START--
INFO: Run ReadHtmlCache Behavior [ RunTime:0.001034s ]
INFO: [ app_begin ] --END-- [ RunTime:0.001124s ]
NOTIC: [8] Constant UC_CLIENT_VERSION already defined D:\wwwroot\mainweb\sdk\api\UcApi\Lib\Action\IndexAction.class.php 第 4 行.
NOTIC: [8] Constant UC_CLIENT_RELEASE already defined D:\wwwroot\mainweb\sdk\api\UcApi\Lib\Action\IndexAction.class.php 第 5 行.
NOTIC: [2048] Only variables should be passed by reference D:\wwwroot\mainweb\sdk\api\UcApi\Lib\Action\IndexAction.class.php 第 63 行.
NOTIC: [8] Constant API_RETURN_FAILED already defined D:\wwwroot\mainweb\sdk\uc_client\model\note.php 第 16 行.
SQL: SHOW COLUMNS FROM `sdk_accounts` [ RunTime:0.002308s ]
SQL: SELECT * FROM `sdk_accounts` WHERE ( `account_id` = 1544 ) LIMIT 1   [ RunTime:0.000418s ]

[ 2013-11-12T11:15:46+08:00 ] 192.168.153.204 /api/uc.php?time=1384226146&code=9f1byqU49%2F%2FAH%2FmWquGCTp5bfWU2p92%2Fc7M%2BIH%2F4muKwCl3cWCeN7M02kVtncLSTVLDupG79VwJyAdLNl5CACUH9gPkHV%2Fdo4lFeWtsWx%2FRg%2BEeZUVcw%2F4IYXM59k4i4DNsH%2FwWYmXSVhCo4XHw%2Fvi1uwmw70cFnn08Ijg
INFO: [ app_begin ] --START--
INFO: Run ReadHtmlCache Behavior [ RunTime:0.001063s ]
INFO: [ app_begin ] --END-- [ RunTime:0.001157s ]
NOTIC: [8] Constant UC_CLIENT_VERSION already defined D:\wwwroot\mainweb\sdk\api\UcApi\Lib\Action\IndexAction.class.php 第 4 行.
NOTIC: [8] Constant UC_CLIENT_RELEASE already defined D:\wwwroot\mainweb\sdk\api\UcApi\Lib\Action\IndexAction.class.php 第 5 行.
NOTIC: [2048] Only variables should be passed by reference D:\wwwroot\mainweb\sdk\api\UcApi\Lib\Action\IndexAction.class.php 第 63 行.
NOTIC: [8] Constant API_RETURN_FAILED already defined D:\wwwroot\mainweb\sdk\uc_client\model\note.php 第 16 行.
SQL: SHOW COLUMNS FROM `sdk_accounts` [ RunTime:0.002097s ]
SQL: SELECT * FROM `sdk_accounts` WHERE ( `account_id` = 1172 ) LIMIT 1   [ RunTime:0.000459s ]

[ 2013-11-12T11:16:05+08:00 ] 192.168.153.204 /api/uc.php?time=1384226165&code=0228IMEwdTfcOpeBvm4P7aL3QDgCJGVk3B1TkuN3Jq%2BGXGpEPXtkXHbVrvLOr5sZJKP9feEpEEdlzgA4yg
INFO: [ app_begin ] --START--
INFO: Run ReadHtmlCache Behavior [ RunTime:0.000923s ]
INFO: [ app_begin ] --END-- [ RunTime:0.001012s ]
NOTIC: [8] Constant UC_CLIENT_VERSION already defined D:\wwwroot\mainweb\sdk\api\UcApi\Lib\Action\IndexAction.class.php 第 4 行.
NOTIC: [8] Constant UC_CLIENT_RELEASE already defined D:\wwwroot\mainweb\sdk\api\UcApi\Lib\Action\IndexAction.class.php 第 5 行.
NOTIC: [2048] Only variables should be passed by reference D:\wwwroot\mainweb\sdk\api\UcApi\Lib\Action\IndexAction.class.php 第 63 行.

[ 2013-11-12T12:05:02+08:00 ] 192.168.154.80 /api/uc.php?time=1384229102&code=868aB%2B1MCe5VV5OQgEssx4Lvd8oNtIauSWbaRjHcbsUXsJABtri0H988IApT9pTgFdEKrOHw3s4k8%2FWWykbQfJZqjy6UuRUTGvDCLPhZ7PklCb9cV70vH66Mbhgl4Mb0V9sc9PuKZJ9lvzUXk3JCRQy6u4iZXQWEeRzG88B8tEX5sw
INFO: [ app_begin ] --START--
INFO: Run ReadHtmlCache Behavior [ RunTime:0.000987s ]
INFO: [ app_begin ] --END-- [ RunTime:0.001079s ]
NOTIC: [8] Constant UC_CLIENT_VERSION already defined D:\wwwroot\mainweb\sdk\api\UcApi\Lib\Action\IndexAction.class.php 第 4 行.
NOTIC: [8] Constant UC_CLIENT_RELEASE already defined D:\wwwroot\mainweb\sdk\api\UcApi\Lib\Action\IndexAction.class.php 第 5 行.
NOTIC: [2048] Only variables should be passed by reference D:\wwwroot\mainweb\sdk\api\UcApi\Lib\Action\IndexAction.class.php 第 63 行.
NOTIC: [8] Constant API_RETURN_FAILED already defined D:\wwwroot\mainweb\sdk\uc_client\model\note.php 第 16 行.
SQL: SHOW COLUMNS FROM `sdk_accounts` [ RunTime:0.002589s ]
SQL: SELECT * FROM `sdk_accounts` WHERE ( `account_id` = 2232 ) LIMIT 1   [ RunTime:0.000562s ]

[ 2013-11-12T12:56:24+08:00 ] 192.168.163.206 /api/uc.php?time=1384232183&code=f06d5ukeNsl%2FwP9lm7J4953Pyo6NbpFgCrmfji1QyKKNAratbwoSeMOE%2FTGxry0vYXuycLreL%2FY2%2BGOAAACkfq4EfT%2F4S4vCAV9UcZ4qQ5cNs8iXeRTu%2BMDBATRanOPk9%2FAwfit4NvB5x0PAjzJiQdocGxyAI1AKMV6ZTLCY4DgFxwIBUA
INFO: [ app_begin ] --START--
INFO: Run ReadHtmlCache Behavior [ RunTime:0.001111s ]
INFO: [ app_begin ] --END-- [ RunTime:0.001202s ]
NOTIC: [8] Constant UC_CLIENT_VERSION already defined D:\wwwroot\mainweb\sdk\api\UcApi\Lib\Action\IndexAction.class.php 第 4 行.
NOTIC: [8] Constant UC_CLIENT_RELEASE already defined D:\wwwroot\mainweb\sdk\api\UcApi\Lib\Action\IndexAction.class.php 第 5 行.
NOTIC: [2048] Only variables should be passed by reference D:\wwwroot\mainweb\sdk\api\UcApi\Lib\Action\IndexAction.class.php 第 63 行.
NOTIC: [8] Constant API_RETURN_FAILED already defined D:\wwwroot\mainweb\sdk\uc_client\model\note.php 第 16 行.
SQL: SHOW COLUMNS FROM `sdk_accounts` [ RunTime:0.002540s ]
SQL: SELECT * FROM `sdk_accounts` WHERE ( `account_id` = 2089 ) LIMIT 1   [ RunTime:0.000561s ]

[ 2013-11-12T13:12:45+08:00 ] 192.168.163.169 /api/uc.php?time=1384233165&code=3d7beyHNJQZpVVz8QT9k8vIGkupBCzpSc596gEgyx%2BSUN%2FKbKIhGZXN3KQyCeuM69J9uVN6SIMMBMDuS%2F8jN%2BGJZJ2PzxD7QMu5cKyn9aBosjhCauGxUZK%2B6rFMJHDhrleB7AoFgEs2uKCCQLFvyVTs6tddkFZ0TQyGfforXnS8fSw
INFO: [ app_begin ] --START--
INFO: Run ReadHtmlCache Behavior [ RunTime:0.001071s ]
INFO: [ app_begin ] --END-- [ RunTime:0.001163s ]
NOTIC: [8] Constant UC_CLIENT_VERSION already defined D:\wwwroot\mainweb\sdk\api\UcApi\Lib\Action\IndexAction.class.php 第 4 行.
NOTIC: [8] Constant UC_CLIENT_RELEASE already defined D:\wwwroot\mainweb\sdk\api\UcApi\Lib\Action\IndexAction.class.php 第 5 行.
NOTIC: [2048] Only variables should be passed by reference D:\wwwroot\mainweb\sdk\api\UcApi\Lib\Action\IndexAction.class.php 第 63 行.
NOTIC: [8] Constant API_RETURN_FAILED already defined D:\wwwroot\mainweb\sdk\uc_client\model\note.php 第 16 行.
SQL: SHOW COLUMNS FROM `sdk_accounts` [ RunTime:0.002109s ]
SQL: SELECT * FROM `sdk_accounts` WHERE ( `account_id` = 2492 ) LIMIT 1   [ RunTime:0.000427s ]

[ 2013-11-12T13:53:22+08:00 ] 192.168.200.104 /api/uc.php?time=1384235602&code=ec0cv0wtbEjO95Ewow5flk8yYejD8WnwIKnyfxeuq129CcmzcKIYpanhGb9Aol84e8XbPg%2FWuiSkYKBAsTGdQhhprAt0LFqa5rVEE6QOnuwgY3qe8OErvzm9WILlxbCP5tWAOyg5QIrqVB62vMgx4deu1DVfrzMVQ07udZFRqzPRRbY
INFO: [ app_begin ] --START--
INFO: Run ReadHtmlCache Behavior [ RunTime:0.001187s ]
INFO: [ app_begin ] --END-- [ RunTime:0.001275s ]
NOTIC: [8] Constant UC_CLIENT_VERSION already defined D:\wwwroot\mainweb\sdk\api\UcApi\Lib\Action\IndexAction.class.php 第 4 行.
NOTIC: [8] Constant UC_CLIENT_RELEASE already defined D:\wwwroot\mainweb\sdk\api\UcApi\Lib\Action\IndexAction.class.php 第 5 行.
NOTIC: [2048] Only variables should be passed by reference D:\wwwroot\mainweb\sdk\api\UcApi\Lib\Action\IndexAction.class.php 第 63 行.
NOTIC: [8] Constant API_RETURN_FAILED already defined D:\wwwroot\mainweb\sdk\uc_client\model\note.php 第 16 行.
SQL: SHOW COLUMNS FROM `sdk_accounts` [ RunTime:0.002270s ]
SQL: SELECT * FROM `sdk_accounts` WHERE ( `account_id` = 2554 ) LIMIT 1   [ RunTime:0.000458s ]

[ 2013-11-12T14:23:22+08:00 ] 180.153.206.20 /api/uc.php?time=1384235602&code=ec0cv0wtbEjO95Ewow5flk8yYejD8WnwIKnyfxeuq129CcmzcKIYpanhGb9Aol84e8XbPg%2FWuiSkYKBAsTGdQhhprAt0LFqa5rVEE6QOnuwgY3qe8OErvzm9WILlxbCP5tWAOyg5QIrqVB62vMgx4deu1DVfrzMVQ07udZFRqzPRRbY
INFO: [ app_begin ] --START--
INFO: Run ReadHtmlCache Behavior [ RunTime:0.001029s ]
INFO: [ app_begin ] --END-- [ RunTime:0.001124s ]
NOTIC: [8] Constant UC_CLIENT_VERSION already defined D:\wwwroot\mainweb\sdk\api\UcApi\Lib\Action\IndexAction.class.php 第 4 行.
NOTIC: [8] Constant UC_CLIENT_RELEASE already defined D:\wwwroot\mainweb\sdk\api\UcApi\Lib\Action\IndexAction.class.php 第 5 行.
NOTIC: [2048] Only variables should be passed by reference D:\wwwroot\mainweb\sdk\api\UcApi\Lib\Action\IndexAction.class.php 第 63 行.
NOTIC: [8] Constant API_RETURN_FAILED already defined D:\wwwroot\mainweb\sdk\uc_client\model\note.php 第 16 行.
SQL: SHOW COLUMNS FROM `sdk_accounts` [ RunTime:0.002437s ]
SQL: SELECT * FROM `sdk_accounts` WHERE ( `account_id` = 2554 ) LIMIT 1   [ RunTime:0.000365s ]

[ 2013-11-12T16:05:16+08:00 ] 192.168.186.151 /api/uc.php?time=1384243516&code=65f0goW66EEFjqSnKbrOl9z%2B%2BBKE9gvnRJffFp5BXElNCyzKuRcGDWCYsEIdxAYrBIhJLnnuMh3tsbhzlBKCNBwn9jmPypKyPbg0eqjKdkdrxT%2BBaPS4NVjmHmWwUjdgqg3p5zNeiQb8tuB%2BFtfX%2BdZgxcZohVgudSDx39wNMzjysQqEOjqlow
INFO: [ app_begin ] --START--
INFO: Run ReadHtmlCache Behavior [ RunTime:0.001527s ]
INFO: [ app_begin ] --END-- [ RunTime:0.001618s ]
NOTIC: [8] Constant UC_CLIENT_VERSION already defined D:\wwwroot\mainweb\sdk\api\UcApi\Lib\Action\IndexAction.class.php 第 4 行.
NOTIC: [8] Constant UC_CLIENT_RELEASE already defined D:\wwwroot\mainweb\sdk\api\UcApi\Lib\Action\IndexAction.class.php 第 5 行.
NOTIC: [2048] Only variables should be passed by reference D:\wwwroot\mainweb\sdk\api\UcApi\Lib\Action\IndexAction.class.php 第 63 行.
NOTIC: [8] Constant API_RETURN_FAILED already defined D:\wwwroot\mainweb\sdk\uc_client\model\note.php 第 16 行.
SQL: SHOW COLUMNS FROM `sdk_accounts` [ RunTime:0.002213s ]
SQL: SELECT * FROM `sdk_accounts` WHERE ( `account_id` = 2439 ) LIMIT 1   [ RunTime:0.000559s ]

[ 2013-11-12T16:38:28+08:00 ] 218.195.253.40 /api/uc.php?time=1384245507&code=912fYdY3YTc5GagowGbK%2Fm3hJKe0McFMZuovK65wPgUxBuVPwiPFml2rvUAfHGTpGXk9xdbvV%2BwL8SnLQOF2R6hzK9Di33xhtKthil0mG3JWXtn8%2FsriFRnLfxor05H8OqrzHIf%2F25K22XHvg8rFcM11icRjMAGppwhCozzSawqOgA
INFO: [ app_begin ] --START--
INFO: Run ReadHtmlCache Behavior [ RunTime:0.001040s ]
INFO: [ app_begin ] --END-- [ RunTime:0.001137s ]
NOTIC: [8] Constant UC_CLIENT_VERSION already defined D:\wwwroot\mainweb\sdk\api\UcApi\Lib\Action\IndexAction.class.php 第 4 行.
NOTIC: [8] Constant UC_CLIENT_RELEASE already defined D:\wwwroot\mainweb\sdk\api\UcApi\Lib\Action\IndexAction.class.php 第 5 行.
NOTIC: [2048] Only variables should be passed by reference D:\wwwroot\mainweb\sdk\api\UcApi\Lib\Action\IndexAction.class.php 第 63 行.
NOTIC: [8] Constant API_RETURN_FAILED already defined D:\wwwroot\mainweb\sdk\uc_client\model\note.php 第 16 行.
SQL: SHOW COLUMNS FROM `sdk_accounts` [ RunTime:0.002132s ]
SQL: SELECT * FROM `sdk_accounts` WHERE ( `account_id` = 2576 ) LIMIT 1   [ RunTime:0.000538s ]
SQL: INSERT INTO `sdk_accounts` (`account_id`,`user_name`,`email`,`password`,`reg_time`) VALUES (2576,'苏苏戏','605718559su@gmail.com','b56bb0f8184645b0c62aa43beb63cbb90782efa3',1384245508) [ RunTime:0.003009s ]

[ 2013-11-12T17:00:19+08:00 ] 119.147.146.189 /api/uc.php?time=1384246817&code=d1cfsqb0dqllvgbxjqsmvxmlosuw0uzzujzp2ghiiypjfjgy7kap80jvouaka58fl9imc8klbuazljnkcnabdejzpnt8o3cfnnyljnxqu08sb2nclg3abtjn1aonpko7j1uyrpyrjjry9amyu3ggo5ualr5df54ofmxk%2b4tciw
INFO: [ app_begin ] --START--
INFO: Run ReadHtmlCache Behavior [ RunTime:0.001021s ]
INFO: [ app_begin ] --END-- [ RunTime:0.001115s ]
NOTIC: [8] Constant UC_CLIENT_VERSION already defined D:\wwwroot\mainweb\sdk\api\UcApi\Lib\Action\IndexAction.class.php 第 4 行.
NOTIC: [8] Constant UC_CLIENT_RELEASE already defined D:\wwwroot\mainweb\sdk\api\UcApi\Lib\Action\IndexAction.class.php 第 5 行.
NOTIC: [8] Undefined index:  time D:\wwwroot\mainweb\sdk\api\UcApi\Lib\Action\IndexAction.class.php 第 54 行.

[ 2013-11-12T17:00:38+08:00 ] 119.147.146.189 /api/uc.php?time=1384246834&code=2ab3M6FMNjMGsOywHgDKWwGCLiE0VkUT9J0QxEXJBee7qs%2Bdpn9cMqrW2S%2FKVD%2Bf3GQfbEOc2HDSsqX91Nn54hhyq1V7JRaKsXK2EvetvHyLVSKOnOhf%2B5PGm4WjEO7mhuXy33Ot2VdyUGtiRctl5xeB30%2FS0k4NxcC03I0s0fC2fw
INFO: [ app_begin ] --START--
INFO: Run ReadHtmlCache Behavior [ RunTime:0.000926s ]
INFO: [ app_begin ] --END-- [ RunTime:0.001019s ]
NOTIC: [8] Constant UC_CLIENT_VERSION already defined D:\wwwroot\mainweb\sdk\api\UcApi\Lib\Action\IndexAction.class.php 第 4 行.
NOTIC: [8] Constant UC_CLIENT_RELEASE already defined D:\wwwroot\mainweb\sdk\api\UcApi\Lib\Action\IndexAction.class.php 第 5 行.
NOTIC: [2048] Only variables should be passed by reference D:\wwwroot\mainweb\sdk\api\UcApi\Lib\Action\IndexAction.class.php 第 63 行.
NOTIC: [8] Constant API_RETURN_FAILED already defined D:\wwwroot\mainweb\sdk\uc_client\model\note.php 第 16 行.
SQL: SHOW COLUMNS FROM `sdk_accounts` [ RunTime:0.002318s ]
SQL: SELECT * FROM `sdk_accounts` WHERE ( `account_id` = 2578 ) LIMIT 1   [ RunTime:0.000384s ]
SQL: INSERT INTO `sdk_accounts` (`account_id`,`user_name`,`email`,`password`,`reg_time`) VALUES (2578,'cysoaring','cysoaring@qq.com','770a2a41112e671875da26f24de701982cdc6f64',1384246838) [ RunTime:0.000400s ]

[ 2013-11-12T17:08:24+08:00 ] 113.67.101.21 /api/uc.php?time=1384247302&code=21bfzmISsJuape2xxyhuucQihiVlVIbgnxXCzXLCH7nqfPdMp5%2BQvZnwEuTClriCXDlzLvr%2BTXpRX%2FeyOYeMfjDNEjoYf4C%2FfJo6Gdzh%2BJHCcU9p3Ls25f075xgcGOwZAZi3CTqD2tP%2F%2BB8vehSeduWz0OSg987XfBCFoQk
INFO: [ app_begin ] --START--
INFO: Run ReadHtmlCache Behavior [ RunTime:0.001039s ]
INFO: [ app_begin ] --END-- [ RunTime:0.001132s ]
NOTIC: [8] Constant UC_CLIENT_VERSION already defined D:\wwwroot\mainweb\sdk\api\UcApi\Lib\Action\IndexAction.class.php 第 4 行.
NOTIC: [8] Constant UC_CLIENT_RELEASE already defined D:\wwwroot\mainweb\sdk\api\UcApi\Lib\Action\IndexAction.class.php 第 5 行.
NOTIC: [2048] Only variables should be passed by reference D:\wwwroot\mainweb\sdk\api\UcApi\Lib\Action\IndexAction.class.php 第 63 行.
NOTIC: [8] Constant API_RETURN_FAILED already defined D:\wwwroot\mainweb\sdk\uc_client\model\note.php 第 16 行.
SQL: SHOW COLUMNS FROM `sdk_accounts` [ RunTime:0.002040s ]
SQL: SELECT * FROM `sdk_accounts` WHERE ( `account_id` = 884 ) LIMIT 1   [ RunTime:0.000450s ]

[ 2013-11-12T17:08:38+08:00 ] 180.153.214.199 /api/uc.php?time=1384245507&code=912fYdY3YTc5GagowGbK/m3hJKe0McFMZuovK65wPgUxBuVPwiPFml2rvUAfHGTpGXk9xdbvV+wL8SnLQOF2R6hzK9Di33xhtKthil0mG3JWXtn8/sriFRnLfxor05H8OqrzHIf/25K22XHvg8rFcM11icRjMAGppwhCozzSawqOgA
INFO: [ app_begin ] --START--
INFO: Run ReadHtmlCache Behavior [ RunTime:0.000922s ]
INFO: [ app_begin ] --END-- [ RunTime:0.001015s ]
NOTIC: [8] Constant UC_CLIENT_VERSION already defined D:\wwwroot\mainweb\sdk\api\UcApi\Lib\Action\IndexAction.class.php 第 4 行.
NOTIC: [8] Constant UC_CLIENT_RELEASE already defined D:\wwwroot\mainweb\sdk\api\UcApi\Lib\Action\IndexAction.class.php 第 5 行.
NOTIC: [8] Undefined index:  time D:\wwwroot\mainweb\sdk\api\UcApi\Lib\Action\IndexAction.class.php 第 54 行.

[ 2013-11-12T17:10:40+08:00 ] 101.226.33.227 /api/uc.php?time=1384247308&code=ba5cnS7RQpcGDIClZFeWS%2F7M2sqvzxoGN25RbN0ErjkDT%2FrU9ksmNroYHMjPnXzKj4RgkM3y7n%2FnG7pOUNMzYMCDbb%2FxcI%2F9JmL3Ct3176BEHKjj67psoYx%2FqyEG47AJ0c1oqP5A3OFR%2FoqFGsqHjOWE8ojx3%2FLqFPOBhXy9hWs
INFO: [ app_begin ] --START--
INFO: Run ReadHtmlCache Behavior [ RunTime:0.001081s ]
INFO: [ app_begin ] --END-- [ RunTime:0.001176s ]
NOTIC: [8] Constant UC_CLIENT_VERSION already defined D:\wwwroot\mainweb\sdk\api\UcApi\Lib\Action\IndexAction.class.php 第 4 行.
NOTIC: [8] Constant UC_CLIENT_RELEASE already defined D:\wwwroot\mainweb\sdk\api\UcApi\Lib\Action\IndexAction.class.php 第 5 行.
NOTIC: [2048] Only variables should be passed by reference D:\wwwroot\mainweb\sdk\api\UcApi\Lib\Action\IndexAction.class.php 第 63 行.
NOTIC: [8] Constant API_RETURN_FAILED already defined D:\wwwroot\mainweb\sdk\uc_client\model\note.php 第 16 行.
SQL: SHOW COLUMNS FROM `sdk_accounts` [ RunTime:0.002004s ]
SQL: SELECT * FROM `sdk_accounts` WHERE ( `account_id` = 2579 ) LIMIT 1   [ RunTime:0.000463s ]
SQL: INSERT INTO `sdk_accounts` (`account_id`,`user_name`,`email`,`password`,`reg_time`) VALUES (2579,'nan7502','393589644@qq.com','a3a52497de6eef8dda462de97ab77b436e373d2b',1384247440) [ RunTime:0.000412s ]

[ 2013-11-12T17:13:45+08:00 ] 192.168.192.84 /api/uc.php?time=1384247625&code=490253BlNrr6GTQYn3nQAAopf1zx7Ee4XVeGmoj%2B2SLW09BHhMcoMq%2FUcVWk%2FFW8wZ9RiEYt7V1Q5aJv9oOb0nrQiWJjK%2Fv4NqYktHjNz2P6elXaWP0ZPDRAWTdoK2xe2vK0zw7BOOHCwarDU4lM9qKRWFTeMGzMpdq1sLMNOMU
INFO: [ app_begin ] --START--
INFO: Run ReadHtmlCache Behavior [ RunTime:0.001070s ]
INFO: [ app_begin ] --END-- [ RunTime:0.001162s ]
NOTIC: [8] Constant UC_CLIENT_VERSION already defined D:\wwwroot\mainweb\sdk\api\UcApi\Lib\Action\IndexAction.class.php 第 4 行.
NOTIC: [8] Constant UC_CLIENT_RELEASE already defined D:\wwwroot\mainweb\sdk\api\UcApi\Lib\Action\IndexAction.class.php 第 5 行.
NOTIC: [2048] Only variables should be passed by reference D:\wwwroot\mainweb\sdk\api\UcApi\Lib\Action\IndexAction.class.php 第 63 行.
NOTIC: [8] Constant API_RETURN_FAILED already defined D:\wwwroot\mainweb\sdk\uc_client\model\note.php 第 16 行.
SQL: SHOW COLUMNS FROM `sdk_accounts` [ RunTime:0.002077s ]
SQL: SELECT * FROM `sdk_accounts` WHERE ( `account_id` = 2117 ) LIMIT 1   [ RunTime:0.000530s ]

[ 2013-11-12T17:48:02+08:00 ] 192.168.194.149 /api/uc.php?time=1384249682&code=417dNlcgqsQkQOIB9dv%2BrX1QpvCnRc0nKPrL9%2BP59Fl%2B%2BFKA1jaUCcYHq399DgYlTPX0E2az7V2xmfxhymjYsav8rd9FVIIJajyDVmXimvV1SDftBpu7yxAYTYIokbjJ8Vya%2FZojz4qaoM%2FHiA9fUo7szdLEH%2B9sCTXljsql3P4
INFO: [ app_begin ] --START--
INFO: Run ReadHtmlCache Behavior [ RunTime:0.000746s ]
INFO: [ app_begin ] --END-- [ RunTime:0.000840s ]
NOTIC: [8] Constant UC_CLIENT_VERSION already defined D:\wwwroot\mainweb\sdk\api\UcApi\Lib\Action\IndexAction.class.php 第 4 行.
NOTIC: [8] Constant UC_CLIENT_RELEASE already defined D:\wwwroot\mainweb\sdk\api\UcApi\Lib\Action\IndexAction.class.php 第 5 行.
NOTIC: [2048] Only variables should be passed by reference D:\wwwroot\mainweb\sdk\api\UcApi\Lib\Action\IndexAction.class.php 第 63 行.
NOTIC: [8] Constant API_RETURN_FAILED already defined D:\wwwroot\mainweb\sdk\uc_client\model\note.php 第 16 行.
SQL: SHOW COLUMNS FROM `sdk_accounts` [ RunTime:0.002311s ]
SQL: SELECT * FROM `sdk_accounts` WHERE ( `account_id` = 2557 ) LIMIT 1   [ RunTime:0.000635s ]

[ 2013-11-12T18:36:36+08:00 ] 192.168.203.85 /api/uc.php?time=1384252596&code=e93b8Qc5Xco%2BkPvFeLwcFg%2FXJDmxf5PUierRFm1mU9JJj8gzIyTPRVtB6CFgK7wBjrTmJfl54YVk8599L6cG9QolbtVihVxKVQdxoOET6uAXiLZFObdCizK0exdZd1O3kAfhGJ9f7bRDHxll%2FbxYES9G3sDL09Z7t0jB1PpFLyckm6o
INFO: [ app_begin ] --START--
INFO: Run ReadHtmlCache Behavior [ RunTime:0.001043s ]
INFO: [ app_begin ] --END-- [ RunTime:0.001134s ]
NOTIC: [8] Constant UC_CLIENT_VERSION already defined D:\wwwroot\mainweb\sdk\api\UcApi\Lib\Action\IndexAction.class.php 第 4 行.
NOTIC: [8] Constant UC_CLIENT_RELEASE already defined D:\wwwroot\mainweb\sdk\api\UcApi\Lib\Action\IndexAction.class.php 第 5 行.
NOTIC: [2048] Only variables should be passed by reference D:\wwwroot\mainweb\sdk\api\UcApi\Lib\Action\IndexAction.class.php 第 63 行.
NOTIC: [8] Constant API_RETURN_FAILED already defined D:\wwwroot\mainweb\sdk\uc_client\model\note.php 第 16 行.
SQL: SHOW COLUMNS FROM `sdk_accounts` [ RunTime:0.002480s ]
SQL: SELECT * FROM `sdk_accounts` WHERE ( `account_id` = 1242 ) LIMIT 1   [ RunTime:0.000467s ]

[ 2013-11-12T18:43:37+08:00 ] 192.168.141.19 /api/uc.php?time=1384253017&code=1446vDdLOwa8bU2TEMhQOYb7HEzD%2Ba4IcDRCVp5pE89pLYsXOHF3gn4tNwW5f%2BGzdr50TwVWYCXiLZ%2F3nW63IF62cxvvpCYuKfcnJY8fEqlWo3hbeLLocTx3Q%2BlEJpdKeYOnthzRtamdqPqq5JPP7biRKL8UIkwINR%2BRVObPIQ
INFO: [ app_begin ] --START--
INFO: Run ReadHtmlCache Behavior [ RunTime:0.001085s ]
INFO: [ app_begin ] --END-- [ RunTime:0.001177s ]
NOTIC: [8] Constant UC_CLIENT_VERSION already defined D:\wwwroot\mainweb\sdk\api\UcApi\Lib\Action\IndexAction.class.php 第 4 行.
NOTIC: [8] Constant UC_CLIENT_RELEASE already defined D:\wwwroot\mainweb\sdk\api\UcApi\Lib\Action\IndexAction.class.php 第 5 行.
NOTIC: [2048] Only variables should be passed by reference D:\wwwroot\mainweb\sdk\api\UcApi\Lib\Action\IndexAction.class.php 第 63 行.
NOTIC: [8] Constant API_RETURN_FAILED already defined D:\wwwroot\mainweb\sdk\uc_client\model\note.php 第 16 行.
SQL: SHOW COLUMNS FROM `sdk_accounts` [ RunTime:0.002214s ]
SQL: SELECT * FROM `sdk_accounts` WHERE ( `account_id` = 2571 ) LIMIT 1   [ RunTime:0.000372s ]

[ 2013-11-12T19:02:55+08:00 ] 192.168.158.224 /api/uc.php?time=1384254174&code=2cd0yAlZWF3o7%2FDE5ZnyMGJDzra56WdNmlGWBfaaPNke1b2Smz2OmXi8j5q%2B%2FPElz2BOBTawWLv7PQgI2PzdzDFScicBXEBAuWoj7Tbrw0HWQAZH%2FFbFHqm6%2ByC8%2FYOYyg9%2FijhOyp40Q%2FBHxKR5LV3T%2FDgWqc7kzOQ544JV
INFO: [ app_begin ] --START--
INFO: Run ReadHtmlCache Behavior [ RunTime:0.000801s ]
INFO: [ app_begin ] --END-- [ RunTime:0.000895s ]
NOTIC: [8] Constant UC_CLIENT_VERSION already defined D:\wwwroot\mainweb\sdk\api\UcApi\Lib\Action\IndexAction.class.php 第 4 行.
NOTIC: [8] Constant UC_CLIENT_RELEASE already defined D:\wwwroot\mainweb\sdk\api\UcApi\Lib\Action\IndexAction.class.php 第 5 行.
NOTIC: [2048] Only variables should be passed by reference D:\wwwroot\mainweb\sdk\api\UcApi\Lib\Action\IndexAction.class.php 第 63 行.
NOTIC: [8] Constant API_RETURN_FAILED already defined D:\wwwroot\mainweb\sdk\uc_client\model\note.php 第 16 行.
SQL: SHOW COLUMNS FROM `sdk_accounts` [ RunTime:0.002393s ]
SQL: SELECT * FROM `sdk_accounts` WHERE ( `account_id` = 728 ) LIMIT 1   [ RunTime:0.000489s ]

[ 2013-11-12T19:35:19+08:00 ] 192.168.200.104 /api/uc.php?time=1384256119&code=a0b5hKjcyLMv1%2FxEvgpoMBudEBbMCKVVruOXgro6sH3vBQ%2FcTw5n7pbXsueSU1mz3O7vDRAJi1ON1exfAA
INFO: [ app_begin ] --START--
INFO: Run ReadHtmlCache Behavior [ RunTime:0.001109s ]
INFO: [ app_begin ] --END-- [ RunTime:0.001201s ]
NOTIC: [8] Constant UC_CLIENT_VERSION already defined D:\wwwroot\mainweb\sdk\api\UcApi\Lib\Action\IndexAction.class.php 第 4 行.
NOTIC: [8] Constant UC_CLIENT_RELEASE already defined D:\wwwroot\mainweb\sdk\api\UcApi\Lib\Action\IndexAction.class.php 第 5 行.
NOTIC: [2048] Only variables should be passed by reference D:\wwwroot\mainweb\sdk\api\UcApi\Lib\Action\IndexAction.class.php 第 63 行.

[ 2013-11-12T19:36:22+08:00 ] 192.168.200.104 /api/uc.php?time=1384256182&code=9a9bWvph3LtBLKBIDSBiVKhZD6bi6HG47FlA2R%2F%2Bu3PkBsjB506t0LKyUK1TCbetMVQ%2B0edV%2BN5%2BG4VdRiehNIJkkABT1eJeq2ju3uWeFVUBCZuSxne6Yx0MfgUsD2fvpSH%2FXWnsmnv3J30F3O%2BxXvy6%2Bu%2BYz1KDRzxfBLP6QaxoTSA
INFO: [ app_begin ] --START--
INFO: Run ReadHtmlCache Behavior [ RunTime:0.001061s ]
INFO: [ app_begin ] --END-- [ RunTime:0.001148s ]
NOTIC: [8] Constant UC_CLIENT_VERSION already defined D:\wwwroot\mainweb\sdk\api\UcApi\Lib\Action\IndexAction.class.php 第 4 行.
NOTIC: [8] Constant UC_CLIENT_RELEASE already defined D:\wwwroot\mainweb\sdk\api\UcApi\Lib\Action\IndexAction.class.php 第 5 行.
NOTIC: [2048] Only variables should be passed by reference D:\wwwroot\mainweb\sdk\api\UcApi\Lib\Action\IndexAction.class.php 第 63 行.
NOTIC: [8] Constant API_RETURN_FAILED already defined D:\wwwroot\mainweb\sdk\uc_client\model\note.php 第 16 行.
SQL: SHOW COLUMNS FROM `sdk_accounts` [ RunTime:0.002147s ]
SQL: SELECT * FROM `sdk_accounts` WHERE ( `account_id` = 2554 ) LIMIT 1   [ RunTime:0.000425s ]

[ 2013-11-12T19:56:03+08:00 ] 192.168.200.104 /api/uc.php?time=1384257363&code=45cahCEqnpEYrsgCZML6ZCKbReJVonUuFYvWSvCj8udy9spjPXfTOUOGURPfP%2B15LULogGb3Yh%2FOgbcOgcAIQcKDOIcnlEps8vCnUlRj%2FISbysATh8l4zlyIabert87M%2F4qMXI7Lbf3Jz3JgRx4daHJVbtCZMefb6V%2FUlRt44TBl9Qw
INFO: [ app_begin ] --START--
INFO: Run ReadHtmlCache Behavior [ RunTime:0.001076s ]
INFO: [ app_begin ] --END-- [ RunTime:0.001165s ]
NOTIC: [8] Constant UC_CLIENT_VERSION already defined D:\wwwroot\mainweb\sdk\api\UcApi\Lib\Action\IndexAction.class.php 第 4 行.
NOTIC: [8] Constant UC_CLIENT_RELEASE already defined D:\wwwroot\mainweb\sdk\api\UcApi\Lib\Action\IndexAction.class.php 第 5 行.
NOTIC: [2048] Only variables should be passed by reference D:\wwwroot\mainweb\sdk\api\UcApi\Lib\Action\IndexAction.class.php 第 63 行.
NOTIC: [8] Constant API_RETURN_FAILED already defined D:\wwwroot\mainweb\sdk\uc_client\model\note.php 第 16 行.
SQL: SHOW COLUMNS FROM `sdk_accounts` [ RunTime:0.002090s ]
SQL: SELECT * FROM `sdk_accounts` WHERE ( `account_id` = 2554 ) LIMIT 1   [ RunTime:0.000237s ]

[ 2013-11-12T20:05:17+08:00 ] 180.153.161.55 /api/uc.php?time=1384257915&code=95f0Zu4KkBxaLMfhftBGhCoe794N6b7aybIfm6DINiV4ijPkV%2BzlwgLArLuzyNboKkWPMUmoypdAanz74A
INFO: [ app_begin ] --START--
INFO: Run ReadHtmlCache Behavior [ RunTime:0.001036s ]
INFO: [ app_begin ] --END-- [ RunTime:0.001125s ]
NOTIC: [8] Constant UC_CLIENT_VERSION already defined D:\wwwroot\mainweb\sdk\api\UcApi\Lib\Action\IndexAction.class.php 第 4 行.
NOTIC: [8] Constant UC_CLIENT_RELEASE already defined D:\wwwroot\mainweb\sdk\api\UcApi\Lib\Action\IndexAction.class.php 第 5 行.
NOTIC: [2048] Only variables should be passed by reference D:\wwwroot\mainweb\sdk\api\UcApi\Lib\Action\IndexAction.class.php 第 63 行.

[ 2013-11-12T20:25:51+08:00 ] 192.168.233.15 /api/uc.php?time=1384259151&code=f70dOMGnkzhH9rdKDgV9ett4MX2lLJOukb%2FfjqAYeBhbpE%2BmNozty3Nuc1153OXhsp4BaIVbVCkooPS9lVDBOI7bL6Kz3aDWNeff5mmxSrGgcf3oZ0Wg%2BQKY3EOVvUG9uMUsjKZ7DSgN%2Fd9GLPzc0u1WrmV6bQ2XJAMUyJx8etkVE6Pp
INFO: [ app_begin ] --START--
INFO: Run ReadHtmlCache Behavior [ RunTime:0.000697s ]
INFO: [ app_begin ] --END-- [ RunTime:0.000786s ]
NOTIC: [8] Constant UC_CLIENT_VERSION already defined D:\wwwroot\mainweb\sdk\api\UcApi\Lib\Action\IndexAction.class.php 第 4 行.
NOTIC: [8] Constant UC_CLIENT_RELEASE already defined D:\wwwroot\mainweb\sdk\api\UcApi\Lib\Action\IndexAction.class.php 第 5 行.
NOTIC: [2048] Only variables should be passed by reference D:\wwwroot\mainweb\sdk\api\UcApi\Lib\Action\IndexAction.class.php 第 63 行.
NOTIC: [8] Constant API_RETURN_FAILED already defined D:\wwwroot\mainweb\sdk\uc_client\model\note.php 第 16 行.
SQL: SHOW COLUMNS FROM `sdk_accounts` [ RunTime:0.002071s ]
SQL: SELECT * FROM `sdk_accounts` WHERE ( `account_id` = 155 ) LIMIT 1   [ RunTime:0.000426s ]

[ 2013-11-12T20:26:04+08:00 ] 180.153.205.103 /api/uc.php?time=1384257363&code=45cahCEqnpEYrsgCZML6ZCKbReJVonUuFYvWSvCj8udy9spjPXfTOUOGURPfP%2B15LULogGb3Yh%2FOgbcOgcAIQcKDOIcnlEps8vCnUlRj%2FISbysATh8l4zlyIabert87M%2F4qMXI7Lbf3Jz3JgRx4daHJVbtCZMefb6V%2FUlRt44TBl9Qw
INFO: [ app_begin ] --START--
INFO: Run ReadHtmlCache Behavior [ RunTime:0.000931s ]
INFO: [ app_begin ] --END-- [ RunTime:0.001026s ]
NOTIC: [8] Constant UC_CLIENT_VERSION already defined D:\wwwroot\mainweb\sdk\api\UcApi\Lib\Action\IndexAction.class.php 第 4 行.
NOTIC: [8] Constant UC_CLIENT_RELEASE already defined D:\wwwroot\mainweb\sdk\api\UcApi\Lib\Action\IndexAction.class.php 第 5 行.
NOTIC: [2048] Only variables should be passed by reference D:\wwwroot\mainweb\sdk\api\UcApi\Lib\Action\IndexAction.class.php 第 63 行.
NOTIC: [8] Constant API_RETURN_FAILED already defined D:\wwwroot\mainweb\sdk\uc_client\model\note.php 第 16 行.
SQL: SHOW COLUMNS FROM `sdk_accounts` [ RunTime:0.002291s ]
SQL: SELECT * FROM `sdk_accounts` WHERE ( `account_id` = 2554 ) LIMIT 1   [ RunTime:0.000442s ]

[ 2013-11-12T20:26:17+08:00 ] 192.168.233.15 /api/uc.php?time=1384259177&code=3a85A7PlosLFiEGpkZFFKgLZkjNLvuOXQgBQcyHunfxp2gzRI35jFskHGQa%2F4fzTcaM3sT%2FpKBVzVV%2Fn6nxwAO8MFrUiijzR3VpUK3STUuWT3zFfnt2%2B0T4sQ0Tezk%2BLTkxpA5XdV1i9PhqNgD89jmcLsVxOsphfdSLFNAKG4bkwPXHQ
INFO: [ app_begin ] --START--
INFO: Run ReadHtmlCache Behavior [ RunTime:0.001066s ]
INFO: [ app_begin ] --END-- [ RunTime:0.001178s ]
NOTIC: [8] Constant UC_CLIENT_VERSION already defined D:\wwwroot\mainweb\sdk\api\UcApi\Lib\Action\IndexAction.class.php 第 4 行.
NOTIC: [8] Constant UC_CLIENT_RELEASE already defined D:\wwwroot\mainweb\sdk\api\UcApi\Lib\Action\IndexAction.class.php 第 5 行.
NOTIC: [2048] Only variables should be passed by reference D:\wwwroot\mainweb\sdk\api\UcApi\Lib\Action\IndexAction.class.php 第 63 行.
NOTIC: [8] Constant API_RETURN_FAILED already defined D:\wwwroot\mainweb\sdk\uc_client\model\note.php 第 16 行.
SQL: SHOW COLUMNS FROM `sdk_accounts` [ RunTime:0.002006s ]
SQL: SELECT * FROM `sdk_accounts` WHERE ( `account_id` = 155 ) LIMIT 1   [ RunTime:0.000231s ]

[ 2013-11-12T20:26:23+08:00 ] 192.168.233.15 /api/uc.php?time=1384259183&code=6610WO0xZNT07HTL8DJSV4bv1tTdjcyKsprF1fs%2BIscMFHjrh9EDc4xqS3b9naarXKhzl4gbL%2FNFNRLeSg
INFO: [ app_begin ] --START--
INFO: Run ReadHtmlCache Behavior [ RunTime:0.001085s ]
INFO: [ app_begin ] --END-- [ RunTime:0.001175s ]
NOTIC: [8] Constant UC_CLIENT_VERSION already defined D:\wwwroot\mainweb\sdk\api\UcApi\Lib\Action\IndexAction.class.php 第 4 行.
NOTIC: [8] Constant UC_CLIENT_RELEASE already defined D:\wwwroot\mainweb\sdk\api\UcApi\Lib\Action\IndexAction.class.php 第 5 行.
NOTIC: [2048] Only variables should be passed by reference D:\wwwroot\mainweb\sdk\api\UcApi\Lib\Action\IndexAction.class.php 第 63 行.

[ 2013-11-12T20:26:36+08:00 ] 192.168.233.15 /api/uc.php?time=1384259196&code=c124tjjmolnDkad%2FFi1UWaZ4XRYiu%2Bf%2BZhtIQi4T9MuVO%2FlojafC%2BJMqD3O9gCGY2hrCh9NtTMrBcoOaUQ
INFO: [ app_begin ] --START--
INFO: Run ReadHtmlCache Behavior [ RunTime:0.000690s ]
INFO: [ app_begin ] --END-- [ RunTime:0.000780s ]
NOTIC: [8] Constant UC_CLIENT_VERSION already defined D:\wwwroot\mainweb\sdk\api\UcApi\Lib\Action\IndexAction.class.php 第 4 行.
NOTIC: [8] Constant UC_CLIENT_RELEASE already defined D:\wwwroot\mainweb\sdk\api\UcApi\Lib\Action\IndexAction.class.php 第 5 行.
NOTIC: [2048] Only variables should be passed by reference D:\wwwroot\mainweb\sdk\api\UcApi\Lib\Action\IndexAction.class.php 第 63 行.

[ 2013-11-12T20:27:01+08:00 ] 192.168.233.15 /api/uc.php?time=1384259221&code=a84eTYg4KWLCkQYTLeIhMm%2BT5QkAlVYeCLLRrE1nQqvZwtMj3OrFdNvljuk2beWa690spgEEVw103rwotRpTkb%2FuNnrHQimeGgrZrnjM4tqj%2FkW88BHgah%2BanflDIBTuj8L4x2TAtIZkmolemD9z8vtL71SwlmIRI7RuhtBFRd%2FMuqBV
INFO: [ app_begin ] --START--
INFO: Run ReadHtmlCache Behavior [ RunTime:0.001104s ]
INFO: [ app_begin ] --END-- [ RunTime:0.001192s ]
NOTIC: [8] Constant UC_CLIENT_VERSION already defined D:\wwwroot\mainweb\sdk\api\UcApi\Lib\Action\IndexAction.class.php 第 4 行.
NOTIC: [8] Constant UC_CLIENT_RELEASE already defined D:\wwwroot\mainweb\sdk\api\UcApi\Lib\Action\IndexAction.class.php 第 5 行.
NOTIC: [2048] Only variables should be passed by reference D:\wwwroot\mainweb\sdk\api\UcApi\Lib\Action\IndexAction.class.php 第 63 行.
NOTIC: [8] Constant API_RETURN_FAILED already defined D:\wwwroot\mainweb\sdk\uc_client\model\note.php 第 16 行.
SQL: SHOW COLUMNS FROM `sdk_accounts` [ RunTime:0.002232s ]
SQL: SELECT * FROM `sdk_accounts` WHERE ( `account_id` = 155 ) LIMIT 1   [ RunTime:0.000431s ]

[ 2013-11-12T20:30:34+08:00 ] 192.168.233.15 /api/uc.php?time=1384259434&code=314fdjWoODDcdqCoHIr1q8k4sSpCeAsSBEgtvL9RqYYQar5lDhcW7L6Kfhu3%2BKRiIUjdVM5S5jBX7t56%2FA
INFO: [ app_begin ] --START--
INFO: Run ReadHtmlCache Behavior [ RunTime:0.001037s ]
INFO: [ app_begin ] --END-- [ RunTime:0.001128s ]
NOTIC: [8] Constant UC_CLIENT_VERSION already defined D:\wwwroot\mainweb\sdk\api\UcApi\Lib\Action\IndexAction.class.php 第 4 行.
NOTIC: [8] Constant UC_CLIENT_RELEASE already defined D:\wwwroot\mainweb\sdk\api\UcApi\Lib\Action\IndexAction.class.php 第 5 行.
NOTIC: [2048] Only variables should be passed by reference D:\wwwroot\mainweb\sdk\api\UcApi\Lib\Action\IndexAction.class.php 第 63 行.

[ 2013-11-12T20:35:24+08:00 ] 192.168.203.114 /api/uc.php?time=1384259719&code=dd26eoFi8qmYXwKp8o%2BhrjU846bAi0WfjyNeyf5is%2FDxDT0XFM0JjBzOirUpMTOw3lxbnQ54Kf%2FSC%2BfOJJlysFqM1%2BzoxKGfTNNoCb3A2pVQG4GO3SS7GCvLBHcEWpPLy0NEytjP8ePfSFKQQekxXZNWG2FmYlh2mE5Qhg
INFO: [ app_begin ] --START--
INFO: Run ReadHtmlCache Behavior [ RunTime:0.001063s ]
INFO: [ app_begin ] --END-- [ RunTime:0.001156s ]
NOTIC: [8] Constant UC_CLIENT_VERSION already defined D:\wwwroot\mainweb\sdk\api\UcApi\Lib\Action\IndexAction.class.php 第 4 行.
NOTIC: [8] Constant UC_CLIENT_RELEASE already defined D:\wwwroot\mainweb\sdk\api\UcApi\Lib\Action\IndexAction.class.php 第 5 行.
NOTIC: [2048] Only variables should be passed by reference D:\wwwroot\mainweb\sdk\api\UcApi\Lib\Action\IndexAction.class.php 第 63 行.
NOTIC: [8] Constant API_RETURN_FAILED already defined D:\wwwroot\mainweb\sdk\uc_client\model\note.php 第 16 行.
SQL: SHOW COLUMNS FROM `sdk_accounts` [ RunTime:0.002152s ]
SQL: SELECT * FROM `sdk_accounts` WHERE ( `account_id` = 1520 ) LIMIT 1   [ RunTime:0.000565s ]

[ 2013-11-12T20:51:17+08:00 ] 192.168.183.148 /api/uc.php?time=1384260677&code=3430OiKsc0%2BE%2BK55da4EsR1Vy%2B88Cu5ON41EsmBzVEWCGfYCpUkg0HyHxpc3SA0bbGjoedOtRKfSK7ICjNMEOly2RuXzkjtdQv4I6u%2FzJ5WeQI4e7SN54nmbxvm9x9V%2BoEIOwL3JOtUEeL%2F6okDdsZdyMrZa6cIWILkfk%2FgAFJHPqQ
INFO: [ app_begin ] --START--
INFO: Run ReadHtmlCache Behavior [ RunTime:0.001068s ]
INFO: [ app_begin ] --END-- [ RunTime:0.001160s ]
NOTIC: [8] Constant UC_CLIENT_VERSION already defined D:\wwwroot\mainweb\sdk\api\UcApi\Lib\Action\IndexAction.class.php 第 4 行.
NOTIC: [8] Constant UC_CLIENT_RELEASE already defined D:\wwwroot\mainweb\sdk\api\UcApi\Lib\Action\IndexAction.class.php 第 5 行.
NOTIC: [2048] Only variables should be passed by reference D:\wwwroot\mainweb\sdk\api\UcApi\Lib\Action\IndexAction.class.php 第 63 行.
NOTIC: [8] Constant API_RETURN_FAILED already defined D:\wwwroot\mainweb\sdk\uc_client\model\note.php 第 16 行.
SQL: SHOW COLUMNS FROM `sdk_accounts` [ RunTime:0.002197s ]
SQL: SELECT * FROM `sdk_accounts` WHERE ( `account_id` = 1266 ) LIMIT 1   [ RunTime:0.000378s ]

[ 2013-11-12T21:23:34+08:00 ] 192.168.134.144 /api/uc.php?time=1384262614&code=4802PBxI7RRsEaGwmX9pxFYxmUBlBqjVIZ7OcoRE%2B5ESzw5wYty%2FjquLf0eIaLHzw5y6tTjJGS92lqjqGQT1%2B6tfhtKVweaGqPeWboBq7NHBuoQKqqBo2m%2BbTONsPMEKKXzUvFERfjKlqPcz0d%2F6NnnhDIAI5SAsOpPoAQ
INFO: [ app_begin ] --START--
INFO: Run ReadHtmlCache Behavior [ RunTime:0.001075s ]
INFO: [ app_begin ] --END-- [ RunTime:0.001175s ]
NOTIC: [8] Constant UC_CLIENT_VERSION already defined D:\wwwroot\mainweb\sdk\api\UcApi\Lib\Action\IndexAction.class.php 第 4 行.
NOTIC: [8] Constant UC_CLIENT_RELEASE already defined D:\wwwroot\mainweb\sdk\api\UcApi\Lib\Action\IndexAction.class.php 第 5 行.
NOTIC: [2048] Only variables should be passed by reference D:\wwwroot\mainweb\sdk\api\UcApi\Lib\Action\IndexAction.class.php 第 63 行.
NOTIC: [8] Constant API_RETURN_FAILED already defined D:\wwwroot\mainweb\sdk\uc_client\model\note.php 第 16 行.
SQL: SHOW COLUMNS FROM `sdk_accounts` [ RunTime:0.002184s ]
SQL: SELECT * FROM `sdk_accounts` WHERE ( `account_id` = 1904 ) LIMIT 1   [ RunTime:0.000556s ]

[ 2013-11-12T22:03:37+08:00 ] 192.168.145.76 /api/uc.php?time=1384265015&code=081bavHlo2aTbkXIOhnWoSu09VVgg4Y8vxiBwKkU4NcondbmpcjkbBA%2FwGCW8WpI5K%2FBh0bgnRsDMpv0zX22BP7LeBbOGLkVTmSsyA%2FmLfyXVDicZrODgMwKZ9aypKwBdLqsnNomTsQmzFJ50rIj9TTcebjf6NyU2ykE3XxgwvlmVg
INFO: [ app_begin ] --START--
INFO: Run ReadHtmlCache Behavior [ RunTime:0.001073s ]
INFO: [ app_begin ] --END-- [ RunTime:0.001167s ]
NOTIC: [8] Constant UC_CLIENT_VERSION already defined D:\wwwroot\mainweb\sdk\api\UcApi\Lib\Action\IndexAction.class.php 第 4 行.
NOTIC: [8] Constant UC_CLIENT_RELEASE already defined D:\wwwroot\mainweb\sdk\api\UcApi\Lib\Action\IndexAction.class.php 第 5 行.
NOTIC: [2048] Only variables should be passed by reference D:\wwwroot\mainweb\sdk\api\UcApi\Lib\Action\IndexAction.class.php 第 63 行.
NOTIC: [8] Constant API_RETURN_FAILED already defined D:\wwwroot\mainweb\sdk\uc_client\model\note.php 第 16 行.
SQL: SHOW COLUMNS FROM `sdk_accounts` [ RunTime:0.002224s ]
SQL: SELECT * FROM `sdk_accounts` WHERE ( `account_id` = 2257 ) LIMIT 1   [ RunTime:0.000482s ]

[ 2013-11-12T22:06:59+08:00 ] 192.168.203.143 /api/uc.php?time=1384265219&code=9d48VMtNZRa9mpRYucaXaramL2VuXwFAHPG7rJZcbknx2le1A1MN%2FflsbamQONr%2BpS9la3yh8eIfsVpa7M3CSPep%2FtuKzzq5W%2FHMCVQ5YuifQH3RfKfxWqW6zRhxawLCuJ%2FGXvbeCc%2BsSdToeHUZGnzMkC1cdxfV0R5R
INFO: [ app_begin ] --START--
INFO: Run ReadHtmlCache Behavior [ RunTime:0.000794s ]
INFO: [ app_begin ] --END-- [ RunTime:0.000887s ]
NOTIC: [8] Constant UC_CLIENT_VERSION already defined D:\wwwroot\mainweb\sdk\api\UcApi\Lib\Action\IndexAction.class.php 第 4 行.
NOTIC: [8] Constant UC_CLIENT_RELEASE already defined D:\wwwroot\mainweb\sdk\api\UcApi\Lib\Action\IndexAction.class.php 第 5 行.
NOTIC: [2048] Only variables should be passed by reference D:\wwwroot\mainweb\sdk\api\UcApi\Lib\Action\IndexAction.class.php 第 63 行.
NOTIC: [8] Constant API_RETURN_FAILED already defined D:\wwwroot\mainweb\sdk\uc_client\model\note.php 第 16 行.
SQL: SHOW COLUMNS FROM `sdk_accounts` [ RunTime:0.002016s ]
SQL: SELECT * FROM `sdk_accounts` WHERE ( `account_id` = 648 ) LIMIT 1   [ RunTime:0.000499s ]

[ 2013-11-12T23:01:51+08:00 ] 192.168.134.68 /api/uc.php?time=1384268510&code=de0cLsXTcURLABS6RbClq0urCXR3bbjLR7RgtYewLv5gkItuPa%2F59xPUUZd7rBkLH4qcGSJ9gJwqtKedHqNcE7QdRRoCjB35PxY%2FVGpR1slW4SaSWCwWjmbveVm%2Fx0uRnpz%2Bye6nh0UW4gTSqhORAskpFSJr%2FfJQHQVcAcSn
INFO: [ app_begin ] --START--
INFO: Run ReadHtmlCache Behavior [ RunTime:0.002065s ]
INFO: [ app_begin ] --END-- [ RunTime:0.002164s ]
NOTIC: [8] Constant UC_CLIENT_VERSION already defined D:\wwwroot\mainweb\sdk\api\UcApi\Lib\Action\IndexAction.class.php 第 4 行.
NOTIC: [8] Constant UC_CLIENT_RELEASE already defined D:\wwwroot\mainweb\sdk\api\UcApi\Lib\Action\IndexAction.class.php 第 5 行.
NOTIC: [2048] Only variables should be passed by reference D:\wwwroot\mainweb\sdk\api\UcApi\Lib\Action\IndexAction.class.php 第 63 行.
NOTIC: [8] Constant API_RETURN_FAILED already defined D:\wwwroot\mainweb\sdk\uc_client\model\note.php 第 16 行.
SQL: SHOW COLUMNS FROM `sdk_accounts` [ RunTime:0.002477s ]
SQL: SELECT * FROM `sdk_accounts` WHERE ( `account_id` = 2109 ) LIMIT 1   [ RunTime:0.000423s ]

[ 2013-11-12T23:26:28+08:00 ] 192.168.145.217 /api/uc.php?time=1384269988&code=db0adI8998MKxJMzsadT00LgTN9cRG28Q7zTnAhKuNV76VlrrwaHqHChooD%2BNKNbCC%2FvTVNrh31emyv5%2FJWFKaRmI5UVZNXUga8FmFmwCrAraCNnZATXGXLfeO3Ata7MI4Y6mWHwBRKsNwWo3%2BaVeqh1zgL0JE30bRW76g
INFO: [ app_begin ] --START--
INFO: Run ReadHtmlCache Behavior [ RunTime:0.000717s ]
INFO: [ app_begin ] --END-- [ RunTime:0.000809s ]
NOTIC: [8] Constant UC_CLIENT_VERSION already defined D:\wwwroot\mainweb\sdk\api\UcApi\Lib\Action\IndexAction.class.php 第 4 行.
NOTIC: [8] Constant UC_CLIENT_RELEASE already defined D:\wwwroot\mainweb\sdk\api\UcApi\Lib\Action\IndexAction.class.php 第 5 行.
NOTIC: [2048] Only variables should be passed by reference D:\wwwroot\mainweb\sdk\api\UcApi\Lib\Action\IndexAction.class.php 第 63 行.
NOTIC: [8] Constant API_RETURN_FAILED already defined D:\wwwroot\mainweb\sdk\uc_client\model\note.php 第 16 行.
SQL: SHOW COLUMNS FROM `sdk_accounts` [ RunTime:0.002198s ]
SQL: SELECT * FROM `sdk_accounts` WHERE ( `account_id` = 1669 ) LIMIT 1   [ RunTime:0.000523s ]

[ 2013-11-12T23:50:30+08:00 ] 192.168.136.220 /api/uc.php?time=1384271430&code=1aa03AzRDh3SnvmbBK%2BzEKJlfdev6A%2BSsV7Nd%2BRM%2BTUlgMPaWQIc7EYqeyzXZG6s%2FW8HVdfkWCEhoMo4kqm4cw7d%2BNRPnw9DubXZS9G6s%2BV0LCKqQ8Y4Skqcf%2BCVvf2xc%2FdilAFR%2B0IQHDYwjeSfvsBU4Z2ksKk7DvXO1u0e5utM3xx8r%2Bo
INFO: [ app_begin ] --START--
INFO: Run ReadHtmlCache Behavior [ RunTime:0.000743s ]
INFO: [ app_begin ] --END-- [ RunTime:0.000833s ]
NOTIC: [8] Constant UC_CLIENT_VERSION already defined D:\wwwroot\mainweb\sdk\api\UcApi\Lib\Action\IndexAction.class.php 第 4 行.
NOTIC: [8] Constant UC_CLIENT_RELEASE already defined D:\wwwroot\mainweb\sdk\api\UcApi\Lib\Action\IndexAction.class.php 第 5 行.
NOTIC: [2048] Only variables should be passed by reference D:\wwwroot\mainweb\sdk\api\UcApi\Lib\Action\IndexAction.class.php 第 63 行.
NOTIC: [8] Constant API_RETURN_FAILED already defined D:\wwwroot\mainweb\sdk\uc_client\model\note.php 第 16 行.
SQL: SHOW COLUMNS FROM `sdk_accounts` [ RunTime:0.002203s ]
SQL: SELECT * FROM `sdk_accounts` WHERE ( `account_id` = 1884 ) LIMIT 1   [ RunTime:0.000636s ]

[ 2013-11-12T23:53:09+08:00 ] 192.168.142.76 /api/uc.php?time=1384271589&code=6179spjnTyVat5iBc3QO%2FVbU9HqzyIc6Z%2FTeEDr4EomxUeI%2BjeIkgQsidOv%2FbHrMAG57wDXPs3TEhmDZPdUg%2BAq9%2FHzNeVdsK5HppKrLk3D8ammk5%2BhqXNp%2BfI4a1e%2FeuLh7w2T1dkdbJxUC55MRqeFed6s3usIg%2FSvROc57sYqX4Y1eHQ
INFO: [ app_begin ] --START--
INFO: Run ReadHtmlCache Behavior [ RunTime:0.001031s ]
INFO: [ app_begin ] --END-- [ RunTime:0.001122s ]
NOTIC: [8] Constant UC_CLIENT_VERSION already defined D:\wwwroot\mainweb\sdk\api\UcApi\Lib\Action\IndexAction.class.php 第 4 行.
NOTIC: [8] Constant UC_CLIENT_RELEASE already defined D:\wwwroot\mainweb\sdk\api\UcApi\Lib\Action\IndexAction.class.php 第 5 行.
NOTIC: [2048] Only variables should be passed by reference D:\wwwroot\mainweb\sdk\api\UcApi\Lib\Action\IndexAction.class.php 第 63 行.
NOTIC: [8] Constant API_RETURN_FAILED already defined D:\wwwroot\mainweb\sdk\uc_client\model\note.php 第 16 行.
SQL: SHOW COLUMNS FROM `sdk_accounts` [ RunTime:0.002220s ]
SQL: SELECT * FROM `sdk_accounts` WHERE ( `account_id` = 995 ) LIMIT 1   [ RunTime:0.000493s ]

