[ 2013-12-21T00:10:56+08:00 ] 192.168.133.5 /api/uc.php?time=1387555856&code=b8c4ZpWwaP0pcN6EuP%2FAVMztOYQsnVOWk1UDgmnXUFXNybU2Hrf%2BcMTjNT5%2FL3fYmPJc8gNa%2Bo%2FR0L1JshcUBkijo45y4YvAWh7Gj7SdTFgEKKvh7WRLG2ZAcEr%2Fwg4ESDCF4mtb033wno22eBjeyBKJCIG0BUz14VBcHFwya1jj8Q
INFO: [ app_begin ] --START--
INFO: Run ReadHtmlCache Behavior [ RunTime:0.001042s ]
INFO: [ app_begin ] --END-- [ RunTime:0.001136s ]
NOTIC: [8] Constant UC_CLIENT_VERSION already defined D:\wwwroot\mainweb\sdk\api\UcApi\Lib\Action\IndexAction.class.php 第 4 行.
NOTIC: [8] Constant UC_CLIENT_RELEASE already defined D:\wwwroot\mainweb\sdk\api\UcApi\Lib\Action\IndexAction.class.php 第 5 行.
NOTIC: [2048] Only variables should be passed by reference D:\wwwroot\mainweb\sdk\api\UcApi\Lib\Action\IndexAction.class.php 第 63 行.
NOTIC: [8] Constant API_RETURN_FAILED already defined D:\wwwroot\mainweb\sdk\uc_client\model\note.php 第 16 行.
SQL: SHOW COLUMNS FROM `sdk_accounts` [ RunTime:0.002069s ]
SQL: SELECT * FROM `sdk_accounts` WHERE ( `account_id` = 1890 ) LIMIT 1   [ RunTime:0.000542s ]

[ 2013-12-21T00:14:34+08:00 ] 192.168.142.30 /api/uc.php?time=1387556073&code=8d59iDUoiYemQxJg%2FYi1aZDU6ynJf7yiD5Bx9VK%2BPmtJbhc8OrKIgw8yEQT4gBjZ7niaYW40Zb1iocZo05CqumKAp5ndjDijnZKlVaJrs5EOZEhU73VEf9%2B11JRUfsAb4LMNpLrDfO2AEr2aHCGMlgvqRUrl3vltJXJDgg
INFO: [ app_begin ] --START--
INFO: Run ReadHtmlCache Behavior [ RunTime:0.000980s ]
INFO: [ app_begin ] --END-- [ RunTime:0.001073s ]
NOTIC: [8] Constant UC_CLIENT_VERSION already defined D:\wwwroot\mainweb\sdk\api\UcApi\Lib\Action\IndexAction.class.php 第 4 行.
NOTIC: [8] Constant UC_CLIENT_RELEASE already defined D:\wwwroot\mainweb\sdk\api\UcApi\Lib\Action\IndexAction.class.php 第 5 行.
NOTIC: [2048] Only variables should be passed by reference D:\wwwroot\mainweb\sdk\api\UcApi\Lib\Action\IndexAction.class.php 第 63 行.
NOTIC: [8] Constant API_RETURN_FAILED already defined D:\wwwroot\mainweb\sdk\uc_client\model\note.php 第 16 行.
SQL: SHOW COLUMNS FROM `sdk_accounts` [ RunTime:0.002191s ]
SQL: SELECT * FROM `sdk_accounts` WHERE ( `account_id` = 659 ) LIMIT 1   [ RunTime:0.000437s ]

[ 2013-12-21T12:27:27+08:00 ] 192.168.141.26 /api/uc.php?time=1387600047&code=a99aOruc2h3XOxKIM8v30J%2F5%2BR%2Bjq%2F4SmtjaU%2FxQ2fOcj2qbqqW9ucb6kf1msnHw8JhNcY2JYHXtPK9%2BztH3KPrnqgjYx50E3ySmc9a8NMKCSQfl0o5ccnQ2Bz57ZfBj1B2%2BOfT%2FQAv7c%2BEIjLTX9%2FM0BKQoLjXVYVbmEHU
INFO: [ app_begin ] --START--
INFO: Run ReadHtmlCache Behavior [ RunTime:0.001081s ]
INFO: [ app_begin ] --END-- [ RunTime:0.001173s ]
NOTIC: [8] Constant UC_CLIENT_VERSION already defined D:\wwwroot\mainweb\sdk\api\UcApi\Lib\Action\IndexAction.class.php 第 4 行.
NOTIC: [8] Constant UC_CLIENT_RELEASE already defined D:\wwwroot\mainweb\sdk\api\UcApi\Lib\Action\IndexAction.class.php 第 5 行.
NOTIC: [2048] Only variables should be passed by reference D:\wwwroot\mainweb\sdk\api\UcApi\Lib\Action\IndexAction.class.php 第 63 行.
NOTIC: [8] Constant API_RETURN_FAILED already defined D:\wwwroot\mainweb\sdk\uc_client\model\note.php 第 16 行.
SQL: SHOW COLUMNS FROM `sdk_accounts` [ RunTime:0.002281s ]
SQL: SELECT * FROM `sdk_accounts` WHERE ( `account_id` = 783 ) LIMIT 1   [ RunTime:0.000575s ]

[ 2013-12-21T12:28:30+08:00 ] 192.168.188.210 /api/uc.php?time=1387600110&code=88cc7fD75VtY2P8xyPujNfQFIeF7IuUebPaskLSphLRxtGq2lZHm78wVUP6QpH18WlGXjxNBK2R6kOy7FypNpTOgQdSq1AIAttYSUcbz1MRvSbynrNpNbvEcfEV0k%2FHPeG5rByVdB%2BGhoS7jyqJHSn5TAI2LHwDkWZB72HFkV%2BJh
INFO: [ app_begin ] --START--
INFO: Run ReadHtmlCache Behavior [ RunTime:0.001015s ]
INFO: [ app_begin ] --END-- [ RunTime:0.001106s ]
NOTIC: [8] Constant UC_CLIENT_VERSION already defined D:\wwwroot\mainweb\sdk\api\UcApi\Lib\Action\IndexAction.class.php 第 4 行.
NOTIC: [8] Constant UC_CLIENT_RELEASE already defined D:\wwwroot\mainweb\sdk\api\UcApi\Lib\Action\IndexAction.class.php 第 5 行.
NOTIC: [2048] Only variables should be passed by reference D:\wwwroot\mainweb\sdk\api\UcApi\Lib\Action\IndexAction.class.php 第 63 行.
NOTIC: [8] Constant API_RETURN_FAILED already defined D:\wwwroot\mainweb\sdk\uc_client\model\note.php 第 16 行.
SQL: SHOW COLUMNS FROM `sdk_accounts` [ RunTime:0.001993s ]
SQL: SELECT * FROM `sdk_accounts` WHERE ( `account_id` = 1350 ) LIMIT 1   [ RunTime:0.000340s ]

[ 2013-12-21T12:40:17+08:00 ] 192.168.188.67 /api/uc.php?time=1387600817&code=c86b3vKqpoZRMadOlt%2BFe7933quAc2fy0DzWoPkvktE1PJLiDpXuvRYOqYfV91ahwXoXm%2BZG%2BDj6InSfNYiUH5q1SZZfr%2BO1LaHONdyHhJNa7pVEcViVWQXjTS0aJdyarWmzsuNUOmHf7rGhBwYNQ%2FzifUdtyRy0Wx5w74rpnlq%2Be%2FElYwIOAdr8YA
INFO: [ app_begin ] --START--
INFO: Run ReadHtmlCache Behavior [ RunTime:0.001055s ]
INFO: [ app_begin ] --END-- [ RunTime:0.001144s ]
NOTIC: [8] Constant UC_CLIENT_VERSION already defined D:\wwwroot\mainweb\sdk\api\UcApi\Lib\Action\IndexAction.class.php 第 4 行.
NOTIC: [8] Constant UC_CLIENT_RELEASE already defined D:\wwwroot\mainweb\sdk\api\UcApi\Lib\Action\IndexAction.class.php 第 5 行.
NOTIC: [2048] Only variables should be passed by reference D:\wwwroot\mainweb\sdk\api\UcApi\Lib\Action\IndexAction.class.php 第 63 行.
NOTIC: [8] Constant API_RETURN_FAILED already defined D:\wwwroot\mainweb\sdk\uc_client\model\note.php 第 16 行.
SQL: SHOW COLUMNS FROM `sdk_accounts` [ RunTime:0.002070s ]
SQL: SELECT * FROM `sdk_accounts` WHERE ( `account_id` = 2512 ) LIMIT 1   [ RunTime:0.000610s ]

[ 2013-12-21T12:48:00+08:00 ] 192.168.165.230 /api/uc.php?time=1387601279&code=4452RdQmqNY6jVME9ZYWsCf%2FCjV2N1pWQaRFNd0eo4UdxhUFzpRLEhgBozbC%2FtiyDz6AfPJ1MMlE1U8hmmngnYXCnrSOdUEnipzXL3g0423zn2XRQcY1JJjCfeFeodvEH2gHpQi056BERzxbBSkgpoilxw2U%2Fxj9O8KFsQwiUAarES91eF9J9g
INFO: [ app_begin ] --START--
INFO: Run ReadHtmlCache Behavior [ RunTime:0.001072s ]
INFO: [ app_begin ] --END-- [ RunTime:0.001162s ]
NOTIC: [8] Constant UC_CLIENT_VERSION already defined D:\wwwroot\mainweb\sdk\api\UcApi\Lib\Action\IndexAction.class.php 第 4 行.
NOTIC: [8] Constant UC_CLIENT_RELEASE already defined D:\wwwroot\mainweb\sdk\api\UcApi\Lib\Action\IndexAction.class.php 第 5 行.
NOTIC: [2048] Only variables should be passed by reference D:\wwwroot\mainweb\sdk\api\UcApi\Lib\Action\IndexAction.class.php 第 63 行.
NOTIC: [8] Constant API_RETURN_FAILED already defined D:\wwwroot\mainweb\sdk\uc_client\model\note.php 第 16 行.
SQL: SHOW COLUMNS FROM `sdk_accounts` [ RunTime:0.002221s ]
SQL: SELECT * FROM `sdk_accounts` WHERE ( `account_id` = 1071 ) LIMIT 1   [ RunTime:0.000335s ]

[ 2013-12-21T14:59:02+08:00 ] 192.168.194.149 /api/uc.php?time=1387609142&code=22914u9ky14Yw0Z6qP9QjQ%2Ba9zVPMEAtWE60bjGeavvm%2BDIXPhnxmjUaZOLoZjq4A2OaBq4s8qoYO8Fxah%2F2gS%2FXy8aT%2F%2BCHnjLw93awJjLR7hLnaLUsfbpVBZtnJStXM00vMBRh02KIh6tq7DPoJWrv%2Beaz98fAsDkwdsVgSSA
INFO: [ app_begin ] --START--
INFO: Run ReadHtmlCache Behavior [ RunTime:0.001041s ]
INFO: [ app_begin ] --END-- [ RunTime:0.001138s ]
NOTIC: [8] Constant UC_CLIENT_VERSION already defined D:\wwwroot\mainweb\sdk\api\UcApi\Lib\Action\IndexAction.class.php 第 4 行.
NOTIC: [8] Constant UC_CLIENT_RELEASE already defined D:\wwwroot\mainweb\sdk\api\UcApi\Lib\Action\IndexAction.class.php 第 5 行.
NOTIC: [2048] Only variables should be passed by reference D:\wwwroot\mainweb\sdk\api\UcApi\Lib\Action\IndexAction.class.php 第 63 行.
NOTIC: [8] Constant API_RETURN_FAILED already defined D:\wwwroot\mainweb\sdk\uc_client\model\note.php 第 16 行.
SQL: SHOW COLUMNS FROM `sdk_accounts` [ RunTime:0.002261s ]
SQL: SELECT * FROM `sdk_accounts` WHERE ( `account_id` = 2557 ) LIMIT 1   [ RunTime:0.000457s ]

[ 2013-12-21T17:52:20+08:00 ] 116.23.133.36 /api/uc.php?time=1387619538&code=832fDuUuxqP5AHmzrlepMdNaQSO3gZZJc75JdDAqf7NyEFzSDSn9hQrr2e4%2FrGCV6JUPIFI8ealfnj%2BdZrYr0U02A%2BZ6BdUIXx9G9psD3h7ZvhpD79enjPVlKatVWxMM5f54l%2BEG5Mrre7IR50uzAvSjDUtKJ3GkRhGy7%2B3pnzvkBg
INFO: [ app_begin ] --START--
INFO: Run ReadHtmlCache Behavior [ RunTime:0.001092s ]
INFO: [ app_begin ] --END-- [ RunTime:0.001188s ]
NOTIC: [8] Constant UC_CLIENT_VERSION already defined D:\wwwroot\mainweb\sdk\api\UcApi\Lib\Action\IndexAction.class.php 第 4 行.
NOTIC: [8] Constant UC_CLIENT_RELEASE already defined D:\wwwroot\mainweb\sdk\api\UcApi\Lib\Action\IndexAction.class.php 第 5 行.
NOTIC: [2048] Only variables should be passed by reference D:\wwwroot\mainweb\sdk\api\UcApi\Lib\Action\IndexAction.class.php 第 63 行.
NOTIC: [8] Constant API_RETURN_FAILED already defined D:\wwwroot\mainweb\sdk\uc_client\model\note.php 第 16 行.
SQL: SHOW COLUMNS FROM `sdk_accounts` [ RunTime:0.002448s ]
SQL: SELECT * FROM `sdk_accounts` WHERE ( `account_id` = 1780 ) LIMIT 1   [ RunTime:0.000568s ]

[ 2013-12-21T17:57:57+08:00 ] 192.168.235.28 /api/uc.php?time=1387619877&code=3652IuxemujZu%2FRYNnIPBOjZVOSW3k2qTo6yYzWeTgG1uzTEfxlGuULgr43r2t8U%2BeFzsCiRopffDpuvu7zc0dtHoFd7iodnwaZmn5I7qSF69j9YmhuQOR31%2FZ5%2FGM6EZq2VHNghxE1YldoqbGjpS1UhbRyXH8CxOSbczvZ5FQ
INFO: [ app_begin ] --START--
INFO: Run ReadHtmlCache Behavior [ RunTime:0.001033s ]
INFO: [ app_begin ] --END-- [ RunTime:0.001126s ]
NOTIC: [8] Constant UC_CLIENT_VERSION already defined D:\wwwroot\mainweb\sdk\api\UcApi\Lib\Action\IndexAction.class.php 第 4 行.
NOTIC: [8] Constant UC_CLIENT_RELEASE already defined D:\wwwroot\mainweb\sdk\api\UcApi\Lib\Action\IndexAction.class.php 第 5 行.
NOTIC: [2048] Only variables should be passed by reference D:\wwwroot\mainweb\sdk\api\UcApi\Lib\Action\IndexAction.class.php 第 63 行.
NOTIC: [8] Constant API_RETURN_FAILED already defined D:\wwwroot\mainweb\sdk\uc_client\model\note.php 第 16 行.
SQL: SHOW COLUMNS FROM `sdk_accounts` [ RunTime:0.002320s ]
SQL: SELECT * FROM `sdk_accounts` WHERE ( `account_id` = 1923 ) LIMIT 1   [ RunTime:0.000507s ]

[ 2013-12-21T18:28:57+08:00 ] 192.168.138.178 /api/uc.php?time=1387621737&code=acd07r5UIJV%2BVjwIqSo%2BVncFe%2Biq3jM1E%2F0VFGNaFHqrAO1292en7qNOczCmkEDjqBucd%2FcfOUF4TVY%2FXYU%2FI6FNVMfPXfnnljSxJX3n0KI%2F2sH3KGns%2F27PuOZBG1pe%2FeJhitEfaNjGVzXACZ9sBQKzn9OAVGC2LNISvGqW6hRYMsgNjw
INFO: [ app_begin ] --START--
INFO: Run ReadHtmlCache Behavior [ RunTime:0.000706s ]
INFO: [ app_begin ] --END-- [ RunTime:0.000801s ]
NOTIC: [8] Constant UC_CLIENT_VERSION already defined D:\wwwroot\mainweb\sdk\api\UcApi\Lib\Action\IndexAction.class.php 第 4 行.
NOTIC: [8] Constant UC_CLIENT_RELEASE already defined D:\wwwroot\mainweb\sdk\api\UcApi\Lib\Action\IndexAction.class.php 第 5 行.
NOTIC: [2048] Only variables should be passed by reference D:\wwwroot\mainweb\sdk\api\UcApi\Lib\Action\IndexAction.class.php 第 63 行.
NOTIC: [8] Constant API_RETURN_FAILED already defined D:\wwwroot\mainweb\sdk\uc_client\model\note.php 第 16 行.
SQL: SHOW COLUMNS FROM `sdk_accounts` [ RunTime:0.002213s ]
SQL: SELECT * FROM `sdk_accounts` WHERE ( `account_id` = 2548 ) LIMIT 1   [ RunTime:0.000472s ]

[ 2013-12-21T18:48:16+08:00 ] 192.168.166.24 /api/uc.php?time=1387622896&code=02danwl2yTwpeCYIFkdE6lWU06L8cKrX%2FjAFnvpkqp5rVdFKMFC5MZ777eJ0bttzuBszspdeTC6N3Ko3Ez3UR03M2fLF0NtK%2BAW6CWzYmqwitPaY3NP6T%2F9SeUR1Ym00yU%2BLc2frb6sZiQdNqEZxCku%2FbD%2Bh7LKhqZGfJtwQ2Q
INFO: [ app_begin ] --START--
INFO: Run ReadHtmlCache Behavior [ RunTime:0.001083s ]
INFO: [ app_begin ] --END-- [ RunTime:0.001172s ]
NOTIC: [8] Constant UC_CLIENT_VERSION already defined D:\wwwroot\mainweb\sdk\api\UcApi\Lib\Action\IndexAction.class.php 第 4 行.
NOTIC: [8] Constant UC_CLIENT_RELEASE already defined D:\wwwroot\mainweb\sdk\api\UcApi\Lib\Action\IndexAction.class.php 第 5 行.
NOTIC: [2048] Only variables should be passed by reference D:\wwwroot\mainweb\sdk\api\UcApi\Lib\Action\IndexAction.class.php 第 63 行.
NOTIC: [8] Constant API_RETURN_FAILED already defined D:\wwwroot\mainweb\sdk\uc_client\model\note.php 第 16 行.
SQL: SHOW COLUMNS FROM `sdk_accounts` [ RunTime:0.002078s ]
SQL: SELECT * FROM `sdk_accounts` WHERE ( `account_id` = 2240 ) LIMIT 1   [ RunTime:0.000442s ]

[ 2013-12-21T19:31:55+08:00 ] 192.168.136.216 /api/uc.php?time=1387625515&code=e0b6HheZ2bCF7Fcx%2BVBYVEaFtieJNUlsNwr5tw5S8deP4Ftz77xtr7ji1KKkzohAE6DaKSrl9oWDhT3QWg695plMtg%2B7oGiLaHGYssAhSzCDo3lY3ZNhQXTCh2MJ9N2xiaMVLuSc38EdXHUoVlQfy3WArn4jvAt1okiQDYG0QZLy2w
INFO: [ app_begin ] --START--
INFO: Run ReadHtmlCache Behavior [ RunTime:0.001187s ]
INFO: [ app_begin ] --END-- [ RunTime:0.001286s ]
NOTIC: [8] Constant UC_CLIENT_VERSION already defined D:\wwwroot\mainweb\sdk\api\UcApi\Lib\Action\IndexAction.class.php 第 4 行.
NOTIC: [8] Constant UC_CLIENT_RELEASE already defined D:\wwwroot\mainweb\sdk\api\UcApi\Lib\Action\IndexAction.class.php 第 5 行.
NOTIC: [2048] Only variables should be passed by reference D:\wwwroot\mainweb\sdk\api\UcApi\Lib\Action\IndexAction.class.php 第 63 行.
NOTIC: [8] Constant API_RETURN_FAILED already defined D:\wwwroot\mainweb\sdk\uc_client\model\note.php 第 16 行.
SQL: SHOW COLUMNS FROM `sdk_accounts` [ RunTime:0.002375s ]
SQL: SELECT * FROM `sdk_accounts` WHERE ( `account_id` = 2509 ) LIMIT 1   [ RunTime:0.000616s ]

[ 2013-12-21T21:57:36+08:00 ] 192.168.206.73 /api/uc.php?time=1387634256&code=7758zoPBsvCrK%2BJcQ3%2Bqp83z%2FIYTsJKFhKAx4fsjhMp7CBOFfCCg8OhQ%2F%2FdGuiYBB8W7G7lYTqY4rb1JbCQGHDUVsVNSMd%2Berb08Xj592jU2WgzQg3XQSmocNKTXlF7GhWfHdIhmRPMuix%2Bn9lGedXF5gQBzsiUFvWnRssV6QGQkRmP3MA
INFO: [ app_begin ] --START--
INFO: Run ReadHtmlCache Behavior [ RunTime:0.001055s ]
INFO: [ app_begin ] --END-- [ RunTime:0.001144s ]
NOTIC: [8] Constant UC_CLIENT_VERSION already defined D:\wwwroot\mainweb\sdk\api\UcApi\Lib\Action\IndexAction.class.php 第 4 行.
NOTIC: [8] Constant UC_CLIENT_RELEASE already defined D:\wwwroot\mainweb\sdk\api\UcApi\Lib\Action\IndexAction.class.php 第 5 行.
NOTIC: [2048] Only variables should be passed by reference D:\wwwroot\mainweb\sdk\api\UcApi\Lib\Action\IndexAction.class.php 第 63 行.
NOTIC: [8] Constant API_RETURN_FAILED already defined D:\wwwroot\mainweb\sdk\uc_client\model\note.php 第 16 行.
SQL: SHOW COLUMNS FROM `sdk_accounts` [ RunTime:0.002198s ]
SQL: SELECT * FROM `sdk_accounts` WHERE ( `account_id` = 2292 ) LIMIT 1   [ RunTime:0.000469s ]

[ 2013-12-21T22:31:34+08:00 ] 192.168.163.141 /api/uc.php?time=1387636294&code=02beOxGn9%2FRYmqpQSq6N8rhCL7xTbLGlsnc%2Fg4sodGGrhb7YGIhffLWFzEQ4HHuGplSbvY36WHyeiUUi8xs%2FfkVWCiHo7D1vdefmYkDoOdlU4V9F70Ny3NChCd6Dq6vhRvOc%2F06pgMU3KW0hnZ%2BJAx28GInlWf9LsWP8qBD1W9prHw
INFO: [ app_begin ] --START--
INFO: Run ReadHtmlCache Behavior [ RunTime:0.001074s ]
INFO: [ app_begin ] --END-- [ RunTime:0.001165s ]
NOTIC: [8] Constant UC_CLIENT_VERSION already defined D:\wwwroot\mainweb\sdk\api\UcApi\Lib\Action\IndexAction.class.php 第 4 行.
NOTIC: [8] Constant UC_CLIENT_RELEASE already defined D:\wwwroot\mainweb\sdk\api\UcApi\Lib\Action\IndexAction.class.php 第 5 行.
NOTIC: [2048] Only variables should be passed by reference D:\wwwroot\mainweb\sdk\api\UcApi\Lib\Action\IndexAction.class.php 第 63 行.
NOTIC: [8] Constant API_RETURN_FAILED already defined D:\wwwroot\mainweb\sdk\uc_client\model\note.php 第 16 行.
SQL: SHOW COLUMNS FROM `sdk_accounts` [ RunTime:0.002246s ]
SQL: SELECT * FROM `sdk_accounts` WHERE ( `account_id` = 2230 ) LIMIT 1   [ RunTime:0.000592s ]

