[ 2013-11-10T00:03:08+08:00 ] 192.168.201.71 /api/uc.php?time=1384012988&code=0c100HOwr7GZL6hRvv2vVurU237sRhDd4JC4aapRXVPB%2B0tE9bO4ODyEyLVn8nKdN4s70rkthaCOyaXFLTy2YN5JW7clAbgQBplAZWC7HW1cpGJ92Mko2MUQR1HHpn%2FbbQ%2FGOi909OMREEHLqDics65bN%2F5Suoc5DrviXGGw
INFO: [ app_begin ] --START--
INFO: Run ReadHtmlCache Behavior [ RunTime:0.001044s ]
INFO: [ app_begin ] --END-- [ RunTime:0.001139s ]
NOTIC: [8] Constant UC_CLIENT_VERSION already defined D:\wwwroot\mainweb\sdk\api\UcApi\Lib\Action\IndexAction.class.php 第 4 行.
NOTIC: [8] Constant UC_CLIENT_RELEASE already defined D:\wwwroot\mainweb\sdk\api\UcApi\Lib\Action\IndexAction.class.php 第 5 行.
NOTIC: [2048] Only variables should be passed by reference D:\wwwroot\mainweb\sdk\api\UcApi\Lib\Action\IndexAction.class.php 第 63 行.
NOTIC: [8] Constant API_RETURN_FAILED already defined D:\wwwroot\mainweb\sdk\uc_client\model\note.php 第 16 行.
SQL: SHOW COLUMNS FROM `sdk_accounts` [ RunTime:0.002234s ]
SQL: SELECT * FROM `sdk_accounts` WHERE ( `account_id` = 2130 ) LIMIT 1   [ RunTime:0.000568s ]

[ 2013-11-10T00:07:12+08:00 ] 192.168.132.100 /api/uc.php?time=1384013231&code=0bf9Pv6GxSHlo0dqryInusKmDBd%2B3hHfS%2BUeWe%2FvFISsOYPkyANz9rgF2zbOsPjmlcIKpplsK6rnb3QqLcO3xE5L9zUcGgoIi4pTXtuIV3yMJVzEPjluooxEb%2BnQMgM5HnFwzYquVm99I9eZGxTuKcogtSqk6Ze6h%2FGQsUF4t43T%2Fj7iTg
INFO: [ app_begin ] --START--
INFO: Run ReadHtmlCache Behavior [ RunTime:0.001202s ]
INFO: [ app_begin ] --END-- [ RunTime:0.001295s ]
NOTIC: [8] Constant UC_CLIENT_VERSION already defined D:\wwwroot\mainweb\sdk\api\UcApi\Lib\Action\IndexAction.class.php 第 4 行.
NOTIC: [8] Constant UC_CLIENT_RELEASE already defined D:\wwwroot\mainweb\sdk\api\UcApi\Lib\Action\IndexAction.class.php 第 5 行.
NOTIC: [2048] Only variables should be passed by reference D:\wwwroot\mainweb\sdk\api\UcApi\Lib\Action\IndexAction.class.php 第 63 行.
NOTIC: [8] Constant API_RETURN_FAILED already defined D:\wwwroot\mainweb\sdk\uc_client\model\note.php 第 16 行.
SQL: SHOW COLUMNS FROM `sdk_accounts` [ RunTime:0.002108s ]
SQL: SELECT * FROM `sdk_accounts` WHERE ( `account_id` = 454 ) LIMIT 1   [ RunTime:0.000494s ]

[ 2013-11-10T08:30:51+08:00 ] 192.168.200.218 /api/uc.php?time=1384043450&code=723aHU1EitEdUWHrEbJW5NeWp0Fyf2uPDivXfN5ZoYuntYMCh08UrQ47ULIU95aa6ZRuezzbaboXLHBdyfedKvtAB1d%2BCi7dw%2BWSjMtzQrTZiBd1rDkXQ%2BhYO0p045ldsqUY4%2FC79fFj8Zf80w3soI3v91XUAWJeneQsK%2Ft9nUyUdg
INFO: [ app_begin ] --START--
INFO: Run ReadHtmlCache Behavior [ RunTime:0.001118s ]
INFO: [ app_begin ] --END-- [ RunTime:0.001211s ]
NOTIC: [8] Constant UC_CLIENT_VERSION already defined D:\wwwroot\mainweb\sdk\api\UcApi\Lib\Action\IndexAction.class.php 第 4 行.
NOTIC: [8] Constant UC_CLIENT_RELEASE already defined D:\wwwroot\mainweb\sdk\api\UcApi\Lib\Action\IndexAction.class.php 第 5 行.
NOTIC: [2048] Only variables should be passed by reference D:\wwwroot\mainweb\sdk\api\UcApi\Lib\Action\IndexAction.class.php 第 63 行.
NOTIC: [8] Constant API_RETURN_FAILED already defined D:\wwwroot\mainweb\sdk\uc_client\model\note.php 第 16 行.
SQL: SHOW COLUMNS FROM `sdk_accounts` [ RunTime:0.002507s ]
SQL: SELECT * FROM `sdk_accounts` WHERE ( `account_id` = 1657 ) LIMIT 1   [ RunTime:0.000573s ]

[ 2013-11-10T09:03:21+08:00 ] 192.168.179.76 /api/uc.php?time=1384045400&code=56a047V51AiY%2F4787VY8ufGXr5cvH%2F7TGsZ%2Fk6%2BDUrMWU%2BwWbDW%2B%2BcNslHFFwMl2epenXu%2FIlOTjzD6iFxZ637P48F89zYeAxHFqtwMdIcakKidWZVHeb%2FprZ7hI01ydDxQ4S1LI%2F1QKiouCi%2BxlSlw%2BjCtS%2FtGeKL91Kg
INFO: [ app_begin ] --START--
INFO: Run ReadHtmlCache Behavior [ RunTime:0.001178s ]
INFO: [ app_begin ] --END-- [ RunTime:0.001268s ]
NOTIC: [8] Constant UC_CLIENT_VERSION already defined D:\wwwroot\mainweb\sdk\api\UcApi\Lib\Action\IndexAction.class.php 第 4 行.
NOTIC: [8] Constant UC_CLIENT_RELEASE already defined D:\wwwroot\mainweb\sdk\api\UcApi\Lib\Action\IndexAction.class.php 第 5 行.
NOTIC: [2048] Only variables should be passed by reference D:\wwwroot\mainweb\sdk\api\UcApi\Lib\Action\IndexAction.class.php 第 63 行.
NOTIC: [8] Constant API_RETURN_FAILED already defined D:\wwwroot\mainweb\sdk\uc_client\model\note.php 第 16 行.
SQL: SHOW COLUMNS FROM `sdk_accounts` [ RunTime:0.002622s ]
SQL: SELECT * FROM `sdk_accounts` WHERE ( `account_id` = 1054 ) LIMIT 1   [ RunTime:0.000679s ]

[ 2013-11-10T09:25:08+08:00 ] 192.168.186.143 /api/uc.php?time=1384046708&code=1501PHBMu6jW5Aaof7fsSJ%2Fq80j%2B%2BglQwy%2B8ZHD0ElLhmeuDBOdDEaBJxCQaik7L9xitO1gHKjL0zis%2FNUoVcFVdYpKb2iHG%2BXADLRG23CM68yg6rYjXFpEmWRh3QjIBoFVCI%2Bm1ckhddVYCrT%2BQnk4FSb9Q%2FtoVOrn2JH2GwRr%2FAQ
INFO: [ app_begin ] --START--
INFO: Run ReadHtmlCache Behavior [ RunTime:0.001090s ]
INFO: [ app_begin ] --END-- [ RunTime:0.001179s ]
NOTIC: [8] Constant UC_CLIENT_VERSION already defined D:\wwwroot\mainweb\sdk\api\UcApi\Lib\Action\IndexAction.class.php 第 4 行.
NOTIC: [8] Constant UC_CLIENT_RELEASE already defined D:\wwwroot\mainweb\sdk\api\UcApi\Lib\Action\IndexAction.class.php 第 5 行.
NOTIC: [2048] Only variables should be passed by reference D:\wwwroot\mainweb\sdk\api\UcApi\Lib\Action\IndexAction.class.php 第 63 行.
NOTIC: [8] Constant API_RETURN_FAILED already defined D:\wwwroot\mainweb\sdk\uc_client\model\note.php 第 16 行.
SQL: SHOW COLUMNS FROM `sdk_accounts` [ RunTime:0.002042s ]
SQL: SELECT * FROM `sdk_accounts` WHERE ( `account_id` = 1471 ) LIMIT 1   [ RunTime:0.000383s ]

[ 2013-11-10T10:18:34+08:00 ] 192.168.138.134 /api/uc.php?time=1384049913&code=b0297j7RtFT6kJHK3F7OcDmB3lAgJAusZVbYRDw43wATlAe9Ew0P8K3XRXrEWdQRiVa9v2%2FCRApx3PsJzCwITFBgX1j%2BTdqcrzEir7%2FRIdrD%2BrjU%2BQqttypCya%2BEcmkLvqJkmIGKBw%2BxuM2TVAQrNPSi9bGezUpJHBPjyTJT
INFO: [ app_begin ] --START--
INFO: Run ReadHtmlCache Behavior [ RunTime:0.001101s ]
INFO: [ app_begin ] --END-- [ RunTime:0.001195s ]
NOTIC: [8] Constant UC_CLIENT_VERSION already defined D:\wwwroot\mainweb\sdk\api\UcApi\Lib\Action\IndexAction.class.php 第 4 行.
NOTIC: [8] Constant UC_CLIENT_RELEASE already defined D:\wwwroot\mainweb\sdk\api\UcApi\Lib\Action\IndexAction.class.php 第 5 行.
NOTIC: [2048] Only variables should be passed by reference D:\wwwroot\mainweb\sdk\api\UcApi\Lib\Action\IndexAction.class.php 第 63 行.
NOTIC: [8] Constant API_RETURN_FAILED already defined D:\wwwroot\mainweb\sdk\uc_client\model\note.php 第 16 行.
SQL: SHOW COLUMNS FROM `sdk_accounts` [ RunTime:0.002206s ]
SQL: SELECT * FROM `sdk_accounts` WHERE ( `account_id` = 1942 ) LIMIT 1   [ RunTime:0.000547s ]

[ 2013-11-10T10:45:09+08:00 ] 192.168.187.145 /api/uc.php?time=1384051509&code=cc10gftwI8CCDG1wLLWfrj%2BsuUN9mSQ4FFAhFT90WNjnysJxVIS097HWw4WxormJKODxnv0WSZuRg%2FpjpZL%2FB2abbjwhRtDIDbsrOAXfL8pBC1uUtZWSxkF%2F6g7%2F9VlpSbOHe1FMVV0wsWKruKnSOTZzop80qYpEIGDfOveW0AcfcMiVUQ
INFO: [ app_begin ] --START--
INFO: Run ReadHtmlCache Behavior [ RunTime:0.001038s ]
INFO: [ app_begin ] --END-- [ RunTime:0.001130s ]
NOTIC: [8] Constant UC_CLIENT_VERSION already defined D:\wwwroot\mainweb\sdk\api\UcApi\Lib\Action\IndexAction.class.php 第 4 行.
NOTIC: [8] Constant UC_CLIENT_RELEASE already defined D:\wwwroot\mainweb\sdk\api\UcApi\Lib\Action\IndexAction.class.php 第 5 行.
NOTIC: [2048] Only variables should be passed by reference D:\wwwroot\mainweb\sdk\api\UcApi\Lib\Action\IndexAction.class.php 第 63 行.
NOTIC: [8] Constant API_RETURN_FAILED already defined D:\wwwroot\mainweb\sdk\uc_client\model\note.php 第 16 行.
SQL: SHOW COLUMNS FROM `sdk_accounts` [ RunTime:0.002329s ]
SQL: SELECT * FROM `sdk_accounts` WHERE ( `account_id` = 2451 ) LIMIT 1   [ RunTime:0.000603s ]

[ 2013-11-10T10:45:38+08:00 ] 192.168.136.158 /api/uc.php?time=1384051538&code=42d4%2B%2FnQWbnwlRgIXTqDCD1Z4oLHDbU%2BU2SaswLUoJHn%2F%2B2XAD5R1JH3seaR3NcHfmanqnGU2zMGegOt0yFtuxj0G5JlvYgYuJu4KGlJV5NQIVkj7OUPI34RjPHKJCP4s6b0FNBS32HpMTASpUkMbKOxXtQZgotOc%2Fa2%2BT4TSd0hcw
INFO: [ app_begin ] --START--
INFO: Run ReadHtmlCache Behavior [ RunTime:0.001042s ]
INFO: [ app_begin ] --END-- [ RunTime:0.001189s ]
NOTIC: [8] Constant UC_CLIENT_VERSION already defined D:\wwwroot\mainweb\sdk\api\UcApi\Lib\Action\IndexAction.class.php 第 4 行.
NOTIC: [8] Constant UC_CLIENT_RELEASE already defined D:\wwwroot\mainweb\sdk\api\UcApi\Lib\Action\IndexAction.class.php 第 5 行.
NOTIC: [2048] Only variables should be passed by reference D:\wwwroot\mainweb\sdk\api\UcApi\Lib\Action\IndexAction.class.php 第 63 行.
NOTIC: [8] Constant API_RETURN_FAILED already defined D:\wwwroot\mainweb\sdk\uc_client\model\note.php 第 16 行.
SQL: SHOW COLUMNS FROM `sdk_accounts` [ RunTime:0.001994s ]
SQL: SELECT * FROM `sdk_accounts` WHERE ( `account_id` = 1560 ) LIMIT 1   [ RunTime:0.000572s ]

[ 2013-11-10T11:33:26+08:00 ] 192.168.160.155 /api/uc.php?time=1384054405&code=f8c9uObcGZ9fD%2BHJuEcQwesAa84RNvY9ljoC49RlINVE%2BUJ8pa2PZsDYofmOsJ2obT39htyn0JypleC661vk7MdtzT2tt13U2HAFNFcza2lJthprBt%2FW5RCV5cC9HF5BmllyyONuswHNWytVorzVCr9IDkv4uO8JSCpDiWFITjE
INFO: [ app_begin ] --START--
INFO: Run ReadHtmlCache Behavior [ RunTime:0.001113s ]
INFO: [ app_begin ] --END-- [ RunTime:0.001204s ]
NOTIC: [8] Constant UC_CLIENT_VERSION already defined D:\wwwroot\mainweb\sdk\api\UcApi\Lib\Action\IndexAction.class.php 第 4 行.
NOTIC: [8] Constant UC_CLIENT_RELEASE already defined D:\wwwroot\mainweb\sdk\api\UcApi\Lib\Action\IndexAction.class.php 第 5 行.
NOTIC: [2048] Only variables should be passed by reference D:\wwwroot\mainweb\sdk\api\UcApi\Lib\Action\IndexAction.class.php 第 63 行.
NOTIC: [8] Constant API_RETURN_FAILED already defined D:\wwwroot\mainweb\sdk\uc_client\model\note.php 第 16 行.
SQL: SHOW COLUMNS FROM `sdk_accounts` [ RunTime:0.018246s ]
SQL: SELECT * FROM `sdk_accounts` WHERE ( `account_id` = 1249 ) LIMIT 1   [ RunTime:0.000568s ]

[ 2013-11-10T12:34:07+08:00 ] 192.168.158.236 /api/uc.php?time=1384058047&code=073bBmi9u%2FgNbge7snvsa4URJHW9ablel0gNOViX%2BnAJudF9jTYqHP3uKSydLGUpWbGNpLHAIk7J%2FHOnfOZCA4FyxNRDLbA%2BNYsRrSbw59YZ5LqPT2auh5pJP7RMGtLC7R3DA8ndFmIJNtWlRIF1WRH4WgPGJ0CfiI5XTXJ%2F
INFO: [ app_begin ] --START--
INFO: Run ReadHtmlCache Behavior [ RunTime:0.001174s ]
INFO: [ app_begin ] --END-- [ RunTime:0.001267s ]
NOTIC: [8] Constant UC_CLIENT_VERSION already defined D:\wwwroot\mainweb\sdk\api\UcApi\Lib\Action\IndexAction.class.php 第 4 行.
NOTIC: [8] Constant UC_CLIENT_RELEASE already defined D:\wwwroot\mainweb\sdk\api\UcApi\Lib\Action\IndexAction.class.php 第 5 行.
NOTIC: [2048] Only variables should be passed by reference D:\wwwroot\mainweb\sdk\api\UcApi\Lib\Action\IndexAction.class.php 第 63 行.
NOTIC: [8] Constant API_RETURN_FAILED already defined D:\wwwroot\mainweb\sdk\uc_client\model\note.php 第 16 行.
SQL: SHOW COLUMNS FROM `sdk_accounts` [ RunTime:0.002359s ]
SQL: SELECT * FROM `sdk_accounts` WHERE ( `account_id` = 736 ) LIMIT 1   [ RunTime:0.000393s ]

[ 2013-11-10T12:42:18+08:00 ] 192.168.171.72 /api/uc.php?time=1384058538&code=8641Js2dixgtWSQhNbSjsFE4%2BJnaAwzYVW%2B06K3kdXN0eScLxRpktxdgk%2FdtYiEqWAF57V4XccEE37DN5GFbZGxxWTNGLVKPkpox9xUwsCfezKYrtMFjYLEmra0MAwrXpmtqDuFAbbMcdlPfOHc%2BQ8V3ezWzw%2FKSF9Heeg
INFO: [ app_begin ] --START--
INFO: Run ReadHtmlCache Behavior [ RunTime:0.001599s ]
INFO: [ app_begin ] --END-- [ RunTime:0.001691s ]
NOTIC: [8] Constant UC_CLIENT_VERSION already defined D:\wwwroot\mainweb\sdk\api\UcApi\Lib\Action\IndexAction.class.php 第 4 行.
NOTIC: [8] Constant UC_CLIENT_RELEASE already defined D:\wwwroot\mainweb\sdk\api\UcApi\Lib\Action\IndexAction.class.php 第 5 行.
NOTIC: [2048] Only variables should be passed by reference D:\wwwroot\mainweb\sdk\api\UcApi\Lib\Action\IndexAction.class.php 第 63 行.
NOTIC: [8] Constant API_RETURN_FAILED already defined D:\wwwroot\mainweb\sdk\uc_client\model\note.php 第 16 行.
SQL: SHOW COLUMNS FROM `sdk_accounts` [ RunTime:0.002222s ]
SQL: SELECT * FROM `sdk_accounts` WHERE ( `account_id` = 2496 ) LIMIT 1   [ RunTime:0.000527s ]

[ 2013-11-10T13:01:45+08:00 ] 192.168.182.116 /api/uc.php?time=1384059704&code=8394vC3t74VEmzn8CA76rnjw7cOyCiYOZWRQ6oRZxaJ9jjUd2oIOkf%2FL6B39pu0Vy4PcjypaMJydNlf0tf9B9JVAKkJPuuKQFeWsJZUDCxjW3IM%2FGWBJumPpSa5jnxDjrS%2FXWaugFVvcLyzFipTXO90n7GQ0xozMPzX3HD5nxm5v
INFO: [ app_begin ] --START--
INFO: Run ReadHtmlCache Behavior [ RunTime:0.001057s ]
INFO: [ app_begin ] --END-- [ RunTime:0.001149s ]
NOTIC: [8] Constant UC_CLIENT_VERSION already defined D:\wwwroot\mainweb\sdk\api\UcApi\Lib\Action\IndexAction.class.php 第 4 行.
NOTIC: [8] Constant UC_CLIENT_RELEASE already defined D:\wwwroot\mainweb\sdk\api\UcApi\Lib\Action\IndexAction.class.php 第 5 行.
NOTIC: [2048] Only variables should be passed by reference D:\wwwroot\mainweb\sdk\api\UcApi\Lib\Action\IndexAction.class.php 第 63 行.
NOTIC: [8] Constant API_RETURN_FAILED already defined D:\wwwroot\mainweb\sdk\uc_client\model\note.php 第 16 行.
SQL: SHOW COLUMNS FROM `sdk_accounts` [ RunTime:0.002396s ]
SQL: SELECT * FROM `sdk_accounts` WHERE ( `account_id` = 2573 ) LIMIT 1   [ RunTime:0.000603s ]
SQL: INSERT INTO `sdk_accounts` (`account_id`,`user_name`,`email`,`password`,`reg_time`) VALUES (2573,'91kdsljf','819270370@qq.com','8176991e95b8c284984b0a5b2a33c3dcb804abeb',1384059705) [ RunTime:0.005095s ]

[ 2013-11-10T13:02:14+08:00 ] 192.168.182.116 /api/uc.php?time=1384059734&code=5bb4DSg5zVyIVEskTJPnrigs28DvKk3v7E873L9JWX3PBGcLTBd%2FDup4926Qsehw%2BXY3iUrLKf6c5dKEqaL4XZjQkXr4meQ23Q1FqV2WO24825cnGQTW7X6QGJoflqJ2kbvuAg%2Bc28xClY4AcfhaXSp280VIGBH%2F5kqnZwRN1DBf
INFO: [ app_begin ] --START--
INFO: Run ReadHtmlCache Behavior [ RunTime:0.000920s ]
INFO: [ app_begin ] --END-- [ RunTime:0.001011s ]
NOTIC: [8] Constant UC_CLIENT_VERSION already defined D:\wwwroot\mainweb\sdk\api\UcApi\Lib\Action\IndexAction.class.php 第 4 行.
NOTIC: [8] Constant UC_CLIENT_RELEASE already defined D:\wwwroot\mainweb\sdk\api\UcApi\Lib\Action\IndexAction.class.php 第 5 行.
NOTIC: [2048] Only variables should be passed by reference D:\wwwroot\mainweb\sdk\api\UcApi\Lib\Action\IndexAction.class.php 第 63 行.
NOTIC: [8] Constant API_RETURN_FAILED already defined D:\wwwroot\mainweb\sdk\uc_client\model\note.php 第 16 行.
SQL: SHOW COLUMNS FROM `sdk_accounts` [ RunTime:0.002269s ]
SQL: SELECT * FROM `sdk_accounts` WHERE ( `account_id` = 2573 ) LIMIT 1   [ RunTime:0.000579s ]

[ 2013-11-10T13:40:34+08:00 ] 192.168.205.24 /api/uc.php?time=1384062034&code=a76bKH4AKim8SFlRyRTgguPipgqoyGIeV%2Big0EgBJONNJjFUNy7YjLNZb5u0ZnXxJjjdcidfcPpi%2FHREKvijBfP1xCurDPmAlBleaDUAGSyjdM7CYMNQ6RYX3YyxJrZGCu1KzY0Re7qck9xJVjO%2Fh2ym27HjOyUPuqk%2BWElxZfCJYlXAoqH8Mxcf
INFO: [ app_begin ] --START--
INFO: Run ReadHtmlCache Behavior [ RunTime:0.001038s ]
INFO: [ app_begin ] --END-- [ RunTime:0.001128s ]
NOTIC: [8] Constant UC_CLIENT_VERSION already defined D:\wwwroot\mainweb\sdk\api\UcApi\Lib\Action\IndexAction.class.php 第 4 行.
NOTIC: [8] Constant UC_CLIENT_RELEASE already defined D:\wwwroot\mainweb\sdk\api\UcApi\Lib\Action\IndexAction.class.php 第 5 行.
NOTIC: [2048] Only variables should be passed by reference D:\wwwroot\mainweb\sdk\api\UcApi\Lib\Action\IndexAction.class.php 第 63 行.
NOTIC: [8] Constant API_RETURN_FAILED already defined D:\wwwroot\mainweb\sdk\uc_client\model\note.php 第 16 行.
SQL: SHOW COLUMNS FROM `sdk_accounts` [ RunTime:0.002008s ]
SQL: SELECT * FROM `sdk_accounts` WHERE ( `account_id` = 475 ) LIMIT 1   [ RunTime:0.000465s ]

[ 2013-11-10T15:10:21+08:00 ] 192.168.140.212 /api/uc.php?time=1384067421&code=06c9tI%2B6Go2f6lbo%2BquPDDKiHUFoX%2FpPAhckVQ7Rnd0jrpGPB8mMVttx9UauCV50WBUHA6O79AYnd4kjciJzTQc9%2BLkDxEahppr7VTCdLHFf0w95j4SGWFYEhQuFNsp9dop%2FfP4VUbNcSglbaxbnsrrb2gpm6b07antLGzA
INFO: [ app_begin ] --START--
INFO: Run ReadHtmlCache Behavior [ RunTime:0.001078s ]
INFO: [ app_begin ] --END-- [ RunTime:0.001171s ]
NOTIC: [8] Constant UC_CLIENT_VERSION already defined D:\wwwroot\mainweb\sdk\api\UcApi\Lib\Action\IndexAction.class.php 第 4 行.
NOTIC: [8] Constant UC_CLIENT_RELEASE already defined D:\wwwroot\mainweb\sdk\api\UcApi\Lib\Action\IndexAction.class.php 第 5 行.
NOTIC: [2048] Only variables should be passed by reference D:\wwwroot\mainweb\sdk\api\UcApi\Lib\Action\IndexAction.class.php 第 63 行.
NOTIC: [8] Constant API_RETURN_FAILED already defined D:\wwwroot\mainweb\sdk\uc_client\model\note.php 第 16 行.
SQL: SHOW COLUMNS FROM `sdk_accounts` [ RunTime:0.002243s ]
SQL: SELECT * FROM `sdk_accounts` WHERE ( `account_id` = 680 ) LIMIT 1   [ RunTime:0.000544s ]

[ 2013-11-10T15:20:03+08:00 ] 192.168.200.195 /api/uc.php?time=1384068002&code=5d2bMRQWfs%2BMXPGJSYC7Nzv4Z69ZMJutLDfdp7xFo4BU%2FtodTwIRTJVblcpxcKYk3ZwZRR3CUJCEJxonF2wRTSrZbz48dB1lk3eCxyDUYrzquTJzWZJyDHZw2%2BEQh1BnFruAyJuvgMaqn1PSHKuY12y67WmNMA49Ru4tzLn2Bpk
INFO: [ app_begin ] --START--
INFO: Run ReadHtmlCache Behavior [ RunTime:0.001285s ]
INFO: [ app_begin ] --END-- [ RunTime:0.001380s ]
NOTIC: [8] Constant UC_CLIENT_VERSION already defined D:\wwwroot\mainweb\sdk\api\UcApi\Lib\Action\IndexAction.class.php 第 4 行.
NOTIC: [8] Constant UC_CLIENT_RELEASE already defined D:\wwwroot\mainweb\sdk\api\UcApi\Lib\Action\IndexAction.class.php 第 5 行.
NOTIC: [2048] Only variables should be passed by reference D:\wwwroot\mainweb\sdk\api\UcApi\Lib\Action\IndexAction.class.php 第 63 行.
NOTIC: [8] Constant API_RETURN_FAILED already defined D:\wwwroot\mainweb\sdk\uc_client\model\note.php 第 16 行.
SQL: SHOW COLUMNS FROM `sdk_accounts` [ RunTime:0.002298s ]
SQL: SELECT * FROM `sdk_accounts` WHERE ( `account_id` = 1797 ) LIMIT 1   [ RunTime:0.000490s ]

[ 2013-11-10T15:43:11+08:00 ] 113.66.204.148 /api/uc.php?time=1384069390&code=d95dQE%2BSkN%2FsnoAetHkoAfD8mcw74h%2BTt%2B%2BaNW9WXQwwOlYAMwUEmdRpCjPZ84vxUZ934sqrZs8H1nzsi0ZqTzFy9D9CMjysu3ldPpdzqdA1h58KsBzAeTP7imw0rnr3ShazHpi5Yv%2FSgLscDycboFFgrMGZYcYS1sTQSy9y7XRjnw
INFO: [ app_begin ] --START--
INFO: Run ReadHtmlCache Behavior [ RunTime:0.001035s ]
INFO: [ app_begin ] --END-- [ RunTime:0.001123s ]
NOTIC: [8] Constant UC_CLIENT_VERSION already defined D:\wwwroot\mainweb\sdk\api\UcApi\Lib\Action\IndexAction.class.php 第 4 行.
NOTIC: [8] Constant UC_CLIENT_RELEASE already defined D:\wwwroot\mainweb\sdk\api\UcApi\Lib\Action\IndexAction.class.php 第 5 行.
NOTIC: [2048] Only variables should be passed by reference D:\wwwroot\mainweb\sdk\api\UcApi\Lib\Action\IndexAction.class.php 第 63 行.
NOTIC: [8] Constant API_RETURN_FAILED already defined D:\wwwroot\mainweb\sdk\uc_client\model\note.php 第 16 行.
SQL: SHOW COLUMNS FROM `sdk_accounts` [ RunTime:0.001818s ]
SQL: SELECT * FROM `sdk_accounts` WHERE ( `account_id` = 1780 ) LIMIT 1   [ RunTime:0.000261s ]

[ 2013-11-10T16:59:47+08:00 ] 192.168.184.227 /api/uc.php?time=1384073986&code=c353Up9329frZnKmxgGtAT3f6TAnNlnjcgpO914FMk2mqC1UbaosFtxmeY2gT7kK3KV0Pa5Ignvx%2F6W9l899Sev8mEu5nphg1szebKqQ98yUEEhGrcFK43mjrdNfUR1l0g91jbwHOyqrms%2FFBaofo8aRU4uaXlHBtXO2NSe8yohGgA
INFO: [ app_begin ] --START--
INFO: Run ReadHtmlCache Behavior [ RunTime:0.001065s ]
INFO: [ app_begin ] --END-- [ RunTime:0.001156s ]
NOTIC: [8] Constant UC_CLIENT_VERSION already defined D:\wwwroot\mainweb\sdk\api\UcApi\Lib\Action\IndexAction.class.php 第 4 行.
NOTIC: [8] Constant UC_CLIENT_RELEASE already defined D:\wwwroot\mainweb\sdk\api\UcApi\Lib\Action\IndexAction.class.php 第 5 行.
NOTIC: [2048] Only variables should be passed by reference D:\wwwroot\mainweb\sdk\api\UcApi\Lib\Action\IndexAction.class.php 第 63 行.
NOTIC: [8] Constant API_RETURN_FAILED already defined D:\wwwroot\mainweb\sdk\uc_client\model\note.php 第 16 行.
SQL: SHOW COLUMNS FROM `sdk_accounts` [ RunTime:0.002128s ]
SQL: SELECT * FROM `sdk_accounts` WHERE ( `account_id` = 2532 ) LIMIT 1   [ RunTime:0.000572s ]

[ 2013-11-10T17:52:59+08:00 ] 192.168.160.196 /api/uc.php?time=1384077179&code=0c59l%2FVPdYtwG%2BkG0QJPKBmN9XNeyuRGpygMpp1YLM3a9sxfywj6h6AqkKK%2F6hH8H9VGq%2BQhhVVcsb6BZ%2ByXZBGDcJc5qKRG1JxsmRbEvp%2BeInYmHY4NzZfGJOkoDeVdAIwCHkA1YUO%2BTaK%2FBc%2FvePw%2B6LIiyP6eSkcrKtnAEBYyzA0e
INFO: [ app_begin ] --START--
INFO: Run ReadHtmlCache Behavior [ RunTime:0.000746s ]
INFO: [ app_begin ] --END-- [ RunTime:0.000840s ]
NOTIC: [8] Constant UC_CLIENT_VERSION already defined D:\wwwroot\mainweb\sdk\api\UcApi\Lib\Action\IndexAction.class.php 第 4 行.
NOTIC: [8] Constant UC_CLIENT_RELEASE already defined D:\wwwroot\mainweb\sdk\api\UcApi\Lib\Action\IndexAction.class.php 第 5 行.
NOTIC: [2048] Only variables should be passed by reference D:\wwwroot\mainweb\sdk\api\UcApi\Lib\Action\IndexAction.class.php 第 63 行.
NOTIC: [8] Constant API_RETURN_FAILED already defined D:\wwwroot\mainweb\sdk\uc_client\model\note.php 第 16 行.
SQL: SHOW COLUMNS FROM `sdk_accounts` [ RunTime:0.002193s ]
SQL: SELECT * FROM `sdk_accounts` WHERE ( `account_id` = 2251 ) LIMIT 1   [ RunTime:0.000444s ]

[ 2013-11-10T17:53:19+08:00 ] 192.168.160.196 /api/uc.php?time=1384077199&code=c0caGih6s4dAekQxedagXbfSlTRwGKWwemYkWEtDGJrk4weqEdlS0aKUB4nhfGRUByYwBcIoVfUi6stwog
INFO: [ app_begin ] --START--
INFO: Run ReadHtmlCache Behavior [ RunTime:0.000940s ]
INFO: [ app_begin ] --END-- [ RunTime:0.001039s ]
NOTIC: [8] Constant UC_CLIENT_VERSION already defined D:\wwwroot\mainweb\sdk\api\UcApi\Lib\Action\IndexAction.class.php 第 4 行.
NOTIC: [8] Constant UC_CLIENT_RELEASE already defined D:\wwwroot\mainweb\sdk\api\UcApi\Lib\Action\IndexAction.class.php 第 5 行.
NOTIC: [2048] Only variables should be passed by reference D:\wwwroot\mainweb\sdk\api\UcApi\Lib\Action\IndexAction.class.php 第 63 行.

[ 2013-11-10T18:05:55+08:00 ] 192.168.201.27 /api/uc.php?time=1384077955&code=9266ogGCBHAiPMCfsxuGhEooLs5dOu%2FZi1gHFZe3Zfd4OGDNyeWs0NJZ%2FQcGF4oIfXFQ4FDVHP8nzcOh8TlCmarcrPuWzXNK7Go%2BqtBImiKAtpPn4MX2%2FWZLpUZiPMRkA5BG2p66288%2FZNbPfeXb5mzL9TspZSZySv67xr6G%2FcwfxQ
INFO: [ app_begin ] --START--
INFO: Run ReadHtmlCache Behavior [ RunTime:0.000726s ]
INFO: [ app_begin ] --END-- [ RunTime:0.000816s ]
NOTIC: [8] Constant UC_CLIENT_VERSION already defined D:\wwwroot\mainweb\sdk\api\UcApi\Lib\Action\IndexAction.class.php 第 4 行.
NOTIC: [8] Constant UC_CLIENT_RELEASE already defined D:\wwwroot\mainweb\sdk\api\UcApi\Lib\Action\IndexAction.class.php 第 5 行.
NOTIC: [2048] Only variables should be passed by reference D:\wwwroot\mainweb\sdk\api\UcApi\Lib\Action\IndexAction.class.php 第 63 行.
NOTIC: [8] Constant API_RETURN_FAILED already defined D:\wwwroot\mainweb\sdk\uc_client\model\note.php 第 16 行.
SQL: SHOW COLUMNS FROM `sdk_accounts` [ RunTime:0.047793s ]
SQL: SELECT * FROM `sdk_accounts` WHERE ( `account_id` = 2352 ) LIMIT 1   [ RunTime:0.000699s ]

[ 2013-11-10T18:43:48+08:00 ] 192.168.178.231 /api/uc.php?time=1384080228&code=95e5rmmMuBAw%2F3zKFgOIz2r5dRWKOWyzyuQ6GCzKVjctgH6PqcsyJlHMK%2FalAjqpZF7kMrG4VQ6GpiC08SGWhBFIZ8NUubn4FTIlllapvHkVOK63GG6OyK8RQXma2rz7qe6qa4nclZ13t4EBUG2jKeX2hy5reOIMcN442GS7HAL%2FaHUnvwieLw
INFO: [ app_begin ] --START--
INFO: Run ReadHtmlCache Behavior [ RunTime:0.001053s ]
INFO: [ app_begin ] --END-- [ RunTime:0.001143s ]
NOTIC: [8] Constant UC_CLIENT_VERSION already defined D:\wwwroot\mainweb\sdk\api\UcApi\Lib\Action\IndexAction.class.php 第 4 行.
NOTIC: [8] Constant UC_CLIENT_RELEASE already defined D:\wwwroot\mainweb\sdk\api\UcApi\Lib\Action\IndexAction.class.php 第 5 行.
NOTIC: [2048] Only variables should be passed by reference D:\wwwroot\mainweb\sdk\api\UcApi\Lib\Action\IndexAction.class.php 第 63 行.
NOTIC: [8] Constant API_RETURN_FAILED already defined D:\wwwroot\mainweb\sdk\uc_client\model\note.php 第 16 行.
SQL: SHOW COLUMNS FROM `sdk_accounts` [ RunTime:0.002175s ]
SQL: SELECT * FROM `sdk_accounts` WHERE ( `account_id` = 1900 ) LIMIT 1   [ RunTime:0.000443s ]

[ 2013-11-10T19:42:53+08:00 ] 192.168.132.83 /api/uc.php?time=1384083773&code=ca54WTbEHBKvlIUn29hJ1SpKQWBaSpCWHsJiGfmp3%2BJK9Ee0kVGHz2E91l%2FEj8qhR1ydD%2Fpcis%2Fn9tfJflcjZ%2BepaYcw90EzDjspYQfzAWABEP2BuzkDo52wZT%2BkreMS6SRtQJgogUh63bsKC%2BWhrdrdA9oLxpGlnKtYGywIhpdOIz1Hyg
INFO: [ app_begin ] --START--
INFO: Run ReadHtmlCache Behavior [ RunTime:0.000917s ]
INFO: [ app_begin ] --END-- [ RunTime:0.001006s ]
NOTIC: [8] Constant UC_CLIENT_VERSION already defined D:\wwwroot\mainweb\sdk\api\UcApi\Lib\Action\IndexAction.class.php 第 4 行.
NOTIC: [8] Constant UC_CLIENT_RELEASE already defined D:\wwwroot\mainweb\sdk\api\UcApi\Lib\Action\IndexAction.class.php 第 5 行.
NOTIC: [2048] Only variables should be passed by reference D:\wwwroot\mainweb\sdk\api\UcApi\Lib\Action\IndexAction.class.php 第 63 行.
NOTIC: [8] Constant API_RETURN_FAILED already defined D:\wwwroot\mainweb\sdk\uc_client\model\note.php 第 16 行.
SQL: SHOW COLUMNS FROM `sdk_accounts` [ RunTime:0.002208s ]
SQL: SELECT * FROM `sdk_accounts` WHERE ( `account_id` = 2537 ) LIMIT 1   [ RunTime:0.000555s ]

[ 2013-11-10T20:03:43+08:00 ] 172.16.96.129 /api/uc.php?time=1384085023&code=31e8ckkK7jF7RIEl7qSqUQzaGxY1vG4Q8rh1RCaABvSWzvgawf0mj3wsKBJrSL%2FRjD2Jh3CrqF7Q0b4BrHKQpyQ2XCMJixgrNmGVltODPMFzgjf05S5f3mE2xllf8GFZZooM7d4JydrHqfa9BJ7FXWE5DTgq0jMjUYGa%2FVvCzQ6U
INFO: [ app_begin ] --START--
INFO: Run ReadHtmlCache Behavior [ RunTime:0.000919s ]
INFO: [ app_begin ] --END-- [ RunTime:0.001010s ]
NOTIC: [8] Constant UC_CLIENT_VERSION already defined D:\wwwroot\mainweb\sdk\api\UcApi\Lib\Action\IndexAction.class.php 第 4 行.
NOTIC: [8] Constant UC_CLIENT_RELEASE already defined D:\wwwroot\mainweb\sdk\api\UcApi\Lib\Action\IndexAction.class.php 第 5 行.
NOTIC: [2048] Only variables should be passed by reference D:\wwwroot\mainweb\sdk\api\UcApi\Lib\Action\IndexAction.class.php 第 63 行.
NOTIC: [8] Constant API_RETURN_FAILED already defined D:\wwwroot\mainweb\sdk\uc_client\model\note.php 第 16 行.
SQL: SHOW COLUMNS FROM `sdk_accounts` [ RunTime:0.002159s ]
SQL: SELECT * FROM `sdk_accounts` WHERE ( `account_id` = 470 ) LIMIT 1   [ RunTime:0.000533s ]

[ 2013-11-10T20:08:55+08:00 ] 172.16.96.129 /api/uc.php?time=1384085335&code=1a8c6u4932wCg3vwgZ7dxGEY7zjODJRbQFXhdFOv%2Bu97sNf8x53Yk3%2BQODw4dry2LOXlkyXZtKNnOu2NFQ
INFO: [ app_begin ] --START--
INFO: Run ReadHtmlCache Behavior [ RunTime:0.000925s ]
INFO: [ app_begin ] --END-- [ RunTime:0.001014s ]
NOTIC: [8] Constant UC_CLIENT_VERSION already defined D:\wwwroot\mainweb\sdk\api\UcApi\Lib\Action\IndexAction.class.php 第 4 行.
NOTIC: [8] Constant UC_CLIENT_RELEASE already defined D:\wwwroot\mainweb\sdk\api\UcApi\Lib\Action\IndexAction.class.php 第 5 行.
NOTIC: [2048] Only variables should be passed by reference D:\wwwroot\mainweb\sdk\api\UcApi\Lib\Action\IndexAction.class.php 第 63 行.

[ 2013-11-10T21:15:47+08:00 ] 192.168.150.27 /api/uc.php?time=1384089347&code=aab5xkLbE9a3f9TAfm9K99W7DFf2oSH%2B39obSOiWiG9jetgaHGc2eXLEI9OEtpzs281aHkYC8d5Jie4S%2BScj4IUnCUq8CxtACohT9QruW4pbpa2jrfokJ%2FQ7TNqif3itHEBURDlYxb0gC4F0B64jaaSGWIYMywjKuNiv7GVUJz2G3x%2BxtIVSUA
INFO: [ app_begin ] --START--
INFO: Run ReadHtmlCache Behavior [ RunTime:0.001543s ]
INFO: [ app_begin ] --END-- [ RunTime:0.001655s ]
NOTIC: [8] Constant UC_CLIENT_VERSION already defined D:\wwwroot\mainweb\sdk\api\UcApi\Lib\Action\IndexAction.class.php 第 4 行.
NOTIC: [8] Constant UC_CLIENT_RELEASE already defined D:\wwwroot\mainweb\sdk\api\UcApi\Lib\Action\IndexAction.class.php 第 5 行.
NOTIC: [2048] Only variables should be passed by reference D:\wwwroot\mainweb\sdk\api\UcApi\Lib\Action\IndexAction.class.php 第 63 行.
NOTIC: [8] Constant API_RETURN_FAILED already defined D:\wwwroot\mainweb\sdk\uc_client\model\note.php 第 16 行.
SQL: SHOW COLUMNS FROM `sdk_accounts` [ RunTime:0.002235s ]
SQL: SELECT * FROM `sdk_accounts` WHERE ( `account_id` = 1940 ) LIMIT 1   [ RunTime:0.000511s ]

[ 2013-11-10T21:44:41+08:00 ] 192.168.163.201 /api/uc.php?time=1384091080&code=ad47huBUcQ6%2BjcUxIv4TxEI9zrRj7hWCC6m7jpfcpknh8CTPwiSs9E0f9yJfX10PTzR3ArDTsbcX2%2Bf5Imp7BzOQcXR3StR5Cml2YuM2RZSQfdu4FwGmIR6uvrQu24Olg7fxnLJnHXsCDjLtDFcAnh6t8u0XEEuEItlTmYhch9bu
INFO: [ app_begin ] --START--
INFO: Run ReadHtmlCache Behavior [ RunTime:0.000588s ]
INFO: [ app_begin ] --END-- [ RunTime:0.000682s ]
NOTIC: [8] Constant UC_CLIENT_VERSION already defined D:\wwwroot\mainweb\sdk\api\UcApi\Lib\Action\IndexAction.class.php 第 4 行.
NOTIC: [8] Constant UC_CLIENT_RELEASE already defined D:\wwwroot\mainweb\sdk\api\UcApi\Lib\Action\IndexAction.class.php 第 5 行.
NOTIC: [2048] Only variables should be passed by reference D:\wwwroot\mainweb\sdk\api\UcApi\Lib\Action\IndexAction.class.php 第 63 行.
NOTIC: [8] Constant API_RETURN_FAILED already defined D:\wwwroot\mainweb\sdk\uc_client\model\note.php 第 16 行.
SQL: SHOW COLUMNS FROM `sdk_accounts` [ RunTime:0.002076s ]
SQL: SELECT * FROM `sdk_accounts` WHERE ( `account_id` = 423 ) LIMIT 1   [ RunTime:0.000562s ]

[ 2013-11-10T22:00:48+08:00 ] 192.168.142.227 /api/uc.php?time=1384092048&code=cb10Y9HGMi3DVqjzHgZdnV3G2US8vQ1ffi%2BT1%2BwTNoQ1%2FDjb5om8J6ybXUOAOpdpBPQ9UOY9n6w5FNOILbpMO6xZcptlLJrydhjwtZVCh%2FmWbBQosboABN%2BJQLYib5PdcjmMTzIObD2soFXW7WzTVssqygqP%2BeYnyQvmLSHBaOSyLA
INFO: [ app_begin ] --START--
INFO: Run ReadHtmlCache Behavior [ RunTime:0.000928s ]
INFO: [ app_begin ] --END-- [ RunTime:0.001018s ]
NOTIC: [8] Constant UC_CLIENT_VERSION already defined D:\wwwroot\mainweb\sdk\api\UcApi\Lib\Action\IndexAction.class.php 第 4 行.
NOTIC: [8] Constant UC_CLIENT_RELEASE already defined D:\wwwroot\mainweb\sdk\api\UcApi\Lib\Action\IndexAction.class.php 第 5 行.
NOTIC: [2048] Only variables should be passed by reference D:\wwwroot\mainweb\sdk\api\UcApi\Lib\Action\IndexAction.class.php 第 63 行.
NOTIC: [8] Constant API_RETURN_FAILED already defined D:\wwwroot\mainweb\sdk\uc_client\model\note.php 第 16 行.
SQL: SHOW COLUMNS FROM `sdk_accounts` [ RunTime:0.002062s ]
SQL: SELECT * FROM `sdk_accounts` WHERE ( `account_id` = 2476 ) LIMIT 1   [ RunTime:0.000383s ]

[ 2013-11-10T22:08:40+08:00 ] 192.168.232.53 /api/uc.php?time=1384092520&code=56c89I%2Fp7Pomq19xRC%2Bu2%2FE0g%2Bta7Z0oBMv1%2FS2mTyyA8zLaE0GeVYGdK2SIqfssGpCSRLGUlFfdlD5XCB7oMyMgBnVzyQp2Lr%2FD%2BuMoJRsVCg8VPUlfjrdKy5%2BP%2B8urobneFuHvubr31%2BfEkv7tX%2By1Sx9NBQemz3qbhIPXtLxdRw
INFO: [ app_begin ] --START--
INFO: Run ReadHtmlCache Behavior [ RunTime:0.000587s ]
INFO: [ app_begin ] --END-- [ RunTime:0.000675s ]
NOTIC: [8] Constant UC_CLIENT_VERSION already defined D:\wwwroot\mainweb\sdk\api\UcApi\Lib\Action\IndexAction.class.php 第 4 行.
NOTIC: [8] Constant UC_CLIENT_RELEASE already defined D:\wwwroot\mainweb\sdk\api\UcApi\Lib\Action\IndexAction.class.php 第 5 行.
NOTIC: [2048] Only variables should be passed by reference D:\wwwroot\mainweb\sdk\api\UcApi\Lib\Action\IndexAction.class.php 第 63 行.
NOTIC: [8] Constant API_RETURN_FAILED already defined D:\wwwroot\mainweb\sdk\uc_client\model\note.php 第 16 行.
SQL: SHOW COLUMNS FROM `sdk_accounts` [ RunTime:0.002055s ]
SQL: SELECT * FROM `sdk_accounts` WHERE ( `account_id` = 2527 ) LIMIT 1   [ RunTime:0.000444s ]

[ 2013-11-10T22:11:26+08:00 ] 192.168.232.53 /api/uc.php?time=1384092686&code=0ee7Y0UsEjXrB1zHgN0rcu7iFAUBr%2B76hNLIahCvNvzBWvoTQa1pX8Eybs9pGDR1XZN6cguOs4LQXewysg
INFO: [ app_begin ] --START--
INFO: Run ReadHtmlCache Behavior [ RunTime:0.000929s ]
INFO: [ app_begin ] --END-- [ RunTime:0.001018s ]
NOTIC: [8] Constant UC_CLIENT_VERSION already defined D:\wwwroot\mainweb\sdk\api\UcApi\Lib\Action\IndexAction.class.php 第 4 行.
NOTIC: [8] Constant UC_CLIENT_RELEASE already defined D:\wwwroot\mainweb\sdk\api\UcApi\Lib\Action\IndexAction.class.php 第 5 行.
NOTIC: [2048] Only variables should be passed by reference D:\wwwroot\mainweb\sdk\api\UcApi\Lib\Action\IndexAction.class.php 第 63 行.

[ 2013-11-10T22:11:53+08:00 ] 192.168.232.86 /api/uc.php?time=1384092713&code=bbe1%2FLpwZwiC20g3hh4%2BHZWpu8GMe41%2BRwRZqfTEMsOQebjwuDDtjyH68GNQmbrCfHtkHY%2BWK8C%2B086xt6zWY%2Fu34GNdgFDrFDYkxX%2BfQ2c7NTVmjHl7d%2Bk7hkGi%2FAYOrk7c59cSN3F5SaTCEcsiJZQ2tBKNTj4BBj9ebg171Q
INFO: [ app_begin ] --START--
INFO: Run ReadHtmlCache Behavior [ RunTime:0.000921s ]
INFO: [ app_begin ] --END-- [ RunTime:0.001012s ]
NOTIC: [8] Constant UC_CLIENT_VERSION already defined D:\wwwroot\mainweb\sdk\api\UcApi\Lib\Action\IndexAction.class.php 第 4 行.
NOTIC: [8] Constant UC_CLIENT_RELEASE already defined D:\wwwroot\mainweb\sdk\api\UcApi\Lib\Action\IndexAction.class.php 第 5 行.
NOTIC: [2048] Only variables should be passed by reference D:\wwwroot\mainweb\sdk\api\UcApi\Lib\Action\IndexAction.class.php 第 63 行.
NOTIC: [8] Constant API_RETURN_FAILED already defined D:\wwwroot\mainweb\sdk\uc_client\model\note.php 第 16 行.
SQL: SHOW COLUMNS FROM `sdk_accounts` [ RunTime:0.001956s ]
SQL: SELECT * FROM `sdk_accounts` WHERE ( `account_id` = 2574 ) LIMIT 1   [ RunTime:0.000440s ]
SQL: INSERT INTO `sdk_accounts` (`account_id`,`user_name`,`email`,`password`,`reg_time`) VALUES (2574,'qwerty','285672855@qq.com','19e2534dba2f621c966c694cd9568d2762359542',1384092713) [ RunTime:0.002323s ]

[ 2013-11-10T22:12:34+08:00 ] 192.168.232.86 /api/uc.php?time=1384092754&code=9aba%2FSkuIfPr1bkB5lyhbk4kN5AOCTbJ4WOqN6bMmaZV3tSW%2FmmJWpmqiR3lHtwafl3imNFOioc7YliOU0j8RnjBaUzw%2FZ35GsW4yv151xW8LlQ5uQhrb7xcGEuMb95zAOpXAAhR6gmSLubmQj9lj3x2UNE%2Fh0e1fKlJ9DY04A
INFO: [ app_begin ] --START--
INFO: Run ReadHtmlCache Behavior [ RunTime:0.000936s ]
INFO: [ app_begin ] --END-- [ RunTime:0.001028s ]
NOTIC: [8] Constant UC_CLIENT_VERSION already defined D:\wwwroot\mainweb\sdk\api\UcApi\Lib\Action\IndexAction.class.php 第 4 行.
NOTIC: [8] Constant UC_CLIENT_RELEASE already defined D:\wwwroot\mainweb\sdk\api\UcApi\Lib\Action\IndexAction.class.php 第 5 行.
NOTIC: [2048] Only variables should be passed by reference D:\wwwroot\mainweb\sdk\api\UcApi\Lib\Action\IndexAction.class.php 第 63 行.
NOTIC: [8] Constant API_RETURN_FAILED already defined D:\wwwroot\mainweb\sdk\uc_client\model\note.php 第 16 行.
SQL: SHOW COLUMNS FROM `sdk_accounts` [ RunTime:0.002082s ]
SQL: SELECT * FROM `sdk_accounts` WHERE ( `account_id` = 2574 ) LIMIT 1   [ RunTime:0.000429s ]

[ 2013-11-10T22:14:05+08:00 ] 192.168.232.86 /api/uc.php?time=1384092845&code=c3cdUwHJuHQYW7Pt7WyCAphITBUBsR9OFXQZeTkTJ1RmPKo%2FMCogPboyIxly67Ghg1mcIdFoTfYRBM6jzQ
INFO: [ app_begin ] --START--
INFO: Run ReadHtmlCache Behavior [ RunTime:0.000589s ]
INFO: [ app_begin ] --END-- [ RunTime:0.000677s ]
NOTIC: [8] Constant UC_CLIENT_VERSION already defined D:\wwwroot\mainweb\sdk\api\UcApi\Lib\Action\IndexAction.class.php 第 4 行.
NOTIC: [8] Constant UC_CLIENT_RELEASE already defined D:\wwwroot\mainweb\sdk\api\UcApi\Lib\Action\IndexAction.class.php 第 5 行.
NOTIC: [2048] Only variables should be passed by reference D:\wwwroot\mainweb\sdk\api\UcApi\Lib\Action\IndexAction.class.php 第 63 行.

[ 2013-11-10T22:14:53+08:00 ] 192.168.143.90 /api/uc.php?time=1384092893&code=1f05DqESSYryVsTXEe8WaN3ykkUxRmKv6oeV9ohspBPXLbAoKGF2phftVP8Fizn2y3VXPsGp8zMEiQEPP3KJNVVHvNFNErH8FfIRdLwM7H9J%2BsyiBCrBMY2m41t3VU8hhelxosDDYvaBahXYI2JOmGofUMvTKIKNGISOeD4
INFO: [ app_begin ] --START--
INFO: Run ReadHtmlCache Behavior [ RunTime:0.000934s ]
INFO: [ app_begin ] --END-- [ RunTime:0.001025s ]
NOTIC: [8] Constant UC_CLIENT_VERSION already defined D:\wwwroot\mainweb\sdk\api\UcApi\Lib\Action\IndexAction.class.php 第 4 行.
NOTIC: [8] Constant UC_CLIENT_RELEASE already defined D:\wwwroot\mainweb\sdk\api\UcApi\Lib\Action\IndexAction.class.php 第 5 行.
NOTIC: [2048] Only variables should be passed by reference D:\wwwroot\mainweb\sdk\api\UcApi\Lib\Action\IndexAction.class.php 第 63 行.
NOTIC: [8] Constant API_RETURN_FAILED already defined D:\wwwroot\mainweb\sdk\uc_client\model\note.php 第 16 行.
SQL: SHOW COLUMNS FROM `sdk_accounts` [ RunTime:0.002227s ]
SQL: SELECT * FROM `sdk_accounts` WHERE ( `account_id` = 773 ) LIMIT 1   [ RunTime:0.000592s ]

[ 2013-11-10T22:18:41+08:00 ] 192.168.202.85 /api/uc.php?time=1384093121&code=7f087%2Bx%2FlDU0U2Mf30OicjYo61h%2FH5185LBHiD45X%2B0ZEpZHU5WZ43s79PqrnRKDTIyY%2BYj51ieIe8bfHEdhgPl%2FCwv6WlUeOZBdKTUXVKGXCozBFbiTwqntqTGY6mGmQHgbLhZbSqv4c9Ajfo%2FOO2BfQVeB%2BGznFjhGrDeST454
INFO: [ app_begin ] --START--
INFO: Run ReadHtmlCache Behavior [ RunTime:0.000601s ]
INFO: [ app_begin ] --END-- [ RunTime:0.000693s ]
NOTIC: [8] Constant UC_CLIENT_VERSION already defined D:\wwwroot\mainweb\sdk\api\UcApi\Lib\Action\IndexAction.class.php 第 4 行.
NOTIC: [8] Constant UC_CLIENT_RELEASE already defined D:\wwwroot\mainweb\sdk\api\UcApi\Lib\Action\IndexAction.class.php 第 5 行.
NOTIC: [2048] Only variables should be passed by reference D:\wwwroot\mainweb\sdk\api\UcApi\Lib\Action\IndexAction.class.php 第 63 行.
NOTIC: [8] Constant API_RETURN_FAILED already defined D:\wwwroot\mainweb\sdk\uc_client\model\note.php 第 16 行.
SQL: SHOW COLUMNS FROM `sdk_accounts` [ RunTime:0.002036s ]
SQL: SELECT * FROM `sdk_accounts` WHERE ( `account_id` = 470 ) LIMIT 1   [ RunTime:0.000580s ]

[ 2013-11-10T22:22:11+08:00 ] 192.168.203.216 /api/uc.php?time=1384093330&code=bc2c5SSIOQBOXh%2F8MqAJpQzx2qqB%2BMTnQeZAiveP4KnB8zN3JRQNFA5GzHIjx8ZiAmIm2BlyVemHTEd1x3%2FIknZdD%2FXwkDNo83uvl8OiRvvwNIUnNEb38gJfrSpJ3ZY4hWYt6ckLljdNrdMjGfNwme5OmyXxhUV01YmwmvH37A
INFO: [ app_begin ] --START--
INFO: Run ReadHtmlCache Behavior [ RunTime:0.000590s ]
INFO: [ app_begin ] --END-- [ RunTime:0.000682s ]
NOTIC: [8] Constant UC_CLIENT_VERSION already defined D:\wwwroot\mainweb\sdk\api\UcApi\Lib\Action\IndexAction.class.php 第 4 行.
NOTIC: [8] Constant UC_CLIENT_RELEASE already defined D:\wwwroot\mainweb\sdk\api\UcApi\Lib\Action\IndexAction.class.php 第 5 行.
NOTIC: [2048] Only variables should be passed by reference D:\wwwroot\mainweb\sdk\api\UcApi\Lib\Action\IndexAction.class.php 第 63 行.
NOTIC: [8] Constant API_RETURN_FAILED already defined D:\wwwroot\mainweb\sdk\uc_client\model\note.php 第 16 行.
SQL: SHOW COLUMNS FROM `sdk_accounts` [ RunTime:0.002220s ]
SQL: SELECT * FROM `sdk_accounts` WHERE ( `account_id` = 704 ) LIMIT 1   [ RunTime:0.000511s ]

[ 2013-11-10T22:31:17+08:00 ] 192.168.202.85 /api/uc.php?time=1384093876&code=a1a7ZrSuPnTAJROWU0Wp96SQU0xyUl0afSk2moppGluoFbk%2BLBfGH8p8CjMHTEy7dR6wiK%2FqORKvRmn45g
INFO: [ app_begin ] --START--
INFO: Run ReadHtmlCache Behavior [ RunTime:0.000924s ]
INFO: [ app_begin ] --END-- [ RunTime:0.001014s ]
NOTIC: [8] Constant UC_CLIENT_VERSION already defined D:\wwwroot\mainweb\sdk\api\UcApi\Lib\Action\IndexAction.class.php 第 4 行.
NOTIC: [8] Constant UC_CLIENT_RELEASE already defined D:\wwwroot\mainweb\sdk\api\UcApi\Lib\Action\IndexAction.class.php 第 5 行.
NOTIC: [2048] Only variables should be passed by reference D:\wwwroot\mainweb\sdk\api\UcApi\Lib\Action\IndexAction.class.php 第 63 行.

[ 2013-11-10T22:41:41+08:00 ] 192.168.202.85 /api/uc.php?time=1384094501&code=ff1bc8DxPMOaf%2FzxUWkQf76H501duNAWZzRnp1JxxWrs625mVUW1ipCILUngUv7w3L6i8C3ntoFBxHkoXQk%2FRS36Xk7IlOzqa8xoyWj32TniGyrzGXDZLlRYk4gBZ%2B848RJozJPScbpLPY8cwEmIK9Ruidt6s8i5CVv4RlQ
INFO: [ app_begin ] --START--
INFO: Run ReadHtmlCache Behavior [ RunTime:0.000593s ]
INFO: [ app_begin ] --END-- [ RunTime:0.000683s ]
NOTIC: [8] Constant UC_CLIENT_VERSION already defined D:\wwwroot\mainweb\sdk\api\UcApi\Lib\Action\IndexAction.class.php 第 4 行.
NOTIC: [8] Constant UC_CLIENT_RELEASE already defined D:\wwwroot\mainweb\sdk\api\UcApi\Lib\Action\IndexAction.class.php 第 5 行.
NOTIC: [2048] Only variables should be passed by reference D:\wwwroot\mainweb\sdk\api\UcApi\Lib\Action\IndexAction.class.php 第 63 行.
NOTIC: [8] Constant API_RETURN_FAILED already defined D:\wwwroot\mainweb\sdk\uc_client\model\note.php 第 16 行.
SQL: SHOW COLUMNS FROM `sdk_accounts` [ RunTime:0.002052s ]
SQL: SELECT * FROM `sdk_accounts` WHERE ( `account_id` = 218 ) LIMIT 1   [ RunTime:0.000477s ]

[ 2013-11-10T22:47:30+08:00 ] 192.168.163.101 /api/uc.php?time=1384094849&code=83572UDyO0T7GmhXSgdx03wtE%2B4JYeoedTWpjqqBZwhBktEPYTT5dSd3IJ83p6ueS9GLGnAe6Zg2vwG1YsSrBvpiFNSKPkxPTxfTmjAKpL6WH%2FnBj2mDUYM2Uj1eVhl6b946lygATbSSkFWCwgfe9aGpR8dyDDYJj3H4urk6Nusw
INFO: [ app_begin ] --START--
INFO: Run ReadHtmlCache Behavior [ RunTime:0.000926s ]
INFO: [ app_begin ] --END-- [ RunTime:0.001016s ]
NOTIC: [8] Constant UC_CLIENT_VERSION already defined D:\wwwroot\mainweb\sdk\api\UcApi\Lib\Action\IndexAction.class.php 第 4 行.
NOTIC: [8] Constant UC_CLIENT_RELEASE already defined D:\wwwroot\mainweb\sdk\api\UcApi\Lib\Action\IndexAction.class.php 第 5 行.
NOTIC: [2048] Only variables should be passed by reference D:\wwwroot\mainweb\sdk\api\UcApi\Lib\Action\IndexAction.class.php 第 63 行.
NOTIC: [8] Constant API_RETURN_FAILED already defined D:\wwwroot\mainweb\sdk\uc_client\model\note.php 第 16 行.
SQL: SHOW COLUMNS FROM `sdk_accounts` [ RunTime:0.002235s ]
SQL: SELECT * FROM `sdk_accounts` WHERE ( `account_id` = 2479 ) LIMIT 1   [ RunTime:0.000328s ]

[ 2013-11-10T22:49:21+08:00 ] 192.168.181.37 /api/uc.php?time=1384094960&code=12f7y9RKlCwhSpch3LSTMJmNKjecYQIcItiKHnr%2B6zxGN1Qy4AUQ0676MGc21hn2cR3QBh01JTMIOrpkdwuKg4AAmRZG73NqUF2YnOKFHstWKVYlVw0Tz%2BBZKUbC5xB1aIjMDvllYE3BWgBCoe67XmyII8bV6%2FTf9AvHv%2FDHf7bYg5iPVA
INFO: [ app_begin ] --START--
INFO: Run ReadHtmlCache Behavior [ RunTime:0.000921s ]
INFO: [ app_begin ] --END-- [ RunTime:0.001012s ]
NOTIC: [8] Constant UC_CLIENT_VERSION already defined D:\wwwroot\mainweb\sdk\api\UcApi\Lib\Action\IndexAction.class.php 第 4 行.
NOTIC: [8] Constant UC_CLIENT_RELEASE already defined D:\wwwroot\mainweb\sdk\api\UcApi\Lib\Action\IndexAction.class.php 第 5 行.
NOTIC: [2048] Only variables should be passed by reference D:\wwwroot\mainweb\sdk\api\UcApi\Lib\Action\IndexAction.class.php 第 63 行.
NOTIC: [8] Constant API_RETURN_FAILED already defined D:\wwwroot\mainweb\sdk\uc_client\model\note.php 第 16 行.
SQL: SHOW COLUMNS FROM `sdk_accounts` [ RunTime:0.001887s ]
SQL: SELECT * FROM `sdk_accounts` WHERE ( `account_id` = 2575 ) LIMIT 1   [ RunTime:0.000289s ]
SQL: INSERT INTO `sdk_accounts` (`account_id`,`user_name`,`email`,`password`,`reg_time`) VALUES (2575,'香橙沉香','1085739399@qq.com','809c484fd83172b147cb26a75d5bfa2b693b8a60',1384094961) [ RunTime:0.000815s ]

[ 2013-11-10T22:50:13+08:00 ] 192.168.181.37 /api/uc.php?time=1384095013&code=a1d63nrcg%2B3jlDCdJyrA1V919i4mdD3Z7Odmu4tti%2FXPg%2BLioVWsleRFZbo8W029kvmvX7V%2Bq%2BP8sKSAth%2BqEYka64UHhw%2Fju4akz5uLyQEIkWkXqWhrSdfQ7wRcWTcWF%2BJUrCdawN%2BeDlKDUHzXTgrQrw8PkyDFYZdHwQuRP7NHvFKdvA
INFO: [ app_begin ] --START--
INFO: Run ReadHtmlCache Behavior [ RunTime:0.000930s ]
INFO: [ app_begin ] --END-- [ RunTime:0.001019s ]
NOTIC: [8] Constant UC_CLIENT_VERSION already defined D:\wwwroot\mainweb\sdk\api\UcApi\Lib\Action\IndexAction.class.php 第 4 行.
NOTIC: [8] Constant UC_CLIENT_RELEASE already defined D:\wwwroot\mainweb\sdk\api\UcApi\Lib\Action\IndexAction.class.php 第 5 行.
NOTIC: [2048] Only variables should be passed by reference D:\wwwroot\mainweb\sdk\api\UcApi\Lib\Action\IndexAction.class.php 第 63 行.
NOTIC: [8] Constant API_RETURN_FAILED already defined D:\wwwroot\mainweb\sdk\uc_client\model\note.php 第 16 行.
SQL: SHOW COLUMNS FROM `sdk_accounts` [ RunTime:0.002071s ]
SQL: SELECT * FROM `sdk_accounts` WHERE ( `account_id` = 2575 ) LIMIT 1   [ RunTime:0.000600s ]

[ 2013-11-10T22:52:12+08:00 ] 101.226.66.187 /api/uc.php?time=1384093330&code=bc2c5SSIOQBOXh/8MqAJpQzx2qqB+MTnQeZAiveP4KnB8zN3JRQNFA5GzHIjx8ZiAmIm2BlyVemHTEd1x3/IknZdD/XwkDNo83uvl8OiRvvwNIUnNEb38gJfrSpJ3ZY4hWYt6ckLljdNrdMjGfNwme5OmyXxhUV01YmwmvH37A
INFO: [ app_begin ] --START--
INFO: Run ReadHtmlCache Behavior [ RunTime:0.000931s ]
INFO: [ app_begin ] --END-- [ RunTime:0.001023s ]
NOTIC: [8] Constant UC_CLIENT_VERSION already defined D:\wwwroot\mainweb\sdk\api\UcApi\Lib\Action\IndexAction.class.php 第 4 行.
NOTIC: [8] Constant UC_CLIENT_RELEASE already defined D:\wwwroot\mainweb\sdk\api\UcApi\Lib\Action\IndexAction.class.php 第 5 行.
NOTIC: [8] Undefined index:  time D:\wwwroot\mainweb\sdk\api\UcApi\Lib\Action\IndexAction.class.php 第 54 行.

[ 2013-11-10T22:52:50+08:00 ] 192.168.178.82 /api/uc.php?time=1384095170&code=d661aKlPoq9%2B1nDy275dpQYpuxsJ2e9myLwa7NVUwlSt%2FQjs5UaBQx0B5tHbz60UqgfcSIfoYRCiwPmx%2FfS5lBFXDGUZH9%2FKJmKUXAgVaBiR8jPJuKdUm0A0DntRD2dlJ9rYJ3KSQhL20IaWiaQ5iGB5tpiTIAiu%2BzoVByA%2BfiDQ
INFO: [ app_begin ] --START--
INFO: Run ReadHtmlCache Behavior [ RunTime:0.001068s ]
INFO: [ app_begin ] --END-- [ RunTime:0.001162s ]
NOTIC: [8] Constant UC_CLIENT_VERSION already defined D:\wwwroot\mainweb\sdk\api\UcApi\Lib\Action\IndexAction.class.php 第 4 行.
NOTIC: [8] Constant UC_CLIENT_RELEASE already defined D:\wwwroot\mainweb\sdk\api\UcApi\Lib\Action\IndexAction.class.php 第 5 行.
NOTIC: [2048] Only variables should be passed by reference D:\wwwroot\mainweb\sdk\api\UcApi\Lib\Action\IndexAction.class.php 第 63 行.
NOTIC: [8] Constant API_RETURN_FAILED already defined D:\wwwroot\mainweb\sdk\uc_client\model\note.php 第 16 行.
SQL: SHOW COLUMNS FROM `sdk_accounts` [ RunTime:0.002101s ]
SQL: SELECT * FROM `sdk_accounts` WHERE ( `account_id` = 2441 ) LIMIT 1   [ RunTime:0.000340s ]

[ 2013-11-10T22:53:21+08:00 ] 192.168.181.37 /api/uc.php?time=1384095200&code=9ac6XXl5PqIneqIAq9aliTqnL8mkwrqEpi2sLILD4EEiFZcdopw6ZffUYwm6DCG%2F%2FKtkiSSR0mZJLoFwnQ
INFO: [ app_begin ] --START--
INFO: Run ReadHtmlCache Behavior [ RunTime:0.000923s ]
INFO: [ app_begin ] --END-- [ RunTime:0.001012s ]
NOTIC: [8] Constant UC_CLIENT_VERSION already defined D:\wwwroot\mainweb\sdk\api\UcApi\Lib\Action\IndexAction.class.php 第 4 行.
NOTIC: [8] Constant UC_CLIENT_RELEASE already defined D:\wwwroot\mainweb\sdk\api\UcApi\Lib\Action\IndexAction.class.php 第 5 行.
NOTIC: [2048] Only variables should be passed by reference D:\wwwroot\mainweb\sdk\api\UcApi\Lib\Action\IndexAction.class.php 第 63 行.

[ 2013-11-10T22:53:26+08:00 ] 192.168.205.24 /api/uc.php?time=1384095206&code=6235Gi5FkVJZylCPPjRhZIrsRqoitAg9uFfxV%2BFE5eRF2KrMp6BkRGcX7LK8XsArgry90u%2FWkqTBHbheMtbxdw0FwAOU0gM7BkBK3%2F9jXmzELVI0sQSCRMmSvdLHU1zrSTGe0RUm6ioPRImTqUlHMWQSrJE9uR8uawm%2B1f8
INFO: [ app_begin ] --START--
INFO: Run ReadHtmlCache Behavior [ RunTime:0.000924s ]
INFO: [ app_begin ] --END-- [ RunTime:0.001014s ]
NOTIC: [8] Constant UC_CLIENT_VERSION already defined D:\wwwroot\mainweb\sdk\api\UcApi\Lib\Action\IndexAction.class.php 第 4 行.
NOTIC: [8] Constant UC_CLIENT_RELEASE already defined D:\wwwroot\mainweb\sdk\api\UcApi\Lib\Action\IndexAction.class.php 第 5 行.
NOTIC: [2048] Only variables should be passed by reference D:\wwwroot\mainweb\sdk\api\UcApi\Lib\Action\IndexAction.class.php 第 63 行.
NOTIC: [8] Constant API_RETURN_FAILED already defined D:\wwwroot\mainweb\sdk\uc_client\model\note.php 第 16 行.
SQL: SHOW COLUMNS FROM `sdk_accounts` [ RunTime:0.001976s ]
SQL: SELECT * FROM `sdk_accounts` WHERE ( `account_id` = 218 ) LIMIT 1   [ RunTime:0.000414s ]

[ 2013-11-10T22:53:32+08:00 ] 192.168.205.24 /api/uc.php?time=1384095212&code=629bUtfnrqBgDcMSqAyLCoblJm0LzDdNPC6hVhD0iJC7rnZ0i4AHgZQTlwDQx7KqtogojufzuxjCnuRS0Q
INFO: [ app_begin ] --START--
INFO: Run ReadHtmlCache Behavior [ RunTime:0.000931s ]
INFO: [ app_begin ] --END-- [ RunTime:0.001020s ]
NOTIC: [8] Constant UC_CLIENT_VERSION already defined D:\wwwroot\mainweb\sdk\api\UcApi\Lib\Action\IndexAction.class.php 第 4 行.
NOTIC: [8] Constant UC_CLIENT_RELEASE already defined D:\wwwroot\mainweb\sdk\api\UcApi\Lib\Action\IndexAction.class.php 第 5 行.
NOTIC: [2048] Only variables should be passed by reference D:\wwwroot\mainweb\sdk\api\UcApi\Lib\Action\IndexAction.class.php 第 63 行.

[ 2013-11-10T23:02:02+08:00 ] 192.168.202.85 /api/uc.php?time=1384095722&code=ecc0eZm7vLPGsh2LFpbRS%2BzwipJ60S2hU6gYSpqTBBiXtwEDS7Uv8nX3C9S10SHi0lImoGDUXNRDdy%2BQXA
INFO: [ app_begin ] --START--
INFO: Run ReadHtmlCache Behavior [ RunTime:0.000924s ]
INFO: [ app_begin ] --END-- [ RunTime:0.001014s ]
NOTIC: [8] Constant UC_CLIENT_VERSION already defined D:\wwwroot\mainweb\sdk\api\UcApi\Lib\Action\IndexAction.class.php 第 4 行.
NOTIC: [8] Constant UC_CLIENT_RELEASE already defined D:\wwwroot\mainweb\sdk\api\UcApi\Lib\Action\IndexAction.class.php 第 5 行.
NOTIC: [2048] Only variables should be passed by reference D:\wwwroot\mainweb\sdk\api\UcApi\Lib\Action\IndexAction.class.php 第 63 行.

[ 2013-11-10T23:02:14+08:00 ] 192.168.202.228 /api/uc.php?time=1384095734&code=bf0axqE7XMOsNyjymkvKenBF9LABTz02pQ78Dn1VBUH9czIJ9wFrKmFdPKm4YOpFng2qqFunIQqrSSjGkTepGQLdWYh3Sl3pS0VtV4FOfN5P6FqjJ%2FLoyddHNssVz4PlM%2FJu%2B6ETjyxhhvMqYksKxUiBCohAQf%2BtIX63LQjCkw
INFO: [ app_begin ] --START--
INFO: Run ReadHtmlCache Behavior [ RunTime:0.000916s ]
INFO: [ app_begin ] --END-- [ RunTime:0.001005s ]
NOTIC: [8] Constant UC_CLIENT_VERSION already defined D:\wwwroot\mainweb\sdk\api\UcApi\Lib\Action\IndexAction.class.php 第 4 行.
NOTIC: [8] Constant UC_CLIENT_RELEASE already defined D:\wwwroot\mainweb\sdk\api\UcApi\Lib\Action\IndexAction.class.php 第 5 行.
NOTIC: [2048] Only variables should be passed by reference D:\wwwroot\mainweb\sdk\api\UcApi\Lib\Action\IndexAction.class.php 第 63 行.
NOTIC: [8] Constant API_RETURN_FAILED already defined D:\wwwroot\mainweb\sdk\uc_client\model\note.php 第 16 行.
SQL: SHOW COLUMNS FROM `sdk_accounts` [ RunTime:0.002098s ]
SQL: SELECT * FROM `sdk_accounts` WHERE ( `account_id` = 2574 ) LIMIT 1   [ RunTime:0.000522s ]

[ 2013-11-10T23:08:27+08:00 ] 192.168.205.24 /api/uc.php?time=1384096107&code=86d91HMIujM%2FMtoHu5%2BkBOPVdoAZ0B8It7EXPwABkV7vw%2FZCXnOekay0%2FnXFG8Htbt3DD1rQqQHbF%2FZI3A
INFO: [ app_begin ] --START--
INFO: Run ReadHtmlCache Behavior [ RunTime:0.000927s ]
INFO: [ app_begin ] --END-- [ RunTime:0.001016s ]
NOTIC: [8] Constant UC_CLIENT_VERSION already defined D:\wwwroot\mainweb\sdk\api\UcApi\Lib\Action\IndexAction.class.php 第 4 行.
NOTIC: [8] Constant UC_CLIENT_RELEASE already defined D:\wwwroot\mainweb\sdk\api\UcApi\Lib\Action\IndexAction.class.php 第 5 行.
NOTIC: [2048] Only variables should be passed by reference D:\wwwroot\mainweb\sdk\api\UcApi\Lib\Action\IndexAction.class.php 第 63 行.

[ 2013-11-10T23:08:28+08:00 ] 202.116.192.50 /api/uc.php?code=c183Od0CotYUij6Sj3HdDlJ%2B2GR8kjFQJZF%2FKbmO%2F53yazGiW%2FkWSQYma6sx2ntDi6rHGvDub5qoXk8tMHdlT8Jt8ivrUE8pGK0DcZDwd9l0yGDFp8k&__times__=1
INFO: [ app_begin ] --START--
INFO: Run ReadHtmlCache Behavior [ RunTime:0.000920s ]
INFO: [ app_begin ] --END-- [ RunTime:0.001008s ]
NOTIC: [8] Constant UC_CLIENT_VERSION already defined D:\wwwroot\mainweb\sdk\api\UcApi\Lib\Action\IndexAction.class.php 第 4 行.
NOTIC: [8] Constant UC_CLIENT_RELEASE already defined D:\wwwroot\mainweb\sdk\api\UcApi\Lib\Action\IndexAction.class.php 第 5 行.
NOTIC: [2048] Only variables should be passed by reference D:\wwwroot\mainweb\sdk\api\UcApi\Lib\Action\IndexAction.class.php 第 63 行.

[ 2013-11-10T23:37:34+08:00 ] 192.168.143.220 /api/uc.php?time=1384097854&code=fb77%2BIvPfeMpAdKSpzaWt4yHLMRPnkAqjSGumKyDIcznFnIlrq1O%2FP3cDc1I7F3HTA94sy0kbbkpBo5oNcHGd9FFxcw93Td8vtrKXZ7EDE90aDUnpeJDPWcJwbUjqN31A1NdtI3r9DY6AnkgJmiJG8CkVLknXzmuZcTyzvmx
INFO: [ app_begin ] --START--
INFO: Run ReadHtmlCache Behavior [ RunTime:0.000940s ]
INFO: [ app_begin ] --END-- [ RunTime:0.001029s ]
NOTIC: [8] Constant UC_CLIENT_VERSION already defined D:\wwwroot\mainweb\sdk\api\UcApi\Lib\Action\IndexAction.class.php 第 4 行.
NOTIC: [8] Constant UC_CLIENT_RELEASE already defined D:\wwwroot\mainweb\sdk\api\UcApi\Lib\Action\IndexAction.class.php 第 5 行.
NOTIC: [2048] Only variables should be passed by reference D:\wwwroot\mainweb\sdk\api\UcApi\Lib\Action\IndexAction.class.php 第 63 行.
NOTIC: [8] Constant API_RETURN_FAILED already defined D:\wwwroot\mainweb\sdk\uc_client\model\note.php 第 16 行.
SQL: SHOW COLUMNS FROM `sdk_accounts` [ RunTime:0.002090s ]
SQL: SELECT * FROM `sdk_accounts` WHERE ( `account_id` = 2046 ) LIMIT 1   [ RunTime:0.000500s ]

