[ 2013-12-08T00:20:37+08:00 ] 192.168.165.177 /api/uc.php?time=1386433237&code=0f93jZLcelfEEAK%2Fwf8zd87zN5%2FmgDGq3ZNct2JZ3rjK0rj0vaFqq3Ch3D6oGKEoqsbz2CHkj%2FR4hx3EvXh1j9AQs5cbRtQ%2FD8sUM1IHTZviHkX3JdP1q6ZXstAiI4Lt%2FgcMFe%2B6aV3ci9KzPAPFOAeMESdV8FZldE8WfRtu6j3vk8c
INFO: [ app_begin ] --START--
INFO: Run ReadHtmlCache Behavior [ RunTime:0.000749s ]
INFO: [ app_begin ] --END-- [ RunTime:0.000839s ]
NOTIC: [8] Constant UC_CLIENT_VERSION already defined D:\wwwroot\mainweb\sdk\api\UcApi\Lib\Action\IndexAction.class.php 第 4 行.
NOTIC: [8] Constant UC_CLIENT_RELEASE already defined D:\wwwroot\mainweb\sdk\api\UcApi\Lib\Action\IndexAction.class.php 第 5 行.
NOTIC: [2048] Only variables should be passed by reference D:\wwwroot\mainweb\sdk\api\UcApi\Lib\Action\IndexAction.class.php 第 63 行.
NOTIC: [8] Constant API_RETURN_FAILED already defined D:\wwwroot\mainweb\sdk\uc_client\model\note.php 第 16 行.
SQL: SHOW COLUMNS FROM `sdk_accounts` [ RunTime:0.002236s ]
SQL: SELECT * FROM `sdk_accounts` WHERE ( `account_id` = 2062 ) LIMIT 1   [ RunTime:0.000443s ]

[ 2013-12-08T01:21:38+08:00 ] 192.168.202.216 /api/uc.php?time=1386436898&code=91a8AULEloXcQ61dZpUqKwsptouyar6djB39lZKuugkbnrOlx8adLXKAFCkEFHajX9BeLnXboK9zYLRK41pRRm%2B0Gxg4QL6s9q3nBDCULyvTAeC0AbTbJglkPqKFhuEb3C2mPzpBRoA5zXFAvcbhDNo40pSw%2FkPiQGqSs%2Fo%2FIw
INFO: [ app_begin ] --START--
INFO: Run ReadHtmlCache Behavior [ RunTime:0.001057s ]
INFO: [ app_begin ] --END-- [ RunTime:0.001148s ]
NOTIC: [8] Constant UC_CLIENT_VERSION already defined D:\wwwroot\mainweb\sdk\api\UcApi\Lib\Action\IndexAction.class.php 第 4 行.
NOTIC: [8] Constant UC_CLIENT_RELEASE already defined D:\wwwroot\mainweb\sdk\api\UcApi\Lib\Action\IndexAction.class.php 第 5 行.
NOTIC: [2048] Only variables should be passed by reference D:\wwwroot\mainweb\sdk\api\UcApi\Lib\Action\IndexAction.class.php 第 63 行.
NOTIC: [8] Constant API_RETURN_FAILED already defined D:\wwwroot\mainweb\sdk\uc_client\model\note.php 第 16 行.
SQL: SHOW COLUMNS FROM `sdk_accounts` [ RunTime:0.002105s ]
SQL: SELECT * FROM `sdk_accounts` WHERE ( `account_id` = 2303 ) LIMIT 1   [ RunTime:0.000433s ]

[ 2013-12-08T01:21:38+08:00 ] 192.168.202.216 /api/uc.php?time=1386436898&code=ecdc6zBktHAYxeUcur%2FSWO1OomFNFzQunoqu8wqsipEAKLfRcFQmgWqDBFmoLl7vkW0RHUNzmGVgUuX7dKyMNjEKx9N%2FLqE5nj155EYE9CKiF7AE4IkRbxcuRcEC6SvAuR2jQFqua94YDaMCsKIhmyAfRR4N5TInc5of8Cdbdw
INFO: [ app_begin ] --START--
INFO: Run ReadHtmlCache Behavior [ RunTime:0.001001s ]
INFO: [ app_begin ] --END-- [ RunTime:0.001094s ]
NOTIC: [8] Constant UC_CLIENT_VERSION already defined D:\wwwroot\mainweb\sdk\api\UcApi\Lib\Action\IndexAction.class.php 第 4 行.
NOTIC: [8] Constant UC_CLIENT_RELEASE already defined D:\wwwroot\mainweb\sdk\api\UcApi\Lib\Action\IndexAction.class.php 第 5 行.
NOTIC: [2048] Only variables should be passed by reference D:\wwwroot\mainweb\sdk\api\UcApi\Lib\Action\IndexAction.class.php 第 63 行.
NOTIC: [8] Constant API_RETURN_FAILED already defined D:\wwwroot\mainweb\sdk\uc_client\model\note.php 第 16 行.
SQL: SHOW COLUMNS FROM `sdk_accounts` [ RunTime:0.001984s ]
SQL: SELECT * FROM `sdk_accounts` WHERE ( `account_id` = 2303 ) LIMIT 1   [ RunTime:0.000168s ]

[ 2013-12-08T07:44:43+08:00 ] 192.168.135.96 /api/uc.php?time=1386459883&code=d67aOLYXObJD%2Fwz4CHwNgrN1nk9%2BNmtoF5RgujGcazGdpXiOPkYUZqJVHSgaejvseZ%2FbOOOOUthpp8thKrhR05mpzcRooG0YfH7pvI0a697P3P7r%2BItxSyF7d6tKpRPFBpWU1eR8%2B8tZ92ooW%2BlnIRY9u3lIPQfaH%2BqY2N2P%2FaDo4g
INFO: [ app_begin ] --START--
INFO: Run ReadHtmlCache Behavior [ RunTime:0.001094s ]
INFO: [ app_begin ] --END-- [ RunTime:0.001185s ]
NOTIC: [8] Constant UC_CLIENT_VERSION already defined D:\wwwroot\mainweb\sdk\api\UcApi\Lib\Action\IndexAction.class.php 第 4 行.
NOTIC: [8] Constant UC_CLIENT_RELEASE already defined D:\wwwroot\mainweb\sdk\api\UcApi\Lib\Action\IndexAction.class.php 第 5 行.
NOTIC: [2048] Only variables should be passed by reference D:\wwwroot\mainweb\sdk\api\UcApi\Lib\Action\IndexAction.class.php 第 63 行.
NOTIC: [8] Constant API_RETURN_FAILED already defined D:\wwwroot\mainweb\sdk\uc_client\model\note.php 第 16 行.
SQL: SHOW COLUMNS FROM `sdk_accounts` [ RunTime:0.001970s ]
SQL: SELECT * FROM `sdk_accounts` WHERE ( `account_id` = 2455 ) LIMIT 1   [ RunTime:0.000233s ]

[ 2013-12-08T09:07:23+08:00 ] 192.168.187.101 /api/uc.php?time=1386464842&code=e3fbX0cBnNDnOzq%2F2MlZvsmqWM8tTaaMnI5iJV6KbFUB58kJaaUzrPazioOooWiRLbB34em8ePdIDWPfPv9bqk2yMemltsrtYGlAXQWSLPR8o1596Diy2QqA70ayfgU22y6F2hqCSF15ctNDv4mSK6p%2B9SGuALnjOD%2BLFpo
INFO: [ app_begin ] --START--
INFO: Run ReadHtmlCache Behavior [ RunTime:0.001081s ]
INFO: [ app_begin ] --END-- [ RunTime:0.001173s ]
NOTIC: [8] Constant UC_CLIENT_VERSION already defined D:\wwwroot\mainweb\sdk\api\UcApi\Lib\Action\IndexAction.class.php 第 4 行.
NOTIC: [8] Constant UC_CLIENT_RELEASE already defined D:\wwwroot\mainweb\sdk\api\UcApi\Lib\Action\IndexAction.class.php 第 5 行.
NOTIC: [2048] Only variables should be passed by reference D:\wwwroot\mainweb\sdk\api\UcApi\Lib\Action\IndexAction.class.php 第 63 行.
NOTIC: [8] Constant API_RETURN_FAILED already defined D:\wwwroot\mainweb\sdk\uc_client\model\note.php 第 16 行.
SQL: SHOW COLUMNS FROM `sdk_accounts` [ RunTime:0.002063s ]
SQL: SELECT * FROM `sdk_accounts` WHERE ( `account_id` = 2407 ) LIMIT 1   [ RunTime:0.000524s ]

[ 2013-12-08T09:29:32+08:00 ] 192.168.186.151 /api/uc.php?time=1386466172&code=465am%2FnL4ZRJjoSYVUMvnpDt0v3tmCGXZ04sOCRRtEzfUjsUWFF%2B1qlC%2Bi8AFT9%2BKGork9v%2Bi8ttHTXaHsAFSQjMkiMr3%2BWkxF8EGDcsvpiGtLEyuI0Yn07AJlfB3lZjNwNaWDeHAukpwbwIC7EV43fjsoiJrrYMVx%2FDDc4MZFE1pvn%2FX1oumA
INFO: [ app_begin ] --START--
INFO: Run ReadHtmlCache Behavior [ RunTime:0.000990s ]
INFO: [ app_begin ] --END-- [ RunTime:0.001081s ]
NOTIC: [8] Constant UC_CLIENT_VERSION already defined D:\wwwroot\mainweb\sdk\api\UcApi\Lib\Action\IndexAction.class.php 第 4 行.
NOTIC: [8] Constant UC_CLIENT_RELEASE already defined D:\wwwroot\mainweb\sdk\api\UcApi\Lib\Action\IndexAction.class.php 第 5 行.
NOTIC: [2048] Only variables should be passed by reference D:\wwwroot\mainweb\sdk\api\UcApi\Lib\Action\IndexAction.class.php 第 63 行.
NOTIC: [8] Constant API_RETURN_FAILED already defined D:\wwwroot\mainweb\sdk\uc_client\model\note.php 第 16 行.
SQL: SHOW COLUMNS FROM `sdk_accounts` [ RunTime:0.002381s ]
SQL: SELECT * FROM `sdk_accounts` WHERE ( `account_id` = 2439 ) LIMIT 1   [ RunTime:0.000406s ]

[ 2013-12-08T09:38:49+08:00 ] 192.168.181.210 /api/uc.php?time=1386466729&code=3562VMQ5zyVJ%2FMP5vEt2SMLwLPJom26vVCzpxx80Fcy6XMSMugoDCrmtMIzoNZ9dw3zuXNI4%2Fbw5SdkqjCgsLZ5MAleiBlkHzsyle8ZyX6XAauCUu%2BO4Bj08tdxsv9663fZKCY%2FRPefmoumE6d4w6W7Je7lUehdM8kLEYJkoBhBSCAr9
INFO: [ app_begin ] --START--
INFO: Run ReadHtmlCache Behavior [ RunTime:0.001084s ]
INFO: [ app_begin ] --END-- [ RunTime:0.001176s ]
NOTIC: [8] Constant UC_CLIENT_VERSION already defined D:\wwwroot\mainweb\sdk\api\UcApi\Lib\Action\IndexAction.class.php 第 4 行.
NOTIC: [8] Constant UC_CLIENT_RELEASE already defined D:\wwwroot\mainweb\sdk\api\UcApi\Lib\Action\IndexAction.class.php 第 5 行.
NOTIC: [2048] Only variables should be passed by reference D:\wwwroot\mainweb\sdk\api\UcApi\Lib\Action\IndexAction.class.php 第 63 行.
NOTIC: [8] Constant API_RETURN_FAILED already defined D:\wwwroot\mainweb\sdk\uc_client\model\note.php 第 16 行.
SQL: SHOW COLUMNS FROM `sdk_accounts` [ RunTime:0.002052s ]
SQL: SELECT * FROM `sdk_accounts` WHERE ( `account_id` = 731 ) LIMIT 1   [ RunTime:0.000551s ]

[ 2013-12-08T10:26:43+08:00 ] 192.168.192.228 /api/uc.php?time=1386469603&code=36e9ml6HdbLWNGIiAruFbL2Rt0rX4%2BlmOXIwQGFlqTFAMNLJJLTvBsRNumZdSdEDGvsaykbeOmlDaZBa17AbipuNTl4vqAQ356NepXYLmwZxN9D435QsqSvNUxaQKh2oi9L9CyR1cXyt8uhbb1keqweSRWHlNKKW6Lilr6HN
INFO: [ app_begin ] --START--
INFO: Run ReadHtmlCache Behavior [ RunTime:0.001057s ]
INFO: [ app_begin ] --END-- [ RunTime:0.001147s ]
NOTIC: [8] Constant UC_CLIENT_VERSION already defined D:\wwwroot\mainweb\sdk\api\UcApi\Lib\Action\IndexAction.class.php 第 4 行.
NOTIC: [8] Constant UC_CLIENT_RELEASE already defined D:\wwwroot\mainweb\sdk\api\UcApi\Lib\Action\IndexAction.class.php 第 5 行.
NOTIC: [2048] Only variables should be passed by reference D:\wwwroot\mainweb\sdk\api\UcApi\Lib\Action\IndexAction.class.php 第 63 行.
NOTIC: [8] Constant API_RETURN_FAILED already defined D:\wwwroot\mainweb\sdk\uc_client\model\note.php 第 16 行.
SQL: SHOW COLUMNS FROM `sdk_accounts` [ RunTime:0.002155s ]
SQL: SELECT * FROM `sdk_accounts` WHERE ( `account_id` = 2226 ) LIMIT 1   [ RunTime:0.000344s ]

[ 2013-12-08T10:55:39+08:00 ] 192.168.165.106 /api/uc.php?time=1386471338&code=49dbSnIQyMRo%2FNA%2FkX38MlK%2BQfuFm0GaTyNEBHq2rxT0nOe0EAMWe0hHVbzZjlQD297bjicQq8XbkukJouHINeFv4dhxtuLtYkwS4YwPNCr8Y8rHTy5cR3Z9CzNAoJy1dY9fgDaJ3I5AaFxm1VCOuGPm7X32nRrBceKAog
INFO: [ app_begin ] --START--
INFO: Run ReadHtmlCache Behavior [ RunTime:0.001551s ]
INFO: [ app_begin ] --END-- [ RunTime:0.001644s ]
NOTIC: [8] Constant UC_CLIENT_VERSION already defined D:\wwwroot\mainweb\sdk\api\UcApi\Lib\Action\IndexAction.class.php 第 4 行.
NOTIC: [8] Constant UC_CLIENT_RELEASE already defined D:\wwwroot\mainweb\sdk\api\UcApi\Lib\Action\IndexAction.class.php 第 5 行.
NOTIC: [2048] Only variables should be passed by reference D:\wwwroot\mainweb\sdk\api\UcApi\Lib\Action\IndexAction.class.php 第 63 行.
NOTIC: [8] Constant API_RETURN_FAILED already defined D:\wwwroot\mainweb\sdk\uc_client\model\note.php 第 16 行.
SQL: SHOW COLUMNS FROM `sdk_accounts` [ RunTime:0.020536s ]
SQL: SELECT * FROM `sdk_accounts` WHERE ( `account_id` = 1331 ) LIMIT 1   [ RunTime:0.000440s ]

[ 2013-12-08T11:08:06+08:00 ] 192.168.205.24 /api/uc.php?time=1386472086&code=989adud43lFWPxm%2BoyrV0Q6bURCYQ2g5HKMyn2gj7xDlSL%2BGHIGVbmBJqHk76gy9%2FcEYulfXYO75IbCwiP6B7K68BNqNEt1%2FgQOGhraz2tBcG4mMHybq7q%2Fmv8zNplLR5MMNkJTJVxUFtmUlOcqxY9hC9YKhdyDaLJeO6irh0vYT3m1E7egOddG4
INFO: [ app_begin ] --START--
INFO: Run ReadHtmlCache Behavior [ RunTime:0.001089s ]
INFO: [ app_begin ] --END-- [ RunTime:0.001178s ]
NOTIC: [8] Constant UC_CLIENT_VERSION already defined D:\wwwroot\mainweb\sdk\api\UcApi\Lib\Action\IndexAction.class.php 第 4 行.
NOTIC: [8] Constant UC_CLIENT_RELEASE already defined D:\wwwroot\mainweb\sdk\api\UcApi\Lib\Action\IndexAction.class.php 第 5 行.
NOTIC: [2048] Only variables should be passed by reference D:\wwwroot\mainweb\sdk\api\UcApi\Lib\Action\IndexAction.class.php 第 63 行.
NOTIC: [8] Constant API_RETURN_FAILED already defined D:\wwwroot\mainweb\sdk\uc_client\model\note.php 第 16 行.
SQL: SHOW COLUMNS FROM `sdk_accounts` [ RunTime:0.001996s ]
SQL: SELECT * FROM `sdk_accounts` WHERE ( `account_id` = 475 ) LIMIT 1   [ RunTime:0.000174s ]

[ 2013-12-08T11:14:13+08:00 ] 192.168.205.201 /api/uc.php?time=1386472453&code=e04a7sGpNbHyF7DwwwE%2FVqhmeWMYVSFjo0l%2FsTE15SBCFr%2Fwe9Jn3vUWxocfQ9z8uj4tT9%2F0kLxCP8u9CW64KcSCzQ46EjjtOmSbNxiy6mvA%2B%2Bfr0lPyrfJoJ2Z3sedMuq2lBxIMMCE3Ru1z%2Fqvj%2FbHLcuwb3Le4ClNjXocRPCtgxw
INFO: [ app_begin ] --START--
INFO: Run ReadHtmlCache Behavior [ RunTime:0.001155s ]
INFO: [ app_begin ] --END-- [ RunTime:0.001250s ]
NOTIC: [8] Constant UC_CLIENT_VERSION already defined D:\wwwroot\mainweb\sdk\api\UcApi\Lib\Action\IndexAction.class.php 第 4 行.
NOTIC: [8] Constant UC_CLIENT_RELEASE already defined D:\wwwroot\mainweb\sdk\api\UcApi\Lib\Action\IndexAction.class.php 第 5 行.
NOTIC: [2048] Only variables should be passed by reference D:\wwwroot\mainweb\sdk\api\UcApi\Lib\Action\IndexAction.class.php 第 63 行.
NOTIC: [8] Constant API_RETURN_FAILED already defined D:\wwwroot\mainweb\sdk\uc_client\model\note.php 第 16 行.
SQL: SHOW COLUMNS FROM `sdk_accounts` [ RunTime:0.001872s ]
SQL: SELECT * FROM `sdk_accounts` WHERE ( `account_id` = 484 ) LIMIT 1   [ RunTime:0.000187s ]

[ 2013-12-08T12:17:54+08:00 ] 192.168.180.36 /api/uc.php?time=1386476274&code=fb7axTUfEy4BzUlJBD9gCvlHbWwfdts3tChbknWpZwidH4pBjEoXsuRkstV%2FZuwtZPPIg1cczzV2C9d1B7KrLkq12hP7%2FpyIygyBJyJP7KjoqoqwGYyJB9%2BosG%2Bo4ZH%2FB4kxokNc8GjbAMF2AxE4aInb8zSt1yycxgztmha0cw
INFO: [ app_begin ] --START--
INFO: Run ReadHtmlCache Behavior [ RunTime:0.001040s ]
INFO: [ app_begin ] --END-- [ RunTime:0.001133s ]
NOTIC: [8] Constant UC_CLIENT_VERSION already defined D:\wwwroot\mainweb\sdk\api\UcApi\Lib\Action\IndexAction.class.php 第 4 行.
NOTIC: [8] Constant UC_CLIENT_RELEASE already defined D:\wwwroot\mainweb\sdk\api\UcApi\Lib\Action\IndexAction.class.php 第 5 行.
NOTIC: [2048] Only variables should be passed by reference D:\wwwroot\mainweb\sdk\api\UcApi\Lib\Action\IndexAction.class.php 第 63 行.
NOTIC: [8] Constant API_RETURN_FAILED already defined D:\wwwroot\mainweb\sdk\uc_client\model\note.php 第 16 行.
SQL: SHOW COLUMNS FROM `sdk_accounts` [ RunTime:0.002130s ]
SQL: SELECT * FROM `sdk_accounts` WHERE ( `account_id` = 2266 ) LIMIT 1   [ RunTime:0.000315s ]

[ 2013-12-08T12:53:24+08:00 ] 192.168.134.215 /api/uc.php?time=1386478403&code=dd44O9yOmOGOtzFrQgC98BWb96E%2FDdYf7pGzJYhkj5Pr6DG6KjiDgufCl21ayUqkFdjQR12uZt%2BYQAFXMXPvwJZR797kzhgIz%2BO4sP3Huf33am9kS3x%2B%2FXedIu%2BqtOBDCVSpEZTyT4xgdCWBvjAlZ6pMcAYnkJq1nGz2CdvwrHDdrg
INFO: [ app_begin ] --START--
INFO: Run ReadHtmlCache Behavior [ RunTime:0.001140s ]
INFO: [ app_begin ] --END-- [ RunTime:0.001235s ]
NOTIC: [8] Constant UC_CLIENT_VERSION already defined D:\wwwroot\mainweb\sdk\api\UcApi\Lib\Action\IndexAction.class.php 第 4 行.
NOTIC: [8] Constant UC_CLIENT_RELEASE already defined D:\wwwroot\mainweb\sdk\api\UcApi\Lib\Action\IndexAction.class.php 第 5 行.
NOTIC: [2048] Only variables should be passed by reference D:\wwwroot\mainweb\sdk\api\UcApi\Lib\Action\IndexAction.class.php 第 63 行.
NOTIC: [8] Constant API_RETURN_FAILED already defined D:\wwwroot\mainweb\sdk\uc_client\model\note.php 第 16 行.
SQL: SHOW COLUMNS FROM `sdk_accounts` [ RunTime:0.002145s ]
SQL: SELECT * FROM `sdk_accounts` WHERE ( `account_id` = 1777 ) LIMIT 1   [ RunTime:0.000350s ]

[ 2013-12-08T13:08:57+08:00 ] 192.168.201.89 /api/uc.php?time=1386479336&code=f4cfQ5ShxkYhz9AfgZ7SoRGqy3RIB7iU1ePjROVPFKX8UxIt4yGJNW6r%2BrLbZG91U1eQfuMRm4e5hdomGiZQtVCNynZkgtxZXsBZkGOB7hPejEe1NhuEuP4Oe4H%2BPBnxf1avWJ9U1zPrcQ%2Bj2no8UYLsY0eV1c2JFXsaku%2Fq2Qk
INFO: [ app_begin ] --START--
INFO: Run ReadHtmlCache Behavior [ RunTime:0.001038s ]
INFO: [ app_begin ] --END-- [ RunTime:0.001134s ]
NOTIC: [8] Constant UC_CLIENT_VERSION already defined D:\wwwroot\mainweb\sdk\api\UcApi\Lib\Action\IndexAction.class.php 第 4 行.
NOTIC: [8] Constant UC_CLIENT_RELEASE already defined D:\wwwroot\mainweb\sdk\api\UcApi\Lib\Action\IndexAction.class.php 第 5 行.
NOTIC: [2048] Only variables should be passed by reference D:\wwwroot\mainweb\sdk\api\UcApi\Lib\Action\IndexAction.class.php 第 63 行.
NOTIC: [8] Constant API_RETURN_FAILED already defined D:\wwwroot\mainweb\sdk\uc_client\model\note.php 第 16 行.
SQL: SHOW COLUMNS FROM `sdk_accounts` [ RunTime:0.001921s ]
SQL: SELECT * FROM `sdk_accounts` WHERE ( `account_id` = 2017 ) LIMIT 1   [ RunTime:0.000216s ]

[ 2013-12-08T13:50:31+08:00 ] 192.168.181.200 /api/uc.php?time=1386481830&code=4635Yo1KXyrHRTeRevLiF9eaM0%2F3m%2F1c0x5ChFbv2dy3Wogzm0BxTNzM2UH8SycTRaIrBqWhG5jnBbUjfYiwJvkLxX%2BcL1HSDeCFdWn6cZMBZYiFV4b10GRSJtL%2F9Zb9H%2F1ILcJf9zFtHvWIizRbkWn%2FE0wH7SztHGssNlfenyDb%2Bw
INFO: [ app_begin ] --START--
INFO: Run ReadHtmlCache Behavior [ RunTime:0.001036s ]
INFO: [ app_begin ] --END-- [ RunTime:0.001160s ]
NOTIC: [8] Constant UC_CLIENT_VERSION already defined D:\wwwroot\mainweb\sdk\api\UcApi\Lib\Action\IndexAction.class.php 第 4 行.
NOTIC: [8] Constant UC_CLIENT_RELEASE already defined D:\wwwroot\mainweb\sdk\api\UcApi\Lib\Action\IndexAction.class.php 第 5 行.
NOTIC: [2048] Only variables should be passed by reference D:\wwwroot\mainweb\sdk\api\UcApi\Lib\Action\IndexAction.class.php 第 63 行.
NOTIC: [8] Constant API_RETURN_FAILED already defined D:\wwwroot\mainweb\sdk\uc_client\model\note.php 第 16 行.
SQL: SHOW COLUMNS FROM `sdk_accounts` [ RunTime:0.002418s ]
SQL: SELECT * FROM `sdk_accounts` WHERE ( `account_id` = 1037 ) LIMIT 1   [ RunTime:0.000234s ]

[ 2013-12-08T13:56:17+08:00 ] 192.168.201.154 /api/uc.php?time=1386482177&code=30b1JHtYojDzKPuaekc%2B7DAUQy3eRfiWaQso4%2FWDOWy6uxZbp17m4RXSQ5%2BZBWdUPKW%2BWY1Htocu9bUEg6ySEFUcpgyNTdlha7GiqCtHqiPPXJF%2Biwg1G0tWbCIsmKbTZBfgW4PM3Tp4iPYOBy6yQGSrCDSisjfVsy67BgQ
INFO: [ app_begin ] --START--
INFO: Run ReadHtmlCache Behavior [ RunTime:0.001089s ]
INFO: [ app_begin ] --END-- [ RunTime:0.001183s ]
NOTIC: [8] Constant UC_CLIENT_VERSION already defined D:\wwwroot\mainweb\sdk\api\UcApi\Lib\Action\IndexAction.class.php 第 4 行.
NOTIC: [8] Constant UC_CLIENT_RELEASE already defined D:\wwwroot\mainweb\sdk\api\UcApi\Lib\Action\IndexAction.class.php 第 5 行.
NOTIC: [2048] Only variables should be passed by reference D:\wwwroot\mainweb\sdk\api\UcApi\Lib\Action\IndexAction.class.php 第 63 行.
NOTIC: [8] Constant API_RETURN_FAILED already defined D:\wwwroot\mainweb\sdk\uc_client\model\note.php 第 16 行.
SQL: SHOW COLUMNS FROM `sdk_accounts` [ RunTime:0.002047s ]
SQL: SELECT * FROM `sdk_accounts` WHERE ( `account_id` = 1750 ) LIMIT 1   [ RunTime:0.000316s ]

[ 2013-12-08T13:56:56+08:00 ] 192.168.201.154 /api/uc.php?time=1386482215&code=30f6cRYXfyPEG68GaZ8gXia61%2Fd4aA93ZgaZiwDDEEtvojaek4JeJwHytvjTwNLz%2Bm46tw%2FTJD3x6ca3nA
INFO: [ app_begin ] --START--
INFO: Run ReadHtmlCache Behavior [ RunTime:0.001107s ]
INFO: [ app_begin ] --END-- [ RunTime:0.001204s ]
NOTIC: [8] Constant UC_CLIENT_VERSION already defined D:\wwwroot\mainweb\sdk\api\UcApi\Lib\Action\IndexAction.class.php 第 4 行.
NOTIC: [8] Constant UC_CLIENT_RELEASE already defined D:\wwwroot\mainweb\sdk\api\UcApi\Lib\Action\IndexAction.class.php 第 5 行.
NOTIC: [2048] Only variables should be passed by reference D:\wwwroot\mainweb\sdk\api\UcApi\Lib\Action\IndexAction.class.php 第 63 行.

[ 2013-12-08T13:57:01+08:00 ] 192.168.201.154 /api/uc.php?time=1386482221&code=565eS2J6nW%2BYAP5tkwAwGcx1mxaSA5rvvMTdWmS9eZVUmBJSDPheu7vcnZI94FBcJ%2FUUImSbtKLeRVgg%2B2ONiIe6ZvjNelVexjhLwK2EYv%2ByFF6O1uqEqbW2cn9%2BmGBsdR4hli0F6FASpErAGYW1qEX8RgBQbpRYrIsYGKs
INFO: [ app_begin ] --START--
INFO: Run ReadHtmlCache Behavior [ RunTime:0.000919s ]
INFO: [ app_begin ] --END-- [ RunTime:0.001009s ]
NOTIC: [8] Constant UC_CLIENT_VERSION already defined D:\wwwroot\mainweb\sdk\api\UcApi\Lib\Action\IndexAction.class.php 第 4 行.
NOTIC: [8] Constant UC_CLIENT_RELEASE already defined D:\wwwroot\mainweb\sdk\api\UcApi\Lib\Action\IndexAction.class.php 第 5 行.
NOTIC: [2048] Only variables should be passed by reference D:\wwwroot\mainweb\sdk\api\UcApi\Lib\Action\IndexAction.class.php 第 63 行.
NOTIC: [8] Constant API_RETURN_FAILED already defined D:\wwwroot\mainweb\sdk\uc_client\model\note.php 第 16 行.
SQL: SHOW COLUMNS FROM `sdk_accounts` [ RunTime:0.001976s ]
SQL: SELECT * FROM `sdk_accounts` WHERE ( `account_id` = 1750 ) LIMIT 1   [ RunTime:0.000228s ]

[ 2013-12-08T14:00:14+08:00 ] 192.168.174.17 /api/uc.php?time=1386482414&code=5e85RkQGdlcxPQG1DQZsaK2EM0GLvhyllgZICAOi2JaJfkeZDRcxaQQovfr3s2cHoBymN6iq0AbNbguiIJO8te8wum0DF6IEK1yExxXqyP71E%2BKFfixvJl2Ku7IxMwhb3ReDqFwtoOuCcu1XpROjsvxIPNUE4X2rD0VXctg
INFO: [ app_begin ] --START--
INFO: Run ReadHtmlCache Behavior [ RunTime:0.001074s ]
INFO: [ app_begin ] --END-- [ RunTime:0.001164s ]
NOTIC: [8] Constant UC_CLIENT_VERSION already defined D:\wwwroot\mainweb\sdk\api\UcApi\Lib\Action\IndexAction.class.php 第 4 行.
NOTIC: [8] Constant UC_CLIENT_RELEASE already defined D:\wwwroot\mainweb\sdk\api\UcApi\Lib\Action\IndexAction.class.php 第 5 行.
NOTIC: [2048] Only variables should be passed by reference D:\wwwroot\mainweb\sdk\api\UcApi\Lib\Action\IndexAction.class.php 第 63 行.
NOTIC: [8] Constant API_RETURN_FAILED already defined D:\wwwroot\mainweb\sdk\uc_client\model\note.php 第 16 行.
SQL: SHOW COLUMNS FROM `sdk_accounts` [ RunTime:0.001988s ]
SQL: SELECT * FROM `sdk_accounts` WHERE ( `account_id` = 947 ) LIMIT 1   [ RunTime:0.000424s ]

[ 2013-12-08T14:09:36+08:00 ] 192.168.163.206 /api/uc.php?time=1386482976&code=a3b5GRHJHU5WdPWpa%2BDWTXYe01bRMGLg7LD6X8u48HWlxlR7dysvCbFU6KUyNWmAE7k7u55kaWSQiBNh8Zo3rnNCkkp9YOzXZWWspQ5s2%2F%2FR7glbNFHDvTQG2%2FQgD4Kpe7uUd%2FDZiWGtKmaKrl1A2iRXUVQMLOmEqAAdG3O3d%2BH2VqgXhA
INFO: [ app_begin ] --START--
INFO: Run ReadHtmlCache Behavior [ RunTime:0.001130s ]
INFO: [ app_begin ] --END-- [ RunTime:0.001221s ]
NOTIC: [8] Constant UC_CLIENT_VERSION already defined D:\wwwroot\mainweb\sdk\api\UcApi\Lib\Action\IndexAction.class.php 第 4 行.
NOTIC: [8] Constant UC_CLIENT_RELEASE already defined D:\wwwroot\mainweb\sdk\api\UcApi\Lib\Action\IndexAction.class.php 第 5 行.
NOTIC: [2048] Only variables should be passed by reference D:\wwwroot\mainweb\sdk\api\UcApi\Lib\Action\IndexAction.class.php 第 63 行.
NOTIC: [8] Constant API_RETURN_FAILED already defined D:\wwwroot\mainweb\sdk\uc_client\model\note.php 第 16 行.
SQL: SHOW COLUMNS FROM `sdk_accounts` [ RunTime:0.002101s ]
SQL: SELECT * FROM `sdk_accounts` WHERE ( `account_id` = 2089 ) LIMIT 1   [ RunTime:0.000550s ]

[ 2013-12-08T14:45:51+08:00 ] 192.168.165.9 /api/uc.php?time=1386485151&code=a017qgnCnaPr9c4oiVySd6yuPhHgnoy3fgDxoa8j33ET%2FucRyMPIhL39bzD3dIlwCnAJxc5iXz5%2FXUvMEvXpJpR6q7hjh%2BVUSQJeKaO1e%2BPJYT1DxEQg%2FVMi0ZL00WkN9Lg6%2FIrj8%2BAsjaPh7A%2BlmgfdjP6IaigVka9e88chNs273BmA
INFO: [ app_begin ] --START--
INFO: Run ReadHtmlCache Behavior [ RunTime:0.001082s ]
INFO: [ app_begin ] --END-- [ RunTime:0.001173s ]
NOTIC: [8] Constant UC_CLIENT_VERSION already defined D:\wwwroot\mainweb\sdk\api\UcApi\Lib\Action\IndexAction.class.php 第 4 行.
NOTIC: [8] Constant UC_CLIENT_RELEASE already defined D:\wwwroot\mainweb\sdk\api\UcApi\Lib\Action\IndexAction.class.php 第 5 行.
NOTIC: [2048] Only variables should be passed by reference D:\wwwroot\mainweb\sdk\api\UcApi\Lib\Action\IndexAction.class.php 第 63 行.
NOTIC: [8] Constant API_RETURN_FAILED already defined D:\wwwroot\mainweb\sdk\uc_client\model\note.php 第 16 行.
SQL: SHOW COLUMNS FROM `sdk_accounts` [ RunTime:0.002168s ]
SQL: SELECT * FROM `sdk_accounts` WHERE ( `account_id` = 1542 ) LIMIT 1   [ RunTime:0.000489s ]

[ 2013-12-08T15:17:35+08:00 ] 192.168.162.11 /api/uc.php?time=1386487055&code=32bfOJfL25AaoA7GN1DSCSNlit8yoBCyfRmhYcNUPv9udvzVQz2PLrmVorrh7OiFGHpCcslTfnKfH5%2BV85JHWz0gxmPwZ4Ii8JJHDlcIO%2Fol9p3acOO5B9ljLiMu8rykcFTfFVctwXrHjuzHF%2B6hnC2BIMGdYyi7cixTMWp3
INFO: [ app_begin ] --START--
INFO: Run ReadHtmlCache Behavior [ RunTime:0.000707s ]
INFO: [ app_begin ] --END-- [ RunTime:0.000800s ]
NOTIC: [8] Constant UC_CLIENT_VERSION already defined D:\wwwroot\mainweb\sdk\api\UcApi\Lib\Action\IndexAction.class.php 第 4 行.
NOTIC: [8] Constant UC_CLIENT_RELEASE already defined D:\wwwroot\mainweb\sdk\api\UcApi\Lib\Action\IndexAction.class.php 第 5 行.
NOTIC: [2048] Only variables should be passed by reference D:\wwwroot\mainweb\sdk\api\UcApi\Lib\Action\IndexAction.class.php 第 63 行.
NOTIC: [8] Constant API_RETURN_FAILED already defined D:\wwwroot\mainweb\sdk\uc_client\model\note.php 第 16 行.
SQL: SHOW COLUMNS FROM `sdk_accounts` [ RunTime:0.002148s ]
SQL: SELECT * FROM `sdk_accounts` WHERE ( `account_id` = 668 ) LIMIT 1   [ RunTime:0.000519s ]

[ 2013-12-08T16:35:30+08:00 ] 192.168.191.23 /api/uc.php?time=1386491730&code=3259bjDRsdZ1AeUKzgmgV%2B11bntLBIzQwsJvpqc%2F8lg%2BlZ6nPivHd%2Frt3ftzfGBv8SzpHP3nM%2Bg1m86H8fNeTiEhz%2BvVnvCp0zE311sBfVnKR9K0b2xfDCg2VO7dErZ5j%2BeKhHh51Oo9n92RgQZssmXJkh0hP%2FXQFfR0yBOP
INFO: [ app_begin ] --START--
INFO: Run ReadHtmlCache Behavior [ RunTime:0.001148s ]
INFO: [ app_begin ] --END-- [ RunTime:0.001238s ]
NOTIC: [8] Constant UC_CLIENT_VERSION already defined D:\wwwroot\mainweb\sdk\api\UcApi\Lib\Action\IndexAction.class.php 第 4 行.
NOTIC: [8] Constant UC_CLIENT_RELEASE already defined D:\wwwroot\mainweb\sdk\api\UcApi\Lib\Action\IndexAction.class.php 第 5 行.
NOTIC: [2048] Only variables should be passed by reference D:\wwwroot\mainweb\sdk\api\UcApi\Lib\Action\IndexAction.class.php 第 63 行.
NOTIC: [8] Constant API_RETURN_FAILED already defined D:\wwwroot\mainweb\sdk\uc_client\model\note.php 第 16 行.
SQL: SHOW COLUMNS FROM `sdk_accounts` [ RunTime:0.002241s ]
SQL: SELECT * FROM `sdk_accounts` WHERE ( `account_id` = 723 ) LIMIT 1   [ RunTime:0.000603s ]

[ 2013-12-08T17:04:41+08:00 ] 192.168.163.201 /api/uc.php?time=1386493480&code=426f1SrFqU3DAeRiwaPiRCxmhOpxMrSfZH6jvf7r1LsKWsdIppBh5j3oFoCMeQGpDgfKp7exII%2B%2FA9wCgkm%2B%2BQIyBWls%2B6rWX73uktHHPnV7mnLOGrRwUPpJxM1tXkf8ck6iu9cVEYlgf%2FlRg0ucTShLDaUUNvYLZ5vcxhvdHoP2
INFO: [ app_begin ] --START--
INFO: Run ReadHtmlCache Behavior [ RunTime:0.001331s ]
INFO: [ app_begin ] --END-- [ RunTime:0.001426s ]
NOTIC: [8] Constant UC_CLIENT_VERSION already defined D:\wwwroot\mainweb\sdk\api\UcApi\Lib\Action\IndexAction.class.php 第 4 行.
NOTIC: [8] Constant UC_CLIENT_RELEASE already defined D:\wwwroot\mainweb\sdk\api\UcApi\Lib\Action\IndexAction.class.php 第 5 行.
NOTIC: [2048] Only variables should be passed by reference D:\wwwroot\mainweb\sdk\api\UcApi\Lib\Action\IndexAction.class.php 第 63 行.
NOTIC: [8] Constant API_RETURN_FAILED already defined D:\wwwroot\mainweb\sdk\uc_client\model\note.php 第 16 行.
SQL: SHOW COLUMNS FROM `sdk_accounts` [ RunTime:0.002321s ]
SQL: SELECT * FROM `sdk_accounts` WHERE ( `account_id` = 423 ) LIMIT 1   [ RunTime:0.000410s ]

[ 2013-12-08T17:20:18+08:00 ] 192.168.235.229 /api/uc.php?time=1386494418&code=9083IShgxsgh6oShRzF3QH5w2cRlw5doqhsrUU1pxgcPEJbNkodMhP7HRDOlGGWM2WT2qnk%2B%2FmCSkBq9QFshsIzfOpij6c8DHijzwWPhUFRDHCE%2B%2Fz7eQCIu5cYXvvFzpxh7zJPVz14aaOLG0bTQnpZ0hdLyWFsan6oDqAuJa9M
INFO: [ app_begin ] --START--
INFO: Run ReadHtmlCache Behavior [ RunTime:0.001125s ]
INFO: [ app_begin ] --END-- [ RunTime:0.001218s ]
NOTIC: [8] Constant UC_CLIENT_VERSION already defined D:\wwwroot\mainweb\sdk\api\UcApi\Lib\Action\IndexAction.class.php 第 4 行.
NOTIC: [8] Constant UC_CLIENT_RELEASE already defined D:\wwwroot\mainweb\sdk\api\UcApi\Lib\Action\IndexAction.class.php 第 5 行.
NOTIC: [2048] Only variables should be passed by reference D:\wwwroot\mainweb\sdk\api\UcApi\Lib\Action\IndexAction.class.php 第 63 行.
NOTIC: [8] Constant API_RETURN_FAILED already defined D:\wwwroot\mainweb\sdk\uc_client\model\note.php 第 16 行.
SQL: SHOW COLUMNS FROM `sdk_accounts` [ RunTime:0.002062s ]
SQL: SELECT * FROM `sdk_accounts` WHERE ( `account_id` = 573 ) LIMIT 1   [ RunTime:0.000325s ]

[ 2013-12-08T17:34:01+08:00 ] 192.168.203.212 /api/uc.php?time=1386495241&code=91ae3DXTtfTMvsoHALg8%2B0gg4Fenmum85qHdFftYJd3LoddS2Nr7BriSKB25tmXfu%2B47L%2Bwus%2FnEOdGGE%2BRFg6E2e7Tua79fsptTZ79UxiHFYILSADhC9tKwIYBDHMGiEt8RhCP%2BzM4DEQcoxaGdt5wUxdwLIvkbeKfGZDOshhVzYdtVjg
INFO: [ app_begin ] --START--
INFO: Run ReadHtmlCache Behavior [ RunTime:0.001058s ]
INFO: [ app_begin ] --END-- [ RunTime:0.001198s ]
NOTIC: [8] Constant UC_CLIENT_VERSION already defined D:\wwwroot\mainweb\sdk\api\UcApi\Lib\Action\IndexAction.class.php 第 4 行.
NOTIC: [8] Constant UC_CLIENT_RELEASE already defined D:\wwwroot\mainweb\sdk\api\UcApi\Lib\Action\IndexAction.class.php 第 5 行.
NOTIC: [2048] Only variables should be passed by reference D:\wwwroot\mainweb\sdk\api\UcApi\Lib\Action\IndexAction.class.php 第 63 行.
NOTIC: [8] Constant API_RETURN_FAILED already defined D:\wwwroot\mainweb\sdk\uc_client\model\note.php 第 16 行.
SQL: SHOW COLUMNS FROM `sdk_accounts` [ RunTime:0.001935s ]
SQL: SELECT * FROM `sdk_accounts` WHERE ( `account_id` = 1912 ) LIMIT 1   [ RunTime:0.000540s ]

[ 2013-12-08T17:55:02+08:00 ] 192.168.152.101 /api/uc.php?time=1386496502&code=5354E%2FCF5LEivZ0mpsSwFi4zKj%2BKGzYjukzul%2BsuMpJBLxG87ImkLYB4ONTxBqfjUuLWXdFLoneiLsxqzqRrOpW6yuGXt6sS9qfG8AgZR37Pz0q9euYr7yeHpmInw5ftGCsZsJEkxPC6S4nVdQv99W91wKJfIa0xCAe9mEGhvdE
INFO: [ app_begin ] --START--
INFO: Run ReadHtmlCache Behavior [ RunTime:0.001033s ]
INFO: [ app_begin ] --END-- [ RunTime:0.001125s ]
NOTIC: [8] Constant UC_CLIENT_VERSION already defined D:\wwwroot\mainweb\sdk\api\UcApi\Lib\Action\IndexAction.class.php 第 4 行.
NOTIC: [8] Constant UC_CLIENT_RELEASE already defined D:\wwwroot\mainweb\sdk\api\UcApi\Lib\Action\IndexAction.class.php 第 5 行.
NOTIC: [2048] Only variables should be passed by reference D:\wwwroot\mainweb\sdk\api\UcApi\Lib\Action\IndexAction.class.php 第 63 行.
NOTIC: [8] Constant API_RETURN_FAILED already defined D:\wwwroot\mainweb\sdk\uc_client\model\note.php 第 16 行.
SQL: SHOW COLUMNS FROM `sdk_accounts` [ RunTime:0.002022s ]
SQL: SELECT * FROM `sdk_accounts` WHERE ( `account_id` = 1228 ) LIMIT 1   [ RunTime:0.000346s ]

[ 2013-12-08T17:58:56+08:00 ] 192.168.201.146 /api/uc.php?time=1386496736&code=81894p7BvjW7wl6hAhduJOMJvkKYS0zGd9CeCpwMMQ4iLXIJJRItHcne1L2U2OoMlVQi7nIx8KYmS3SZPWtZKjCdypzQEAcmkZOCjoJ%2BF8GjnD%2Bolr2O0ytTg%2BhqWz5wBVHPPxy%2BzQyQMwDgFp28i2i3CVyhPvfzbZ%2BeiwdDCMXlWQ
INFO: [ app_begin ] --START--
INFO: Run ReadHtmlCache Behavior [ RunTime:0.001054s ]
INFO: [ app_begin ] --END-- [ RunTime:0.001146s ]
NOTIC: [8] Constant UC_CLIENT_VERSION already defined D:\wwwroot\mainweb\sdk\api\UcApi\Lib\Action\IndexAction.class.php 第 4 行.
NOTIC: [8] Constant UC_CLIENT_RELEASE already defined D:\wwwroot\mainweb\sdk\api\UcApi\Lib\Action\IndexAction.class.php 第 5 行.
NOTIC: [2048] Only variables should be passed by reference D:\wwwroot\mainweb\sdk\api\UcApi\Lib\Action\IndexAction.class.php 第 63 行.
NOTIC: [8] Constant API_RETURN_FAILED already defined D:\wwwroot\mainweb\sdk\uc_client\model\note.php 第 16 行.
SQL: SHOW COLUMNS FROM `sdk_accounts` [ RunTime:0.001906s ]
SQL: SELECT * FROM `sdk_accounts` WHERE ( `account_id` = 1428 ) LIMIT 1   [ RunTime:0.000544s ]

[ 2013-12-08T18:04:27+08:00 ] 192.168.163.69 /api/uc.php?time=1386497067&code=477cpbpO4N5GjLhFJxINgCGapZu%2FG%2BnrkQEL6lBtoA9zFfAzgS1GrYyOVWFmAWhKZXBAgHXF9gu9RsjVwJpd43RpEOmyuhEQQLYbRv%2BZ%2FiyuNScFde3Ay8X1AqhloMLf540mHwNq7lh2vTMEDnBOcj8aTJp4E%2FrjvQfTjJP53Q
INFO: [ app_begin ] --START--
INFO: Run ReadHtmlCache Behavior [ RunTime:0.001348s ]
INFO: [ app_begin ] --END-- [ RunTime:0.001439s ]
NOTIC: [8] Constant UC_CLIENT_VERSION already defined D:\wwwroot\mainweb\sdk\api\UcApi\Lib\Action\IndexAction.class.php 第 4 行.
NOTIC: [8] Constant UC_CLIENT_RELEASE already defined D:\wwwroot\mainweb\sdk\api\UcApi\Lib\Action\IndexAction.class.php 第 5 行.
NOTIC: [2048] Only variables should be passed by reference D:\wwwroot\mainweb\sdk\api\UcApi\Lib\Action\IndexAction.class.php 第 63 行.
NOTIC: [8] Constant API_RETURN_FAILED already defined D:\wwwroot\mainweb\sdk\uc_client\model\note.php 第 16 行.
SQL: SHOW COLUMNS FROM `sdk_accounts` [ RunTime:0.002000s ]
SQL: SELECT * FROM `sdk_accounts` WHERE ( `account_id` = 1103 ) LIMIT 1   [ RunTime:0.000240s ]

[ 2013-12-08T18:28:57+08:00 ] 192.168.187.43 /api/uc.php?time=1386498537&code=e8529IaoLUmxd3Lcay7L42pqiIK9pWOTXIcR%2BlzTrkaajQdEcAfqwIj6KaaE%2FUpRZzHE6bzlzUMyK4Zfc98kAN9AGeq8%2Bwref56NsTFFrsSSBM3Gu5e5gdARSe75QKmb8s3LVCsiVwSwZf%2FYCNrlDz5lA%2FVhQWuIjxo%2BURTLTIIkAg
INFO: [ app_begin ] --START--
INFO: Run ReadHtmlCache Behavior [ RunTime:0.001043s ]
INFO: [ app_begin ] --END-- [ RunTime:0.001141s ]
NOTIC: [8] Constant UC_CLIENT_VERSION already defined D:\wwwroot\mainweb\sdk\api\UcApi\Lib\Action\IndexAction.class.php 第 4 行.
NOTIC: [8] Constant UC_CLIENT_RELEASE already defined D:\wwwroot\mainweb\sdk\api\UcApi\Lib\Action\IndexAction.class.php 第 5 行.
NOTIC: [2048] Only variables should be passed by reference D:\wwwroot\mainweb\sdk\api\UcApi\Lib\Action\IndexAction.class.php 第 63 行.
NOTIC: [8] Constant API_RETURN_FAILED already defined D:\wwwroot\mainweb\sdk\uc_client\model\note.php 第 16 行.
SQL: SHOW COLUMNS FROM `sdk_accounts` [ RunTime:0.002222s ]
SQL: SELECT * FROM `sdk_accounts` WHERE ( `account_id` = 2313 ) LIMIT 1   [ RunTime:0.000412s ]

[ 2013-12-08T19:04:37+08:00 ] 192.168.186.143 /api/uc.php?time=1386500677&code=721cUliGy7TV7YlZLYv1Eyb%2Bx4w5NlxFb9S6ASot4FgszZk4EoqJ2Qg1tFRAVy7WrsrEZ4xjQ7d8aCnkBtB9YwOvXxhSZja7qo%2BCiVjf%2BEx6m%2BPbAMgK2k7a5goI7nHjP5LOqQ39qw7QAORDsjvK9n9uYLSxkaV1Uz4pwEuaxZQxXw
INFO: [ app_begin ] --START--
INFO: Run ReadHtmlCache Behavior [ RunTime:0.001047s ]
INFO: [ app_begin ] --END-- [ RunTime:0.001141s ]
NOTIC: [8] Constant UC_CLIENT_VERSION already defined D:\wwwroot\mainweb\sdk\api\UcApi\Lib\Action\IndexAction.class.php 第 4 行.
NOTIC: [8] Constant UC_CLIENT_RELEASE already defined D:\wwwroot\mainweb\sdk\api\UcApi\Lib\Action\IndexAction.class.php 第 5 行.
NOTIC: [2048] Only variables should be passed by reference D:\wwwroot\mainweb\sdk\api\UcApi\Lib\Action\IndexAction.class.php 第 63 行.
NOTIC: [8] Constant API_RETURN_FAILED already defined D:\wwwroot\mainweb\sdk\uc_client\model\note.php 第 16 行.
SQL: SHOW COLUMNS FROM `sdk_accounts` [ RunTime:0.002407s ]
SQL: SELECT * FROM `sdk_accounts` WHERE ( `account_id` = 1471 ) LIMIT 1   [ RunTime:0.000288s ]

[ 2013-12-08T19:38:48+08:00 ] 192.168.140.151 /api/uc.php?time=1386502727&code=55d50mcgbi3xemw%2FQxYmG1J9hvPA%2Fb%2BmmeMi0EUDsrp7DwcUQRXTYUeTmCy4qIG6s%2BzMNTC2mmxtbOemmwA3UT2HyilOWDI7j6jylkbUAV2Anq0eeQ%2FazqrVxYszGyo%2FTU020LOk0WR6%2F0vp8ZVqJATbX5zpDl9daBjF5elT%2Bw
INFO: [ app_begin ] --START--
INFO: Run ReadHtmlCache Behavior [ RunTime:0.001037s ]
INFO: [ app_begin ] --END-- [ RunTime:0.001130s ]
NOTIC: [8] Constant UC_CLIENT_VERSION already defined D:\wwwroot\mainweb\sdk\api\UcApi\Lib\Action\IndexAction.class.php 第 4 行.
NOTIC: [8] Constant UC_CLIENT_RELEASE already defined D:\wwwroot\mainweb\sdk\api\UcApi\Lib\Action\IndexAction.class.php 第 5 行.
NOTIC: [2048] Only variables should be passed by reference D:\wwwroot\mainweb\sdk\api\UcApi\Lib\Action\IndexAction.class.php 第 63 行.
NOTIC: [8] Constant API_RETURN_FAILED already defined D:\wwwroot\mainweb\sdk\uc_client\model\note.php 第 16 行.
SQL: SHOW COLUMNS FROM `sdk_accounts` [ RunTime:0.002114s ]
SQL: SELECT * FROM `sdk_accounts` WHERE ( `account_id` = 2058 ) LIMIT 1   [ RunTime:0.000331s ]

[ 2013-12-08T20:31:10+08:00 ] 192.168.175.99 /api/uc.php?time=1386505870&code=d44f%2BqJ6JBLs%2FyDFTiH%2BBat8E%2BUxAi5UUQevLVPoRnCuDZKmXOQ7CFugbTUip978GDfVZGCmeKTbJ3%2F%2FenVMXlFOUBqBBiHDxfdn5My36GKll52xXKm93YmJNW5RWCjBW%2BIx%2BUdOGUUpe%2FM0jDVyb17Pf79WfmnTi%2FZ7iicx
INFO: [ app_begin ] --START--
INFO: Run ReadHtmlCache Behavior [ RunTime:0.001058s ]
INFO: [ app_begin ] --END-- [ RunTime:0.001153s ]
NOTIC: [8] Constant UC_CLIENT_VERSION already defined D:\wwwroot\mainweb\sdk\api\UcApi\Lib\Action\IndexAction.class.php 第 4 行.
NOTIC: [8] Constant UC_CLIENT_RELEASE already defined D:\wwwroot\mainweb\sdk\api\UcApi\Lib\Action\IndexAction.class.php 第 5 行.
NOTIC: [2048] Only variables should be passed by reference D:\wwwroot\mainweb\sdk\api\UcApi\Lib\Action\IndexAction.class.php 第 63 行.
NOTIC: [8] Constant API_RETURN_FAILED already defined D:\wwwroot\mainweb\sdk\uc_client\model\note.php 第 16 行.
SQL: SHOW COLUMNS FROM `sdk_accounts` [ RunTime:0.002281s ]
SQL: SELECT * FROM `sdk_accounts` WHERE ( `account_id` = 1537 ) LIMIT 1   [ RunTime:0.000386s ]

[ 2013-12-08T23:37:35+08:00 ] 192.168.166.241 /api/uc.php?time=1386517055&code=f2e3okN4oeP4oB8xSy4r%2FcruYEBLY3DRIKJE4IECvU293c5vo%2BfrllBppVzXf88cw5emgElFL2ISPU1M55Vd2gCEObr23caIFQ5m%2FidvaQ2Lf72UY8m78%2BSE9O2AxIwbP2o8ylEgIY%2FbX5B%2FuAqpEwHZFjm6uL521xRFoce2KwXQqFd4
INFO: [ app_begin ] --START--
INFO: Run ReadHtmlCache Behavior [ RunTime:0.001332s ]
INFO: [ app_begin ] --END-- [ RunTime:0.001427s ]
NOTIC: [8] Constant UC_CLIENT_VERSION already defined D:\wwwroot\mainweb\sdk\api\UcApi\Lib\Action\IndexAction.class.php 第 4 行.
NOTIC: [8] Constant UC_CLIENT_RELEASE already defined D:\wwwroot\mainweb\sdk\api\UcApi\Lib\Action\IndexAction.class.php 第 5 行.
NOTIC: [2048] Only variables should be passed by reference D:\wwwroot\mainweb\sdk\api\UcApi\Lib\Action\IndexAction.class.php 第 63 行.
NOTIC: [8] Constant API_RETURN_FAILED already defined D:\wwwroot\mainweb\sdk\uc_client\model\note.php 第 16 行.
SQL: SHOW COLUMNS FROM `sdk_accounts` [ RunTime:0.002248s ]
SQL: SELECT * FROM `sdk_accounts` WHERE ( `account_id` = 953 ) LIMIT 1   [ RunTime:0.000377s ]

[ 2013-12-08T23:44:22+08:00 ] 192.168.142.21 /api/uc.php?time=1386517462&code=9bc6fsMRVHmYe3yAusQzbMk670oHuzM%2BwMl%2FEkF4wf6bkb0yAfmlQUzbec49vQA2pv3HolJFWwNkM4y3pUbLvNNDJ36f7pFAH78sYdgiw3jdMDZKorg7iKoOUD5svBS643kAExFsjz%2BZz%2BDl11o4w5jkNAzSVv3%2BGKvFHQ
INFO: [ app_begin ] --START--
INFO: Run ReadHtmlCache Behavior [ RunTime:0.001037s ]
INFO: [ app_begin ] --END-- [ RunTime:0.001129s ]
NOTIC: [8] Constant UC_CLIENT_VERSION already defined D:\wwwroot\mainweb\sdk\api\UcApi\Lib\Action\IndexAction.class.php 第 4 行.
NOTIC: [8] Constant UC_CLIENT_RELEASE already defined D:\wwwroot\mainweb\sdk\api\UcApi\Lib\Action\IndexAction.class.php 第 5 行.
NOTIC: [2048] Only variables should be passed by reference D:\wwwroot\mainweb\sdk\api\UcApi\Lib\Action\IndexAction.class.php 第 63 行.
NOTIC: [8] Constant API_RETURN_FAILED already defined D:\wwwroot\mainweb\sdk\uc_client\model\note.php 第 16 行.
SQL: SHOW COLUMNS FROM `sdk_accounts` [ RunTime:0.002091s ]
SQL: SELECT * FROM `sdk_accounts` WHERE ( `account_id` = 659 ) LIMIT 1   [ RunTime:0.000560s ]

[ 2013-12-08T23:55:22+08:00 ] 192.168.173.15 /api/uc.php?time=1386518122&code=88a4Jn9RNNUMzvg4h0JDEL01sRWOqlZ8Q9TnzI0iGOJZaJ7Wv68pv5ZQZvGQj7aJk168esFZ3dd6FJ%2BW3fLJq4wCmh2Yn8kchwPEJtcROTYTVEkWWxkM7ci2s%2Bgf%2Fg%2F811kxvv6FQ0jfAA7uzOJJ9aIAdJKPnaEdj%2Bm%2BhQ27SbCIlQFvTi5aSg
INFO: [ app_begin ] --START--
INFO: Run ReadHtmlCache Behavior [ RunTime:0.001295s ]
INFO: [ app_begin ] --END-- [ RunTime:0.001395s ]
NOTIC: [8] Constant UC_CLIENT_VERSION already defined D:\wwwroot\mainweb\sdk\api\UcApi\Lib\Action\IndexAction.class.php 第 4 行.
NOTIC: [8] Constant UC_CLIENT_RELEASE already defined D:\wwwroot\mainweb\sdk\api\UcApi\Lib\Action\IndexAction.class.php 第 5 行.
NOTIC: [2048] Only variables should be passed by reference D:\wwwroot\mainweb\sdk\api\UcApi\Lib\Action\IndexAction.class.php 第 63 行.
NOTIC: [8] Constant API_RETURN_FAILED already defined D:\wwwroot\mainweb\sdk\uc_client\model\note.php 第 16 行.
SQL: SHOW COLUMNS FROM `sdk_accounts` [ RunTime:0.002167s ]
SQL: SELECT * FROM `sdk_accounts` WHERE ( `account_id` = 2437 ) LIMIT 1   [ RunTime:0.000305s ]

