[ 2013-11-22T00:03:27+08:00 ] 192.168.187.43 /api/uc.php?time=1385049805&code=ed7aP6PKctrP06BlxkKOwmu2eJNz3JzbesnYLL%2B715iZUTXHUk5QZcUh0wlghYh8Lw%2BEAzLzXj%2FD2bmFnZ7bSNaq7iZANjF1Mss17qxf3Tw814Zpa8kk3KbZ%2F2mSyQSQdk1btubmI1N%2B9Zro3eWavOsqByUtS74Kwh9nUC1ENb37Zg
INFO: [ app_begin ] --START--
INFO: Run ReadHtmlCache Behavior [ RunTime:0.001072s ]
INFO: [ app_begin ] --END-- [ RunTime:0.001166s ]
NOTIC: [8] Constant UC_CLIENT_VERSION already defined D:\wwwroot\mainweb\sdk\api\UcApi\Lib\Action\IndexAction.class.php 第 4 行.
NOTIC: [8] Constant UC_CLIENT_RELEASE already defined D:\wwwroot\mainweb\sdk\api\UcApi\Lib\Action\IndexAction.class.php 第 5 行.
NOTIC: [2048] Only variables should be passed by reference D:\wwwroot\mainweb\sdk\api\UcApi\Lib\Action\IndexAction.class.php 第 63 行.
NOTIC: [8] Constant API_RETURN_FAILED already defined D:\wwwroot\mainweb\sdk\uc_client\model\note.php 第 16 行.
SQL: SHOW COLUMNS FROM `sdk_accounts` [ RunTime:0.002117s ]
SQL: SELECT * FROM `sdk_accounts` WHERE ( `account_id` = 2313 ) LIMIT 1   [ RunTime:0.000554s ]

[ 2013-11-22T00:29:22+08:00 ] 180.153.114.199 /api/uc.php?time=1385051361&code=540dWXUHQcRoh8Q2ng%2Bk1DgZGnpLvHQBAZHqzCTLcjUziCNqu1VjX7Sj9X6kiS8%2FCUhLsqpPXhKclk%2FbypCdTcfPpdzy79XmIDgSXTKKSB1fgIneiMg1VAZZzO1Yd5E1rdP3Abw%2FL6cI80JYTobOf627rLL3%2B2qmYLYxTtMYR0Egaw
INFO: [ app_begin ] --START--
INFO: Run ReadHtmlCache Behavior [ RunTime:0.000747s ]
INFO: [ app_begin ] --END-- [ RunTime:0.000841s ]
NOTIC: [8] Constant UC_CLIENT_VERSION already defined D:\wwwroot\mainweb\sdk\api\UcApi\Lib\Action\IndexAction.class.php 第 4 行.
NOTIC: [8] Constant UC_CLIENT_RELEASE already defined D:\wwwroot\mainweb\sdk\api\UcApi\Lib\Action\IndexAction.class.php 第 5 行.
NOTIC: [2048] Only variables should be passed by reference D:\wwwroot\mainweb\sdk\api\UcApi\Lib\Action\IndexAction.class.php 第 63 行.
NOTIC: [8] Constant API_RETURN_FAILED already defined D:\wwwroot\mainweb\sdk\uc_client\model\note.php 第 16 行.
SQL: SHOW COLUMNS FROM `sdk_accounts` [ RunTime:0.002058s ]
SQL: SELECT * FROM `sdk_accounts` WHERE ( `account_id` = 2581 ) LIMIT 1   [ RunTime:0.000393s ]
SQL: INSERT INTO `sdk_accounts` (`account_id`,`user_name`,`email`,`password`,`reg_time`) VALUES (2581,'陈美晨','1074093389@qq.com','bca956cc4b3ef30a643bf0272719160f1321e8f0',1385051362) [ RunTime:0.001395s ]

[ 2013-11-22T09:48:14+08:00 ] 192.168.187.68 /api/uc.php?time=1385084894&code=fe05Ufd2hyYsUtjQuMnEBLZawExgMxP417sahahmASrl8Qw8JMAgX1N7s24jdAsT%2FP%2FSxA5hywstFLLP4CQfte7lnRix26lijtllwnikC7u71JOeH%2FjF%2BkMXYN1Vx%2BQj3snVO920X9yWIQT5vrKPgmal07EjY05spxSuM9eNZ%2Fk44A
INFO: [ app_begin ] --START--
INFO: Run ReadHtmlCache Behavior [ RunTime:0.000717s ]
INFO: [ app_begin ] --END-- [ RunTime:0.000809s ]
NOTIC: [8] Constant UC_CLIENT_VERSION already defined D:\wwwroot\mainweb\sdk\api\UcApi\Lib\Action\IndexAction.class.php 第 4 行.
NOTIC: [8] Constant UC_CLIENT_RELEASE already defined D:\wwwroot\mainweb\sdk\api\UcApi\Lib\Action\IndexAction.class.php 第 5 行.
NOTIC: [2048] Only variables should be passed by reference D:\wwwroot\mainweb\sdk\api\UcApi\Lib\Action\IndexAction.class.php 第 63 行.
NOTIC: [8] Constant API_RETURN_FAILED already defined D:\wwwroot\mainweb\sdk\uc_client\model\note.php 第 16 行.
SQL: SHOW COLUMNS FROM `sdk_accounts` [ RunTime:0.002318s ]
SQL: SELECT * FROM `sdk_accounts` WHERE ( `account_id` = 2457 ) LIMIT 1   [ RunTime:0.000460s ]

[ 2013-11-22T09:49:39+08:00 ] 192.168.203.216 /api/uc.php?time=1385084978&code=1307ig0rAkGQBzjuRxDB5A1nvTzgMGE8ztsUyDCa%2FTPvdWoEKssqRfyX3OqPDd59H3qIajBcC0RkfcKDrKk5S2PcP2ndlY4WBZ5HuQCrGamyhNJ%2Fp4W2KYMpO3TX7Z0arPYKzFpctRIosJwsVBfhaXBMujWAVBpI0RMhdNP%2Fww
INFO: [ app_begin ] --START--
INFO: Run ReadHtmlCache Behavior [ RunTime:0.001036s ]
INFO: [ app_begin ] --END-- [ RunTime:0.001131s ]
NOTIC: [8] Constant UC_CLIENT_VERSION already defined D:\wwwroot\mainweb\sdk\api\UcApi\Lib\Action\IndexAction.class.php 第 4 行.
NOTIC: [8] Constant UC_CLIENT_RELEASE already defined D:\wwwroot\mainweb\sdk\api\UcApi\Lib\Action\IndexAction.class.php 第 5 行.
NOTIC: [2048] Only variables should be passed by reference D:\wwwroot\mainweb\sdk\api\UcApi\Lib\Action\IndexAction.class.php 第 63 行.
NOTIC: [8] Constant API_RETURN_FAILED already defined D:\wwwroot\mainweb\sdk\uc_client\model\note.php 第 16 行.
SQL: SHOW COLUMNS FROM `sdk_accounts` [ RunTime:0.002105s ]
SQL: SELECT * FROM `sdk_accounts` WHERE ( `account_id` = 704 ) LIMIT 1   [ RunTime:0.000481s ]

[ 2013-11-22T09:54:03+08:00 ] 192.168.159.91 /api/uc.php?time=1385085243&code=8921y3A%2Bpx%2FUjkyUctrouWJFXUevyz6JtQQd%2FCPHHQ%2FOz3CKnFiRZkQ%2F8LMvwOO6%2FuRWxt8WTpkF6WpB7tiUmxAzUZFrmZZLJWKnNqCObLNBv8wgjZL8h7NITQPF6E70HJPkVHkYdaAJo3c26Af%2FomgVmeGNFswPGY6tI90rTZkg4g
INFO: [ app_begin ] --START--
INFO: Run ReadHtmlCache Behavior [ RunTime:0.000699s ]
INFO: [ app_begin ] --END-- [ RunTime:0.000789s ]
NOTIC: [8] Constant UC_CLIENT_VERSION already defined D:\wwwroot\mainweb\sdk\api\UcApi\Lib\Action\IndexAction.class.php 第 4 行.
NOTIC: [8] Constant UC_CLIENT_RELEASE already defined D:\wwwroot\mainweb\sdk\api\UcApi\Lib\Action\IndexAction.class.php 第 5 行.
NOTIC: [2048] Only variables should be passed by reference D:\wwwroot\mainweb\sdk\api\UcApi\Lib\Action\IndexAction.class.php 第 63 行.
NOTIC: [8] Constant API_RETURN_FAILED already defined D:\wwwroot\mainweb\sdk\uc_client\model\note.php 第 16 行.
SQL: SHOW COLUMNS FROM `sdk_accounts` [ RunTime:0.002033s ]
SQL: SELECT * FROM `sdk_accounts` WHERE ( `account_id` = 1131 ) LIMIT 1   [ RunTime:0.000556s ]

[ 2013-11-22T09:54:10+08:00 ] 192.168.164.77 /api/uc.php?time=1385085250&code=d12auKi2L5uE090cRyLMv69V3BO%2BQ7S%2BmmOony90UDF8JNGlHSDbDVmHCbUuk%2FzQzs%2FDsXYOyGPw2j2lbjkMinhR10bogRLsbExXuXt2CoAG2JQnhWJQHC3PSAhrcdoVYMrUjhDCnwkP1ZpwqT21biAlXYMkZgl22scaFg
INFO: [ app_begin ] --START--
INFO: Run ReadHtmlCache Behavior [ RunTime:0.001037s ]
INFO: [ app_begin ] --END-- [ RunTime:0.001127s ]
NOTIC: [8] Constant UC_CLIENT_VERSION already defined D:\wwwroot\mainweb\sdk\api\UcApi\Lib\Action\IndexAction.class.php 第 4 行.
NOTIC: [8] Constant UC_CLIENT_RELEASE already defined D:\wwwroot\mainweb\sdk\api\UcApi\Lib\Action\IndexAction.class.php 第 5 行.
NOTIC: [2048] Only variables should be passed by reference D:\wwwroot\mainweb\sdk\api\UcApi\Lib\Action\IndexAction.class.php 第 63 行.
NOTIC: [8] Constant API_RETURN_FAILED already defined D:\wwwroot\mainweb\sdk\uc_client\model\note.php 第 16 行.
SQL: SHOW COLUMNS FROM `sdk_accounts` [ RunTime:0.001942s ]
SQL: SELECT * FROM `sdk_accounts` WHERE ( `account_id` = 1702 ) LIMIT 1   [ RunTime:0.000384s ]

[ 2013-11-22T10:24:55+08:00 ] 192.168.187.145 /api/uc.php?time=1385087094&code=f2ebZQc7wH8Sqc3bZgTVl%2Bc%2Fvg8sw8jVJfY0jHxAk7mejbqAtfHtprAoakrjMj03HRsTiHXxkKi5C16HO7mUs%2FtK6kzKiMDs45GXtcm%2F2El9c3G6Lvl3p9yZy6cwU02CzhtvCdG1V8y2fvlN9tNCpzD6X68LX6I3p7Ah%2BDCty7DYUBhXMA
INFO: [ app_begin ] --START--
INFO: Run ReadHtmlCache Behavior [ RunTime:0.000753s ]
INFO: [ app_begin ] --END-- [ RunTime:0.000846s ]
NOTIC: [8] Constant UC_CLIENT_VERSION already defined D:\wwwroot\mainweb\sdk\api\UcApi\Lib\Action\IndexAction.class.php 第 4 行.
NOTIC: [8] Constant UC_CLIENT_RELEASE already defined D:\wwwroot\mainweb\sdk\api\UcApi\Lib\Action\IndexAction.class.php 第 5 行.
NOTIC: [2048] Only variables should be passed by reference D:\wwwroot\mainweb\sdk\api\UcApi\Lib\Action\IndexAction.class.php 第 63 行.
NOTIC: [8] Constant API_RETURN_FAILED already defined D:\wwwroot\mainweb\sdk\uc_client\model\note.php 第 16 行.
SQL: SHOW COLUMNS FROM `sdk_accounts` [ RunTime:0.002586s ]
SQL: SELECT * FROM `sdk_accounts` WHERE ( `account_id` = 2451 ) LIMIT 1   [ RunTime:0.000419s ]

[ 2013-11-22T13:48:15+08:00 ] 192.168.185.172 /api/uc.php?time=1385099295&code=411fG03XUN5aR8rRxDI%2F54V6qArcraf48Y6yxDvkPuWnEG82s5JAN88ZgK9zEQjDtTCySPjAhp6hObBzTDgbz5dt%2B41GfPdh9JTtzXOwqaTCvL%2BaJDqNXWppBw1hGGG%2FsE%2Fr3aIBBFMv2X79znxrHza0TUurR4Vyt1zU6sqWxjYTjYE
INFO: [ app_begin ] --START--
INFO: Run ReadHtmlCache Behavior [ RunTime:0.000702s ]
INFO: [ app_begin ] --END-- [ RunTime:0.000791s ]
NOTIC: [8] Constant UC_CLIENT_VERSION already defined D:\wwwroot\mainweb\sdk\api\UcApi\Lib\Action\IndexAction.class.php 第 4 行.
NOTIC: [8] Constant UC_CLIENT_RELEASE already defined D:\wwwroot\mainweb\sdk\api\UcApi\Lib\Action\IndexAction.class.php 第 5 行.
NOTIC: [2048] Only variables should be passed by reference D:\wwwroot\mainweb\sdk\api\UcApi\Lib\Action\IndexAction.class.php 第 63 行.
NOTIC: [8] Constant API_RETURN_FAILED already defined D:\wwwroot\mainweb\sdk\uc_client\model\note.php 第 16 行.
SQL: SHOW COLUMNS FROM `sdk_accounts` [ RunTime:0.002187s ]
SQL: SELECT * FROM `sdk_accounts` WHERE ( `account_id` = 2410 ) LIMIT 1   [ RunTime:0.000510s ]

[ 2013-11-22T15:18:38+08:00 ] 192.168.166.67 /api/uc.php?time=1385104717&code=85b0Gp5GVf0vEVk1R%2FkLsLJK%2FJHaazS7dN%2FVtqdAyKB4UEUOyL96HG23bTjt9RGj1PdSYcV4h%2FZsh1aHd5iA23Ck5a5JuG8hgqrmlJs9c0F97JS6SOtidH3Nv5009pC55EdGpc1foC0BcWruJJ%2Bi4mOzZ8sROLmzUTSE
INFO: [ app_begin ] --START--
INFO: Run ReadHtmlCache Behavior [ RunTime:0.000754s ]
INFO: [ app_begin ] --END-- [ RunTime:0.000849s ]
NOTIC: [8] Constant UC_CLIENT_VERSION already defined D:\wwwroot\mainweb\sdk\api\UcApi\Lib\Action\IndexAction.class.php 第 4 行.
NOTIC: [8] Constant UC_CLIENT_RELEASE already defined D:\wwwroot\mainweb\sdk\api\UcApi\Lib\Action\IndexAction.class.php 第 5 行.
NOTIC: [2048] Only variables should be passed by reference D:\wwwroot\mainweb\sdk\api\UcApi\Lib\Action\IndexAction.class.php 第 63 行.
NOTIC: [8] Constant API_RETURN_FAILED already defined D:\wwwroot\mainweb\sdk\uc_client\model\note.php 第 16 行.
SQL: SHOW COLUMNS FROM `sdk_accounts` [ RunTime:0.002109s ]
SQL: SELECT * FROM `sdk_accounts` WHERE ( `account_id` = 935 ) LIMIT 1   [ RunTime:0.000546s ]

[ 2013-11-22T16:03:08+08:00 ] 192.168.193.87 /api/uc.php?time=1385107386&code=d299x7H6TXHuQC1KCSrlpqyugIUYBXkh23ycvfmFHfqrpmXpKhBdX6nVE6tuYU60FHgL0ls8UOzNLZrkbx39JR1ImFhHg%2BmJ7lYkSTIg2Idzz49gP2%2FIPi7fMnB2YigoOcrkkz%2Ba57WeyB03DpXF5wQVBNkHZn8GzdbVcMuS1w
INFO: [ app_begin ] --START--
INFO: Run ReadHtmlCache Behavior [ RunTime:0.000713s ]
INFO: [ app_begin ] --END-- [ RunTime:0.000807s ]
NOTIC: [8] Constant UC_CLIENT_VERSION already defined D:\wwwroot\mainweb\sdk\api\UcApi\Lib\Action\IndexAction.class.php 第 4 行.
NOTIC: [8] Constant UC_CLIENT_RELEASE already defined D:\wwwroot\mainweb\sdk\api\UcApi\Lib\Action\IndexAction.class.php 第 5 行.
NOTIC: [2048] Only variables should be passed by reference D:\wwwroot\mainweb\sdk\api\UcApi\Lib\Action\IndexAction.class.php 第 63 行.
NOTIC: [8] Constant API_RETURN_FAILED already defined D:\wwwroot\mainweb\sdk\uc_client\model\note.php 第 16 行.
SQL: SHOW COLUMNS FROM `sdk_accounts` [ RunTime:0.002191s ]
SQL: SELECT * FROM `sdk_accounts` WHERE ( `account_id` = 2008 ) LIMIT 1   [ RunTime:0.000644s ]

[ 2013-11-22T16:59:30+08:00 ] 192.168.143.220 /api/uc.php?time=1385110770&code=0e66BDL4uuiY9MA0BXzYg9Lk0u0Sc9lLrinjYhfY0hphZfzV0V3mEeJOZHAVeNLbinz1nvEK0ZinyGHGVJnb6I2H%2FS5GSUUT1m%2FGCAsmfs9U9QMS5FamnSIen3YqGhKrDQ4Rkk7dUH9AuUzfMzPcAHUqPOpe0br16s0JA3KH
INFO: [ app_begin ] --START--
INFO: Run ReadHtmlCache Behavior [ RunTime:0.000814s ]
INFO: [ app_begin ] --END-- [ RunTime:0.000904s ]
NOTIC: [8] Constant UC_CLIENT_VERSION already defined D:\wwwroot\mainweb\sdk\api\UcApi\Lib\Action\IndexAction.class.php 第 4 行.
NOTIC: [8] Constant UC_CLIENT_RELEASE already defined D:\wwwroot\mainweb\sdk\api\UcApi\Lib\Action\IndexAction.class.php 第 5 行.
NOTIC: [2048] Only variables should be passed by reference D:\wwwroot\mainweb\sdk\api\UcApi\Lib\Action\IndexAction.class.php 第 63 行.
NOTIC: [8] Constant API_RETURN_FAILED already defined D:\wwwroot\mainweb\sdk\uc_client\model\note.php 第 16 行.
SQL: SHOW COLUMNS FROM `sdk_accounts` [ RunTime:0.002096s ]
SQL: SELECT * FROM `sdk_accounts` WHERE ( `account_id` = 2046 ) LIMIT 1   [ RunTime:0.000465s ]

[ 2013-11-22T17:38:16+08:00 ] 192.168.131.201 /api/uc.php?time=1385113096&code=26b5Pmw9%2FwCjljpnz1j08erEPmpvLE0wg%2BFCb8aFBfui6z4aMNURnOgI4yY3ZjWrORoScHaDfkaFr12LnrAYXUu96rPkJMcKyYHyen0MRsEybZOEuuysKKjegUD3fPlaUMxWCALN3IuAw1zn%2FNPsFlSvd%2BxAs%2ByeC5qyVu6b2WHBp%2Bbw7MYcbrEb%2BQ
INFO: [ app_begin ] --START--
INFO: Run ReadHtmlCache Behavior [ RunTime:0.001003s ]
INFO: [ app_begin ] --END-- [ RunTime:0.001096s ]
NOTIC: [8] Constant UC_CLIENT_VERSION already defined D:\wwwroot\mainweb\sdk\api\UcApi\Lib\Action\IndexAction.class.php 第 4 行.
NOTIC: [8] Constant UC_CLIENT_RELEASE already defined D:\wwwroot\mainweb\sdk\api\UcApi\Lib\Action\IndexAction.class.php 第 5 行.
NOTIC: [2048] Only variables should be passed by reference D:\wwwroot\mainweb\sdk\api\UcApi\Lib\Action\IndexAction.class.php 第 63 行.
NOTIC: [8] Constant API_RETURN_FAILED already defined D:\wwwroot\mainweb\sdk\uc_client\model\note.php 第 16 行.
SQL: SHOW COLUMNS FROM `sdk_accounts` [ RunTime:0.002156s ]
SQL: SELECT * FROM `sdk_accounts` WHERE ( `account_id` = 718 ) LIMIT 1   [ RunTime:0.013921s ]

[ 2013-11-22T18:51:23+08:00 ] 192.168.204.42 /api/uc.php?time=1385117483&code=e19cMgrLFdbtqfXYJF2lFBRMXwd1toPjqh6v6hYoytAI90A0%2BraoGHC5iOxqBaBSSQiSmimgcetRCLLdMTruRWH6xLXDlqKjJj%2BbKfmYgLu%2FpW%2FLkb1x2j6gQIhNpQ95g6cqH5uezfGLE4h%2FKWAwilulaBYf6yTR1qO1
INFO: [ app_begin ] --START--
INFO: Run ReadHtmlCache Behavior [ RunTime:0.000714s ]
INFO: [ app_begin ] --END-- [ RunTime:0.000801s ]
NOTIC: [8] Constant UC_CLIENT_VERSION already defined D:\wwwroot\mainweb\sdk\api\UcApi\Lib\Action\IndexAction.class.php 第 4 行.
NOTIC: [8] Constant UC_CLIENT_RELEASE already defined D:\wwwroot\mainweb\sdk\api\UcApi\Lib\Action\IndexAction.class.php 第 5 行.
NOTIC: [2048] Only variables should be passed by reference D:\wwwroot\mainweb\sdk\api\UcApi\Lib\Action\IndexAction.class.php 第 63 行.
NOTIC: [8] Constant API_RETURN_FAILED already defined D:\wwwroot\mainweb\sdk\uc_client\model\note.php 第 16 行.
SQL: SHOW COLUMNS FROM `sdk_accounts` [ RunTime:0.002274s ]
SQL: SELECT * FROM `sdk_accounts` WHERE ( `account_id` = 822 ) LIMIT 1   [ RunTime:0.000508s ]

[ 2013-11-22T19:11:34+08:00 ] 192.168.181.152 /api/uc.php?time=1385118694&code=6759fSpkykYTiS%2F%2Bbp%2FyhETTlmcpfJ14DFLo50qeGgU61umlQSmAb0KuhR7OZuK%2BvNzh%2FmMyL3%2B44Q1E4b4H2O9tOdxVYlkFCNwIkNLo2XiqnKSwA6Vn8DLiWibcnTP8KttGRUQEN8Y6fD96ruv%2BlbCVrF2vBMnJB7jdHMX25Q
INFO: [ app_begin ] --START--
INFO: Run ReadHtmlCache Behavior [ RunTime:0.001001s ]
INFO: [ app_begin ] --END-- [ RunTime:0.001090s ]
NOTIC: [8] Constant UC_CLIENT_VERSION already defined D:\wwwroot\mainweb\sdk\api\UcApi\Lib\Action\IndexAction.class.php 第 4 行.
NOTIC: [8] Constant UC_CLIENT_RELEASE already defined D:\wwwroot\mainweb\sdk\api\UcApi\Lib\Action\IndexAction.class.php 第 5 行.
NOTIC: [2048] Only variables should be passed by reference D:\wwwroot\mainweb\sdk\api\UcApi\Lib\Action\IndexAction.class.php 第 63 行.
NOTIC: [8] Constant API_RETURN_FAILED already defined D:\wwwroot\mainweb\sdk\uc_client\model\note.php 第 16 行.
SQL: SHOW COLUMNS FROM `sdk_accounts` [ RunTime:0.001884s ]
SQL: SELECT * FROM `sdk_accounts` WHERE ( `account_id` = 2582 ) LIMIT 1   [ RunTime:0.000276s ]
SQL: INSERT INTO `sdk_accounts` (`account_id`,`user_name`,`email`,`password`,`reg_time`) VALUES (2582,'linhao','lin_hao@foxmail.com','d7d31f8a78c4c83ccace54168ce676a1121eedf7',1385118694) [ RunTime:0.001826s ]

[ 2013-11-22T19:12:09+08:00 ] 192.168.181.152 /api/uc.php?time=1385118728&code=02c2KaywlT0rsJhuCtm7fzMsKjIiFxHX0ARR8xERpg6k7UE46K%2FiDcvKXQt1bTDh7RtxpOYAIB2aT%2BtVh%2BJPHjW17M4d5K6aqOmpi167ZMV7%2ByVHZC7wbegPuiBIyculSTuhGMfn7G7PGRlndv3SOFeBSvuSJI%2BHBAfu8lMDbQ
INFO: [ app_begin ] --START--
INFO: Run ReadHtmlCache Behavior [ RunTime:0.000587s ]
INFO: [ app_begin ] --END-- [ RunTime:0.000675s ]
NOTIC: [8] Constant UC_CLIENT_VERSION already defined D:\wwwroot\mainweb\sdk\api\UcApi\Lib\Action\IndexAction.class.php 第 4 行.
NOTIC: [8] Constant UC_CLIENT_RELEASE already defined D:\wwwroot\mainweb\sdk\api\UcApi\Lib\Action\IndexAction.class.php 第 5 行.
NOTIC: [2048] Only variables should be passed by reference D:\wwwroot\mainweb\sdk\api\UcApi\Lib\Action\IndexAction.class.php 第 63 行.
NOTIC: [8] Constant API_RETURN_FAILED already defined D:\wwwroot\mainweb\sdk\uc_client\model\note.php 第 16 行.
SQL: SHOW COLUMNS FROM `sdk_accounts` [ RunTime:0.001997s ]
SQL: SELECT * FROM `sdk_accounts` WHERE ( `account_id` = 2582 ) LIMIT 1   [ RunTime:0.000561s ]

[ 2013-11-22T19:33:27+08:00 ] 119.147.146.189 /api/uc.php?time=1385120005&code=5b9cjwlmrgq0vman594aszhghaw%2falm6ce28eplylgs%2buwaldf8s66xeyjm8gvgzgv4lvxp62thitncy7dh3mcumjr3ilafpffavezccbdz3qoiwq0tbyjtfi%2fowbpja%2faozy0dwbjejihsl8%2bz673sqwjyasovjopmxkx81ymmv0q
INFO: [ app_begin ] --START--
INFO: Run ReadHtmlCache Behavior [ RunTime:0.001091s ]
INFO: [ app_begin ] --END-- [ RunTime:0.001185s ]
NOTIC: [8] Constant UC_CLIENT_VERSION already defined D:\wwwroot\mainweb\sdk\api\UcApi\Lib\Action\IndexAction.class.php 第 4 行.
NOTIC: [8] Constant UC_CLIENT_RELEASE already defined D:\wwwroot\mainweb\sdk\api\UcApi\Lib\Action\IndexAction.class.php 第 5 行.
NOTIC: [8] Undefined index:  time D:\wwwroot\mainweb\sdk\api\UcApi\Lib\Action\IndexAction.class.php 第 54 行.

[ 2013-11-22T22:32:02+08:00 ] 192.168.190.222 /api/uc.php?time=1385130719&code=51142Yr%2FLJLT6floblnprfqleYhACPvtmvDejUhRZb5qOQgHSBva08Kwe9X7oqGGyl0mOmuKZqt4%2FwGSqvzOCH8YhSsFoCsk7s35m7IvoJmJp3jqCOk3HEMlluVa29tNVv%2BqlLOQ0qIkpSqVrprVJ3n7Gdjk6VH6NtbL%2FWZRM4U60g
INFO: [ app_begin ] --START--
INFO: Run ReadHtmlCache Behavior [ RunTime:0.000735s ]
INFO: [ app_begin ] --END-- [ RunTime:0.000830s ]
NOTIC: [8] Constant UC_CLIENT_VERSION already defined D:\wwwroot\mainweb\sdk\api\UcApi\Lib\Action\IndexAction.class.php 第 4 行.
NOTIC: [8] Constant UC_CLIENT_RELEASE already defined D:\wwwroot\mainweb\sdk\api\UcApi\Lib\Action\IndexAction.class.php 第 5 行.
NOTIC: [2048] Only variables should be passed by reference D:\wwwroot\mainweb\sdk\api\UcApi\Lib\Action\IndexAction.class.php 第 63 行.
NOTIC: [8] Constant API_RETURN_FAILED already defined D:\wwwroot\mainweb\sdk\uc_client\model\note.php 第 16 行.
SQL: SHOW COLUMNS FROM `sdk_accounts` [ RunTime:0.002024s ]
SQL: SELECT * FROM `sdk_accounts` WHERE ( `account_id` = 1771 ) LIMIT 1   [ RunTime:0.000420s ]

