[ 2013-11-05T00:05:09+08:00 ] 192.168.141.209 /api/uc.php?time=1383581109&code=b0e4wXewiznhPcPFBHjxhL5cgjAFbU%2BtKh2rxh0MhgsAP3o4qqG8vGsChTj3NKCxFospBXyUs1%2BPkwXa%2BMVN%2B68m1SWs1QyPN2gx9ZnvZHqYcZ8LtxxjOmD7DVjv1nhiJQGX0%2FY8Jq%2FmkIKpn8LS1REBEfNdGWyWtYVx3mA
INFO: [ app_begin ] --START--
INFO: Run ReadHtmlCache Behavior [ RunTime:0.001339s ]
INFO: [ app_begin ] --END-- [ RunTime:0.001461s ]
NOTIC: [8] Constant UC_CLIENT_VERSION already defined D:\wwwroot\mainweb\sdk\api\UcApi\Lib\Action\IndexAction.class.php 第 4 行.
NOTIC: [8] Constant UC_CLIENT_RELEASE already defined D:\wwwroot\mainweb\sdk\api\UcApi\Lib\Action\IndexAction.class.php 第 5 行.
NOTIC: [2048] Only variables should be passed by reference D:\wwwroot\mainweb\sdk\api\UcApi\Lib\Action\IndexAction.class.php 第 63 行.
NOTIC: [8] Constant API_RETURN_FAILED already defined D:\wwwroot\mainweb\sdk\uc_client\model\note.php 第 16 行.
SQL: SHOW COLUMNS FROM `sdk_accounts` [ RunTime:0.001974s ]
SQL: SELECT * FROM `sdk_accounts` WHERE ( `account_id` = 2401 ) LIMIT 1   [ RunTime:0.000533s ]

[ 2013-11-05T08:15:45+08:00 ] 192.168.171.69 /api/uc.php?time=1383610545&code=9810bxBig4TJwOHqcJNkz2IfnY1za%2FcsqymPI%2BINfqiNLJ2OUJFlna0MCm82zy5yg5rC2Hh9rUohHI4TEAF%2FR8oB9eRFfKa8LoVloq9gHG7jzPhQcVXxao2BQfevYZNR9h5XvJzgJM4EyJ0w%2FsR29EEgfVORlHGD660tVA
INFO: [ app_begin ] --START--
INFO: Run ReadHtmlCache Behavior [ RunTime:0.000744s ]
INFO: [ app_begin ] --END-- [ RunTime:0.000834s ]
NOTIC: [8] Constant UC_CLIENT_VERSION already defined D:\wwwroot\mainweb\sdk\api\UcApi\Lib\Action\IndexAction.class.php 第 4 行.
NOTIC: [8] Constant UC_CLIENT_RELEASE already defined D:\wwwroot\mainweb\sdk\api\UcApi\Lib\Action\IndexAction.class.php 第 5 行.
NOTIC: [2048] Only variables should be passed by reference D:\wwwroot\mainweb\sdk\api\UcApi\Lib\Action\IndexAction.class.php 第 63 行.
NOTIC: [8] Constant API_RETURN_FAILED already defined D:\wwwroot\mainweb\sdk\uc_client\model\note.php 第 16 行.
SQL: SHOW COLUMNS FROM `sdk_accounts` [ RunTime:0.002225s ]
SQL: SELECT * FROM `sdk_accounts` WHERE ( `account_id` = 1727 ) LIMIT 1   [ RunTime:0.000433s ]

[ 2013-11-05T09:31:28+08:00 ] 192.168.164.244 /api/uc.php?time=1383615087&code=beaeFF9tBbtLH9eL8N1XGpDrUVKZF%2BwiISpj7RtjQsqhI76TFz3sAt%2FDTG9Rr9W6aqyMRd%2Blvt8uQ3IhE%2Bh96sl%2BN5su5vKYw3543OVobpZ83%2BvDYUDioLsrcrKFGtwCQwwx3%2BjgHTKm9Y1SOS8c9I%2FN28ZTDejuCAHtDMg8
INFO: [ app_begin ] --START--
INFO: Run ReadHtmlCache Behavior [ RunTime:0.001039s ]
INFO: [ app_begin ] --END-- [ RunTime:0.001132s ]
NOTIC: [8] Constant UC_CLIENT_VERSION already defined D:\wwwroot\mainweb\sdk\api\UcApi\Lib\Action\IndexAction.class.php 第 4 行.
NOTIC: [8] Constant UC_CLIENT_RELEASE already defined D:\wwwroot\mainweb\sdk\api\UcApi\Lib\Action\IndexAction.class.php 第 5 行.
NOTIC: [2048] Only variables should be passed by reference D:\wwwroot\mainweb\sdk\api\UcApi\Lib\Action\IndexAction.class.php 第 63 行.
NOTIC: [8] Constant API_RETURN_FAILED already defined D:\wwwroot\mainweb\sdk\uc_client\model\note.php 第 16 行.
SQL: SHOW COLUMNS FROM `sdk_accounts` [ RunTime:0.002266s ]
SQL: SELECT * FROM `sdk_accounts` WHERE ( `account_id` = 2524 ) LIMIT 1   [ RunTime:0.000451s ]

[ 2013-11-05T13:00:07+08:00 ] 192.168.165.106 /api/uc.php?time=1383627607&code=56f96fe8hg%2FJSwMN4e9GbyxbV2dul3U9t5O31fgOU9iXy8JqNxw5ezw5RPUnvCuFUekQnjX7aLoushyjVREngSsBMUV4xx%2FCWpPZ70ll6INZpwdN52YH856sWZmzLZPX55CFm8FbXKZANwDO4bL3Wd%2FNQ1FIronDLA51Bw
INFO: [ app_begin ] --START--
INFO: Run ReadHtmlCache Behavior [ RunTime:0.000653s ]
INFO: [ app_begin ] --END-- [ RunTime:0.000743s ]
NOTIC: [8] Constant UC_CLIENT_VERSION already defined D:\wwwroot\mainweb\sdk\api\UcApi\Lib\Action\IndexAction.class.php 第 4 行.
NOTIC: [8] Constant UC_CLIENT_RELEASE already defined D:\wwwroot\mainweb\sdk\api\UcApi\Lib\Action\IndexAction.class.php 第 5 行.
NOTIC: [2048] Only variables should be passed by reference D:\wwwroot\mainweb\sdk\api\UcApi\Lib\Action\IndexAction.class.php 第 63 行.
NOTIC: [8] Constant API_RETURN_FAILED already defined D:\wwwroot\mainweb\sdk\uc_client\model\note.php 第 16 行.
SQL: SHOW COLUMNS FROM `sdk_accounts` [ RunTime:0.002432s ]
SQL: SELECT * FROM `sdk_accounts` WHERE ( `account_id` = 1331 ) LIMIT 1   [ RunTime:0.000359s ]

[ 2013-11-05T13:08:02+08:00 ] 192.168.204.72 /api/uc.php?time=1383628082&code=db95QZ4QrTYG4Byhf3FrNbIIOC89ss6XDY81dOmgxrHY9It1H8XWXZh3s9SOHqSFgv0WZzogkY4Zy6TCFMsUXts8HZyS9N%2B6qQ71J%2Fisr7tU%2F%2BoFaWDP6X0e4coBpElO%2BHjckxxvbcTKYEr4jatCygll2rGNvVEwTglqgQ
INFO: [ app_begin ] --START--
INFO: Run ReadHtmlCache Behavior [ RunTime:0.000701s ]
INFO: [ app_begin ] --END-- [ RunTime:0.000795s ]
NOTIC: [8] Constant UC_CLIENT_VERSION already defined D:\wwwroot\mainweb\sdk\api\UcApi\Lib\Action\IndexAction.class.php 第 4 行.
NOTIC: [8] Constant UC_CLIENT_RELEASE already defined D:\wwwroot\mainweb\sdk\api\UcApi\Lib\Action\IndexAction.class.php 第 5 行.
NOTIC: [2048] Only variables should be passed by reference D:\wwwroot\mainweb\sdk\api\UcApi\Lib\Action\IndexAction.class.php 第 63 行.
NOTIC: [8] Constant API_RETURN_FAILED already defined D:\wwwroot\mainweb\sdk\uc_client\model\note.php 第 16 行.
SQL: SHOW COLUMNS FROM `sdk_accounts` [ RunTime:0.001851s ]
SQL: SELECT * FROM `sdk_accounts` WHERE ( `account_id` = 2480 ) LIMIT 1   [ RunTime:0.000240s ]

[ 2013-11-05T13:21:46+08:00 ] 192.168.160.94 /api/uc.php?time=1383628906&code=890b30tb53rU%2B12HXn%2F0D3MfYD6TisiuNKjoVa9yEH%2BOp%2BGGw5tuSBLMvvaVHATROIYMSjcBUj7KgQLSKNmhQtux3q2L1d%2FdszyfHRRAlSfd7L875HBh%2FXmBJ7GnSZmPh4q6D6HGGo3GWGL9PJZ5kK%2BIFV3dBFC715M9nQjCiqSM
INFO: [ app_begin ] --START--
INFO: Run ReadHtmlCache Behavior [ RunTime:0.001497s ]
INFO: [ app_begin ] --END-- [ RunTime:0.001593s ]
NOTIC: [8] Constant UC_CLIENT_VERSION already defined D:\wwwroot\mainweb\sdk\api\UcApi\Lib\Action\IndexAction.class.php 第 4 行.
NOTIC: [8] Constant UC_CLIENT_RELEASE already defined D:\wwwroot\mainweb\sdk\api\UcApi\Lib\Action\IndexAction.class.php 第 5 行.
NOTIC: [2048] Only variables should be passed by reference D:\wwwroot\mainweb\sdk\api\UcApi\Lib\Action\IndexAction.class.php 第 63 行.
NOTIC: [8] Constant API_RETURN_FAILED already defined D:\wwwroot\mainweb\sdk\uc_client\model\note.php 第 16 行.
SQL: SHOW COLUMNS FROM `sdk_accounts` [ RunTime:0.002317s ]
SQL: SELECT * FROM `sdk_accounts` WHERE ( `account_id` = 926 ) LIMIT 1   [ RunTime:0.000415s ]

[ 2013-11-05T13:21:55+08:00 ] 192.168.160.94 /api/uc.php?time=1383628915&code=10a9t1ACXxpQ%2F0e2HVqAcbm3Hxhw9QzWBPFcLu8XYD1kR3EJ8eZiIFqkjHZKyFHtF7kkACe2%2BJfRX7IgIA
INFO: [ app_begin ] --START--
INFO: Run ReadHtmlCache Behavior [ RunTime:0.000586s ]
INFO: [ app_begin ] --END-- [ RunTime:0.000678s ]
NOTIC: [8] Constant UC_CLIENT_VERSION already defined D:\wwwroot\mainweb\sdk\api\UcApi\Lib\Action\IndexAction.class.php 第 4 行.
NOTIC: [8] Constant UC_CLIENT_RELEASE already defined D:\wwwroot\mainweb\sdk\api\UcApi\Lib\Action\IndexAction.class.php 第 5 行.
NOTIC: [2048] Only variables should be passed by reference D:\wwwroot\mainweb\sdk\api\UcApi\Lib\Action\IndexAction.class.php 第 63 行.

[ 2013-11-05T13:47:16+08:00 ] 192.168.154.80 /api/uc.php?time=1383630436&code=a0a4JbDmJwfbeVOUhDqb0YzqO9ip58Qbr1yyDRGAqa1fSPRVred8fgFw9nF4RAZu3DaQvBQdeFgiQwC3g0YFUHR1CqhUVAEyW7xy8ZeLyPWdMt%2F3DSt3oGuCx2OaUY1MhLjs93CRvyil2bQoK0UatkNS9qrnhNua7itpA2UWURv6Dg
INFO: [ app_begin ] --START--
INFO: Run ReadHtmlCache Behavior [ RunTime:0.001108s ]
INFO: [ app_begin ] --END-- [ RunTime:0.001219s ]
NOTIC: [8] Constant UC_CLIENT_VERSION already defined D:\wwwroot\mainweb\sdk\api\UcApi\Lib\Action\IndexAction.class.php 第 4 行.
NOTIC: [8] Constant UC_CLIENT_RELEASE already defined D:\wwwroot\mainweb\sdk\api\UcApi\Lib\Action\IndexAction.class.php 第 5 行.
NOTIC: [2048] Only variables should be passed by reference D:\wwwroot\mainweb\sdk\api\UcApi\Lib\Action\IndexAction.class.php 第 63 行.
NOTIC: [8] Constant API_RETURN_FAILED already defined D:\wwwroot\mainweb\sdk\uc_client\model\note.php 第 16 行.
SQL: SHOW COLUMNS FROM `sdk_accounts` [ RunTime:0.002272s ]
SQL: SELECT * FROM `sdk_accounts` WHERE ( `account_id` = 2232 ) LIMIT 1   [ RunTime:0.000504s ]

[ 2013-11-05T17:32:32+08:00 ] 192.168.158.224 /api/uc.php?time=1383643951&code=1878Cfx%2FR9IkVzjaDhRUoLoJ8WMHpgPj6eFFv1QstSMxrs82fo4ZElAigXLC6Mu%2F6UsFu%2FORUbZ1Tu%2Bja5YLBQBRkpw5Pl3PzhvagOMOM7JI1Eo1iD52Lz5rwrE549Hme68ezrOeBAE2pJskHt8SfRXhcmKitjCngtlv7xN%2F
INFO: [ app_begin ] --START--
INFO: Run ReadHtmlCache Behavior [ RunTime:0.001111s ]
INFO: [ app_begin ] --END-- [ RunTime:0.001205s ]
NOTIC: [8] Constant UC_CLIENT_VERSION already defined D:\wwwroot\mainweb\sdk\api\UcApi\Lib\Action\IndexAction.class.php 第 4 行.
NOTIC: [8] Constant UC_CLIENT_RELEASE already defined D:\wwwroot\mainweb\sdk\api\UcApi\Lib\Action\IndexAction.class.php 第 5 行.
NOTIC: [2048] Only variables should be passed by reference D:\wwwroot\mainweb\sdk\api\UcApi\Lib\Action\IndexAction.class.php 第 63 行.
NOTIC: [8] Constant API_RETURN_FAILED already defined D:\wwwroot\mainweb\sdk\uc_client\model\note.php 第 16 行.
SQL: SHOW COLUMNS FROM `sdk_accounts` [ RunTime:0.002195s ]
SQL: SELECT * FROM `sdk_accounts` WHERE ( `account_id` = 728 ) LIMIT 1   [ RunTime:0.000363s ]

[ 2013-11-05T17:32:39+08:00 ] 192.168.147.46 /api/uc.php?time=1383643958&code=54ceAVA9kN2SrfxhK3dvxMPbb96AG1IMvSJ0UW1WNvhkEVqw%2Fz%2FWstojVCqIn9%2FyO6MJRvopQDX0mSp1q1t%2BeW45Om5OduQ6Hvw0bo0GPTJ%2F5x7lVyAeYwXIII%2Bj2wu8IpS5aq1DXU0C3qJk6GYEjWSU8EoSaTlr%2BcTF0%2Bm%2Bvtn36BU
INFO: [ app_begin ] --START--
INFO: Run ReadHtmlCache Behavior [ RunTime:0.000585s ]
INFO: [ app_begin ] --END-- [ RunTime:0.000678s ]
NOTIC: [8] Constant UC_CLIENT_VERSION already defined D:\wwwroot\mainweb\sdk\api\UcApi\Lib\Action\IndexAction.class.php 第 4 行.
NOTIC: [8] Constant UC_CLIENT_RELEASE already defined D:\wwwroot\mainweb\sdk\api\UcApi\Lib\Action\IndexAction.class.php 第 5 行.
NOTIC: [2048] Only variables should be passed by reference D:\wwwroot\mainweb\sdk\api\UcApi\Lib\Action\IndexAction.class.php 第 63 行.
NOTIC: [8] Constant API_RETURN_FAILED already defined D:\wwwroot\mainweb\sdk\uc_client\model\note.php 第 16 行.
SQL: SHOW COLUMNS FROM `sdk_accounts` [ RunTime:0.002111s ]
SQL: SELECT * FROM `sdk_accounts` WHERE ( `account_id` = 2053 ) LIMIT 1   [ RunTime:0.000437s ]

[ 2013-11-05T18:26:23+08:00 ] 192.168.164.77 /api/uc.php?time=1383647183&code=a988Ie6p1r53Hune4C3wKQPUS%2F1s5wetCmbk%2FlzU04jPa96vy3Z8R3AIVclonUoPlv9nIsgpp3kD8G95QfSSIfyS5Wv7vsDZPpJCrnRxmqK4mfAcdEVObF11m2%2B3MpxUnAougTNLp4rystW8Q0nFWfLirxto0%2FUKVEoAlw
INFO: [ app_begin ] --START--
INFO: Run ReadHtmlCache Behavior [ RunTime:0.000738s ]
INFO: [ app_begin ] --END-- [ RunTime:0.000828s ]
NOTIC: [8] Constant UC_CLIENT_VERSION already defined D:\wwwroot\mainweb\sdk\api\UcApi\Lib\Action\IndexAction.class.php 第 4 行.
NOTIC: [8] Constant UC_CLIENT_RELEASE already defined D:\wwwroot\mainweb\sdk\api\UcApi\Lib\Action\IndexAction.class.php 第 5 行.
NOTIC: [2048] Only variables should be passed by reference D:\wwwroot\mainweb\sdk\api\UcApi\Lib\Action\IndexAction.class.php 第 63 行.
NOTIC: [8] Constant API_RETURN_FAILED already defined D:\wwwroot\mainweb\sdk\uc_client\model\note.php 第 16 行.
SQL: SHOW COLUMNS FROM `sdk_accounts` [ RunTime:0.002295s ]
SQL: SELECT * FROM `sdk_accounts` WHERE ( `account_id` = 1702 ) LIMIT 1   [ RunTime:0.000599s ]

[ 2013-11-05T19:16:20+08:00 ] 192.168.191.3 /api/uc.php?time=1383650179&code=0b1bSWMaJOofdw1YUEgJttx%2FHBNMJ8F4jCsEMzRVOGqswO2lLSfj4RKaW3ZQs6LClmDGneq07fXXZaO5skd24EXd5DqAKHW1lE8%2BhKayGYZVI0SNuU0VxricyRPRY%2BWSntTp2f0WAxPhzwbWMaLFO3sy9XgP8tML89VgK0nx
INFO: [ app_begin ] --START--
INFO: Run ReadHtmlCache Behavior [ RunTime:0.000665s ]
INFO: [ app_begin ] --END-- [ RunTime:0.000756s ]
NOTIC: [8] Constant UC_CLIENT_VERSION already defined D:\wwwroot\mainweb\sdk\api\UcApi\Lib\Action\IndexAction.class.php 第 4 行.
NOTIC: [8] Constant UC_CLIENT_RELEASE already defined D:\wwwroot\mainweb\sdk\api\UcApi\Lib\Action\IndexAction.class.php 第 5 行.
NOTIC: [2048] Only variables should be passed by reference D:\wwwroot\mainweb\sdk\api\UcApi\Lib\Action\IndexAction.class.php 第 63 行.
NOTIC: [8] Constant API_RETURN_FAILED already defined D:\wwwroot\mainweb\sdk\uc_client\model\note.php 第 16 行.
SQL: SHOW COLUMNS FROM `sdk_accounts` [ RunTime:0.002030s ]
SQL: SELECT * FROM `sdk_accounts` WHERE ( `account_id` = 723 ) LIMIT 1   [ RunTime:0.000505s ]

[ 2013-11-05T19:19:50+08:00 ] 192.168.200.220 /api/uc.php?time=1383650385&code=b499dLwEHt%2BvQZnh9YktM9S5T%2B7kxEqIRw%2Fk49ec4rQ2juXcYCG41gF2wlKV4im0VjhZ5pPPnwQQcDyOyjWYTSLwFJevewjwfnFmAkGrFhnE7x%2FodCWP2xQHTDkU6efdnRlF%2B0bXVVVqKFD7PyG4nLF9Jq18PsCPYAqHP3%2BchOwTN51s2KYcdg
INFO: [ app_begin ] --START--
INFO: Run ReadHtmlCache Behavior [ RunTime:0.001110s ]
INFO: [ app_begin ] --END-- [ RunTime:0.001203s ]
NOTIC: [8] Constant UC_CLIENT_VERSION already defined D:\wwwroot\mainweb\sdk\api\UcApi\Lib\Action\IndexAction.class.php 第 4 行.
NOTIC: [8] Constant UC_CLIENT_RELEASE already defined D:\wwwroot\mainweb\sdk\api\UcApi\Lib\Action\IndexAction.class.php 第 5 行.
NOTIC: [2048] Only variables should be passed by reference D:\wwwroot\mainweb\sdk\api\UcApi\Lib\Action\IndexAction.class.php 第 63 行.
NOTIC: [8] Constant API_RETURN_FAILED already defined D:\wwwroot\mainweb\sdk\uc_client\model\note.php 第 16 行.
SQL: SHOW COLUMNS FROM `sdk_accounts` [ RunTime:0.002045s ]
SQL: SELECT * FROM `sdk_accounts` WHERE ( `account_id` = 1686 ) LIMIT 1   [ RunTime:0.000446s ]

[ 2013-11-05T19:37:56+08:00 ] 192.168.186.76 /api/uc.php?time=1383651475&code=e37do2%2FLYezfHPfiIu0ZoJWXKzlp34EFa3njE9OBVWndXCmAu3IA0PxuNMgo8tpchW5kTfoiGjtUuNpL4mHTp%2FlCbh%2B14m8m%2Br5kJONFzg5OwrkpIKPiFQDySGBBU33mXf1CPoWUGNfJF%2BgqW%2B4XYe%2BekSAnLyD%2FUgNnuoMfIA
INFO: [ app_begin ] --START--
INFO: Run ReadHtmlCache Behavior [ RunTime:0.000698s ]
INFO: [ app_begin ] --END-- [ RunTime:0.000793s ]
NOTIC: [8] Constant UC_CLIENT_VERSION already defined D:\wwwroot\mainweb\sdk\api\UcApi\Lib\Action\IndexAction.class.php 第 4 行.
NOTIC: [8] Constant UC_CLIENT_RELEASE already defined D:\wwwroot\mainweb\sdk\api\UcApi\Lib\Action\IndexAction.class.php 第 5 行.
NOTIC: [2048] Only variables should be passed by reference D:\wwwroot\mainweb\sdk\api\UcApi\Lib\Action\IndexAction.class.php 第 63 行.
NOTIC: [8] Constant API_RETURN_FAILED already defined D:\wwwroot\mainweb\sdk\uc_client\model\note.php 第 16 行.
SQL: SHOW COLUMNS FROM `sdk_accounts` [ RunTime:0.002172s ]
SQL: SELECT * FROM `sdk_accounts` WHERE ( `account_id` = 2538 ) LIMIT 1   [ RunTime:0.000438s ]

[ 2013-11-05T20:31:26+08:00 ] 192.168.235.40 /api/uc.php?time=1383654686&code=935fzTWA3eW2%2BYlNQlLilp%2FOXw4EfyKwK1ex3nIk6avIM%2BWTJvjTjnxW%2FNnZt9UaNtLR4YWGWU5%2BRAK8VwZGh8MAIoDU0T9JWtQEltuMaATCmDMO7%2FJs5ZlP1lgJ3ab8daKP%2FxqGNaLH7OV1TvjhRRIJnvx%2BeMKfe9Gco%2FLc
INFO: [ app_begin ] --START--
INFO: Run ReadHtmlCache Behavior [ RunTime:0.001153s ]
INFO: [ app_begin ] --END-- [ RunTime:0.001244s ]
NOTIC: [8] Constant UC_CLIENT_VERSION already defined D:\wwwroot\mainweb\sdk\api\UcApi\Lib\Action\IndexAction.class.php 第 4 行.
NOTIC: [8] Constant UC_CLIENT_RELEASE already defined D:\wwwroot\mainweb\sdk\api\UcApi\Lib\Action\IndexAction.class.php 第 5 行.
NOTIC: [2048] Only variables should be passed by reference D:\wwwroot\mainweb\sdk\api\UcApi\Lib\Action\IndexAction.class.php 第 63 行.
NOTIC: [8] Constant API_RETURN_FAILED already defined D:\wwwroot\mainweb\sdk\uc_client\model\note.php 第 16 行.
SQL: SHOW COLUMNS FROM `sdk_accounts` [ RunTime:0.002202s ]
SQL: SELECT * FROM `sdk_accounts` WHERE ( `account_id` = 317 ) LIMIT 1   [ RunTime:0.000428s ]

[ 2013-11-05T20:31:59+08:00 ] 192.168.235.40 /api/uc.php?time=1383654719&code=6d3cbbUZGWlwO2FalHL%2BE2gpKvd2aVZo6Lipqk7eh0zhLGocAu%2BWItqRJ2Tu4HMq7Yh7sz%2BhWUWpaVAFZA
INFO: [ app_begin ] --START--
INFO: Run ReadHtmlCache Behavior [ RunTime:0.000922s ]
INFO: [ app_begin ] --END-- [ RunTime:0.001013s ]
NOTIC: [8] Constant UC_CLIENT_VERSION already defined D:\wwwroot\mainweb\sdk\api\UcApi\Lib\Action\IndexAction.class.php 第 4 行.
NOTIC: [8] Constant UC_CLIENT_RELEASE already defined D:\wwwroot\mainweb\sdk\api\UcApi\Lib\Action\IndexAction.class.php 第 5 行.
NOTIC: [2048] Only variables should be passed by reference D:\wwwroot\mainweb\sdk\api\UcApi\Lib\Action\IndexAction.class.php 第 63 行.

[ 2013-11-05T20:32:24+08:00 ] 192.168.235.40 /api/uc.php?time=1383654744&code=bf0axqE7XMOsNyjymkHNeyJIoLQBGj089wj3VHJVBUH9czIJ9wFrKmFdPKm4YOpFng2qqFuntuNZ3uQ5kTepGQLcXYhlHEz7S0F1SpcXI4wcuQ%2FwI%2FW7yIVFYcsVntTqM%2FRooatE3S45hqcmY0kUl1WFAtBMQ%2FSmI3u6LwvF
INFO: [ app_begin ] --START--
INFO: Run ReadHtmlCache Behavior [ RunTime:0.001072s ]
INFO: [ app_begin ] --END-- [ RunTime:0.001163s ]
NOTIC: [8] Constant UC_CLIENT_VERSION already defined D:\wwwroot\mainweb\sdk\api\UcApi\Lib\Action\IndexAction.class.php 第 4 行.
NOTIC: [8] Constant UC_CLIENT_RELEASE already defined D:\wwwroot\mainweb\sdk\api\UcApi\Lib\Action\IndexAction.class.php 第 5 行.
NOTIC: [2048] Only variables should be passed by reference D:\wwwroot\mainweb\sdk\api\UcApi\Lib\Action\IndexAction.class.php 第 63 行.
NOTIC: [8] Constant API_RETURN_FAILED already defined D:\wwwroot\mainweb\sdk\uc_client\model\note.php 第 16 行.
SQL: SHOW COLUMNS FROM `sdk_accounts` [ RunTime:0.002052s ]
SQL: SELECT * FROM `sdk_accounts` WHERE ( `account_id` = 317 ) LIMIT 1   [ RunTime:0.000435s ]

[ 2013-11-05T21:06:54+08:00 ] 192.168.150.111 /api/uc.php?time=1383656814&code=baf81FA3YOfaqSHQgWuCWhE77l3kmIfrDrdKA59LwY7T6m%2BFrNRdKZDo0908Pd8YC3je7yCOQa8x7nO8StW6oNWBdxRdJ%2Boky%2Fl0cz1k9apT%2BwSPJyF6ysqXM6%2FkkjHar61iT%2FsboGv%2FVhpj%2FS4w6phifqnrLNOxERRUIzuO
INFO: [ app_begin ] --START--
INFO: Run ReadHtmlCache Behavior [ RunTime:0.001083s ]
INFO: [ app_begin ] --END-- [ RunTime:0.001176s ]
NOTIC: [8] Constant UC_CLIENT_VERSION already defined D:\wwwroot\mainweb\sdk\api\UcApi\Lib\Action\IndexAction.class.php 第 4 行.
NOTIC: [8] Constant UC_CLIENT_RELEASE already defined D:\wwwroot\mainweb\sdk\api\UcApi\Lib\Action\IndexAction.class.php 第 5 行.
NOTIC: [2048] Only variables should be passed by reference D:\wwwroot\mainweb\sdk\api\UcApi\Lib\Action\IndexAction.class.php 第 63 行.
NOTIC: [8] Constant API_RETURN_FAILED already defined D:\wwwroot\mainweb\sdk\uc_client\model\note.php 第 16 行.
SQL: SHOW COLUMNS FROM `sdk_accounts` [ RunTime:0.002402s ]
SQL: SELECT * FROM `sdk_accounts` WHERE ( `account_id` = 2417 ) LIMIT 1   [ RunTime:0.000473s ]

[ 2013-11-05T21:46:15+08:00 ] 192.168.187.83 /api/uc.php?time=1383659174&code=4edeAJGnY01V2OUkKKiZSuK6NzLvIyJQacMXiYbXgFmGI7BuGK2A7RvSt1t9i%2BOdp4UgG5tbIIvyp6n1gI4Rqg5DJZ4vTaoDr1sod1iss0gxdHlLqO18xJVL3MUNzR4Z9Cl1Flxv80058XOWT3%2FdwaRl4JC1TIn3IEsO3b2X0xW15w
INFO: [ app_begin ] --START--
INFO: Run ReadHtmlCache Behavior [ RunTime:0.000700s ]
INFO: [ app_begin ] --END-- [ RunTime:0.000790s ]
NOTIC: [8] Constant UC_CLIENT_VERSION already defined D:\wwwroot\mainweb\sdk\api\UcApi\Lib\Action\IndexAction.class.php 第 4 行.
NOTIC: [8] Constant UC_CLIENT_RELEASE already defined D:\wwwroot\mainweb\sdk\api\UcApi\Lib\Action\IndexAction.class.php 第 5 行.
NOTIC: [2048] Only variables should be passed by reference D:\wwwroot\mainweb\sdk\api\UcApi\Lib\Action\IndexAction.class.php 第 63 行.
NOTIC: [8] Constant API_RETURN_FAILED already defined D:\wwwroot\mainweb\sdk\uc_client\model\note.php 第 16 行.
SQL: SHOW COLUMNS FROM `sdk_accounts` [ RunTime:0.002203s ]
SQL: SELECT * FROM `sdk_accounts` WHERE ( `account_id` = 2193 ) LIMIT 1   [ RunTime:0.000417s ]

[ 2013-11-05T22:44:54+08:00 ] 192.168.190.176 /api/uc.php?time=1383662693&code=6e8b7ivsJ9%2BfhGoKxlth37IHcQEMLkR1UcWdE2GFEtBN1V3N6hQQDaqsjE%2B1yYr50xnxom67tskOOgApDAFP35NPwveHn%2FFhaXkajlb07kbaiKjNCqIbYrfTkAgVv18Qv%2Fx0Vv%2Bz5D3twJG838SS%2FOQLnwM2JXZoRrDUCtY
INFO: [ app_begin ] --START--
INFO: Run ReadHtmlCache Behavior [ RunTime:0.000780s ]
INFO: [ app_begin ] --END-- [ RunTime:0.000874s ]
NOTIC: [8] Constant UC_CLIENT_VERSION already defined D:\wwwroot\mainweb\sdk\api\UcApi\Lib\Action\IndexAction.class.php 第 4 行.
NOTIC: [8] Constant UC_CLIENT_RELEASE already defined D:\wwwroot\mainweb\sdk\api\UcApi\Lib\Action\IndexAction.class.php 第 5 行.
NOTIC: [2048] Only variables should be passed by reference D:\wwwroot\mainweb\sdk\api\UcApi\Lib\Action\IndexAction.class.php 第 63 行.
NOTIC: [8] Constant API_RETURN_FAILED already defined D:\wwwroot\mainweb\sdk\uc_client\model\note.php 第 16 行.
SQL: SHOW COLUMNS FROM `sdk_accounts` [ RunTime:0.002212s ]
SQL: SELECT * FROM `sdk_accounts` WHERE ( `account_id` = 601 ) LIMIT 1   [ RunTime:0.000452s ]

[ 2013-11-05T22:48:35+08:00 ] 192.168.166.7 /api/uc.php?time=1383662915&code=185fitMxeFyDBTificPqKPy4neQuSTts%2BpTg7JLpB7pmJ6As0Ynnvm%2BRiNXysoKzC9%2BmyNeSGe%2F4CbdpO0rqd7LEvgHUgek%2F7a0Hc%2FgRsnoU9BGeXdiIMFkHkwna5tt0s735EgZjnsx49fmxUYZsdIrjEkfxG6521hA62wg
INFO: [ app_begin ] --START--
INFO: Run ReadHtmlCache Behavior [ RunTime:0.001059s ]
INFO: [ app_begin ] --END-- [ RunTime:0.001150s ]
NOTIC: [8] Constant UC_CLIENT_VERSION already defined D:\wwwroot\mainweb\sdk\api\UcApi\Lib\Action\IndexAction.class.php 第 4 行.
NOTIC: [8] Constant UC_CLIENT_RELEASE already defined D:\wwwroot\mainweb\sdk\api\UcApi\Lib\Action\IndexAction.class.php 第 5 行.
NOTIC: [2048] Only variables should be passed by reference D:\wwwroot\mainweb\sdk\api\UcApi\Lib\Action\IndexAction.class.php 第 63 行.
NOTIC: [8] Constant API_RETURN_FAILED already defined D:\wwwroot\mainweb\sdk\uc_client\model\note.php 第 16 行.
SQL: SHOW COLUMNS FROM `sdk_accounts` [ RunTime:0.001959s ]
SQL: SELECT * FROM `sdk_accounts` WHERE ( `account_id` = 1830 ) LIMIT 1   [ RunTime:0.000504s ]

