[ 2013-10-15T00:14:16+08:00 ] 192.168.132.221 /api/uc.php?time=1381767256&code=2fc0pA6RdQ2%2Fy%2BusuphOBibOAQnMPrvX%2F6wN72%2FDEeCOt9whFzSYwdHK04YcLAgT4yurenRsWVon%2FhJ%2FsXsaw8phJe5GkvsGrk4gJLo%2F1ANlfDksimLHxOmDvfFvQGXV0EOazKrmwyad3pTZ0JL5lfeYB4y5AhQ%2FLZQCQIzEcb7qFw
INFO: [ app_begin ] --START--
INFO: Run ReadHtmlCache Behavior [ RunTime:0.000947s ]
INFO: [ app_begin ] --END-- [ RunTime:0.001039s ]
NOTIC: [8] Constant UC_CLIENT_VERSION already defined D:\wwwroot\mainweb\sdk\api\UcApi\Lib\Action\IndexAction.class.php 第 4 行.
NOTIC: [8] Constant UC_CLIENT_RELEASE already defined D:\wwwroot\mainweb\sdk\api\UcApi\Lib\Action\IndexAction.class.php 第 5 行.
NOTIC: [2048] Only variables should be passed by reference D:\wwwroot\mainweb\sdk\api\UcApi\Lib\Action\IndexAction.class.php 第 63 行.
NOTIC: [8] Constant API_RETURN_FAILED already defined D:\wwwroot\mainweb\sdk\uc_client\model\note.php 第 16 行.
SQL: SHOW COLUMNS FROM `sdk_accounts` [ RunTime:0.001944s ]
SQL: SELECT * FROM `sdk_accounts` WHERE ( `account_id` = 1049 ) LIMIT 1   [ RunTime:0.000444s ]

[ 2013-10-15T00:44:16+08:00 ] 101.226.51.229 /api/uc.php?time=1381767256&code=2fc0pA6RdQ2/y+usuphOBibOAQnMPrvX/6wN72/DEeCOt9whFzSYwdHK04YcLAgT4yurenRsWVon/hJ/sXsaw8phJe5GkvsGrk4gJLo/1ANlfDksimLHxOmDvfFvQGXV0EOazKrmwyad3pTZ0JL5lfeYB4y5AhQ/LZQCQIzEcb7qFw
INFO: [ app_begin ] --START--
INFO: Run ReadHtmlCache Behavior [ RunTime:0.000707s ]
INFO: [ app_begin ] --END-- [ RunTime:0.000800s ]
NOTIC: [8] Constant UC_CLIENT_VERSION already defined D:\wwwroot\mainweb\sdk\api\UcApi\Lib\Action\IndexAction.class.php 第 4 行.
NOTIC: [8] Constant UC_CLIENT_RELEASE already defined D:\wwwroot\mainweb\sdk\api\UcApi\Lib\Action\IndexAction.class.php 第 5 行.
NOTIC: [8] Undefined index:  time D:\wwwroot\mainweb\sdk\api\UcApi\Lib\Action\IndexAction.class.php 第 54 行.

[ 2013-10-15T07:17:55+08:00 ] 192.168.129.29 /api/uc.php?time=1381792674&code=172b62q2SnCma8kg%2FF%2BYIEko5oLFIGeMvvu2YVCNohomyZt1SNIZ4bFIxF%2F1TyRIERireSQwWIY8hB5v2AESrIsB2omwGM4EgI69%2BYCiZNj%2B6qMsNMlq6K92DpYithofC8iNNWQB%2B3Ro4baF2YNlLy9MmYE%2BZh9ISLrD75iN0vHHtg
INFO: [ app_begin ] --START--
INFO: Run ReadHtmlCache Behavior [ RunTime:0.001046s ]
INFO: [ app_begin ] --END-- [ RunTime:0.001141s ]
NOTIC: [8] Constant UC_CLIENT_VERSION already defined D:\wwwroot\mainweb\sdk\api\UcApi\Lib\Action\IndexAction.class.php 第 4 行.
NOTIC: [8] Constant UC_CLIENT_RELEASE already defined D:\wwwroot\mainweb\sdk\api\UcApi\Lib\Action\IndexAction.class.php 第 5 行.
NOTIC: [2048] Only variables should be passed by reference D:\wwwroot\mainweb\sdk\api\UcApi\Lib\Action\IndexAction.class.php 第 63 行.
NOTIC: [8] Constant API_RETURN_FAILED already defined D:\wwwroot\mainweb\sdk\uc_client\model\note.php 第 16 行.
SQL: SHOW COLUMNS FROM `sdk_accounts` [ RunTime:0.019974s ]
SQL: SELECT * FROM `sdk_accounts` WHERE ( `account_id` = 2485 ) LIMIT 1   [ RunTime:0.000566s ]

[ 2013-10-15T08:00:18+08:00 ] 192.168.171.76 /api/uc.php?time=1381795218&code=d6eda4%2BeQ6SDkOtdfqkjUQ8CJXcNYxlzsZa8Fc8nFev%2B0Kq8Jk8a%2FWNzOiZYrreYl%2FjwlOaUdcQaODyfHhbAWrToUVsdf4bF0q0A2ETwDueat2hsC9WRxbz2Nk8xaMLlm%2BdWZiNYUwnTbs9S3haB9OhdZ4Nl%2FhOEKvGm
INFO: [ app_begin ] --START--
INFO: Run ReadHtmlCache Behavior [ RunTime:0.000700s ]
INFO: [ app_begin ] --END-- [ RunTime:0.000793s ]
NOTIC: [8] Constant UC_CLIENT_VERSION already defined D:\wwwroot\mainweb\sdk\api\UcApi\Lib\Action\IndexAction.class.php 第 4 行.
NOTIC: [8] Constant UC_CLIENT_RELEASE already defined D:\wwwroot\mainweb\sdk\api\UcApi\Lib\Action\IndexAction.class.php 第 5 行.
NOTIC: [2048] Only variables should be passed by reference D:\wwwroot\mainweb\sdk\api\UcApi\Lib\Action\IndexAction.class.php 第 63 行.
NOTIC: [8] Constant API_RETURN_FAILED already defined D:\wwwroot\mainweb\sdk\uc_client\model\note.php 第 16 行.
SQL: SHOW COLUMNS FROM `sdk_accounts` [ RunTime:0.002333s ]
SQL: SELECT * FROM `sdk_accounts` WHERE ( `account_id` = 593 ) LIMIT 1   [ RunTime:0.000463s ]

[ 2013-10-15T08:00:57+08:00 ] 192.168.171.76 /api/uc.php?time=1381795257&code=d017PLbtyqJVxSxv4wSKkABRl0i%2BMfgPv95mmCUIC%2BDb%2FCJbaqVATDTyry0%2FyFNljsQYQHFuFLTq1tSPGA
INFO: [ app_begin ] --START--
INFO: Run ReadHtmlCache Behavior [ RunTime:0.000649s ]
INFO: [ app_begin ] --END-- [ RunTime:0.000742s ]
NOTIC: [8] Constant UC_CLIENT_VERSION already defined D:\wwwroot\mainweb\sdk\api\UcApi\Lib\Action\IndexAction.class.php 第 4 行.
NOTIC: [8] Constant UC_CLIENT_RELEASE already defined D:\wwwroot\mainweb\sdk\api\UcApi\Lib\Action\IndexAction.class.php 第 5 行.
NOTIC: [2048] Only variables should be passed by reference D:\wwwroot\mainweb\sdk\api\UcApi\Lib\Action\IndexAction.class.php 第 63 行.

[ 2013-10-15T08:21:53+08:00 ] 192.168.141.19 /api/uc.php?time=1381796512&code=5485cGigum3BRhhRaG8hSsQp%2BCdg%2BwTIUgMQGZcnRZyKdSm8uqXYpgsK%2BA1ssg2DNuiu9R%2FdiCq6wLlNJQi%2BPYg%2B%2Fb%2F4osnTooIIiQ7Z6DSg3q4O9OjJtNNQlbBSEGA1wyRGKyxakHeUcOQcZxL1X%2BdhcwFk0y52ZL4WJV3D0BY
INFO: [ app_begin ] --START--
INFO: Run ReadHtmlCache Behavior [ RunTime:0.001628s ]
INFO: [ app_begin ] --END-- [ RunTime:0.001726s ]
NOTIC: [8] Constant UC_CLIENT_VERSION already defined D:\wwwroot\mainweb\sdk\api\UcApi\Lib\Action\IndexAction.class.php 第 4 行.
NOTIC: [8] Constant UC_CLIENT_RELEASE already defined D:\wwwroot\mainweb\sdk\api\UcApi\Lib\Action\IndexAction.class.php 第 5 行.
NOTIC: [2048] Only variables should be passed by reference D:\wwwroot\mainweb\sdk\api\UcApi\Lib\Action\IndexAction.class.php 第 63 行.
NOTIC: [8] Constant API_RETURN_FAILED already defined D:\wwwroot\mainweb\sdk\uc_client\model\note.php 第 16 行.
SQL: SHOW COLUMNS FROM `sdk_accounts` [ RunTime:0.002298s ]
SQL: SELECT * FROM `sdk_accounts` WHERE ( `account_id` = 2321 ) LIMIT 1   [ RunTime:0.000592s ]

[ 2013-10-15T08:54:08+08:00 ] 192.168.201.89 /api/uc.php?time=1381798447&code=f13eJ5SRYiwxgVn%2Bo84BY24erN1yWOJVUzIj1welWCDv2rqAPRlwwHSTQF7zDtlCMkO8q57pdrHsu1KfpBVct4TxWfZlAIOH7U8lHCdsn6ZCOnWnLil5wxkeW9O2yw6v%2FF17zQKRANE6B8cl736MCKuNJJj18H1HM7UMdxizRiM
INFO: [ app_begin ] --START--
INFO: Run ReadHtmlCache Behavior [ RunTime:0.000920s ]
INFO: [ app_begin ] --END-- [ RunTime:0.001015s ]
NOTIC: [8] Constant UC_CLIENT_VERSION already defined D:\wwwroot\mainweb\sdk\api\UcApi\Lib\Action\IndexAction.class.php 第 4 行.
NOTIC: [8] Constant UC_CLIENT_RELEASE already defined D:\wwwroot\mainweb\sdk\api\UcApi\Lib\Action\IndexAction.class.php 第 5 行.
NOTIC: [2048] Only variables should be passed by reference D:\wwwroot\mainweb\sdk\api\UcApi\Lib\Action\IndexAction.class.php 第 63 行.
NOTIC: [8] Constant API_RETURN_FAILED already defined D:\wwwroot\mainweb\sdk\uc_client\model\note.php 第 16 行.
SQL: SHOW COLUMNS FROM `sdk_accounts` [ RunTime:0.017611s ]
SQL: SELECT * FROM `sdk_accounts` WHERE ( `account_id` = 2017 ) LIMIT 1   [ RunTime:0.000556s ]

[ 2013-10-15T09:21:08+08:00 ] 192.168.201.76 /api/uc.php?time=1381800068&code=dc33llQopwFCVkJu8xNAw%2BYWjxCDUeOYkWcXe9i8uSYXd0DPU2AyRowEJlKd1RfpJ%2F842QbJVXjoU1TH8GclkxZcFuyMz16dkXf4f7NqKrrcgflqGBtcECOl1sz7gEdrwHRAOgKxoQCe%2B1BZmDfRNdGPWxN4p%2BVBvPFqj8xc
INFO: [ app_begin ] --START--
INFO: Run ReadHtmlCache Behavior [ RunTime:0.000752s ]
INFO: [ app_begin ] --END-- [ RunTime:0.000843s ]
NOTIC: [8] Constant UC_CLIENT_VERSION already defined D:\wwwroot\mainweb\sdk\api\UcApi\Lib\Action\IndexAction.class.php 第 4 行.
NOTIC: [8] Constant UC_CLIENT_RELEASE already defined D:\wwwroot\mainweb\sdk\api\UcApi\Lib\Action\IndexAction.class.php 第 5 行.
NOTIC: [2048] Only variables should be passed by reference D:\wwwroot\mainweb\sdk\api\UcApi\Lib\Action\IndexAction.class.php 第 63 行.
NOTIC: [8] Constant API_RETURN_FAILED already defined D:\wwwroot\mainweb\sdk\uc_client\model\note.php 第 16 行.
SQL: SHOW COLUMNS FROM `sdk_accounts` [ RunTime:0.002255s ]
SQL: SELECT * FROM `sdk_accounts` WHERE ( `account_id` = 158 ) LIMIT 1   [ RunTime:0.000584s ]

[ 2013-10-15T09:21:12+08:00 ] 192.168.201.76 /api/uc.php?time=1381800072&code=0fcfED3nSY6FRG7qtNJNBshHLW7OyHDYnS3LE%2FW4510z5tX6H9801Rg864RUDneCsuS7llTG%2BjxkVkjo%2BhedXaiAaSwSOj6nPp%2BLK7%2FBgCrvTi396wTO1KRE%2BJUtC1Oz%2FDjX2dzboG0UOSrJKQFe7yvVke%2FjIVpGYb13j9yc
INFO: [ app_begin ] --START--
INFO: Run ReadHtmlCache Behavior [ RunTime:0.000918s ]
INFO: [ app_begin ] --END-- [ RunTime:0.001009s ]
NOTIC: [8] Constant UC_CLIENT_VERSION already defined D:\wwwroot\mainweb\sdk\api\UcApi\Lib\Action\IndexAction.class.php 第 4 行.
NOTIC: [8] Constant UC_CLIENT_RELEASE already defined D:\wwwroot\mainweb\sdk\api\UcApi\Lib\Action\IndexAction.class.php 第 5 行.
NOTIC: [2048] Only variables should be passed by reference D:\wwwroot\mainweb\sdk\api\UcApi\Lib\Action\IndexAction.class.php 第 63 行.
NOTIC: [8] Constant API_RETURN_FAILED already defined D:\wwwroot\mainweb\sdk\uc_client\model\note.php 第 16 行.
SQL: SHOW COLUMNS FROM `sdk_accounts` [ RunTime:0.002272s ]
SQL: SELECT * FROM `sdk_accounts` WHERE ( `account_id` = 158 ) LIMIT 1   [ RunTime:0.000431s ]

[ 2013-10-15T10:07:29+08:00 ] 192.168.200.195 /api/uc.php?time=1381802847&code=5037Xg0zeCaQ4h6CKKhPPHttV%2B2e4B8chY5pf2jjolIlgGxv%2BbamIf5YCtRkubM8%2BpGDOj7azNI7J76qNsDS%2FPkYgnrkxxhUNmgozfNVaCELGGSl%2BXcdQOEK1GIaQ9VB1%2FanaI%2B2KW2IzmsyBLElV%2BYVem4avIvrZ%2BifH1u06E4
INFO: [ app_begin ] --START--
INFO: Run ReadHtmlCache Behavior [ RunTime:0.001079s ]
INFO: [ app_begin ] --END-- [ RunTime:0.001171s ]
NOTIC: [8] Constant UC_CLIENT_VERSION already defined D:\wwwroot\mainweb\sdk\api\UcApi\Lib\Action\IndexAction.class.php 第 4 行.
NOTIC: [8] Constant UC_CLIENT_RELEASE already defined D:\wwwroot\mainweb\sdk\api\UcApi\Lib\Action\IndexAction.class.php 第 5 行.
NOTIC: [2048] Only variables should be passed by reference D:\wwwroot\mainweb\sdk\api\UcApi\Lib\Action\IndexAction.class.php 第 63 行.
NOTIC: [8] Constant API_RETURN_FAILED already defined D:\wwwroot\mainweb\sdk\uc_client\model\note.php 第 16 行.
SQL: SHOW COLUMNS FROM `sdk_accounts` [ RunTime:0.002097s ]
SQL: SELECT * FROM `sdk_accounts` WHERE ( `account_id` = 1797 ) LIMIT 1   [ RunTime:0.000586s ]

[ 2013-10-15T11:03:21+08:00 ] 192.168.154.34 /api/uc.php?time=1381806200&code=9b38pEcHOUzG27Oh3NQ9v%2BcoMNPjUFmrH7Ulyfm4ckYBhRKSzzALDUCjytJZ88x9GBNejX2b0oZH4JC%2FdhY47MSCgX8PgFK631uatV7lgDCxdpeL6A%2BmN%2FWqg%2Bp5ApS76rH%2FpdKKW4t9lOV2PSHQj0xdlmWRPjE5CFn6NFDRRzyd
INFO: [ app_begin ] --START--
INFO: Run ReadHtmlCache Behavior [ RunTime:0.001013s ]
INFO: [ app_begin ] --END-- [ RunTime:0.001109s ]
NOTIC: [8] Constant UC_CLIENT_VERSION already defined D:\wwwroot\mainweb\sdk\api\UcApi\Lib\Action\IndexAction.class.php 第 4 行.
NOTIC: [8] Constant UC_CLIENT_RELEASE already defined D:\wwwroot\mainweb\sdk\api\UcApi\Lib\Action\IndexAction.class.php 第 5 行.
NOTIC: [2048] Only variables should be passed by reference D:\wwwroot\mainweb\sdk\api\UcApi\Lib\Action\IndexAction.class.php 第 63 行.
NOTIC: [8] Constant API_RETURN_FAILED already defined D:\wwwroot\mainweb\sdk\uc_client\model\note.php 第 16 行.
SQL: SHOW COLUMNS FROM `sdk_accounts` [ RunTime:0.002244s ]
SQL: SELECT * FROM `sdk_accounts` WHERE ( `account_id` = 2373 ) LIMIT 1   [ RunTime:0.000496s ]

[ 2013-10-15T12:03:38+08:00 ] 192.168.204.131 /api/uc.php?time=1381809817&code=f7bbkvFDnzi7%2BI0KN5YiyYv34qNnVfSo0Gxiv7QSkBkU%2Fm0Ov3pgkdfEgqft%2F%2F7TMYv3fvKM%2B4NS270RNd%2Fe5uKMMNDMrv%2BNw4DjwQYkBz1Z%2B9KNI1FZ4ZRjFR3UrogrzDUBiwgDov3sC0rFlI%2FlAWNXQKE%2BJ8poJm3llY7qce79l4MQftEbVg
INFO: [ app_begin ] --START--
INFO: Run ReadHtmlCache Behavior [ RunTime:0.001045s ]
INFO: [ app_begin ] --END-- [ RunTime:0.001133s ]
NOTIC: [8] Constant UC_CLIENT_VERSION already defined D:\wwwroot\mainweb\sdk\api\UcApi\Lib\Action\IndexAction.class.php 第 4 行.
NOTIC: [8] Constant UC_CLIENT_RELEASE already defined D:\wwwroot\mainweb\sdk\api\UcApi\Lib\Action\IndexAction.class.php 第 5 行.
NOTIC: [2048] Only variables should be passed by reference D:\wwwroot\mainweb\sdk\api\UcApi\Lib\Action\IndexAction.class.php 第 63 行.
NOTIC: [8] Constant API_RETURN_FAILED already defined D:\wwwroot\mainweb\sdk\uc_client\model\note.php 第 16 行.
SQL: SHOW COLUMNS FROM `sdk_accounts` [ RunTime:0.002180s ]
SQL: SELECT * FROM `sdk_accounts` WHERE ( `account_id` = 1385 ) LIMIT 1   [ RunTime:0.000432s ]

[ 2013-10-15T13:19:29+08:00 ] 192.168.201.154 /api/uc.php?time=1381814368&code=0845yf10iT4dVKYbYusAjl%2FBqn8471JOxxrukUNymOHPostgfm1ja55lqJ7DV6Q1uCpT8HyVA%2Bt8A1AxPkdCo8emEnNHDxvgi4jJNGSBg558Pw1LfcR5ks7i%2FzwjEa%2By4JYtMq%2FHBSd%2FuPF1FtcB0GyKEdLoOqSYAVbx9h8
INFO: [ app_begin ] --START--
INFO: Run ReadHtmlCache Behavior [ RunTime:0.001327s ]
INFO: [ app_begin ] --END-- [ RunTime:0.001419s ]
NOTIC: [8] Constant UC_CLIENT_VERSION already defined D:\wwwroot\mainweb\sdk\api\UcApi\Lib\Action\IndexAction.class.php 第 4 行.
NOTIC: [8] Constant UC_CLIENT_RELEASE already defined D:\wwwroot\mainweb\sdk\api\UcApi\Lib\Action\IndexAction.class.php 第 5 行.
NOTIC: [2048] Only variables should be passed by reference D:\wwwroot\mainweb\sdk\api\UcApi\Lib\Action\IndexAction.class.php 第 63 行.
NOTIC: [8] Constant API_RETURN_FAILED already defined D:\wwwroot\mainweb\sdk\uc_client\model\note.php 第 16 行.
SQL: SHOW COLUMNS FROM `sdk_accounts` [ RunTime:0.002337s ]
SQL: SELECT * FROM `sdk_accounts` WHERE ( `account_id` = 1750 ) LIMIT 1   [ RunTime:0.000592s ]

[ 2013-10-15T13:41:56+08:00 ] 192.168.140.11 /api/uc.php?time=1381815716&code=add6UH9ANQg3fi6wxFGSr0M7MXGoa1nYyideaiLNn5bGhn8gS6gDhHjl9tT50n34zkxCTFyy1rCzy5Wh%2BleQQfcHe%2B4QnW0uh7uQLb7vlUI5YzezMYZuvogAQIv9R0zUlBpkiOVj4hA%2B1m6dUGtxjDUM9nUZFYNPNJNNhh%2B%2BiOMksA
INFO: [ app_begin ] --START--
INFO: Run ReadHtmlCache Behavior [ RunTime:0.001039s ]
INFO: [ app_begin ] --END-- [ RunTime:0.001133s ]
NOTIC: [8] Constant UC_CLIENT_VERSION already defined D:\wwwroot\mainweb\sdk\api\UcApi\Lib\Action\IndexAction.class.php 第 4 行.
NOTIC: [8] Constant UC_CLIENT_RELEASE already defined D:\wwwroot\mainweb\sdk\api\UcApi\Lib\Action\IndexAction.class.php 第 5 行.
NOTIC: [2048] Only variables should be passed by reference D:\wwwroot\mainweb\sdk\api\UcApi\Lib\Action\IndexAction.class.php 第 63 行.
NOTIC: [8] Constant API_RETURN_FAILED already defined D:\wwwroot\mainweb\sdk\uc_client\model\note.php 第 16 行.
SQL: SHOW COLUMNS FROM `sdk_accounts` [ RunTime:0.002047s ]
SQL: SELECT * FROM `sdk_accounts` WHERE ( `account_id` = 2203 ) LIMIT 1   [ RunTime:0.000446s ]

[ 2013-10-15T15:19:48+08:00 ] 192.168.202.73 /api/uc.php?time=1381821588&code=e9b5fdk%2FawgeLYQjl17VKpYgND1c1fwzbtv0l2rxsrK%2BnQRRmPqx1PLQQcl2L%2B1yKC23OuVw6XTIBUYmqwHUiJuaQhSbPnasT0I%2FZAz3lP0GkpWB7Zl734mbly2wuyFQwUXOaBudknPytsDs0vtwlih%2FDAexcEexLwxwW6J58BPS
INFO: [ app_begin ] --START--
INFO: Run ReadHtmlCache Behavior [ RunTime:0.000711s ]
INFO: [ app_begin ] --END-- [ RunTime:0.000804s ]
NOTIC: [8] Constant UC_CLIENT_VERSION already defined D:\wwwroot\mainweb\sdk\api\UcApi\Lib\Action\IndexAction.class.php 第 4 行.
NOTIC: [8] Constant UC_CLIENT_RELEASE already defined D:\wwwroot\mainweb\sdk\api\UcApi\Lib\Action\IndexAction.class.php 第 5 行.
NOTIC: [2048] Only variables should be passed by reference D:\wwwroot\mainweb\sdk\api\UcApi\Lib\Action\IndexAction.class.php 第 63 行.
NOTIC: [8] Constant API_RETURN_FAILED already defined D:\wwwroot\mainweb\sdk\uc_client\model\note.php 第 16 行.
SQL: SHOW COLUMNS FROM `sdk_accounts` [ RunTime:0.002274s ]
SQL: SELECT * FROM `sdk_accounts` WHERE ( `account_id` = 753 ) LIMIT 1   [ RunTime:0.000391s ]

[ 2013-10-15T17:10:44+08:00 ] 192.168.170.88 /api/uc.php?time=1381828244&code=f6f0%2FiiWzjHnFX%2B9hn68KEzC9TOwOgU4EVxnJ1dmqb0ixRTK4mnZQZie1NjKsaRWvak9MABQyZ0A8AV89uzyjJOrak40AmTPqWM8c%2FJVKir0V%2BbuS%2FnnENPWcOmzWgkZ4S0adYKoVoPANZozkonfXfRyj2Zuqqod7tJhr5c%2B
INFO: [ app_begin ] --START--
INFO: Run ReadHtmlCache Behavior [ RunTime:0.001313s ]
INFO: [ app_begin ] --END-- [ RunTime:0.001408s ]
NOTIC: [8] Constant UC_CLIENT_VERSION already defined D:\wwwroot\mainweb\sdk\api\UcApi\Lib\Action\IndexAction.class.php 第 4 行.
NOTIC: [8] Constant UC_CLIENT_RELEASE already defined D:\wwwroot\mainweb\sdk\api\UcApi\Lib\Action\IndexAction.class.php 第 5 行.
NOTIC: [2048] Only variables should be passed by reference D:\wwwroot\mainweb\sdk\api\UcApi\Lib\Action\IndexAction.class.php 第 63 行.
NOTIC: [8] Constant API_RETURN_FAILED already defined D:\wwwroot\mainweb\sdk\uc_client\model\note.php 第 16 行.
SQL: SHOW COLUMNS FROM `sdk_accounts` [ RunTime:0.002308s ]
SQL: SELECT * FROM `sdk_accounts` WHERE ( `account_id` = 2508 ) LIMIT 1   [ RunTime:0.000533s ]
SQL: INSERT INTO `sdk_accounts` (`account_id`,`user_name`,`email`,`password`,`reg_time`) VALUES (2508,'kerry','215911871@qq.com','6eef3ca286465c724a6e94dcd865d1743d63945b',1381828244) [ RunTime:0.001548s ]

[ 2013-10-15T17:11:11+08:00 ] 192.168.170.88 /api/uc.php?time=1381828270&code=6431vCeb9uLJ0MvVd8Vr5aBLNYxHZnhMIR7J24T5HFBtiRrqKXy3opAETojWyffZ1Fg1WO94QFNh9jVdpcZgI48%2BjIqwZvfye3AKvBV9dyhvvtk5xKBaGbMzzSHnN6%2FzSInanJlP1Yvt08TvAbQpzEXUFhofDRzzw%2Bq0yQhu
INFO: [ app_begin ] --START--
INFO: Run ReadHtmlCache Behavior [ RunTime:0.000592s ]
INFO: [ app_begin ] --END-- [ RunTime:0.000685s ]
NOTIC: [8] Constant UC_CLIENT_VERSION already defined D:\wwwroot\mainweb\sdk\api\UcApi\Lib\Action\IndexAction.class.php 第 4 行.
NOTIC: [8] Constant UC_CLIENT_RELEASE already defined D:\wwwroot\mainweb\sdk\api\UcApi\Lib\Action\IndexAction.class.php 第 5 行.
NOTIC: [2048] Only variables should be passed by reference D:\wwwroot\mainweb\sdk\api\UcApi\Lib\Action\IndexAction.class.php 第 63 行.
NOTIC: [8] Constant API_RETURN_FAILED already defined D:\wwwroot\mainweb\sdk\uc_client\model\note.php 第 16 行.
SQL: SHOW COLUMNS FROM `sdk_accounts` [ RunTime:0.002290s ]
SQL: SELECT * FROM `sdk_accounts` WHERE ( `account_id` = 2508 ) LIMIT 1   [ RunTime:0.000509s ]

[ 2013-10-15T17:17:29+08:00 ] 192.168.180.193 /api/uc.php?time=1381828649&code=5815GRuEc4i2ggzrxJ96pkf3OdeS5uGD8eQY5tMOeaYqoXnRSOoGo4TfBg5fWjUF7lkyPm6ZmsUq4B%2BNpslb29K3NE1AVorBL%2FKwieZdXsZxSdatnkmngGf6wXjoOliDbhkdaFcfj%2F9BFmEWwu04thMGwvxdt4jrfoPrxQ
INFO: [ app_begin ] --START--
INFO: Run ReadHtmlCache Behavior [ RunTime:0.000753s ]
INFO: [ app_begin ] --END-- [ RunTime:0.000841s ]
NOTIC: [8] Constant UC_CLIENT_VERSION already defined D:\wwwroot\mainweb\sdk\api\UcApi\Lib\Action\IndexAction.class.php 第 4 行.
NOTIC: [8] Constant UC_CLIENT_RELEASE already defined D:\wwwroot\mainweb\sdk\api\UcApi\Lib\Action\IndexAction.class.php 第 5 行.
NOTIC: [2048] Only variables should be passed by reference D:\wwwroot\mainweb\sdk\api\UcApi\Lib\Action\IndexAction.class.php 第 63 行.
NOTIC: [8] Constant API_RETURN_FAILED already defined D:\wwwroot\mainweb\sdk\uc_client\model\note.php 第 16 行.
SQL: SHOW COLUMNS FROM `sdk_accounts` [ RunTime:0.002079s ]
SQL: SELECT * FROM `sdk_accounts` WHERE ( `account_id` = 2083 ) LIMIT 1   [ RunTime:0.000483s ]

[ 2013-10-15T18:25:34+08:00 ] 202.116.192.50 /api/uc.php?code=e4b64Ggj30OV2w2dkMZgZfHPH0kXMhLmEFJ6FyvL%2FXwFo1QvKVo6iIMjMZE%2FcclHnTn1FmvmfLBsXNyNbj5hLPAokMai3HIXG8PezfBv3HSz2Qc&__times__=1
INFO: [ app_begin ] --START--
INFO: Run ReadHtmlCache Behavior [ RunTime:0.000712s ]
INFO: [ app_begin ] --END-- [ RunTime:0.000804s ]
NOTIC: [8] Constant UC_CLIENT_VERSION already defined D:\wwwroot\mainweb\sdk\api\UcApi\Lib\Action\IndexAction.class.php 第 4 行.
NOTIC: [8] Constant UC_CLIENT_RELEASE already defined D:\wwwroot\mainweb\sdk\api\UcApi\Lib\Action\IndexAction.class.php 第 5 行.
NOTIC: [2048] Only variables should be passed by reference D:\wwwroot\mainweb\sdk\api\UcApi\Lib\Action\IndexAction.class.php 第 63 行.

[ 2013-10-15T18:26:56+08:00 ] 192.168.180.193 /api/uc.php?time=1381832816&code=2d05Fu494Pj%2F1rY9oZs99%2BoNRrRLl5DurjrItY36VuPLjNPV8ztPUhimMwJxf6uEgjEVrYh8C5ZxUbkhob1BNOmcBj0JnHzJVzn%2B9JO0oypcsJ8tOQrxSBKgBrPiifq3BMC9Y%2B4sDV%2FcfGWqYh%2FhLSR%2FFryt1h%2F%2B5V%2FFRg
INFO: [ app_begin ] --START--
INFO: Run ReadHtmlCache Behavior [ RunTime:0.001098s ]
INFO: [ app_begin ] --END-- [ RunTime:0.001188s ]
NOTIC: [8] Constant UC_CLIENT_VERSION already defined D:\wwwroot\mainweb\sdk\api\UcApi\Lib\Action\IndexAction.class.php 第 4 行.
NOTIC: [8] Constant UC_CLIENT_RELEASE already defined D:\wwwroot\mainweb\sdk\api\UcApi\Lib\Action\IndexAction.class.php 第 5 行.
NOTIC: [2048] Only variables should be passed by reference D:\wwwroot\mainweb\sdk\api\UcApi\Lib\Action\IndexAction.class.php 第 63 行.
NOTIC: [8] Constant API_RETURN_FAILED already defined D:\wwwroot\mainweb\sdk\uc_client\model\note.php 第 16 行.
SQL: SHOW COLUMNS FROM `sdk_accounts` [ RunTime:0.002391s ]
SQL: SELECT * FROM `sdk_accounts` WHERE ( `account_id` = 2083 ) LIMIT 1   [ RunTime:0.000233s ]

[ 2013-10-15T18:53:34+08:00 ] 202.116.192.50 /api/uc.php?code=ce0frk7hu05Biq6W2zNilnrkFvHFNRaZq0VmkU57vlZjlFPktZJZaUk76ahQXKdJbqYMCWzOpAtUnEwOuvYlxA4szPJvU%2Fs1miEYHiG0bKMZtZhHtFO6Q14&__times__=1
INFO: [ app_begin ] --START--
INFO: Run ReadHtmlCache Behavior [ RunTime:0.000926s ]
INFO: [ app_begin ] --END-- [ RunTime:0.001014s ]
NOTIC: [8] Constant UC_CLIENT_VERSION already defined D:\wwwroot\mainweb\sdk\api\UcApi\Lib\Action\IndexAction.class.php 第 4 行.
NOTIC: [8] Constant UC_CLIENT_RELEASE already defined D:\wwwroot\mainweb\sdk\api\UcApi\Lib\Action\IndexAction.class.php 第 5 行.
NOTIC: [2048] Only variables should be passed by reference D:\wwwroot\mainweb\sdk\api\UcApi\Lib\Action\IndexAction.class.php 第 63 行.

[ 2013-10-15T18:53:34+08:00 ] 192.168.187.85 /api/uc.php?time=1381834414&code=25ceyaLXu3fdw26wFrED3aNOf2nMjv2zBQEZ16NORXLO6pWmTM7gh2DT7VybZfVLME005v09O%2Fg%2FX8worARI67bJssd%2B8FGNYp%2BhkmAm%2Fe047m3UR3N84KIJgGcird5ottXHEGjTFcsdJNzbpHPAMU9TPCesEN7lYZKFxLM6ugEudg
INFO: [ app_begin ] --START--
INFO: Run ReadHtmlCache Behavior [ RunTime:0.001043s ]
INFO: [ app_begin ] --END-- [ RunTime:0.001135s ]
NOTIC: [8] Constant UC_CLIENT_VERSION already defined D:\wwwroot\mainweb\sdk\api\UcApi\Lib\Action\IndexAction.class.php 第 4 行.
NOTIC: [8] Constant UC_CLIENT_RELEASE already defined D:\wwwroot\mainweb\sdk\api\UcApi\Lib\Action\IndexAction.class.php 第 5 行.
NOTIC: [2048] Only variables should be passed by reference D:\wwwroot\mainweb\sdk\api\UcApi\Lib\Action\IndexAction.class.php 第 63 行.
NOTIC: [8] Constant API_RETURN_FAILED already defined D:\wwwroot\mainweb\sdk\uc_client\model\note.php 第 16 行.
SQL: SHOW COLUMNS FROM `sdk_accounts` [ RunTime:0.002368s ]
SQL: SELECT * FROM `sdk_accounts` WHERE ( `account_id` = 2406 ) LIMIT 1   [ RunTime:0.000642s ]
NOTIC: [8] Undefined index:  apph D:\wwwroot\mainweb\sdk\uc_client\model\note.php 第 169 行.
NOTIC: [8] Undefined offset:  2 D:\wwwroot\mainweb\sdk\uc_client\model\note.php 第 141 行.

[ 2013-10-15T18:53:42+08:00 ] 192.168.187.85 /api/uc.php?time=1381834422&code=52f91VXvfnjjaynddetrZFzapIr2flpQWE66zNi2avp1eegNtuTcQxnYiwEeyNw5l7lekoINEO8zdrCFuq2aT%2Fw9NrZSXCsLE0PHqcgXN%2BIjYZKQx90RGrewP3rzI2mU2WmmH5zDbj8Ycc4BTqxc4tbkopV3sHUAEdNaMQxgDTEJAQ
INFO: [ app_begin ] --START--
INFO: Run ReadHtmlCache Behavior [ RunTime:0.000581s ]
INFO: [ app_begin ] --END-- [ RunTime:0.000669s ]
NOTIC: [8] Constant UC_CLIENT_VERSION already defined D:\wwwroot\mainweb\sdk\api\UcApi\Lib\Action\IndexAction.class.php 第 4 行.
NOTIC: [8] Constant UC_CLIENT_RELEASE already defined D:\wwwroot\mainweb\sdk\api\UcApi\Lib\Action\IndexAction.class.php 第 5 行.
NOTIC: [2048] Only variables should be passed by reference D:\wwwroot\mainweb\sdk\api\UcApi\Lib\Action\IndexAction.class.php 第 63 行.
NOTIC: [8] Constant API_RETURN_FAILED already defined D:\wwwroot\mainweb\sdk\uc_client\model\note.php 第 16 行.
SQL: SHOW COLUMNS FROM `sdk_accounts` [ RunTime:0.002153s ]
SQL: SELECT * FROM `sdk_accounts` WHERE ( `account_id` = 2406 ) LIMIT 1   [ RunTime:0.000298s ]

[ 2013-10-15T19:22:41+08:00 ] 192.168.178.81 /api/uc.php?time=1381836161&code=4ba8klo0Dxe8321es3lMAHNy1yV1IhNZEPXjvi5zSYrSmlaCXP0RTQjtDTrmU2mScfUxeTYsrmBC068mBmG%2FKjuB37%2BDk0aiUjtvu7V3fhG5tk4G8nFLLU7dvqJz8s6AFPyejSXYBNChSlF0wjNnXWm6hFAarQYIbQ00u4NTFp4dZQk
INFO: [ app_begin ] --START--
INFO: Run ReadHtmlCache Behavior [ RunTime:0.000801s ]
INFO: [ app_begin ] --END-- [ RunTime:0.000893s ]
NOTIC: [8] Constant UC_CLIENT_VERSION already defined D:\wwwroot\mainweb\sdk\api\UcApi\Lib\Action\IndexAction.class.php 第 4 行.
NOTIC: [8] Constant UC_CLIENT_RELEASE already defined D:\wwwroot\mainweb\sdk\api\UcApi\Lib\Action\IndexAction.class.php 第 5 行.
NOTIC: [2048] Only variables should be passed by reference D:\wwwroot\mainweb\sdk\api\UcApi\Lib\Action\IndexAction.class.php 第 63 行.
NOTIC: [8] Constant API_RETURN_FAILED already defined D:\wwwroot\mainweb\sdk\uc_client\model\note.php 第 16 行.
SQL: SHOW COLUMNS FROM `sdk_accounts` [ RunTime:0.002137s ]
SQL: SELECT * FROM `sdk_accounts` WHERE ( `account_id` = 2502 ) LIMIT 1   [ RunTime:0.000574s ]

[ 2013-10-15T19:42:39+08:00 ] 192.168.164.85 /api/uc.php?time=1381837359&code=a1a5zN25eHam9rl4pagdsSZSbgZVNgVqTSFAZBkMPXDXi%2FdUh3jHMS1C%2FYUNgjUtIcrTbg3a2cuimm0a%2Bo8UANxOZnNLpoaWG%2FPnCmcVspOy8rffaE%2FkKHoM0hWyMiEQ1Spt4%2FCuVJPn%2FAveiXay8pHEyw8BZxaqDPxrT1b0
INFO: [ app_begin ] --START--
INFO: Run ReadHtmlCache Behavior [ RunTime:0.000705s ]
INFO: [ app_begin ] --END-- [ RunTime:0.000798s ]
NOTIC: [8] Constant UC_CLIENT_VERSION already defined D:\wwwroot\mainweb\sdk\api\UcApi\Lib\Action\IndexAction.class.php 第 4 行.
NOTIC: [8] Constant UC_CLIENT_RELEASE already defined D:\wwwroot\mainweb\sdk\api\UcApi\Lib\Action\IndexAction.class.php 第 5 行.
NOTIC: [2048] Only variables should be passed by reference D:\wwwroot\mainweb\sdk\api\UcApi\Lib\Action\IndexAction.class.php 第 63 行.
NOTIC: [8] Constant API_RETURN_FAILED already defined D:\wwwroot\mainweb\sdk\uc_client\model\note.php 第 16 行.
SQL: SHOW COLUMNS FROM `sdk_accounts` [ RunTime:0.002041s ]
SQL: SELECT * FROM `sdk_accounts` WHERE ( `account_id` = 757 ) LIMIT 1   [ RunTime:0.000399s ]

[ 2013-10-15T21:05:18+08:00 ] 192.168.251.41 /api/uc.php?time=1381842318&code=97ebBa5QtPvEJp1bpJu9lYtf2sHh0NW73zGrdHvaYf86mkt1VV6GMYVIH0BEk5K0anVaG2NpR%2Bcc8LXIUq4ptbi1BIFDx10UQjlKKedqUnJkMVfmLSmDP7sRrhBDHAiLlsEA8BChL4hrAY1U13yXg2f54wHsnB8Z6Jk5fO0t0TfgMg
INFO: [ app_begin ] --START--
INFO: Run ReadHtmlCache Behavior [ RunTime:0.001066s ]
INFO: [ app_begin ] --END-- [ RunTime:0.001160s ]
NOTIC: [8] Constant UC_CLIENT_VERSION already defined D:\wwwroot\mainweb\sdk\api\UcApi\Lib\Action\IndexAction.class.php 第 4 行.
NOTIC: [8] Constant UC_CLIENT_RELEASE already defined D:\wwwroot\mainweb\sdk\api\UcApi\Lib\Action\IndexAction.class.php 第 5 行.
NOTIC: [2048] Only variables should be passed by reference D:\wwwroot\mainweb\sdk\api\UcApi\Lib\Action\IndexAction.class.php 第 63 行.
NOTIC: [8] Constant API_RETURN_FAILED already defined D:\wwwroot\mainweb\sdk\uc_client\model\note.php 第 16 行.
SQL: SHOW COLUMNS FROM `sdk_accounts` [ RunTime:0.001939s ]
SQL: SELECT * FROM `sdk_accounts` WHERE ( `account_id` = 2455 ) LIMIT 1   [ RunTime:0.000465s ]

[ 2013-10-15T21:23:30+08:00 ] 192.168.135.79 /api/uc.php?time=1381843409&code=77dbuz%2BTLMrRN9Wg1IO6PGNoAD5uNoLWYmksbMetiX1TSXGFFnfAyilrMWtGRr02O%2B28qqsnDCWd6q%2FcVjP162BSVW8HwlAd3521V5Ab2NjWob3tzfXwMGx4I8l8dCufm0RQ%2F8hUM22qFijqs3IJE%2FW4ICC1727xditS6wo
INFO: [ app_begin ] --START--
INFO: Run ReadHtmlCache Behavior [ RunTime:0.000708s ]
INFO: [ app_begin ] --END-- [ RunTime:0.000802s ]
NOTIC: [8] Constant UC_CLIENT_VERSION already defined D:\wwwroot\mainweb\sdk\api\UcApi\Lib\Action\IndexAction.class.php 第 4 行.
NOTIC: [8] Constant UC_CLIENT_RELEASE already defined D:\wwwroot\mainweb\sdk\api\UcApi\Lib\Action\IndexAction.class.php 第 5 行.
NOTIC: [2048] Only variables should be passed by reference D:\wwwroot\mainweb\sdk\api\UcApi\Lib\Action\IndexAction.class.php 第 63 行.
NOTIC: [8] Constant API_RETURN_FAILED already defined D:\wwwroot\mainweb\sdk\uc_client\model\note.php 第 16 行.
SQL: SHOW COLUMNS FROM `sdk_accounts` [ RunTime:0.002147s ]
SQL: SELECT * FROM `sdk_accounts` WHERE ( `account_id` = 846 ) LIMIT 1   [ RunTime:0.000526s ]

[ 2013-10-15T21:25:28+08:00 ] 192.168.187.17 /api/uc.php?time=1381843528&code=cf03StQUtZ4j04WypJH8IgjgBtlEQe8YEB5V6U1aKKHaNysWQIjoY0Ab4nplUNltMx2qrpenUnZwksf%2F8qfdPoAzqgmRxomXGvE%2FeuCemHvlhCOlfvF8Gx1obLWc50KbYX4ENDcJ4oEMSB9r71yjm%2FXFi%2F1HtCqb3d0d8fJw9vudFg
INFO: [ app_begin ] --START--
INFO: Run ReadHtmlCache Behavior [ RunTime:0.000708s ]
INFO: [ app_begin ] --END-- [ RunTime:0.000805s ]
NOTIC: [8] Constant UC_CLIENT_VERSION already defined D:\wwwroot\mainweb\sdk\api\UcApi\Lib\Action\IndexAction.class.php 第 4 行.
NOTIC: [8] Constant UC_CLIENT_RELEASE already defined D:\wwwroot\mainweb\sdk\api\UcApi\Lib\Action\IndexAction.class.php 第 5 行.
NOTIC: [2048] Only variables should be passed by reference D:\wwwroot\mainweb\sdk\api\UcApi\Lib\Action\IndexAction.class.php 第 63 行.
NOTIC: [8] Constant API_RETURN_FAILED already defined D:\wwwroot\mainweb\sdk\uc_client\model\note.php 第 16 行.
SQL: SHOW COLUMNS FROM `sdk_accounts` [ RunTime:0.001876s ]
SQL: SELECT * FROM `sdk_accounts` WHERE ( `account_id` = 2313 ) LIMIT 1   [ RunTime:0.000524s ]

[ 2013-10-15T21:28:34+08:00 ] 192.168.163.80 /api/uc.php?time=1381843714&code=f606VE4O7BfG6EX2%2FUV%2Ft%2BubynPfcZmUIIy%2FwZOpyMx4JeMZNDNGtrLXYq0wsOgRJoytEkq8JePxAGEU%2FpZpyX8Gkqkta%2F24dsaNarw59kQ4bKYwp5uU9M6uRO8VqXonm0tuecoyxx9mIaRwG0l%2ByjsL3nPIeB2KRl0XBBoFzw
INFO: [ app_begin ] --START--
INFO: Run ReadHtmlCache Behavior [ RunTime:0.000751s ]
INFO: [ app_begin ] --END-- [ RunTime:0.000840s ]
NOTIC: [8] Constant UC_CLIENT_VERSION already defined D:\wwwroot\mainweb\sdk\api\UcApi\Lib\Action\IndexAction.class.php 第 4 行.
NOTIC: [8] Constant UC_CLIENT_RELEASE already defined D:\wwwroot\mainweb\sdk\api\UcApi\Lib\Action\IndexAction.class.php 第 5 行.
NOTIC: [2048] Only variables should be passed by reference D:\wwwroot\mainweb\sdk\api\UcApi\Lib\Action\IndexAction.class.php 第 63 行.
NOTIC: [8] Constant API_RETURN_FAILED already defined D:\wwwroot\mainweb\sdk\uc_client\model\note.php 第 16 行.
SQL: SHOW COLUMNS FROM `sdk_accounts` [ RunTime:0.001900s ]
SQL: SELECT * FROM `sdk_accounts` WHERE ( `account_id` = 1103 ) LIMIT 1   [ RunTime:0.000429s ]

[ 2013-10-15T21:28:50+08:00 ] 192.168.171.73 /api/uc.php?time=1381843730&code=b182J1sJJ7MT3Ho9UOFO%2B2qyumjC7RjBghQZhZQb9bJQlK%2BiLtcFfNnYVnkBledxk1l4Ma5vUB7YIZJlrOhbqUjYhYwd8DDA101jwfuBlDuct8JW3wO4ZdbBxHPK%2FlEaKWA5tKed6BlJvMv2F6VNifRECWiwdKTs7ppCig
INFO: [ app_begin ] --START--
INFO: Run ReadHtmlCache Behavior [ RunTime:0.001171s ]
INFO: [ app_begin ] --END-- [ RunTime:0.001269s ]
NOTIC: [8] Constant UC_CLIENT_VERSION already defined D:\wwwroot\mainweb\sdk\api\UcApi\Lib\Action\IndexAction.class.php 第 4 行.
NOTIC: [8] Constant UC_CLIENT_RELEASE already defined D:\wwwroot\mainweb\sdk\api\UcApi\Lib\Action\IndexAction.class.php 第 5 行.
NOTIC: [2048] Only variables should be passed by reference D:\wwwroot\mainweb\sdk\api\UcApi\Lib\Action\IndexAction.class.php 第 63 行.
NOTIC: [8] Constant API_RETURN_FAILED already defined D:\wwwroot\mainweb\sdk\uc_client\model\note.php 第 16 行.
SQL: SHOW COLUMNS FROM `sdk_accounts` [ RunTime:0.002167s ]
SQL: SELECT * FROM `sdk_accounts` WHERE ( `account_id` = 1727 ) LIMIT 1   [ RunTime:0.000568s ]

[ 2013-10-15T21:30:21+08:00 ] 192.168.134.68 /api/uc.php?time=1381843821&code=752a%2F%2BJcrCtoTxDAeZXL6CprxJs1R%2FHJn8c4NzmflxAPu6CelSZd0bK8%2BKEEDX9No8Gw0O%2BL8aP8rWQCKY4JWc36J79xkl0Wgo%2F2mMQWLGWGoAVx%2Bx9n9qBKJkOtHr%2BBYsYAZFOg9nPV%2FMV1Io8%2B6GImJLOrI7yjIZUKys5m
INFO: [ app_begin ] --START--
INFO: Run ReadHtmlCache Behavior [ RunTime:0.000733s ]
INFO: [ app_begin ] --END-- [ RunTime:0.000824s ]
NOTIC: [8] Constant UC_CLIENT_VERSION already defined D:\wwwroot\mainweb\sdk\api\UcApi\Lib\Action\IndexAction.class.php 第 4 行.
NOTIC: [8] Constant UC_CLIENT_RELEASE already defined D:\wwwroot\mainweb\sdk\api\UcApi\Lib\Action\IndexAction.class.php 第 5 行.
NOTIC: [2048] Only variables should be passed by reference D:\wwwroot\mainweb\sdk\api\UcApi\Lib\Action\IndexAction.class.php 第 63 行.
NOTIC: [8] Constant API_RETURN_FAILED already defined D:\wwwroot\mainweb\sdk\uc_client\model\note.php 第 16 行.
SQL: SHOW COLUMNS FROM `sdk_accounts` [ RunTime:0.002178s ]
SQL: SELECT * FROM `sdk_accounts` WHERE ( `account_id` = 2109 ) LIMIT 1   [ RunTime:0.000569s ]

[ 2013-10-15T21:39:03+08:00 ] 192.168.202.94 /api/uc.php?time=1381844343&code=ce652DoMKanrEzIUWnA%2BSaQZfgIRdpCI3gKZWzPN1rmYL6URnPY8M29XR1gyNQ0wKmfZoxVr%2FxjGkrrgMYp8bRL%2FKyr0W7q%2BgdGp7VfyGY55V3xO2ocOJ0h%2B7rHWLI7nt2%2FT1%2FiyiYYjPhl1V49nniPMZp%2FWzNvuiqKjo0UdmAgiDhU0
INFO: [ app_begin ] --START--
INFO: Run ReadHtmlCache Behavior [ RunTime:0.000724s ]
INFO: [ app_begin ] --END-- [ RunTime:0.000816s ]
NOTIC: [8] Constant UC_CLIENT_VERSION already defined D:\wwwroot\mainweb\sdk\api\UcApi\Lib\Action\IndexAction.class.php 第 4 行.
NOTIC: [8] Constant UC_CLIENT_RELEASE already defined D:\wwwroot\mainweb\sdk\api\UcApi\Lib\Action\IndexAction.class.php 第 5 行.
NOTIC: [2048] Only variables should be passed by reference D:\wwwroot\mainweb\sdk\api\UcApi\Lib\Action\IndexAction.class.php 第 63 行.
NOTIC: [8] Constant API_RETURN_FAILED already defined D:\wwwroot\mainweb\sdk\uc_client\model\note.php 第 16 行.
SQL: SHOW COLUMNS FROM `sdk_accounts` [ RunTime:0.001888s ]
SQL: SELECT * FROM `sdk_accounts` WHERE ( `account_id` = 1752 ) LIMIT 1   [ RunTime:0.000414s ]

[ 2013-10-15T22:04:23+08:00 ] 192.168.146.201 /api/uc.php?time=1381845862&code=d18fExo7NI5n7j0uSa5VuZB5n0CakqlJ2rRNry5YCV4PFsYxsF5dHthqEbG0MEfqOWHq1tqd9JyYqrnRfDXWakYaM7Vk0aH9gDNG58TYxiygE%2FIFIvL4%2BvCMCC59R1IRfRaVXxxKdJ7ChMChB14zyynhxvLNcQFEdHfBXydzKTJ4kEg
INFO: [ app_begin ] --START--
INFO: Run ReadHtmlCache Behavior [ RunTime:0.000783s ]
INFO: [ app_begin ] --END-- [ RunTime:0.000877s ]
NOTIC: [8] Constant UC_CLIENT_VERSION already defined D:\wwwroot\mainweb\sdk\api\UcApi\Lib\Action\IndexAction.class.php 第 4 行.
NOTIC: [8] Constant UC_CLIENT_RELEASE already defined D:\wwwroot\mainweb\sdk\api\UcApi\Lib\Action\IndexAction.class.php 第 5 行.
NOTIC: [2048] Only variables should be passed by reference D:\wwwroot\mainweb\sdk\api\UcApi\Lib\Action\IndexAction.class.php 第 63 行.
NOTIC: [8] Constant API_RETURN_FAILED already defined D:\wwwroot\mainweb\sdk\uc_client\model\note.php 第 16 行.
SQL: SHOW COLUMNS FROM `sdk_accounts` [ RunTime:0.002294s ]
SQL: SELECT * FROM `sdk_accounts` WHERE ( `account_id` = 1534 ) LIMIT 1   [ RunTime:0.000598s ]

[ 2013-10-15T22:13:07+08:00 ] 192.168.143.220 /api/uc.php?time=1381846386&code=39e0W2HrgNhtEKoVSSae66XCuis2Mv8dRlf67YKfepmK776LtrzOZt%2BgPWVag5QIY5mTEqA6Rk5ipUmm1UvEWO1Qllegfz1DhDV%2FJbD5JnxtXuLwMy9UZJGXCmnVZ6vRvD%2B9tZ6mM6i5lvv2QhWgMA2WlZTskJS4Uwo87fvO
INFO: [ app_begin ] --START--
INFO: Run ReadHtmlCache Behavior [ RunTime:0.001049s ]
INFO: [ app_begin ] --END-- [ RunTime:0.001140s ]
NOTIC: [8] Constant UC_CLIENT_VERSION already defined D:\wwwroot\mainweb\sdk\api\UcApi\Lib\Action\IndexAction.class.php 第 4 行.
NOTIC: [8] Constant UC_CLIENT_RELEASE already defined D:\wwwroot\mainweb\sdk\api\UcApi\Lib\Action\IndexAction.class.php 第 5 行.
NOTIC: [2048] Only variables should be passed by reference D:\wwwroot\mainweb\sdk\api\UcApi\Lib\Action\IndexAction.class.php 第 63 行.
NOTIC: [8] Constant API_RETURN_FAILED already defined D:\wwwroot\mainweb\sdk\uc_client\model\note.php 第 16 行.
SQL: SHOW COLUMNS FROM `sdk_accounts` [ RunTime:0.001997s ]
SQL: SELECT * FROM `sdk_accounts` WHERE ( `account_id` = 2046 ) LIMIT 1   [ RunTime:0.000541s ]

[ 2013-10-15T22:16:40+08:00 ] 192.168.165.213 /api/uc.php?time=1381846600&code=de3cfjfaT6f1mwrJ69G70jtmAde9KGbw1hLmMYRmt98BdWjpF3nCnSk%2Bvsm4gkTPKWm88sA3Pyg0VOeBbNMYN1jtSJRvfmadmM4DljHiFnnsppTSS1UKN%2B2ze95N3b%2BHbOUahFwGezm7zxxyKD9KGC3LtroNi0Y%2FvsElIvWvPrbGRmwn%2Brqrpg
INFO: [ app_begin ] --START--
INFO: Run ReadHtmlCache Behavior [ RunTime:0.000732s ]
INFO: [ app_begin ] --END-- [ RunTime:0.000827s ]
NOTIC: [8] Constant UC_CLIENT_VERSION already defined D:\wwwroot\mainweb\sdk\api\UcApi\Lib\Action\IndexAction.class.php 第 4 行.
NOTIC: [8] Constant UC_CLIENT_RELEASE already defined D:\wwwroot\mainweb\sdk\api\UcApi\Lib\Action\IndexAction.class.php 第 5 行.
NOTIC: [2048] Only variables should be passed by reference D:\wwwroot\mainweb\sdk\api\UcApi\Lib\Action\IndexAction.class.php 第 63 行.
NOTIC: [8] Constant API_RETURN_FAILED already defined D:\wwwroot\mainweb\sdk\uc_client\model\note.php 第 16 行.
SQL: SHOW COLUMNS FROM `sdk_accounts` [ RunTime:0.002223s ]
SQL: SELECT * FROM `sdk_accounts` WHERE ( `account_id` = 1071 ) LIMIT 1   [ RunTime:0.000507s ]

[ 2013-10-15T22:25:58+08:00 ] 192.168.201.71 /api/uc.php?time=1381847155&code=63eaEjZn2%2F8g2bBcCF2c2r1pjkjwAAOD7PIBZqPcOhjmZFMf6XFCAeVg4j0crlSnHbkKK80zxnNIKC7kHkd0r%2F4%2F%2BBmvlYhSOspvguDW32XDoejNXITeYbWvjGKK9nJWs7aOZM4LSBoauc22d02tEMk97Fz4EH1f9wwd3knb
INFO: [ app_begin ] --START--
INFO: Run ReadHtmlCache Behavior [ RunTime:0.000742s ]
INFO: [ app_begin ] --END-- [ RunTime:0.000836s ]
NOTIC: [8] Constant UC_CLIENT_VERSION already defined D:\wwwroot\mainweb\sdk\api\UcApi\Lib\Action\IndexAction.class.php 第 4 行.
NOTIC: [8] Constant UC_CLIENT_RELEASE already defined D:\wwwroot\mainweb\sdk\api\UcApi\Lib\Action\IndexAction.class.php 第 5 行.
NOTIC: [2048] Only variables should be passed by reference D:\wwwroot\mainweb\sdk\api\UcApi\Lib\Action\IndexAction.class.php 第 63 行.
NOTIC: [8] Constant API_RETURN_FAILED already defined D:\wwwroot\mainweb\sdk\uc_client\model\note.php 第 16 行.
SQL: SHOW COLUMNS FROM `sdk_accounts` [ RunTime:0.002018s ]
SQL: SELECT * FROM `sdk_accounts` WHERE ( `account_id` = 2130 ) LIMIT 1   [ RunTime:0.000351s ]

[ 2013-10-15T22:33:08+08:00 ] 192.168.134.144 /api/uc.php?time=1381847588&code=92c5UlvTRTSIuZzs1xxO%2FGmFtdxErK%2Fvs%2BE76S6y0cYplhn9UyqBUp63EdtGQ4oP7Kf3zGTvrYWwRIZIMumf1eIWni9s%2F5ABpYVf95ua0%2FbykTXtOhQlYKnS3Or73a6DX%2BF0TwbhXjFPMH5sw6%2FJT5eJWyzs6cvSgO8%2FNg
INFO: [ app_begin ] --START--
INFO: Run ReadHtmlCache Behavior [ RunTime:0.000712s ]
INFO: [ app_begin ] --END-- [ RunTime:0.000805s ]
NOTIC: [8] Constant UC_CLIENT_VERSION already defined D:\wwwroot\mainweb\sdk\api\UcApi\Lib\Action\IndexAction.class.php 第 4 行.
NOTIC: [8] Constant UC_CLIENT_RELEASE already defined D:\wwwroot\mainweb\sdk\api\UcApi\Lib\Action\IndexAction.class.php 第 5 行.
NOTIC: [2048] Only variables should be passed by reference D:\wwwroot\mainweb\sdk\api\UcApi\Lib\Action\IndexAction.class.php 第 63 行.
NOTIC: [8] Constant API_RETURN_FAILED already defined D:\wwwroot\mainweb\sdk\uc_client\model\note.php 第 16 行.
SQL: SHOW COLUMNS FROM `sdk_accounts` [ RunTime:0.015291s ]
SQL: SELECT * FROM `sdk_accounts` WHERE ( `account_id` = 1904 ) LIMIT 1   [ RunTime:0.000641s ]

[ 2013-10-15T22:33:52+08:00 ] 192.168.166.83 /api/uc.php?time=1381847632&code=bc619Zr1blL8NDdZj5R4Qic%2FLA2t1pmgM%2Ft9fwGROX7aJG16%2FR7yS8NThPBTsZE52MsvuP4cp2owghZp%2FTwbcL2znNpt0teEuIeRJlNv2mUZYfaslRky9WrAZeg0KaXXuoPqt%2BzXbNO7%2FWGNN8IvldL88eF14LZnooPfIJMou%2FfW
INFO: [ app_begin ] --START--
INFO: Run ReadHtmlCache Behavior [ RunTime:0.001093s ]
INFO: [ app_begin ] --END-- [ RunTime:0.001184s ]
NOTIC: [8] Constant UC_CLIENT_VERSION already defined D:\wwwroot\mainweb\sdk\api\UcApi\Lib\Action\IndexAction.class.php 第 4 行.
NOTIC: [8] Constant UC_CLIENT_RELEASE already defined D:\wwwroot\mainweb\sdk\api\UcApi\Lib\Action\IndexAction.class.php 第 5 行.
NOTIC: [2048] Only variables should be passed by reference D:\wwwroot\mainweb\sdk\api\UcApi\Lib\Action\IndexAction.class.php 第 63 行.
NOTIC: [8] Constant API_RETURN_FAILED already defined D:\wwwroot\mainweb\sdk\uc_client\model\note.php 第 16 行.
SQL: SHOW COLUMNS FROM `sdk_accounts` [ RunTime:0.001826s ]
SQL: SELECT * FROM `sdk_accounts` WHERE ( `account_id` = 2381 ) LIMIT 1   [ RunTime:0.000331s ]

[ 2013-10-15T22:41:15+08:00 ] 192.168.180.193 /api/uc.php?time=1381848075&code=3a94RwAqEZuB7gyZO6sG2QSOU5YsVg7GlTELDqj6slz2gscJt5MH1LBD%2B4P8%2FuemYDWr74HaE2RmuvLW0diiWRPH78%2Fuwm4NkJBK2DiTq094WgQ%2BAWeHLbr%2FyAfZj3KK0ZvVXraEh47a6Y%2FPr5Mvjz3UB6hEgr8ETmWaAQ
INFO: [ app_begin ] --START--
INFO: Run ReadHtmlCache Behavior [ RunTime:0.000662s ]
INFO: [ app_begin ] --END-- [ RunTime:0.000751s ]
NOTIC: [8] Constant UC_CLIENT_VERSION already defined D:\wwwroot\mainweb\sdk\api\UcApi\Lib\Action\IndexAction.class.php 第 4 行.
NOTIC: [8] Constant UC_CLIENT_RELEASE already defined D:\wwwroot\mainweb\sdk\api\UcApi\Lib\Action\IndexAction.class.php 第 5 行.
NOTIC: [2048] Only variables should be passed by reference D:\wwwroot\mainweb\sdk\api\UcApi\Lib\Action\IndexAction.class.php 第 63 行.
NOTIC: [8] Constant API_RETURN_FAILED already defined D:\wwwroot\mainweb\sdk\uc_client\model\note.php 第 16 行.
SQL: SHOW COLUMNS FROM `sdk_accounts` [ RunTime:0.002080s ]
SQL: SELECT * FROM `sdk_accounts` WHERE ( `account_id` = 2083 ) LIMIT 1   [ RunTime:0.000237s ]

[ 2013-10-15T22:47:07+08:00 ] 192.168.205.43 /api/uc.php?time=1381848427&code=3d83offYvzQUCjvSC050DHebfa3LeUr50TWrjik1q6XOkMmljJFN7c%2B3EHzDiFw8erYPT3xBzLJFg389HSeIhbP6tThNkgrzMeAsYPAli1cxS1hrLntWOdXHZ4KoYGmWEsJVmQpNPsl0lChGqNcAolH3RY93vlXELC4qy9oKF1An6A
INFO: [ app_begin ] --START--
INFO: Run ReadHtmlCache Behavior [ RunTime:0.001786s ]
INFO: [ app_begin ] --END-- [ RunTime:0.001880s ]
NOTIC: [8] Constant UC_CLIENT_VERSION already defined D:\wwwroot\mainweb\sdk\api\UcApi\Lib\Action\IndexAction.class.php 第 4 行.
NOTIC: [8] Constant UC_CLIENT_RELEASE already defined D:\wwwroot\mainweb\sdk\api\UcApi\Lib\Action\IndexAction.class.php 第 5 行.
NOTIC: [2048] Only variables should be passed by reference D:\wwwroot\mainweb\sdk\api\UcApi\Lib\Action\IndexAction.class.php 第 63 行.
NOTIC: [8] Constant API_RETURN_FAILED already defined D:\wwwroot\mainweb\sdk\uc_client\model\note.php 第 16 行.
SQL: SHOW COLUMNS FROM `sdk_accounts` [ RunTime:0.067338s ]
SQL: SELECT * FROM `sdk_accounts` WHERE ( `account_id` = 1758 ) LIMIT 1   [ RunTime:0.000687s ]

[ 2013-10-15T22:47:59+08:00 ] 192.168.180.193 /api/uc.php?time=1381848479&code=31bbZne0CvsDZ41Q0EV%2BsPI%2Fp3TAT%2FWuU%2BNJhcsOfkjkmUhCgxn6uttPFdN1QP2BEPjOJG%2BYCjBfQNjC1w
INFO: [ app_begin ] --START--
INFO: Run ReadHtmlCache Behavior [ RunTime:0.000746s ]
INFO: [ app_begin ] --END-- [ RunTime:0.000837s ]
NOTIC: [8] Constant UC_CLIENT_VERSION already defined D:\wwwroot\mainweb\sdk\api\UcApi\Lib\Action\IndexAction.class.php 第 4 行.
NOTIC: [8] Constant UC_CLIENT_RELEASE already defined D:\wwwroot\mainweb\sdk\api\UcApi\Lib\Action\IndexAction.class.php 第 5 行.
NOTIC: [2048] Only variables should be passed by reference D:\wwwroot\mainweb\sdk\api\UcApi\Lib\Action\IndexAction.class.php 第 63 行.

[ 2013-10-15T23:02:31+08:00 ] 192.168.178.81 /api/uc.php?time=1381849350&code=bdc5CEx0iTRhXAD7IBJO0nTw%2B%2FdjRneTevORciRo50aOSi5gKKUCyAJdFR%2FDSW2EWKSclaD6X7IShRA47w
INFO: [ app_begin ] --START--
INFO: Run ReadHtmlCache Behavior [ RunTime:0.001120s ]
INFO: [ app_begin ] --END-- [ RunTime:0.001638s ]
NOTIC: [8] Constant UC_CLIENT_VERSION already defined D:\wwwroot\mainweb\sdk\api\UcApi\Lib\Action\IndexAction.class.php 第 4 行.
NOTIC: [8] Constant UC_CLIENT_RELEASE already defined D:\wwwroot\mainweb\sdk\api\UcApi\Lib\Action\IndexAction.class.php 第 5 行.
NOTIC: [2048] Only variables should be passed by reference D:\wwwroot\mainweb\sdk\api\UcApi\Lib\Action\IndexAction.class.php 第 63 行.

[ 2013-10-15T23:03:10+08:00 ] 192.168.178.81 /api/uc.php?time=1381849390&code=89e431jb6qxg%2BSW0QSEHqBb7%2BZ4Y4HNterim13jkuZzINuwwhomC12IZ6p5KK1tKuuUvkY4ZTUa1Rhwik%2Fp0FYyrxOb2mAB%2FlWKtYhDrGC6%2FOU8cCSL1phUAvbnyw60JMja3MRRAvgmAE4z53br4PAI13nu2oTjJuFJ%2FNHNDDkT7B2E
INFO: [ app_begin ] --START--
INFO: Run ReadHtmlCache Behavior [ RunTime:0.000697s ]
INFO: [ app_begin ] --END-- [ RunTime:0.000786s ]
NOTIC: [8] Constant UC_CLIENT_VERSION already defined D:\wwwroot\mainweb\sdk\api\UcApi\Lib\Action\IndexAction.class.php 第 4 行.
NOTIC: [8] Constant UC_CLIENT_RELEASE already defined D:\wwwroot\mainweb\sdk\api\UcApi\Lib\Action\IndexAction.class.php 第 5 行.
NOTIC: [2048] Only variables should be passed by reference D:\wwwroot\mainweb\sdk\api\UcApi\Lib\Action\IndexAction.class.php 第 63 行.
NOTIC: [8] Constant API_RETURN_FAILED already defined D:\wwwroot\mainweb\sdk\uc_client\model\note.php 第 16 行.
SQL: SHOW COLUMNS FROM `sdk_accounts` [ RunTime:0.002016s ]
SQL: SELECT * FROM `sdk_accounts` WHERE ( `account_id` = 2502 ) LIMIT 1   [ RunTime:0.000230s ]

[ 2013-10-15T23:03:33+08:00 ] 192.168.150.111 /api/uc.php?time=1381849413&code=60cb7PjCkgT5ONSPiQEeXxRCQwzjbFSSO9jevgnVmC1Sq2CJ3ZrDbKzyHojU%2BRRMqrhMLA9pFSFmICsqfNUf%2BEGZ1TSrNRc2iJZd4PCeBihNF2ISeiPzKsCqRr2rRGO%2FgP7reacL7RXaELCyJgSAsn4GT4MEqB96EZ9aP13M
INFO: [ app_begin ] --START--
INFO: Run ReadHtmlCache Behavior [ RunTime:0.000592s ]
INFO: [ app_begin ] --END-- [ RunTime:0.000683s ]
NOTIC: [8] Constant UC_CLIENT_VERSION already defined D:\wwwroot\mainweb\sdk\api\UcApi\Lib\Action\IndexAction.class.php 第 4 行.
NOTIC: [8] Constant UC_CLIENT_RELEASE already defined D:\wwwroot\mainweb\sdk\api\UcApi\Lib\Action\IndexAction.class.php 第 5 行.
NOTIC: [2048] Only variables should be passed by reference D:\wwwroot\mainweb\sdk\api\UcApi\Lib\Action\IndexAction.class.php 第 63 行.
NOTIC: [8] Constant API_RETURN_FAILED already defined D:\wwwroot\mainweb\sdk\uc_client\model\note.php 第 16 行.
SQL: SHOW COLUMNS FROM `sdk_accounts` [ RunTime:0.001826s ]
SQL: SELECT * FROM `sdk_accounts` WHERE ( `account_id` = 2417 ) LIMIT 1   [ RunTime:0.000294s ]

[ 2013-10-15T23:06:49+08:00 ] 119.147.146.118 /api/uc.php?time=1381849609&code=4074v%2fsz%2fyfxyy%2fmhs2z0nwrxtxpbbv1wnsxpqkwkjdeabei6bpgfwby4hy4meu4hrrrvp3ycxsojh4dnq
INFO: [ app_begin ] --START--
INFO: Run ReadHtmlCache Behavior [ RunTime:0.000749s ]
INFO: [ app_begin ] --END-- [ RunTime:0.000844s ]
NOTIC: [8] Constant UC_CLIENT_VERSION already defined D:\wwwroot\mainweb\sdk\api\UcApi\Lib\Action\IndexAction.class.php 第 4 行.
NOTIC: [8] Constant UC_CLIENT_RELEASE already defined D:\wwwroot\mainweb\sdk\api\UcApi\Lib\Action\IndexAction.class.php 第 5 行.
NOTIC: [8] Undefined index:  time D:\wwwroot\mainweb\sdk\api\UcApi\Lib\Action\IndexAction.class.php 第 54 行.

[ 2013-10-15T23:06:54+08:00 ] 119.147.146.118 /api/uc.php?time=1381849613&code=b34017E3dL7QyWwlMdSrAwfwKS7pQ2TH0WStMcJ2LumxPQmSjiaVwzqSRdE8HYYnrnGr7G6lGcTUK%2FAvXg
INFO: [ app_begin ] --START--
INFO: Run ReadHtmlCache Behavior [ RunTime:0.000932s ]
INFO: [ app_begin ] --END-- [ RunTime:0.001026s ]
NOTIC: [8] Constant UC_CLIENT_VERSION already defined D:\wwwroot\mainweb\sdk\api\UcApi\Lib\Action\IndexAction.class.php 第 4 行.
NOTIC: [8] Constant UC_CLIENT_RELEASE already defined D:\wwwroot\mainweb\sdk\api\UcApi\Lib\Action\IndexAction.class.php 第 5 行.
NOTIC: [2048] Only variables should be passed by reference D:\wwwroot\mainweb\sdk\api\UcApi\Lib\Action\IndexAction.class.php 第 63 行.

[ 2013-10-15T23:16:17+08:00 ] 192.168.171.18 /api/uc.php?time=1381850177&code=4693Q9BrfR0VCG%2F9ZA2y8zaflhxG5VhFBVOr5Zgqc%2F4N3k71cdYeO4D2siMh9dzpUtsixvLpUucAopmramvEiUYuRdfl9gn24JPNwcoPCFa0XTQGoyJEEnSjHObZVxtUmxP9Ght92SPpcjQMPiPRCeVU0TkhVngw6FXEbssmt43A8Q
INFO: [ app_begin ] --START--
INFO: Run ReadHtmlCache Behavior [ RunTime:0.000743s ]
INFO: [ app_begin ] --END-- [ RunTime:0.000834s ]
NOTIC: [8] Constant UC_CLIENT_VERSION already defined D:\wwwroot\mainweb\sdk\api\UcApi\Lib\Action\IndexAction.class.php 第 4 行.
NOTIC: [8] Constant UC_CLIENT_RELEASE already defined D:\wwwroot\mainweb\sdk\api\UcApi\Lib\Action\IndexAction.class.php 第 5 行.
NOTIC: [2048] Only variables should be passed by reference D:\wwwroot\mainweb\sdk\api\UcApi\Lib\Action\IndexAction.class.php 第 63 行.
NOTIC: [8] Constant API_RETURN_FAILED already defined D:\wwwroot\mainweb\sdk\uc_client\model\note.php 第 16 行.
SQL: SHOW COLUMNS FROM `sdk_accounts` [ RunTime:0.002072s ]
SQL: SELECT * FROM `sdk_accounts` WHERE ( `account_id` = 2396 ) LIMIT 1   [ RunTime:0.000365s ]

[ 2013-10-15T23:17:59+08:00 ] 101.226.66.173 /api/uc.php?time=1381848479&code=31bbZne0CvsDZ41Q0EV+sPI/p3TAT/WuU+NJhcsOfkjkmUhCgxn6uttPFdN1QP2BEPjOJG+YCjBfQNjC1w
INFO: [ app_begin ] --START--
INFO: Run ReadHtmlCache Behavior [ RunTime:0.000695s ]
INFO: [ app_begin ] --END-- [ RunTime:0.000784s ]
NOTIC: [8] Constant UC_CLIENT_VERSION already defined D:\wwwroot\mainweb\sdk\api\UcApi\Lib\Action\IndexAction.class.php 第 4 行.
NOTIC: [8] Constant UC_CLIENT_RELEASE already defined D:\wwwroot\mainweb\sdk\api\UcApi\Lib\Action\IndexAction.class.php 第 5 行.
NOTIC: [8] Undefined index:  time D:\wwwroot\mainweb\sdk\api\UcApi\Lib\Action\IndexAction.class.php 第 54 行.

[ 2013-10-15T23:19:40+08:00 ] 192.168.206.73 /api/uc.php?time=1381850380&code=f91eNnE3BNt4o3R%2BlCBlxFI7jRoXpPmpD8NQvOjAZLz9PWYJ5pGwGRCWjL1XXGeCFA%2FxXyl3g12OJRPYDy2ed1XSKY3New1LxTj53M2%2BoUvzzP%2BJ5oGQx0RJ7K2HxnJ9f4NN89LLUT2cGx0C6X74lninx%2Fs7%2F23x6A64uGa3w6NRC70OWg
INFO: [ app_begin ] --START--
INFO: Run ReadHtmlCache Behavior [ RunTime:0.001035s ]
INFO: [ app_begin ] --END-- [ RunTime:0.001123s ]
NOTIC: [8] Constant UC_CLIENT_VERSION already defined D:\wwwroot\mainweb\sdk\api\UcApi\Lib\Action\IndexAction.class.php 第 4 行.
NOTIC: [8] Constant UC_CLIENT_RELEASE already defined D:\wwwroot\mainweb\sdk\api\UcApi\Lib\Action\IndexAction.class.php 第 5 行.
NOTIC: [2048] Only variables should be passed by reference D:\wwwroot\mainweb\sdk\api\UcApi\Lib\Action\IndexAction.class.php 第 63 行.
NOTIC: [8] Constant API_RETURN_FAILED already defined D:\wwwroot\mainweb\sdk\uc_client\model\note.php 第 16 行.
SQL: SHOW COLUMNS FROM `sdk_accounts` [ RunTime:0.002029s ]
SQL: SELECT * FROM `sdk_accounts` WHERE ( `account_id` = 2292 ) LIMIT 1   [ RunTime:0.000464s ]

[ 2013-10-15T23:22:09+08:00 ] 202.116.192.50 /api/uc.php?code=a4edYZU6zeKIkYKeFi6JWjrLwOtOdQYzygoeDlSOojcBDYg6IBLGDuBaeOzPxK9CxcUFkaxcNocWAeU1Ir%2BLOR43m1aM7GFOlyuwFimzDT3CTfEDLzOAnDdG3iWr5TLCQ0CowINQGGVR6nvLBO96wgD1LkE&__times__=1
INFO: [ app_begin ] --START--
INFO: Run ReadHtmlCache Behavior [ RunTime:0.000733s ]
INFO: [ app_begin ] --END-- [ RunTime:0.000823s ]
NOTIC: [8] Constant UC_CLIENT_VERSION already defined D:\wwwroot\mainweb\sdk\api\UcApi\Lib\Action\IndexAction.class.php 第 4 行.
NOTIC: [8] Constant UC_CLIENT_RELEASE already defined D:\wwwroot\mainweb\sdk\api\UcApi\Lib\Action\IndexAction.class.php 第 5 行.
NOTIC: [2048] Only variables should be passed by reference D:\wwwroot\mainweb\sdk\api\UcApi\Lib\Action\IndexAction.class.php 第 63 行.

[ 2013-10-15T23:39:01+08:00 ] 192.168.166.217 /api/uc.php?time=1381851541&code=4a26SHchctjPBY576RPDQP1pAuedpDWENiUB%2FlkdQJLg0%2B%2BAvbgZ2SWZCnFuhSwo7W%2FAcjnZ3Zv%2BPILUkqsubAJAdwSJc3I2qRD9lVFzioOxCncKL7Y5Y0ctPh50zwlMPyvEkyWzH6bBAz8v9G66KOqbj5CbnGDIj3hEJIvgcA
INFO: [ app_begin ] --START--
INFO: Run ReadHtmlCache Behavior [ RunTime:0.001037s ]
INFO: [ app_begin ] --END-- [ RunTime:0.001132s ]
NOTIC: [8] Constant UC_CLIENT_VERSION already defined D:\wwwroot\mainweb\sdk\api\UcApi\Lib\Action\IndexAction.class.php 第 4 行.
NOTIC: [8] Constant UC_CLIENT_RELEASE already defined D:\wwwroot\mainweb\sdk\api\UcApi\Lib\Action\IndexAction.class.php 第 5 行.
NOTIC: [2048] Only variables should be passed by reference D:\wwwroot\mainweb\sdk\api\UcApi\Lib\Action\IndexAction.class.php 第 63 行.
NOTIC: [8] Constant API_RETURN_FAILED already defined D:\wwwroot\mainweb\sdk\uc_client\model\note.php 第 16 行.
SQL: SHOW COLUMNS FROM `sdk_accounts` [ RunTime:0.002098s ]
SQL: SELECT * FROM `sdk_accounts` WHERE ( `account_id` = 1579 ) LIMIT 1   [ RunTime:0.000550s ]

[ 2013-10-15T23:49:41+08:00 ] 101.226.66.178 /api/uc.php?time=1381850380&code=f91eNnE3BNt4o3R+lCBlxFI7jRoXpPmpD8NQvOjAZLz9PWYJ5pGwGRCWjL1XXGeCFA/xXyl3g12OJRPYDy2ed1XSKY3New1LxTj53M2+oUvzzP+J5oGQx0RJ7K2HxnJ9f4NN89LLUT2cGx0C6X74lninx/s7/23x6A64uGa3w6NRC70OWg
INFO: [ app_begin ] --START--
INFO: Run ReadHtmlCache Behavior [ RunTime:0.000749s ]
INFO: [ app_begin ] --END-- [ RunTime:0.000841s ]
NOTIC: [8] Constant UC_CLIENT_VERSION already defined D:\wwwroot\mainweb\sdk\api\UcApi\Lib\Action\IndexAction.class.php 第 4 行.
NOTIC: [8] Constant UC_CLIENT_RELEASE already defined D:\wwwroot\mainweb\sdk\api\UcApi\Lib\Action\IndexAction.class.php 第 5 行.
NOTIC: [8] Undefined index:  time D:\wwwroot\mainweb\sdk\api\UcApi\Lib\Action\IndexAction.class.php 第 54 行.

[ 2013-10-15T23:56:05+08:00 ] 192.168.140.212 /api/uc.php?time=1381852565&code=1155b81zCR%2FakqgUt1A1yohwd1tXZdKQv%2FUsmvM9pljJtDcsrBUSvtNao70kynVgA0A21z2XW2hULE3%2BNm%2FDz0HqX%2BLJ73MsZfVBUP6jGsr5EoZ3H8WmRHcrPeq%2BQR3DVBfyuplEaZDyv009wJtOr79cv94E9sj75dihlbg
INFO: [ app_begin ] --START--
INFO: Run ReadHtmlCache Behavior [ RunTime:0.000649s ]
INFO: [ app_begin ] --END-- [ RunTime:0.000741s ]
NOTIC: [8] Constant UC_CLIENT_VERSION already defined D:\wwwroot\mainweb\sdk\api\UcApi\Lib\Action\IndexAction.class.php 第 4 行.
NOTIC: [8] Constant UC_CLIENT_RELEASE already defined D:\wwwroot\mainweb\sdk\api\UcApi\Lib\Action\IndexAction.class.php 第 5 行.
NOTIC: [2048] Only variables should be passed by reference D:\wwwroot\mainweb\sdk\api\UcApi\Lib\Action\IndexAction.class.php 第 63 行.
NOTIC: [8] Constant API_RETURN_FAILED already defined D:\wwwroot\mainweb\sdk\uc_client\model\note.php 第 16 行.
SQL: SHOW COLUMNS FROM `sdk_accounts` [ RunTime:0.001974s ]
SQL: SELECT * FROM `sdk_accounts` WHERE ( `account_id` = 680 ) LIMIT 1   [ RunTime:0.000569s ]

