[ 2013-12-22T00:02:43+08:00 ] 192.168.160.207 /api/uc.php?time=1387641763&code=b439Gexbx4wmlu4JLb%2Fe12Kjjq4eg8kzE6%2FB3sajI7grFpuSFxVN3hKEsB0650%2FOiLlYZXH2IqjXXAzBT83DXbMW%2FxpbE%2FQHvyEOoeF0ttUKH4R01zdqbSGVGWte4l51R4j%2FfUVSkJ5mKPp%2F5DPOmClk4EkOJN1s6J6WcRuE35%2B2bAQ
INFO: [ app_begin ] --START--
INFO: Run ReadHtmlCache Behavior [ RunTime:0.001120s ]
INFO: [ app_begin ] --END-- [ RunTime:0.001212s ]
NOTIC: [8] Constant UC_CLIENT_VERSION already defined D:\wwwroot\mainweb\sdk\api\UcApi\Lib\Action\IndexAction.class.php 第 4 行.
NOTIC: [8] Constant UC_CLIENT_RELEASE already defined D:\wwwroot\mainweb\sdk\api\UcApi\Lib\Action\IndexAction.class.php 第 5 行.
NOTIC: [2048] Only variables should be passed by reference D:\wwwroot\mainweb\sdk\api\UcApi\Lib\Action\IndexAction.class.php 第 63 行.
NOTIC: [8] Constant API_RETURN_FAILED already defined D:\wwwroot\mainweb\sdk\uc_client\model\note.php 第 16 行.
SQL: SHOW COLUMNS FROM `sdk_accounts` [ RunTime:0.002050s ]
SQL: SELECT * FROM `sdk_accounts` WHERE ( `account_id` = 776 ) LIMIT 1   [ RunTime:0.000314s ]

[ 2013-12-22T00:29:09+08:00 ] 192.168.128.144 /api/uc.php?time=1387643349&code=db09iWQKLu2h%2Bw9BfyYYPWb6DHHuw7rZ9GLT%2F6OOcPkX0XmX%2F0eBOOZDbFSqr4h86KyhKs2rENdObbEr%2FqHc%2FnhboGUF7JiFLyc8h1OIIrmt0fJN1BMU%2BUQK3uP9tn0GpFhLMD7ZrKgh8nkbCrcfOW7llv%2FPpNQ05aZlA9qg
INFO: [ app_begin ] --START--
INFO: Run ReadHtmlCache Behavior [ RunTime:0.001045s ]
INFO: [ app_begin ] --END-- [ RunTime:0.001135s ]
NOTIC: [8] Constant UC_CLIENT_VERSION already defined D:\wwwroot\mainweb\sdk\api\UcApi\Lib\Action\IndexAction.class.php 第 4 行.
NOTIC: [8] Constant UC_CLIENT_RELEASE already defined D:\wwwroot\mainweb\sdk\api\UcApi\Lib\Action\IndexAction.class.php 第 5 行.
NOTIC: [2048] Only variables should be passed by reference D:\wwwroot\mainweb\sdk\api\UcApi\Lib\Action\IndexAction.class.php 第 63 行.
NOTIC: [8] Constant API_RETURN_FAILED already defined D:\wwwroot\mainweb\sdk\uc_client\model\note.php 第 16 行.
SQL: SHOW COLUMNS FROM `sdk_accounts` [ RunTime:0.002598s ]
SQL: SELECT * FROM `sdk_accounts` WHERE ( `account_id` = 1628 ) LIMIT 1   [ RunTime:0.000559s ]

[ 2013-12-22T00:32:44+08:00 ] 180.153.114.197 /api/uc.php?time=1387641763&code=b439Gexbx4wmlu4JLb/e12Kjjq4eg8kzE6/B3sajI7grFpuSFxVN3hKEsB0650/OiLlYZXH2IqjXXAzBT83DXbMW/xpbE/QHvyEOoeF0ttUKH4R01zdqbSGVGWte4l51R4j/fUVSkJ5mKPp/5DPOmClk4EkOJN1s6J6WcRuE35+2bAQ
INFO: [ app_begin ] --START--
INFO: Run ReadHtmlCache Behavior [ RunTime:0.001019s ]
INFO: [ app_begin ] --END-- [ RunTime:0.001113s ]
NOTIC: [8] Constant UC_CLIENT_VERSION already defined D:\wwwroot\mainweb\sdk\api\UcApi\Lib\Action\IndexAction.class.php 第 4 行.
NOTIC: [8] Constant UC_CLIENT_RELEASE already defined D:\wwwroot\mainweb\sdk\api\UcApi\Lib\Action\IndexAction.class.php 第 5 行.
NOTIC: [8] Undefined index:  time D:\wwwroot\mainweb\sdk\api\UcApi\Lib\Action\IndexAction.class.php 第 54 行.

[ 2013-12-22T00:35:30+08:00 ] 192.168.204.42 /api/uc.php?time=1387643730&code=231aXnPHmNnpGmVHvPN4a4v1u2kI6Kt3EiL%2BpFVtVTTGyGRLfBG9gKPMe42q40lmQWV8NaD1KV79jg6SVECTSD00bUVGLCJ9IH26kGujiYd12nXYgE1pHEPSLW0fRLK8ahEw0OfBJuH8Y0IOZoD1IYk%2Bp4SHwSoY6VhZ
INFO: [ app_begin ] --START--
INFO: Run ReadHtmlCache Behavior [ RunTime:0.001062s ]
INFO: [ app_begin ] --END-- [ RunTime:0.001151s ]
NOTIC: [8] Constant UC_CLIENT_VERSION already defined D:\wwwroot\mainweb\sdk\api\UcApi\Lib\Action\IndexAction.class.php 第 4 行.
NOTIC: [8] Constant UC_CLIENT_RELEASE already defined D:\wwwroot\mainweb\sdk\api\UcApi\Lib\Action\IndexAction.class.php 第 5 行.
NOTIC: [2048] Only variables should be passed by reference D:\wwwroot\mainweb\sdk\api\UcApi\Lib\Action\IndexAction.class.php 第 63 行.
NOTIC: [8] Constant API_RETURN_FAILED already defined D:\wwwroot\mainweb\sdk\uc_client\model\note.php 第 16 行.
SQL: SHOW COLUMNS FROM `sdk_accounts` [ RunTime:0.001923s ]
SQL: SELECT * FROM `sdk_accounts` WHERE ( `account_id` = 822 ) LIMIT 1   [ RunTime:0.000434s ]

[ 2013-12-22T01:20:28+08:00 ] 192.168.202.146 /api/uc.php?time=1387646428&code=276aLEurmFDBjXNFHD2SvRqmBxeGuxE3LWt%2BhEwLK3fjZy%2FXAuxq1Q0WBB2JJJBLPCzNrwb2gQMEyI8%2BLFQAmdr5UVvYnRovafGkxPrY%2FH7zvETN4raD4uU9vtLw5zh0fyK08gnpLLDVX0cQnh6uF73SgbQO2%2Ba%2F3vdzsobisGuTpN0KowlIaA
INFO: [ app_begin ] --START--
INFO: Run ReadHtmlCache Behavior [ RunTime:0.001091s ]
INFO: [ app_begin ] --END-- [ RunTime:0.001185s ]
NOTIC: [8] Constant UC_CLIENT_VERSION already defined D:\wwwroot\mainweb\sdk\api\UcApi\Lib\Action\IndexAction.class.php 第 4 行.
NOTIC: [8] Constant UC_CLIENT_RELEASE already defined D:\wwwroot\mainweb\sdk\api\UcApi\Lib\Action\IndexAction.class.php 第 5 行.
NOTIC: [2048] Only variables should be passed by reference D:\wwwroot\mainweb\sdk\api\UcApi\Lib\Action\IndexAction.class.php 第 63 行.
NOTIC: [8] Constant API_RETURN_FAILED already defined D:\wwwroot\mainweb\sdk\uc_client\model\note.php 第 16 行.
SQL: SHOW COLUMNS FROM `sdk_accounts` [ RunTime:0.002051s ]
SQL: SELECT * FROM `sdk_accounts` WHERE ( `account_id` = 1685 ) LIMIT 1   [ RunTime:0.000257s ]

[ 2013-12-22T07:51:39+08:00 ] 192.168.192.228 /api/uc.php?time=1387669899&code=19b5T7DwT4I1SCCY18kkLMfi7Vkf9dM4timMdOaETgICTeep%2Bh2A2z3C0P5Morgw8jkS%2FBefjoC9SX7qiPHegHaoWrX%2FpICglOUxr8Kma9gZsmvymqKBQMiAiPuq1f03rLQobvNVau%2FVrMmVuWR8jSmkmH4TqKYUzMctuNLV
INFO: [ app_begin ] --START--
INFO: Run ReadHtmlCache Behavior [ RunTime:0.001153s ]
INFO: [ app_begin ] --END-- [ RunTime:0.001241s ]
NOTIC: [8] Constant UC_CLIENT_VERSION already defined D:\wwwroot\mainweb\sdk\api\UcApi\Lib\Action\IndexAction.class.php 第 4 行.
NOTIC: [8] Constant UC_CLIENT_RELEASE already defined D:\wwwroot\mainweb\sdk\api\UcApi\Lib\Action\IndexAction.class.php 第 5 行.
NOTIC: [2048] Only variables should be passed by reference D:\wwwroot\mainweb\sdk\api\UcApi\Lib\Action\IndexAction.class.php 第 63 行.
NOTIC: [8] Constant API_RETURN_FAILED already defined D:\wwwroot\mainweb\sdk\uc_client\model\note.php 第 16 行.
SQL: SHOW COLUMNS FROM `sdk_accounts` [ RunTime:0.002218s ]
SQL: SELECT * FROM `sdk_accounts` WHERE ( `account_id` = 2226 ) LIMIT 1   [ RunTime:0.000452s ]

[ 2013-12-22T10:43:35+08:00 ] 113.67.107.183 /api/uc.php?time=1387680215&code=357e%2BA8IJ6dvex4%2FMhjvk6LrKdkwvXLwkZXS8Mt3aXGxr9ARfYnYhnQ0QAZ1Vut8sUEx%2FsHrPmkAgqkkGc67Sqnewpv7iDyxNRLJUgZhkcczmJAbKAljZCCQEk4qRA5vwRiWp30q3tHRt9i0Ioefifvex6xt28nqOekq62nZ
INFO: [ app_begin ] --START--
INFO: Run ReadHtmlCache Behavior [ RunTime:0.001068s ]
INFO: [ app_begin ] --END-- [ RunTime:0.001158s ]
NOTIC: [8] Constant UC_CLIENT_VERSION already defined D:\wwwroot\mainweb\sdk\api\UcApi\Lib\Action\IndexAction.class.php 第 4 行.
NOTIC: [8] Constant UC_CLIENT_RELEASE already defined D:\wwwroot\mainweb\sdk\api\UcApi\Lib\Action\IndexAction.class.php 第 5 行.
NOTIC: [2048] Only variables should be passed by reference D:\wwwroot\mainweb\sdk\api\UcApi\Lib\Action\IndexAction.class.php 第 63 行.
NOTIC: [8] Constant API_RETURN_FAILED already defined D:\wwwroot\mainweb\sdk\uc_client\model\note.php 第 16 行.
SQL: SHOW COLUMNS FROM `sdk_accounts` [ RunTime:0.002219s ]
SQL: SELECT * FROM `sdk_accounts` WHERE ( `account_id` = 1181 ) LIMIT 1   [ RunTime:0.000506s ]

[ 2013-12-22T11:26:15+08:00 ] 192.168.132.71 /api/uc.php?time=1387682775&code=b9b2egHowq5ZAcoiv7gdF8NiY9rAG5d9oYtaO9H90PuDyyOXq2IOl4xqEG8PctOaDAIUv2x19t3UoBA2TY0OmYJ3Vq9CQfxvfJhmFPIAjVM243KF6bHpo%2FVkahQvaUtNBct5XMOxADiX0sGxOoIz6TWW4LaW6Lz11pZ3XVXuW1HWOw
INFO: [ app_begin ] --START--
INFO: Run ReadHtmlCache Behavior [ RunTime:0.001038s ]
INFO: [ app_begin ] --END-- [ RunTime:0.001128s ]
NOTIC: [8] Constant UC_CLIENT_VERSION already defined D:\wwwroot\mainweb\sdk\api\UcApi\Lib\Action\IndexAction.class.php 第 4 行.
NOTIC: [8] Constant UC_CLIENT_RELEASE already defined D:\wwwroot\mainweb\sdk\api\UcApi\Lib\Action\IndexAction.class.php 第 5 行.
NOTIC: [2048] Only variables should be passed by reference D:\wwwroot\mainweb\sdk\api\UcApi\Lib\Action\IndexAction.class.php 第 63 行.
NOTIC: [8] Constant API_RETURN_FAILED already defined D:\wwwroot\mainweb\sdk\uc_client\model\note.php 第 16 行.
SQL: SHOW COLUMNS FROM `sdk_accounts` [ RunTime:0.002495s ]
SQL: SELECT * FROM `sdk_accounts` WHERE ( `account_id` = 2112 ) LIMIT 1   [ RunTime:0.000534s ]

[ 2013-12-22T12:08:33+08:00 ] 192.168.188.8 /api/uc.php?time=1387685313&code=8707cKTRH4s0QP7FXEzBtXcXnXv6RXf3PxGrbsMRabt0ONQ9UjEpqngZQlQ778MuQUfMtqoLmLhCXfXD4r2N7iPGEnbX13gpWTBdPQTcA5mPm%2FdW%2FeO4jKi2uvBEgN0WB0gjsDVqMpljKqNS50yxH1KTW88QnOySWunS
INFO: [ app_begin ] --START--
INFO: Run ReadHtmlCache Behavior [ RunTime:0.001098s ]
INFO: [ app_begin ] --END-- [ RunTime:0.001196s ]
NOTIC: [8] Constant UC_CLIENT_VERSION already defined D:\wwwroot\mainweb\sdk\api\UcApi\Lib\Action\IndexAction.class.php 第 4 行.
NOTIC: [8] Constant UC_CLIENT_RELEASE already defined D:\wwwroot\mainweb\sdk\api\UcApi\Lib\Action\IndexAction.class.php 第 5 行.
NOTIC: [2048] Only variables should be passed by reference D:\wwwroot\mainweb\sdk\api\UcApi\Lib\Action\IndexAction.class.php 第 63 行.
NOTIC: [8] Constant API_RETURN_FAILED already defined D:\wwwroot\mainweb\sdk\uc_client\model\note.php 第 16 行.
SQL: SHOW COLUMNS FROM `sdk_accounts` [ RunTime:0.002107s ]
SQL: SELECT * FROM `sdk_accounts` WHERE ( `account_id` = 899 ) LIMIT 1   [ RunTime:0.000542s ]

[ 2013-12-22T12:35:32+08:00 ] 120.196.211.151 /api/uc.php?time=1387686931&code=9409qUiYegt0D8z6KTxywMTyzxSn2jxS%2FkqyDjD264p2TOoYlitHyYC1%2BC5BWD8ao4Vi2zdVyrFwg5cLREga8WMXtSUHvpB69tBwa7QhMJtYWVCsfvTmBpfFvFSIgCAtaH92V6or%2F6clx1CORWruRGM4LIQu5s7nu1TedoCFFtg
INFO: [ app_begin ] --START--
INFO: Run ReadHtmlCache Behavior [ RunTime:0.001081s ]
INFO: [ app_begin ] --END-- [ RunTime:0.001172s ]
NOTIC: [8] Constant UC_CLIENT_VERSION already defined D:\wwwroot\mainweb\sdk\api\UcApi\Lib\Action\IndexAction.class.php 第 4 行.
NOTIC: [8] Constant UC_CLIENT_RELEASE already defined D:\wwwroot\mainweb\sdk\api\UcApi\Lib\Action\IndexAction.class.php 第 5 行.
NOTIC: [2048] Only variables should be passed by reference D:\wwwroot\mainweb\sdk\api\UcApi\Lib\Action\IndexAction.class.php 第 63 行.
NOTIC: [8] Constant API_RETURN_FAILED already defined D:\wwwroot\mainweb\sdk\uc_client\model\note.php 第 16 行.
SQL: SHOW COLUMNS FROM `sdk_accounts` [ RunTime:0.002023s ]
SQL: SELECT * FROM `sdk_accounts` WHERE ( `account_id` = 452 ) LIMIT 1   [ RunTime:0.000467s ]

[ 2013-12-22T12:35:32+08:00 ] 183.61.32.61 /api/uc.php?time=1387686931&code=9409qUiYegt0D8z6KTxywMTyzxSn2jxS%2FkqyDjD264p2TOoYlitHyYC1%2BC5BWD8ao4Vi2zdVyrFwg5cLREga8WMXtSUHvpB69tBwa7QhMJtYWVCsfvTmBpfFvFSIgCAtaH92V6or%2F6clx1CORWruRGM4LIQu5s7nu1TedoCFFtg
INFO: [ app_begin ] --START--
INFO: Run ReadHtmlCache Behavior [ RunTime:0.000925s ]
INFO: [ app_begin ] --END-- [ RunTime:0.001009s ]
NOTIC: [8] Constant UC_CLIENT_VERSION already defined D:\wwwroot\mainweb\sdk\api\UcApi\Lib\Action\IndexAction.class.php 第 4 行.
NOTIC: [8] Constant UC_CLIENT_RELEASE already defined D:\wwwroot\mainweb\sdk\api\UcApi\Lib\Action\IndexAction.class.php 第 5 行.
NOTIC: [2048] Only variables should be passed by reference D:\wwwroot\mainweb\sdk\api\UcApi\Lib\Action\IndexAction.class.php 第 63 行.
NOTIC: [8] Constant API_RETURN_FAILED already defined D:\wwwroot\mainweb\sdk\uc_client\model\note.php 第 16 行.
SQL: SHOW COLUMNS FROM `sdk_accounts` [ RunTime:0.001936s ]
SQL: SELECT * FROM `sdk_accounts` WHERE ( `account_id` = 452 ) LIMIT 1   [ RunTime:0.000234s ]

[ 2013-12-22T12:35:45+08:00 ] 183.61.32.61 /api/uc.php?time=1387686931&code=9409qUiYegt0D8z6KTxywMTyzxSn2jxS%2FkqyDjD264p2TOoYlitHyYC1%2BC5BWD8ao4Vi2zdVyrFwg5cLREga8WMXtSUHvpB69tBwa7QhMJtYWVCsfvTmBpfFvFSIgCAtaH92V6or%2F6clx1CORWruRGM4LIQu5s7nu1TedoCFFtg
INFO: [ app_begin ] --START--
INFO: Run ReadHtmlCache Behavior [ RunTime:0.000919s ]
INFO: [ app_begin ] --END-- [ RunTime:0.001013s ]
NOTIC: [8] Constant UC_CLIENT_VERSION already defined D:\wwwroot\mainweb\sdk\api\UcApi\Lib\Action\IndexAction.class.php 第 4 行.
NOTIC: [8] Constant UC_CLIENT_RELEASE already defined D:\wwwroot\mainweb\sdk\api\UcApi\Lib\Action\IndexAction.class.php 第 5 行.
NOTIC: [2048] Only variables should be passed by reference D:\wwwroot\mainweb\sdk\api\UcApi\Lib\Action\IndexAction.class.php 第 63 行.
NOTIC: [8] Constant API_RETURN_FAILED already defined D:\wwwroot\mainweb\sdk\uc_client\model\note.php 第 16 行.
SQL: SHOW COLUMNS FROM `sdk_accounts` [ RunTime:0.001929s ]
SQL: SELECT * FROM `sdk_accounts` WHERE ( `account_id` = 452 ) LIMIT 1   [ RunTime:0.000124s ]

[ 2013-12-22T12:50:40+08:00 ] 192.168.141.7 /api/uc.php?time=1387687838&code=dff1DrA8gJHh%2FuxlhjsuDk9chhwbNuurcV8d8je%2F%2FAFtJeXgxW9goXQQsTg1NK79ETnCsIIlTdFsgHXgMVyMnBBr%2BBCo6OyxR0Utcdc6cd4%2Fvujp8GpnyZpJ%2B7ITjbuMWTfnKYoHacXge6qoEK0ESDw%2BWmvxQJ9x6TsHVUUqNg
INFO: [ app_begin ] --START--
INFO: Run ReadHtmlCache Behavior [ RunTime:0.001042s ]
INFO: [ app_begin ] --END-- [ RunTime:0.001131s ]
NOTIC: [8] Constant UC_CLIENT_VERSION already defined D:\wwwroot\mainweb\sdk\api\UcApi\Lib\Action\IndexAction.class.php 第 4 行.
NOTIC: [8] Constant UC_CLIENT_RELEASE already defined D:\wwwroot\mainweb\sdk\api\UcApi\Lib\Action\IndexAction.class.php 第 5 行.
NOTIC: [2048] Only variables should be passed by reference D:\wwwroot\mainweb\sdk\api\UcApi\Lib\Action\IndexAction.class.php 第 63 行.
NOTIC: [8] Constant API_RETURN_FAILED already defined D:\wwwroot\mainweb\sdk\uc_client\model\note.php 第 16 行.
SQL: SHOW COLUMNS FROM `sdk_accounts` [ RunTime:0.002389s ]
SQL: SELECT * FROM `sdk_accounts` WHERE ( `account_id` = 2571 ) LIMIT 1   [ RunTime:0.000624s ]

[ 2013-12-22T12:51:59+08:00 ] 192.168.136.220 /api/uc.php?time=1387687919&code=3d42fyOTWuYcUi%2BB7VSf%2BmW0drJM6ODI1L2LieA0%2FhdVIcDJwiA7bAi%2B%2BllTBOGtYvDIKvBpNbJyv0XdS9P9l2tyv8bLtwxff2%2FsRDKrbb4qAyeczQAaBWSn1LllXoNXtU42CUdDUSFwZe%2BOwrsFhfXzuqb9SErpyfLcMdwh8wZWIYLPzuo
INFO: [ app_begin ] --START--
INFO: Run ReadHtmlCache Behavior [ RunTime:0.000586s ]
INFO: [ app_begin ] --END-- [ RunTime:0.000675s ]
NOTIC: [8] Constant UC_CLIENT_VERSION already defined D:\wwwroot\mainweb\sdk\api\UcApi\Lib\Action\IndexAction.class.php 第 4 行.
NOTIC: [8] Constant UC_CLIENT_RELEASE already defined D:\wwwroot\mainweb\sdk\api\UcApi\Lib\Action\IndexAction.class.php 第 5 行.
NOTIC: [2048] Only variables should be passed by reference D:\wwwroot\mainweb\sdk\api\UcApi\Lib\Action\IndexAction.class.php 第 63 行.
NOTIC: [8] Constant API_RETURN_FAILED already defined D:\wwwroot\mainweb\sdk\uc_client\model\note.php 第 16 行.
SQL: SHOW COLUMNS FROM `sdk_accounts` [ RunTime:0.002159s ]
SQL: SELECT * FROM `sdk_accounts` WHERE ( `account_id` = 1884 ) LIMIT 1   [ RunTime:0.000502s ]

[ 2013-12-22T13:10:24+08:00 ] 192.168.203.2 /api/uc.php?time=1387689024&code=cdfdLH3XTAWzeyLKIiCZKUw3Vou9uqdioCfcqSc2N6z2mbpu12x6sbe708%2Bn7aPPLajqkRGrIiuF35Eo0tK4cknUAiXQ9MDQGYZw%2BWpul1nwTO88x3ZXVzjjTXzcbDqBNvgkpyGE0CCwlgeJyEl2DkIoe7jNfNxHeu6qxUcP%2BTykwg
INFO: [ app_begin ] --START--
INFO: Run ReadHtmlCache Behavior [ RunTime:0.001045s ]
INFO: [ app_begin ] --END-- [ RunTime:0.001139s ]
NOTIC: [8] Constant UC_CLIENT_VERSION already defined D:\wwwroot\mainweb\sdk\api\UcApi\Lib\Action\IndexAction.class.php 第 4 行.
NOTIC: [8] Constant UC_CLIENT_RELEASE already defined D:\wwwroot\mainweb\sdk\api\UcApi\Lib\Action\IndexAction.class.php 第 5 行.
NOTIC: [2048] Only variables should be passed by reference D:\wwwroot\mainweb\sdk\api\UcApi\Lib\Action\IndexAction.class.php 第 63 行.
NOTIC: [8] Constant API_RETURN_FAILED already defined D:\wwwroot\mainweb\sdk\uc_client\model\note.php 第 16 行.
SQL: SHOW COLUMNS FROM `sdk_accounts` [ RunTime:0.002304s ]
SQL: SELECT * FROM `sdk_accounts` WHERE ( `account_id` = 1426 ) LIMIT 1   [ RunTime:0.000586s ]

[ 2013-12-22T14:06:52+08:00 ] 192.168.178.231 /api/uc.php?time=1387692412&code=bdeaEYBLp9X076krNFvqud99WW8XVmP8tRXRh8FsBPo3cP5P%2FiBoxyWm1qkIIOz9SvVcaZQOfBLP4HvJsJlO7UoGqS%2FWIpfqN0QiAulhTBnZpSUFsWqRy%2FZ29fOyeD7Xyu9oPKDF9Nadf3rmg48t%2BXwnhB8GTuCH3aTu2hHdGsJ6FDIl%2BKTVsQ
INFO: [ app_begin ] --START--
INFO: Run ReadHtmlCache Behavior [ RunTime:0.001222s ]
INFO: [ app_begin ] --END-- [ RunTime:0.001316s ]
NOTIC: [8] Constant UC_CLIENT_VERSION already defined D:\wwwroot\mainweb\sdk\api\UcApi\Lib\Action\IndexAction.class.php 第 4 行.
NOTIC: [8] Constant UC_CLIENT_RELEASE already defined D:\wwwroot\mainweb\sdk\api\UcApi\Lib\Action\IndexAction.class.php 第 5 行.
NOTIC: [2048] Only variables should be passed by reference D:\wwwroot\mainweb\sdk\api\UcApi\Lib\Action\IndexAction.class.php 第 63 行.
NOTIC: [8] Constant API_RETURN_FAILED already defined D:\wwwroot\mainweb\sdk\uc_client\model\note.php 第 16 行.
SQL: SHOW COLUMNS FROM `sdk_accounts` [ RunTime:0.002740s ]
SQL: SELECT * FROM `sdk_accounts` WHERE ( `account_id` = 1900 ) LIMIT 1   [ RunTime:0.000567s ]

[ 2013-12-22T14:31:54+08:00 ] 192.168.165.148 /api/uc.php?time=1387693913&code=3e11%2FFPfu0C%2FDRCHyH20YgkF0AsJVlBRKU%2B1Tt88m6cAVHO%2FGjSbvyvPztRK8qs0N6zYybJ2%2FzwGhgGZIL1u2OjhzNyG7KSza88COyiOlcUDCSi7RogjQvpseQOneMVVdrP8%2FASBoxndSybmU1J8ftd7DHVZ4sZmelTdaTDqYiU
INFO: [ app_begin ] --START--
INFO: Run ReadHtmlCache Behavior [ RunTime:0.001046s ]
INFO: [ app_begin ] --END-- [ RunTime:0.001139s ]
NOTIC: [8] Constant UC_CLIENT_VERSION already defined D:\wwwroot\mainweb\sdk\api\UcApi\Lib\Action\IndexAction.class.php 第 4 行.
NOTIC: [8] Constant UC_CLIENT_RELEASE already defined D:\wwwroot\mainweb\sdk\api\UcApi\Lib\Action\IndexAction.class.php 第 5 行.
NOTIC: [2048] Only variables should be passed by reference D:\wwwroot\mainweb\sdk\api\UcApi\Lib\Action\IndexAction.class.php 第 63 行.
NOTIC: [8] Constant API_RETURN_FAILED already defined D:\wwwroot\mainweb\sdk\uc_client\model\note.php 第 16 行.
SQL: SHOW COLUMNS FROM `sdk_accounts` [ RunTime:0.002436s ]
SQL: SELECT * FROM `sdk_accounts` WHERE ( `account_id` = 1988 ) LIMIT 1   [ RunTime:0.000622s ]

[ 2013-12-22T15:21:45+08:00 ] 192.168.129.5 /api/uc.php?time=1387696903&code=2589vs3j%2FDaYWLpU4DWd8Hg8hoDH2yYqYxLpTUGDgP0gSmLmXYcL3X7R2ptKSho2p7Kk5Z%2FgFuc7vUt8E2WddimVoueFkHKfE2OuXNW2SMJoIH%2FZfGXyi5J3sfa0goylcyTlzwmAn7bo4LF94p94baa94OiB2%2BWzkN2ub%2F%2BXebOtug
INFO: [ app_begin ] --START--
INFO: Run ReadHtmlCache Behavior [ RunTime:0.001007s ]
INFO: [ app_begin ] --END-- [ RunTime:0.001102s ]
NOTIC: [8] Constant UC_CLIENT_VERSION already defined D:\wwwroot\mainweb\sdk\api\UcApi\Lib\Action\IndexAction.class.php 第 4 行.
NOTIC: [8] Constant UC_CLIENT_RELEASE already defined D:\wwwroot\mainweb\sdk\api\UcApi\Lib\Action\IndexAction.class.php 第 5 行.
NOTIC: [2048] Only variables should be passed by reference D:\wwwroot\mainweb\sdk\api\UcApi\Lib\Action\IndexAction.class.php 第 63 行.
NOTIC: [8] Constant API_RETURN_FAILED already defined D:\wwwroot\mainweb\sdk\uc_client\model\note.php 第 16 行.
SQL: SHOW COLUMNS FROM `sdk_accounts` [ RunTime:0.002273s ]
SQL: SELECT * FROM `sdk_accounts` WHERE ( `account_id` = 2485 ) LIMIT 1   [ RunTime:0.000496s ]

[ 2013-12-22T15:42:22+08:00 ] 192.168.202.132 /api/uc.php?time=1387698141&code=cd36nvuQv%2BETN7WpH8uh8Eqt16jiZh7h%2FXBkAhihMJqCjSnQ8v%2Fbk5wWaWiI0%2ByQxhrRcu%2FetXk2HtGOWa1rIsGmFHMxqj%2FXc7GvGR4XvvrWb6U416Cx5c4%2FPwme0l2Gh05tpdDMraM2sGnGEibdIq4PGM4FeuojltO2ih19AA
INFO: [ app_begin ] --START--
INFO: Run ReadHtmlCache Behavior [ RunTime:0.001036s ]
INFO: [ app_begin ] --END-- [ RunTime:0.001127s ]
NOTIC: [8] Constant UC_CLIENT_VERSION already defined D:\wwwroot\mainweb\sdk\api\UcApi\Lib\Action\IndexAction.class.php 第 4 行.
NOTIC: [8] Constant UC_CLIENT_RELEASE already defined D:\wwwroot\mainweb\sdk\api\UcApi\Lib\Action\IndexAction.class.php 第 5 行.
NOTIC: [2048] Only variables should be passed by reference D:\wwwroot\mainweb\sdk\api\UcApi\Lib\Action\IndexAction.class.php 第 63 行.
NOTIC: [8] Constant API_RETURN_FAILED already defined D:\wwwroot\mainweb\sdk\uc_client\model\note.php 第 16 行.
SQL: SHOW COLUMNS FROM `sdk_accounts` [ RunTime:0.002168s ]
SQL: SELECT * FROM `sdk_accounts` WHERE ( `account_id` = 2448 ) LIMIT 1   [ RunTime:0.000567s ]

[ 2013-12-22T15:45:36+08:00 ] 192.168.131.214 /api/uc.php?time=1387698335&code=4f8cRuwiadKV%2B1HAQemB1pzMwg6jliranabqssoJn%2FXLDXcyiTO6u1Cql%2FSZVLp2JUBv6xGZ8tQ%2F2XqXUjg5uxewykCUF1lJ1ZeixYKuJ5WxNn%2Fzqf4%2BUVr1mAkSwcDcGPP6o13TVhXcp883uWZHalDQMuAdi6ICB9gsZ6B8lpdDuPLprBnBfuo0%2Bg
INFO: [ app_begin ] --START--
INFO: Run ReadHtmlCache Behavior [ RunTime:0.001046s ]
INFO: [ app_begin ] --END-- [ RunTime:0.001137s ]
NOTIC: [8] Constant UC_CLIENT_VERSION already defined D:\wwwroot\mainweb\sdk\api\UcApi\Lib\Action\IndexAction.class.php 第 4 行.
NOTIC: [8] Constant UC_CLIENT_RELEASE already defined D:\wwwroot\mainweb\sdk\api\UcApi\Lib\Action\IndexAction.class.php 第 5 行.
NOTIC: [2048] Only variables should be passed by reference D:\wwwroot\mainweb\sdk\api\UcApi\Lib\Action\IndexAction.class.php 第 63 行.
NOTIC: [8] Constant API_RETURN_FAILED already defined D:\wwwroot\mainweb\sdk\uc_client\model\note.php 第 16 行.
SQL: SHOW COLUMNS FROM `sdk_accounts` [ RunTime:0.002154s ]
SQL: SELECT * FROM `sdk_accounts` WHERE ( `account_id` = 718 ) LIMIT 1   [ RunTime:0.000488s ]

[ 2013-12-22T15:52:40+08:00 ] 192.168.189.167 /api/uc.php?time=1387698759&code=d0dehRx3z65ZlFsVL3ykEjaWeoS%2F8HpCOL0QDcZRsSnlKCMOuHMYiFpjsn4grzq6IlpZo%2FoKjTp1fRP8shgD3cucsLkCgMzDerIr1DlCzy5i2%2FQJ8lAtf06tWxGH5H8%2BqtLnKsdcKK2NWETFlJMXwPe3g5dw93o%2BKKlEhUxz7wM
INFO: [ app_begin ] --START--
INFO: Run ReadHtmlCache Behavior [ RunTime:0.001037s ]
INFO: [ app_begin ] --END-- [ RunTime:0.001128s ]
NOTIC: [8] Constant UC_CLIENT_VERSION already defined D:\wwwroot\mainweb\sdk\api\UcApi\Lib\Action\IndexAction.class.php 第 4 行.
NOTIC: [8] Constant UC_CLIENT_RELEASE already defined D:\wwwroot\mainweb\sdk\api\UcApi\Lib\Action\IndexAction.class.php 第 5 行.
NOTIC: [2048] Only variables should be passed by reference D:\wwwroot\mainweb\sdk\api\UcApi\Lib\Action\IndexAction.class.php 第 63 行.
NOTIC: [8] Constant API_RETURN_FAILED already defined D:\wwwroot\mainweb\sdk\uc_client\model\note.php 第 16 行.
SQL: SHOW COLUMNS FROM `sdk_accounts` [ RunTime:0.002060s ]
SQL: SELECT * FROM `sdk_accounts` WHERE ( `account_id` = 452 ) LIMIT 1   [ RunTime:0.000241s ]

[ 2013-12-22T16:09:51+08:00 ] 192.168.136.216 /api/uc.php?time=1387699791&code=a757LoR3Nz5cEdctYvdCTZrk8Ws7%2FwvaJf43a4doeDG7B3i0pvqPSbJqPM5HNktMuRCh0avICRMDMCV6s5EdtA3BakR2SaL2NxAxyQnVbJeYTZ4d2XNtLz46M9X66%2BMlQVderj4i7GsXebTB3azDqm6ANCMBf1EYJ7jlt9jhnaShzw
INFO: [ app_begin ] --START--
INFO: Run ReadHtmlCache Behavior [ RunTime:0.001096s ]
INFO: [ app_begin ] --END-- [ RunTime:0.001190s ]
NOTIC: [8] Constant UC_CLIENT_VERSION already defined D:\wwwroot\mainweb\sdk\api\UcApi\Lib\Action\IndexAction.class.php 第 4 行.
NOTIC: [8] Constant UC_CLIENT_RELEASE already defined D:\wwwroot\mainweb\sdk\api\UcApi\Lib\Action\IndexAction.class.php 第 5 行.
NOTIC: [2048] Only variables should be passed by reference D:\wwwroot\mainweb\sdk\api\UcApi\Lib\Action\IndexAction.class.php 第 63 行.
NOTIC: [8] Constant API_RETURN_FAILED already defined D:\wwwroot\mainweb\sdk\uc_client\model\note.php 第 16 行.
SQL: SHOW COLUMNS FROM `sdk_accounts` [ RunTime:0.002027s ]
SQL: SELECT * FROM `sdk_accounts` WHERE ( `account_id` = 2509 ) LIMIT 1   [ RunTime:0.000244s ]

[ 2013-12-22T16:30:58+08:00 ] 192.168.203.146 /api/uc.php?time=1387701058&code=5680uEKXOfJU7f00HIAowwMLDrWRLKyWIlLPxABB6ZBSBCpwGNDLDMvak0I9ACON%2Btox4uYipwh%2Fj%2BmdUUH2ho5eSLepRvitOMdAUOqeHN00YsRTHmyTeNAKSKywU4nmI5sQwFO9H%2FBdsbQ8pIOjtUYSzltNfIMASCUkJUkWXoj9
INFO: [ app_begin ] --START--
INFO: Run ReadHtmlCache Behavior [ RunTime:0.001094s ]
INFO: [ app_begin ] --END-- [ RunTime:0.001188s ]
NOTIC: [8] Constant UC_CLIENT_VERSION already defined D:\wwwroot\mainweb\sdk\api\UcApi\Lib\Action\IndexAction.class.php 第 4 行.
NOTIC: [8] Constant UC_CLIENT_RELEASE already defined D:\wwwroot\mainweb\sdk\api\UcApi\Lib\Action\IndexAction.class.php 第 5 行.
NOTIC: [2048] Only variables should be passed by reference D:\wwwroot\mainweb\sdk\api\UcApi\Lib\Action\IndexAction.class.php 第 63 行.
NOTIC: [8] Constant API_RETURN_FAILED already defined D:\wwwroot\mainweb\sdk\uc_client\model\note.php 第 16 行.
SQL: SHOW COLUMNS FROM `sdk_accounts` [ RunTime:0.001883s ]
SQL: SELECT * FROM `sdk_accounts` WHERE ( `account_id` = 719 ) LIMIT 1   [ RunTime:0.000326s ]

[ 2013-12-22T16:42:34+08:00 ] 192.168.142.227 /api/uc.php?time=1387701754&code=72afkhiT3zsLeqwVN7kU1mQZ%2BvcNQbG4CpHScxroE81Y9XrJuLmtpPc7q8qA0rrOaJyDWVOWxEUZNfdzPd6VOwd9Bdo6UOcZHxhfmiMJ2C1P4Php73D1UyEN7%2FVpTKGMfVSE1kjJZERJzK44J6tZqcHgNUbTjXF85zeZfNlFfYaHnQ
INFO: [ app_begin ] --START--
INFO: Run ReadHtmlCache Behavior [ RunTime:0.001046s ]
INFO: [ app_begin ] --END-- [ RunTime:0.001139s ]
NOTIC: [8] Constant UC_CLIENT_VERSION already defined D:\wwwroot\mainweb\sdk\api\UcApi\Lib\Action\IndexAction.class.php 第 4 行.
NOTIC: [8] Constant UC_CLIENT_RELEASE already defined D:\wwwroot\mainweb\sdk\api\UcApi\Lib\Action\IndexAction.class.php 第 5 行.
NOTIC: [2048] Only variables should be passed by reference D:\wwwroot\mainweb\sdk\api\UcApi\Lib\Action\IndexAction.class.php 第 63 行.
NOTIC: [8] Constant API_RETURN_FAILED already defined D:\wwwroot\mainweb\sdk\uc_client\model\note.php 第 16 行.
SQL: SHOW COLUMNS FROM `sdk_accounts` [ RunTime:0.002011s ]
SQL: SELECT * FROM `sdk_accounts` WHERE ( `account_id` = 2476 ) LIMIT 1   [ RunTime:0.000498s ]

[ 2013-12-22T18:47:23+08:00 ] 192.168.132.71 /api/uc.php?time=1387709242&code=a600n70qy69eX%2BzHghfWjsg5JozEHfR7D6mAnE3QedXTcW%2BVVMuEinCOqHqJColEcmnty7fjVEYYLeKfoNI8EnHAn%2FkiEwz2%2BYiFE5RhgPOAG7EV2WfXNQGEkUua3CfH1bfJ6EKfYqq4A8aQ2fg8zFjNCvKgX8zmuNpBO4ywee5Vag
INFO: [ app_begin ] --START--
INFO: Run ReadHtmlCache Behavior [ RunTime:0.001049s ]
INFO: [ app_begin ] --END-- [ RunTime:0.001144s ]
NOTIC: [8] Constant UC_CLIENT_VERSION already defined D:\wwwroot\mainweb\sdk\api\UcApi\Lib\Action\IndexAction.class.php 第 4 行.
NOTIC: [8] Constant UC_CLIENT_RELEASE already defined D:\wwwroot\mainweb\sdk\api\UcApi\Lib\Action\IndexAction.class.php 第 5 行.
NOTIC: [2048] Only variables should be passed by reference D:\wwwroot\mainweb\sdk\api\UcApi\Lib\Action\IndexAction.class.php 第 63 行.
NOTIC: [8] Constant API_RETURN_FAILED already defined D:\wwwroot\mainweb\sdk\uc_client\model\note.php 第 16 行.
SQL: SHOW COLUMNS FROM `sdk_accounts` [ RunTime:0.002222s ]
SQL: SELECT * FROM `sdk_accounts` WHERE ( `account_id` = 2112 ) LIMIT 1   [ RunTime:0.000163s ]

[ 2013-12-22T19:10:57+08:00 ] 192.168.206.156 /api/uc.php?time=1387710656&code=291bYP%2FUABySozuMcHAH5VwiD7Y9i495RgwFJZ4N2S5nfProF9%2FDj%2B1VWCekqEs6K%2FMMUGR4zO7Q9iW8jpmNxns6rJbhjoBM8LM%2Fv4RMuXPHly3OIIPtqufnBUebIyw3XFWJXa9QrG8Qk1CKXnUTFIv901I3N6rRgQVN1J51lTim
INFO: [ app_begin ] --START--
INFO: Run ReadHtmlCache Behavior [ RunTime:0.001075s ]
INFO: [ app_begin ] --END-- [ RunTime:0.001166s ]
NOTIC: [8] Constant UC_CLIENT_VERSION already defined D:\wwwroot\mainweb\sdk\api\UcApi\Lib\Action\IndexAction.class.php 第 4 行.
NOTIC: [8] Constant UC_CLIENT_RELEASE already defined D:\wwwroot\mainweb\sdk\api\UcApi\Lib\Action\IndexAction.class.php 第 5 行.
NOTIC: [2048] Only variables should be passed by reference D:\wwwroot\mainweb\sdk\api\UcApi\Lib\Action\IndexAction.class.php 第 63 行.
NOTIC: [8] Constant API_RETURN_FAILED already defined D:\wwwroot\mainweb\sdk\uc_client\model\note.php 第 16 行.
SQL: SHOW COLUMNS FROM `sdk_accounts` [ RunTime:0.002140s ]
SQL: SELECT * FROM `sdk_accounts` WHERE ( `account_id` = 411 ) LIMIT 1   [ RunTime:0.000512s ]

[ 2013-12-22T20:36:55+08:00 ] 192.168.164.215 /api/uc.php?time=1387715815&code=32a9PEjmL8UdSr2UYTgxjYA%2FPBod4X%2FhvV1sXni6xkXwp3XNpsMrHShQfbFwET3%2F2KhUt%2FaQvBcTknfMbCl%2F7MnQqQXWEMp1kO5d1q%2FZ5tqX6dC56o5uXRje%2FVkW8ieF1jJCTfdMSdWg1lS0yb2%2F2itKOBxxVEpF%2BBMJrtvBXvjv
INFO: [ app_begin ] --START--
INFO: Run ReadHtmlCache Behavior [ RunTime:0.001054s ]
INFO: [ app_begin ] --END-- [ RunTime:0.001146s ]
NOTIC: [8] Constant UC_CLIENT_VERSION already defined D:\wwwroot\mainweb\sdk\api\UcApi\Lib\Action\IndexAction.class.php 第 4 行.
NOTIC: [8] Constant UC_CLIENT_RELEASE already defined D:\wwwroot\mainweb\sdk\api\UcApi\Lib\Action\IndexAction.class.php 第 5 行.
NOTIC: [2048] Only variables should be passed by reference D:\wwwroot\mainweb\sdk\api\UcApi\Lib\Action\IndexAction.class.php 第 63 行.
NOTIC: [8] Constant API_RETURN_FAILED already defined D:\wwwroot\mainweb\sdk\uc_client\model\note.php 第 16 行.
SQL: SHOW COLUMNS FROM `sdk_accounts` [ RunTime:0.014235s ]
SQL: SELECT * FROM `sdk_accounts` WHERE ( `account_id` = 2450 ) LIMIT 1   [ RunTime:0.000534s ]

[ 2013-12-22T22:09:25+08:00 ] 192.168.201.86 /api/uc.php?time=1387721365&code=c50frgwpHKqnAa%2FcJ2KtBKgG8WLvRge0FWxtLcVCZQoah%2F1H%2FUpcenN7MT5HptUQzNVXzkbW76rV1PIYBvB7%2FaUfK%2Flzp1RYUOLgXE8934seQiXQR%2FyWUqoa48tmX8vhTabh3rneo8xihRKRPTApzbp3P6vjmBCWy8StDJqtRJoZvA
INFO: [ app_begin ] --START--
INFO: Run ReadHtmlCache Behavior [ RunTime:0.001034s ]
INFO: [ app_begin ] --END-- [ RunTime:0.001126s ]
NOTIC: [8] Constant UC_CLIENT_VERSION already defined D:\wwwroot\mainweb\sdk\api\UcApi\Lib\Action\IndexAction.class.php 第 4 行.
NOTIC: [8] Constant UC_CLIENT_RELEASE already defined D:\wwwroot\mainweb\sdk\api\UcApi\Lib\Action\IndexAction.class.php 第 5 行.
NOTIC: [2048] Only variables should be passed by reference D:\wwwroot\mainweb\sdk\api\UcApi\Lib\Action\IndexAction.class.php 第 63 行.
NOTIC: [8] Constant API_RETURN_FAILED already defined D:\wwwroot\mainweb\sdk\uc_client\model\note.php 第 16 行.
SQL: SHOW COLUMNS FROM `sdk_accounts` [ RunTime:0.002244s ]
SQL: SELECT * FROM `sdk_accounts` WHERE ( `account_id` = 2288 ) LIMIT 1   [ RunTime:0.000680s ]

[ 2013-12-22T22:23:56+08:00 ] 192.168.165.204 /api/uc.php?time=1387722236&code=ea2aHSY1PGSwNY5I5RXdXpk%2BA2IB99cpIZeu%2FvcFKEDKClegj1lxwWsJnn1UoTODgRN7g22yLFDIEmt2YKuU7mAp6Gi9kR7NKKEmmC0Sg94YXIPmQgR27Gqf6U%2Fh5gxmM%2BzWWfsprWLAsFyc0V2YXk%2FR5csNdVF%2BeEvQznTuAih2yg
INFO: [ app_begin ] --START--
INFO: Run ReadHtmlCache Behavior [ RunTime:0.001071s ]
INFO: [ app_begin ] --END-- [ RunTime:0.001163s ]
NOTIC: [8] Constant UC_CLIENT_VERSION already defined D:\wwwroot\mainweb\sdk\api\UcApi\Lib\Action\IndexAction.class.php 第 4 行.
NOTIC: [8] Constant UC_CLIENT_RELEASE already defined D:\wwwroot\mainweb\sdk\api\UcApi\Lib\Action\IndexAction.class.php 第 5 行.
NOTIC: [2048] Only variables should be passed by reference D:\wwwroot\mainweb\sdk\api\UcApi\Lib\Action\IndexAction.class.php 第 63 行.
NOTIC: [8] Constant API_RETURN_FAILED already defined D:\wwwroot\mainweb\sdk\uc_client\model\note.php 第 16 行.
SQL: SHOW COLUMNS FROM `sdk_accounts` [ RunTime:0.002079s ]
SQL: SELECT * FROM `sdk_accounts` WHERE ( `account_id` = 1084 ) LIMIT 1   [ RunTime:0.000487s ]

[ 2013-12-22T22:27:49+08:00 ] 192.168.164.23 /api/uc.php?time=1387722469&code=bdb9IFwnW1hk0tdsVxf0YrdLrmXQqidG1z67%2FA95TXK1evSMB6JuDeBq7sBamg1LVGIVUZElezOOUOlB2GquQoW1s9I%2FOK8XZdKLOwW6cxeEaboGLcX2bmwa2OFJJpr7XeGjDUyX3I7fQqCniLpzD2UPRiYE3c7%2FGIuoIv%2By
INFO: [ app_begin ] --START--
INFO: Run ReadHtmlCache Behavior [ RunTime:0.001034s ]
INFO: [ app_begin ] --END-- [ RunTime:0.001126s ]
NOTIC: [8] Constant UC_CLIENT_VERSION already defined D:\wwwroot\mainweb\sdk\api\UcApi\Lib\Action\IndexAction.class.php 第 4 行.
NOTIC: [8] Constant UC_CLIENT_RELEASE already defined D:\wwwroot\mainweb\sdk\api\UcApi\Lib\Action\IndexAction.class.php 第 5 行.
NOTIC: [2048] Only variables should be passed by reference D:\wwwroot\mainweb\sdk\api\UcApi\Lib\Action\IndexAction.class.php 第 63 行.
NOTIC: [8] Constant API_RETURN_FAILED already defined D:\wwwroot\mainweb\sdk\uc_client\model\note.php 第 16 行.
SQL: SHOW COLUMNS FROM `sdk_accounts` [ RunTime:0.002041s ]
SQL: SELECT * FROM `sdk_accounts` WHERE ( `account_id` = 673 ) LIMIT 1   [ RunTime:0.000538s ]

[ 2013-12-22T23:07:32+08:00 ] 192.168.205.24 /api/uc.php?time=1387724852&code=0c4dkDgpI%2B9gsRR4Zqn5rUV78zCIZc00bwTJ%2Figs3aqRbsTeAu07YXEWPVV8rgNQy8jijyyUsufBEIiISCfE9WUooVhx0qOceSqcCapoFJZsldkXeXnn9AbRGn1IgVkEkaWL%2F9w0GYeN4OLqywU0mOoiN2vms7xtg7MD3OgghH4rG2XmrqfMKgNb
INFO: [ app_begin ] --START--
INFO: Run ReadHtmlCache Behavior [ RunTime:0.001031s ]
INFO: [ app_begin ] --END-- [ RunTime:0.001121s ]
NOTIC: [8] Constant UC_CLIENT_VERSION already defined D:\wwwroot\mainweb\sdk\api\UcApi\Lib\Action\IndexAction.class.php 第 4 行.
NOTIC: [8] Constant UC_CLIENT_RELEASE already defined D:\wwwroot\mainweb\sdk\api\UcApi\Lib\Action\IndexAction.class.php 第 5 行.
NOTIC: [2048] Only variables should be passed by reference D:\wwwroot\mainweb\sdk\api\UcApi\Lib\Action\IndexAction.class.php 第 63 行.
NOTIC: [8] Constant API_RETURN_FAILED already defined D:\wwwroot\mainweb\sdk\uc_client\model\note.php 第 16 行.
SQL: SHOW COLUMNS FROM `sdk_accounts` [ RunTime:0.002206s ]
SQL: SELECT * FROM `sdk_accounts` WHERE ( `account_id` = 475 ) LIMIT 1   [ RunTime:0.000509s ]

[ 2013-12-22T23:16:31+08:00 ] 113.67.107.41 /api/uc.php?time=1387725390&code=f634YfA%2BnwE7FC9U9VlbyvvT8yLk40fRhzRcRsAsVOlTW3MSPlcqbWOPb51GfdVSWqf6OtmCNYmBt6XdKbnqOUoh5wniheV7s2OYLjcEnrB0tT3NTZ5gWCMM6KBAB2zmPTmerpJDXGqSZANMt7%2F%2B%2Bs%2BMV1CQTC4TwKvqM6%2Fr
INFO: [ app_begin ] --START--
INFO: Run ReadHtmlCache Behavior [ RunTime:0.001043s ]
INFO: [ app_begin ] --END-- [ RunTime:0.001136s ]
NOTIC: [8] Constant UC_CLIENT_VERSION already defined D:\wwwroot\mainweb\sdk\api\UcApi\Lib\Action\IndexAction.class.php 第 4 行.
NOTIC: [8] Constant UC_CLIENT_RELEASE already defined D:\wwwroot\mainweb\sdk\api\UcApi\Lib\Action\IndexAction.class.php 第 5 行.
NOTIC: [2048] Only variables should be passed by reference D:\wwwroot\mainweb\sdk\api\UcApi\Lib\Action\IndexAction.class.php 第 63 行.
NOTIC: [8] Constant API_RETURN_FAILED already defined D:\wwwroot\mainweb\sdk\uc_client\model\note.php 第 16 行.
SQL: SHOW COLUMNS FROM `sdk_accounts` [ RunTime:0.002229s ]
SQL: SELECT * FROM `sdk_accounts` WHERE ( `account_id` = 893 ) LIMIT 1   [ RunTime:0.000371s ]

[ 2013-12-22T23:38:18+08:00 ] 192.168.139.171 /api/uc.php?time=1387726698&code=9a19CpneOGf%2BecVLf26B0v0VD76idW4ScQTNoXGHIOTIW8MyFAXAbm7JSB%2BnOsNhUdkmIQrk04KLlYA5YgekVFD0V%2BQeHN8G0ikN38%2BKheKrbJhjPDrlNmUrokhbCgv3uSUP83jfsfL7BW6ccyA4B2sywqZbbFLHsbJ51TYbCFnybSlqWEgn%2Fw
INFO: [ app_begin ] --START--
INFO: Run ReadHtmlCache Behavior [ RunTime:0.001091s ]
INFO: [ app_begin ] --END-- [ RunTime:0.001182s ]
NOTIC: [8] Constant UC_CLIENT_VERSION already defined D:\wwwroot\mainweb\sdk\api\UcApi\Lib\Action\IndexAction.class.php 第 4 行.
NOTIC: [8] Constant UC_CLIENT_RELEASE already defined D:\wwwroot\mainweb\sdk\api\UcApi\Lib\Action\IndexAction.class.php 第 5 行.
NOTIC: [2048] Only variables should be passed by reference D:\wwwroot\mainweb\sdk\api\UcApi\Lib\Action\IndexAction.class.php 第 63 行.
NOTIC: [8] Constant API_RETURN_FAILED already defined D:\wwwroot\mainweb\sdk\uc_client\model\note.php 第 16 行.
SQL: SHOW COLUMNS FROM `sdk_accounts` [ RunTime:0.002011s ]
SQL: SELECT * FROM `sdk_accounts` WHERE ( `account_id` = 2568 ) LIMIT 1   [ RunTime:0.000395s ]

