[ 2013-12-25T09:15:03+08:00 ] 192.168.171.216 /api/uc.php?time=1387934102&code=148fFwmLbXyvB6ee2WqFxguCi2%2F%2FqaZ6Kxd6jtfw%2BMrvUnFbxF0BgXJD%2BUfDUqu1430XAGCTOobLDUcbaknLjafoJ465tjLS0UWf9Ksk0U6gmb4FiYTrbdlFfVKX6CRS%2BHka0a6LzbdjPudWZWCaLTbovbsvGcZuQFCacAAGsA
INFO: [ app_begin ] --START--
INFO: Run ReadHtmlCache Behavior [ RunTime:0.001068s ]
INFO: [ app_begin ] --END-- [ RunTime:0.001158s ]
NOTIC: [8] Constant UC_CLIENT_VERSION already defined D:\wwwroot\mainweb\sdk\api\UcApi\Lib\Action\IndexAction.class.php 第 4 行.
NOTIC: [8] Constant UC_CLIENT_RELEASE already defined D:\wwwroot\mainweb\sdk\api\UcApi\Lib\Action\IndexAction.class.php 第 5 行.
NOTIC: [2048] Only variables should be passed by reference D:\wwwroot\mainweb\sdk\api\UcApi\Lib\Action\IndexAction.class.php 第 63 行.
NOTIC: [8] Constant API_RETURN_FAILED already defined D:\wwwroot\mainweb\sdk\uc_client\model\note.php 第 16 行.
SQL: SHOW COLUMNS FROM `sdk_accounts` [ RunTime:0.002192s ]
SQL: SELECT * FROM `sdk_accounts` WHERE ( `account_id` = 2471 ) LIMIT 1   [ RunTime:0.000443s ]

[ 2013-12-25T10:15:50+08:00 ] 192.168.201.89 /api/uc.php?time=1387937750&code=355bYD8DqnVuh%2Fv9Qc0UR1V3u71r7pSr8sh1OAz4lbKaPks3g3U7TVbj6PXteEbDzrvXr1LTKqntshrWaILoFQOvcarklGO%2FWbxsDFxVaMIOnkd1LcpEvxKe4oLMnkPzEpjye%2BElUTgGBJohMy%2BcdrZb3LFvJH6vlSQy1sWVw6k
INFO: [ app_begin ] --START--
INFO: Run ReadHtmlCache Behavior [ RunTime:0.001094s ]
INFO: [ app_begin ] --END-- [ RunTime:0.001185s ]
NOTIC: [8] Constant UC_CLIENT_VERSION already defined D:\wwwroot\mainweb\sdk\api\UcApi\Lib\Action\IndexAction.class.php 第 4 行.
NOTIC: [8] Constant UC_CLIENT_RELEASE already defined D:\wwwroot\mainweb\sdk\api\UcApi\Lib\Action\IndexAction.class.php 第 5 行.
NOTIC: [2048] Only variables should be passed by reference D:\wwwroot\mainweb\sdk\api\UcApi\Lib\Action\IndexAction.class.php 第 63 行.
NOTIC: [8] Constant API_RETURN_FAILED already defined D:\wwwroot\mainweb\sdk\uc_client\model\note.php 第 16 行.
SQL: SHOW COLUMNS FROM `sdk_accounts` [ RunTime:0.002228s ]
SQL: SELECT * FROM `sdk_accounts` WHERE ( `account_id` = 2017 ) LIMIT 1   [ RunTime:0.000490s ]

[ 2013-12-25T11:40:54+08:00 ] 192.168.163.206 /api/uc.php?time=1387942853&code=3256GLMlSEMfOr5W%2FmLYcLvYebvK5mcNVaK%2FbQKi2hT38YNCocsk0bi6jgjkpkBZBZh5fRo1wUiNYhmY25Nk9x5jUyQvwcPGBiH4gOEGhPg36Nn5%2FZv7GWd85TuRCn4K10BQ%2BOT5mpbr9Y%2FiSo2xRrPeEf4knTbKUceCG4we88F0UY%2FNbQ
INFO: [ app_begin ] --START--
INFO: Run ReadHtmlCache Behavior [ RunTime:0.000993s ]
INFO: [ app_begin ] --END-- [ RunTime:0.001088s ]
NOTIC: [8] Constant UC_CLIENT_VERSION already defined D:\wwwroot\mainweb\sdk\api\UcApi\Lib\Action\IndexAction.class.php 第 4 行.
NOTIC: [8] Constant UC_CLIENT_RELEASE already defined D:\wwwroot\mainweb\sdk\api\UcApi\Lib\Action\IndexAction.class.php 第 5 行.
NOTIC: [2048] Only variables should be passed by reference D:\wwwroot\mainweb\sdk\api\UcApi\Lib\Action\IndexAction.class.php 第 63 行.
NOTIC: [8] Constant API_RETURN_FAILED already defined D:\wwwroot\mainweb\sdk\uc_client\model\note.php 第 16 行.
SQL: SHOW COLUMNS FROM `sdk_accounts` [ RunTime:0.002417s ]
SQL: SELECT * FROM `sdk_accounts` WHERE ( `account_id` = 2089 ) LIMIT 1   [ RunTime:0.000303s ]

[ 2013-12-25T13:08:36+08:00 ] 192.168.202.235 /api/uc.php?time=1387948116&code=f8e1bl9tsBiek0cawVCM%2BPFxQSlM7QflUqJHZgT8YNU%2Fht18%2BS5x%2FUiWUKDTYjqOSmA4yINVolmubxkFfCuY%2FrbCpn8mQ9d8QnweDHgf0HeESkYGQYXNO74MF59GixJLdjT1odsHXW5RN%2Fgpj5yqmtPZNd7D0GPRRa83JWlcesvA
INFO: [ app_begin ] --START--
INFO: Run ReadHtmlCache Behavior [ RunTime:0.001296s ]
INFO: [ app_begin ] --END-- [ RunTime:0.001389s ]
NOTIC: [8] Constant UC_CLIENT_VERSION already defined D:\wwwroot\mainweb\sdk\api\UcApi\Lib\Action\IndexAction.class.php 第 4 行.
NOTIC: [8] Constant UC_CLIENT_RELEASE already defined D:\wwwroot\mainweb\sdk\api\UcApi\Lib\Action\IndexAction.class.php 第 5 行.
NOTIC: [2048] Only variables should be passed by reference D:\wwwroot\mainweb\sdk\api\UcApi\Lib\Action\IndexAction.class.php 第 63 行.
NOTIC: [8] Constant API_RETURN_FAILED already defined D:\wwwroot\mainweb\sdk\uc_client\model\note.php 第 16 行.
SQL: SHOW COLUMNS FROM `sdk_accounts` [ RunTime:0.001981s ]
SQL: SELECT * FROM `sdk_accounts` WHERE ( `account_id` = 1317 ) LIMIT 1   [ RunTime:0.000402s ]

[ 2013-12-25T13:22:29+08:00 ] 192.168.171.21 /api/uc.php?time=1387948949&code=4dcbN0xJcifryEae4x4LpyXRfGRY7gV9SAkY%2BFfTz7Qjn3oFxDnllwKbwIUwdAFhYb9C9PmNLENCUTcs4ocfh0%2FKDXMLLYWJzulPdjEw1Ww4bxUr6ni01%2B8LcP7zQOcCgC9bP7Ri10ovqS3J3nVxPtPwIRTEHoJ5rOat0hR2jBW%2FhA
INFO: [ app_begin ] --START--
INFO: Run ReadHtmlCache Behavior [ RunTime:0.001047s ]
INFO: [ app_begin ] --END-- [ RunTime:0.001140s ]
NOTIC: [8] Constant UC_CLIENT_VERSION already defined D:\wwwroot\mainweb\sdk\api\UcApi\Lib\Action\IndexAction.class.php 第 4 行.
NOTIC: [8] Constant UC_CLIENT_RELEASE already defined D:\wwwroot\mainweb\sdk\api\UcApi\Lib\Action\IndexAction.class.php 第 5 行.
NOTIC: [2048] Only variables should be passed by reference D:\wwwroot\mainweb\sdk\api\UcApi\Lib\Action\IndexAction.class.php 第 63 行.
NOTIC: [8] Constant API_RETURN_FAILED already defined D:\wwwroot\mainweb\sdk\uc_client\model\note.php 第 16 行.
SQL: SHOW COLUMNS FROM `sdk_accounts` [ RunTime:0.002168s ]
SQL: SELECT * FROM `sdk_accounts` WHERE ( `account_id` = 2396 ) LIMIT 1   [ RunTime:0.000532s ]

[ 2013-12-25T13:25:00+08:00 ] 192.168.155.149 /api/uc.php?time=1387949100&code=b7925SUrrKPdNG7bLXLSFx3ACg%2FZ1V7yMulkul466Tgrhmhsv6kB%2BYZDsy6flrbBk3rYelRFcNQRg%2B2Cb3gWFYtcxGNC1oQcy6XjqnGbUKRy4f7H4ub4KwqZefF7nn2%2BB1%2BLRpLffIZXEcLAD6CGNDYU2PsFHJlYNUUWXW0YZQ
INFO: [ app_begin ] --START--
INFO: Run ReadHtmlCache Behavior [ RunTime:0.001281s ]
INFO: [ app_begin ] --END-- [ RunTime:0.001377s ]
NOTIC: [8] Constant UC_CLIENT_VERSION already defined D:\wwwroot\mainweb\sdk\api\UcApi\Lib\Action\IndexAction.class.php 第 4 行.
NOTIC: [8] Constant UC_CLIENT_RELEASE already defined D:\wwwroot\mainweb\sdk\api\UcApi\Lib\Action\IndexAction.class.php 第 5 行.
NOTIC: [2048] Only variables should be passed by reference D:\wwwroot\mainweb\sdk\api\UcApi\Lib\Action\IndexAction.class.php 第 63 行.
NOTIC: [8] Constant API_RETURN_FAILED already defined D:\wwwroot\mainweb\sdk\uc_client\model\note.php 第 16 行.
SQL: SHOW COLUMNS FROM `sdk_accounts` [ RunTime:0.002071s ]
SQL: SELECT * FROM `sdk_accounts` WHERE ( `account_id` = 2343 ) LIMIT 1   [ RunTime:0.000571s ]

[ 2013-12-25T13:34:22+08:00 ] 192.168.202.94 /api/uc.php?time=1387949662&code=1d97xlaCrKkLCQlwzRiKK3mG10GyGk0pM%2FRF8gywutoF0sZUwLT72dIFZcYPQYoZyHqXcy617wj8LjjpI3%2FL5Sn2N6tbNNZ4r%2Fk1hYEnvKwQfbkOppQcIdDwH%2B5UEB9LtdDU7Z6r3jy7Zx%2FXcSHa0e%2F0gHSkzpjtGxRZV8efKH%2Fx9rr1
INFO: [ app_begin ] --START--
INFO: Run ReadHtmlCache Behavior [ RunTime:0.001044s ]
INFO: [ app_begin ] --END-- [ RunTime:0.001134s ]
NOTIC: [8] Constant UC_CLIENT_VERSION already defined D:\wwwroot\mainweb\sdk\api\UcApi\Lib\Action\IndexAction.class.php 第 4 行.
NOTIC: [8] Constant UC_CLIENT_RELEASE already defined D:\wwwroot\mainweb\sdk\api\UcApi\Lib\Action\IndexAction.class.php 第 5 行.
NOTIC: [2048] Only variables should be passed by reference D:\wwwroot\mainweb\sdk\api\UcApi\Lib\Action\IndexAction.class.php 第 63 行.
NOTIC: [8] Constant API_RETURN_FAILED already defined D:\wwwroot\mainweb\sdk\uc_client\model\note.php 第 16 行.
SQL: SHOW COLUMNS FROM `sdk_accounts` [ RunTime:0.002009s ]
SQL: SELECT * FROM `sdk_accounts` WHERE ( `account_id` = 1752 ) LIMIT 1   [ RunTime:0.000589s ]

[ 2013-12-25T14:52:56+08:00 ] 192.168.192.228 /api/uc.php?time=1387954376&code=a3afFf8MxkhLp0R5BXf4mAfsqRMrmmcF6WbMgUa8A%2FrQ5kgB%2FVpscQq%2FsZzUs6iZsJUoOPs8VsHt0k%2F2X94HVmL%2F2wRu17LizOMzYJWnP8xdPqFhNOGxNbZyosXcPgQR7Twl7eKN9MzNbit7uDeA2tPevec1e9Mdfi3srugU
INFO: [ app_begin ] --START--
INFO: Run ReadHtmlCache Behavior [ RunTime:0.001087s ]
INFO: [ app_begin ] --END-- [ RunTime:0.001182s ]
NOTIC: [8] Constant UC_CLIENT_VERSION already defined D:\wwwroot\mainweb\sdk\api\UcApi\Lib\Action\IndexAction.class.php 第 4 行.
NOTIC: [8] Constant UC_CLIENT_RELEASE already defined D:\wwwroot\mainweb\sdk\api\UcApi\Lib\Action\IndexAction.class.php 第 5 行.
NOTIC: [2048] Only variables should be passed by reference D:\wwwroot\mainweb\sdk\api\UcApi\Lib\Action\IndexAction.class.php 第 63 行.
NOTIC: [8] Constant API_RETURN_FAILED already defined D:\wwwroot\mainweb\sdk\uc_client\model\note.php 第 16 行.
SQL: SHOW COLUMNS FROM `sdk_accounts` [ RunTime:0.002312s ]
SQL: SELECT * FROM `sdk_accounts` WHERE ( `account_id` = 2226 ) LIMIT 1   [ RunTime:0.000445s ]

[ 2013-12-25T14:58:37+08:00 ] 192.168.202.73 /api/uc.php?time=1387954716&code=2eef6xChTlRC831q7aNBxHDHDFoBHabx8KlwbigshXuZTzcGNy75%2BmGX699s7Y3oEcxy167vGjjYkd1BctPBsDRPQj0iTfrlbC%2BZxyhjUJ%2BO1uAS5HzdxZ1RhXiZrVXvKgKZ89xZZrV%2FX%2Be4HHzPZWsK0jDDBGZnvni9PiGwL4Ib
INFO: [ app_begin ] --START--
INFO: Run ReadHtmlCache Behavior [ RunTime:0.001008s ]
INFO: [ app_begin ] --END-- [ RunTime:0.001099s ]
NOTIC: [8] Constant UC_CLIENT_VERSION already defined D:\wwwroot\mainweb\sdk\api\UcApi\Lib\Action\IndexAction.class.php 第 4 行.
NOTIC: [8] Constant UC_CLIENT_RELEASE already defined D:\wwwroot\mainweb\sdk\api\UcApi\Lib\Action\IndexAction.class.php 第 5 行.
NOTIC: [2048] Only variables should be passed by reference D:\wwwroot\mainweb\sdk\api\UcApi\Lib\Action\IndexAction.class.php 第 63 行.
NOTIC: [8] Constant API_RETURN_FAILED already defined D:\wwwroot\mainweb\sdk\uc_client\model\note.php 第 16 行.
SQL: SHOW COLUMNS FROM `sdk_accounts` [ RunTime:0.002263s ]
SQL: SELECT * FROM `sdk_accounts` WHERE ( `account_id` = 753 ) LIMIT 1   [ RunTime:0.000464s ]

[ 2013-12-25T15:16:50+08:00 ] 192.168.140.151 /api/uc.php?time=1387955810&code=e4aejTpNctFS6EB%2BPodn4BaQx0xMHJ98ksKBIG8d6KokubyK%2Fr20d0I8NGTjc9a%2F74rZWADmMhiBvtEWPjUFb1fp%2FP2yu4l4xXaiC58hweC5X%2BGfa8%2FZxuCK3hdCC4kzeGtdvcACQXBUDP8klH7NTJ1wnGsMT5c9GonWeuZ%2FkQ
INFO: [ app_begin ] --START--
INFO: Run ReadHtmlCache Behavior [ RunTime:0.001046s ]
INFO: [ app_begin ] --END-- [ RunTime:0.001139s ]
NOTIC: [8] Constant UC_CLIENT_VERSION already defined D:\wwwroot\mainweb\sdk\api\UcApi\Lib\Action\IndexAction.class.php 第 4 行.
NOTIC: [8] Constant UC_CLIENT_RELEASE already defined D:\wwwroot\mainweb\sdk\api\UcApi\Lib\Action\IndexAction.class.php 第 5 行.
NOTIC: [2048] Only variables should be passed by reference D:\wwwroot\mainweb\sdk\api\UcApi\Lib\Action\IndexAction.class.php 第 63 行.
NOTIC: [8] Constant API_RETURN_FAILED already defined D:\wwwroot\mainweb\sdk\uc_client\model\note.php 第 16 行.
SQL: SHOW COLUMNS FROM `sdk_accounts` [ RunTime:0.002336s ]
SQL: SELECT * FROM `sdk_accounts` WHERE ( `account_id` = 2058 ) LIMIT 1   [ RunTime:0.000486s ]

[ 2013-12-25T16:44:24+08:00 ] 192.168.204.79 /api/uc.php?time=1387961063&code=cce6wVlSD8gO3P1PXlMLR2DW6DfJgKfuqSkprtc%2BuT%2FEcmIJEoHDYCSVmJJYeeqWfX9ROB3wHWADufALd9w%2FBkUdoTNAgRoTj7vd1lSt3kw8bcwDJaEr7CbGtEbi7%2FXSZs8zPd16LwrifHEnBPktYGs8CCDJoI3HiHBvmg
INFO: [ app_begin ] --START--
INFO: Run ReadHtmlCache Behavior [ RunTime:0.001048s ]
INFO: [ app_begin ] --END-- [ RunTime:0.001142s ]
NOTIC: [8] Constant UC_CLIENT_VERSION already defined D:\wwwroot\mainweb\sdk\api\UcApi\Lib\Action\IndexAction.class.php 第 4 行.
NOTIC: [8] Constant UC_CLIENT_RELEASE already defined D:\wwwroot\mainweb\sdk\api\UcApi\Lib\Action\IndexAction.class.php 第 5 行.
NOTIC: [2048] Only variables should be passed by reference D:\wwwroot\mainweb\sdk\api\UcApi\Lib\Action\IndexAction.class.php 第 63 行.
NOTIC: [8] Constant API_RETURN_FAILED already defined D:\wwwroot\mainweb\sdk\uc_client\model\note.php 第 16 行.
SQL: SHOW COLUMNS FROM `sdk_accounts` [ RunTime:0.002413s ]
SQL: SELECT * FROM `sdk_accounts` WHERE ( `account_id` = 506 ) LIMIT 1   [ RunTime:0.000512s ]

[ 2013-12-25T19:52:48+08:00 ] 192.168.183.170 /api/uc.php?time=1387972367&code=9052wfJaSI37PH34PUciKCX0D4ASL6I0KzGsc9Q7euGVxPi2Ms9NbCramsevYqk2AjW2S65xDGxvI1L7wjD86eSYUmGYi5t5uTRwB5TcjdYM2Rs%2Fc1egiSS1zP81ilgLrlm5gQ0ejPNLVwu5%2Bap3a%2BIFBQkPO8COq30WoncT
INFO: [ app_begin ] --START--
INFO: Run ReadHtmlCache Behavior [ RunTime:0.001016s ]
INFO: [ app_begin ] --END-- [ RunTime:0.001107s ]
NOTIC: [8] Constant UC_CLIENT_VERSION already defined D:\wwwroot\mainweb\sdk\api\UcApi\Lib\Action\IndexAction.class.php 第 4 行.
NOTIC: [8] Constant UC_CLIENT_RELEASE already defined D:\wwwroot\mainweb\sdk\api\UcApi\Lib\Action\IndexAction.class.php 第 5 行.
NOTIC: [2048] Only variables should be passed by reference D:\wwwroot\mainweb\sdk\api\UcApi\Lib\Action\IndexAction.class.php 第 63 行.
NOTIC: [8] Constant API_RETURN_FAILED already defined D:\wwwroot\mainweb\sdk\uc_client\model\note.php 第 16 行.
SQL: SHOW COLUMNS FROM `sdk_accounts` [ RunTime:0.002230s ]
SQL: SELECT * FROM `sdk_accounts` WHERE ( `account_id` = 2349 ) LIMIT 1   [ RunTime:0.000506s ]

[ 2013-12-25T20:21:41+08:00 ] 192.168.188.69 /api/uc.php?time=1387974101&code=af7aGlWan4QCF2ToJH3NaXOOZEEJUxjlnTY945WGdrImMlY4fismCNYw1TYArnyleXJWiOm3xb6OWZsULh4KodIgE3vxlOADR6y52VqzrkcV3TAZXL1NnclFrkdn0l5OXTIk3COT7tnsIULmWK4fwlnZNrhTlmcEbbF84fbyt%2F%2FRkw
INFO: [ app_begin ] --START--
INFO: Run ReadHtmlCache Behavior [ RunTime:0.001166s ]
INFO: [ app_begin ] --END-- [ RunTime:0.001258s ]
NOTIC: [8] Constant UC_CLIENT_VERSION already defined D:\wwwroot\mainweb\sdk\api\UcApi\Lib\Action\IndexAction.class.php 第 4 行.
NOTIC: [8] Constant UC_CLIENT_RELEASE already defined D:\wwwroot\mainweb\sdk\api\UcApi\Lib\Action\IndexAction.class.php 第 5 行.
NOTIC: [2048] Only variables should be passed by reference D:\wwwroot\mainweb\sdk\api\UcApi\Lib\Action\IndexAction.class.php 第 63 行.
NOTIC: [8] Constant API_RETURN_FAILED already defined D:\wwwroot\mainweb\sdk\uc_client\model\note.php 第 16 行.
SQL: SHOW COLUMNS FROM `sdk_accounts` [ RunTime:0.002189s ]
SQL: SELECT * FROM `sdk_accounts` WHERE ( `account_id` = 1541 ) LIMIT 1   [ RunTime:0.000416s ]

[ 2013-12-25T20:34:23+08:00 ] 192.168.205.146 /api/uc.php?time=1387974862&code=75eaAUvkeQXdy2zX0jnG749%2FjBNDdQ4f2PgoaAyrb%2BXprT6R70XLdlT9TiDjNYS7zUmCQ25Z5czuw1WXVbufXJKx%2FeWpjUSJLx21baFYLNi5g%2FtytFfHcLnuvoNN7B8CGeVJWnzizxQ6WEWi5Z7nr5oTDx0jy3ZrP69oVgH%2ByjBoKQ
INFO: [ app_begin ] --START--
INFO: Run ReadHtmlCache Behavior [ RunTime:0.001307s ]
INFO: [ app_begin ] --END-- [ RunTime:0.001401s ]
NOTIC: [8] Constant UC_CLIENT_VERSION already defined D:\wwwroot\mainweb\sdk\api\UcApi\Lib\Action\IndexAction.class.php 第 4 行.
NOTIC: [8] Constant UC_CLIENT_RELEASE already defined D:\wwwroot\mainweb\sdk\api\UcApi\Lib\Action\IndexAction.class.php 第 5 行.
NOTIC: [2048] Only variables should be passed by reference D:\wwwroot\mainweb\sdk\api\UcApi\Lib\Action\IndexAction.class.php 第 63 行.
NOTIC: [8] Constant API_RETURN_FAILED already defined D:\wwwroot\mainweb\sdk\uc_client\model\note.php 第 16 行.
SQL: SHOW COLUMNS FROM `sdk_accounts` [ RunTime:0.002094s ]
SQL: SELECT * FROM `sdk_accounts` WHERE ( `account_id` = 1832 ) LIMIT 1   [ RunTime:0.000462s ]

[ 2013-12-25T20:47:26+08:00 ] 192.168.158.160 /api/uc.php?time=1387975646&code=3abco2cCJXXsyXO0UNOaZoECFIUm%2Fkl8n2w0E47gyFhMJi3N%2FYe31%2Bm99247R%2Fc6kZ5v5ij9dcBT3QK6d09Gbe6fSrqmspWMiKBkSP1F4pLy%2F9OQN0CpdrvsN6dZLdAZKhQRlO8G2%2FVNP3NEx0OVeQd%2FzJ9r1Rm%2BWZ6J525g3g
INFO: [ app_begin ] --START--
INFO: Run ReadHtmlCache Behavior [ RunTime:0.001038s ]
INFO: [ app_begin ] --END-- [ RunTime:0.001128s ]
NOTIC: [8] Constant UC_CLIENT_VERSION already defined D:\wwwroot\mainweb\sdk\api\UcApi\Lib\Action\IndexAction.class.php 第 4 行.
NOTIC: [8] Constant UC_CLIENT_RELEASE already defined D:\wwwroot\mainweb\sdk\api\UcApi\Lib\Action\IndexAction.class.php 第 5 行.
NOTIC: [2048] Only variables should be passed by reference D:\wwwroot\mainweb\sdk\api\UcApi\Lib\Action\IndexAction.class.php 第 63 行.
NOTIC: [8] Constant API_RETURN_FAILED already defined D:\wwwroot\mainweb\sdk\uc_client\model\note.php 第 16 行.
SQL: SHOW COLUMNS FROM `sdk_accounts` [ RunTime:0.002167s ]
SQL: SELECT * FROM `sdk_accounts` WHERE ( `account_id` = 1035 ) LIMIT 1   [ RunTime:0.000428s ]

[ 2013-12-25T21:06:40+08:00 ] 192.168.193.206 /api/uc.php?time=1387976799&code=8742Targ2dpqmNh8xoKx2kWH4J4zgDIdL3ow08uCwq6avXgmeznTrqpAhNak%2F06AEDqYvCCzVrhw56Ntn%2FLLX9Z17BRK%2BXsSmyK271qC7Pq8wLLL9qzGJEr3eW1iU5A%2FJOdZKmudnkmaJ6kCyKUdwNJf8mVtWiwm%2FrDu3AM
INFO: [ app_begin ] --START--
INFO: Run ReadHtmlCache Behavior [ RunTime:0.001266s ]
INFO: [ app_begin ] --END-- [ RunTime:0.001361s ]
NOTIC: [8] Constant UC_CLIENT_VERSION already defined D:\wwwroot\mainweb\sdk\api\UcApi\Lib\Action\IndexAction.class.php 第 4 行.
NOTIC: [8] Constant UC_CLIENT_RELEASE already defined D:\wwwroot\mainweb\sdk\api\UcApi\Lib\Action\IndexAction.class.php 第 5 行.
NOTIC: [2048] Only variables should be passed by reference D:\wwwroot\mainweb\sdk\api\UcApi\Lib\Action\IndexAction.class.php 第 63 行.
NOTIC: [8] Constant API_RETURN_FAILED already defined D:\wwwroot\mainweb\sdk\uc_client\model\note.php 第 16 行.
SQL: SHOW COLUMNS FROM `sdk_accounts` [ RunTime:0.002260s ]
SQL: SELECT * FROM `sdk_accounts` WHERE ( `account_id` = 963 ) LIMIT 1   [ RunTime:0.000619s ]

[ 2013-12-25T22:14:06+08:00 ] 192.168.153.141 /api/uc.php?time=1387980846&code=8f6125TyGjFJ4ogoNf1uwrsK%2BvebpYFUyNWw1DVaJO2gp4Akv0vCfiigcdF6WZAnLoSy5ndyzvPE2sPuw36GxiyabJKNQ%2BJWFJhezZcZGDMcy75ymHTYPiJxwI0%2FAd1eJMBGk8cBJyald2gom2nL1v%2FhQXciQwzquhPD
INFO: [ app_begin ] --START--
INFO: Run ReadHtmlCache Behavior [ RunTime:0.001076s ]
INFO: [ app_begin ] --END-- [ RunTime:0.001169s ]
NOTIC: [8] Constant UC_CLIENT_VERSION already defined D:\wwwroot\mainweb\sdk\api\UcApi\Lib\Action\IndexAction.class.php 第 4 行.
NOTIC: [8] Constant UC_CLIENT_RELEASE already defined D:\wwwroot\mainweb\sdk\api\UcApi\Lib\Action\IndexAction.class.php 第 5 行.
NOTIC: [2048] Only variables should be passed by reference D:\wwwroot\mainweb\sdk\api\UcApi\Lib\Action\IndexAction.class.php 第 63 行.
NOTIC: [8] Constant API_RETURN_FAILED already defined D:\wwwroot\mainweb\sdk\uc_client\model\note.php 第 16 行.
SQL: SHOW COLUMNS FROM `sdk_accounts` [ RunTime:0.002472s ]
SQL: SELECT * FROM `sdk_accounts` WHERE ( `account_id` = 798 ) LIMIT 1   [ RunTime:0.000567s ]

[ 2013-12-25T22:34:34+08:00 ] 192.168.163.201 /api/uc.php?time=1387982073&code=00cdbaxiZLSqmhX%2Bt4Bh0dAQYLH%2B8iW9KclRxWX36u26Kr5S81ntlBTRrPnN4nyM7ykXP%2BJryQn30tOI%2BSFqoCzmnLkorZjQSeBB7BQc5ttxW8TTAbqzoIydRBBqcFKHqF4tkCqWiD7Qp0qCJAbmeuQyE3iir0mtR69sPkJe3efe
INFO: [ app_begin ] --START--
INFO: Run ReadHtmlCache Behavior [ RunTime:0.001041s ]
INFO: [ app_begin ] --END-- [ RunTime:0.001135s ]
NOTIC: [8] Constant UC_CLIENT_VERSION already defined D:\wwwroot\mainweb\sdk\api\UcApi\Lib\Action\IndexAction.class.php 第 4 行.
NOTIC: [8] Constant UC_CLIENT_RELEASE already defined D:\wwwroot\mainweb\sdk\api\UcApi\Lib\Action\IndexAction.class.php 第 5 行.
NOTIC: [2048] Only variables should be passed by reference D:\wwwroot\mainweb\sdk\api\UcApi\Lib\Action\IndexAction.class.php 第 63 行.
NOTIC: [8] Constant API_RETURN_FAILED already defined D:\wwwroot\mainweb\sdk\uc_client\model\note.php 第 16 行.
SQL: SHOW COLUMNS FROM `sdk_accounts` [ RunTime:0.002292s ]
SQL: SELECT * FROM `sdk_accounts` WHERE ( `account_id` = 423 ) LIMIT 1   [ RunTime:0.000543s ]

[ 2013-12-25T23:13:48+08:00 ] 192.168.193.206 /api/uc.php?time=1387984427&code=4f5buk2iJLKZkdXkH2cEOdkKXOe%2B4k0iTCIFGdD6eoD2HjUC5WnFCjKQk%2FdSNe8A3JhsBXPv7N9QmdRzq%2F88WvhBWMJcV6IdaFq8qcIDN5wYKKor9l%2FyefXr4QgszBi5TOlVXW5K%2FpWz%2BJc8HG%2Bcju%2BCFTerqRe87jHBRq0
INFO: [ app_begin ] --START--
INFO: Run ReadHtmlCache Behavior [ RunTime:0.001354s ]
INFO: [ app_begin ] --END-- [ RunTime:0.001478s ]
NOTIC: [8] Constant UC_CLIENT_VERSION already defined D:\wwwroot\mainweb\sdk\api\UcApi\Lib\Action\IndexAction.class.php 第 4 行.
NOTIC: [8] Constant UC_CLIENT_RELEASE already defined D:\wwwroot\mainweb\sdk\api\UcApi\Lib\Action\IndexAction.class.php 第 5 行.
NOTIC: [2048] Only variables should be passed by reference D:\wwwroot\mainweb\sdk\api\UcApi\Lib\Action\IndexAction.class.php 第 63 行.
NOTIC: [8] Constant API_RETURN_FAILED already defined D:\wwwroot\mainweb\sdk\uc_client\model\note.php 第 16 行.
SQL: SHOW COLUMNS FROM `sdk_accounts` [ RunTime:0.001988s ]
SQL: SELECT * FROM `sdk_accounts` WHERE ( `account_id` = 963 ) LIMIT 1   [ RunTime:0.000435s ]

[ 2013-12-25T23:48:48+08:00 ] 192.168.203.158 /api/uc.php?time=1387986527&code=4b3fg1QhzSOEdWquzoWE6Bt4WinaILz%2BqAZm%2BmerNdPoz9pJC%2B7WWoBKqNUxFdLQqgs0HX5DVXuF3jAlt8SWQhHi8qyrFO0hvOf9yWAZoyVzHCxJsm%2BTU04XmFdvXXqLi0yxBYrqfreJ38GZaCWB1OsODIZyLo3qZmD9PCM
INFO: [ app_begin ] --START--
INFO: Run ReadHtmlCache Behavior [ RunTime:0.000754s ]
INFO: [ app_begin ] --END-- [ RunTime:0.000848s ]
NOTIC: [8] Constant UC_CLIENT_VERSION already defined D:\wwwroot\mainweb\sdk\api\UcApi\Lib\Action\IndexAction.class.php 第 4 行.
NOTIC: [8] Constant UC_CLIENT_RELEASE already defined D:\wwwroot\mainweb\sdk\api\UcApi\Lib\Action\IndexAction.class.php 第 5 行.
NOTIC: [2048] Only variables should be passed by reference D:\wwwroot\mainweb\sdk\api\UcApi\Lib\Action\IndexAction.class.php 第 63 行.
NOTIC: [8] Constant API_RETURN_FAILED already defined D:\wwwroot\mainweb\sdk\uc_client\model\note.php 第 16 行.
SQL: SHOW COLUMNS FROM `sdk_accounts` [ RunTime:0.002159s ]
SQL: SELECT * FROM `sdk_accounts` WHERE ( `account_id` = 628 ) LIMIT 1   [ RunTime:0.000455s ]

