[ 2013-10-10T00:12:47+08:00 ] 192.168.201.161 /api/uc.php?time=1381335167&code=1f9beDCQDoOgdu99jtDoY21C6pXuLxtDcycTUZ1oB2AvNm2o44cBPzqwLGQc98DB4IVN%2BTM7Bff9mHGC9e7OXx7NVQlp7nK6JsL3qZvnkTqj5YDQjzPOl6MLXROOetawFCL%2BXiZWuB01CkagmD7PXEnYQLSKZpVA0c8oo7nFoCIJxA
INFO: [ app_begin ] --START--
INFO: Run ReadHtmlCache Behavior [ RunTime:0.001339s ]
INFO: [ app_begin ] --END-- [ RunTime:0.001429s ]
NOTIC: [8] Constant UC_CLIENT_VERSION already defined D:\wwwroot\mainweb\sdk\api\UcApi\Lib\Action\IndexAction.class.php 第 4 行.
NOTIC: [8] Constant UC_CLIENT_RELEASE already defined D:\wwwroot\mainweb\sdk\api\UcApi\Lib\Action\IndexAction.class.php 第 5 行.
NOTIC: [2048] Only variables should be passed by reference D:\wwwroot\mainweb\sdk\api\UcApi\Lib\Action\IndexAction.class.php 第 63 行.
NOTIC: [8] Constant API_RETURN_FAILED already defined D:\wwwroot\mainweb\sdk\uc_client\model\note.php 第 16 行.
SQL: SHOW COLUMNS FROM `sdk_accounts` [ RunTime:0.001942s ]
SQL: SELECT * FROM `sdk_accounts` WHERE ( `account_id` = 2488 ) LIMIT 1   [ RunTime:0.000310s ]

[ 2013-10-10T08:13:37+08:00 ] 192.168.188.8 /api/uc.php?time=1381364016&code=78bbp%2BvtkeEpR6UrWPAyeeeuWwrwYqEugowihHQVmPEIF4tcpH68Sjy%2FoHLe6N32Rvzuj8RRYsP%2FXJ%2B3cBa6C4OLx2y9Kf5SlotRY8y2kB5HPuIO%2FIFhhtLUiozfHuKYhZLzqyGJ8FAdumzMUjsUr6Do9x3mtX5RVYDV
INFO: [ app_begin ] --START--
INFO: Run ReadHtmlCache Behavior [ RunTime:0.001024s ]
INFO: [ app_begin ] --END-- [ RunTime:0.001117s ]
NOTIC: [8] Constant UC_CLIENT_VERSION already defined D:\wwwroot\mainweb\sdk\api\UcApi\Lib\Action\IndexAction.class.php 第 4 行.
NOTIC: [8] Constant UC_CLIENT_RELEASE already defined D:\wwwroot\mainweb\sdk\api\UcApi\Lib\Action\IndexAction.class.php 第 5 行.
NOTIC: [2048] Only variables should be passed by reference D:\wwwroot\mainweb\sdk\api\UcApi\Lib\Action\IndexAction.class.php 第 63 行.
NOTIC: [8] Constant API_RETURN_FAILED already defined D:\wwwroot\mainweb\sdk\uc_client\model\note.php 第 16 行.
SQL: SHOW COLUMNS FROM `sdk_accounts` [ RunTime:0.002196s ]
SQL: SELECT * FROM `sdk_accounts` WHERE ( `account_id` = 899 ) LIMIT 1   [ RunTime:0.000329s ]

[ 2013-10-10T08:15:18+08:00 ] 192.168.206.213 /api/uc.php?time=1381364117&code=c2da5cm8nsLCXxf2VYQut2jtSqZKoHGfS56ULiFJXlB%2FcnJ7FEuzga%2F4ezH%2BPW%2BzbGsX8t9bdmvdW9hPFwT8UzYbAQeq2OA58BVhsHtYC8AUlCZXB5YjIfdz3iBeISt2rDzhJh68VnqGLUiXK2Pc3PkYVEG6%2BcMF68bDfAofAsak
INFO: [ app_begin ] --START--
INFO: Run ReadHtmlCache Behavior [ RunTime:0.000703s ]
INFO: [ app_begin ] --END-- [ RunTime:0.000796s ]
NOTIC: [8] Constant UC_CLIENT_VERSION already defined D:\wwwroot\mainweb\sdk\api\UcApi\Lib\Action\IndexAction.class.php 第 4 行.
NOTIC: [8] Constant UC_CLIENT_RELEASE already defined D:\wwwroot\mainweb\sdk\api\UcApi\Lib\Action\IndexAction.class.php 第 5 行.
NOTIC: [2048] Only variables should be passed by reference D:\wwwroot\mainweb\sdk\api\UcApi\Lib\Action\IndexAction.class.php 第 63 行.
NOTIC: [8] Constant API_RETURN_FAILED already defined D:\wwwroot\mainweb\sdk\uc_client\model\note.php 第 16 行.
SQL: SHOW COLUMNS FROM `sdk_accounts` [ RunTime:0.002118s ]
SQL: SELECT * FROM `sdk_accounts` WHERE ( `account_id` = 1761 ) LIMIT 1   [ RunTime:0.000470s ]

[ 2013-10-10T08:16:03+08:00 ] 192.168.200.218 /api/uc.php?time=1381364162&code=a91a2zCCEpuCwBoueKYQlmHDh%2BjR%2F5BUx6HeGVzgi9LZnl9njOfxQTSGRKRVyCd4d5bVRljrVmb0%2BAR1qgRxyl3G0LPhapUxu%2BijA1%2BkaHcfy6bJ72jOOATeAV%2BlhU7E1ttjcjdJSSQRQbnMEeuDG0eSltjs%2FS4UEG2UD4QGdvGLdA
INFO: [ app_begin ] --START--
INFO: Run ReadHtmlCache Behavior [ RunTime:0.000924s ]
INFO: [ app_begin ] --END-- [ RunTime:0.001016s ]
NOTIC: [8] Constant UC_CLIENT_VERSION already defined D:\wwwroot\mainweb\sdk\api\UcApi\Lib\Action\IndexAction.class.php 第 4 行.
NOTIC: [8] Constant UC_CLIENT_RELEASE already defined D:\wwwroot\mainweb\sdk\api\UcApi\Lib\Action\IndexAction.class.php 第 5 行.
NOTIC: [2048] Only variables should be passed by reference D:\wwwroot\mainweb\sdk\api\UcApi\Lib\Action\IndexAction.class.php 第 63 行.
NOTIC: [8] Constant API_RETURN_FAILED already defined D:\wwwroot\mainweb\sdk\uc_client\model\note.php 第 16 行.
SQL: SHOW COLUMNS FROM `sdk_accounts` [ RunTime:0.001944s ]
SQL: SELECT * FROM `sdk_accounts` WHERE ( `account_id` = 1657 ) LIMIT 1   [ RunTime:0.000433s ]

[ 2013-10-10T08:58:24+08:00 ] 192.168.164.216 /api/uc.php?time=1381366704&code=ace10flW%2BHVQ2IyxjQiWngdj5WeWMOezWpw7ltXiSb6TkJn5s7dnjcnytPIcEzvBh7ZY%2BtDwj3cWPN%2FkqdPKzVwpMF0Ja8BFGhN4nrN9r1AmmKoOAdgQGuxGepB0pp%2BcAKAvBlN1Vn0rfH7LgkoxGpXukTPZnsiAOdotkWO43g
INFO: [ app_begin ] --START--
INFO: Run ReadHtmlCache Behavior [ RunTime:0.000933s ]
INFO: [ app_begin ] --END-- [ RunTime:0.001040s ]
NOTIC: [8] Constant UC_CLIENT_VERSION already defined D:\wwwroot\mainweb\sdk\api\UcApi\Lib\Action\IndexAction.class.php 第 4 行.
NOTIC: [8] Constant UC_CLIENT_RELEASE already defined D:\wwwroot\mainweb\sdk\api\UcApi\Lib\Action\IndexAction.class.php 第 5 行.
NOTIC: [2048] Only variables should be passed by reference D:\wwwroot\mainweb\sdk\api\UcApi\Lib\Action\IndexAction.class.php 第 63 行.
NOTIC: [8] Constant API_RETURN_FAILED already defined D:\wwwroot\mainweb\sdk\uc_client\model\note.php 第 16 行.
SQL: SHOW COLUMNS FROM `sdk_accounts` [ RunTime:0.002450s ]
SQL: SELECT * FROM `sdk_accounts` WHERE ( `account_id` = 1079 ) LIMIT 1   [ RunTime:0.000712s ]

[ 2013-10-10T09:09:34+08:00 ] 192.168.166.236 /api/uc.php?time=1381367374&code=bf31lo7QpurqGnDeCrIvpNijOq8dbleAE16434m5nYVBCvLojSIB%2FRTcybnS9puLH7SMREGQWVPhuDHHim1mt%2B574HPYRp2Tq0KtoV4EQTDFKbnucODXd2lGWhPNfTu6IESe7r3c5vkWd9e9QObT9y0Os0THwIpEBmWYCw
INFO: [ app_begin ] --START--
INFO: Run ReadHtmlCache Behavior [ RunTime:0.000711s ]
INFO: [ app_begin ] --END-- [ RunTime:0.000809s ]
NOTIC: [8] Constant UC_CLIENT_VERSION already defined D:\wwwroot\mainweb\sdk\api\UcApi\Lib\Action\IndexAction.class.php 第 4 行.
NOTIC: [8] Constant UC_CLIENT_RELEASE already defined D:\wwwroot\mainweb\sdk\api\UcApi\Lib\Action\IndexAction.class.php 第 5 行.
NOTIC: [2048] Only variables should be passed by reference D:\wwwroot\mainweb\sdk\api\UcApi\Lib\Action\IndexAction.class.php 第 63 行.
NOTIC: [8] Constant API_RETURN_FAILED already defined D:\wwwroot\mainweb\sdk\uc_client\model\note.php 第 16 行.
SQL: SHOW COLUMNS FROM `sdk_accounts` [ RunTime:0.001944s ]
SQL: SELECT * FROM `sdk_accounts` WHERE ( `account_id` = 1569 ) LIMIT 1   [ RunTime:0.000531s ]

[ 2013-10-10T09:45:03+08:00 ] 192.168.178.208 /api/uc.php?time=1381369503&code=cfebS2OMx7VXwunZzgKCjcRMfov2SfWwpSqXA823bh9SBgxFWaOiSCTdi%2B%2FGyXitMOlcid3eY8hVcC%2Bd58fJ%2BbpoFNxFVeMC2cmQrlba875HBjNe7XPYfjUbGeeOEnf33TahGA2wxlNUNz7E4tbFCGjdVumGbWupcuxz
INFO: [ app_begin ] --START--
INFO: Run ReadHtmlCache Behavior [ RunTime:0.000757s ]
INFO: [ app_begin ] --END-- [ RunTime:0.000851s ]
NOTIC: [8] Constant UC_CLIENT_VERSION already defined D:\wwwroot\mainweb\sdk\api\UcApi\Lib\Action\IndexAction.class.php 第 4 行.
NOTIC: [8] Constant UC_CLIENT_RELEASE already defined D:\wwwroot\mainweb\sdk\api\UcApi\Lib\Action\IndexAction.class.php 第 5 行.
NOTIC: [2048] Only variables should be passed by reference D:\wwwroot\mainweb\sdk\api\UcApi\Lib\Action\IndexAction.class.php 第 63 行.
NOTIC: [8] Constant API_RETURN_FAILED already defined D:\wwwroot\mainweb\sdk\uc_client\model\note.php 第 16 行.
SQL: SHOW COLUMNS FROM `sdk_accounts` [ RunTime:0.002170s ]
SQL: SELECT * FROM `sdk_accounts` WHERE ( `account_id` = 577 ) LIMIT 1   [ RunTime:0.000434s ]

[ 2013-10-10T09:47:49+08:00 ] 116.57.77.70 /api/uc.php?time=1381369668&code=b27aHJ5Z32N%2FVfqxziP53hIc%2F4NmgYoMeu%2FUterWm20rzL6v0AjYsOF6HEmfzC38VUupmGHeAe079qZ%2BrPuUA%2FKYk8Uo6Q2AZhLLDLyVaPH%2BW%2Fvat%2BtbcT9iIf34OdFPvtzGWq7%2B51e%2BFmr%2BMtVLeB65ORNrVBuD5MofxXZv7UFfe9E
INFO: [ app_begin ] --START--
INFO: Run ReadHtmlCache Behavior [ RunTime:0.001047s ]
INFO: [ app_begin ] --END-- [ RunTime:0.001140s ]
NOTIC: [8] Constant UC_CLIENT_VERSION already defined D:\wwwroot\mainweb\sdk\api\UcApi\Lib\Action\IndexAction.class.php 第 4 行.
NOTIC: [8] Constant UC_CLIENT_RELEASE already defined D:\wwwroot\mainweb\sdk\api\UcApi\Lib\Action\IndexAction.class.php 第 5 行.
NOTIC: [2048] Only variables should be passed by reference D:\wwwroot\mainweb\sdk\api\UcApi\Lib\Action\IndexAction.class.php 第 63 行.
NOTIC: [8] Constant API_RETURN_FAILED already defined D:\wwwroot\mainweb\sdk\uc_client\model\note.php 第 16 行.
SQL: SHOW COLUMNS FROM `sdk_accounts` [ RunTime:0.001999s ]
SQL: SELECT * FROM `sdk_accounts` WHERE ( `account_id` = 2062 ) LIMIT 1   [ RunTime:0.000518s ]

[ 2013-10-10T10:09:07+08:00 ] 192.168.205.24 /api/uc.php?time=1381370947&code=3bffrRTBs8oQUKcTzMdp%2Fwykmvz3dNU8vwA%2FvmnUCbX%2Fgvt4dn%2BiHak9T4hqd9L8pcYIGFUYaYa6LEgfnAxuesqmFp4XGwPhgqirwPqrDMxQ7AHVRYW2pAcS%2F12Ze5dvSVflTRvTYqfecYt8sj03tZyLcjRFoO98WwohxX3kKMeNDEoy3celPM7U
INFO: [ app_begin ] --START--
INFO: Run ReadHtmlCache Behavior [ RunTime:0.001084s ]
INFO: [ app_begin ] --END-- [ RunTime:0.001178s ]
NOTIC: [8] Constant UC_CLIENT_VERSION already defined D:\wwwroot\mainweb\sdk\api\UcApi\Lib\Action\IndexAction.class.php 第 4 行.
NOTIC: [8] Constant UC_CLIENT_RELEASE already defined D:\wwwroot\mainweb\sdk\api\UcApi\Lib\Action\IndexAction.class.php 第 5 行.
NOTIC: [2048] Only variables should be passed by reference D:\wwwroot\mainweb\sdk\api\UcApi\Lib\Action\IndexAction.class.php 第 63 行.
NOTIC: [8] Constant API_RETURN_FAILED already defined D:\wwwroot\mainweb\sdk\uc_client\model\note.php 第 16 行.
SQL: SHOW COLUMNS FROM `sdk_accounts` [ RunTime:0.001952s ]
SQL: SELECT * FROM `sdk_accounts` WHERE ( `account_id` = 475 ) LIMIT 1   [ RunTime:0.000347s ]

[ 2013-10-10T10:18:08+08:00 ] 192.168.179.94 /api/uc.php?time=1381371487&code=eeca1kbBZGPgmyfB%2BCK38gT3OFdXmfE34aHf4ofbQg0CQ%2FTUA7Pai5r3v8W%2BCXbzXHHGy2B5W6Ifj22GIcLGDDhwpugnfWcilDtijOycMPgnvndDEWPfPiT1A12v6yrHavsg8Gs3ZuvEcL9%2FYhR4IaC60ANjtqjMTHkU1g
INFO: [ app_begin ] --START--
INFO: Run ReadHtmlCache Behavior [ RunTime:0.000725s ]
INFO: [ app_begin ] --END-- [ RunTime:0.000821s ]
NOTIC: [8] Constant UC_CLIENT_VERSION already defined D:\wwwroot\mainweb\sdk\api\UcApi\Lib\Action\IndexAction.class.php 第 4 行.
NOTIC: [8] Constant UC_CLIENT_RELEASE already defined D:\wwwroot\mainweb\sdk\api\UcApi\Lib\Action\IndexAction.class.php 第 5 行.
NOTIC: [2048] Only variables should be passed by reference D:\wwwroot\mainweb\sdk\api\UcApi\Lib\Action\IndexAction.class.php 第 63 行.
NOTIC: [8] Constant API_RETURN_FAILED already defined D:\wwwroot\mainweb\sdk\uc_client\model\note.php 第 16 行.
SQL: SHOW COLUMNS FROM `sdk_accounts` [ RunTime:0.002212s ]
SQL: SELECT * FROM `sdk_accounts` WHERE ( `account_id` = 1054 ) LIMIT 1   [ RunTime:0.000549s ]

[ 2013-10-10T11:28:12+08:00 ] 192.168.129.29 /api/uc.php?time=1381375692&code=1f7foTk7c9noZUPp3ixilouSkQj9ubIqfXnD1TaBqBEl3Ig%2Bfrc%2FZcjMdQ%2B20PJr8bTKbHtqo0DbIYonx4wznfEXbg5w2DzEfxoGwFDx5GNYuR66wyY9FoXFh1hgCCue%2BKKCbRSbHgQ1ZpC5aQq%2FOlquXIMEAokRBBJSUVuWa0WWiQ
INFO: [ app_begin ] --START--
INFO: Run ReadHtmlCache Behavior [ RunTime:0.000763s ]
INFO: [ app_begin ] --END-- [ RunTime:0.000858s ]
NOTIC: [8] Constant UC_CLIENT_VERSION already defined D:\wwwroot\mainweb\sdk\api\UcApi\Lib\Action\IndexAction.class.php 第 4 行.
NOTIC: [8] Constant UC_CLIENT_RELEASE already defined D:\wwwroot\mainweb\sdk\api\UcApi\Lib\Action\IndexAction.class.php 第 5 行.
NOTIC: [2048] Only variables should be passed by reference D:\wwwroot\mainweb\sdk\api\UcApi\Lib\Action\IndexAction.class.php 第 63 行.
NOTIC: [8] Constant API_RETURN_FAILED already defined D:\wwwroot\mainweb\sdk\uc_client\model\note.php 第 16 行.
SQL: SHOW COLUMNS FROM `sdk_accounts` [ RunTime:0.002175s ]
SQL: SELECT * FROM `sdk_accounts` WHERE ( `account_id` = 2485 ) LIMIT 1   [ RunTime:0.000326s ]

[ 2013-10-10T11:48:22+08:00 ] 192.168.205.4 /api/uc.php?time=1381376902&code=cec2PreOsp6%2BIPgu0Sf0nYQrXiw0YYB84ajO4lMQ91cIkAXS9anXi%2FyS%2B4h9ZUecnDxaD6qR7BBti0ICsGfgCX%2FsYbLMbwi8HYboMvbtpqLodZ%2FuW%2FgbIqy7XVi3OE1kRokV%2FTc%2Bx6n7%2FyYZRnFMVMRV6JFBCv7HjZHIw3RmuQ
INFO: [ app_begin ] --START--
INFO: Run ReadHtmlCache Behavior [ RunTime:0.001085s ]
INFO: [ app_begin ] --END-- [ RunTime:0.001175s ]
NOTIC: [8] Constant UC_CLIENT_VERSION already defined D:\wwwroot\mainweb\sdk\api\UcApi\Lib\Action\IndexAction.class.php 第 4 行.
NOTIC: [8] Constant UC_CLIENT_RELEASE already defined D:\wwwroot\mainweb\sdk\api\UcApi\Lib\Action\IndexAction.class.php 第 5 行.
NOTIC: [2048] Only variables should be passed by reference D:\wwwroot\mainweb\sdk\api\UcApi\Lib\Action\IndexAction.class.php 第 63 行.
NOTIC: [8] Constant API_RETURN_FAILED already defined D:\wwwroot\mainweb\sdk\uc_client\model\note.php 第 16 行.
SQL: SHOW COLUMNS FROM `sdk_accounts` [ RunTime:0.002068s ]
SQL: SELECT * FROM `sdk_accounts` WHERE ( `account_id` = 968 ) LIMIT 1   [ RunTime:0.000327s ]

[ 2013-10-10T11:58:54+08:00 ] 183.4.22.53 /api/uc.php?time=1381377533&code=d8f4Eol48bsuRJy%2FsNRm7bkPnYxauI6hP%2BuX26G%2BqSnWV%2BWyvpDcm8KJdATfOPR6EKw4tMMOvFLa8mi2OrKC0h4plwH4Ww5Bb78lWwae7eX1sB6sy0e54nUfm%2FKDKIyoSHIoI6ry6hI%2F6o9RjioNWHtuYFO8%2B5Tr9OJzTsccYA
INFO: [ app_begin ] --START--
INFO: Run ReadHtmlCache Behavior [ RunTime:0.000963s ]
INFO: [ app_begin ] --END-- [ RunTime:0.001057s ]
NOTIC: [8] Constant UC_CLIENT_VERSION already defined D:\wwwroot\mainweb\sdk\api\UcApi\Lib\Action\IndexAction.class.php 第 4 行.
NOTIC: [8] Constant UC_CLIENT_RELEASE already defined D:\wwwroot\mainweb\sdk\api\UcApi\Lib\Action\IndexAction.class.php 第 5 行.
NOTIC: [2048] Only variables should be passed by reference D:\wwwroot\mainweb\sdk\api\UcApi\Lib\Action\IndexAction.class.php 第 63 行.
NOTIC: [8] Constant API_RETURN_FAILED already defined D:\wwwroot\mainweb\sdk\uc_client\model\note.php 第 16 行.
SQL: SHOW COLUMNS FROM `sdk_accounts` [ RunTime:0.002011s ]
SQL: SELECT * FROM `sdk_accounts` WHERE ( `account_id` = 1285 ) LIMIT 1   [ RunTime:0.000513s ]

[ 2013-10-10T12:01:11+08:00 ] 192.168.166.236 /api/uc.php?time=1381377671&code=0d0cWKbh%2FpshQTogVToNWbBICZZ3%2BmyIT5OJfOf9aDBPFqI6hDhzivffQri7lXkXC6UKsszFEXiGC%2BOWYbxUdOxLkpazIw8s3PFhxXz0eyOpA%2FMddCZjg%2BSMLyfqyMukYeTjpXuXBfhadIKTHAerB4lCth%2F02PyKJfmNnQ
INFO: [ app_begin ] --START--
INFO: Run ReadHtmlCache Behavior [ RunTime:0.001038s ]
INFO: [ app_begin ] --END-- [ RunTime:0.001131s ]
NOTIC: [8] Constant UC_CLIENT_VERSION already defined D:\wwwroot\mainweb\sdk\api\UcApi\Lib\Action\IndexAction.class.php 第 4 行.
NOTIC: [8] Constant UC_CLIENT_RELEASE already defined D:\wwwroot\mainweb\sdk\api\UcApi\Lib\Action\IndexAction.class.php 第 5 行.
NOTIC: [2048] Only variables should be passed by reference D:\wwwroot\mainweb\sdk\api\UcApi\Lib\Action\IndexAction.class.php 第 63 行.
NOTIC: [8] Constant API_RETURN_FAILED already defined D:\wwwroot\mainweb\sdk\uc_client\model\note.php 第 16 行.
SQL: SHOW COLUMNS FROM `sdk_accounts` [ RunTime:0.001936s ]
SQL: SELECT * FROM `sdk_accounts` WHERE ( `account_id` = 1569 ) LIMIT 1   [ RunTime:0.000161s ]

[ 2013-10-10T12:14:13+08:00 ] 192.168.164.24 /api/uc.php?time=1381378453&code=9ac9uHg5YGbZgoxTfIzA6baOTsvwF8ano3WpizZLA3pg3ZPyRxn6n%2Bb2MOzQBFWicm4voU8fdUQH8Nb9TPzSZudTxSPnm1m3BKvdKzD7qwC3I0fODrWEGfAWxrrr5foN1bLOsRAUjBRT0yc5r08l7Jd2APAUMwXc9oPUH6pzrg
INFO: [ app_begin ] --START--
INFO: Run ReadHtmlCache Behavior [ RunTime:0.001060s ]
INFO: [ app_begin ] --END-- [ RunTime:0.001153s ]
NOTIC: [8] Constant UC_CLIENT_VERSION already defined D:\wwwroot\mainweb\sdk\api\UcApi\Lib\Action\IndexAction.class.php 第 4 行.
NOTIC: [8] Constant UC_CLIENT_RELEASE already defined D:\wwwroot\mainweb\sdk\api\UcApi\Lib\Action\IndexAction.class.php 第 5 行.
NOTIC: [2048] Only variables should be passed by reference D:\wwwroot\mainweb\sdk\api\UcApi\Lib\Action\IndexAction.class.php 第 63 行.
NOTIC: [8] Constant API_RETURN_FAILED already defined D:\wwwroot\mainweb\sdk\uc_client\model\note.php 第 16 行.
SQL: SHOW COLUMNS FROM `sdk_accounts` [ RunTime:0.001868s ]
SQL: SELECT * FROM `sdk_accounts` WHERE ( `account_id` = 2489 ) LIMIT 1   [ RunTime:0.000542s ]
SQL: INSERT INTO `sdk_accounts` (`account_id`,`user_name`,`email`,`password`,`reg_time`) VALUES (2489,'hsj589','balance789@sina.cn','ffb1495622b5e382396e75e8315833c4f5501ab6',1381378453) [ RunTime:0.001058s ]

[ 2013-10-10T12:17:39+08:00 ] 192.168.164.24 /api/uc.php?time=1381378659&code=6ca5lQn5PQ7rJqYBQjg8lMIhPM%2BAxuh%2FYziwcVK2sITJ5Jjw7bOomtZHO48AH02FnIGN7pysprkHA7yS3mRd429SKKaqoYlxWX8%2BlIJMrv5hqtwn7ZzOOgKmhGrcsrulI%2FOlk29UQvOx8xXI1MHL%2BDITEiVk9zlJCnclj65wpQ
INFO: [ app_begin ] --START--
INFO: Run ReadHtmlCache Behavior [ RunTime:0.000708s ]
INFO: [ app_begin ] --END-- [ RunTime:0.000803s ]
NOTIC: [8] Constant UC_CLIENT_VERSION already defined D:\wwwroot\mainweb\sdk\api\UcApi\Lib\Action\IndexAction.class.php 第 4 行.
NOTIC: [8] Constant UC_CLIENT_RELEASE already defined D:\wwwroot\mainweb\sdk\api\UcApi\Lib\Action\IndexAction.class.php 第 5 行.
NOTIC: [2048] Only variables should be passed by reference D:\wwwroot\mainweb\sdk\api\UcApi\Lib\Action\IndexAction.class.php 第 63 行.
NOTIC: [8] Constant API_RETURN_FAILED already defined D:\wwwroot\mainweb\sdk\uc_client\model\note.php 第 16 行.
SQL: SHOW COLUMNS FROM `sdk_accounts` [ RunTime:0.002130s ]
SQL: SELECT * FROM `sdk_accounts` WHERE ( `account_id` = 2489 ) LIMIT 1   [ RunTime:0.000425s ]

[ 2013-10-10T12:36:38+08:00 ] 192.168.147.134 /api/uc.php?time=1381379798&code=56c0uA4IxmV06w2feN2UU0EIqUFK%2BGWJZM%2F0YFnz0wnD45t16ZslkgHUp4Af%2Be%2FQcB%2F%2FAO419BAVJvE95Vph%2B8GFYNBN6EZq1i3MtpTEQpn%2FbAFQhA0tDIcXjuats51Y9s333415TRnU36L41GXvZNuMiQOlnnLYA%2Fq0JAAUJVMwJRZewg
INFO: [ app_begin ] --START--
INFO: Run ReadHtmlCache Behavior [ RunTime:0.001051s ]
INFO: [ app_begin ] --END-- [ RunTime:0.001146s ]
NOTIC: [8] Constant UC_CLIENT_VERSION already defined D:\wwwroot\mainweb\sdk\api\UcApi\Lib\Action\IndexAction.class.php 第 4 行.
NOTIC: [8] Constant UC_CLIENT_RELEASE already defined D:\wwwroot\mainweb\sdk\api\UcApi\Lib\Action\IndexAction.class.php 第 5 行.
NOTIC: [2048] Only variables should be passed by reference D:\wwwroot\mainweb\sdk\api\UcApi\Lib\Action\IndexAction.class.php 第 63 行.
NOTIC: [8] Constant API_RETURN_FAILED already defined D:\wwwroot\mainweb\sdk\uc_client\model\note.php 第 16 行.
SQL: SHOW COLUMNS FROM `sdk_accounts` [ RunTime:0.106829s ]
SQL: SELECT * FROM `sdk_accounts` WHERE ( `account_id` = 2213 ) LIMIT 1   [ RunTime:0.000646s ]

[ 2013-10-10T12:37:47+08:00 ] 192.168.161.111 /api/uc.php?time=1381379867&code=721dq%2FbrsKKjpaj76W44IGWQvIZkfEhJL9oDlYwHdBwCmyz%2B8B2%2FDEEfUt%2Fnba2ux2wc8MPBX6ZqdUvmRIB5DioPJEwYeSzNr4YnqxS54yQp6CtHoYVj0oXo6OLdGHlyfJ2CheueiLNk1qKKpyJa%2FDa1Fs0MukB0%2FqBto9c8aQoQy3WhRw
INFO: [ app_begin ] --START--
INFO: Run ReadHtmlCache Behavior [ RunTime:0.000963s ]
INFO: [ app_begin ] --END-- [ RunTime:0.001060s ]
NOTIC: [8] Constant UC_CLIENT_VERSION already defined D:\wwwroot\mainweb\sdk\api\UcApi\Lib\Action\IndexAction.class.php 第 4 行.
NOTIC: [8] Constant UC_CLIENT_RELEASE already defined D:\wwwroot\mainweb\sdk\api\UcApi\Lib\Action\IndexAction.class.php 第 5 行.
NOTIC: [2048] Only variables should be passed by reference D:\wwwroot\mainweb\sdk\api\UcApi\Lib\Action\IndexAction.class.php 第 63 行.
NOTIC: [8] Constant API_RETURN_FAILED already defined D:\wwwroot\mainweb\sdk\uc_client\model\note.php 第 16 行.
SQL: SHOW COLUMNS FROM `sdk_accounts` [ RunTime:0.001762s ]
SQL: SELECT * FROM `sdk_accounts` WHERE ( `account_id` = 2490 ) LIMIT 1   [ RunTime:0.000306s ]
SQL: INSERT INTO `sdk_accounts` (`account_id`,`user_name`,`email`,`password`,`reg_time`) VALUES (2490,'lin就是林','1286308745@qq.com','a749227862a4fa8c8f706cda12bfd196e289f141',1381379867) [ RunTime:0.000272s ]

[ 2013-10-10T12:39:13+08:00 ] 192.168.235.229 /api/uc.php?time=1381379952&code=8f2445V727vYffDj6HadvqW%2F%2FZMAtCD7GsIQ4CH3U%2Bgl9nmj6nusaC5KulTGxYy7afsVVpE5esmLHekzG7lG5k2Ftt2ghwIDJ%2FetBc7m0NbrXuP2kae1smyjvO5YTcgDgLk5HeH54ecPA%2B3SySDnW626ICPZK97hIn4E3s7kreA
INFO: [ app_begin ] --START--
INFO: Run ReadHtmlCache Behavior [ RunTime:0.001088s ]
INFO: [ app_begin ] --END-- [ RunTime:0.001180s ]
NOTIC: [8] Constant UC_CLIENT_VERSION already defined D:\wwwroot\mainweb\sdk\api\UcApi\Lib\Action\IndexAction.class.php 第 4 行.
NOTIC: [8] Constant UC_CLIENT_RELEASE already defined D:\wwwroot\mainweb\sdk\api\UcApi\Lib\Action\IndexAction.class.php 第 5 行.
NOTIC: [2048] Only variables should be passed by reference D:\wwwroot\mainweb\sdk\api\UcApi\Lib\Action\IndexAction.class.php 第 63 行.
NOTIC: [8] Constant API_RETURN_FAILED already defined D:\wwwroot\mainweb\sdk\uc_client\model\note.php 第 16 行.
SQL: SHOW COLUMNS FROM `sdk_accounts` [ RunTime:0.001913s ]
SQL: SELECT * FROM `sdk_accounts` WHERE ( `account_id` = 573 ) LIMIT 1   [ RunTime:0.000335s ]

[ 2013-10-10T12:49:19+08:00 ] 192.168.179.94 /api/uc.php?time=1381380559&code=b380N0UJrYjId3XZ7DTENNjHlUN1Qfq%2FYR1nXBjm8oHx3FucooYddNVnMrC4OxfBe3qf1O40TAEXmloJTW3Mjgt%2BdI6qysNmEWhPf963nU4GiogXfzH29Pjdce37Hb0EdLZXWNeQZmUrCztEHP8v3gaerxK%2BvG0wLc54Zg
INFO: [ app_begin ] --START--
INFO: Run ReadHtmlCache Behavior [ RunTime:0.001159s ]
INFO: [ app_begin ] --END-- [ RunTime:0.001253s ]
NOTIC: [8] Constant UC_CLIENT_VERSION already defined D:\wwwroot\mainweb\sdk\api\UcApi\Lib\Action\IndexAction.class.php 第 4 行.
NOTIC: [8] Constant UC_CLIENT_RELEASE already defined D:\wwwroot\mainweb\sdk\api\UcApi\Lib\Action\IndexAction.class.php 第 5 行.
NOTIC: [2048] Only variables should be passed by reference D:\wwwroot\mainweb\sdk\api\UcApi\Lib\Action\IndexAction.class.php 第 63 行.
NOTIC: [8] Constant API_RETURN_FAILED already defined D:\wwwroot\mainweb\sdk\uc_client\model\note.php 第 16 行.
SQL: SHOW COLUMNS FROM `sdk_accounts` [ RunTime:0.002170s ]
SQL: SELECT * FROM `sdk_accounts` WHERE ( `account_id` = 1054 ) LIMIT 1   [ RunTime:0.000450s ]

[ 2013-10-10T12:55:02+08:00 ] 119.147.146.118 /api/uc.php?time=1381379952&code=8f2445v727vyffdj6hadvqw%2f%2fzmatcd7gsiq4ch3u%2bgl9nmj6nusac5kultgxyy7afsvvpe5esmlhekzg7lg5k2ftt2ghwidj%2fetbc7m0nbrxup2kae1smyjvo5ytcgdglk5heh54ecpa%2b3sysdnw626icpzk97hin4e3s7krea
INFO: [ app_begin ] --START--
INFO: Run ReadHtmlCache Behavior [ RunTime:0.001173s ]
INFO: [ app_begin ] --END-- [ RunTime:0.001275s ]
NOTIC: [8] Constant UC_CLIENT_VERSION already defined D:\wwwroot\mainweb\sdk\api\UcApi\Lib\Action\IndexAction.class.php 第 4 行.
NOTIC: [8] Constant UC_CLIENT_RELEASE already defined D:\wwwroot\mainweb\sdk\api\UcApi\Lib\Action\IndexAction.class.php 第 5 行.
NOTIC: [8] Undefined index:  time D:\wwwroot\mainweb\sdk\api\UcApi\Lib\Action\IndexAction.class.php 第 54 行.

[ 2013-10-10T13:04:09+08:00 ] 192.168.182.8 /api/uc.php?time=1381381448&code=b6ff4WAkP%2B7IKLhHS6X5n5sAHHs8Jyq1koA7EtbGPn%2FDUnXqIoX08zu5t3uFo44PPxOt4szIkcDawYtc2Bxbr4J6N7S8wuAi2Jq%2F%2Fm28pvnSRNaJQX6KVTHWr%2FBtTpUe34lnhYPwXbKSlUPGt%2BX0Z817A9YSVINmWR6%2FHfO1ktwqoTGswg
INFO: [ app_begin ] --START--
INFO: Run ReadHtmlCache Behavior [ RunTime:0.001000s ]
INFO: [ app_begin ] --END-- [ RunTime:0.001094s ]
NOTIC: [8] Constant UC_CLIENT_VERSION already defined D:\wwwroot\mainweb\sdk\api\UcApi\Lib\Action\IndexAction.class.php 第 4 行.
NOTIC: [8] Constant UC_CLIENT_RELEASE already defined D:\wwwroot\mainweb\sdk\api\UcApi\Lib\Action\IndexAction.class.php 第 5 行.
NOTIC: [2048] Only variables should be passed by reference D:\wwwroot\mainweb\sdk\api\UcApi\Lib\Action\IndexAction.class.php 第 63 行.
NOTIC: [8] Constant API_RETURN_FAILED already defined D:\wwwroot\mainweb\sdk\uc_client\model\note.php 第 16 行.
SQL: SHOW COLUMNS FROM `sdk_accounts` [ RunTime:0.001873s ]
SQL: SELECT * FROM `sdk_accounts` WHERE ( `account_id` = 1767 ) LIMIT 1   [ RunTime:0.000456s ]

[ 2013-10-10T13:05:39+08:00 ] 192.168.165.137 /api/uc.php?time=1381381539&code=a906%2BsiLHwW41czBmnb2JtivDLwbGEVGun7K7jnXI1KKqzkUJFBpiUjbZH%2Fpay6PGsZVKa5UTyX9JcwmkEiyYOpZJWoBZhhtW57Z4vNBAeZkGWXK3zuBh8tbbHZkaA%2Feff7tO4psU6DOaowuKMDeG3wqmcKozGQ5y1%2BGeLVTqyw
INFO: [ app_begin ] --START--
INFO: Run ReadHtmlCache Behavior [ RunTime:0.001036s ]
INFO: [ app_begin ] --END-- [ RunTime:0.001130s ]
NOTIC: [8] Constant UC_CLIENT_VERSION already defined D:\wwwroot\mainweb\sdk\api\UcApi\Lib\Action\IndexAction.class.php 第 4 行.
NOTIC: [8] Constant UC_CLIENT_RELEASE already defined D:\wwwroot\mainweb\sdk\api\UcApi\Lib\Action\IndexAction.class.php 第 5 行.
NOTIC: [2048] Only variables should be passed by reference D:\wwwroot\mainweb\sdk\api\UcApi\Lib\Action\IndexAction.class.php 第 63 行.
NOTIC: [8] Constant API_RETURN_FAILED already defined D:\wwwroot\mainweb\sdk\uc_client\model\note.php 第 16 行.
SQL: SHOW COLUMNS FROM `sdk_accounts` [ RunTime:0.001958s ]
SQL: SELECT * FROM `sdk_accounts` WHERE ( `account_id` = 2491 ) LIMIT 1   [ RunTime:0.000338s ]
SQL: INSERT INTO `sdk_accounts` (`account_id`,`user_name`,`email`,`password`,`reg_time`) VALUES (2491,'jwsyrup','342415334@qq.com','92014dc84f87586dc6cb639577cd13b4c13baf45',1381381539) [ RunTime:0.000659s ]

[ 2013-10-10T13:06:35+08:00 ] 202.116.192.50 /api/uc.php?code=fca8CWlJJgXldwPZeNIq4RE05SMrfl%2FETu6Tozkvrr1T4KYaAIElBpE8hXAXoflMh%2Bvp0auyP4WELQddDTzLjE1S7tto%2BmEoNZtzmxvOtgih%2B005j7gH&__times__=1
INFO: [ app_begin ] --START--
INFO: Run ReadHtmlCache Behavior [ RunTime:0.000914s ]
INFO: [ app_begin ] --END-- [ RunTime:0.001002s ]
NOTIC: [8] Constant UC_CLIENT_VERSION already defined D:\wwwroot\mainweb\sdk\api\UcApi\Lib\Action\IndexAction.class.php 第 4 行.
NOTIC: [8] Constant UC_CLIENT_RELEASE already defined D:\wwwroot\mainweb\sdk\api\UcApi\Lib\Action\IndexAction.class.php 第 5 行.
NOTIC: [2048] Only variables should be passed by reference D:\wwwroot\mainweb\sdk\api\UcApi\Lib\Action\IndexAction.class.php 第 63 行.

[ 2013-10-10T13:06:35+08:00 ] 192.168.165.137 /api/uc.php?time=1381381595&code=78bbp%2BvtkeEpR6UrWKE2JOD%2BXQv8N6R8i49x33IVmPEIF4tcpH68Sjy%2FoHLe6N32Rvzuj8RRW4S5A5irZA33W96QhTn3a69NhZwfLcL3lkBAabAB9do2iI%2BEjY2ESeLP1M%2Bh93WIogAd5jLcQGdLr7utrUiyu3lWXYDQb47M7Jg
INFO: [ app_begin ] --START--
INFO: Run ReadHtmlCache Behavior [ RunTime:0.001241s ]
INFO: [ app_begin ] --END-- [ RunTime:0.001344s ]
NOTIC: [8] Constant UC_CLIENT_VERSION already defined D:\wwwroot\mainweb\sdk\api\UcApi\Lib\Action\IndexAction.class.php 第 4 行.
NOTIC: [8] Constant UC_CLIENT_RELEASE already defined D:\wwwroot\mainweb\sdk\api\UcApi\Lib\Action\IndexAction.class.php 第 5 行.
NOTIC: [2048] Only variables should be passed by reference D:\wwwroot\mainweb\sdk\api\UcApi\Lib\Action\IndexAction.class.php 第 63 行.
NOTIC: [8] Constant API_RETURN_FAILED already defined D:\wwwroot\mainweb\sdk\uc_client\model\note.php 第 16 行.
SQL: SHOW COLUMNS FROM `sdk_accounts` [ RunTime:0.002337s ]
SQL: SELECT * FROM `sdk_accounts` WHERE ( `account_id` = 2491 ) LIMIT 1   [ RunTime:0.000646s ]
NOTIC: [8] Undefined index:  apph D:\wwwroot\mainweb\sdk\uc_client\model\note.php 第 169 行.
NOTIC: [8] Undefined offset:  2 D:\wwwroot\mainweb\sdk\uc_client\model\note.php 第 141 行.

[ 2013-10-10T13:20:13+08:00 ] 192.168.180.193 /api/uc.php?time=1381382413&code=e822cB1ZJUzl468CpRKnw9vyLeCNu%2BiGWNEoU%2FQNybrKGLZynjRHjXvR5EQYt%2B6IyVQVuVTDx278Jtzuq2bUVL7rQc2LWDc2G28CH3vwaY9X%2FDRL7Madk5gpfz2bAt5Q6mDWo%2FWj5fw8SynrXwzaFyfAKVO6TBej6p9i8w
INFO: [ app_begin ] --START--
INFO: Run ReadHtmlCache Behavior [ RunTime:0.000811s ]
INFO: [ app_begin ] --END-- [ RunTime:0.000900s ]
NOTIC: [8] Constant UC_CLIENT_VERSION already defined D:\wwwroot\mainweb\sdk\api\UcApi\Lib\Action\IndexAction.class.php 第 4 行.
NOTIC: [8] Constant UC_CLIENT_RELEASE already defined D:\wwwroot\mainweb\sdk\api\UcApi\Lib\Action\IndexAction.class.php 第 5 行.
NOTIC: [2048] Only variables should be passed by reference D:\wwwroot\mainweb\sdk\api\UcApi\Lib\Action\IndexAction.class.php 第 63 行.
NOTIC: [8] Constant API_RETURN_FAILED already defined D:\wwwroot\mainweb\sdk\uc_client\model\note.php 第 16 行.
SQL: SHOW COLUMNS FROM `sdk_accounts` [ RunTime:0.002075s ]
SQL: SELECT * FROM `sdk_accounts` WHERE ( `account_id` = 2083 ) LIMIT 1   [ RunTime:0.000581s ]

[ 2013-10-10T13:22:10+08:00 ] 192.168.182.2 /api/uc.php?time=1381382530&code=859452sVlfFLOIwKy5ydIxfO8R4c9a5gb%2Bre4izScpvtLt%2B6lmFHsH5ySV8%2FeWLa03qe6m8JSdEjFjGLEH5EN79JyxUMIcQ46Hi1rSU6U3FiWU1M%2FwPSd9rLY3LSt3GbW%2FmMYPQBsbt4T6pkHRoee0sqG%2FgJlnkIbkH0%2BRFnvGjBsgcWGw
INFO: [ app_begin ] --START--
INFO: Run ReadHtmlCache Behavior [ RunTime:0.001018s ]
INFO: [ app_begin ] --END-- [ RunTime:0.001112s ]
NOTIC: [8] Constant UC_CLIENT_VERSION already defined D:\wwwroot\mainweb\sdk\api\UcApi\Lib\Action\IndexAction.class.php 第 4 行.
NOTIC: [8] Constant UC_CLIENT_RELEASE already defined D:\wwwroot\mainweb\sdk\api\UcApi\Lib\Action\IndexAction.class.php 第 5 行.
NOTIC: [2048] Only variables should be passed by reference D:\wwwroot\mainweb\sdk\api\UcApi\Lib\Action\IndexAction.class.php 第 63 行.
NOTIC: [8] Constant API_RETURN_FAILED already defined D:\wwwroot\mainweb\sdk\uc_client\model\note.php 第 16 行.
SQL: SHOW COLUMNS FROM `sdk_accounts` [ RunTime:0.001898s ]
SQL: SELECT * FROM `sdk_accounts` WHERE ( `account_id` = 1767 ) LIMIT 1   [ RunTime:0.000543s ]

[ 2013-10-10T13:47:24+08:00 ] 192.168.235.40 /api/uc.php?time=1381384044&code=8587PAfl1jVO%2FC3uH%2BQTf5qQVdaJfHzsoTmeRwrpaEXIIRBZEGqcBL%2BZcViLvfdCpuA5i2wwFiHlOnySwffcUHGWTppZHlvNcyDR5g5Q%2BRlpB4XSoTzmfcemY33T%2BO3gLGJ38BjgZVXAstaeWNYx3SX0YW2MK48WQnxSs6OWUWVNPG0QLA
INFO: [ app_begin ] --START--
INFO: Run ReadHtmlCache Behavior [ RunTime:0.001164s ]
INFO: [ app_begin ] --END-- [ RunTime:0.001257s ]
NOTIC: [8] Constant UC_CLIENT_VERSION already defined D:\wwwroot\mainweb\sdk\api\UcApi\Lib\Action\IndexAction.class.php 第 4 行.
NOTIC: [8] Constant UC_CLIENT_RELEASE already defined D:\wwwroot\mainweb\sdk\api\UcApi\Lib\Action\IndexAction.class.php 第 5 行.
NOTIC: [2048] Only variables should be passed by reference D:\wwwroot\mainweb\sdk\api\UcApi\Lib\Action\IndexAction.class.php 第 63 行.
NOTIC: [8] Constant API_RETURN_FAILED already defined D:\wwwroot\mainweb\sdk\uc_client\model\note.php 第 16 行.
SQL: SHOW COLUMNS FROM `sdk_accounts` [ RunTime:0.002048s ]
SQL: SELECT * FROM `sdk_accounts` WHERE ( `account_id` = 2337 ) LIMIT 1   [ RunTime:0.000610s ]

[ 2013-10-10T13:50:29+08:00 ] 192.168.235.40 /api/uc.php?time=1381384229&code=f9f6t8jCGo8F09%2BdO0uvulwlZLoX8hHOlyXofhmoyr%2FrLcW6Jy5C%2FntE9IT09AvbI2tndtQNUj94BNZRDQ
INFO: [ app_begin ] --START--
INFO: Run ReadHtmlCache Behavior [ RunTime:0.001047s ]
INFO: [ app_begin ] --END-- [ RunTime:0.001140s ]
NOTIC: [8] Constant UC_CLIENT_VERSION already defined D:\wwwroot\mainweb\sdk\api\UcApi\Lib\Action\IndexAction.class.php 第 4 行.
NOTIC: [8] Constant UC_CLIENT_RELEASE already defined D:\wwwroot\mainweb\sdk\api\UcApi\Lib\Action\IndexAction.class.php 第 5 行.
NOTIC: [2048] Only variables should be passed by reference D:\wwwroot\mainweb\sdk\api\UcApi\Lib\Action\IndexAction.class.php 第 63 行.

[ 2013-10-10T13:52:28+08:00 ] 192.168.235.40 /api/uc.php?time=1381384348&code=28e1YSstE4RK5w5lyj3WsjAOpGliXC7aprj9bC4uN09A691LijgrnvmYlTN10NOt%2BtOw1b7GsxzEa9MVrP%2FribuaIr1S4q6K1qb7fvZBM3O1KDZZcZmK7xtPpfZnMuPWFiC%2Bsubzr1EvyvNukq6ohRshYBe5jA4CWKzRjk4
INFO: [ app_begin ] --START--
INFO: Run ReadHtmlCache Behavior [ RunTime:0.000987s ]
INFO: [ app_begin ] --END-- [ RunTime:0.001077s ]
NOTIC: [8] Constant UC_CLIENT_VERSION already defined D:\wwwroot\mainweb\sdk\api\UcApi\Lib\Action\IndexAction.class.php 第 4 行.
NOTIC: [8] Constant UC_CLIENT_RELEASE already defined D:\wwwroot\mainweb\sdk\api\UcApi\Lib\Action\IndexAction.class.php 第 5 行.
NOTIC: [2048] Only variables should be passed by reference D:\wwwroot\mainweb\sdk\api\UcApi\Lib\Action\IndexAction.class.php 第 63 行.
NOTIC: [8] Constant API_RETURN_FAILED already defined D:\wwwroot\mainweb\sdk\uc_client\model\note.php 第 16 行.
SQL: SHOW COLUMNS FROM `sdk_accounts` [ RunTime:0.002125s ]
SQL: SELECT * FROM `sdk_accounts` WHERE ( `account_id` = 218 ) LIMIT 1   [ RunTime:0.000555s ]

[ 2013-10-10T13:54:50+08:00 ] 202.116.192.50 /api/uc.php?code=1a4dw7zuK110qk%2BFV4yDB5z9j0qv65%2BY4xkoN5v9jaxXb06NarUALEdEvc5fqwCZMHqC7i8sH5s
INFO: [ app_begin ] --START--
INFO: Run ReadHtmlCache Behavior [ RunTime:0.001061s ]
INFO: [ app_begin ] --END-- [ RunTime:0.001152s ]
NOTIC: [8] Constant UC_CLIENT_VERSION already defined D:\wwwroot\mainweb\sdk\api\UcApi\Lib\Action\IndexAction.class.php 第 4 行.
NOTIC: [8] Constant UC_CLIENT_RELEASE already defined D:\wwwroot\mainweb\sdk\api\UcApi\Lib\Action\IndexAction.class.php 第 5 行.
NOTIC: [2048] Only variables should be passed by reference D:\wwwroot\mainweb\sdk\api\UcApi\Lib\Action\IndexAction.class.php 第 63 行.

[ 2013-10-10T13:55:34+08:00 ] 192.168.163.169 /api/uc.php?time=1381384534&code=8a9bECbdFPD1jLtnOsbLrBBPeycyXu9PuERuvn5kD4hYZeDWheAb%2BO4FVv1Ou4Qgy3bg%2B3ZpfSw%2BDfSDw0TIMU9AVIgVKuhajFCC%2BjzRzRa53zCH4MsFOcyiA13y9RjR8jFerocc%2FHncmCradoDqvbTR%2BSqlIY7qege931QXZGpleA
INFO: [ app_begin ] --START--
INFO: Run ReadHtmlCache Behavior [ RunTime:0.000923s ]
INFO: [ app_begin ] --END-- [ RunTime:0.001014s ]
NOTIC: [8] Constant UC_CLIENT_VERSION already defined D:\wwwroot\mainweb\sdk\api\UcApi\Lib\Action\IndexAction.class.php 第 4 行.
NOTIC: [8] Constant UC_CLIENT_RELEASE already defined D:\wwwroot\mainweb\sdk\api\UcApi\Lib\Action\IndexAction.class.php 第 5 行.
NOTIC: [2048] Only variables should be passed by reference D:\wwwroot\mainweb\sdk\api\UcApi\Lib\Action\IndexAction.class.php 第 63 行.
NOTIC: [8] Constant API_RETURN_FAILED already defined D:\wwwroot\mainweb\sdk\uc_client\model\note.php 第 16 行.
SQL: SHOW COLUMNS FROM `sdk_accounts` [ RunTime:0.001943s ]
SQL: SELECT * FROM `sdk_accounts` WHERE ( `account_id` = 2492 ) LIMIT 1   [ RunTime:0.000433s ]
SQL: INSERT INTO `sdk_accounts` (`account_id`,`user_name`,`email`,`password`,`reg_time`) VALUES (2492,'钱俊安','874634586@qq.com','204c78ca19c076b500c8649c31c1e99446ca49ea',1381384534) [ RunTime:0.000677s ]

[ 2013-10-10T13:55:40+08:00 ] 202.116.192.50 /api/uc.php?code=9a0cZBE20%2FJShAVUT30vgQC%2FxE%2FuVdnif3ujhoviX3wrFJzzacurTL2%2BTpE80XV8Gvz1qzhnIpk
INFO: [ app_begin ] --START--
INFO: Run ReadHtmlCache Behavior [ RunTime:0.000979s ]
INFO: [ app_begin ] --END-- [ RunTime:0.001072s ]
NOTIC: [8] Constant UC_CLIENT_VERSION already defined D:\wwwroot\mainweb\sdk\api\UcApi\Lib\Action\IndexAction.class.php 第 4 行.
NOTIC: [8] Constant UC_CLIENT_RELEASE already defined D:\wwwroot\mainweb\sdk\api\UcApi\Lib\Action\IndexAction.class.php 第 5 行.
NOTIC: [2048] Only variables should be passed by reference D:\wwwroot\mainweb\sdk\api\UcApi\Lib\Action\IndexAction.class.php 第 63 行.

[ 2013-10-10T13:57:51+08:00 ] 202.116.192.50 /api/uc.php?code=c8beHFyI1CF2TxZ4lxmK2PCswLU0nt6WvRRrJBb%2FC7eEyg%2FPvWsORQa601u%2F09O7RDuLp7qo%2B4awghm8ZO8&__times__=1
INFO: [ app_begin ] --START--
INFO: Run ReadHtmlCache Behavior [ RunTime:0.000923s ]
INFO: [ app_begin ] --END-- [ RunTime:0.001019s ]
NOTIC: [8] Constant UC_CLIENT_VERSION already defined D:\wwwroot\mainweb\sdk\api\UcApi\Lib\Action\IndexAction.class.php 第 4 行.
NOTIC: [8] Constant UC_CLIENT_RELEASE already defined D:\wwwroot\mainweb\sdk\api\UcApi\Lib\Action\IndexAction.class.php 第 5 行.
NOTIC: [2048] Only variables should be passed by reference D:\wwwroot\mainweb\sdk\api\UcApi\Lib\Action\IndexAction.class.php 第 63 行.
NOTIC: [8] Undefined index:  2 D:\wwwroot\mainweb\sdk\uc_client\lib\xml.class.php 第 69 行.
NOTIC: [8] Undefined index:  type D:\wwwroot\mainweb\sdk\uc_client\lib\xml.class.php 第 69 行.
NOTIC: [8] Undefined index:  name D:\wwwroot\mainweb\sdk\uc_client\lib\xml.class.php 第 69 行.
NOTIC: [8] Undefined index:  url D:\wwwroot\mainweb\sdk\uc_client\lib\xml.class.php 第 69 行.
NOTIC: [8] Undefined index:  ip D:\wwwroot\mainweb\sdk\uc_client\lib\xml.class.php 第 69 行.
NOTIC: [8] Undefined index:  viewprourl D:\wwwroot\mainweb\sdk\uc_client\lib\xml.class.php 第 69 行.
NOTIC: [8] Undefined index:  apifilename D:\wwwroot\mainweb\sdk\uc_client\lib\xml.class.php 第 69 行.
NOTIC: [8] Undefined index:  charset D:\wwwroot\mainweb\sdk\uc_client\lib\xml.class.php 第 69 行.
NOTIC: [8] Undefined index:  synlogin D:\wwwroot\mainweb\sdk\uc_client\lib\xml.class.php 第 69 行.
NOTIC: [8] Undefined index:  extra D:\wwwroot\mainweb\sdk\uc_client\lib\xml.class.php 第 69 行.
NOTIC: [8] Undefined index:  extraurl D:\wwwroot\mainweb\sdk\uc_client\lib\xml.class.php 第 69 行.
NOTIC: [8] Undefined index:  recvnote D:\wwwroot\mainweb\sdk\uc_client\lib\xml.class.php 第 69 行.
NOTIC: [8] Undefined index:  3 D:\wwwroot\mainweb\sdk\uc_client\lib\xml.class.php 第 69 行.
NOTIC: [8] Undefined index:  type D:\wwwroot\mainweb\sdk\uc_client\lib\xml.class.php 第 69 行.
NOTIC: [8] Undefined index:  name D:\wwwroot\mainweb\sdk\uc_client\lib\xml.class.php 第 69 行.
NOTIC: [8] Undefined index:  url D:\wwwroot\mainweb\sdk\uc_client\lib\xml.class.php 第 69 行.
NOTIC: [8] Undefined index:  ip D:\wwwroot\mainweb\sdk\uc_client\lib\xml.class.php 第 69 行.
NOTIC: [8] Undefined index:  viewprourl D:\wwwroot\mainweb\sdk\uc_client\lib\xml.class.php 第 69 行.
NOTIC: [8] Undefined index:  apifilename D:\wwwroot\mainweb\sdk\uc_client\lib\xml.class.php 第 69 行.
NOTIC: [8] Undefined index:  charset D:\wwwroot\mainweb\sdk\uc_client\lib\xml.class.php 第 69 行.
NOTIC: [8] Undefined index:  synlogin D:\wwwroot\mainweb\sdk\uc_client\lib\xml.class.php 第 69 行.
NOTIC: [8] Undefined index:  extra D:\wwwroot\mainweb\sdk\uc_client\lib\xml.class.php 第 69 行.
NOTIC: [8] Undefined index:  extraurl D:\wwwroot\mainweb\sdk\uc_client\lib\xml.class.php 第 69 行.
NOTIC: [8] Undefined index:  recvnote D:\wwwroot\mainweb\sdk\uc_client\lib\xml.class.php 第 69 行.
NOTIC: [8] Undefined index:  5 D:\wwwroot\mainweb\sdk\uc_client\lib\xml.class.php 第 69 行.
NOTIC: [8] Undefined index:  type D:\wwwroot\mainweb\sdk\uc_client\lib\xml.class.php 第 69 行.
NOTIC: [8] Undefined index:  name D:\wwwroot\mainweb\sdk\uc_client\lib\xml.class.php 第 69 行.
NOTIC: [8] Undefined index:  url D:\wwwroot\mainweb\sdk\uc_client\lib\xml.class.php 第 69 行.
NOTIC: [8] Undefined index:  ip D:\wwwroot\mainweb\sdk\uc_client\lib\xml.class.php 第 69 行.
NOTIC: [8] Undefined index:  viewprourl D:\wwwroot\mainweb\sdk\uc_client\lib\xml.class.php 第 69 行.
NOTIC: [8] Undefined index:  apifilename D:\wwwroot\mainweb\sdk\uc_client\lib\xml.class.php 第 69 行.
NOTIC: [8] Undefined index:  charset D:\wwwroot\mainweb\sdk\uc_client\lib\xml.class.php 第 69 行.
NOTIC: [8] Undefined index:  synlogin D:\wwwroot\mainweb\sdk\uc_client\lib\xml.class.php 第 69 行.
NOTIC: [8] Undefined index:  extra D:\wwwroot\mainweb\sdk\uc_client\lib\xml.class.php 第 69 行.
NOTIC: [8] Undefined index:  extraurl D:\wwwroot\mainweb\sdk\uc_client\lib\xml.class.php 第 69 行.
NOTIC: [8] Undefined index:  recvnote D:\wwwroot\mainweb\sdk\uc_client\lib\xml.class.php 第 69 行.
NOTIC: [8] Undefined index:  8 D:\wwwroot\mainweb\sdk\uc_client\lib\xml.class.php 第 69 行.
NOTIC: [8] Undefined index:  type D:\wwwroot\mainweb\sdk\uc_client\lib\xml.class.php 第 69 行.
NOTIC: [8] Undefined index:  name D:\wwwroot\mainweb\sdk\uc_client\lib\xml.class.php 第 69 行.
NOTIC: [8] Undefined index:  url D:\wwwroot\mainweb\sdk\uc_client\lib\xml.class.php 第 69 行.
NOTIC: [8] Undefined index:  ip D:\wwwroot\mainweb\sdk\uc_client\lib\xml.class.php 第 69 行.
NOTIC: [8] Undefined index:  viewprourl D:\wwwroot\mainweb\sdk\uc_client\lib\xml.class.php 第 69 行.
NOTIC: [8] Undefined index:  apifilename D:\wwwroot\mainweb\sdk\uc_client\lib\xml.class.php 第 69 行.
NOTIC: [8] Undefined index:  charset D:\wwwroot\mainweb\sdk\uc_client\lib\xml.class.php 第 69 行.
NOTIC: [8] Undefined index:  synlogin D:\wwwroot\mainweb\sdk\uc_client\lib\xml.class.php 第 69 行.
NOTIC: [8] Undefined index:  extra D:\wwwroot\mainweb\sdk\uc_client\lib\xml.class.php 第 69 行.
NOTIC: [8] Undefined index:  extraurl D:\wwwroot\mainweb\sdk\uc_client\lib\xml.class.php 第 69 行.
NOTIC: [8] Undefined index:  recvnote D:\wwwroot\mainweb\sdk\uc_client\lib\xml.class.php 第 69 行.
NOTIC: [8] Undefined index:  UC_API D:\wwwroot\mainweb\sdk\uc_client\lib\xml.class.php 第 69 行.

[ 2013-10-10T13:57:51+08:00 ] 192.168.163.169 /api/uc.php?time=1381384670&code=ecd71yU%2Bt5VC8gUhc%2FBTOjDKGco2S%2FCmLxEves4LJZO02X%2FwoR7MsE1UazK%2B8GSdOHJiNwwXzZgqp5DHy5z%2BImsIutNcZdznsY8F9VE%2FIttXL2RNKi6A3uXraQFzYoxV3y%2B%2Bhke9%2BGvmZ6YfpHy8mC6j0OPrppbtd07fgIq4B%2BRSYg
INFO: [ app_begin ] --START--
INFO: Run ReadHtmlCache Behavior [ RunTime:0.000686s ]
INFO: [ app_begin ] --END-- [ RunTime:0.000775s ]
NOTIC: [8] Constant UC_CLIENT_VERSION already defined D:\wwwroot\mainweb\sdk\api\UcApi\Lib\Action\IndexAction.class.php 第 4 行.
NOTIC: [8] Constant UC_CLIENT_RELEASE already defined D:\wwwroot\mainweb\sdk\api\UcApi\Lib\Action\IndexAction.class.php 第 5 行.
NOTIC: [2048] Only variables should be passed by reference D:\wwwroot\mainweb\sdk\api\UcApi\Lib\Action\IndexAction.class.php 第 63 行.
NOTIC: [8] Constant API_RETURN_FAILED already defined D:\wwwroot\mainweb\sdk\uc_client\model\note.php 第 16 行.
SQL: SHOW COLUMNS FROM `sdk_accounts` [ RunTime:0.002035s ]
SQL: SELECT * FROM `sdk_accounts` WHERE ( `account_id` = 2492 ) LIMIT 1   [ RunTime:0.000328s ]
NOTIC: [8] Undefined index:  app4 D:\wwwroot\mainweb\sdk\uc_client\model\note.php 第 169 行.
NOTIC: [8] Undefined index:  app6 D:\wwwroot\mainweb\sdk\uc_client\model\note.php 第 169 行.
NOTIC: [8] Undefined index:  apph D:\wwwroot\mainweb\sdk\uc_client\model\note.php 第 169 行.
NOTIC: [8] Undefined offset:  2 D:\wwwroot\mainweb\sdk\uc_client\model\note.php 第 141 行.

[ 2013-10-10T13:58:27+08:00 ] 192.168.163.169 /api/uc.php?time=1381384706&code=09410Z00Y05fKCCrhrm1QV%2B4l%2BHDFwY%2F7w2TbZO9AhxuCT5IQTuULKA3FBDlcGUwFvqQLbBFBmx3b3G0vA
INFO: [ app_begin ] --START--
INFO: Run ReadHtmlCache Behavior [ RunTime:0.001039s ]
INFO: [ app_begin ] --END-- [ RunTime:0.001133s ]
NOTIC: [8] Constant UC_CLIENT_VERSION already defined D:\wwwroot\mainweb\sdk\api\UcApi\Lib\Action\IndexAction.class.php 第 4 行.
NOTIC: [8] Constant UC_CLIENT_RELEASE already defined D:\wwwroot\mainweb\sdk\api\UcApi\Lib\Action\IndexAction.class.php 第 5 行.
NOTIC: [2048] Only variables should be passed by reference D:\wwwroot\mainweb\sdk\api\UcApi\Lib\Action\IndexAction.class.php 第 63 行.

[ 2013-10-10T14:17:12+08:00 ] 202.116.192.50 /api/uc.php?code=4f41SMbcDHKz6EbsShbxuSu4VIRXmj%2FTXPEK66Kzw8%2FQNM32RwSg5JFyqpfTKL0B940DiEBiX32tVpVojBc6Pj0PJjnOIjSwRnQg0mkVv72%2B9pFrUvrknJg13J%2F3mZLKOd%2FmIhkUKHakCW8&__times__=1
INFO: [ app_begin ] --START--
INFO: Run ReadHtmlCache Behavior [ RunTime:0.000744s ]
INFO: [ app_begin ] --END-- [ RunTime:0.000835s ]
NOTIC: [8] Constant UC_CLIENT_VERSION already defined D:\wwwroot\mainweb\sdk\api\UcApi\Lib\Action\IndexAction.class.php 第 4 行.
NOTIC: [8] Constant UC_CLIENT_RELEASE already defined D:\wwwroot\mainweb\sdk\api\UcApi\Lib\Action\IndexAction.class.php 第 5 行.
NOTIC: [2048] Only variables should be passed by reference D:\wwwroot\mainweb\sdk\api\UcApi\Lib\Action\IndexAction.class.php 第 63 行.

[ 2013-10-10T14:35:08+08:00 ] 192.168.206.33 /api/uc.php?time=1381386908&code=1f62Hb74%2FQ7HAraT33Hpwj7QOBJ43hC9onSxHO6tXTdtz%2B9cEZz7Tryr2HijGo4og8XmMDgBsJu831%2Bf371z%2F0xheM9bVK0rRhxIHV4gEADXYpgkDNFi%2FUcAoR79wUKXlLQ%2BAeiQALuQcO%2B1uVV%2FhH5GIGbQp3xdRvT1FiPtFQ
INFO: [ app_begin ] --START--
INFO: Run ReadHtmlCache Behavior [ RunTime:0.001275s ]
INFO: [ app_begin ] --END-- [ RunTime:0.001372s ]
NOTIC: [8] Constant UC_CLIENT_VERSION already defined D:\wwwroot\mainweb\sdk\api\UcApi\Lib\Action\IndexAction.class.php 第 4 行.
NOTIC: [8] Constant UC_CLIENT_RELEASE already defined D:\wwwroot\mainweb\sdk\api\UcApi\Lib\Action\IndexAction.class.php 第 5 行.
NOTIC: [2048] Only variables should be passed by reference D:\wwwroot\mainweb\sdk\api\UcApi\Lib\Action\IndexAction.class.php 第 63 行.
NOTIC: [8] Constant API_RETURN_FAILED already defined D:\wwwroot\mainweb\sdk\uc_client\model\note.php 第 16 行.
SQL: SHOW COLUMNS FROM `sdk_accounts` [ RunTime:0.002028s ]
SQL: SELECT * FROM `sdk_accounts` WHERE ( `account_id` = 1440 ) LIMIT 1   [ RunTime:0.000564s ]

[ 2013-10-10T14:37:07+08:00 ] 192.168.204.195 /api/uc.php?time=1381387026&code=c955fDjO2u%2Faw5DI%2FHejkBLUwFoefYfeHKMCX64dNuNgfXESW6%2BBzYOzSIcHzhepd9OZzxugiX1h6n3TDcyuWNccXsWgGP7EoDAv2eLp6kLwQ4Zvpjh%2B4u6eeGDv08Jq%2BDelvzzzkntoJXuPXlRCxEVQTAT4aL5Ye5OC55UN
INFO: [ app_begin ] --START--
INFO: Run ReadHtmlCache Behavior [ RunTime:0.000632s ]
INFO: [ app_begin ] --END-- [ RunTime:0.000729s ]
NOTIC: [8] Constant UC_CLIENT_VERSION already defined D:\wwwroot\mainweb\sdk\api\UcApi\Lib\Action\IndexAction.class.php 第 4 行.
NOTIC: [8] Constant UC_CLIENT_RELEASE already defined D:\wwwroot\mainweb\sdk\api\UcApi\Lib\Action\IndexAction.class.php 第 5 行.
NOTIC: [2048] Only variables should be passed by reference D:\wwwroot\mainweb\sdk\api\UcApi\Lib\Action\IndexAction.class.php 第 63 行.
NOTIC: [8] Constant API_RETURN_FAILED already defined D:\wwwroot\mainweb\sdk\uc_client\model\note.php 第 16 行.
SQL: SHOW COLUMNS FROM `sdk_accounts` [ RunTime:0.001728s ]
SQL: SELECT * FROM `sdk_accounts` WHERE ( `account_id` = 443 ) LIMIT 1   [ RunTime:0.000231s ]

[ 2013-10-10T14:53:23+08:00 ] 192.168.163.148 /api/uc.php?time=1381388000&code=4869gkvNfhtYQIBpbHLuSAn4l8cujiqzQHK0lOmEbGhEt4KbE8zwmCtHY346sQQs%2BFf6%2FpSF78AW%2FbsG%2BH8Ejxzq43Fc7AUu0GfOFiaEAww0bSLZc6Y%2BugPpAl%2B76rHQ05IEfe%2BSsubu9cb9mjrnCHSWwLbEBMG48Ecghdln%2BMk%2FHIWpUg
INFO: [ app_begin ] --START--
INFO: Run ReadHtmlCache Behavior [ RunTime:0.001170s ]
INFO: [ app_begin ] --END-- [ RunTime:0.001266s ]
NOTIC: [8] Constant UC_CLIENT_VERSION already defined D:\wwwroot\mainweb\sdk\api\UcApi\Lib\Action\IndexAction.class.php 第 4 行.
NOTIC: [8] Constant UC_CLIENT_RELEASE already defined D:\wwwroot\mainweb\sdk\api\UcApi\Lib\Action\IndexAction.class.php 第 5 行.
NOTIC: [2048] Only variables should be passed by reference D:\wwwroot\mainweb\sdk\api\UcApi\Lib\Action\IndexAction.class.php 第 63 行.
NOTIC: [8] Constant API_RETURN_FAILED already defined D:\wwwroot\mainweb\sdk\uc_client\model\note.php 第 16 行.
SQL: SHOW COLUMNS FROM `sdk_accounts` [ RunTime:0.002063s ]
SQL: SELECT * FROM `sdk_accounts` WHERE ( `account_id` = 2089 ) LIMIT 1   [ RunTime:0.000428s ]

[ 2013-10-10T15:40:41+08:00 ] 192.168.205.72 /api/uc.php?time=1381390841&code=9e570o5lMxEt2E0PX0l9gQorl9r9Oi%2Bnaf8%2F1ASeY5PJKGCmygz%2B2DRzs%2BUt8QPFTfCjDkRcDnoq7ctr0OkhzdgwlFuVXBc4XuU6BEB9Pg2ygx9EuobToMNJgq8NAHyLL1mBpITTfQI2vV3A8YqmYKHxP5ctyu%2Bb%2B%2FgPk8oO6mZdgT353aY
INFO: [ app_begin ] --START--
INFO: Run ReadHtmlCache Behavior [ RunTime:0.001070s ]
INFO: [ app_begin ] --END-- [ RunTime:0.001162s ]
NOTIC: [8] Constant UC_CLIENT_VERSION already defined D:\wwwroot\mainweb\sdk\api\UcApi\Lib\Action\IndexAction.class.php 第 4 行.
NOTIC: [8] Constant UC_CLIENT_RELEASE already defined D:\wwwroot\mainweb\sdk\api\UcApi\Lib\Action\IndexAction.class.php 第 5 行.
NOTIC: [2048] Only variables should be passed by reference D:\wwwroot\mainweb\sdk\api\UcApi\Lib\Action\IndexAction.class.php 第 63 行.
NOTIC: [8] Constant API_RETURN_FAILED already defined D:\wwwroot\mainweb\sdk\uc_client\model\note.php 第 16 行.
SQL: SHOW COLUMNS FROM `sdk_accounts` [ RunTime:0.002282s ]
SQL: SELECT * FROM `sdk_accounts` WHERE ( `account_id` = 1929 ) LIMIT 1   [ RunTime:0.000589s ]

[ 2013-10-10T15:47:09+08:00 ] 192.168.203.158 /api/uc.php?time=1381391229&code=83681NzXQ8bGx6wWMluFMAJBTJcGqUDjVVp3RLtayl4n5mXnD%2BuDmUcJjTgnfXGgk9w4I4Gv%2Fpm2ty7VQ5C4uelBiLhica3Fxzud%2Fgu4c2Ya5v6IvaoNdBiInZhYwUXcwtjmc2ECK9gpmrxmbHG%2FQZ2IYkm0rn5YcmhdcI8
INFO: [ app_begin ] --START--
INFO: Run ReadHtmlCache Behavior [ RunTime:0.000703s ]
INFO: [ app_begin ] --END-- [ RunTime:0.000796s ]
NOTIC: [8] Constant UC_CLIENT_VERSION already defined D:\wwwroot\mainweb\sdk\api\UcApi\Lib\Action\IndexAction.class.php 第 4 行.
NOTIC: [8] Constant UC_CLIENT_RELEASE already defined D:\wwwroot\mainweb\sdk\api\UcApi\Lib\Action\IndexAction.class.php 第 5 行.
NOTIC: [2048] Only variables should be passed by reference D:\wwwroot\mainweb\sdk\api\UcApi\Lib\Action\IndexAction.class.php 第 63 行.
NOTIC: [8] Constant API_RETURN_FAILED already defined D:\wwwroot\mainweb\sdk\uc_client\model\note.php 第 16 行.
SQL: SHOW COLUMNS FROM `sdk_accounts` [ RunTime:0.002345s ]
SQL: SELECT * FROM `sdk_accounts` WHERE ( `account_id` = 628 ) LIMIT 1   [ RunTime:0.000591s ]

[ 2013-10-10T16:10:07+08:00 ] 192.168.155.149 /api/uc.php?time=1381392606&code=d586C9%2BNoUV0NZLKGkzPWK7VKR1zm3jXMyc26kWzcJVPa%2FQPhT5PiIGn%2F3qqiD6BRoiOo9LNJOcID3mMS4gIMWb1PRVk43xUl4kJX9sKx1SufGdmAfcPgMKoIJMgnZ6Ss5kM1WJ%2F1duGfFSA0oD9wTwnxi5ytZ%2FckrM5OLMv5g
INFO: [ app_begin ] --START--
INFO: Run ReadHtmlCache Behavior [ RunTime:0.001039s ]
INFO: [ app_begin ] --END-- [ RunTime:0.001132s ]
NOTIC: [8] Constant UC_CLIENT_VERSION already defined D:\wwwroot\mainweb\sdk\api\UcApi\Lib\Action\IndexAction.class.php 第 4 行.
NOTIC: [8] Constant UC_CLIENT_RELEASE already defined D:\wwwroot\mainweb\sdk\api\UcApi\Lib\Action\IndexAction.class.php 第 5 行.
NOTIC: [2048] Only variables should be passed by reference D:\wwwroot\mainweb\sdk\api\UcApi\Lib\Action\IndexAction.class.php 第 63 行.
NOTIC: [8] Constant API_RETURN_FAILED already defined D:\wwwroot\mainweb\sdk\uc_client\model\note.php 第 16 行.
SQL: SHOW COLUMNS FROM `sdk_accounts` [ RunTime:0.014838s ]
SQL: SELECT * FROM `sdk_accounts` WHERE ( `account_id` = 2343 ) LIMIT 1   [ RunTime:0.000668s ]

[ 2013-10-10T16:29:38+08:00 ] 192.168.135.14 /api/uc.php?time=1381393778&code=7b50mSQv3j5%2BlDvqc3PTHVUcmMu5Dbyx3zC9qc5kqMDEhtQA4L%2FPN%2F1nTRBVR2gwccTbs1bG6kX1S32UxKftqVFRtGnU15Q1mOtJxmq8%2BasUQtsUutIyvqsfF%2BJTTIto2u1bp81THXrDkf%2B1WLs%2BlqrOvSldtvmDsydINxs
INFO: [ app_begin ] --START--
INFO: Run ReadHtmlCache Behavior [ RunTime:0.000726s ]
INFO: [ app_begin ] --END-- [ RunTime:0.000818s ]
NOTIC: [8] Constant UC_CLIENT_VERSION already defined D:\wwwroot\mainweb\sdk\api\UcApi\Lib\Action\IndexAction.class.php 第 4 行.
NOTIC: [8] Constant UC_CLIENT_RELEASE already defined D:\wwwroot\mainweb\sdk\api\UcApi\Lib\Action\IndexAction.class.php 第 5 行.
NOTIC: [2048] Only variables should be passed by reference D:\wwwroot\mainweb\sdk\api\UcApi\Lib\Action\IndexAction.class.php 第 63 行.
NOTIC: [8] Constant API_RETURN_FAILED already defined D:\wwwroot\mainweb\sdk\uc_client\model\note.php 第 16 行.
SQL: SHOW COLUMNS FROM `sdk_accounts` [ RunTime:0.002474s ]
SQL: SELECT * FROM `sdk_accounts` WHERE ( `account_id` = 846 ) LIMIT 1   [ RunTime:0.000520s ]

[ 2013-10-10T16:44:07+08:00 ] 192.168.204.198 /api/uc.php?time=1381394646&code=3920GFr792donA7l72XE98qe0Vu3Amcn%2BnF2FRit%2F63694jEjnfPTHSH8YDydBQYLaXNCW2N6vcHWSQmt%2F8qEQPgyTTtOyEadidW753p5bXzl3BSCoVAzbEd%2Btjd40GKVBkGjtAWB%2Bo%2FYKORibXnhauwPbf%2B3GOEogBi6xnlmys%2BoCA
INFO: [ app_begin ] --START--
INFO: Run ReadHtmlCache Behavior [ RunTime:0.001018s ]
INFO: [ app_begin ] --END-- [ RunTime:0.001112s ]
NOTIC: [8] Constant UC_CLIENT_VERSION already defined D:\wwwroot\mainweb\sdk\api\UcApi\Lib\Action\IndexAction.class.php 第 4 行.
NOTIC: [8] Constant UC_CLIENT_RELEASE already defined D:\wwwroot\mainweb\sdk\api\UcApi\Lib\Action\IndexAction.class.php 第 5 行.
NOTIC: [2048] Only variables should be passed by reference D:\wwwroot\mainweb\sdk\api\UcApi\Lib\Action\IndexAction.class.php 第 63 行.
NOTIC: [8] Constant API_RETURN_FAILED already defined D:\wwwroot\mainweb\sdk\uc_client\model\note.php 第 16 行.
SQL: SHOW COLUMNS FROM `sdk_accounts` [ RunTime:0.002109s ]
SQL: SELECT * FROM `sdk_accounts` WHERE ( `account_id` = 1636 ) LIMIT 1   [ RunTime:0.000482s ]

[ 2013-10-10T17:17:57+08:00 ] 192.168.164.6 /api/uc.php?time=1381396676&code=352a%2FLdhTXsVD4Dnbo2sdip7JZgmWGAneROYxpNnJRnNrSNB5KliiQjykMTZaPHQAAqS4pZFVKY9TG6dmhWowRssNcBSCCWEuIOF3SBJ%2BoMnwDrvdn9WWXr%2BJsJJBs9bpQmudNxnfm0aXPQGc6FdOLsJcHnDeWmL5wMXIdrPAKUVmHvaTg
INFO: [ app_begin ] --START--
INFO: Run ReadHtmlCache Behavior [ RunTime:0.001050s ]
INFO: [ app_begin ] --END-- [ RunTime:0.001142s ]
NOTIC: [8] Constant UC_CLIENT_VERSION already defined D:\wwwroot\mainweb\sdk\api\UcApi\Lib\Action\IndexAction.class.php 第 4 行.
NOTIC: [8] Constant UC_CLIENT_RELEASE already defined D:\wwwroot\mainweb\sdk\api\UcApi\Lib\Action\IndexAction.class.php 第 5 行.
NOTIC: [2048] Only variables should be passed by reference D:\wwwroot\mainweb\sdk\api\UcApi\Lib\Action\IndexAction.class.php 第 63 行.
NOTIC: [8] Constant API_RETURN_FAILED already defined D:\wwwroot\mainweb\sdk\uc_client\model\note.php 第 16 行.
SQL: SHOW COLUMNS FROM `sdk_accounts` [ RunTime:0.002188s ]
SQL: SELECT * FROM `sdk_accounts` WHERE ( `account_id` = 1303 ) LIMIT 1   [ RunTime:0.000515s ]

[ 2013-10-10T17:31:19+08:00 ] 192.168.202.235 /api/uc.php?time=1381397479&code=59b32sHi4cFl2ezQUgs7qpeoL5V6gc4HGnnkYlfXp3REyuxyH%2FrjQbV4tmv%2FZdEUPglmLsEu2mmUHSSy9LUE3WNua7yFPea9vk5GDPBDDe4kN5bFJhcl5Z7vA2IKLK2TvD4t7GUlVhwpkgmw7iJ5Ar19GtTMe1IxjV0eZ7aNCvc8
INFO: [ app_begin ] --START--
INFO: Run ReadHtmlCache Behavior [ RunTime:0.001024s ]
INFO: [ app_begin ] --END-- [ RunTime:0.001116s ]
NOTIC: [8] Constant UC_CLIENT_VERSION already defined D:\wwwroot\mainweb\sdk\api\UcApi\Lib\Action\IndexAction.class.php 第 4 行.
NOTIC: [8] Constant UC_CLIENT_RELEASE already defined D:\wwwroot\mainweb\sdk\api\UcApi\Lib\Action\IndexAction.class.php 第 5 行.
NOTIC: [2048] Only variables should be passed by reference D:\wwwroot\mainweb\sdk\api\UcApi\Lib\Action\IndexAction.class.php 第 63 行.
NOTIC: [8] Constant API_RETURN_FAILED already defined D:\wwwroot\mainweb\sdk\uc_client\model\note.php 第 16 行.
SQL: SHOW COLUMNS FROM `sdk_accounts` [ RunTime:0.021093s ]
SQL: SELECT * FROM `sdk_accounts` WHERE ( `account_id` = 1317 ) LIMIT 1   [ RunTime:0.000660s ]

[ 2013-10-10T17:47:20+08:00 ] 192.168.134.226 /api/uc.php?time=1381398440&code=9804sKfv3McjTPOtDDY%2FVmgbdxs5VVzIQkUQX0w%2BceBrbtAlwuEJf99cLus5IB8unB2UrCLUml3W%2BNvmtsbz8R6iXjn1z2bIIhzti1r%2FbBqSSZ%2Bn%2F1UZSOed0wH5VRgEu5E6u3GYp2D7VycF7F4HgkxvmG1yeg0oLfrm5vdIzjR5%2BQ
INFO: [ app_begin ] --START--
INFO: Run ReadHtmlCache Behavior [ RunTime:0.001027s ]
INFO: [ app_begin ] --END-- [ RunTime:0.001120s ]
NOTIC: [8] Constant UC_CLIENT_VERSION already defined D:\wwwroot\mainweb\sdk\api\UcApi\Lib\Action\IndexAction.class.php 第 4 行.
NOTIC: [8] Constant UC_CLIENT_RELEASE already defined D:\wwwroot\mainweb\sdk\api\UcApi\Lib\Action\IndexAction.class.php 第 5 行.
NOTIC: [2048] Only variables should be passed by reference D:\wwwroot\mainweb\sdk\api\UcApi\Lib\Action\IndexAction.class.php 第 63 行.
NOTIC: [8] Constant API_RETURN_FAILED already defined D:\wwwroot\mainweb\sdk\uc_client\model\note.php 第 16 行.
SQL: SHOW COLUMNS FROM `sdk_accounts` [ RunTime:0.002293s ]
SQL: SELECT * FROM `sdk_accounts` WHERE ( `account_id` = 2368 ) LIMIT 1   [ RunTime:0.000313s ]

[ 2013-10-10T17:52:50+08:00 ] 192.168.153.160 /api/uc.php?time=1381398770&code=b14eSLPZ%2BFFkm6c0gtt6NLO0fpLhuHgRIcaWzChzifwA5K2cb408qcAaffv403GxkuZfZlF2L5HvghkhPlsjOck6nxtBYFxPSfyLyXXg9fwLsFRwW4QMJSbcbrxyGb1NrSdFG3how%2BkgikD7gqoS7M%2Ff%2FHY3oKjocdK1Upy8GPbN8A
INFO: [ app_begin ] --START--
INFO: Run ReadHtmlCache Behavior [ RunTime:0.001076s ]
INFO: [ app_begin ] --END-- [ RunTime:0.001168s ]
NOTIC: [8] Constant UC_CLIENT_VERSION already defined D:\wwwroot\mainweb\sdk\api\UcApi\Lib\Action\IndexAction.class.php 第 4 行.
NOTIC: [8] Constant UC_CLIENT_RELEASE already defined D:\wwwroot\mainweb\sdk\api\UcApi\Lib\Action\IndexAction.class.php 第 5 行.
NOTIC: [2048] Only variables should be passed by reference D:\wwwroot\mainweb\sdk\api\UcApi\Lib\Action\IndexAction.class.php 第 63 行.
NOTIC: [8] Constant API_RETURN_FAILED already defined D:\wwwroot\mainweb\sdk\uc_client\model\note.php 第 16 行.
SQL: SHOW COLUMNS FROM `sdk_accounts` [ RunTime:0.001869s ]
SQL: SELECT * FROM `sdk_accounts` WHERE ( `account_id` = 1436 ) LIMIT 1   [ RunTime:0.000325s ]

[ 2013-10-10T17:55:53+08:00 ] 192.168.143.211 /api/uc.php?time=1381398953&code=14edIKtojSQxy1rBobsc7B%2BBtnvSlaR64JhxtMyjBFN%2FOahESyE2cDtqb1x1bBh0VMgFAruvHbKxhBGkG9yzrhlpuLlXCTDn1Ty5lOM89Axt0jzmMG3YmUTYrNTmds5o2pa%2BiPjZZXubMJEWyrEwx4HIAq0GoAIvyhYLtu7j1vg4
INFO: [ app_begin ] --START--
INFO: Run ReadHtmlCache Behavior [ RunTime:0.001096s ]
INFO: [ app_begin ] --END-- [ RunTime:0.001188s ]
NOTIC: [8] Constant UC_CLIENT_VERSION already defined D:\wwwroot\mainweb\sdk\api\UcApi\Lib\Action\IndexAction.class.php 第 4 行.
NOTIC: [8] Constant UC_CLIENT_RELEASE already defined D:\wwwroot\mainweb\sdk\api\UcApi\Lib\Action\IndexAction.class.php 第 5 行.
NOTIC: [2048] Only variables should be passed by reference D:\wwwroot\mainweb\sdk\api\UcApi\Lib\Action\IndexAction.class.php 第 63 行.
NOTIC: [8] Constant API_RETURN_FAILED already defined D:\wwwroot\mainweb\sdk\uc_client\model\note.php 第 16 行.
SQL: SHOW COLUMNS FROM `sdk_accounts` [ RunTime:0.002485s ]
SQL: SELECT * FROM `sdk_accounts` WHERE ( `account_id` = 405 ) LIMIT 1   [ RunTime:0.000596s ]

[ 2013-10-10T18:09:10+08:00 ] 192.168.235.40 /api/uc.php?time=1381399750&code=0816LvQGjpUtQF7KMK1UyvzHF3vp2Xt3bwgO%2FJA4IO87gjbhrhsUxllHBhFPw%2Bdlv8Ex1tBOJrx0by%2FlTDNAz6Ods%2FCZYkoaYwj8QQHeEEIntJkkXXFiIJCLyq49clo7irIqQtK%2F%2BD0JK5aZnVQMhGoWddGhT%2F7mYbVUKWk
INFO: [ app_begin ] --START--
INFO: Run ReadHtmlCache Behavior [ RunTime:0.001375s ]
INFO: [ app_begin ] --END-- [ RunTime:0.001465s ]
NOTIC: [8] Constant UC_CLIENT_VERSION already defined D:\wwwroot\mainweb\sdk\api\UcApi\Lib\Action\IndexAction.class.php 第 4 行.
NOTIC: [8] Constant UC_CLIENT_RELEASE already defined D:\wwwroot\mainweb\sdk\api\UcApi\Lib\Action\IndexAction.class.php 第 5 行.
NOTIC: [2048] Only variables should be passed by reference D:\wwwroot\mainweb\sdk\api\UcApi\Lib\Action\IndexAction.class.php 第 63 行.
NOTIC: [8] Constant API_RETURN_FAILED already defined D:\wwwroot\mainweb\sdk\uc_client\model\note.php 第 16 行.
SQL: SHOW COLUMNS FROM `sdk_accounts` [ RunTime:0.001805s ]
SQL: SELECT * FROM `sdk_accounts` WHERE ( `account_id` = 218 ) LIMIT 1   [ RunTime:0.000342s ]

[ 2013-10-10T18:12:24+08:00 ] 192.168.235.40 /api/uc.php?time=1381399944&code=5739iigCcXoUM00ltSvSMh6FdBJgWV%2B1j2DNhNZr3ymTW%2BtZ0ZWiOMut%2FtrJGQ7%2FwN10WVXUA3rM9i7hDQ
INFO: [ app_begin ] --START--
INFO: Run ReadHtmlCache Behavior [ RunTime:0.001277s ]
INFO: [ app_begin ] --END-- [ RunTime:0.001369s ]
NOTIC: [8] Constant UC_CLIENT_VERSION already defined D:\wwwroot\mainweb\sdk\api\UcApi\Lib\Action\IndexAction.class.php 第 4 行.
NOTIC: [8] Constant UC_CLIENT_RELEASE already defined D:\wwwroot\mainweb\sdk\api\UcApi\Lib\Action\IndexAction.class.php 第 5 行.
NOTIC: [2048] Only variables should be passed by reference D:\wwwroot\mainweb\sdk\api\UcApi\Lib\Action\IndexAction.class.php 第 63 行.

[ 2013-10-10T18:12:27+08:00 ] 192.168.235.40 /api/uc.php?time=1381399947&code=6129jyZ4g1xgTLJuCBo7wXRkQ%2FZzCRtRNi5jsnTmUiiCd%2FC1Wxj4OOGPQFUY4Zyke9KY7cGU%2F39WNZDb3xFkAju2X12ZJzm7rJBDFmq%2FDmSLq5uDYNEllkatJJ%2FvN6H8yqdEMKBSS0CHEnmAHoBl02LvvE7jxtDKBDCYC4g
INFO: [ app_begin ] --START--
INFO: Run ReadHtmlCache Behavior [ RunTime:0.001059s ]
INFO: [ app_begin ] --END-- [ RunTime:0.001147s ]
NOTIC: [8] Constant UC_CLIENT_VERSION already defined D:\wwwroot\mainweb\sdk\api\UcApi\Lib\Action\IndexAction.class.php 第 4 行.
NOTIC: [8] Constant UC_CLIENT_RELEASE already defined D:\wwwroot\mainweb\sdk\api\UcApi\Lib\Action\IndexAction.class.php 第 5 行.
NOTIC: [2048] Only variables should be passed by reference D:\wwwroot\mainweb\sdk\api\UcApi\Lib\Action\IndexAction.class.php 第 63 行.
NOTIC: [8] Constant API_RETURN_FAILED already defined D:\wwwroot\mainweb\sdk\uc_client\model\note.php 第 16 行.
SQL: SHOW COLUMNS FROM `sdk_accounts` [ RunTime:0.016508s ]
SQL: SELECT * FROM `sdk_accounts` WHERE ( `account_id` = 218 ) LIMIT 1   [ RunTime:0.000538s ]

[ 2013-10-10T18:12:38+08:00 ] 192.168.235.40 /api/uc.php?time=1381399958&code=1ceaSIRGFLPIPspDAcm9BsvwSl0Ov4Ry6lkZsoDkR9RYvT2K09AHA5iaCOR5SN91Uq2gNbFNpPgGm1Fb5Q
INFO: [ app_begin ] --START--
INFO: Run ReadHtmlCache Behavior [ RunTime:0.000943s ]
INFO: [ app_begin ] --END-- [ RunTime:0.001037s ]
NOTIC: [8] Constant UC_CLIENT_VERSION already defined D:\wwwroot\mainweb\sdk\api\UcApi\Lib\Action\IndexAction.class.php 第 4 行.
NOTIC: [8] Constant UC_CLIENT_RELEASE already defined D:\wwwroot\mainweb\sdk\api\UcApi\Lib\Action\IndexAction.class.php 第 5 行.
NOTIC: [2048] Only variables should be passed by reference D:\wwwroot\mainweb\sdk\api\UcApi\Lib\Action\IndexAction.class.php 第 63 行.

[ 2013-10-10T18:15:25+08:00 ] 192.168.235.40 /api/uc.php?time=1381400125&code=11a84eH9oTB2vG2HyhbIOdUHxoPmvDco0465QnDfy%2Fz%2B%2Bg4ARvxBSbdDLuTDg9Ex9aSTBkurcP2f8XODHg
INFO: [ app_begin ] --START--
INFO: Run ReadHtmlCache Behavior [ RunTime:0.001072s ]
INFO: [ app_begin ] --END-- [ RunTime:0.001165s ]
NOTIC: [8] Constant UC_CLIENT_VERSION already defined D:\wwwroot\mainweb\sdk\api\UcApi\Lib\Action\IndexAction.class.php 第 4 行.
NOTIC: [8] Constant UC_CLIENT_RELEASE already defined D:\wwwroot\mainweb\sdk\api\UcApi\Lib\Action\IndexAction.class.php 第 5 行.
NOTIC: [2048] Only variables should be passed by reference D:\wwwroot\mainweb\sdk\api\UcApi\Lib\Action\IndexAction.class.php 第 63 行.

[ 2013-10-10T18:15:29+08:00 ] 192.168.235.40 /api/uc.php?time=1381400129&code=6f9bsf32pwIXBau5JIVFRVNbZq9v8hVpSnDCdcqiOIX2Z0GZPdji1PGgd%2BM8YniOC0qxj1YrJE%2B0j7FXUUk%2F2i88edXxB6Re%2B3vrBc%2BIdCycgxBbCz%2BaF2BAnvChQOHxoZupUqxcpwT1c%2BqLg82xkfI%2BOzbQQbHiUMX9z26uDwF5WFvRbQ
INFO: [ app_begin ] --START--
INFO: Run ReadHtmlCache Behavior [ RunTime:0.000929s ]
INFO: [ app_begin ] --END-- [ RunTime:0.001022s ]
NOTIC: [8] Constant UC_CLIENT_VERSION already defined D:\wwwroot\mainweb\sdk\api\UcApi\Lib\Action\IndexAction.class.php 第 4 行.
NOTIC: [8] Constant UC_CLIENT_RELEASE already defined D:\wwwroot\mainweb\sdk\api\UcApi\Lib\Action\IndexAction.class.php 第 5 行.
NOTIC: [2048] Only variables should be passed by reference D:\wwwroot\mainweb\sdk\api\UcApi\Lib\Action\IndexAction.class.php 第 63 行.
NOTIC: [8] Constant API_RETURN_FAILED already defined D:\wwwroot\mainweb\sdk\uc_client\model\note.php 第 16 行.
SQL: SHOW COLUMNS FROM `sdk_accounts` [ RunTime:0.001893s ]
SQL: SELECT * FROM `sdk_accounts` WHERE ( `account_id` = 2337 ) LIMIT 1   [ RunTime:0.000412s ]

[ 2013-10-10T19:17:55+08:00 ] 192.168.205.153 /api/uc.php?time=1381403875&code=4554bcHroqQj05VmHquBsByx8yEWtZ5mys88YO1%2FqPubkPkZDmgI9GL6fnossTYt7LjOIFQgxHS9xjc2T9SvWCsOqTbtPE97FLapeLNwOGt1zE9muZ0E8mqOdjWiGze9DEPZICWlqdKn%2FHUSPNWzyvXOL0Rl6UrBawi1FToXMIhMQXZacEFu3Q
INFO: [ app_begin ] --START--
INFO: Run ReadHtmlCache Behavior [ RunTime:0.000937s ]
INFO: [ app_begin ] --END-- [ RunTime:0.001029s ]
NOTIC: [8] Constant UC_CLIENT_VERSION already defined D:\wwwroot\mainweb\sdk\api\UcApi\Lib\Action\IndexAction.class.php 第 4 行.
NOTIC: [8] Constant UC_CLIENT_RELEASE already defined D:\wwwroot\mainweb\sdk\api\UcApi\Lib\Action\IndexAction.class.php 第 5 行.
NOTIC: [2048] Only variables should be passed by reference D:\wwwroot\mainweb\sdk\api\UcApi\Lib\Action\IndexAction.class.php 第 63 行.
NOTIC: [8] Constant API_RETURN_FAILED already defined D:\wwwroot\mainweb\sdk\uc_client\model\note.php 第 16 行.
SQL: SHOW COLUMNS FROM `sdk_accounts` [ RunTime:0.015777s ]
SQL: SELECT * FROM `sdk_accounts` WHERE ( `account_id` = 2493 ) LIMIT 1   [ RunTime:0.000599s ]
SQL: INSERT INTO `sdk_accounts` (`account_id`,`user_name`,`email`,`password`,`reg_time`) VALUES (2493,'广外大蜀黍','1159507241@qq.com','38e0dfb54add7f008ef456c17ca6489487c1a91d',1381403875) [ RunTime:0.001332s ]

[ 2013-10-10T19:19:22+08:00 ] 202.116.192.50 /api/uc.php?code=ded6GdriZHUXaMQNUaWT7jDqOjCBLPPwviZI%2FHNXvgmc%2BU9HJTn6wVXOGK9rfhaEfjvqwWxD3Xo
INFO: [ app_begin ] --START--
INFO: Run ReadHtmlCache Behavior [ RunTime:0.001245s ]
INFO: [ app_begin ] --END-- [ RunTime:0.001340s ]
NOTIC: [8] Constant UC_CLIENT_VERSION already defined D:\wwwroot\mainweb\sdk\api\UcApi\Lib\Action\IndexAction.class.php 第 4 行.
NOTIC: [8] Constant UC_CLIENT_RELEASE already defined D:\wwwroot\mainweb\sdk\api\UcApi\Lib\Action\IndexAction.class.php 第 5 行.
NOTIC: [2048] Only variables should be passed by reference D:\wwwroot\mainweb\sdk\api\UcApi\Lib\Action\IndexAction.class.php 第 63 行.

[ 2013-10-10T19:22:27+08:00 ] 202.116.192.50 /api/uc.php?code=b626C%2FPUA6tYyDp%2FHK2KonT8H0liFs0rcP6aa%2Bw%2Bqcy9C6u1aLNazBDgoR9DZyM%2BD0fMOGlgRKKO%2BuyzWm1xmGfywiEsKLqLQDlCyNjWIEiLirZljCkVE9lsL1lkLFbPW7OiAaDj%2B5a9kcQ&__times__=1
INFO: [ app_begin ] --START--
INFO: Run ReadHtmlCache Behavior [ RunTime:0.001248s ]
INFO: [ app_begin ] --END-- [ RunTime:0.001340s ]
NOTIC: [8] Constant UC_CLIENT_VERSION already defined D:\wwwroot\mainweb\sdk\api\UcApi\Lib\Action\IndexAction.class.php 第 4 行.
NOTIC: [8] Constant UC_CLIENT_RELEASE already defined D:\wwwroot\mainweb\sdk\api\UcApi\Lib\Action\IndexAction.class.php 第 5 行.
NOTIC: [2048] Only variables should be passed by reference D:\wwwroot\mainweb\sdk\api\UcApi\Lib\Action\IndexAction.class.php 第 63 行.

[ 2013-10-10T19:22:47+08:00 ] 192.168.207.83 /api/uc.php?time=1381404166&code=7586EprifJrUBT6KFCZdWdazk1OEYgeQP6L%2FxuP2SMpFZyzcws6Oi6XjnrS5kA2bhTTfmI2c9vt25O%2FwBOwTL2E3oLLX9G55g9pIJntw6KTPUPqVBL8YwludOupSZbeWeEEk1eZXjNV8lF6OZPH0JxBKS%2BPzTsy5N2Etpb0
INFO: [ app_begin ] --START--
INFO: Run ReadHtmlCache Behavior [ RunTime:0.001094s ]
INFO: [ app_begin ] --END-- [ RunTime:0.001183s ]
NOTIC: [8] Constant UC_CLIENT_VERSION already defined D:\wwwroot\mainweb\sdk\api\UcApi\Lib\Action\IndexAction.class.php 第 4 行.
NOTIC: [8] Constant UC_CLIENT_RELEASE already defined D:\wwwroot\mainweb\sdk\api\UcApi\Lib\Action\IndexAction.class.php 第 5 行.
NOTIC: [2048] Only variables should be passed by reference D:\wwwroot\mainweb\sdk\api\UcApi\Lib\Action\IndexAction.class.php 第 63 行.
NOTIC: [8] Constant API_RETURN_FAILED already defined D:\wwwroot\mainweb\sdk\uc_client\model\note.php 第 16 行.
SQL: SHOW COLUMNS FROM `sdk_accounts` [ RunTime:0.018766s ]
SQL: SELECT * FROM `sdk_accounts` WHERE ( `account_id` = 218 ) LIMIT 1   [ RunTime:0.000657s ]

[ 2013-10-10T19:45:05+08:00 ] 192.168.204.79 /api/uc.php?time=1381405505&code=e5756s5HsdTATHflkqDNOsogl84aFtEgWSK7zmiDrr88j48RFtyJzU72Zqt9dw7vaowKRvxve38%2FcYBBdJMfiqb%2BIhflZgJ7r%2FycSmBb0olupckS9zm2DsDFQiHMcJdNX%2Fkh0BIWRTIQYZlK4q5ZfSQKYYa3fTvBw85X%2FA
INFO: [ app_begin ] --START--
INFO: Run ReadHtmlCache Behavior [ RunTime:0.001252s ]
INFO: [ app_begin ] --END-- [ RunTime:0.001342s ]
NOTIC: [8] Constant UC_CLIENT_VERSION already defined D:\wwwroot\mainweb\sdk\api\UcApi\Lib\Action\IndexAction.class.php 第 4 行.
NOTIC: [8] Constant UC_CLIENT_RELEASE already defined D:\wwwroot\mainweb\sdk\api\UcApi\Lib\Action\IndexAction.class.php 第 5 行.
NOTIC: [2048] Only variables should be passed by reference D:\wwwroot\mainweb\sdk\api\UcApi\Lib\Action\IndexAction.class.php 第 63 行.
NOTIC: [8] Constant API_RETURN_FAILED already defined D:\wwwroot\mainweb\sdk\uc_client\model\note.php 第 16 行.
SQL: SHOW COLUMNS FROM `sdk_accounts` [ RunTime:0.002262s ]
SQL: SELECT * FROM `sdk_accounts` WHERE ( `account_id` = 506 ) LIMIT 1   [ RunTime:0.000484s ]

[ 2013-10-10T20:12:48+08:00 ] 192.168.235.40 /api/uc.php?time=1381407168&code=2d78kfjEvfqlJo2ovqj80l0KSnKV3WxgpG8qSLSAM7Zww2Pb%2BcytiCuNctjyBWCCm%2BVHTd75dO8OIHDklNATgCPGub%2FIQGfB%2FtozcPadgSyLx5d0hY5ed9CJJxA7PqZ3fMo0u%2BbGPF9W5vbfn80PR%2FbqG2AH5ZjDCmBQZB3BnBlX2GEQNQ
INFO: [ app_begin ] --START--
INFO: Run ReadHtmlCache Behavior [ RunTime:0.001284s ]
INFO: [ app_begin ] --END-- [ RunTime:0.001373s ]
NOTIC: [8] Constant UC_CLIENT_VERSION already defined D:\wwwroot\mainweb\sdk\api\UcApi\Lib\Action\IndexAction.class.php 第 4 行.
NOTIC: [8] Constant UC_CLIENT_RELEASE already defined D:\wwwroot\mainweb\sdk\api\UcApi\Lib\Action\IndexAction.class.php 第 5 行.
NOTIC: [2048] Only variables should be passed by reference D:\wwwroot\mainweb\sdk\api\UcApi\Lib\Action\IndexAction.class.php 第 63 行.
NOTIC: [8] Constant API_RETURN_FAILED already defined D:\wwwroot\mainweb\sdk\uc_client\model\note.php 第 16 行.
SQL: SHOW COLUMNS FROM `sdk_accounts` [ RunTime:0.002066s ]
SQL: SELECT * FROM `sdk_accounts` WHERE ( `account_id` = 2337 ) LIMIT 1   [ RunTime:0.000569s ]

[ 2013-10-10T21:24:07+08:00 ] 192.168.156.196 /api/uc.php?time=1381411445&code=acf44hHenwpRLkJVnrG%2BqWFyRwLujCn2UdFK6idFolnb40DW59bGsiWFky24hxG9h2Db0qsFBhzMrTnIFytt4GtN6Mep6AJox5ckiH3T1UCFt6A9KXVM5HZWCX4n9CYD24RgHS6irHbemBTeF8A0At4jFsM0%2FWA3TJPBXFHy5A
INFO: [ app_begin ] --START--
INFO: Run ReadHtmlCache Behavior [ RunTime:0.001265s ]
INFO: [ app_begin ] --END-- [ RunTime:0.001359s ]
NOTIC: [8] Constant UC_CLIENT_VERSION already defined D:\wwwroot\mainweb\sdk\api\UcApi\Lib\Action\IndexAction.class.php 第 4 行.
NOTIC: [8] Constant UC_CLIENT_RELEASE already defined D:\wwwroot\mainweb\sdk\api\UcApi\Lib\Action\IndexAction.class.php 第 5 行.
NOTIC: [2048] Only variables should be passed by reference D:\wwwroot\mainweb\sdk\api\UcApi\Lib\Action\IndexAction.class.php 第 63 行.
NOTIC: [8] Constant API_RETURN_FAILED already defined D:\wwwroot\mainweb\sdk\uc_client\model\note.php 第 16 行.
SQL: SHOW COLUMNS FROM `sdk_accounts` [ RunTime:0.014080s ]
SQL: SELECT * FROM `sdk_accounts` WHERE ( `account_id` = 1556 ) LIMIT 1   [ RunTime:0.000630s ]

[ 2013-10-10T22:38:43+08:00 ] 192.168.175.201 /api/uc.php?time=1381415922&code=d0a7hCdtgcfhS9NWb2kVu224SkjuSXUkk1fTLeQIEG9FrXjg%2FR2T9bePstdsa8vgwTxisKLRIWj0Yzz3DKctbLbIRWkD5V262GMoKZO6ghZpqFTTJiA6xisvmeI0jAd5%2BMF66wOgokDSAqZ6KC8wk%2F5N8sopu0d8HUIQMSc
INFO: [ app_begin ] --START--
INFO: Run ReadHtmlCache Behavior [ RunTime:0.001296s ]
INFO: [ app_begin ] --END-- [ RunTime:0.001391s ]
NOTIC: [8] Constant UC_CLIENT_VERSION already defined D:\wwwroot\mainweb\sdk\api\UcApi\Lib\Action\IndexAction.class.php 第 4 行.
NOTIC: [8] Constant UC_CLIENT_RELEASE already defined D:\wwwroot\mainweb\sdk\api\UcApi\Lib\Action\IndexAction.class.php 第 5 行.
NOTIC: [2048] Only variables should be passed by reference D:\wwwroot\mainweb\sdk\api\UcApi\Lib\Action\IndexAction.class.php 第 63 行.
NOTIC: [8] Constant API_RETURN_FAILED already defined D:\wwwroot\mainweb\sdk\uc_client\model\note.php 第 16 行.
SQL: SHOW COLUMNS FROM `sdk_accounts` [ RunTime:0.002064s ]
SQL: SELECT * FROM `sdk_accounts` WHERE ( `account_id` = 687 ) LIMIT 1   [ RunTime:0.000433s ]

[ 2013-10-10T22:45:54+08:00 ] 192.168.181.236 /api/uc.php?time=1381416354&code=70beNxcLL3PfPEkl0k1n48uaz%2FiYgvOPI6k9DPrcgpUn5kNDYN0HM%2FdKEm%2By5hAS1R1gSKT3Ic4TTgMWy1VeUhx5g9a7A7mHBqaCzrVwe0xwRz7DNqtqcIj9olwpdsG4t%2F1rPH3X4sny4fg8MUMSaAdhenCu%2FfPlC542O%2Fm5zalqNYSmb5ALMOOOZw
INFO: [ app_begin ] --START--
INFO: Run ReadHtmlCache Behavior [ RunTime:0.000906s ]
INFO: [ app_begin ] --END-- [ RunTime:0.000996s ]
NOTIC: [8] Constant UC_CLIENT_VERSION already defined D:\wwwroot\mainweb\sdk\api\UcApi\Lib\Action\IndexAction.class.php 第 4 行.
NOTIC: [8] Constant UC_CLIENT_RELEASE already defined D:\wwwroot\mainweb\sdk\api\UcApi\Lib\Action\IndexAction.class.php 第 5 行.
NOTIC: [2048] Only variables should be passed by reference D:\wwwroot\mainweb\sdk\api\UcApi\Lib\Action\IndexAction.class.php 第 63 行.
NOTIC: [8] Constant API_RETURN_FAILED already defined D:\wwwroot\mainweb\sdk\uc_client\model\note.php 第 16 行.
SQL: SHOW COLUMNS FROM `sdk_accounts` [ RunTime:0.002240s ]
SQL: SELECT * FROM `sdk_accounts` WHERE ( `account_id` = 2351 ) LIMIT 1   [ RunTime:0.000555s ]

[ 2013-10-10T23:20:34+08:00 ] 192.168.132.88 /api/uc.php?time=1381418433&code=cbc9yVZ395Wy57P%2FxYzgdpBAtRtq2k6wegqlJlpWR397Da7g6KbVR2gLgufykQPkVwiwZmGtDpXcb%2FW2Lqt%2FV4Xy7PSL5rTfbRELTdFWx4Uz7EZagaB%2FgADXKlQrIiYRZ6RDGWdJZIlaUSA49M3JtGwZygNH%2FAgdQeUrSpwqT4JSrwE
INFO: [ app_begin ] --START--
INFO: Run ReadHtmlCache Behavior [ RunTime:0.001234s ]
INFO: [ app_begin ] --END-- [ RunTime:0.001324s ]
NOTIC: [8] Constant UC_CLIENT_VERSION already defined D:\wwwroot\mainweb\sdk\api\UcApi\Lib\Action\IndexAction.class.php 第 4 行.
NOTIC: [8] Constant UC_CLIENT_RELEASE already defined D:\wwwroot\mainweb\sdk\api\UcApi\Lib\Action\IndexAction.class.php 第 5 行.
NOTIC: [2048] Only variables should be passed by reference D:\wwwroot\mainweb\sdk\api\UcApi\Lib\Action\IndexAction.class.php 第 63 行.
NOTIC: [8] Constant API_RETURN_FAILED already defined D:\wwwroot\mainweb\sdk\uc_client\model\note.php 第 16 行.
SQL: SHOW COLUMNS FROM `sdk_accounts` [ RunTime:0.002264s ]
SQL: SELECT * FROM `sdk_accounts` WHERE ( `account_id` = 2494 ) LIMIT 1   [ RunTime:0.000407s ]
SQL: INSERT INTO `sdk_accounts` (`account_id`,`user_name`,`email`,`password`,`reg_time`) VALUES (2494,'南7栋722','787120226@qq.com','93bda6f5e61da01670956cdb3a3438ae9515bfb5',1381418434) [ RunTime:0.001218s ]

[ 2013-10-10T23:22:06+08:00 ] 202.116.192.50 /api/uc.php?code=4823ywqDbn5ZEu97RZAcBxY1dOfd51ZwRw5BwsvZMpAmUALDk1U334dmG4lksclpeZkBAthpm1U7S9GEuZy2Zu4KkZu0KjQzzNlwypMVicyXy7rCsFK7NA79ePJ6hY4ihY5hMt7AlKQi54I&__times__=1
INFO: [ app_begin ] --START--
INFO: Run ReadHtmlCache Behavior [ RunTime:0.001080s ]
INFO: [ app_begin ] --END-- [ RunTime:0.001170s ]
NOTIC: [8] Constant UC_CLIENT_VERSION already defined D:\wwwroot\mainweb\sdk\api\UcApi\Lib\Action\IndexAction.class.php 第 4 行.
NOTIC: [8] Constant UC_CLIENT_RELEASE already defined D:\wwwroot\mainweb\sdk\api\UcApi\Lib\Action\IndexAction.class.php 第 5 行.
NOTIC: [2048] Only variables should be passed by reference D:\wwwroot\mainweb\sdk\api\UcApi\Lib\Action\IndexAction.class.php 第 63 行.

[ 2013-10-10T23:22:06+08:00 ] 192.168.132.88 /api/uc.php?time=1381418525&code=37a5YL%2BxFTKKL7G%2Baww374Qit6ZVtT0RLS0q0yVUfTHKCn6%2BUMNoi6E8113V6oC7QSh%2Fg7i1boAVjLTBFvxm7%2BEjcxAPdpr6Pwwzln%2B1lbiYyw1Vq%2F1TbQfreXYS4tMr7hpZCpnKaMhQx2DJtMjEwr7r4yCcD%2BUTPAouETFjjLDUEw
INFO: [ app_begin ] --START--
INFO: Run ReadHtmlCache Behavior [ RunTime:0.001403s ]
INFO: [ app_begin ] --END-- [ RunTime:0.001496s ]
NOTIC: [8] Constant UC_CLIENT_VERSION already defined D:\wwwroot\mainweb\sdk\api\UcApi\Lib\Action\IndexAction.class.php 第 4 行.
NOTIC: [8] Constant UC_CLIENT_RELEASE already defined D:\wwwroot\mainweb\sdk\api\UcApi\Lib\Action\IndexAction.class.php 第 5 行.
NOTIC: [2048] Only variables should be passed by reference D:\wwwroot\mainweb\sdk\api\UcApi\Lib\Action\IndexAction.class.php 第 63 行.
NOTIC: [8] Constant API_RETURN_FAILED already defined D:\wwwroot\mainweb\sdk\uc_client\model\note.php 第 16 行.
SQL: SHOW COLUMNS FROM `sdk_accounts` [ RunTime:0.002025s ]
SQL: SELECT * FROM `sdk_accounts` WHERE ( `account_id` = 2494 ) LIMIT 1   [ RunTime:0.000491s ]
NOTIC: [8] Undefined index:  apph D:\wwwroot\mainweb\sdk\uc_client\model\note.php 第 169 行.
NOTIC: [8] Undefined offset:  2 D:\wwwroot\mainweb\sdk\uc_client\model\note.php 第 141 行.

[ 2013-10-10T23:22:37+08:00 ] 192.168.132.88 /api/uc.php?time=1381418556&code=65adoEa5SXd5IanJXuzGYM5crcYJfQ7X5taedZmCNz3EjFxmRU40xlpSGC510VrFj%2BmQldIqeOGkO4hPjA
INFO: [ app_begin ] --START--
INFO: Run ReadHtmlCache Behavior [ RunTime:0.001313s ]
INFO: [ app_begin ] --END-- [ RunTime:0.001406s ]
NOTIC: [8] Constant UC_CLIENT_VERSION already defined D:\wwwroot\mainweb\sdk\api\UcApi\Lib\Action\IndexAction.class.php 第 4 行.
NOTIC: [8] Constant UC_CLIENT_RELEASE already defined D:\wwwroot\mainweb\sdk\api\UcApi\Lib\Action\IndexAction.class.php 第 5 行.
NOTIC: [2048] Only variables should be passed by reference D:\wwwroot\mainweb\sdk\api\UcApi\Lib\Action\IndexAction.class.php 第 63 行.

[ 2013-10-10T23:23:00+08:00 ] 202.116.192.50 /api/uc.php?code=1a89shBiO1JeTFLHCzCOkktveAjXY1CZpGwoexz0kBJhKf3kkFzHuGOO3rtwG8A6AaF4dIb9g3xOTBZpuPnySawyHYvaK2UqUCoZyhc%2FyIkyv6V4W3Hy21%2FSfRvA9KsQb%2BGW9h4RH%2F%2B4oQI&__times__=1
INFO: [ app_begin ] --START--
INFO: Run ReadHtmlCache Behavior [ RunTime:0.001115s ]
INFO: [ app_begin ] --END-- [ RunTime:0.001204s ]
NOTIC: [8] Constant UC_CLIENT_VERSION already defined D:\wwwroot\mainweb\sdk\api\UcApi\Lib\Action\IndexAction.class.php 第 4 行.
NOTIC: [8] Constant UC_CLIENT_RELEASE already defined D:\wwwroot\mainweb\sdk\api\UcApi\Lib\Action\IndexAction.class.php 第 5 行.
NOTIC: [2048] Only variables should be passed by reference D:\wwwroot\mainweb\sdk\api\UcApi\Lib\Action\IndexAction.class.php 第 63 行.

[ 2013-10-10T23:23:00+08:00 ] 192.168.156.142 /api/uc.php?time=1381418580&code=9fa5088NMGORuwcuJI2ok8A2l%2BvQ%2FM%2BiwMYMdkKYc9ddHlrsGHkO3ii1SKM2xAhMI7A3vz%2BMnpAix9Ka%2BSR9l%2FUwXOCtA2OlAT29g7TIA0KI1Ma8fKjJPQjGJtM52Jor1SDSvMqVLNh%2F4zVzGmfvqh6TwM%2Bp8opdTKzBJldmnbau
INFO: [ app_begin ] --START--
INFO: Run ReadHtmlCache Behavior [ RunTime:0.001066s ]
INFO: [ app_begin ] --END-- [ RunTime:0.001158s ]
NOTIC: [8] Constant UC_CLIENT_VERSION already defined D:\wwwroot\mainweb\sdk\api\UcApi\Lib\Action\IndexAction.class.php 第 4 行.
NOTIC: [8] Constant UC_CLIENT_RELEASE already defined D:\wwwroot\mainweb\sdk\api\UcApi\Lib\Action\IndexAction.class.php 第 5 行.
NOTIC: [2048] Only variables should be passed by reference D:\wwwroot\mainweb\sdk\api\UcApi\Lib\Action\IndexAction.class.php 第 63 行.
NOTIC: [8] Constant API_RETURN_FAILED already defined D:\wwwroot\mainweb\sdk\uc_client\model\note.php 第 16 行.
SQL: SHOW COLUMNS FROM `sdk_accounts` [ RunTime:0.001848s ]
SQL: SELECT * FROM `sdk_accounts` WHERE ( `account_id` = 880 ) LIMIT 1   [ RunTime:0.000433s ]
NOTIC: [8] Undefined index:  apph D:\wwwroot\mainweb\sdk\uc_client\model\note.php 第 169 行.
NOTIC: [8] Undefined offset:  2 D:\wwwroot\mainweb\sdk\uc_client\model\note.php 第 141 行.

[ 2013-10-10T23:30:56+08:00 ] 192.168.182.70 /api/uc.php?time=1381419055&code=56dd0WATyK1bfWHZ5XCYvnOjl0ivRi69x5wApIKpa7F0WHHYqO%2F3ClYlBPmPFXxWFBRMHzMlWasaAKYlzs%2FC9CVWIDRZ2UAuKa8ET0p1CNRmnU1HCWsrv2oTkXGX%2BdA%2BibwNSuoeuxiTzEAl2sKlUkrRzC0QZGJ9REOrSmkRe%2FQz
INFO: [ app_begin ] --START--
INFO: Run ReadHtmlCache Behavior [ RunTime:0.001274s ]
INFO: [ app_begin ] --END-- [ RunTime:0.001369s ]
NOTIC: [8] Constant UC_CLIENT_VERSION already defined D:\wwwroot\mainweb\sdk\api\UcApi\Lib\Action\IndexAction.class.php 第 4 行.
NOTIC: [8] Constant UC_CLIENT_RELEASE already defined D:\wwwroot\mainweb\sdk\api\UcApi\Lib\Action\IndexAction.class.php 第 5 行.
NOTIC: [2048] Only variables should be passed by reference D:\wwwroot\mainweb\sdk\api\UcApi\Lib\Action\IndexAction.class.php 第 63 行.
NOTIC: [8] Constant API_RETURN_FAILED already defined D:\wwwroot\mainweb\sdk\uc_client\model\note.php 第 16 行.
SQL: SHOW COLUMNS FROM `sdk_accounts` [ RunTime:0.001984s ]
SQL: SELECT * FROM `sdk_accounts` WHERE ( `account_id` = 580 ) LIMIT 1   [ RunTime:0.000391s ]

[ 2013-10-10T23:33:20+08:00 ] 192.168.200.35 /api/uc.php?time=1381419200&code=42aaAJafAp1iz2Zy%2BB8Rqti8F7tOSbFdE3zINddwFixOuOtJNWgRAiTSJGPhxLV%2BLGLmHp7TxDrQcaKosaxHZ6J49V9nU8vVJjsa2Aifvjzr5g2vecUfZnsO6wMdEBgnnjlnBvbQP4jrJEttFcZg48uV6FKLBTTm%2F3NJwR4t3pVxfg
INFO: [ app_begin ] --START--
INFO: Run ReadHtmlCache Behavior [ RunTime:0.001232s ]
INFO: [ app_begin ] --END-- [ RunTime:0.001322s ]
NOTIC: [8] Constant UC_CLIENT_VERSION already defined D:\wwwroot\mainweb\sdk\api\UcApi\Lib\Action\IndexAction.class.php 第 4 行.
NOTIC: [8] Constant UC_CLIENT_RELEASE already defined D:\wwwroot\mainweb\sdk\api\UcApi\Lib\Action\IndexAction.class.php 第 5 行.
NOTIC: [2048] Only variables should be passed by reference D:\wwwroot\mainweb\sdk\api\UcApi\Lib\Action\IndexAction.class.php 第 63 行.
NOTIC: [8] Constant API_RETURN_FAILED already defined D:\wwwroot\mainweb\sdk\uc_client\model\note.php 第 16 行.
SQL: SHOW COLUMNS FROM `sdk_accounts` [ RunTime:0.002059s ]
SQL: SELECT * FROM `sdk_accounts` WHERE ( `account_id` = 2495 ) LIMIT 1   [ RunTime:0.000357s ]
SQL: INSERT INTO `sdk_accounts` (`account_id`,`user_name`,`email`,`password`,`reg_time`) VALUES (2495,'yinzishao','370953598@qq.com','de5996a8a5b4e61ec65d198910568c2eac37f023',1381419200) [ RunTime:0.000555s ]

[ 2013-10-10T23:59:18+08:00 ] 202.116.192.50 /api/uc.php?code=2176pFr%2Bh1E3pwSvmGf%2F01L1ZWOaOilIskBlrBluHpyLLX3mya6eKST9SidWYnHPWDu4OaUcpJ8IihXlfKLwNsdGvpzDDqseazNrma9GHjZSzlY%2FBUe5gFk&__times__=1
INFO: [ app_begin ] --START--
INFO: Run ReadHtmlCache Behavior [ RunTime:0.000751s ]
INFO: [ app_begin ] --END-- [ RunTime:0.000840s ]
NOTIC: [8] Constant UC_CLIENT_VERSION already defined D:\wwwroot\mainweb\sdk\api\UcApi\Lib\Action\IndexAction.class.php 第 4 行.
NOTIC: [8] Constant UC_CLIENT_RELEASE already defined D:\wwwroot\mainweb\sdk\api\UcApi\Lib\Action\IndexAction.class.php 第 5 行.
NOTIC: [2048] Only variables should be passed by reference D:\wwwroot\mainweb\sdk\api\UcApi\Lib\Action\IndexAction.class.php 第 63 行.

[ 2013-10-10T23:59:18+08:00 ] 192.168.131.76 /api/uc.php?time=1381420758&code=300076RtmrmZg5xrUD9LJ0buCyk48NlDWVUd8XAXEiKgLJZXvMXXF0lbPajRXgLq6%2F%2B1rVeDagJGC2px4GD3g3XeHDYkH7g6ruVyw8mH4cTzkbJcGZ%2ByoH6G7awsRpv1Uy%2BurkljANDB%2B5DKu%2BtCmBu6Uep34svWTKlYSzaOHns9
INFO: [ app_begin ] --START--
INFO: Run ReadHtmlCache Behavior [ RunTime:0.001502s ]
INFO: [ app_begin ] --END-- [ RunTime:0.001597s ]
NOTIC: [8] Constant UC_CLIENT_VERSION already defined D:\wwwroot\mainweb\sdk\api\UcApi\Lib\Action\IndexAction.class.php 第 4 行.
NOTIC: [8] Constant UC_CLIENT_RELEASE already defined D:\wwwroot\mainweb\sdk\api\UcApi\Lib\Action\IndexAction.class.php 第 5 行.
NOTIC: [2048] Only variables should be passed by reference D:\wwwroot\mainweb\sdk\api\UcApi\Lib\Action\IndexAction.class.php 第 63 行.
NOTIC: [8] Constant API_RETURN_FAILED already defined D:\wwwroot\mainweb\sdk\uc_client\model\note.php 第 16 行.
SQL: SHOW COLUMNS FROM `sdk_accounts` [ RunTime:0.002515s ]
SQL: SELECT * FROM `sdk_accounts` WHERE ( `account_id` = 709 ) LIMIT 1   [ RunTime:0.000610s ]
NOTIC: [8] Undefined index:  apph D:\wwwroot\mainweb\sdk\uc_client\model\note.php 第 169 行.
NOTIC: [8] Undefined offset:  2 D:\wwwroot\mainweb\sdk\uc_client\model\note.php 第 141 行.

