[ 2013-12-31T08:05:57+08:00 ] 192.168.136.158 /api/uc.php?time=1388448357&code=2e35KNiFYgGtcHxmsQJDWvYzhLzEK8I9%2B5%2BqJcwaFRXEFd1PTYc2BI8YGDrvLGjL5c3QoB6O8ZwYZ90wBNvBf3QetuGtLoqAjyEHcMX8uWk8oBgyHprtJdzVCeqV5dn5ODkIUMK%2ByA38SPp0vQBGf%2Bj9WArPPl534BuyGYe5w%2Fie1A
INFO: [ app_begin ] --START--
INFO: Run ReadHtmlCache Behavior [ RunTime:0.001071s ]
INFO: [ app_begin ] --END-- [ RunTime:0.001162s ]
NOTIC: [8] Constant UC_CLIENT_VERSION already defined D:\wwwroot\mainweb\sdk\api\UcApi\Lib\Action\IndexAction.class.php 第 4 行.
NOTIC: [8] Constant UC_CLIENT_RELEASE already defined D:\wwwroot\mainweb\sdk\api\UcApi\Lib\Action\IndexAction.class.php 第 5 行.
NOTIC: [2048] Only variables should be passed by reference D:\wwwroot\mainweb\sdk\api\UcApi\Lib\Action\IndexAction.class.php 第 63 行.
NOTIC: [8] Constant API_RETURN_FAILED already defined D:\wwwroot\mainweb\sdk\uc_client\model\note.php 第 16 行.
SQL: SHOW COLUMNS FROM `sdk_accounts` [ RunTime:0.002315s ]
SQL: SELECT * FROM `sdk_accounts` WHERE ( `account_id` = 1560 ) LIMIT 1   [ RunTime:0.000484s ]

[ 2013-12-31T09:45:33+08:00 ] 192.168.208.223 /api/uc.php?time=1388454333&code=1fc5IpNKXW%2FEd6zdBDBTFwCspyiGMkJ45sfhLU0JSt%2Fi25F2V3GlA0QbJP4lPCbRnsDQwbRrDyXhKrf0xMchthiOKttGWeH0cxgNtQbJvcBBJVuG2ntb5GOr7Nm9AHEuFLKmdtSUtlNdyyWW7lHmb2v%2BG8mdDBk6a5wnoXYFkzSFlA
INFO: [ app_begin ] --START--
INFO: Run ReadHtmlCache Behavior [ RunTime:0.001028s ]
INFO: [ app_begin ] --END-- [ RunTime:0.001120s ]
NOTIC: [8] Constant UC_CLIENT_VERSION already defined D:\wwwroot\mainweb\sdk\api\UcApi\Lib\Action\IndexAction.class.php 第 4 行.
NOTIC: [8] Constant UC_CLIENT_RELEASE already defined D:\wwwroot\mainweb\sdk\api\UcApi\Lib\Action\IndexAction.class.php 第 5 行.
NOTIC: [2048] Only variables should be passed by reference D:\wwwroot\mainweb\sdk\api\UcApi\Lib\Action\IndexAction.class.php 第 63 行.
NOTIC: [8] Constant API_RETURN_FAILED already defined D:\wwwroot\mainweb\sdk\uc_client\model\note.php 第 16 行.
SQL: SHOW COLUMNS FROM `sdk_accounts` [ RunTime:0.002121s ]
SQL: SELECT * FROM `sdk_accounts` WHERE ( `account_id` = 2396 ) LIMIT 1   [ RunTime:0.010400s ]

[ 2013-12-31T10:00:51+08:00 ] 192.168.201.15 /api/uc.php?time=1388455250&code=bcddBjidsj1vSQ32zMd8M%2FmLWZ1ZPUFB2TfssxFDxe0Ei0e8tfw3YiWXWvhidr8Gu81MM%2F2Hr7uqeMMBwEaNUGcwzAtGLdSMh5kA7OIKTmrvPZp6HcvwR6McueQVU67qRjmNCiZerm3mXXZWdtuCvEevUB%2BrWDTgf8orqe0oIA
INFO: [ app_begin ] --START--
INFO: Run ReadHtmlCache Behavior [ RunTime:0.001512s ]
INFO: [ app_begin ] --END-- [ RunTime:0.001609s ]
NOTIC: [8] Constant UC_CLIENT_VERSION already defined D:\wwwroot\mainweb\sdk\api\UcApi\Lib\Action\IndexAction.class.php 第 4 行.
NOTIC: [8] Constant UC_CLIENT_RELEASE already defined D:\wwwroot\mainweb\sdk\api\UcApi\Lib\Action\IndexAction.class.php 第 5 行.
NOTIC: [2048] Only variables should be passed by reference D:\wwwroot\mainweb\sdk\api\UcApi\Lib\Action\IndexAction.class.php 第 63 行.
NOTIC: [8] Constant API_RETURN_FAILED already defined D:\wwwroot\mainweb\sdk\uc_client\model\note.php 第 16 行.
SQL: SHOW COLUMNS FROM `sdk_accounts` [ RunTime:0.002147s ]
SQL: SELECT * FROM `sdk_accounts` WHERE ( `account_id` = 1711 ) LIMIT 1   [ RunTime:0.000614s ]

[ 2013-12-31T10:03:33+08:00 ] 192.168.166.24 /api/uc.php?time=1388455413&code=2d697kvpTR6VZbjIo0sdP7drrrnL1K7C%2B7pxAV777PJxBcNlyXbbmLIdcnNptxOWdqVIgXoH%2BUXURm5gbOBSKCmi7CyFlJP4%2BwE87v79XcFZjrS37fjR2%2BX2RVFujF9Iveq%2FgyrfEChyBlCZTh5PIe0jQaxziIfX340BxXmE0w
INFO: [ app_begin ] --START--
INFO: Run ReadHtmlCache Behavior [ RunTime:0.001114s ]
INFO: [ app_begin ] --END-- [ RunTime:0.001206s ]
NOTIC: [8] Constant UC_CLIENT_VERSION already defined D:\wwwroot\mainweb\sdk\api\UcApi\Lib\Action\IndexAction.class.php 第 4 行.
NOTIC: [8] Constant UC_CLIENT_RELEASE already defined D:\wwwroot\mainweb\sdk\api\UcApi\Lib\Action\IndexAction.class.php 第 5 行.
NOTIC: [2048] Only variables should be passed by reference D:\wwwroot\mainweb\sdk\api\UcApi\Lib\Action\IndexAction.class.php 第 63 行.
NOTIC: [8] Constant API_RETURN_FAILED already defined D:\wwwroot\mainweb\sdk\uc_client\model\note.php 第 16 行.
SQL: SHOW COLUMNS FROM `sdk_accounts` [ RunTime:0.002094s ]
SQL: SELECT * FROM `sdk_accounts` WHERE ( `account_id` = 2240 ) LIMIT 1   [ RunTime:0.000460s ]

[ 2013-12-31T10:09:20+08:00 ] 117.136.34.66 /api/uc.php?time=1388455753&code=d198TeUOmFvKjeNLfymBS1m8fJAQEmVgM0BQn6cXayDG4kTKhdu2379V7TUl9lYWS5c1kn3ZoArXp1lVka1uAb5oxxzOBAQx9NdkreR5VqRLmjopi5nKj2AxB24G6PufwR74TTYHejWopjhXpQP%2ByS%2FEqUGwGVUaXz7mP6Gvl6Mwizc
INFO: [ app_begin ] --START--
INFO: Run ReadHtmlCache Behavior [ RunTime:0.001192s ]
INFO: [ app_begin ] --END-- [ RunTime:0.001287s ]
NOTIC: [8] Constant UC_CLIENT_VERSION already defined D:\wwwroot\mainweb\sdk\api\UcApi\Lib\Action\IndexAction.class.php 第 4 行.
NOTIC: [8] Constant UC_CLIENT_RELEASE already defined D:\wwwroot\mainweb\sdk\api\UcApi\Lib\Action\IndexAction.class.php 第 5 行.
NOTIC: [2048] Only variables should be passed by reference D:\wwwroot\mainweb\sdk\api\UcApi\Lib\Action\IndexAction.class.php 第 63 行.
NOTIC: [8] Constant API_RETURN_FAILED already defined D:\wwwroot\mainweb\sdk\uc_client\model\note.php 第 16 行.
SQL: SHOW COLUMNS FROM `sdk_accounts` [ RunTime:0.002214s ]
SQL: SELECT * FROM `sdk_accounts` WHERE ( `account_id` = 2290 ) LIMIT 1   [ RunTime:0.012893s ]

[ 2013-12-31T10:19:13+08:00 ] 192.168.203.2 /api/uc.php?time=1388456352&code=642b5B0RWgPVe%2BKAtMi8g4tUdhTiSKw%2F2oqfDP1%2FmwRvfGqXqiuB%2BcahDTIJcWZRcSRJmIHW1nNQFVTxsX6sF0WzaG8EzcgELONFobb7eh0cqyB2jw4zO9iBQUuItE9FuopWeCQ3eQkD%2FSsut5VcR1pXwsoTRLK7DPEZpOAb1lAWpQ
INFO: [ app_begin ] --START--
INFO: Run ReadHtmlCache Behavior [ RunTime:0.001807s ]
INFO: [ app_begin ] --END-- [ RunTime:0.001921s ]
NOTIC: [8] Constant UC_CLIENT_VERSION already defined D:\wwwroot\mainweb\sdk\api\UcApi\Lib\Action\IndexAction.class.php 第 4 行.
NOTIC: [8] Constant UC_CLIENT_RELEASE already defined D:\wwwroot\mainweb\sdk\api\UcApi\Lib\Action\IndexAction.class.php 第 5 行.
NOTIC: [2048] Only variables should be passed by reference D:\wwwroot\mainweb\sdk\api\UcApi\Lib\Action\IndexAction.class.php 第 63 行.
NOTIC: [8] Constant API_RETURN_FAILED already defined D:\wwwroot\mainweb\sdk\uc_client\model\note.php 第 16 行.
SQL: SHOW COLUMNS FROM `sdk_accounts` [ RunTime:0.002166s ]
SQL: SELECT * FROM `sdk_accounts` WHERE ( `account_id` = 1426 ) LIMIT 1   [ RunTime:0.010237s ]

[ 2013-12-31T10:21:31+08:00 ] 192.168.134.154 /api/uc.php?time=1388456491&code=d215ns6B17amHNzTO4SwRhMAb2%2BTh7%2BEYedXZruIu7b0tTdi1HuxDPhScrbtAmn1bcxhcI1Ie2ygqLcNPjuUcrQp%2FeAevuphMRJIKScOPEt%2BO4hL7EyGhbRJ9wEAUa4cnkBbwn8l%2FCV0PdbDxtgBERy2qDLfJt5AjkzvdWaGT5xndGq2
INFO: [ app_begin ] --START--
INFO: Run ReadHtmlCache Behavior [ RunTime:0.001055s ]
INFO: [ app_begin ] --END-- [ RunTime:0.001148s ]
NOTIC: [8] Constant UC_CLIENT_VERSION already defined D:\wwwroot\mainweb\sdk\api\UcApi\Lib\Action\IndexAction.class.php 第 4 行.
NOTIC: [8] Constant UC_CLIENT_RELEASE already defined D:\wwwroot\mainweb\sdk\api\UcApi\Lib\Action\IndexAction.class.php 第 5 行.
NOTIC: [2048] Only variables should be passed by reference D:\wwwroot\mainweb\sdk\api\UcApi\Lib\Action\IndexAction.class.php 第 63 行.
NOTIC: [8] Constant API_RETURN_FAILED already defined D:\wwwroot\mainweb\sdk\uc_client\model\note.php 第 16 行.
SQL: SHOW COLUMNS FROM `sdk_accounts` [ RunTime:0.002013s ]
SQL: SELECT * FROM `sdk_accounts` WHERE ( `account_id` = 1683 ) LIMIT 1   [ RunTime:0.000512s ]

[ 2013-12-31T12:22:41+08:00 ] 192.168.166.172 /api/uc.php?time=1388463761&code=fed1iuZjfNpvhKU3dlnr49TKpLHVFF3MazkYh86dcgntQTUxN7%2FpKgDiPihbRLX0xP29oVSVQUyKddhUDlPCJfUkkG00FCbDfsGkAtjYlIC8Qu1LAwonrsU%2FugwL9NkYCTOi8C5uG%2F8KHqjvcUriCc5lmIjSm%2FwDhSOMJ0hYx2VqOg
INFO: [ app_begin ] --START--
INFO: Run ReadHtmlCache Behavior [ RunTime:0.000700s ]
INFO: [ app_begin ] --END-- [ RunTime:0.000788s ]
NOTIC: [8] Constant UC_CLIENT_VERSION already defined D:\wwwroot\mainweb\sdk\api\UcApi\Lib\Action\IndexAction.class.php 第 4 行.
NOTIC: [8] Constant UC_CLIENT_RELEASE already defined D:\wwwroot\mainweb\sdk\api\UcApi\Lib\Action\IndexAction.class.php 第 5 行.
NOTIC: [2048] Only variables should be passed by reference D:\wwwroot\mainweb\sdk\api\UcApi\Lib\Action\IndexAction.class.php 第 63 行.
NOTIC: [8] Constant API_RETURN_FAILED already defined D:\wwwroot\mainweb\sdk\uc_client\model\note.php 第 16 行.
SQL: SHOW COLUMNS FROM `sdk_accounts` [ RunTime:0.002115s ]
SQL: SELECT * FROM `sdk_accounts` WHERE ( `account_id` = 2409 ) LIMIT 1   [ RunTime:0.000341s ]

[ 2013-12-31T13:54:33+08:00 ] 192.168.170.7 /api/uc.php?time=1388469273&code=de497lZ2ygQ0EpHEksfQjIOoW7W%2FbBrmTUyzZGI9TK67gzUwTa4e80mf5vFZvf%2Bpi%2BwLDN9JvWZmgffsO8ok%2FYpdCKjIiAkwFZT3bO%2FOoQgQAK6YgHgwhD1zrkIP0dD07BslYrM0vsJTsfbvrqiIOA5FaGa5fHOymZjq
INFO: [ app_begin ] --START--
INFO: Run ReadHtmlCache Behavior [ RunTime:0.001043s ]
INFO: [ app_begin ] --END-- [ RunTime:0.001135s ]
NOTIC: [8] Constant UC_CLIENT_VERSION already defined D:\wwwroot\mainweb\sdk\api\UcApi\Lib\Action\IndexAction.class.php 第 4 行.
NOTIC: [8] Constant UC_CLIENT_RELEASE already defined D:\wwwroot\mainweb\sdk\api\UcApi\Lib\Action\IndexAction.class.php 第 5 行.
NOTIC: [2048] Only variables should be passed by reference D:\wwwroot\mainweb\sdk\api\UcApi\Lib\Action\IndexAction.class.php 第 63 行.
NOTIC: [8] Constant API_RETURN_FAILED already defined D:\wwwroot\mainweb\sdk\uc_client\model\note.php 第 16 行.
SQL: SHOW COLUMNS FROM `sdk_accounts` [ RunTime:0.002380s ]
SQL: SELECT * FROM `sdk_accounts` WHERE ( `account_id` = 805 ) LIMIT 1   [ RunTime:0.000502s ]

[ 2013-12-31T14:41:51+08:00 ] 192.168.138.178 /api/uc.php?time=1388472111&code=721beFOy1Bxivg526ETzNzp4k93DPeAbeMeHyFKIAki0w2oHv4rLOGZbFe555bm0qmhLo4uP0H7hKPJZqO9YGedUu9Xe0IAwuIO1vPmpzcDK%2BiaxYajpyQJ7Y4jg4%2BR7bB%2F%2Bqkz6F63Ho5%2FE5DpG1ucsl1aIJIPgvqZg%2B3yBDnTi0vBy2g
INFO: [ app_begin ] --START--
INFO: Run ReadHtmlCache Behavior [ RunTime:0.001072s ]
INFO: [ app_begin ] --END-- [ RunTime:0.001163s ]
NOTIC: [8] Constant UC_CLIENT_VERSION already defined D:\wwwroot\mainweb\sdk\api\UcApi\Lib\Action\IndexAction.class.php 第 4 行.
NOTIC: [8] Constant UC_CLIENT_RELEASE already defined D:\wwwroot\mainweb\sdk\api\UcApi\Lib\Action\IndexAction.class.php 第 5 行.
NOTIC: [2048] Only variables should be passed by reference D:\wwwroot\mainweb\sdk\api\UcApi\Lib\Action\IndexAction.class.php 第 63 行.
NOTIC: [8] Constant API_RETURN_FAILED already defined D:\wwwroot\mainweb\sdk\uc_client\model\note.php 第 16 行.
SQL: SHOW COLUMNS FROM `sdk_accounts` [ RunTime:0.002620s ]
SQL: SELECT * FROM `sdk_accounts` WHERE ( `account_id` = 2548 ) LIMIT 1   [ RunTime:0.000606s ]

[ 2013-12-31T15:22:19+08:00 ] 192.168.185.169 /api/uc.php?time=1388474539&code=7f039GjNQeqj8MVxOwoKkx6nsp6HMDZPfwGtuG8cL61ozPAupeFtFxq%2FI5ixox%2FXD1Fyv8r2V0PkvstFtVtzTqlfDS6X%2FtoDz8yTi3YI4Cgco0tpQ1POjXKEHf38NIsNRffblyFif8nIWdFQcEa%2FxlHV4KmiFgjfUCfNG6h88gL6IDM
INFO: [ app_begin ] --START--
INFO: Run ReadHtmlCache Behavior [ RunTime:0.001151s ]
INFO: [ app_begin ] --END-- [ RunTime:0.001242s ]
NOTIC: [8] Constant UC_CLIENT_VERSION already defined D:\wwwroot\mainweb\sdk\api\UcApi\Lib\Action\IndexAction.class.php 第 4 行.
NOTIC: [8] Constant UC_CLIENT_RELEASE already defined D:\wwwroot\mainweb\sdk\api\UcApi\Lib\Action\IndexAction.class.php 第 5 行.
NOTIC: [2048] Only variables should be passed by reference D:\wwwroot\mainweb\sdk\api\UcApi\Lib\Action\IndexAction.class.php 第 63 行.
NOTIC: [8] Constant API_RETURN_FAILED already defined D:\wwwroot\mainweb\sdk\uc_client\model\note.php 第 16 行.
SQL: SHOW COLUMNS FROM `sdk_accounts` [ RunTime:0.002444s ]
SQL: SELECT * FROM `sdk_accounts` WHERE ( `account_id` = 2410 ) LIMIT 1   [ RunTime:0.000418s ]

[ 2013-12-31T16:11:15+08:00 ] 192.168.146.201 /api/uc.php?time=1388477474&code=9fc7xcHvcIl6tGW%2BpMnEdkFXb%2B3%2F7WWY4AXpXoZFiWrUgaEEnT7ayvMjqrw7dmPr5QnFbfVvPk89jQq%2FHIgefRaHwzvN%2BcEE5aiL8U%2FxmsScdxMq6aPOivu80g2lW2cVYAVgQ8FdV8QJpj%2FQeDXfuXvapIOWXCGAahKRC1Bgl7Y%2FSP8
INFO: [ app_begin ] --START--
INFO: Run ReadHtmlCache Behavior [ RunTime:0.001062s ]
INFO: [ app_begin ] --END-- [ RunTime:0.001157s ]
NOTIC: [8] Constant UC_CLIENT_VERSION already defined D:\wwwroot\mainweb\sdk\api\UcApi\Lib\Action\IndexAction.class.php 第 4 行.
NOTIC: [8] Constant UC_CLIENT_RELEASE already defined D:\wwwroot\mainweb\sdk\api\UcApi\Lib\Action\IndexAction.class.php 第 5 行.
NOTIC: [2048] Only variables should be passed by reference D:\wwwroot\mainweb\sdk\api\UcApi\Lib\Action\IndexAction.class.php 第 63 行.
NOTIC: [8] Constant API_RETURN_FAILED already defined D:\wwwroot\mainweb\sdk\uc_client\model\note.php 第 16 行.
SQL: SHOW COLUMNS FROM `sdk_accounts` [ RunTime:0.002250s ]
SQL: SELECT * FROM `sdk_accounts` WHERE ( `account_id` = 1534 ) LIMIT 1   [ RunTime:0.000497s ]

[ 2013-12-31T17:19:13+08:00 ] 192.168.203.136 /api/uc.php?time=1388481552&code=8c98PEmlSoL4HikRWLrsi%2BN1m26e%2B7oQ4jZ6T1OdLoZooY70xpbFlQX6vgp%2BFmuY%2FpPRNXB6LcRw%2BIh9Dd5kp91atE85JGzop2pzoZ5tY7qmKnImRmC%2BMaxhCHdFTowqxRVUCvy6jPOtO7M0JDTbR2SIuuz5uC6SnNAsa8qo
INFO: [ app_begin ] --START--
INFO: Run ReadHtmlCache Behavior [ RunTime:0.001034s ]
INFO: [ app_begin ] --END-- [ RunTime:0.001127s ]
NOTIC: [8] Constant UC_CLIENT_VERSION already defined D:\wwwroot\mainweb\sdk\api\UcApi\Lib\Action\IndexAction.class.php 第 4 行.
NOTIC: [8] Constant UC_CLIENT_RELEASE already defined D:\wwwroot\mainweb\sdk\api\UcApi\Lib\Action\IndexAction.class.php 第 5 行.
NOTIC: [2048] Only variables should be passed by reference D:\wwwroot\mainweb\sdk\api\UcApi\Lib\Action\IndexAction.class.php 第 63 行.
NOTIC: [8] Constant API_RETURN_FAILED already defined D:\wwwroot\mainweb\sdk\uc_client\model\note.php 第 16 行.
SQL: SHOW COLUMNS FROM `sdk_accounts` [ RunTime:0.002769s ]
SQL: SELECT * FROM `sdk_accounts` WHERE ( `account_id` = 643 ) LIMIT 1   [ RunTime:0.000493s ]

[ 2013-12-31T18:01:15+08:00 ] 192.168.166.241 /api/uc.php?time=1388484075&code=8022QtwW02n5drA09dSvc%2FIEigmhlilkLJ5zhdJbiQp69fM7O5r7QjB71PlMHLY7pnTay9Bea9tbu%2B1cxWIOhM1fVe0ndyeTvLSDJvDwyoFtIu3Rk8tGTVIA4UnbSOf73lDYmfIB3Q64uJQTjcb8l1uYVNAParvxZs93jeWNxImTALHm
INFO: [ app_begin ] --START--
INFO: Run ReadHtmlCache Behavior [ RunTime:0.001402s ]
INFO: [ app_begin ] --END-- [ RunTime:0.001495s ]
NOTIC: [8] Constant UC_CLIENT_VERSION already defined D:\wwwroot\mainweb\sdk\api\UcApi\Lib\Action\IndexAction.class.php 第 4 行.
NOTIC: [8] Constant UC_CLIENT_RELEASE already defined D:\wwwroot\mainweb\sdk\api\UcApi\Lib\Action\IndexAction.class.php 第 5 行.
NOTIC: [2048] Only variables should be passed by reference D:\wwwroot\mainweb\sdk\api\UcApi\Lib\Action\IndexAction.class.php 第 63 行.
NOTIC: [8] Constant API_RETURN_FAILED already defined D:\wwwroot\mainweb\sdk\uc_client\model\note.php 第 16 行.
SQL: SHOW COLUMNS FROM `sdk_accounts` [ RunTime:0.002312s ]
SQL: SELECT * FROM `sdk_accounts` WHERE ( `account_id` = 953 ) LIMIT 1   [ RunTime:0.000570s ]

[ 2013-12-31T18:08:54+08:00 ] 192.168.137.13 /api/uc.php?time=1388484534&code=f1a0vCH4sU26FoSbfiGN942N7TCX1g7G6byHM9lFlwo6caSXv3CypHLr3YMQl0WUGXy5oQncKXLqFi3cHPmRS4Sp75%2Bq0iO5k9ZzZpqTilE2xMwV%2FaiYK4o%2Bu1sNB1krGBCUSRm2f5bFUqi8Ndog5DPJjb6DUsPOQgJHIQ
INFO: [ app_begin ] --START--
INFO: Run ReadHtmlCache Behavior [ RunTime:0.001113s ]
INFO: [ app_begin ] --END-- [ RunTime:0.001206s ]
NOTIC: [8] Constant UC_CLIENT_VERSION already defined D:\wwwroot\mainweb\sdk\api\UcApi\Lib\Action\IndexAction.class.php 第 4 行.
NOTIC: [8] Constant UC_CLIENT_RELEASE already defined D:\wwwroot\mainweb\sdk\api\UcApi\Lib\Action\IndexAction.class.php 第 5 行.
NOTIC: [2048] Only variables should be passed by reference D:\wwwroot\mainweb\sdk\api\UcApi\Lib\Action\IndexAction.class.php 第 63 行.
NOTIC: [8] Constant API_RETURN_FAILED already defined D:\wwwroot\mainweb\sdk\uc_client\model\note.php 第 16 行.
SQL: SHOW COLUMNS FROM `sdk_accounts` [ RunTime:0.002369s ]
SQL: SELECT * FROM `sdk_accounts` WHERE ( `account_id` = 2320 ) LIMIT 1   [ RunTime:0.000508s ]

[ 2013-12-31T18:41:13+08:00 ] 192.168.179.88 /api/uc.php?time=1388486473&code=01e8fjUucBxNJZgn5vErskWnUsWUoX20hJNZtPTjlyhPgUncKfJekzjwMq37vfsmwNtQYfhmGcZdp8SQ88JiQsNGT%2FmFtb2c96TfaG3NEC1AsAeLiT2IzEhVe9OxMnY5vpVFN16ACbW%2BUMjTc8MoGOHcNed4%2B5FvC417sQ
INFO: [ app_begin ] --START--
INFO: Run ReadHtmlCache Behavior [ RunTime:0.001184s ]
INFO: [ app_begin ] --END-- [ RunTime:0.001278s ]
NOTIC: [8] Constant UC_CLIENT_VERSION already defined D:\wwwroot\mainweb\sdk\api\UcApi\Lib\Action\IndexAction.class.php 第 4 行.
NOTIC: [8] Constant UC_CLIENT_RELEASE already defined D:\wwwroot\mainweb\sdk\api\UcApi\Lib\Action\IndexAction.class.php 第 5 行.
NOTIC: [2048] Only variables should be passed by reference D:\wwwroot\mainweb\sdk\api\UcApi\Lib\Action\IndexAction.class.php 第 63 行.
NOTIC: [8] Constant API_RETURN_FAILED already defined D:\wwwroot\mainweb\sdk\uc_client\model\note.php 第 16 行.
SQL: SHOW COLUMNS FROM `sdk_accounts` [ RunTime:0.002183s ]
SQL: SELECT * FROM `sdk_accounts` WHERE ( `account_id` = 1054 ) LIMIT 1   [ RunTime:0.000399s ]

[ 2013-12-31T20:57:23+08:00 ] 192.168.203.92 /api/uc.php?time=1388494643&code=39b1oLnIC6IqkmWlkmNtaqQ3HI7ljTS9H2379oixE0tUWcda5YBHUwUaVNQ%2BHhfoOMyAxv%2BmFZqdysDTs17lFBc4RBeHmlg0XJyxapy%2BVT8ebGciQnasQe4PEJPGTrErk3BznU5CCCu5ArxOQcS05phYDOBPI8aIj2yIwECdmQ
INFO: [ app_begin ] --START--
INFO: Run ReadHtmlCache Behavior [ RunTime:0.001186s ]
INFO: [ app_begin ] --END-- [ RunTime:0.001277s ]
NOTIC: [8] Constant UC_CLIENT_VERSION already defined D:\wwwroot\mainweb\sdk\api\UcApi\Lib\Action\IndexAction.class.php 第 4 行.
NOTIC: [8] Constant UC_CLIENT_RELEASE already defined D:\wwwroot\mainweb\sdk\api\UcApi\Lib\Action\IndexAction.class.php 第 5 行.
NOTIC: [2048] Only variables should be passed by reference D:\wwwroot\mainweb\sdk\api\UcApi\Lib\Action\IndexAction.class.php 第 63 行.
NOTIC: [8] Constant API_RETURN_FAILED already defined D:\wwwroot\mainweb\sdk\uc_client\model\note.php 第 16 行.
SQL: SHOW COLUMNS FROM `sdk_accounts` [ RunTime:0.002323s ]
SQL: SELECT * FROM `sdk_accounts` WHERE ( `account_id` = 1169 ) LIMIT 1   [ RunTime:0.000492s ]

[ 2013-12-31T21:29:28+08:00 ] 192.168.166.82 /api/uc.php?time=1388496568&code=1636xlNSJPM5s%2Bf3b72Re%2FACU%2Bah2wjbt5i%2BA%2FwWo8t%2BAkazqdZ11s5CY9ddnS9EEpCISD4gTZWyyOyg8291QIjDM53GpfhDUOIDI0IH5STXVQrJ5RcWno61qDJ5KrRz9FJX4Ox01i7VFM8W8hMPfiyf%2BIdcjDDv4lgK
INFO: [ app_begin ] --START--
INFO: Run ReadHtmlCache Behavior [ RunTime:0.001040s ]
INFO: [ app_begin ] --END-- [ RunTime:0.001146s ]
NOTIC: [8] Constant UC_CLIENT_VERSION already defined D:\wwwroot\mainweb\sdk\api\UcApi\Lib\Action\IndexAction.class.php 第 4 行.
NOTIC: [8] Constant UC_CLIENT_RELEASE already defined D:\wwwroot\mainweb\sdk\api\UcApi\Lib\Action\IndexAction.class.php 第 5 行.
NOTIC: [2048] Only variables should be passed by reference D:\wwwroot\mainweb\sdk\api\UcApi\Lib\Action\IndexAction.class.php 第 63 行.
NOTIC: [8] Constant API_RETURN_FAILED already defined D:\wwwroot\mainweb\sdk\uc_client\model\note.php 第 16 行.
SQL: SHOW COLUMNS FROM `sdk_accounts` [ RunTime:0.002371s ]
SQL: SELECT * FROM `sdk_accounts` WHERE ( `account_id` = 935 ) LIMIT 1   [ RunTime:0.000564s ]

[ 2013-12-31T21:56:08+08:00 ] 192.168.133.207 /api/uc.php?time=1388498167&code=26dd44LPawotfA9ZkNPhS5Or73HRYGUiBwYCw9FU3PBpcmwpfLeIBDQGtH6f1K4uoWPEATyCh6QNW4swJkiC0F56f%2BSv3%2F6VEBNSLw1gkYOq5l44UNO%2FFcWGRA%2BRAjqbISo3DpdNUrt7K6c8%2F4B7fOsJEsJMIdfexNytqgUaQYGh
INFO: [ app_begin ] --START--
INFO: Run ReadHtmlCache Behavior [ RunTime:0.000714s ]
INFO: [ app_begin ] --END-- [ RunTime:0.000822s ]
NOTIC: [8] Constant UC_CLIENT_VERSION already defined D:\wwwroot\mainweb\sdk\api\UcApi\Lib\Action\IndexAction.class.php 第 4 行.
NOTIC: [8] Constant UC_CLIENT_RELEASE already defined D:\wwwroot\mainweb\sdk\api\UcApi\Lib\Action\IndexAction.class.php 第 5 行.
NOTIC: [2048] Only variables should be passed by reference D:\wwwroot\mainweb\sdk\api\UcApi\Lib\Action\IndexAction.class.php 第 63 行.
NOTIC: [8] Constant API_RETURN_FAILED already defined D:\wwwroot\mainweb\sdk\uc_client\model\note.php 第 16 行.
SQL: SHOW COLUMNS FROM `sdk_accounts` [ RunTime:0.002348s ]
SQL: SELECT * FROM `sdk_accounts` WHERE ( `account_id` = 129 ) LIMIT 1   [ RunTime:0.000667s ]

[ 2013-12-31T22:24:15+08:00 ] 172.16.99.81 /api/uc.php?time=1388499855&code=e963ShiW8x1Y2smPd5A3Cdj15LWxMe%2FO3YoOyosigkE%2F1A98KkavxIbiCox2AZubs5Px0PMWQ%2FjNCKsusQoQJMxx8C4Jpc8IjgoOcOHi1RV%2FhDasFtXCJjUDmLnSCWozzeVi0%2FDVnv0eaRJB0Jy1jXfGEN6%2BmSblYopWChBHgHNk3mYhJA
INFO: [ app_begin ] --START--
INFO: Run ReadHtmlCache Behavior [ RunTime:0.000721s ]
INFO: [ app_begin ] --END-- [ RunTime:0.000816s ]
NOTIC: [8] Constant UC_CLIENT_VERSION already defined D:\wwwroot\mainweb\sdk\api\UcApi\Lib\Action\IndexAction.class.php 第 4 行.
NOTIC: [8] Constant UC_CLIENT_RELEASE already defined D:\wwwroot\mainweb\sdk\api\UcApi\Lib\Action\IndexAction.class.php 第 5 行.
NOTIC: [2048] Only variables should be passed by reference D:\wwwroot\mainweb\sdk\api\UcApi\Lib\Action\IndexAction.class.php 第 63 行.
NOTIC: [8] Constant API_RETURN_FAILED already defined D:\wwwroot\mainweb\sdk\uc_client\model\note.php 第 16 行.
SQL: SHOW COLUMNS FROM `sdk_accounts` [ RunTime:0.002342s ]
SQL: SELECT * FROM `sdk_accounts` WHERE ( `account_id` = 995 ) LIMIT 1   [ RunTime:0.000592s ]

