[ 2013-12-07T00:23:02+08:00 ] 192.168.164.109 /api/uc.php?time=1386346981&code=102e6PIa6jRUn%2FDj%2Bh9l8WwXss8jYtNO3GFjxyDcjJ9hUJ4nRoLuPVfWood04rxdJpOoNSQKYxYEjO7x%2FQ8TYaul%2BskqxE11F8V53r0XRgDCOYijDY090fkhA3IPEfeivOuqgttfHre8gSDSqZBsslNm3WFI%2F%2FEgtZ%2BCpA
INFO: [ app_begin ] --START--
INFO: Run ReadHtmlCache Behavior [ RunTime:0.001039s ]
INFO: [ app_begin ] --END-- [ RunTime:0.001133s ]
NOTIC: [8] Constant UC_CLIENT_VERSION already defined D:\wwwroot\mainweb\sdk\api\UcApi\Lib\Action\IndexAction.class.php 第 4 行.
NOTIC: [8] Constant UC_CLIENT_RELEASE already defined D:\wwwroot\mainweb\sdk\api\UcApi\Lib\Action\IndexAction.class.php 第 5 行.
NOTIC: [2048] Only variables should be passed by reference D:\wwwroot\mainweb\sdk\api\UcApi\Lib\Action\IndexAction.class.php 第 63 行.
NOTIC: [8] Constant API_RETURN_FAILED already defined D:\wwwroot\mainweb\sdk\uc_client\model\note.php 第 16 行.
SQL: SHOW COLUMNS FROM `sdk_accounts` [ RunTime:0.002379s ]
SQL: SELECT * FROM `sdk_accounts` WHERE ( `account_id` = 1702 ) LIMIT 1   [ RunTime:0.000429s ]

[ 2013-12-07T09:59:41+08:00 ] 192.168.136.158 /api/uc.php?time=1386381581&code=2a4coy5p%2BVFW%2BizVCG0g1gNZQLBDOxeFgPGF%2BZF2Y%2B5wjB%2FGLtvl4xxJeuPSXdyQp4va%2FjjuDxrO59x0CIb7Fp9%2FgxMTNoNd4QIzZVNldRVdheBuzwPXYfTT4P%2BRPgHj5BewZ0iPbSUnAVc1LM4A6nAm0nkEeRC6NOkkJ9uMN3CvYw
INFO: [ app_begin ] --START--
INFO: Run ReadHtmlCache Behavior [ RunTime:0.001006s ]
INFO: [ app_begin ] --END-- [ RunTime:0.001099s ]
NOTIC: [8] Constant UC_CLIENT_VERSION already defined D:\wwwroot\mainweb\sdk\api\UcApi\Lib\Action\IndexAction.class.php 第 4 行.
NOTIC: [8] Constant UC_CLIENT_RELEASE already defined D:\wwwroot\mainweb\sdk\api\UcApi\Lib\Action\IndexAction.class.php 第 5 行.
NOTIC: [2048] Only variables should be passed by reference D:\wwwroot\mainweb\sdk\api\UcApi\Lib\Action\IndexAction.class.php 第 63 行.
NOTIC: [8] Constant API_RETURN_FAILED already defined D:\wwwroot\mainweb\sdk\uc_client\model\note.php 第 16 行.
SQL: SHOW COLUMNS FROM `sdk_accounts` [ RunTime:0.002345s ]
SQL: SELECT * FROM `sdk_accounts` WHERE ( `account_id` = 1560 ) LIMIT 1   [ RunTime:0.000312s ]

[ 2013-12-07T10:01:34+08:00 ] 192.168.193.101 /api/uc.php?time=1386381694&code=9047bLwEJiNm9g2LjSd%2BtsY%2FSh2no7Q%2BckpizlR%2F7kyL5S0NY5sUQ4crUpztpASs5gTD4S8lrdr0Q513mUsXFPCbo3KHgtDWeJb4V4bqp%2FcEfNWLA5S%2FIsRGegRtvOGHvMKSkz6A5c0yU7gOhTQnKSezHs4ofnBKgmfAvAyQBwIBMk4
INFO: [ app_begin ] --START--
INFO: Run ReadHtmlCache Behavior [ RunTime:0.001068s ]
INFO: [ app_begin ] --END-- [ RunTime:0.001158s ]
NOTIC: [8] Constant UC_CLIENT_VERSION already defined D:\wwwroot\mainweb\sdk\api\UcApi\Lib\Action\IndexAction.class.php 第 4 行.
NOTIC: [8] Constant UC_CLIENT_RELEASE already defined D:\wwwroot\mainweb\sdk\api\UcApi\Lib\Action\IndexAction.class.php 第 5 行.
NOTIC: [2048] Only variables should be passed by reference D:\wwwroot\mainweb\sdk\api\UcApi\Lib\Action\IndexAction.class.php 第 63 行.
NOTIC: [8] Constant API_RETURN_FAILED already defined D:\wwwroot\mainweb\sdk\uc_client\model\note.php 第 16 行.
SQL: SHOW COLUMNS FROM `sdk_accounts` [ RunTime:0.002086s ]
SQL: SELECT * FROM `sdk_accounts` WHERE ( `account_id` = 695 ) LIMIT 1   [ RunTime:0.000835s ]

[ 2013-12-07T10:06:27+08:00 ] 192.168.206.149 /api/uc.php?time=1386381987&code=4003nFy6JKP5o7kuww4ZEmnE3N%2FW%2F%2FPhqQlzSbzegzB66U54gmXO3atchLDrZlB2VxHCzyr5Bf897NuAKmI51yw7NI39axZN2n3dxY6aJGQFI8wnsij2wr2YFjy3mac8fppa8%2FARKkFpMSvFJH%2FCSqT12KC0dZyd7ynnDUvwICTaSQ
INFO: [ app_begin ] --START--
INFO: Run ReadHtmlCache Behavior [ RunTime:0.001008s ]
INFO: [ app_begin ] --END-- [ RunTime:0.001101s ]
NOTIC: [8] Constant UC_CLIENT_VERSION already defined D:\wwwroot\mainweb\sdk\api\UcApi\Lib\Action\IndexAction.class.php 第 4 行.
NOTIC: [8] Constant UC_CLIENT_RELEASE already defined D:\wwwroot\mainweb\sdk\api\UcApi\Lib\Action\IndexAction.class.php 第 5 行.
NOTIC: [2048] Only variables should be passed by reference D:\wwwroot\mainweb\sdk\api\UcApi\Lib\Action\IndexAction.class.php 第 63 行.
NOTIC: [8] Constant API_RETURN_FAILED already defined D:\wwwroot\mainweb\sdk\uc_client\model\note.php 第 16 行.
SQL: SHOW COLUMNS FROM `sdk_accounts` [ RunTime:0.002499s ]
SQL: SELECT * FROM `sdk_accounts` WHERE ( `account_id` = 1601 ) LIMIT 1   [ RunTime:0.000447s ]

[ 2013-12-07T10:52:30+08:00 ] 192.168.201.215 /api/uc.php?time=1386384750&code=e7b2yJr93b6h%2BWZdXV6rPwePeMfTZnbNHQlCbZGyQmVHn4B3FYc%2F64fil6r6wnBSIRYTsFYyHXTAB7GPVw3GZO%2By8h%2Bu3HYfWemGiSs0moi1KGIi2GJjduE1cIlyXTzP8WLxifCVES4mJYWNqPCgnqTThXUTG2%2FXlUst8Q
INFO: [ app_begin ] --START--
INFO: Run ReadHtmlCache Behavior [ RunTime:0.001148s ]
INFO: [ app_begin ] --END-- [ RunTime:0.001236s ]
NOTIC: [8] Constant UC_CLIENT_VERSION already defined D:\wwwroot\mainweb\sdk\api\UcApi\Lib\Action\IndexAction.class.php 第 4 行.
NOTIC: [8] Constant UC_CLIENT_RELEASE already defined D:\wwwroot\mainweb\sdk\api\UcApi\Lib\Action\IndexAction.class.php 第 5 行.
NOTIC: [2048] Only variables should be passed by reference D:\wwwroot\mainweb\sdk\api\UcApi\Lib\Action\IndexAction.class.php 第 63 行.
NOTIC: [8] Constant API_RETURN_FAILED already defined D:\wwwroot\mainweb\sdk\uc_client\model\note.php 第 16 行.
SQL: SHOW COLUMNS FROM `sdk_accounts` [ RunTime:0.002230s ]
SQL: SELECT * FROM `sdk_accounts` WHERE ( `account_id` = 1773 ) LIMIT 1   [ RunTime:0.000530s ]

[ 2013-12-07T12:01:57+08:00 ] 192.168.201.45 /api/uc.php?time=1386388917&code=863bFwS1C59%2BCw5KmXVu73GmpP7AVaVi2RQz2obNGum17lhmDQRVJV5V6U5oE%2FFY9jMb1nq2JGGzlvB3vAs1x6AWJot354lSkMzOq%2BO9S67u46GNg95XQo4cMzhA%2BkGgxIwRHnLFDaWxW21idE7pFcK1Q3RdguLED7O4pQ
INFO: [ app_begin ] --START--
INFO: Run ReadHtmlCache Behavior [ RunTime:0.001026s ]
INFO: [ app_begin ] --END-- [ RunTime:0.001117s ]
NOTIC: [8] Constant UC_CLIENT_VERSION already defined D:\wwwroot\mainweb\sdk\api\UcApi\Lib\Action\IndexAction.class.php 第 4 行.
NOTIC: [8] Constant UC_CLIENT_RELEASE already defined D:\wwwroot\mainweb\sdk\api\UcApi\Lib\Action\IndexAction.class.php 第 5 行.
NOTIC: [2048] Only variables should be passed by reference D:\wwwroot\mainweb\sdk\api\UcApi\Lib\Action\IndexAction.class.php 第 63 行.
NOTIC: [8] Constant API_RETURN_FAILED already defined D:\wwwroot\mainweb\sdk\uc_client\model\note.php 第 16 行.
SQL: SHOW COLUMNS FROM `sdk_accounts` [ RunTime:0.002466s ]
SQL: SELECT * FROM `sdk_accounts` WHERE ( `account_id` = 2497 ) LIMIT 1   [ RunTime:0.000552s ]

[ 2013-12-07T12:11:53+08:00 ] 192.168.135.17 /api/uc.php?time=1386389513&code=da8b%2B3zxPyrclNV6oF5q5VK%2BqmbesFFKCKc%2FKdfkHhDbpvL2KWJI8HNoevNocjyWMq5gxXy3f1IJmF6zvtEQ7ottcb1OjEoMe2bMhycXnC048ue1MHB%2FEwA7%2FWmt2ODTvU8t2kbN2RXUez61I116NiqvXBx2oeeRodOrT1hMjVw
INFO: [ app_begin ] --START--
INFO: Run ReadHtmlCache Behavior [ RunTime:0.001172s ]
INFO: [ app_begin ] --END-- [ RunTime:0.001266s ]
NOTIC: [8] Constant UC_CLIENT_VERSION already defined D:\wwwroot\mainweb\sdk\api\UcApi\Lib\Action\IndexAction.class.php 第 4 行.
NOTIC: [8] Constant UC_CLIENT_RELEASE already defined D:\wwwroot\mainweb\sdk\api\UcApi\Lib\Action\IndexAction.class.php 第 5 行.
NOTIC: [2048] Only variables should be passed by reference D:\wwwroot\mainweb\sdk\api\UcApi\Lib\Action\IndexAction.class.php 第 63 行.
NOTIC: [8] Constant API_RETURN_FAILED already defined D:\wwwroot\mainweb\sdk\uc_client\model\note.php 第 16 行.
SQL: SHOW COLUMNS FROM `sdk_accounts` [ RunTime:0.002140s ]
SQL: SELECT * FROM `sdk_accounts` WHERE ( `account_id` = 1314 ) LIMIT 1   [ RunTime:0.000448s ]

[ 2013-12-07T13:31:00+08:00 ] 192.168.132.99 /api/uc.php?time=1386394258&code=b32eReeZabBymKK9fRtMh4Cpe8AUla8BFBpVk%2B3NAPid5oVT%2FkYfZkfpPazr5qeDzz60orczhXDijTu%2Bu%2FNhhfPtsU7%2FCtBebOsVK7Eoxrq0XZ%2Fy%2FBqQ8iH91oZ1Wy%2FTklnlDGquDMXoYNgnvPuQzlO1PtIR0Il%2FbcDJvXsj7aMtaqg4FyGSMAh0ww
INFO: [ app_begin ] --START--
INFO: Run ReadHtmlCache Behavior [ RunTime:0.001042s ]
INFO: [ app_begin ] --END-- [ RunTime:0.001135s ]
NOTIC: [8] Constant UC_CLIENT_VERSION already defined D:\wwwroot\mainweb\sdk\api\UcApi\Lib\Action\IndexAction.class.php 第 4 行.
NOTIC: [8] Constant UC_CLIENT_RELEASE already defined D:\wwwroot\mainweb\sdk\api\UcApi\Lib\Action\IndexAction.class.php 第 5 行.
NOTIC: [2048] Only variables should be passed by reference D:\wwwroot\mainweb\sdk\api\UcApi\Lib\Action\IndexAction.class.php 第 63 行.
NOTIC: [8] Constant API_RETURN_FAILED already defined D:\wwwroot\mainweb\sdk\uc_client\model\note.php 第 16 行.
SQL: SHOW COLUMNS FROM `sdk_accounts` [ RunTime:0.002089s ]
SQL: SELECT * FROM `sdk_accounts` WHERE ( `account_id` = 718 ) LIMIT 1   [ RunTime:0.000488s ]

[ 2013-12-07T14:26:51+08:00 ] 192.168.163.176 /api/uc.php?time=1386397611&code=8c50OWd%2Bwxg0Jw%2B9pk71T8QoTQf9TNsBQLy4hsT4jK5Jn1KqNvOrO69scR812QiH%2FIseRApV2WJBrH1v2aj4erPAhQryQlAj1DdLk02doOm32t%2BaGeAA8Yw%2B1Uhx%2FUnNQnKLpONm2gV17dI%2FY4kxZTSElSutDSJTsST2mjZwru3Fdg
INFO: [ app_begin ] --START--
INFO: Run ReadHtmlCache Behavior [ RunTime:0.001062s ]
INFO: [ app_begin ] --END-- [ RunTime:0.001154s ]
NOTIC: [8] Constant UC_CLIENT_VERSION already defined D:\wwwroot\mainweb\sdk\api\UcApi\Lib\Action\IndexAction.class.php 第 4 行.
NOTIC: [8] Constant UC_CLIENT_RELEASE already defined D:\wwwroot\mainweb\sdk\api\UcApi\Lib\Action\IndexAction.class.php 第 5 行.
NOTIC: [2048] Only variables should be passed by reference D:\wwwroot\mainweb\sdk\api\UcApi\Lib\Action\IndexAction.class.php 第 63 行.
NOTIC: [8] Constant API_RETURN_FAILED already defined D:\wwwroot\mainweb\sdk\uc_client\model\note.php 第 16 行.
SQL: SHOW COLUMNS FROM `sdk_accounts` [ RunTime:0.002131s ]
SQL: SELECT * FROM `sdk_accounts` WHERE ( `account_id` = 1566 ) LIMIT 1   [ RunTime:0.000240s ]

[ 2013-12-07T14:48:25+08:00 ] 192.168.152.206 /api/uc.php?time=1386398905&code=6f0aDZYBl92wbv44Dc9gEDdP8yCz08jYNqUDEATtonTs3aYDshcwILekggBDqrGCQDxcqfKjUtf0B7dgaJ2gzaBTEYW9tg072Cab82tkBhUlABSKMvJidCEUPHMRU72doJsHOodcgPl8QyZ51Cqee1a4nOzRTLAt2%2BzISQ
INFO: [ app_begin ] --START--
INFO: Run ReadHtmlCache Behavior [ RunTime:0.001140s ]
INFO: [ app_begin ] --END-- [ RunTime:0.001233s ]
NOTIC: [8] Constant UC_CLIENT_VERSION already defined D:\wwwroot\mainweb\sdk\api\UcApi\Lib\Action\IndexAction.class.php 第 4 行.
NOTIC: [8] Constant UC_CLIENT_RELEASE already defined D:\wwwroot\mainweb\sdk\api\UcApi\Lib\Action\IndexAction.class.php 第 5 行.
NOTIC: [2048] Only variables should be passed by reference D:\wwwroot\mainweb\sdk\api\UcApi\Lib\Action\IndexAction.class.php 第 63 行.
NOTIC: [8] Constant API_RETURN_FAILED already defined D:\wwwroot\mainweb\sdk\uc_client\model\note.php 第 16 行.
SQL: SHOW COLUMNS FROM `sdk_accounts` [ RunTime:0.002337s ]
SQL: SELECT * FROM `sdk_accounts` WHERE ( `account_id` = 2453 ) LIMIT 1   [ RunTime:0.000388s ]

[ 2013-12-07T16:06:43+08:00 ] 59.41.169.128 /api/uc.php?time=1386403602&code=0830h4X%2B3SA%2FPkeLwmP9p2a74SxaoLsSTu56ErqxcbLqmNhm4InpBctb9G38e1beOSRjPV4Tw%2BbrIPjAgofpK7GaDKYdRuLWcWQO%2BRTm%2F8AfV6pbxYaaS7De5WBu7I6nAVKmtXmGFSY1yv0fJuKa03%2B6gAPeV9VqBsV7
INFO: [ app_begin ] --START--
INFO: Run ReadHtmlCache Behavior [ RunTime:0.001173s ]
INFO: [ app_begin ] --END-- [ RunTime:0.001267s ]
NOTIC: [8] Constant UC_CLIENT_VERSION already defined D:\wwwroot\mainweb\sdk\api\UcApi\Lib\Action\IndexAction.class.php 第 4 行.
NOTIC: [8] Constant UC_CLIENT_RELEASE already defined D:\wwwroot\mainweb\sdk\api\UcApi\Lib\Action\IndexAction.class.php 第 5 行.
NOTIC: [2048] Only variables should be passed by reference D:\wwwroot\mainweb\sdk\api\UcApi\Lib\Action\IndexAction.class.php 第 63 行.
NOTIC: [8] Constant API_RETURN_FAILED already defined D:\wwwroot\mainweb\sdk\uc_client\model\note.php 第 16 行.
SQL: SHOW COLUMNS FROM `sdk_accounts` [ RunTime:0.002190s ]
SQL: SELECT * FROM `sdk_accounts` WHERE ( `account_id` = 997 ) LIMIT 1   [ RunTime:0.000529s ]

[ 2013-12-07T17:16:24+08:00 ] 14.29.243.10 /api/uc.php?time=1386407784&code=ea2f7ZUnFKdw5lh9G0LKHx0Ifhcb%2F%2FdzMq4UAp3eK%2BXmcQFulecf6mGOxFR8h2HToYhQz1z6FWcRbSmtJat4GPlSucudnUcp7yYH0Kkua8om8o066TMQuF6z3xPUY0spal%2F3q%2BdXcCVRNXOzS0KsM6J0ofmKRO4VyD4Wug8L14c
INFO: [ app_begin ] --START--
INFO: Run ReadHtmlCache Behavior [ RunTime:0.001412s ]
INFO: [ app_begin ] --END-- [ RunTime:0.001506s ]
NOTIC: [8] Constant UC_CLIENT_VERSION already defined D:\wwwroot\mainweb\sdk\api\UcApi\Lib\Action\IndexAction.class.php 第 4 行.
NOTIC: [8] Constant UC_CLIENT_RELEASE already defined D:\wwwroot\mainweb\sdk\api\UcApi\Lib\Action\IndexAction.class.php 第 5 行.
NOTIC: [2048] Only variables should be passed by reference D:\wwwroot\mainweb\sdk\api\UcApi\Lib\Action\IndexAction.class.php 第 63 行.
NOTIC: [8] Constant API_RETURN_FAILED already defined D:\wwwroot\mainweb\sdk\uc_client\model\note.php 第 16 行.
SQL: SHOW COLUMNS FROM `sdk_accounts` [ RunTime:0.002057s ]
SQL: SELECT * FROM `sdk_accounts` WHERE ( `account_id` = 84 ) LIMIT 1   [ RunTime:0.000502s ]

[ 2013-12-07T17:17:17+08:00 ] 14.29.243.10 /api/uc.php?time=1386407836&code=f4d13kkje53SKM4Jm5EaVVjHe8vsQArw%2FUB8vDZ0riNWNxVLxyGyGZhEU9WaTCOjWmwrAXcvEOY%2FIm9ZiQ
INFO: [ app_begin ] --START--
INFO: Run ReadHtmlCache Behavior [ RunTime:0.001107s ]
INFO: [ app_begin ] --END-- [ RunTime:0.001212s ]
NOTIC: [8] Constant UC_CLIENT_VERSION already defined D:\wwwroot\mainweb\sdk\api\UcApi\Lib\Action\IndexAction.class.php 第 4 行.
NOTIC: [8] Constant UC_CLIENT_RELEASE already defined D:\wwwroot\mainweb\sdk\api\UcApi\Lib\Action\IndexAction.class.php 第 5 行.
NOTIC: [2048] Only variables should be passed by reference D:\wwwroot\mainweb\sdk\api\UcApi\Lib\Action\IndexAction.class.php 第 63 行.

[ 2013-12-07T17:46:24+08:00 ] 180.153.201.212 /api/uc.php?time=1386407784&code=ea2f7ZUnFKdw5lh9G0LKHx0Ifhcb//dzMq4UAp3eK+XmcQFulecf6mGOxFR8h2HToYhQz1z6FWcRbSmtJat4GPlSucudnUcp7yYH0Kkua8om8o066TMQuF6z3xPUY0spal/3q+dXcCVRNXOzS0KsM6J0ofmKRO4VyD4Wug8L14c
INFO: [ app_begin ] --START--
INFO: Run ReadHtmlCache Behavior [ RunTime:0.001050s ]
INFO: [ app_begin ] --END-- [ RunTime:0.001145s ]
NOTIC: [8] Constant UC_CLIENT_VERSION already defined D:\wwwroot\mainweb\sdk\api\UcApi\Lib\Action\IndexAction.class.php 第 4 行.
NOTIC: [8] Constant UC_CLIENT_RELEASE already defined D:\wwwroot\mainweb\sdk\api\UcApi\Lib\Action\IndexAction.class.php 第 5 行.
NOTIC: [8] Undefined index:  time D:\wwwroot\mainweb\sdk\api\UcApi\Lib\Action\IndexAction.class.php 第 54 行.

[ 2013-12-07T18:55:02+08:00 ] 192.168.164.216 /api/uc.php?time=1386413702&code=2d00BcGpzg1QCggLJQVMEqQCg4cLN3AbWcwxZPK3julL9AjeYP0THvNCcaH4Cz0MY3i3BPCCIeFbij4Su%2F8r6cy%2BFr7u344uTFEmbbmkcC3s8SyunVlxrtxeeurQ5G%2Fx68b6HQtgmnh2zSh6jxmoSRgDxM7ugn45Q33iY6BS2w
INFO: [ app_begin ] --START--
INFO: Run ReadHtmlCache Behavior [ RunTime:0.001085s ]
INFO: [ app_begin ] --END-- [ RunTime:0.001178s ]
NOTIC: [8] Constant UC_CLIENT_VERSION already defined D:\wwwroot\mainweb\sdk\api\UcApi\Lib\Action\IndexAction.class.php 第 4 行.
NOTIC: [8] Constant UC_CLIENT_RELEASE already defined D:\wwwroot\mainweb\sdk\api\UcApi\Lib\Action\IndexAction.class.php 第 5 行.
NOTIC: [2048] Only variables should be passed by reference D:\wwwroot\mainweb\sdk\api\UcApi\Lib\Action\IndexAction.class.php 第 63 行.
NOTIC: [8] Constant API_RETURN_FAILED already defined D:\wwwroot\mainweb\sdk\uc_client\model\note.php 第 16 行.
SQL: SHOW COLUMNS FROM `sdk_accounts` [ RunTime:0.002256s ]
SQL: SELECT * FROM `sdk_accounts` WHERE ( `account_id` = 1079 ) LIMIT 1   [ RunTime:0.000255s ]

[ 2013-12-07T21:53:12+08:00 ] 192.168.140.212 /api/uc.php?time=1386424392&code=fc9dbS3XZIlae%2FQc9Y3AoconKaV120onE0Fb5kt9JgqJCQytIRWQJhcm3hXzR5KufKAppQvTWBSQpd%2FfGxg22wJI4ArgUpmvb1UM5QwCPcWjfkmOGigrV3VwVSLds11%2F9fzAB7%2FokK5K0WfwLODW0Dak%2B9DgTheOjbDNIis
INFO: [ app_begin ] --START--
INFO: Run ReadHtmlCache Behavior [ RunTime:0.001149s ]
INFO: [ app_begin ] --END-- [ RunTime:0.001240s ]
NOTIC: [8] Constant UC_CLIENT_VERSION already defined D:\wwwroot\mainweb\sdk\api\UcApi\Lib\Action\IndexAction.class.php 第 4 行.
NOTIC: [8] Constant UC_CLIENT_RELEASE already defined D:\wwwroot\mainweb\sdk\api\UcApi\Lib\Action\IndexAction.class.php 第 5 行.
NOTIC: [2048] Only variables should be passed by reference D:\wwwroot\mainweb\sdk\api\UcApi\Lib\Action\IndexAction.class.php 第 63 行.
NOTIC: [8] Constant API_RETURN_FAILED already defined D:\wwwroot\mainweb\sdk\uc_client\model\note.php 第 16 行.
SQL: SHOW COLUMNS FROM `sdk_accounts` [ RunTime:0.002316s ]
SQL: SELECT * FROM `sdk_accounts` WHERE ( `account_id` = 680 ) LIMIT 1   [ RunTime:0.000427s ]

[ 2013-12-07T22:48:20+08:00 ] 192.168.149.92 /api/uc.php?time=1386427699&code=c7a2PCdpAmqJnNS80J8B6L3%2BFwKgdKHUb55PzXSJfxKlVH0NazdGqZc10lnEyU%2BMVcJmY8vUc3jidN8YpEU3vYLqC6oqvwc4jUbI34hGDfdV9wL6Y9SZwfMReW2V4wCpA3GaOBZmX1nPf4dZ%2Fig5eE93Xjw%2BCbS%2B9ejC13yGcOWEJg
INFO: [ app_begin ] --START--
INFO: Run ReadHtmlCache Behavior [ RunTime:0.001137s ]
INFO: [ app_begin ] --END-- [ RunTime:0.001232s ]
NOTIC: [8] Constant UC_CLIENT_VERSION already defined D:\wwwroot\mainweb\sdk\api\UcApi\Lib\Action\IndexAction.class.php 第 4 行.
NOTIC: [8] Constant UC_CLIENT_RELEASE already defined D:\wwwroot\mainweb\sdk\api\UcApi\Lib\Action\IndexAction.class.php 第 5 行.
NOTIC: [2048] Only variables should be passed by reference D:\wwwroot\mainweb\sdk\api\UcApi\Lib\Action\IndexAction.class.php 第 63 行.
NOTIC: [8] Constant API_RETURN_FAILED already defined D:\wwwroot\mainweb\sdk\uc_client\model\note.php 第 16 行.
SQL: SHOW COLUMNS FROM `sdk_accounts` [ RunTime:0.002354s ]
SQL: SELECT * FROM `sdk_accounts` WHERE ( `account_id` = 2136 ) LIMIT 1   [ RunTime:0.000552s ]

[ 2013-12-07T23:37:03+08:00 ] 192.168.163.169 /api/uc.php?time=1386430623&code=f325nG5YXQx6%2FnblVPHRqMr5lrBRk%2FcWCzAXt0zA4QS1q%2BFnVy2EZiEK1VNAUlgJyDPWDbeBOJYi8XaLiSuJDZ1tG5Y3yvpLQQn2jXrNTXkOxARNupnRgd5p2SiIfeYvcmtQ%2Bp9AEMxHE26IM2IoofKOy2eMoHMjU5L1edexG7p%2BfQ
INFO: [ app_begin ] --START--
INFO: Run ReadHtmlCache Behavior [ RunTime:0.001068s ]
INFO: [ app_begin ] --END-- [ RunTime:0.001159s ]
NOTIC: [8] Constant UC_CLIENT_VERSION already defined D:\wwwroot\mainweb\sdk\api\UcApi\Lib\Action\IndexAction.class.php 第 4 行.
NOTIC: [8] Constant UC_CLIENT_RELEASE already defined D:\wwwroot\mainweb\sdk\api\UcApi\Lib\Action\IndexAction.class.php 第 5 行.
NOTIC: [2048] Only variables should be passed by reference D:\wwwroot\mainweb\sdk\api\UcApi\Lib\Action\IndexAction.class.php 第 63 行.
NOTIC: [8] Constant API_RETURN_FAILED already defined D:\wwwroot\mainweb\sdk\uc_client\model\note.php 第 16 行.
SQL: SHOW COLUMNS FROM `sdk_accounts` [ RunTime:0.002170s ]
SQL: SELECT * FROM `sdk_accounts` WHERE ( `account_id` = 2492 ) LIMIT 1   [ RunTime:0.000431s ]

