[ 2013-12-05T10:10:27+08:00 ] 192.168.141.26 /api/uc.php?time=1386209427&code=e92eHSyEIrO3Ddkw9h%2FWVoObfRxyt0leZU7nj6g06TNBdGr5MOgkLUrmMJLZTzXtgDtHzfpwpMy9ciQgRamHmRXDNbtK7yVDyNN2sFo92XQHYaRQlr2LHY0GefjwcKasr%2FN3lZEK%2BEtaXooRusgJAduJf%2B3BPrcCOqcadiA
INFO: [ app_begin ] --START--
INFO: Run ReadHtmlCache Behavior [ RunTime:0.001078s ]
INFO: [ app_begin ] --END-- [ RunTime:0.001169s ]
NOTIC: [8] Constant UC_CLIENT_VERSION already defined D:\wwwroot\mainweb\sdk\api\UcApi\Lib\Action\IndexAction.class.php 第 4 行.
NOTIC: [8] Constant UC_CLIENT_RELEASE already defined D:\wwwroot\mainweb\sdk\api\UcApi\Lib\Action\IndexAction.class.php 第 5 行.
NOTIC: [2048] Only variables should be passed by reference D:\wwwroot\mainweb\sdk\api\UcApi\Lib\Action\IndexAction.class.php 第 63 行.
NOTIC: [8] Constant API_RETURN_FAILED already defined D:\wwwroot\mainweb\sdk\uc_client\model\note.php 第 16 行.
SQL: SHOW COLUMNS FROM `sdk_accounts` [ RunTime:0.002049s ]
SQL: SELECT * FROM `sdk_accounts` WHERE ( `account_id` = 783 ) LIMIT 1   [ RunTime:0.000231s ]

[ 2013-12-05T11:06:53+08:00 ] 192.168.160.196 /api/uc.php?time=1386212813&code=ec97xTUowjZgvRu2jP0HS0h3zIlQSvlANvqNWTLKdWLEVW7lISDHPBwhza5MfaVpAAv8Y9Sr19U0SEDcAHBG1sNLGj6q5%2FtpDOKlXujNBVd7Vfc%2FC9la0%2BlSsnZFvvbs%2BEOZlxiQw1jIljTBl6ccx%2BviV6tNj3Yl4hbiqsokEMk0gCjP
INFO: [ app_begin ] --START--
INFO: Run ReadHtmlCache Behavior [ RunTime:0.001084s ]
INFO: [ app_begin ] --END-- [ RunTime:0.001176s ]
NOTIC: [8] Constant UC_CLIENT_VERSION already defined D:\wwwroot\mainweb\sdk\api\UcApi\Lib\Action\IndexAction.class.php 第 4 行.
NOTIC: [8] Constant UC_CLIENT_RELEASE already defined D:\wwwroot\mainweb\sdk\api\UcApi\Lib\Action\IndexAction.class.php 第 5 行.
NOTIC: [2048] Only variables should be passed by reference D:\wwwroot\mainweb\sdk\api\UcApi\Lib\Action\IndexAction.class.php 第 63 行.
NOTIC: [8] Constant API_RETURN_FAILED already defined D:\wwwroot\mainweb\sdk\uc_client\model\note.php 第 16 行.
SQL: SHOW COLUMNS FROM `sdk_accounts` [ RunTime:0.002277s ]
SQL: SELECT * FROM `sdk_accounts` WHERE ( `account_id` = 2251 ) LIMIT 1   [ RunTime:0.000236s ]

[ 2013-12-05T12:38:24+08:00 ] 192.168.204.72 /api/uc.php?time=1386218304&code=b529xq0iuzv6f4i6UllvbHyiZZGBHZvmRvFMgScYDF7cujsW1CGpbYJY1%2F0sF26ctGEQUw6pGPIhltjyucw1Rtt6yTvVpWTEiSAXWif8cjch4aRtkxuKShJexvi9FpkhB26QF%2BKUv4L5lMa0TOdr9LRpywvIgmn8IBm7Aw
INFO: [ app_begin ] --START--
INFO: Run ReadHtmlCache Behavior [ RunTime:0.001049s ]
INFO: [ app_begin ] --END-- [ RunTime:0.001143s ]
NOTIC: [8] Constant UC_CLIENT_VERSION already defined D:\wwwroot\mainweb\sdk\api\UcApi\Lib\Action\IndexAction.class.php 第 4 行.
NOTIC: [8] Constant UC_CLIENT_RELEASE already defined D:\wwwroot\mainweb\sdk\api\UcApi\Lib\Action\IndexAction.class.php 第 5 行.
NOTIC: [2048] Only variables should be passed by reference D:\wwwroot\mainweb\sdk\api\UcApi\Lib\Action\IndexAction.class.php 第 63 行.
NOTIC: [8] Constant API_RETURN_FAILED already defined D:\wwwroot\mainweb\sdk\uc_client\model\note.php 第 16 行.
SQL: SHOW COLUMNS FROM `sdk_accounts` [ RunTime:0.002721s ]
SQL: SELECT * FROM `sdk_accounts` WHERE ( `account_id` = 2480 ) LIMIT 1   [ RunTime:0.000631s ]

[ 2013-12-05T12:43:55+08:00 ] 192.168.170.131 /api/uc.php?time=1386218635&code=9ea91SuoPpkSX7gwu06Z8IZQx%2BjTYlHfeUyhGUYbiOZUNgyUcYmZoSBFgtB%2BTk1GQxtvRpo0FH9U3rgnjdNV%2BC1CAb%2Fr%2BFEZ2BVtgy9eBSgXqZCWka4sYRAe0zvOE3fhx7JNTVXzJQ1o5xs%2BbFnhRf1e5HIj981a3lCkEmfI3Q
INFO: [ app_begin ] --START--
INFO: Run ReadHtmlCache Behavior [ RunTime:0.000724s ]
INFO: [ app_begin ] --END-- [ RunTime:0.000815s ]
NOTIC: [8] Constant UC_CLIENT_VERSION already defined D:\wwwroot\mainweb\sdk\api\UcApi\Lib\Action\IndexAction.class.php 第 4 行.
NOTIC: [8] Constant UC_CLIENT_RELEASE already defined D:\wwwroot\mainweb\sdk\api\UcApi\Lib\Action\IndexAction.class.php 第 5 行.
NOTIC: [2048] Only variables should be passed by reference D:\wwwroot\mainweb\sdk\api\UcApi\Lib\Action\IndexAction.class.php 第 63 行.
NOTIC: [8] Constant API_RETURN_FAILED already defined D:\wwwroot\mainweb\sdk\uc_client\model\note.php 第 16 行.
SQL: SHOW COLUMNS FROM `sdk_accounts` [ RunTime:0.001999s ]
SQL: SELECT * FROM `sdk_accounts` WHERE ( `account_id` = 2422 ) LIMIT 1   [ RunTime:0.011535s ]

[ 2013-12-05T12:46:48+08:00 ] 192.168.139.230 /api/uc.php?time=1386218808&code=f70aLQScFCt%2F0ONSDgmGFAhtVGCoHhAWPWOdRizNPnekxVSBse61vws%2Fj4AjCp1bcEPA8lqs6O4%2BvPpXA%2FJbee5OxGvHX6REx7M3BoOLBYn0tkmal7vpGy%2B71IEniVbQIJ5ZrrgYrsn9Zqdgerml2g4ia%2Bo%2BuPVSxxJv76aH9TmE
INFO: [ app_begin ] --START--
INFO: Run ReadHtmlCache Behavior [ RunTime:0.001050s ]
INFO: [ app_begin ] --END-- [ RunTime:0.001140s ]
NOTIC: [8] Constant UC_CLIENT_VERSION already defined D:\wwwroot\mainweb\sdk\api\UcApi\Lib\Action\IndexAction.class.php 第 4 行.
NOTIC: [8] Constant UC_CLIENT_RELEASE already defined D:\wwwroot\mainweb\sdk\api\UcApi\Lib\Action\IndexAction.class.php 第 5 行.
NOTIC: [2048] Only variables should be passed by reference D:\wwwroot\mainweb\sdk\api\UcApi\Lib\Action\IndexAction.class.php 第 63 行.
NOTIC: [8] Constant API_RETURN_FAILED already defined D:\wwwroot\mainweb\sdk\uc_client\model\note.php 第 16 行.
SQL: SHOW COLUMNS FROM `sdk_accounts` [ RunTime:0.002315s ]
SQL: SELECT * FROM `sdk_accounts` WHERE ( `account_id` = 2430 ) LIMIT 1   [ RunTime:0.000314s ]

[ 2013-12-05T13:07:48+08:00 ] 192.168.137.88 /api/uc.php?time=1386220068&code=ab4dKCDka4QrIXt9qDvfs8YgLSYvzxhzWq7vcGz%2B5FMGAW5GtbNCSspVJiTpiB5krtuV%2Fuo%2FH9MMMQyGEJozc3D6XdO%2FI1sEVSMspF4aRDKPjkOMPJKXhr8wWDiv97NQ6rxrPF%2BwfCR6C02%2FcdHIQEo4X1HgMc2uiPwVBh67
INFO: [ app_begin ] --START--
INFO: Run ReadHtmlCache Behavior [ RunTime:0.001116s ]
INFO: [ app_begin ] --END-- [ RunTime:0.001206s ]
NOTIC: [8] Constant UC_CLIENT_VERSION already defined D:\wwwroot\mainweb\sdk\api\UcApi\Lib\Action\IndexAction.class.php 第 4 行.
NOTIC: [8] Constant UC_CLIENT_RELEASE already defined D:\wwwroot\mainweb\sdk\api\UcApi\Lib\Action\IndexAction.class.php 第 5 行.
NOTIC: [2048] Only variables should be passed by reference D:\wwwroot\mainweb\sdk\api\UcApi\Lib\Action\IndexAction.class.php 第 63 行.
NOTIC: [8] Constant API_RETURN_FAILED already defined D:\wwwroot\mainweb\sdk\uc_client\model\note.php 第 16 行.
SQL: SHOW COLUMNS FROM `sdk_accounts` [ RunTime:0.001822s ]
SQL: SELECT * FROM `sdk_accounts` WHERE ( `account_id` = 1389 ) LIMIT 1   [ RunTime:0.000101s ]

[ 2013-12-05T15:16:17+08:00 ] 192.168.161.137 /api/uc.php?time=1386227777&code=323epjeyvqMWFZqy%2Bt%2FhS5qMgQUpoBvaQbXuLlflrAfu7xVdIX1MVmXzmQNXoQEsAxdXsCb4k4PKDmh1r5DCuMdLob255V6AQ9RkvXZM%2FPe91A0eO6T3h1ubPldNIrhdOozapTHWYOB9Iim8F1nk7SPZuDy3ij1%2FX%2ByvU6cTbyMNEPL6
INFO: [ app_begin ] --START--
INFO: Run ReadHtmlCache Behavior [ RunTime:0.000743s ]
INFO: [ app_begin ] --END-- [ RunTime:0.000835s ]
NOTIC: [8] Constant UC_CLIENT_VERSION already defined D:\wwwroot\mainweb\sdk\api\UcApi\Lib\Action\IndexAction.class.php 第 4 行.
NOTIC: [8] Constant UC_CLIENT_RELEASE already defined D:\wwwroot\mainweb\sdk\api\UcApi\Lib\Action\IndexAction.class.php 第 5 行.
NOTIC: [2048] Only variables should be passed by reference D:\wwwroot\mainweb\sdk\api\UcApi\Lib\Action\IndexAction.class.php 第 63 行.
NOTIC: [8] Constant API_RETURN_FAILED already defined D:\wwwroot\mainweb\sdk\uc_client\model\note.php 第 16 行.
SQL: SHOW COLUMNS FROM `sdk_accounts` [ RunTime:0.002040s ]
SQL: SELECT * FROM `sdk_accounts` WHERE ( `account_id` = 1825 ) LIMIT 1   [ RunTime:0.000550s ]

[ 2013-12-05T16:20:38+08:00 ] 192.168.143.211 /api/uc.php?time=1386231638&code=d028AzDr%2B2dMpeUxhLjl4Ll3hEDVj352jGgrcSyfxZCmdR1gXtpz%2B2%2FVDgdeuviTDrEV7OiVZVPK39B3oQBuzd1zEzQw8cdG1kLXPpN5ZJKGIwm12VSeK7Vj5z7t3rLARU4R4othimqngNGZZmsuucRmhPYQsNWexXg3Nwa4zMGR
INFO: [ app_begin ] --START--
INFO: Run ReadHtmlCache Behavior [ RunTime:0.001222s ]
INFO: [ app_begin ] --END-- [ RunTime:0.001314s ]
NOTIC: [8] Constant UC_CLIENT_VERSION already defined D:\wwwroot\mainweb\sdk\api\UcApi\Lib\Action\IndexAction.class.php 第 4 行.
NOTIC: [8] Constant UC_CLIENT_RELEASE already defined D:\wwwroot\mainweb\sdk\api\UcApi\Lib\Action\IndexAction.class.php 第 5 行.
NOTIC: [2048] Only variables should be passed by reference D:\wwwroot\mainweb\sdk\api\UcApi\Lib\Action\IndexAction.class.php 第 63 行.
NOTIC: [8] Constant API_RETURN_FAILED already defined D:\wwwroot\mainweb\sdk\uc_client\model\note.php 第 16 行.
SQL: SHOW COLUMNS FROM `sdk_accounts` [ RunTime:0.002204s ]
SQL: SELECT * FROM `sdk_accounts` WHERE ( `account_id` = 405 ) LIMIT 1   [ RunTime:0.000421s ]

[ 2013-12-05T17:14:35+08:00 ] 192.168.185.175 /api/uc.php?time=1386234875&code=0f97sXAlhTninT3aOUCiuzonKxp3lpDcpoDBoRmbu7qvgodhPzFpzcInM3s2D4%2FuWdWG6yguoFZWkozgPffhhWMM%2FSFuxP1nl8pSP%2Bk8xZrz%2FdmGLxyp8Y15SbfrpPYKTjVHyYLZI5CIdDzDl7uOWdVw%2BVratRtUFWYRL6kp046gYhMTTyRnLg
INFO: [ app_begin ] --START--
INFO: Run ReadHtmlCache Behavior [ RunTime:0.001128s ]
INFO: [ app_begin ] --END-- [ RunTime:0.001218s ]
NOTIC: [8] Constant UC_CLIENT_VERSION already defined D:\wwwroot\mainweb\sdk\api\UcApi\Lib\Action\IndexAction.class.php 第 4 行.
NOTIC: [8] Constant UC_CLIENT_RELEASE already defined D:\wwwroot\mainweb\sdk\api\UcApi\Lib\Action\IndexAction.class.php 第 5 行.
NOTIC: [2048] Only variables should be passed by reference D:\wwwroot\mainweb\sdk\api\UcApi\Lib\Action\IndexAction.class.php 第 63 行.
NOTIC: [8] Constant API_RETURN_FAILED already defined D:\wwwroot\mainweb\sdk\uc_client\model\note.php 第 16 行.
SQL: SHOW COLUMNS FROM `sdk_accounts` [ RunTime:0.002216s ]
SQL: SELECT * FROM `sdk_accounts` WHERE ( `account_id` = 1337 ) LIMIT 1   [ RunTime:0.000526s ]

[ 2013-12-05T18:40:36+08:00 ] 192.168.143.202 /api/uc.php?time=1386240036&code=b974HUfxsOF7eJUZqRAGAgWea39b0l1wSMWuPB%2BfzjhMCH2rJKmCZ%2FV3bnnzkOF88p87PlEs12iejL0aT7G9hEFGuRKMZexkzpt7w2zPJuEQ4YZTufSrI9MFXZ00phHEHGBS7Sd%2BXvg448bPAFPFPyL4Pu2UDRpxZUI8t1k
INFO: [ app_begin ] --START--
INFO: Run ReadHtmlCache Behavior [ RunTime:0.001026s ]
INFO: [ app_begin ] --END-- [ RunTime:0.001119s ]
NOTIC: [8] Constant UC_CLIENT_VERSION already defined D:\wwwroot\mainweb\sdk\api\UcApi\Lib\Action\IndexAction.class.php 第 4 行.
NOTIC: [8] Constant UC_CLIENT_RELEASE already defined D:\wwwroot\mainweb\sdk\api\UcApi\Lib\Action\IndexAction.class.php 第 5 行.
NOTIC: [2048] Only variables should be passed by reference D:\wwwroot\mainweb\sdk\api\UcApi\Lib\Action\IndexAction.class.php 第 63 行.
NOTIC: [8] Constant API_RETURN_FAILED already defined D:\wwwroot\mainweb\sdk\uc_client\model\note.php 第 16 行.
SQL: SHOW COLUMNS FROM `sdk_accounts` [ RunTime:0.002326s ]
SQL: SELECT * FROM `sdk_accounts` WHERE ( `account_id` = 662 ) LIMIT 1   [ RunTime:0.000323s ]

[ 2013-12-05T19:03:39+08:00 ] 192.168.185.34 /api/uc.php?time=1386241419&code=dd389bDDc%2BCBOJ%2FbSGoXnBC4IPJiKM3kIeyytfuIHF3eEF7fUkce5ev9jiT5mvct1E83RvW51dAbOzDs8fQMdcM4UpewAojyC%2BDvKDtAUmOxwVbWEES1qA9mx30O439C3zP16QEAnRo3YXI65d44qLgTys4QAV2JQ0VtzUi3RdWdhg
INFO: [ app_begin ] --START--
INFO: Run ReadHtmlCache Behavior [ RunTime:0.001146s ]
INFO: [ app_begin ] --END-- [ RunTime:0.001260s ]
NOTIC: [8] Constant UC_CLIENT_VERSION already defined D:\wwwroot\mainweb\sdk\api\UcApi\Lib\Action\IndexAction.class.php 第 4 行.
NOTIC: [8] Constant UC_CLIENT_RELEASE already defined D:\wwwroot\mainweb\sdk\api\UcApi\Lib\Action\IndexAction.class.php 第 5 行.
NOTIC: [2048] Only variables should be passed by reference D:\wwwroot\mainweb\sdk\api\UcApi\Lib\Action\IndexAction.class.php 第 63 行.
NOTIC: [8] Constant API_RETURN_FAILED already defined D:\wwwroot\mainweb\sdk\uc_client\model\note.php 第 16 行.
SQL: SHOW COLUMNS FROM `sdk_accounts` [ RunTime:0.002259s ]
SQL: SELECT * FROM `sdk_accounts` WHERE ( `account_id` = 2177 ) LIMIT 1   [ RunTime:0.012203s ]

[ 2013-12-05T23:05:36+08:00 ] 192.168.171.28 /api/uc.php?time=1386255935&code=68ecVBLhePNw5UsO7UfOuM6y8yetCfRUSlnqsx21m4%2FHyYlKaCjoiMGxOqsmkcR2IhtqM70EavHABcJ84Unbhj2js95qRVp2PHmQw7n1KLYJpBLidYFERjwFKGNdSECuuoA0yJhZtfTfQ%2BBiWbmIb%2FIkuFxxIwqpB6e5LX4%2FqVt2Kg
INFO: [ app_begin ] --START--
INFO: Run ReadHtmlCache Behavior [ RunTime:0.001119s ]
INFO: [ app_begin ] --END-- [ RunTime:0.001212s ]
NOTIC: [8] Constant UC_CLIENT_VERSION already defined D:\wwwroot\mainweb\sdk\api\UcApi\Lib\Action\IndexAction.class.php 第 4 行.
NOTIC: [8] Constant UC_CLIENT_RELEASE already defined D:\wwwroot\mainweb\sdk\api\UcApi\Lib\Action\IndexAction.class.php 第 5 行.
NOTIC: [2048] Only variables should be passed by reference D:\wwwroot\mainweb\sdk\api\UcApi\Lib\Action\IndexAction.class.php 第 63 行.
NOTIC: [8] Constant API_RETURN_FAILED already defined D:\wwwroot\mainweb\sdk\uc_client\model\note.php 第 16 行.
SQL: SHOW COLUMNS FROM `sdk_accounts` [ RunTime:0.002138s ]
SQL: SELECT * FROM `sdk_accounts` WHERE ( `account_id` = 2396 ) LIMIT 1   [ RunTime:0.000298s ]

[ 2013-12-05T23:05:59+08:00 ] 192.168.160.207 /api/uc.php?time=1386255959&code=b52eIi84gLrgLF%2F6tx%2FfpPa5PrDjMXtiGPPKB%2Fvagz9GYpC8mI3RxH8vVlqn7uNHbKy54loF%2FExakrR%2B1RkD44%2Bbw3KL66zx%2F32oIsl38Mvz%2Bq%2FHNPGyDGbxhaFbL43pwmizWC2YikN%2B5L6URpFzw0Mjw7kbrwPWan8Id%2FInteup%2FEo
INFO: [ app_begin ] --START--
INFO: Run ReadHtmlCache Behavior [ RunTime:0.001057s ]
INFO: [ app_begin ] --END-- [ RunTime:0.001150s ]
NOTIC: [8] Constant UC_CLIENT_VERSION already defined D:\wwwroot\mainweb\sdk\api\UcApi\Lib\Action\IndexAction.class.php 第 4 行.
NOTIC: [8] Constant UC_CLIENT_RELEASE already defined D:\wwwroot\mainweb\sdk\api\UcApi\Lib\Action\IndexAction.class.php 第 5 行.
NOTIC: [2048] Only variables should be passed by reference D:\wwwroot\mainweb\sdk\api\UcApi\Lib\Action\IndexAction.class.php 第 63 行.
NOTIC: [8] Constant API_RETURN_FAILED already defined D:\wwwroot\mainweb\sdk\uc_client\model\note.php 第 16 行.
SQL: SHOW COLUMNS FROM `sdk_accounts` [ RunTime:0.001984s ]
SQL: SELECT * FROM `sdk_accounts` WHERE ( `account_id` = 776 ) LIMIT 1   [ RunTime:0.000441s ]

[ 2013-12-05T23:35:59+08:00 ] 222.73.77.55 /api/uc.php?time=1386255959&code=b52eIi84gLrgLF/6tx/fpPa5PrDjMXtiGPPKB/vagz9GYpC8mI3RxH8vVlqn7uNHbKy54loF/ExakrR+1RkD44+bw3KL66zx/32oIsl38Mvz+q/HNPGyDGbxhaFbL43pwmizWC2YikN+5L6URpFzw0Mjw7kbrwPWan8Id/Inteup/Eo
INFO: [ app_begin ] --START--
INFO: Run ReadHtmlCache Behavior [ RunTime:0.001036s ]
INFO: [ app_begin ] --END-- [ RunTime:0.001129s ]
NOTIC: [8] Constant UC_CLIENT_VERSION already defined D:\wwwroot\mainweb\sdk\api\UcApi\Lib\Action\IndexAction.class.php 第 4 行.
NOTIC: [8] Constant UC_CLIENT_RELEASE already defined D:\wwwroot\mainweb\sdk\api\UcApi\Lib\Action\IndexAction.class.php 第 5 行.
NOTIC: [8] Undefined index:  time D:\wwwroot\mainweb\sdk\api\UcApi\Lib\Action\IndexAction.class.php 第 54 行.

[ 2013-12-05T23:48:01+08:00 ] 192.168.192.108 /api/uc.php?time=1386258481&code=b246s3k9n4bXMPXmXzlJ9cyY%2FtuHpJikCHU%2BnEQsqeweV45c5Pp8JNVUXNPAChzfzjyAs8BpPVPtjvfHBgsPt31aMdzGh6ms0dpBPw6zUPpIO8DZP3wtuo4Osc3Ajio5TMzN2dEibX92SWNZJJKNpJfFgpPwcGqEPu3Hol5QQgw
INFO: [ app_begin ] --START--
INFO: Run ReadHtmlCache Behavior [ RunTime:0.000745s ]
INFO: [ app_begin ] --END-- [ RunTime:0.000835s ]
NOTIC: [8] Constant UC_CLIENT_VERSION already defined D:\wwwroot\mainweb\sdk\api\UcApi\Lib\Action\IndexAction.class.php 第 4 行.
NOTIC: [8] Constant UC_CLIENT_RELEASE already defined D:\wwwroot\mainweb\sdk\api\UcApi\Lib\Action\IndexAction.class.php 第 5 行.
NOTIC: [2048] Only variables should be passed by reference D:\wwwroot\mainweb\sdk\api\UcApi\Lib\Action\IndexAction.class.php 第 63 行.
NOTIC: [8] Constant API_RETURN_FAILED already defined D:\wwwroot\mainweb\sdk\uc_client\model\note.php 第 16 行.
SQL: SHOW COLUMNS FROM `sdk_accounts` [ RunTime:0.002330s ]
SQL: SELECT * FROM `sdk_accounts` WHERE ( `account_id` = 2117 ) LIMIT 1   [ RunTime:0.000234s ]

