[ 2013-11-21T00:11:23+08:00 ] 192.168.163.206 /api/uc.php?time=1384963883&code=54b0ZMpmaZmCDEeFASZ4seKX9y8L2Dybr%2FEoSmmRxuJBIUCsnOkavLRFzeLPcQW8RHyBrT6m4RxMjajsEqdRAbXu%2BXTKajo8QSO63kwrAOwYDe4I%2B6%2BLRvouBqLcFXXY1XbNsU8XLwGsTm61kRMXTjiYJVecl%2B2sT1%2FWOcJi5B4XXLZRdA
INFO: [ app_begin ] --START--
INFO: Run ReadHtmlCache Behavior [ RunTime:0.001212s ]
INFO: [ app_begin ] --END-- [ RunTime:0.001303s ]
NOTIC: [8] Constant UC_CLIENT_VERSION already defined D:\wwwroot\mainweb\sdk\api\UcApi\Lib\Action\IndexAction.class.php 第 4 行.
NOTIC: [8] Constant UC_CLIENT_RELEASE already defined D:\wwwroot\mainweb\sdk\api\UcApi\Lib\Action\IndexAction.class.php 第 5 行.
NOTIC: [2048] Only variables should be passed by reference D:\wwwroot\mainweb\sdk\api\UcApi\Lib\Action\IndexAction.class.php 第 63 行.
NOTIC: [8] Constant API_RETURN_FAILED already defined D:\wwwroot\mainweb\sdk\uc_client\model\note.php 第 16 行.
SQL: SHOW COLUMNS FROM `sdk_accounts` [ RunTime:0.002336s ]
SQL: SELECT * FROM `sdk_accounts` WHERE ( `account_id` = 2089 ) LIMIT 1   [ RunTime:0.000650s ]

[ 2013-11-21T00:17:05+08:00 ] 192.168.202.83 /api/uc.php?time=1384964224&code=ef1en2uZJK3wpsC%2FOmV7e%2Bv9D%2BkLqFaTd77tdoyF5JxCPMnIC1lZOe3LK841FOOSzjAhVcnLdRF%2BEdcmYbrFWZZX776FXOnhFOonS48VZ62aJU%2Bbd1wHA%2F8ENLZA4epQ4geZqNCi6FJxQSvRf9MOa3sTijdwx3A3AIkzWBk
INFO: [ app_begin ] --START--
INFO: Run ReadHtmlCache Behavior [ RunTime:0.000667s ]
INFO: [ app_begin ] --END-- [ RunTime:0.000756s ]
NOTIC: [8] Constant UC_CLIENT_VERSION already defined D:\wwwroot\mainweb\sdk\api\UcApi\Lib\Action\IndexAction.class.php 第 4 行.
NOTIC: [8] Constant UC_CLIENT_RELEASE already defined D:\wwwroot\mainweb\sdk\api\UcApi\Lib\Action\IndexAction.class.php 第 5 行.
NOTIC: [2048] Only variables should be passed by reference D:\wwwroot\mainweb\sdk\api\UcApi\Lib\Action\IndexAction.class.php 第 63 行.
NOTIC: [8] Constant API_RETURN_FAILED already defined D:\wwwroot\mainweb\sdk\uc_client\model\note.php 第 16 行.
SQL: SHOW COLUMNS FROM `sdk_accounts` [ RunTime:0.002187s ]
SQL: SELECT * FROM `sdk_accounts` WHERE ( `account_id` = 2550 ) LIMIT 1   [ RunTime:0.000468s ]

[ 2013-11-21T00:54:03+08:00 ] 113.67.107.146 /api/uc.php?time=1384966443&code=3f8aUTOMuuTjbb3FNrqSEE7LBQt9HKkl8IMexvwXBBl8y2JN%2B4DobGXoOEW%2BcNJEuvBXoh2sVERkADtVIkaxjnkSqtVJ4IJApIwwMjpoKyMbeqDWzg9V2XW3Xo3QbdsZQpV%2B2WlDrDS%2BRXS1XLVaY1FHqWCtt7eCFPKE86oh
INFO: [ app_begin ] --START--
INFO: Run ReadHtmlCache Behavior [ RunTime:0.000700s ]
INFO: [ app_begin ] --END-- [ RunTime:0.000792s ]
NOTIC: [8] Constant UC_CLIENT_VERSION already defined D:\wwwroot\mainweb\sdk\api\UcApi\Lib\Action\IndexAction.class.php 第 4 行.
NOTIC: [8] Constant UC_CLIENT_RELEASE already defined D:\wwwroot\mainweb\sdk\api\UcApi\Lib\Action\IndexAction.class.php 第 5 行.
NOTIC: [2048] Only variables should be passed by reference D:\wwwroot\mainweb\sdk\api\UcApi\Lib\Action\IndexAction.class.php 第 63 行.
NOTIC: [8] Constant API_RETURN_FAILED already defined D:\wwwroot\mainweb\sdk\uc_client\model\note.php 第 16 行.
SQL: SHOW COLUMNS FROM `sdk_accounts` [ RunTime:0.002305s ]
SQL: SELECT * FROM `sdk_accounts` WHERE ( `account_id` = 1181 ) LIMIT 1   [ RunTime:0.000422s ]

[ 2013-11-21T09:05:15+08:00 ] 192.168.164.112 /api/uc.php?time=1384995915&code=83d9JQnE479GttpP%2FERABgEn1xG0oPpJvjjgXVaYNejpSJkCoTdSDEPHyxcUCkVF9S%2FEgcm04fDZ5UzHV7UbwUAMtp2CXOl7it%2BYfIev4uXwDbvhGPmcGj09HYCrrBT%2BLdoxUVxHAIT5l5baM1iAvOq4cXCL8fGHjGKI%2FYiOjUOJZA
INFO: [ app_begin ] --START--
INFO: Run ReadHtmlCache Behavior [ RunTime:0.000898s ]
INFO: [ app_begin ] --END-- [ RunTime:0.000992s ]
NOTIC: [8] Constant UC_CLIENT_VERSION already defined D:\wwwroot\mainweb\sdk\api\UcApi\Lib\Action\IndexAction.class.php 第 4 行.
NOTIC: [8] Constant UC_CLIENT_RELEASE already defined D:\wwwroot\mainweb\sdk\api\UcApi\Lib\Action\IndexAction.class.php 第 5 行.
NOTIC: [2048] Only variables should be passed by reference D:\wwwroot\mainweb\sdk\api\UcApi\Lib\Action\IndexAction.class.php 第 63 行.
NOTIC: [8] Constant API_RETURN_FAILED already defined D:\wwwroot\mainweb\sdk\uc_client\model\note.php 第 16 行.
SQL: SHOW COLUMNS FROM `sdk_accounts` [ RunTime:0.002282s ]
SQL: SELECT * FROM `sdk_accounts` WHERE ( `account_id` = 1913 ) LIMIT 1   [ RunTime:0.000590s ]

[ 2013-11-21T09:08:20+08:00 ] 192.168.207.41 /api/uc.php?time=1384996100&code=c5f9XkeTjZmDnspspY1mo8%2B%2FGxyaIq69ClFWA7PJYBB%2Bd7u69iANZ%2FeHkRTbxB0PPo6S6RLUlVaNhd25UuFlhPVh9NqDbmejSKjSQcwWcqcpHizSQJUOjtcOoXwFHMRx4eNmmeyXNVHEQUu7kjlaZhPpIu%2FwD6WPJP%2FbxPapbTBVTrI
INFO: [ app_begin ] --START--
INFO: Run ReadHtmlCache Behavior [ RunTime:0.001040s ]
INFO: [ app_begin ] --END-- [ RunTime:0.001132s ]
NOTIC: [8] Constant UC_CLIENT_VERSION already defined D:\wwwroot\mainweb\sdk\api\UcApi\Lib\Action\IndexAction.class.php 第 4 行.
NOTIC: [8] Constant UC_CLIENT_RELEASE already defined D:\wwwroot\mainweb\sdk\api\UcApi\Lib\Action\IndexAction.class.php 第 5 行.
NOTIC: [2048] Only variables should be passed by reference D:\wwwroot\mainweb\sdk\api\UcApi\Lib\Action\IndexAction.class.php 第 63 行.
NOTIC: [8] Constant API_RETURN_FAILED already defined D:\wwwroot\mainweb\sdk\uc_client\model\note.php 第 16 行.
SQL: SHOW COLUMNS FROM `sdk_accounts` [ RunTime:0.002111s ]
SQL: SELECT * FROM `sdk_accounts` WHERE ( `account_id` = 2502 ) LIMIT 1   [ RunTime:0.000217s ]

[ 2013-11-21T09:22:58+08:00 ] 192.168.182.78 /api/uc.php?time=1384996978&code=703b4PttJt%2Fcn8jQ6DjTj1qa4o7x4%2Fg5rcBPCHRvO%2F6%2B%2FQCSq9p1qGhiq8UVGDucvSQzJRmF0OFoXOdXf6M7kZlSwzcyylvWcCMsQCBwI%2FP%2B9KgvzWRV0SKP3tD2w8FH%2B6JZxUJgvlEe%2B71gYYI6ocgXU7f8%2BI1snqUFJl2U7EZy
INFO: [ app_begin ] --START--
INFO: Run ReadHtmlCache Behavior [ RunTime:0.000738s ]
INFO: [ app_begin ] --END-- [ RunTime:0.000830s ]
NOTIC: [8] Constant UC_CLIENT_VERSION already defined D:\wwwroot\mainweb\sdk\api\UcApi\Lib\Action\IndexAction.class.php 第 4 行.
NOTIC: [8] Constant UC_CLIENT_RELEASE already defined D:\wwwroot\mainweb\sdk\api\UcApi\Lib\Action\IndexAction.class.php 第 5 行.
NOTIC: [2048] Only variables should be passed by reference D:\wwwroot\mainweb\sdk\api\UcApi\Lib\Action\IndexAction.class.php 第 63 行.
NOTIC: [8] Constant API_RETURN_FAILED already defined D:\wwwroot\mainweb\sdk\uc_client\model\note.php 第 16 行.
SQL: SHOW COLUMNS FROM `sdk_accounts` [ RunTime:0.002436s ]
SQL: SELECT * FROM `sdk_accounts` WHERE ( `account_id` = 580 ) LIMIT 1   [ RunTime:0.000500s ]

[ 2013-11-21T10:22:36+08:00 ] 192.168.176.136 /api/uc.php?time=1385000556&code=c109RtHyCZ%2Bi92P1fFv%2Bu%2FHkaiB3OnDweaqT5t8ir%2FlG6l4Oh3uqEopDDEDBNeop8TM3sg1B6TVAzA%2B4PT%2FBydSAivapFd4N%2BJQEu8hP%2F82DVlWKdcAQZjG0kad38Tn4r4%2Flq%2BMq3i1YtpwXUDb%2BAcIviUZmmFH9rWKj1j8EEJ5a
INFO: [ app_begin ] --START--
INFO: Run ReadHtmlCache Behavior [ RunTime:0.001136s ]
INFO: [ app_begin ] --END-- [ RunTime:0.001227s ]
NOTIC: [8] Constant UC_CLIENT_VERSION already defined D:\wwwroot\mainweb\sdk\api\UcApi\Lib\Action\IndexAction.class.php 第 4 行.
NOTIC: [8] Constant UC_CLIENT_RELEASE already defined D:\wwwroot\mainweb\sdk\api\UcApi\Lib\Action\IndexAction.class.php 第 5 行.
NOTIC: [2048] Only variables should be passed by reference D:\wwwroot\mainweb\sdk\api\UcApi\Lib\Action\IndexAction.class.php 第 63 行.
NOTIC: [8] Constant API_RETURN_FAILED already defined D:\wwwroot\mainweb\sdk\uc_client\model\note.php 第 16 行.
SQL: SHOW COLUMNS FROM `sdk_accounts` [ RunTime:0.002427s ]
SQL: SELECT * FROM `sdk_accounts` WHERE ( `account_id` = 694 ) LIMIT 1   [ RunTime:0.000561s ]

[ 2013-11-21T10:43:10+08:00 ] 192.168.156.196 /api/uc.php?time=1385001790&code=e792JXrtWpGreX36AoB9LyllGJXOjEFftgDQojoszv0tf8wuna1dEPYm2rs4jRKet0l3s%2FQV3W7nAq9P41jDN4BsN4WnWi9tc3Ru4T0X%2FWcvCXY3teULWL7xyPgMsHAUTMAbswvGbuWVI2irMeEkZ%2FeQQG1FBHGzuQCa5ajzyg
INFO: [ app_begin ] --START--
INFO: Run ReadHtmlCache Behavior [ RunTime:0.001035s ]
INFO: [ app_begin ] --END-- [ RunTime:0.001127s ]
NOTIC: [8] Constant UC_CLIENT_VERSION already defined D:\wwwroot\mainweb\sdk\api\UcApi\Lib\Action\IndexAction.class.php 第 4 行.
NOTIC: [8] Constant UC_CLIENT_RELEASE already defined D:\wwwroot\mainweb\sdk\api\UcApi\Lib\Action\IndexAction.class.php 第 5 行.
NOTIC: [2048] Only variables should be passed by reference D:\wwwroot\mainweb\sdk\api\UcApi\Lib\Action\IndexAction.class.php 第 63 行.
NOTIC: [8] Constant API_RETURN_FAILED already defined D:\wwwroot\mainweb\sdk\uc_client\model\note.php 第 16 行.
SQL: SHOW COLUMNS FROM `sdk_accounts` [ RunTime:0.002135s ]
SQL: SELECT * FROM `sdk_accounts` WHERE ( `account_id` = 1556 ) LIMIT 1   [ RunTime:0.000473s ]

[ 2013-11-21T12:40:36+08:00 ] 192.168.202.83 /api/uc.php?time=1385008835&code=9f73bRbeewZ94I4GJNk9dN2Vy8S8h%2FwhK3ecp17gN88IByuTx6IqmHr%2BJTNVxcdFOCfdjjPSndc2iCXBoNIg%2B7X4A%2FQh3iJv3smq8e4LeH%2B7Oql6NrcDSTfTgzA2A6%2Bm6isG6fE7c5ADOxGPWREIqAlRFONXzb%2BUAitokOA
INFO: [ app_begin ] --START--
INFO: Run ReadHtmlCache Behavior [ RunTime:0.001019s ]
INFO: [ app_begin ] --END-- [ RunTime:0.001111s ]
NOTIC: [8] Constant UC_CLIENT_VERSION already defined D:\wwwroot\mainweb\sdk\api\UcApi\Lib\Action\IndexAction.class.php 第 4 行.
NOTIC: [8] Constant UC_CLIENT_RELEASE already defined D:\wwwroot\mainweb\sdk\api\UcApi\Lib\Action\IndexAction.class.php 第 5 行.
NOTIC: [2048] Only variables should be passed by reference D:\wwwroot\mainweb\sdk\api\UcApi\Lib\Action\IndexAction.class.php 第 63 行.
NOTIC: [8] Constant API_RETURN_FAILED already defined D:\wwwroot\mainweb\sdk\uc_client\model\note.php 第 16 行.
SQL: SHOW COLUMNS FROM `sdk_accounts` [ RunTime:0.002307s ]
SQL: SELECT * FROM `sdk_accounts` WHERE ( `account_id` = 2550 ) LIMIT 1   [ RunTime:0.000429s ]

[ 2013-11-21T13:04:45+08:00 ] 192.168.202.220 /api/uc.php?time=1385010284&code=c2e1%2BW6ErbhWbuYWb7b3ngrpjsO%2BoAf4orLTLqDISWo4LQdtBFJaG6%2BMCuBd45ryOrNm8HM3UFjkQACFlxPN88J6kH49ZjGXKbVNzYQwKtuEO1CED83OlBSxpgPsK4L1IA1enGbT5e%2F1Q43gYVJTp57xGhSSsHaA7pWNGGq2WV%2BmLQ
INFO: [ app_begin ] --START--
INFO: Run ReadHtmlCache Behavior [ RunTime:0.000731s ]
INFO: [ app_begin ] --END-- [ RunTime:0.000824s ]
NOTIC: [8] Constant UC_CLIENT_VERSION already defined D:\wwwroot\mainweb\sdk\api\UcApi\Lib\Action\IndexAction.class.php 第 4 行.
NOTIC: [8] Constant UC_CLIENT_RELEASE already defined D:\wwwroot\mainweb\sdk\api\UcApi\Lib\Action\IndexAction.class.php 第 5 行.
NOTIC: [2048] Only variables should be passed by reference D:\wwwroot\mainweb\sdk\api\UcApi\Lib\Action\IndexAction.class.php 第 63 行.
NOTIC: [8] Constant API_RETURN_FAILED already defined D:\wwwroot\mainweb\sdk\uc_client\model\note.php 第 16 行.
SQL: SHOW COLUMNS FROM `sdk_accounts` [ RunTime:0.002040s ]
SQL: SELECT * FROM `sdk_accounts` WHERE ( `account_id` = 2567 ) LIMIT 1   [ RunTime:0.000297s ]

[ 2013-11-21T13:04:47+08:00 ] 192.168.171.72 /api/uc.php?time=1385010287&code=b5b0S49qAJVlo7kS4HJGZunIbc3yI0y6qKeyhXsiwlqN%2F7DA2vii1OgIGYUJxmjbgOhL6XXA7Kj2gb7fOjACMsjEnwri%2B9RSQMy5b9p%2BslmaIvSNIO7eL0lxV%2BzFKbvJds45CmYLt8eGlI6qV3YfXKhlB7szyRdTYpn82Q
INFO: [ app_begin ] --START--
INFO: Run ReadHtmlCache Behavior [ RunTime:0.000584s ]
INFO: [ app_begin ] --END-- [ RunTime:0.000675s ]
NOTIC: [8] Constant UC_CLIENT_VERSION already defined D:\wwwroot\mainweb\sdk\api\UcApi\Lib\Action\IndexAction.class.php 第 4 行.
NOTIC: [8] Constant UC_CLIENT_RELEASE already defined D:\wwwroot\mainweb\sdk\api\UcApi\Lib\Action\IndexAction.class.php 第 5 行.
NOTIC: [2048] Only variables should be passed by reference D:\wwwroot\mainweb\sdk\api\UcApi\Lib\Action\IndexAction.class.php 第 63 行.
NOTIC: [8] Constant API_RETURN_FAILED already defined D:\wwwroot\mainweb\sdk\uc_client\model\note.php 第 16 行.
SQL: SHOW COLUMNS FROM `sdk_accounts` [ RunTime:0.002066s ]
SQL: SELECT * FROM `sdk_accounts` WHERE ( `account_id` = 2496 ) LIMIT 1   [ RunTime:0.000574s ]

[ 2013-11-21T13:04:48+08:00 ] 192.168.171.72 /api/uc.php?time=1385010287&code=b5b0S49qAJVlo7kS4HJGZunIbc3yI0y6qKeyhXsiwlqN%2F7DA2vii1OgIGYUJxmjbgOhL6XXA7Kj2gb7fOjACMsjEnwri%2B9RSQMy5b9p%2BslmaIvSNIO7eL0lxV%2BzFKbvJds45CmYLt8eGlI6qV3YfXKhlB7szyRdTYpn82Q
INFO: [ app_begin ] --START--
INFO: Run ReadHtmlCache Behavior [ RunTime:0.000920s ]
INFO: [ app_begin ] --END-- [ RunTime:0.001009s ]
NOTIC: [8] Constant UC_CLIENT_VERSION already defined D:\wwwroot\mainweb\sdk\api\UcApi\Lib\Action\IndexAction.class.php 第 4 行.
NOTIC: [8] Constant UC_CLIENT_RELEASE already defined D:\wwwroot\mainweb\sdk\api\UcApi\Lib\Action\IndexAction.class.php 第 5 行.
NOTIC: [2048] Only variables should be passed by reference D:\wwwroot\mainweb\sdk\api\UcApi\Lib\Action\IndexAction.class.php 第 63 行.
NOTIC: [8] Constant API_RETURN_FAILED already defined D:\wwwroot\mainweb\sdk\uc_client\model\note.php 第 16 行.
SQL: SHOW COLUMNS FROM `sdk_accounts` [ RunTime:0.002143s ]
SQL: SELECT * FROM `sdk_accounts` WHERE ( `account_id` = 2496 ) LIMIT 1   [ RunTime:0.000432s ]

[ 2013-11-21T13:05:30+08:00 ] 192.168.202.220 /api/uc.php?time=1385010330&code=0620uo4RluL%2BPO02fxKeGOer7cCf%2F04FimOvgE7uQMs4w0qgX3aAJGaZ57pJutvs%2BX3FuqGNkGxnYSwvxg
INFO: [ app_begin ] --START--
INFO: Run ReadHtmlCache Behavior [ RunTime:0.001035s ]
INFO: [ app_begin ] --END-- [ RunTime:0.001130s ]
NOTIC: [8] Constant UC_CLIENT_VERSION already defined D:\wwwroot\mainweb\sdk\api\UcApi\Lib\Action\IndexAction.class.php 第 4 行.
NOTIC: [8] Constant UC_CLIENT_RELEASE already defined D:\wwwroot\mainweb\sdk\api\UcApi\Lib\Action\IndexAction.class.php 第 5 行.
NOTIC: [2048] Only variables should be passed by reference D:\wwwroot\mainweb\sdk\api\UcApi\Lib\Action\IndexAction.class.php 第 63 行.

[ 2013-11-21T13:28:56+08:00 ] 192.168.187.101 /api/uc.php?time=1385011736&code=ad1fcDUJwhnUS5nZKVVISzTZsCnUS8SFEwmKYeGIu%2Fm1lYLjYWIP7J5Sp1pQvguJsf%2FvSR0WzcSt6Q8jPK%2F1%2BkTj5o9zxikya14w58wjqOxHrWQ8QvPYPLZO1udbuUP9ZHlPzI6lk4sqZ8yw5EyW0Hqwl27y5mXKbJX%2BVsw
INFO: [ app_begin ] --START--
INFO: Run ReadHtmlCache Behavior [ RunTime:0.001033s ]
INFO: [ app_begin ] --END-- [ RunTime:0.001126s ]
NOTIC: [8] Constant UC_CLIENT_VERSION already defined D:\wwwroot\mainweb\sdk\api\UcApi\Lib\Action\IndexAction.class.php 第 4 行.
NOTIC: [8] Constant UC_CLIENT_RELEASE already defined D:\wwwroot\mainweb\sdk\api\UcApi\Lib\Action\IndexAction.class.php 第 5 行.
NOTIC: [2048] Only variables should be passed by reference D:\wwwroot\mainweb\sdk\api\UcApi\Lib\Action\IndexAction.class.php 第 63 行.
NOTIC: [8] Constant API_RETURN_FAILED already defined D:\wwwroot\mainweb\sdk\uc_client\model\note.php 第 16 行.
SQL: SHOW COLUMNS FROM `sdk_accounts` [ RunTime:0.002428s ]
SQL: SELECT * FROM `sdk_accounts` WHERE ( `account_id` = 2407 ) LIMIT 1   [ RunTime:0.000586s ]

[ 2013-11-21T13:32:24+08:00 ] 192.168.178.81 /api/uc.php?time=1385011944&code=6a59EhevX5RnnT9A2KkqasPhlk7cAQtXYwemTtjD3DUEYi3d53SN8ZTajYLRhx1PUwXk9spMOShwG9qc3K3duh8SRJ9f1os%2B4T81fYfizi264O17LfTqvZL0Guj8T5%2BsXPA67kpzxUhtRf9XPo%2FjZZRJtQKdblEpcq8AFS5Vzmp2KKA
INFO: [ app_begin ] --START--
INFO: Run ReadHtmlCache Behavior [ RunTime:0.001052s ]
INFO: [ app_begin ] --END-- [ RunTime:0.001144s ]
NOTIC: [8] Constant UC_CLIENT_VERSION already defined D:\wwwroot\mainweb\sdk\api\UcApi\Lib\Action\IndexAction.class.php 第 4 行.
NOTIC: [8] Constant UC_CLIENT_RELEASE already defined D:\wwwroot\mainweb\sdk\api\UcApi\Lib\Action\IndexAction.class.php 第 5 行.
NOTIC: [2048] Only variables should be passed by reference D:\wwwroot\mainweb\sdk\api\UcApi\Lib\Action\IndexAction.class.php 第 63 行.
NOTIC: [8] Constant API_RETURN_FAILED already defined D:\wwwroot\mainweb\sdk\uc_client\model\note.php 第 16 行.
SQL: SHOW COLUMNS FROM `sdk_accounts` [ RunTime:0.001952s ]
SQL: SELECT * FROM `sdk_accounts` WHERE ( `account_id` = 2502 ) LIMIT 1   [ RunTime:0.000302s ]

[ 2013-11-21T13:32:29+08:00 ] 192.168.178.81 /api/uc.php?time=1385011949&code=4596SW%2FkT5Ep4bK46PGePSERuvgTk1g3etjYpaWjzJgP%2FGKrUDbKIzAjyLa6MkC098ZcYkYKGMIejyDTQA
INFO: [ app_begin ] --START--
INFO: Run ReadHtmlCache Behavior [ RunTime:0.000580s ]
INFO: [ app_begin ] --END-- [ RunTime:0.000668s ]
NOTIC: [8] Constant UC_CLIENT_VERSION already defined D:\wwwroot\mainweb\sdk\api\UcApi\Lib\Action\IndexAction.class.php 第 4 行.
NOTIC: [8] Constant UC_CLIENT_RELEASE already defined D:\wwwroot\mainweb\sdk\api\UcApi\Lib\Action\IndexAction.class.php 第 5 行.
NOTIC: [2048] Only variables should be passed by reference D:\wwwroot\mainweb\sdk\api\UcApi\Lib\Action\IndexAction.class.php 第 63 行.

[ 2013-11-21T15:19:12+08:00 ] 192.168.170.7 /api/uc.php?time=1385018351&code=8ffdlaP8MxsSyLUEQLfIULHLWPU1o%2BvksOVrR6x5owAqmhPj4mSkMeN5Yw%2FdG2OPSZspygeN4ZAmVW75mRweDQrh47ok7Ea4dZpkIF6o%2F4cYxyaiNAJmnPtmRDZcwx89a2nGc2AhKho7IBsCnrGoxi3nf1tuDoKvHKrJ
INFO: [ app_begin ] --START--
INFO: Run ReadHtmlCache Behavior [ RunTime:0.000760s ]
INFO: [ app_begin ] --END-- [ RunTime:0.000853s ]
NOTIC: [8] Constant UC_CLIENT_VERSION already defined D:\wwwroot\mainweb\sdk\api\UcApi\Lib\Action\IndexAction.class.php 第 4 行.
NOTIC: [8] Constant UC_CLIENT_RELEASE already defined D:\wwwroot\mainweb\sdk\api\UcApi\Lib\Action\IndexAction.class.php 第 5 行.
NOTIC: [2048] Only variables should be passed by reference D:\wwwroot\mainweb\sdk\api\UcApi\Lib\Action\IndexAction.class.php 第 63 行.
NOTIC: [8] Constant API_RETURN_FAILED already defined D:\wwwroot\mainweb\sdk\uc_client\model\note.php 第 16 行.
SQL: SHOW COLUMNS FROM `sdk_accounts` [ RunTime:0.002077s ]
SQL: SELECT * FROM `sdk_accounts` WHERE ( `account_id` = 805 ) LIMIT 1   [ RunTime:0.000318s ]

[ 2013-11-21T15:22:37+08:00 ] 192.168.189.167 /api/uc.php?time=1385018557&code=6bf90VILc%2BEaJ7OUNeqETUYyDZEsNCxFQU4eR1qg5owMKY%2BEdBAQ8WcgpMaofHvC%2BW3eZYTCqZkKStyb6v%2FRI%2F78WhaQR5wxOx1PqL3Hveu65vNQWMceRcb8oOkpt8C9puFX6oeo2S2ERoGt43MXp9MmLLjiTHV6r0lne52TUlY
INFO: [ app_begin ] --START--
INFO: Run ReadHtmlCache Behavior [ RunTime:0.001080s ]
INFO: [ app_begin ] --END-- [ RunTime:0.001172s ]
NOTIC: [8] Constant UC_CLIENT_VERSION already defined D:\wwwroot\mainweb\sdk\api\UcApi\Lib\Action\IndexAction.class.php 第 4 行.
NOTIC: [8] Constant UC_CLIENT_RELEASE already defined D:\wwwroot\mainweb\sdk\api\UcApi\Lib\Action\IndexAction.class.php 第 5 行.
NOTIC: [2048] Only variables should be passed by reference D:\wwwroot\mainweb\sdk\api\UcApi\Lib\Action\IndexAction.class.php 第 63 行.
NOTIC: [8] Constant API_RETURN_FAILED already defined D:\wwwroot\mainweb\sdk\uc_client\model\note.php 第 16 行.
SQL: SHOW COLUMNS FROM `sdk_accounts` [ RunTime:0.002002s ]
SQL: SELECT * FROM `sdk_accounts` WHERE ( `account_id` = 452 ) LIMIT 1   [ RunTime:0.000548s ]

[ 2013-11-21T15:37:45+08:00 ] 59.41.171.121 /api/uc.php?time=1385019460&code=81f8zBF6mmMcRSuJ6Veh9A6rhploTY0otqZtkjrzFzr%2BLDQn3zcc8i%2FCwdFE7PvaRBzPI1MIErlaPYZrfsNT%2BD1jBAQd%2F3Mwo6SHl62GH38gL5pl3jxtg9DT%2Fl8pieYvHZ9aX83Wc%2Blmh4EuDOz0UpIOSj3r8IFXUsFKwkhZ0WUOGad4
INFO: [ app_begin ] --START--
INFO: Run ReadHtmlCache Behavior [ RunTime:0.001032s ]
INFO: [ app_begin ] --END-- [ RunTime:0.001125s ]
NOTIC: [8] Constant UC_CLIENT_VERSION already defined D:\wwwroot\mainweb\sdk\api\UcApi\Lib\Action\IndexAction.class.php 第 4 行.
NOTIC: [8] Constant UC_CLIENT_RELEASE already defined D:\wwwroot\mainweb\sdk\api\UcApi\Lib\Action\IndexAction.class.php 第 5 行.
NOTIC: [2048] Only variables should be passed by reference D:\wwwroot\mainweb\sdk\api\UcApi\Lib\Action\IndexAction.class.php 第 63 行.
NOTIC: [8] Constant API_RETURN_FAILED already defined D:\wwwroot\mainweb\sdk\uc_client\model\note.php 第 16 行.
SQL: SHOW COLUMNS FROM `sdk_accounts` [ RunTime:0.002057s ]
SQL: SELECT * FROM `sdk_accounts` WHERE ( `account_id` = 896 ) LIMIT 1   [ RunTime:0.000577s ]

[ 2013-11-21T16:07:57+08:00 ] 192.168.181.28 /api/uc.php?time=1385021277&code=6f117Bx77QMpSERWXxlKdoGZJRTQiitJekkps9jWLbeVFLjC4RkGVdrndmVPZhkKwraaLfAwbWQrqsvJSeav%2FhGVuk60%2F8YMIimy8qMoIX7UiygP2n9FRLtEgLzfuRkzxUMgRjubrtF%2FKy%2BitTLiKTCW5eGQjXSU2f21tg
INFO: [ app_begin ] --START--
INFO: Run ReadHtmlCache Behavior [ RunTime:0.000744s ]
INFO: [ app_begin ] --END-- [ RunTime:0.000840s ]
NOTIC: [8] Constant UC_CLIENT_VERSION already defined D:\wwwroot\mainweb\sdk\api\UcApi\Lib\Action\IndexAction.class.php 第 4 行.
NOTIC: [8] Constant UC_CLIENT_RELEASE already defined D:\wwwroot\mainweb\sdk\api\UcApi\Lib\Action\IndexAction.class.php 第 5 行.
NOTIC: [2048] Only variables should be passed by reference D:\wwwroot\mainweb\sdk\api\UcApi\Lib\Action\IndexAction.class.php 第 63 行.
NOTIC: [8] Constant API_RETURN_FAILED already defined D:\wwwroot\mainweb\sdk\uc_client\model\note.php 第 16 行.
SQL: SHOW COLUMNS FROM `sdk_accounts` [ RunTime:0.002103s ]
SQL: SELECT * FROM `sdk_accounts` WHERE ( `account_id` = 1948 ) LIMIT 1   [ RunTime:0.000418s ]
SQL: INSERT INTO `sdk_accounts` (`account_id`,`user_name`,`email`,`password`,`reg_time`) VALUES (1948,'cxp','1090100756@qq.com','067ff6409c71c26202c352d876e8c5eb1de17062',1385021277) [ RunTime:0.008500s ]

[ 2013-11-21T16:08:00+08:00 ] 192.168.181.28 /api/uc.php?time=1385021280&code=1efcV9xhxhdT9g92Y9ssyVE3z223NbEYlVu%2FdqFz2hZR1CjymLfxERnOY61cyhX%2BoRfyQg9NO4OJzxuhHQr26cj9elPmwWsz%2B2gWY882zSFG0PLfhxRCravG5ZYbEQ%2Ba9DZZQrMYPKyygvysIXXceg9kUI1YXFWIBoHkTA
INFO: [ app_begin ] --START--
INFO: Run ReadHtmlCache Behavior [ RunTime:0.000585s ]
INFO: [ app_begin ] --END-- [ RunTime:0.000675s ]
NOTIC: [8] Constant UC_CLIENT_VERSION already defined D:\wwwroot\mainweb\sdk\api\UcApi\Lib\Action\IndexAction.class.php 第 4 行.
NOTIC: [8] Constant UC_CLIENT_RELEASE already defined D:\wwwroot\mainweb\sdk\api\UcApi\Lib\Action\IndexAction.class.php 第 5 行.
NOTIC: [2048] Only variables should be passed by reference D:\wwwroot\mainweb\sdk\api\UcApi\Lib\Action\IndexAction.class.php 第 63 行.
NOTIC: [8] Constant API_RETURN_FAILED already defined D:\wwwroot\mainweb\sdk\uc_client\model\note.php 第 16 行.
SQL: SHOW COLUMNS FROM `sdk_accounts` [ RunTime:0.002592s ]
SQL: SELECT * FROM `sdk_accounts` WHERE ( `account_id` = 1948 ) LIMIT 1   [ RunTime:0.000441s ]

[ 2013-11-21T16:15:44+08:00 ] 192.168.133.145 /api/uc.php?time=1385021743&code=7af1v3BnvJ98K8XrR0eqxS6Heqatqgx0QyOWw0n%2B1J8vzhtmIVCqcwWda4IbvIhqVXkCUIIhvjBz4QgUlpn3Ye1%2BBQ7oTtFrKhMkpdFLWIyuSrfhE4kXa1E%2Bhjg%2BgA8D0JUrrP6F6jPaJuB6Ytp%2FACsdg5us8dh1A1UiU1WXCOMYJw
INFO: [ app_begin ] --START--
INFO: Run ReadHtmlCache Behavior [ RunTime:0.000753s ]
INFO: [ app_begin ] --END-- [ RunTime:0.000847s ]
NOTIC: [8] Constant UC_CLIENT_VERSION already defined D:\wwwroot\mainweb\sdk\api\UcApi\Lib\Action\IndexAction.class.php 第 4 行.
NOTIC: [8] Constant UC_CLIENT_RELEASE already defined D:\wwwroot\mainweb\sdk\api\UcApi\Lib\Action\IndexAction.class.php 第 5 行.
NOTIC: [2048] Only variables should be passed by reference D:\wwwroot\mainweb\sdk\api\UcApi\Lib\Action\IndexAction.class.php 第 63 行.
NOTIC: [8] Constant API_RETURN_FAILED already defined D:\wwwroot\mainweb\sdk\uc_client\model\note.php 第 16 行.
SQL: SHOW COLUMNS FROM `sdk_accounts` [ RunTime:0.002325s ]
SQL: SELECT * FROM `sdk_accounts` WHERE ( `account_id` = 2043 ) LIMIT 1   [ RunTime:0.000516s ]

[ 2013-11-21T16:19:23+08:00 ] 192.168.205.82 /api/uc.php?time=1385021963&code=a646t4uBEZgydA5hCbUAJifGUUzTPNTYjPWXJsWhUEmgb0cAin37%2FEjoSGnvUd9mTpye8MJDzCPZeWFDD%2BH4XkRaQDDMeX4Jedzo6cHhbI5r8ffPA3a827tW%2FLE6tviCJYAEVsERDku9OPh7q67wir3mYrrGWeqr7hzClkoRYSGly57RdJA
INFO: [ app_begin ] --START--
INFO: Run ReadHtmlCache Behavior [ RunTime:0.001079s ]
INFO: [ app_begin ] --END-- [ RunTime:0.001170s ]
NOTIC: [8] Constant UC_CLIENT_VERSION already defined D:\wwwroot\mainweb\sdk\api\UcApi\Lib\Action\IndexAction.class.php 第 4 行.
NOTIC: [8] Constant UC_CLIENT_RELEASE already defined D:\wwwroot\mainweb\sdk\api\UcApi\Lib\Action\IndexAction.class.php 第 5 行.
NOTIC: [2048] Only variables should be passed by reference D:\wwwroot\mainweb\sdk\api\UcApi\Lib\Action\IndexAction.class.php 第 63 行.
NOTIC: [8] Constant API_RETURN_FAILED already defined D:\wwwroot\mainweb\sdk\uc_client\model\note.php 第 16 行.
SQL: SHOW COLUMNS FROM `sdk_accounts` [ RunTime:0.002137s ]
SQL: SELECT * FROM `sdk_accounts` WHERE ( `account_id` = 172 ) LIMIT 1   [ RunTime:0.000501s ]

[ 2013-11-21T20:51:23+08:00 ] 192.168.153.67 /api/uc.php?time=1385038283&code=c7da44pJ8qhi8qlYDDYg4pav24WD5T2kG5TyFwAJx1HlsoVIiQurNxJlnVTRu4TXrYcWTeLJvOzqqlDB6Kgq4g19hHWE%2BZ%2FDBn0GNZnHjFEoOErvOHqRObbSTRZk9yc5BLrch3ML16P3u%2FTWHjxlQlVX1szJmiwspYdJWos4
INFO: [ app_begin ] --START--
INFO: Run ReadHtmlCache Behavior [ RunTime:0.000713s ]
INFO: [ app_begin ] --END-- [ RunTime:0.000810s ]
NOTIC: [8] Constant UC_CLIENT_VERSION already defined D:\wwwroot\mainweb\sdk\api\UcApi\Lib\Action\IndexAction.class.php 第 4 行.
NOTIC: [8] Constant UC_CLIENT_RELEASE already defined D:\wwwroot\mainweb\sdk\api\UcApi\Lib\Action\IndexAction.class.php 第 5 行.
NOTIC: [2048] Only variables should be passed by reference D:\wwwroot\mainweb\sdk\api\UcApi\Lib\Action\IndexAction.class.php 第 63 行.
NOTIC: [8] Constant API_RETURN_FAILED already defined D:\wwwroot\mainweb\sdk\uc_client\model\note.php 第 16 行.
SQL: SHOW COLUMNS FROM `sdk_accounts` [ RunTime:0.002136s ]
SQL: SELECT * FROM `sdk_accounts` WHERE ( `account_id` = 976 ) LIMIT 1   [ RunTime:0.000592s ]

[ 2013-11-21T21:21:22+08:00 ] 192.168.142.30 /api/uc.php?time=1385040082&code=d1eaj%2BTe6FAskahTy2a34biWvCj%2FDnKGRB6%2ByUs%2FaPqJDULTtSMd3xxIr1Ubk7NozexyJXDW0jrwaDlC0xf%2BhRiAnMR1YBDWkjxBuJ1RZdZKqSb0y1gfLtnU45PqmUUvsA%2B88K26dNDtkb0lq8cpufcuRxKe2KaXrAPbwA
INFO: [ app_begin ] --START--
INFO: Run ReadHtmlCache Behavior [ RunTime:0.001067s ]
INFO: [ app_begin ] --END-- [ RunTime:0.001157s ]
NOTIC: [8] Constant UC_CLIENT_VERSION already defined D:\wwwroot\mainweb\sdk\api\UcApi\Lib\Action\IndexAction.class.php 第 4 行.
NOTIC: [8] Constant UC_CLIENT_RELEASE already defined D:\wwwroot\mainweb\sdk\api\UcApi\Lib\Action\IndexAction.class.php 第 5 行.
NOTIC: [2048] Only variables should be passed by reference D:\wwwroot\mainweb\sdk\api\UcApi\Lib\Action\IndexAction.class.php 第 63 行.
NOTIC: [8] Constant API_RETURN_FAILED already defined D:\wwwroot\mainweb\sdk\uc_client\model\note.php 第 16 行.
SQL: SHOW COLUMNS FROM `sdk_accounts` [ RunTime:0.002016s ]
SQL: SELECT * FROM `sdk_accounts` WHERE ( `account_id` = 659 ) LIMIT 1   [ RunTime:0.000418s ]

[ 2013-11-21T21:26:59+08:00 ] 192.168.132.195 /api/uc.php?time=1385040418&code=09d7KYba1xzeodw%2FCHc%2BL3Vh9MpkGjTU2d9H3svRQ7FrCrDSXr7HhpNwwZ11kcZLR660%2FSdmHGJS4nO07d1ILODcgIWtHdwz%2Fs9Tg5RmIO8oHS4OSH%2FY4qQqALmUUZUwhVyuG5UGRiGHQVq108xjTIt3amKbsFhuftD6B3%2Fs
INFO: [ app_begin ] --START--
INFO: Run ReadHtmlCache Behavior [ RunTime:0.000713s ]
INFO: [ app_begin ] --END-- [ RunTime:0.000807s ]
NOTIC: [8] Constant UC_CLIENT_VERSION already defined D:\wwwroot\mainweb\sdk\api\UcApi\Lib\Action\IndexAction.class.php 第 4 行.
NOTIC: [8] Constant UC_CLIENT_RELEASE already defined D:\wwwroot\mainweb\sdk\api\UcApi\Lib\Action\IndexAction.class.php 第 5 行.
NOTIC: [2048] Only variables should be passed by reference D:\wwwroot\mainweb\sdk\api\UcApi\Lib\Action\IndexAction.class.php 第 63 行.
NOTIC: [8] Constant API_RETURN_FAILED already defined D:\wwwroot\mainweb\sdk\uc_client\model\note.php 第 16 行.
SQL: SHOW COLUMNS FROM `sdk_accounts` [ RunTime:0.002044s ]
SQL: SELECT * FROM `sdk_accounts` WHERE ( `account_id` = 1886 ) LIMIT 1   [ RunTime:0.000448s ]

[ 2013-11-21T23:13:44+08:00 ] 192.168.204.139 /api/uc.php?time=1385046824&code=5a1aTnTvCQ9F%2F3iK6ULNIUEa6lUbU1R0aSQQCmnyKg6UVs9yDbQh54bB%2BQNmZAOBPMCP4HNV%2B6kBzwopU55JR7yXRLAKDDP5OEsXasCElCU5Tv7C9eUHQU1y20P8F1JYzFVVB%2BXexhuWXnl3TxYOpV9dVnjMqeHbht70Mw
INFO: [ app_begin ] --START--
INFO: Run ReadHtmlCache Behavior [ RunTime:0.000770s ]
INFO: [ app_begin ] --END-- [ RunTime:0.000862s ]
NOTIC: [8] Constant UC_CLIENT_VERSION already defined D:\wwwroot\mainweb\sdk\api\UcApi\Lib\Action\IndexAction.class.php 第 4 行.
NOTIC: [8] Constant UC_CLIENT_RELEASE already defined D:\wwwroot\mainweb\sdk\api\UcApi\Lib\Action\IndexAction.class.php 第 5 行.
NOTIC: [2048] Only variables should be passed by reference D:\wwwroot\mainweb\sdk\api\UcApi\Lib\Action\IndexAction.class.php 第 63 行.
NOTIC: [8] Constant API_RETURN_FAILED already defined D:\wwwroot\mainweb\sdk\uc_client\model\note.php 第 16 行.
SQL: SHOW COLUMNS FROM `sdk_accounts` [ RunTime:0.002441s ]
SQL: SELECT * FROM `sdk_accounts` WHERE ( `account_id` = 1769 ) LIMIT 1   [ RunTime:0.000533s ]

[ 2013-11-21T23:17:07+08:00 ] 192.168.136.20 /api/uc.php?time=1385047026&code=a585CBiJSPYvMi1REV5XQ4L%2FWDWRzH8%2FQbzJTYU4pLJVJHh0GXHz%2BouD%2FfQFCmZyhLVwnOVun2UjHbsEGVYX3ddURdjWu288cqJOuEstF4KFM6HaekAus38wQIHQY7GB8SYyiFrqlWs6rWz3A19szLjTkQFaIXDv7CF1di4
INFO: [ app_begin ] --START--
INFO: Run ReadHtmlCache Behavior [ RunTime:0.000726s ]
INFO: [ app_begin ] --END-- [ RunTime:0.000819s ]
NOTIC: [8] Constant UC_CLIENT_VERSION already defined D:\wwwroot\mainweb\sdk\api\UcApi\Lib\Action\IndexAction.class.php 第 4 行.
NOTIC: [8] Constant UC_CLIENT_RELEASE already defined D:\wwwroot\mainweb\sdk\api\UcApi\Lib\Action\IndexAction.class.php 第 5 行.
NOTIC: [2048] Only variables should be passed by reference D:\wwwroot\mainweb\sdk\api\UcApi\Lib\Action\IndexAction.class.php 第 63 行.
NOTIC: [8] Constant API_RETURN_FAILED already defined D:\wwwroot\mainweb\sdk\uc_client\model\note.php 第 16 行.
SQL: SHOW COLUMNS FROM `sdk_accounts` [ RunTime:0.002020s ]
SQL: SELECT * FROM `sdk_accounts` WHERE ( `account_id` = 1580 ) LIMIT 1   [ RunTime:0.000320s ]

[ 2013-11-21T23:54:06+08:00 ] 192.168.132.83 /api/uc.php?time=1385049246&code=09ef07DGcNy0tDCZHqd0tthiY3IscwcDnXFOX7kT5RCVxvtgAk%2F0tAqa4Rz9oNxPVH1JrTRSAR4dGQ%2F8KuqhOP64uCRLRQVUhKegZfd6N7xQD9dqNgqL61a7SzMZ6yKsn7j8j83%2F941Vh2UaeiH1en2%2BbKZDAjbeqwjUOj4DmRL%2BRD6Qbg
INFO: [ app_begin ] --START--
INFO: Run ReadHtmlCache Behavior [ RunTime:0.000658s ]
INFO: [ app_begin ] --END-- [ RunTime:0.000752s ]
NOTIC: [8] Constant UC_CLIENT_VERSION already defined D:\wwwroot\mainweb\sdk\api\UcApi\Lib\Action\IndexAction.class.php 第 4 行.
NOTIC: [8] Constant UC_CLIENT_RELEASE already defined D:\wwwroot\mainweb\sdk\api\UcApi\Lib\Action\IndexAction.class.php 第 5 行.
NOTIC: [2048] Only variables should be passed by reference D:\wwwroot\mainweb\sdk\api\UcApi\Lib\Action\IndexAction.class.php 第 63 行.
NOTIC: [8] Constant API_RETURN_FAILED already defined D:\wwwroot\mainweb\sdk\uc_client\model\note.php 第 16 行.
SQL: SHOW COLUMNS FROM `sdk_accounts` [ RunTime:0.002227s ]
SQL: SELECT * FROM `sdk_accounts` WHERE ( `account_id` = 2537 ) LIMIT 1   [ RunTime:0.000425s ]

[ 2013-11-21T23:59:17+08:00 ] 192.168.163.31 /api/uc.php?time=1385049557&code=1b30MSBVzaIkLVWPUMnDFS8R%2BrPEzpgGtpD%2F4IbCXUNKp8B33%2FxEK6%2FpULioumUCas3k23fQhTtuseKNRUr60a2VTcEP1%2Ft9bRsdkLPsZXyVvfDM7NhkkS6KdM5eKWcoeP2ShcYZLeh0CWdC0NujJXzQgPmYj9ZryaQEF%2BYXiw
INFO: [ app_begin ] --START--
INFO: Run ReadHtmlCache Behavior [ RunTime:0.001054s ]
INFO: [ app_begin ] --END-- [ RunTime:0.001144s ]
NOTIC: [8] Constant UC_CLIENT_VERSION already defined D:\wwwroot\mainweb\sdk\api\UcApi\Lib\Action\IndexAction.class.php 第 4 行.
NOTIC: [8] Constant UC_CLIENT_RELEASE already defined D:\wwwroot\mainweb\sdk\api\UcApi\Lib\Action\IndexAction.class.php 第 5 行.
NOTIC: [2048] Only variables should be passed by reference D:\wwwroot\mainweb\sdk\api\UcApi\Lib\Action\IndexAction.class.php 第 63 行.
NOTIC: [8] Constant API_RETURN_FAILED already defined D:\wwwroot\mainweb\sdk\uc_client\model\note.php 第 16 行.
SQL: SHOW COLUMNS FROM `sdk_accounts` [ RunTime:0.001875s ]
SQL: SELECT * FROM `sdk_accounts` WHERE ( `account_id` = 2580 ) LIMIT 1   [ RunTime:0.000278s ]
SQL: INSERT INTO `sdk_accounts` (`account_id`,`user_name`,`email`,`password`,`reg_time`) VALUES (2580,'猪仔','443625468@qq.com','3232ba67a5af79d24783deb344e8e1f64b2b0b54',1385049557) [ RunTime:0.001561s ]

