[ 2014-01-05T02:01:27+08:00 ] 192.168.163.69 /api/uc.php?time=1388858486&code=ff1ckrQ18pmGJBnhMwbBKpW%2FhdjHnZCqCtWjfcaxm9l6kJFxixiLH2Cddf%2FGy3sod6KQE4N%2BOKaSNd2%2FowtA80sNogDSmdsERM8H7z%2F3FiKcHpywAjdX0jOtkc%2FlVoJgBGX44%2BwtUEAwwyjdvQ2FhcR7UvwmQw632NiNgBUCYg
INFO: [ app_begin ] --START--
INFO: Run ReadHtmlCache Behavior [ RunTime:0.001216s ]
INFO: [ app_begin ] --END-- [ RunTime:0.001306s ]
NOTIC: [8] Constant UC_CLIENT_VERSION already defined D:\wwwroot\mainweb\sdk\api\UcApi\Lib\Action\IndexAction.class.php 第 4 行.
NOTIC: [8] Constant UC_CLIENT_RELEASE already defined D:\wwwroot\mainweb\sdk\api\UcApi\Lib\Action\IndexAction.class.php 第 5 行.
NOTIC: [2048] Only variables should be passed by reference D:\wwwroot\mainweb\sdk\api\UcApi\Lib\Action\IndexAction.class.php 第 63 行.
NOTIC: [8] Constant API_RETURN_FAILED already defined D:\wwwroot\mainweb\sdk\uc_client\model\note.php 第 16 行.
SQL: SHOW COLUMNS FROM `sdk_accounts` [ RunTime:0.002032s ]
SQL: SELECT * FROM `sdk_accounts` WHERE ( `account_id` = 1103 ) LIMIT 1   [ RunTime:0.000534s ]

[ 2014-01-05T09:57:57+08:00 ] 192.168.189.133 /api/uc.php?time=1388887077&code=5544tOQpOL1zZXicA5VV%2BJmJhD41GEND918PsY4f1ofxazkxujQUkOGmKK1Z1TqN6dsJbZr3EqRE2dAlxMU7OtqGrifQjtOZQLCehI7rri7oPZFyEihsOL72Jh9VqeTIOVYZYZNN91MpvA1hEdvG4F80Lm9K3pkQU%2B2qsHaZ5vBJqw
INFO: [ app_begin ] --START--
INFO: Run ReadHtmlCache Behavior [ RunTime:0.001093s ]
INFO: [ app_begin ] --END-- [ RunTime:0.001184s ]
NOTIC: [8] Constant UC_CLIENT_VERSION already defined D:\wwwroot\mainweb\sdk\api\UcApi\Lib\Action\IndexAction.class.php 第 4 行.
NOTIC: [8] Constant UC_CLIENT_RELEASE already defined D:\wwwroot\mainweb\sdk\api\UcApi\Lib\Action\IndexAction.class.php 第 5 行.
NOTIC: [2048] Only variables should be passed by reference D:\wwwroot\mainweb\sdk\api\UcApi\Lib\Action\IndexAction.class.php 第 63 行.
NOTIC: [8] Constant API_RETURN_FAILED already defined D:\wwwroot\mainweb\sdk\uc_client\model\note.php 第 16 行.
SQL: SHOW COLUMNS FROM `sdk_accounts` [ RunTime:0.002458s ]
SQL: SELECT * FROM `sdk_accounts` WHERE ( `account_id` = 1230 ) LIMIT 1   [ RunTime:0.000338s ]

[ 2014-01-05T10:04:33+08:00 ] 192.168.201.76 /api/uc.php?time=1388887473&code=4cd346OjTmpVly6xSeOYDBUk4RpmbyujNwMSjN0fxkV4aIIQPWaLtTLmwAG2oy4o6u5Tnk%2FDt5lMXitE%2FkJR71RcJ7iic9koRgy92JIKqxdYdQ82MiNuRWbMbJlgKf%2BAfzZKnKE7L3%2BzfMmLdunUTHgNvw5QjKBWloi1oelG
INFO: [ app_begin ] --START--
INFO: Run ReadHtmlCache Behavior [ RunTime:0.001311s ]
INFO: [ app_begin ] --END-- [ RunTime:0.001488s ]
NOTIC: [8] Constant UC_CLIENT_VERSION already defined D:\wwwroot\mainweb\sdk\api\UcApi\Lib\Action\IndexAction.class.php 第 4 行.
NOTIC: [8] Constant UC_CLIENT_RELEASE already defined D:\wwwroot\mainweb\sdk\api\UcApi\Lib\Action\IndexAction.class.php 第 5 行.
NOTIC: [2048] Only variables should be passed by reference D:\wwwroot\mainweb\sdk\api\UcApi\Lib\Action\IndexAction.class.php 第 63 行.
NOTIC: [8] Constant API_RETURN_FAILED already defined D:\wwwroot\mainweb\sdk\uc_client\model\note.php 第 16 行.
SQL: SHOW COLUMNS FROM `sdk_accounts` [ RunTime:0.002040s ]
SQL: SELECT * FROM `sdk_accounts` WHERE ( `account_id` = 158 ) LIMIT 1   [ RunTime:0.000413s ]

[ 2014-01-05T10:26:00+08:00 ] 192.168.192.228 /api/uc.php?time=1388888760&code=40eakBIvult2AMjyvL7K40lEO7RXvzYUihN1MKR9v9H1ZcIX%2FkLUQ35xAwaPhXYA4GunJWfClytoWe774B62iFxuJiLqEhuWMqSZbnVGAIBQ%2BZGtS11yFPraUk4YwYXvH47%2BS3hOmSY3LmWQBGw9OLAX391LWuv66nrEg%2Fdf
INFO: [ app_begin ] --START--
INFO: Run ReadHtmlCache Behavior [ RunTime:0.001242s ]
INFO: [ app_begin ] --END-- [ RunTime:0.001333s ]
NOTIC: [8] Constant UC_CLIENT_VERSION already defined D:\wwwroot\mainweb\sdk\api\UcApi\Lib\Action\IndexAction.class.php 第 4 行.
NOTIC: [8] Constant UC_CLIENT_RELEASE already defined D:\wwwroot\mainweb\sdk\api\UcApi\Lib\Action\IndexAction.class.php 第 5 行.
NOTIC: [2048] Only variables should be passed by reference D:\wwwroot\mainweb\sdk\api\UcApi\Lib\Action\IndexAction.class.php 第 63 行.
NOTIC: [8] Constant API_RETURN_FAILED already defined D:\wwwroot\mainweb\sdk\uc_client\model\note.php 第 16 行.
SQL: SHOW COLUMNS FROM `sdk_accounts` [ RunTime:0.002689s ]
SQL: SELECT * FROM `sdk_accounts` WHERE ( `account_id` = 2226 ) LIMIT 1   [ RunTime:0.009694s ]

[ 2014-01-05T10:33:39+08:00 ] 192.168.201.29 /api/uc.php?time=1388889219&code=c351D5yRcZ%2BdCir7YFyX%2By1uv7EO9BrvCy3xQAbkzU%2F3dMfkUC9J%2FJpuR2OgUsqGazjjx7LmF%2ByQdIU37A
INFO: [ app_begin ] --START--
INFO: Run ReadHtmlCache Behavior [ RunTime:0.001074s ]
INFO: [ app_begin ] --END-- [ RunTime:0.001166s ]
NOTIC: [8] Constant UC_CLIENT_VERSION already defined D:\wwwroot\mainweb\sdk\api\UcApi\Lib\Action\IndexAction.class.php 第 4 行.
NOTIC: [8] Constant UC_CLIENT_RELEASE already defined D:\wwwroot\mainweb\sdk\api\UcApi\Lib\Action\IndexAction.class.php 第 5 行.
NOTIC: [2048] Only variables should be passed by reference D:\wwwroot\mainweb\sdk\api\UcApi\Lib\Action\IndexAction.class.php 第 63 行.

[ 2014-01-05T10:45:41+08:00 ] 192.168.153.141 /api/uc.php?time=1388889941&code=0c25aWQOCeCHQxjt%2Bfos%2FzqNSjFz7V7guD%2FzzXGzmnDrcxXuAszcgT0fnxqVS5K9ZC9jRdxPTdcGU9ZPeGu4uZgf7NGOL5qo0%2BZeJ86yGrh%2FSVggMTpsAT2WYd7ny5qD4fnmS8Y%2BrXCEGqTMVgPIJmfzsPu%2FRD1PsDET
INFO: [ app_begin ] --START--
INFO: Run ReadHtmlCache Behavior [ RunTime:0.001081s ]
INFO: [ app_begin ] --END-- [ RunTime:0.001173s ]
NOTIC: [8] Constant UC_CLIENT_VERSION already defined D:\wwwroot\mainweb\sdk\api\UcApi\Lib\Action\IndexAction.class.php 第 4 行.
NOTIC: [8] Constant UC_CLIENT_RELEASE already defined D:\wwwroot\mainweb\sdk\api\UcApi\Lib\Action\IndexAction.class.php 第 5 行.
NOTIC: [2048] Only variables should be passed by reference D:\wwwroot\mainweb\sdk\api\UcApi\Lib\Action\IndexAction.class.php 第 63 行.
NOTIC: [8] Constant API_RETURN_FAILED already defined D:\wwwroot\mainweb\sdk\uc_client\model\note.php 第 16 行.
SQL: SHOW COLUMNS FROM `sdk_accounts` [ RunTime:0.002279s ]
SQL: SELECT * FROM `sdk_accounts` WHERE ( `account_id` = 798 ) LIMIT 1   [ RunTime:0.000601s ]

[ 2014-01-05T10:57:39+08:00 ] 192.168.131.214 /api/uc.php?time=1388890659&code=7867r8eUzguwsySK8OsnIz1wPES0wCBz8hmCjn2AfHcKcNUBvYDwM%2FsDRRJpvTxDn8f2SInIy9PeakIBKNBu821Kg5gCs1ik9guDIPGTS92gJKPnTjZchRHrwFO7bPZa9K30oJrECbkU5QOAMSdlFE2doCxfTxQ2tS%2BEWGfUOIzy3eUYrC%2BEuZh7gA
INFO: [ app_begin ] --START--
INFO: Run ReadHtmlCache Behavior [ RunTime:0.001040s ]
INFO: [ app_begin ] --END-- [ RunTime:0.001131s ]
NOTIC: [8] Constant UC_CLIENT_VERSION already defined D:\wwwroot\mainweb\sdk\api\UcApi\Lib\Action\IndexAction.class.php 第 4 行.
NOTIC: [8] Constant UC_CLIENT_RELEASE already defined D:\wwwroot\mainweb\sdk\api\UcApi\Lib\Action\IndexAction.class.php 第 5 行.
NOTIC: [2048] Only variables should be passed by reference D:\wwwroot\mainweb\sdk\api\UcApi\Lib\Action\IndexAction.class.php 第 63 行.
NOTIC: [8] Constant API_RETURN_FAILED already defined D:\wwwroot\mainweb\sdk\uc_client\model\note.php 第 16 行.
SQL: SHOW COLUMNS FROM `sdk_accounts` [ RunTime:0.002078s ]
SQL: SELECT * FROM `sdk_accounts` WHERE ( `account_id` = 718 ) LIMIT 1   [ RunTime:0.000218s ]

[ 2014-01-05T11:05:26+08:00 ] 192.168.138.134 /api/uc.php?time=1388891126&code=639cMwec6FFBWWv93w8CWiFNxyBrEtDc%2F546idsRUGA7vZrMn5MJpUoTZGPmGUOR%2FA1aO1SCmzdVnVCOjfoAgE9YKK5CFZ6CkdY87b1li1MwAUtm1aIjsTv2IOax3hPg27tVpkBSAyvGBhdGAFbR3sCzfyHWfGG%2FjVjEdggG
INFO: [ app_begin ] --START--
INFO: Run ReadHtmlCache Behavior [ RunTime:0.001037s ]
INFO: [ app_begin ] --END-- [ RunTime:0.001129s ]
NOTIC: [8] Constant UC_CLIENT_VERSION already defined D:\wwwroot\mainweb\sdk\api\UcApi\Lib\Action\IndexAction.class.php 第 4 行.
NOTIC: [8] Constant UC_CLIENT_RELEASE already defined D:\wwwroot\mainweb\sdk\api\UcApi\Lib\Action\IndexAction.class.php 第 5 行.
NOTIC: [2048] Only variables should be passed by reference D:\wwwroot\mainweb\sdk\api\UcApi\Lib\Action\IndexAction.class.php 第 63 行.
NOTIC: [8] Constant API_RETURN_FAILED already defined D:\wwwroot\mainweb\sdk\uc_client\model\note.php 第 16 行.
SQL: SHOW COLUMNS FROM `sdk_accounts` [ RunTime:0.002005s ]
SQL: SELECT * FROM `sdk_accounts` WHERE ( `account_id` = 1942 ) LIMIT 1   [ RunTime:0.012514s ]

[ 2014-01-05T12:32:05+08:00 ] 183.4.39.34 /api/uc.php?time=1388896324&code=dbc3wuqR2rMYtiax%2FRYOmvIkuB9TNfAgVsM6AF0ozAjn9mNSJtHE%2BMvf7F%2B9qK9zXskNgidBlJiNCYqTv82%2FEUrFTz2sT14xcJ6PH8PkhLMimb0DSuKFl10YWx97M0pH60JD2Z5czuWF7HJSfXMrGgjlvKgRKHsw71%2FHEQnpuAFDJg
INFO: [ app_begin ] --START--
INFO: Run ReadHtmlCache Behavior [ RunTime:0.000699s ]
INFO: [ app_begin ] --END-- [ RunTime:0.000793s ]
NOTIC: [8] Constant UC_CLIENT_VERSION already defined D:\wwwroot\mainweb\sdk\api\UcApi\Lib\Action\IndexAction.class.php 第 4 行.
NOTIC: [8] Constant UC_CLIENT_RELEASE already defined D:\wwwroot\mainweb\sdk\api\UcApi\Lib\Action\IndexAction.class.php 第 5 行.
NOTIC: [2048] Only variables should be passed by reference D:\wwwroot\mainweb\sdk\api\UcApi\Lib\Action\IndexAction.class.php 第 63 行.
NOTIC: [8] Constant API_RETURN_FAILED already defined D:\wwwroot\mainweb\sdk\uc_client\model\note.php 第 16 行.
SQL: SHOW COLUMNS FROM `sdk_accounts` [ RunTime:0.002392s ]
SQL: SELECT * FROM `sdk_accounts` WHERE ( `account_id` = 1913 ) LIMIT 1   [ RunTime:0.000635s ]

[ 2014-01-05T13:02:25+08:00 ] 192.168.152.94 /api/uc.php?time=1388898145&code=baa79N7ynG7ZaDnbVf%2B2y3lrytz7EotkdET3HH1wPcYZd%2B0eF%2FEPDH5vQcoDqEupXUupsxU1%2F304Inyu0UvP6ZpoSAyM7oUl2ZB8eqcmmi0Fza%2BT8ktaFRse8%2FrG%2BtlrDcgQf3JRcmlYls60ntsXQqEFNshOZbfwJVI0PFKqlpLgpg
INFO: [ app_begin ] --START--
INFO: Run ReadHtmlCache Behavior [ RunTime:0.001135s ]
INFO: [ app_begin ] --END-- [ RunTime:0.001226s ]
NOTIC: [8] Constant UC_CLIENT_VERSION already defined D:\wwwroot\mainweb\sdk\api\UcApi\Lib\Action\IndexAction.class.php 第 4 行.
NOTIC: [8] Constant UC_CLIENT_RELEASE already defined D:\wwwroot\mainweb\sdk\api\UcApi\Lib\Action\IndexAction.class.php 第 5 行.
NOTIC: [2048] Only variables should be passed by reference D:\wwwroot\mainweb\sdk\api\UcApi\Lib\Action\IndexAction.class.php 第 63 行.
NOTIC: [8] Constant API_RETURN_FAILED already defined D:\wwwroot\mainweb\sdk\uc_client\model\note.php 第 16 行.
SQL: SHOW COLUMNS FROM `sdk_accounts` [ RunTime:0.002264s ]
SQL: SELECT * FROM `sdk_accounts` WHERE ( `account_id` = 2167 ) LIMIT 1   [ RunTime:0.008690s ]

[ 2014-01-05T13:23:17+08:00 ] 192.168.180.9 /api/uc.php?time=1388899397&code=c270VIpHlhkb1P33x1r0DETZ4FjgyY2UzDkmLMf9h3i8KM07n8z7ot7zDxoBwDJHfR4iusxYslqzguJSO5N%2BlKg228XvYuse7xpkX%2FEJQAnapi%2FV%2BTHL0qt7eZgs%2F%2Bp5WExbCHNzbB86N46OODzMyijSo%2BJub7HopWZ2P4SuPg
INFO: [ app_begin ] --START--
INFO: Run ReadHtmlCache Behavior [ RunTime:0.001166s ]
INFO: [ app_begin ] --END-- [ RunTime:0.001259s ]
NOTIC: [8] Constant UC_CLIENT_VERSION already defined D:\wwwroot\mainweb\sdk\api\UcApi\Lib\Action\IndexAction.class.php 第 4 行.
NOTIC: [8] Constant UC_CLIENT_RELEASE already defined D:\wwwroot\mainweb\sdk\api\UcApi\Lib\Action\IndexAction.class.php 第 5 行.
NOTIC: [2048] Only variables should be passed by reference D:\wwwroot\mainweb\sdk\api\UcApi\Lib\Action\IndexAction.class.php 第 63 行.
NOTIC: [8] Constant API_RETURN_FAILED already defined D:\wwwroot\mainweb\sdk\uc_client\model\note.php 第 16 行.
SQL: SHOW COLUMNS FROM `sdk_accounts` [ RunTime:0.002213s ]
SQL: SELECT * FROM `sdk_accounts` WHERE ( `account_id` = 914 ) LIMIT 1   [ RunTime:0.000599s ]

[ 2014-01-05T13:51:58+08:00 ] 192.168.201.86 /api/uc.php?time=1388901118&code=57665MeM1I74EPfhquaRMW04s%2F9HmDOWE8v%2B9gbOXNrbFAAsKfREYKJ0Nw4I9HVxGVZnu8c7jNjtOFwPBEycqvqmS7hFYQklmUNYX9FM3zPtbDoRpNq94OoCSZluOhfM9lP0FtTbGwtkaN0z2KniBrFmMrlOGn5lLFHykSSVC8piUw
INFO: [ app_begin ] --START--
INFO: Run ReadHtmlCache Behavior [ RunTime:0.001212s ]
INFO: [ app_begin ] --END-- [ RunTime:0.001303s ]
NOTIC: [8] Constant UC_CLIENT_VERSION already defined D:\wwwroot\mainweb\sdk\api\UcApi\Lib\Action\IndexAction.class.php 第 4 行.
NOTIC: [8] Constant UC_CLIENT_RELEASE already defined D:\wwwroot\mainweb\sdk\api\UcApi\Lib\Action\IndexAction.class.php 第 5 行.
NOTIC: [2048] Only variables should be passed by reference D:\wwwroot\mainweb\sdk\api\UcApi\Lib\Action\IndexAction.class.php 第 63 行.
NOTIC: [8] Constant API_RETURN_FAILED already defined D:\wwwroot\mainweb\sdk\uc_client\model\note.php 第 16 行.
SQL: SHOW COLUMNS FROM `sdk_accounts` [ RunTime:0.002452s ]
SQL: SELECT * FROM `sdk_accounts` WHERE ( `account_id` = 2288 ) LIMIT 1   [ RunTime:0.000490s ]

[ 2014-01-05T14:00:03+08:00 ] 192.168.181.72 /api/uc.php?time=1388901603&code=bf446NJYXpOR3RJBqiyCmC7K8GHE9P6a%2Bb6FoN1tQjZ3cM8SQtZLr3yCcJ0NkUXcUjPdCB5IHdUhMKAfqYNxBidNEdsw0l%2BGiIFoUyqeOPnRBMgkuU6%2FFpKIOQxDmH2Vtv6tE71SXHCMtYgU0Bli%2BgqopoGGTMYzw4PicbXA
INFO: [ app_begin ] --START--
INFO: Run ReadHtmlCache Behavior [ RunTime:0.001028s ]
INFO: [ app_begin ] --END-- [ RunTime:0.001116s ]
NOTIC: [8] Constant UC_CLIENT_VERSION already defined D:\wwwroot\mainweb\sdk\api\UcApi\Lib\Action\IndexAction.class.php 第 4 行.
NOTIC: [8] Constant UC_CLIENT_RELEASE already defined D:\wwwroot\mainweb\sdk\api\UcApi\Lib\Action\IndexAction.class.php 第 5 行.
NOTIC: [2048] Only variables should be passed by reference D:\wwwroot\mainweb\sdk\api\UcApi\Lib\Action\IndexAction.class.php 第 63 行.
NOTIC: [8] Constant API_RETURN_FAILED already defined D:\wwwroot\mainweb\sdk\uc_client\model\note.php 第 16 行.
SQL: SHOW COLUMNS FROM `sdk_accounts` [ RunTime:0.002082s ]
SQL: SELECT * FROM `sdk_accounts` WHERE ( `account_id` = 2074 ) LIMIT 1   [ RunTime:0.000556s ]

[ 2014-01-05T14:01:25+08:00 ] 192.168.129.205 /api/uc.php?time=1388901685&code=b1ebzgFmZ3fvrm8xCrvuoCIkrlCEFDnilRLdp%2FFwrrv7vp13jxxkf1SYpF4%2BUiNXQ4HfteNRgL5D4c16IOKqypjVUEjjZfjiTKfPRFKjx8TIWqYhA%2FrrPdVbvuqznQDIDqQKp2FJLOI6JlaqG%2BYZlBz70kSYsAQCmvcDL5g2hkf9CL2VcQ
INFO: [ app_begin ] --START--
INFO: Run ReadHtmlCache Behavior [ RunTime:0.001029s ]
INFO: [ app_begin ] --END-- [ RunTime:0.001120s ]
NOTIC: [8] Constant UC_CLIENT_VERSION already defined D:\wwwroot\mainweb\sdk\api\UcApi\Lib\Action\IndexAction.class.php 第 4 行.
NOTIC: [8] Constant UC_CLIENT_RELEASE already defined D:\wwwroot\mainweb\sdk\api\UcApi\Lib\Action\IndexAction.class.php 第 5 行.
NOTIC: [2048] Only variables should be passed by reference D:\wwwroot\mainweb\sdk\api\UcApi\Lib\Action\IndexAction.class.php 第 63 行.
NOTIC: [8] Constant API_RETURN_FAILED already defined D:\wwwroot\mainweb\sdk\uc_client\model\note.php 第 16 行.
SQL: SHOW COLUMNS FROM `sdk_accounts` [ RunTime:0.002061s ]
SQL: SELECT * FROM `sdk_accounts` WHERE ( `account_id` = 1892 ) LIMIT 1   [ RunTime:0.000516s ]

[ 2014-01-05T14:08:00+08:00 ] 174.139.31.37 /api/uc.php?time=1388902079&code=bca1radb8f73fUea%2BPX88cvjAqZ6RlTXtfyvxw0hJjTgQqhH43wH%2BsIaaisPMT9ilgdqsbiZAXpTx3up%2BhZE%2B%2B0WUt0mH9fCoItI0GNEjyuep9CoXs%2BBzlNa%2BtcqwyroFttkfDkNdrBOz62Ha%2FVgXkgMkiSkRhaNtEUjJj0273Y
INFO: [ app_begin ] --START--
INFO: Run ReadHtmlCache Behavior [ RunTime:0.001031s ]
INFO: [ app_begin ] --END-- [ RunTime:0.001124s ]
NOTIC: [8] Constant UC_CLIENT_VERSION already defined D:\wwwroot\mainweb\sdk\api\UcApi\Lib\Action\IndexAction.class.php 第 4 行.
NOTIC: [8] Constant UC_CLIENT_RELEASE already defined D:\wwwroot\mainweb\sdk\api\UcApi\Lib\Action\IndexAction.class.php 第 5 行.
NOTIC: [2048] Only variables should be passed by reference D:\wwwroot\mainweb\sdk\api\UcApi\Lib\Action\IndexAction.class.php 第 63 行.
NOTIC: [8] Constant API_RETURN_FAILED already defined D:\wwwroot\mainweb\sdk\uc_client\model\note.php 第 16 行.
SQL: SHOW COLUMNS FROM `sdk_accounts` [ RunTime:0.002305s ]
SQL: SELECT * FROM `sdk_accounts` WHERE ( `account_id` = 387 ) LIMIT 1   [ RunTime:0.000579s ]

[ 2014-01-05T19:01:23+08:00 ] 192.168.203.106 /api/uc.php?time=1388919683&code=80bdtPS6TIvaRzCsKiJhbOXO2OKPRXlmc0VF4%2FGBWAV34uMNAwgVDoWK8h71I0iJ38OR4Cx0ZRSLkgz%2B6Q2kQu1EitVpC7txDq7ftsr%2Fj9oG658eLCtcal5OunPmbzNhpGcyvLZiO3bYRYC4YNP%2BEB1L3sOxY1Cc%2BHd7Cg
INFO: [ app_begin ] --START--
INFO: Run ReadHtmlCache Behavior [ RunTime:0.001080s ]
INFO: [ app_begin ] --END-- [ RunTime:0.001170s ]
NOTIC: [8] Constant UC_CLIENT_VERSION already defined D:\wwwroot\mainweb\sdk\api\UcApi\Lib\Action\IndexAction.class.php 第 4 行.
NOTIC: [8] Constant UC_CLIENT_RELEASE already defined D:\wwwroot\mainweb\sdk\api\UcApi\Lib\Action\IndexAction.class.php 第 5 行.
NOTIC: [2048] Only variables should be passed by reference D:\wwwroot\mainweb\sdk\api\UcApi\Lib\Action\IndexAction.class.php 第 63 行.
NOTIC: [8] Constant API_RETURN_FAILED already defined D:\wwwroot\mainweb\sdk\uc_client\model\note.php 第 16 行.
SQL: SHOW COLUMNS FROM `sdk_accounts` [ RunTime:0.002249s ]
SQL: SELECT * FROM `sdk_accounts` WHERE ( `account_id` = 1520 ) LIMIT 1   [ RunTime:0.000579s ]

[ 2014-01-05T19:03:19+08:00 ] 192.168.136.130 /api/uc.php?time=1388919799&code=ec6cz11Yjc4BG25JLWJQu5VORrryaur0LhiUNA4F1Mdf4TwIDqLti4%2BZXpgWv6lo2MLFfbcMcDtA88wtAW5yOXaHsywjHZrHuXDBYFncVOPDAo3SvRujIAl%2FxVGeVhfPikKKqAuZSEmx%2B%2FFZGTJ%2FdOwQWbdArE%2BjKBHs2rwl9WcssQ
INFO: [ app_begin ] --START--
INFO: Run ReadHtmlCache Behavior [ RunTime:0.001161s ]
INFO: [ app_begin ] --END-- [ RunTime:0.001251s ]
NOTIC: [8] Constant UC_CLIENT_VERSION already defined D:\wwwroot\mainweb\sdk\api\UcApi\Lib\Action\IndexAction.class.php 第 4 行.
NOTIC: [8] Constant UC_CLIENT_RELEASE already defined D:\wwwroot\mainweb\sdk\api\UcApi\Lib\Action\IndexAction.class.php 第 5 行.
NOTIC: [2048] Only variables should be passed by reference D:\wwwroot\mainweb\sdk\api\UcApi\Lib\Action\IndexAction.class.php 第 63 行.
NOTIC: [8] Constant API_RETURN_FAILED already defined D:\wwwroot\mainweb\sdk\uc_client\model\note.php 第 16 行.
SQL: SHOW COLUMNS FROM `sdk_accounts` [ RunTime:0.002224s ]
SQL: SELECT * FROM `sdk_accounts` WHERE ( `account_id` = 2318 ) LIMIT 1   [ RunTime:0.000511s ]

[ 2014-01-05T19:16:29+08:00 ] 192.168.157.137 /api/uc.php?time=1388920589&code=bb59qqBibDGybIP%2FC8%2FkdMFE4c1wztITydg2H7tT4PSZssa1il6WNMWPBx7XhkyjFwNnM3mX%2FIC99Ug8GwKd9kZ7%2Bobis7JPnYTNB4P5fse12c0Au4Fek8F0rZ0eK3OY8E5I3SxLe9SOielTb123EnWzXD0QZ4ChLtV3yx2Kng
INFO: [ app_begin ] --START--
INFO: Run ReadHtmlCache Behavior [ RunTime:0.001093s ]
INFO: [ app_begin ] --END-- [ RunTime:0.001184s ]
NOTIC: [8] Constant UC_CLIENT_VERSION already defined D:\wwwroot\mainweb\sdk\api\UcApi\Lib\Action\IndexAction.class.php 第 4 行.
NOTIC: [8] Constant UC_CLIENT_RELEASE already defined D:\wwwroot\mainweb\sdk\api\UcApi\Lib\Action\IndexAction.class.php 第 5 行.
NOTIC: [2048] Only variables should be passed by reference D:\wwwroot\mainweb\sdk\api\UcApi\Lib\Action\IndexAction.class.php 第 63 行.
NOTIC: [8] Constant API_RETURN_FAILED already defined D:\wwwroot\mainweb\sdk\uc_client\model\note.php 第 16 行.
SQL: SHOW COLUMNS FROM `sdk_accounts` [ RunTime:0.002283s ]
SQL: SELECT * FROM `sdk_accounts` WHERE ( `account_id` = 1834 ) LIMIT 1   [ RunTime:0.036680s ]

[ 2014-01-05T19:49:37+08:00 ] 192.168.203.136 /api/uc.php?time=1388922576&code=cdf6HZW67Y73mcVUaq4fmoAM3%2FWyb9yfFHcUVXF6TBq2NwEsOhZg9BFtkHGCsSgAwEvkL1qzzMKaQZxKJC2AuSYv93ely1DKIroqWBY3fYPpshEuIYIli2EZ%2BKBx%2BWeVjN5Dc%2BCk1SfajW%2FcGVgh8tsMSOn%2F%2Fh6eQtfdLxsM
INFO: [ app_begin ] --START--
INFO: Run ReadHtmlCache Behavior [ RunTime:0.001076s ]
INFO: [ app_begin ] --END-- [ RunTime:0.001168s ]
NOTIC: [8] Constant UC_CLIENT_VERSION already defined D:\wwwroot\mainweb\sdk\api\UcApi\Lib\Action\IndexAction.class.php 第 4 行.
NOTIC: [8] Constant UC_CLIENT_RELEASE already defined D:\wwwroot\mainweb\sdk\api\UcApi\Lib\Action\IndexAction.class.php 第 5 行.
NOTIC: [2048] Only variables should be passed by reference D:\wwwroot\mainweb\sdk\api\UcApi\Lib\Action\IndexAction.class.php 第 63 行.
NOTIC: [8] Constant API_RETURN_FAILED already defined D:\wwwroot\mainweb\sdk\uc_client\model\note.php 第 16 行.
SQL: SHOW COLUMNS FROM `sdk_accounts` [ RunTime:0.002155s ]
SQL: SELECT * FROM `sdk_accounts` WHERE ( `account_id` = 643 ) LIMIT 1   [ RunTime:0.000295s ]

[ 2014-01-05T20:27:23+08:00 ] 192.168.158.166 /api/uc.php?time=1388924843&code=c748B5mw1QaOSuaZvHNW7xXE06fKUtEp4e9nS1UqvxzBLVH31oWvrUYCpanqvFalt2xdV7%2FbMOI6eMXF1XzoEyKUX4Y07fVJKyFXzchhpuuXo7D6a6hLxBUFKm%2F86GZz5u7HndqhZNKSyAp4LxPbfx7DEvBr%2BXam01FXILUJ8auy0g
INFO: [ app_begin ] --START--
INFO: Run ReadHtmlCache Behavior [ RunTime:0.001041s ]
INFO: [ app_begin ] --END-- [ RunTime:0.001132s ]
NOTIC: [8] Constant UC_CLIENT_VERSION already defined D:\wwwroot\mainweb\sdk\api\UcApi\Lib\Action\IndexAction.class.php 第 4 行.
NOTIC: [8] Constant UC_CLIENT_RELEASE already defined D:\wwwroot\mainweb\sdk\api\UcApi\Lib\Action\IndexAction.class.php 第 5 行.
NOTIC: [2048] Only variables should be passed by reference D:\wwwroot\mainweb\sdk\api\UcApi\Lib\Action\IndexAction.class.php 第 63 行.
NOTIC: [8] Constant API_RETURN_FAILED already defined D:\wwwroot\mainweb\sdk\uc_client\model\note.php 第 16 行.
SQL: SHOW COLUMNS FROM `sdk_accounts` [ RunTime:0.002238s ]
SQL: SELECT * FROM `sdk_accounts` WHERE ( `account_id` = 2171 ) LIMIT 1   [ RunTime:0.000491s ]

[ 2014-01-05T23:15:05+08:00 ] 192.168.202.235 /api/uc.php?time=1388934905&code=4e46iPcqtY0nwwU5lXBBeAFeFOfOPL9MQwCsWse35m1l1ozhUvWOLXnDVkkQDtD3imGkEqSaHSwIRUjS4EQuqWZByU4boY0EG5TlZbavQWqcxsb8F5SJ8sckv0YiM9xEYkaVi16OP%2Bn2wf5SYIg7s3djr%2FqZK4uuCCM1M0aWQLau
INFO: [ app_begin ] --START--
INFO: Run ReadHtmlCache Behavior [ RunTime:0.001072s ]
INFO: [ app_begin ] --END-- [ RunTime:0.001162s ]
NOTIC: [8] Constant UC_CLIENT_VERSION already defined D:\wwwroot\mainweb\sdk\api\UcApi\Lib\Action\IndexAction.class.php 第 4 行.
NOTIC: [8] Constant UC_CLIENT_RELEASE already defined D:\wwwroot\mainweb\sdk\api\UcApi\Lib\Action\IndexAction.class.php 第 5 行.
NOTIC: [2048] Only variables should be passed by reference D:\wwwroot\mainweb\sdk\api\UcApi\Lib\Action\IndexAction.class.php 第 63 行.
NOTIC: [8] Constant API_RETURN_FAILED already defined D:\wwwroot\mainweb\sdk\uc_client\model\note.php 第 16 行.
SQL: SHOW COLUMNS FROM `sdk_accounts` [ RunTime:0.002206s ]
SQL: SELECT * FROM `sdk_accounts` WHERE ( `account_id` = 1317 ) LIMIT 1   [ RunTime:0.000555s ]

[ 2014-01-05T23:37:56+08:00 ] 192.168.194.57 /api/uc.php?time=1388936275&code=2f56dJ13xcdLT56OV9sgmri30tTdmj5glUFm1SzZ6lwGepnsyIlsnpQX%2B68JqpSMTbOGYJWo%2Fwo69RXOiLaRlHM2HVnx78T1KNRVoIshrUrvMnHYdJj%2B2sYr81b%2F%2FfM%2Fnf2Sv205GX5%2FJvtEyqOnjQTdtVhGWx1Wza9w
INFO: [ app_begin ] --START--
INFO: Run ReadHtmlCache Behavior [ RunTime:0.001066s ]
INFO: [ app_begin ] --END-- [ RunTime:0.001159s ]
NOTIC: [8] Constant UC_CLIENT_VERSION already defined D:\wwwroot\mainweb\sdk\api\UcApi\Lib\Action\IndexAction.class.php 第 4 行.
NOTIC: [8] Constant UC_CLIENT_RELEASE already defined D:\wwwroot\mainweb\sdk\api\UcApi\Lib\Action\IndexAction.class.php 第 5 行.
NOTIC: [2048] Only variables should be passed by reference D:\wwwroot\mainweb\sdk\api\UcApi\Lib\Action\IndexAction.class.php 第 63 行.
NOTIC: [8] Constant API_RETURN_FAILED already defined D:\wwwroot\mainweb\sdk\uc_client\model\note.php 第 16 行.
SQL: SHOW COLUMNS FROM `sdk_accounts` [ RunTime:0.002045s ]
SQL: SELECT * FROM `sdk_accounts` WHERE ( `account_id` = 932 ) LIMIT 1   [ RunTime:0.000519s ]

