[ 2014-01-18T14:03:43+08:00 ] 192.168.201.29 /api/uc.php?time=1390025023&code=214e%2BaSBwXu0dAzUdlrS%2F0z7ksfNLo6BLc432M3QP91aoCUBohITVVqDpT%2FBfNTaPBbBF2g%2BTVtWRMgc2hTuaoY2NfISc2ed4PBBYb6VWgjDCxVoNUfTkkdkyqwusWV7AJcJZEP%2Fu4FMGBE70iLzL6wf6%2BJwUlsi3aP1n9yEGw
INFO: [ app_begin ] --START--
INFO: Run ReadHtmlCache Behavior [ RunTime:0.001127s ]
INFO: [ app_begin ] --END-- [ RunTime:0.001255s ]
NOTIC: [8] Constant UC_CLIENT_VERSION already defined D:\wwwroot\mainweb\sdk\api\UcApi\Lib\Action\IndexAction.class.php 第 4 行.
NOTIC: [8] Constant UC_CLIENT_RELEASE already defined D:\wwwroot\mainweb\sdk\api\UcApi\Lib\Action\IndexAction.class.php 第 5 行.
NOTIC: [2048] Only variables should be passed by reference D:\wwwroot\mainweb\sdk\api\UcApi\Lib\Action\IndexAction.class.php 第 63 行.
NOTIC: [8] Constant API_RETURN_FAILED already defined D:\wwwroot\mainweb\sdk\uc_client\model\note.php 第 16 行.
SQL: SHOW COLUMNS FROM `sdk_accounts` [ RunTime:0.002401s ]
SQL: SELECT * FROM `sdk_accounts` WHERE ( `account_id` = 1403 ) LIMIT 1   [ RunTime:0.019581s ]

[ 2014-01-18T16:09:40+08:00 ] 192.168.205.137 /api/uc.php?time=1390032580&code=abc2whGXhhB7D5ZWN8BOTigSOxKyR4a3mh%2B7dj3x77N9xQ0vIaBYjaUKOt0PYTMgQdK%2Ft5K53WW6C7rfEYWtVoA3pWqLjwsmaM8wMhk7PicBP7HvlHbwx9w8yEsDqmmbMjE6P91YTe%2BN5ksmCPC8A1dTuhsANseIPXgLR3WG
INFO: [ app_begin ] --START--
INFO: Run ReadHtmlCache Behavior [ RunTime:0.001102s ]
INFO: [ app_begin ] --END-- [ RunTime:0.001192s ]
NOTIC: [8] Constant UC_CLIENT_VERSION already defined D:\wwwroot\mainweb\sdk\api\UcApi\Lib\Action\IndexAction.class.php 第 4 行.
NOTIC: [8] Constant UC_CLIENT_RELEASE already defined D:\wwwroot\mainweb\sdk\api\UcApi\Lib\Action\IndexAction.class.php 第 5 行.
NOTIC: [2048] Only variables should be passed by reference D:\wwwroot\mainweb\sdk\api\UcApi\Lib\Action\IndexAction.class.php 第 63 行.
NOTIC: [8] Constant API_RETURN_FAILED already defined D:\wwwroot\mainweb\sdk\uc_client\model\note.php 第 16 行.
SQL: SHOW COLUMNS FROM `sdk_accounts` [ RunTime:0.002309s ]
SQL: SELECT * FROM `sdk_accounts` WHERE ( `account_id` = 487 ) LIMIT 1   [ RunTime:0.000431s ]

