[ 2014-01-14T09:47:03+08:00 ] 192.168.202.137 /api/uc.php?time=1389664023&code=b801WmTSyXgQL6eMvgq9rgUnfDqLOvdrwnoWHd%2FO1uInHPphM5xv%2FwsAr5HNCZZo3DenGE798d7%2BZMVSamH4SirILignxag8Wnlpt4wfg2XvvNNsdY99Z2AmMAwlhRld1z%2FmmDXjgVvXXeFftcx3zeVIcouW%2FEBItvz11h5UC%2BR2HjFXj03D
INFO: [ app_begin ] --START--
INFO: Run ReadHtmlCache Behavior [ RunTime:0.001039s ]
INFO: [ app_begin ] --END-- [ RunTime:0.001132s ]
NOTIC: [8] Constant UC_CLIENT_VERSION already defined D:\wwwroot\mainweb\sdk\api\UcApi\Lib\Action\IndexAction.class.php 第 4 行.
NOTIC: [8] Constant UC_CLIENT_RELEASE already defined D:\wwwroot\mainweb\sdk\api\UcApi\Lib\Action\IndexAction.class.php 第 5 行.
NOTIC: [2048] Only variables should be passed by reference D:\wwwroot\mainweb\sdk\api\UcApi\Lib\Action\IndexAction.class.php 第 63 行.
NOTIC: [8] Constant API_RETURN_FAILED already defined D:\wwwroot\mainweb\sdk\uc_client\model\note.php 第 16 行.
SQL: SHOW COLUMNS FROM `sdk_accounts` [ RunTime:0.002520s ]
SQL: SELECT * FROM `sdk_accounts` WHERE ( `account_id` = 1746 ) LIMIT 1   [ RunTime:0.000632s ]

[ 2014-01-14T11:29:42+08:00 ] 192.168.138.134 /api/uc.php?time=1389670182&code=6bba%2BjLNgMSLzeXi1V8yA%2BJH8tZqoK5S2QAYMYlODMxBYVF2tlbXApmLHkXvGWHnZ4R57D7ooJs%2FC4U1HJRwuY6QyWlcXuDr%2BoXnrTtxEnqHERREwBaw%2BFr8vjhfs3AIdOhDv9WmT%2FrpMe3ORSv3zijOEJh9V93WKghVIqRP
INFO: [ app_begin ] --START--
INFO: Run ReadHtmlCache Behavior [ RunTime:0.001419s ]
INFO: [ app_begin ] --END-- [ RunTime:0.001524s ]
NOTIC: [8] Constant UC_CLIENT_VERSION already defined D:\wwwroot\mainweb\sdk\api\UcApi\Lib\Action\IndexAction.class.php 第 4 行.
NOTIC: [8] Constant UC_CLIENT_RELEASE already defined D:\wwwroot\mainweb\sdk\api\UcApi\Lib\Action\IndexAction.class.php 第 5 行.
NOTIC: [2048] Only variables should be passed by reference D:\wwwroot\mainweb\sdk\api\UcApi\Lib\Action\IndexAction.class.php 第 63 行.
NOTIC: [8] Constant API_RETURN_FAILED already defined D:\wwwroot\mainweb\sdk\uc_client\model\note.php 第 16 行.
SQL: SHOW COLUMNS FROM `sdk_accounts` [ RunTime:0.002385s ]
SQL: SELECT * FROM `sdk_accounts` WHERE ( `account_id` = 1942 ) LIMIT 1   [ RunTime:0.000441s ]

[ 2014-01-14T11:32:06+08:00 ] 113.107.234.109 /api/uc.php?time=1389670325&code=766bqzCyMEMiBS5t%2BPzL9UhZIt%2Fqdso7TKIHTsPP7yc3hK4Py7wJao93NRdq8IvkjAhwPwX4e52Mvf8Cqp63KsTwkjTGY7WBKbJ0QWE%2BvF8gowWYbxF4nezKuh16SU2VgXIaPMoOUnVkf09u7GwF58edg3xrVq3GfHJo1dM
INFO: [ app_begin ] --START--
INFO: Run ReadHtmlCache Behavior [ RunTime:0.001037s ]
INFO: [ app_begin ] --END-- [ RunTime:0.001129s ]
NOTIC: [8] Constant UC_CLIENT_VERSION already defined D:\wwwroot\mainweb\sdk\api\UcApi\Lib\Action\IndexAction.class.php 第 4 行.
NOTIC: [8] Constant UC_CLIENT_RELEASE already defined D:\wwwroot\mainweb\sdk\api\UcApi\Lib\Action\IndexAction.class.php 第 5 行.
NOTIC: [2048] Only variables should be passed by reference D:\wwwroot\mainweb\sdk\api\UcApi\Lib\Action\IndexAction.class.php 第 63 行.
NOTIC: [8] Constant API_RETURN_FAILED already defined D:\wwwroot\mainweb\sdk\uc_client\model\note.php 第 16 行.
SQL: SHOW COLUMNS FROM `sdk_accounts` [ RunTime:0.002214s ]
SQL: SELECT * FROM `sdk_accounts` WHERE ( `account_id` = 7 ) LIMIT 1   [ RunTime:0.000520s ]

[ 2014-01-14T11:47:19+08:00 ] 192.168.181.203 /api/uc.php?time=1389671239&code=c25avaFLfQbHz8MsE4JipFrcMZygoz6B%2Bck37xx6ew7uXhxwkw4FqyIS0aHKrPS4%2FdW8UgPzvqC7LNDUioCtpDiEDuxlqktv9VR86q3B3J%2F6gRKl6OBwMwQ78wALXDwz%2Bkq9S2MHojOg66Ko3vpoemG3RRp02SKqGyhQntl0VNo
INFO: [ app_begin ] --START--
INFO: Run ReadHtmlCache Behavior [ RunTime:0.001147s ]
INFO: [ app_begin ] --END-- [ RunTime:0.001278s ]
NOTIC: [8] Constant UC_CLIENT_VERSION already defined D:\wwwroot\mainweb\sdk\api\UcApi\Lib\Action\IndexAction.class.php 第 4 行.
NOTIC: [8] Constant UC_CLIENT_RELEASE already defined D:\wwwroot\mainweb\sdk\api\UcApi\Lib\Action\IndexAction.class.php 第 5 行.
NOTIC: [2048] Only variables should be passed by reference D:\wwwroot\mainweb\sdk\api\UcApi\Lib\Action\IndexAction.class.php 第 63 行.
NOTIC: [8] Constant API_RETURN_FAILED already defined D:\wwwroot\mainweb\sdk\uc_client\model\note.php 第 16 行.
SQL: SHOW COLUMNS FROM `sdk_accounts` [ RunTime:0.002386s ]
SQL: SELECT * FROM `sdk_accounts` WHERE ( `account_id` = 1529 ) LIMIT 1   [ RunTime:0.000618s ]

